TN:
SF:/usr/include/c++/9/bits/stl_iterator.h
DA:806,1896
DA:811,0
DA:815,0
DA:819,0
DA:827,0
DA:829,0
DA:830,0
DA:859,0
DA:860,0
DA:871,0
DA:893,0
DA:896,0
DA:907,0
DA:910,0
DA:989,0
DA:992,0
DA:1010,0
DA:1012,0
end_of_record
SF:/usr/include/c++/9/bits/ptr_traits.h
DA:146,12340
DA:147,12340
end_of_record
SF:/usr/include/c++/9/bits/basic_string.tcc
FN:206,_ZNSt7__cxx1112basic_stringIcSt11char_traitsIcESaIcEE12_M_constructIPcEEvT_S7_St20forward_iterator_tag
FNDA:3380,_ZNSt7__cxx1112basic_stringIcSt11char_traitsIcESaIcEE12_M_constructIPcEEvT_S7_St20forward_iterator_tag
FN:206,_ZNSt7__cxx1112basic_stringIcSt11char_traitsIcESaIcEE12_M_constructIPKcEEvT_S8_St20forward_iterator_tag
FNDA:0,_ZNSt7__cxx1112basic_stringIcSt11char_traitsIcESaIcEE12_M_constructIPKcEEvT_S8_St20forward_iterator_tag
FN:1158,_ZStplIcSt11char_traitsIcESaIcEENSt7__cxx1112basic_stringIT_T0_T1_EEPKS5_RKS8_
FNDA:0,_ZStplIcSt11char_traitsIcESaIcEENSt7__cxx1112basic_stringIT_T0_T1_EEPKS5_RKS8_
DA:206,3380
DA:211,3380
DA:212,0
DA:215,3380
DA:217,3380
DA:219,0
DA:220,0
DA:225,3380
DA:232,3380
DA:233,3380
DA:206,0
DA:211,0
DA:212,0
DA:215,0
DA:217,0
DA:219,0
DA:220,0
DA:225,0
DA:232,0
DA:233,0
DA:1158,0
DA:1164,0
DA:1165,0
DA:1166,0
DA:1167,0
DA:1168,0
DA:1169,0
end_of_record
SF:/workspace/vtr-verilog-to-routing/libs/librtlnumber/src/include/rtl_utils.hpp
FN:47,_Z12_assert_WerrbPKciNSt7__cxx1112basic_stringIcSt11char_traitsIcESaIcEEE
FNDA:0,_Z12_assert_WerrbPKciNSt7__cxx1112basic_stringIcSt11char_traitsIcESaIcEEE
DA:47,0
DA:48,0
DA:49,0
DA:50,0
DA:51,0
DA:52,0
DA:54,0
end_of_record
SF:/usr/include/c++/9/bits/stl_construct.h
DA:74,0
DA:75,0
DA:117,3792
DA:127,3792
DA:137,3792
DA:203,0
DA:206,3792
end_of_record
SF:/usr/include/c++/9/ext/type_traits.h
DA:152,3380
end_of_record
SF:/usr/include/c++/9/iostream
end_of_record
SF:/usr/include/c++/9/bits/stl_algobase.h
DA:198,0
DA:222,0
DA:227,0
DA:228,0
DA:280,0
DA:289,0
DA:290,0
DA:295,0
DA:375,0
DA:384,0
DA:385,0
DA:386,0
DA:387,0
DA:393,0
DA:398,0
DA:404,0
DA:438,0
DA:440,0
DA:465,0
DA:474,0
end_of_record
SF:/usr/include/c++/9/bits/stl_vector.h
FN:1753,_ZNKSt6vectorIN8BitSpace9BitFieldsItEESaIS2_EE12_M_check_lenEmPKc
FNDA:0,_ZNKSt6vectorIN8BitSpace9BitFieldsItEESaIS2_EE12_M_check_lenEmPKc
DA:94,1896
DA:95,1896
DA:106,1896
DA:108,1896
DA:109,1896
DA:110,1896
DA:114,1896
DA:118,1896
DA:119,1896
DA:120,1896
DA:121,1896
DA:125,3792
DA:128,1896
DA:130,1896
DA:133,1896
DA:134,1896
DA:273,0
DA:274,0
DA:277,1896
DA:278,1896
DA:281,1896
DA:282,1896
DA:285,1896
DA:290,1896
DA:291,1896
DA:330,3792
DA:332,5688
DA:333,3792
DA:334,3792
DA:347,3792
DA:350,0
DA:351,3792
DA:453,0
DA:462,0
DA:466,0
DA:484,1896
DA:494,1896
DA:495,1896
DA:675,3792
DA:677,3792
DA:678,3792
DA:680,5688
DA:706,1896
DA:708,1896
DA:711,1896
DA:808,0
DA:809,0
DA:817,0
DA:818,0
DA:826,1896
DA:827,1896
DA:835,0
DA:836,0
DA:915,0
DA:916,0
DA:920,0
DA:921,0
DA:995,0
DA:997,0
DA:1040,0
DA:1043,0
DA:1200,1896
DA:1201,1896
DA:1505,0
DA:1508,0
DA:1511,0
DA:1512,0
DA:1753,0
DA:1755,0
DA:1756,0
DA:1758,0
DA:1759,0
DA:1773,0
DA:1780,0
DA:1781,0
DA:1812,1896
DA:1814,1896
DA:1815,1896
DA:1816,1896
DA:1817,1896
end_of_record
SF:/usr/include/c++/9/bits/stl_algo.h
FN:112,_ZSt9__find_ifIN9__gnu_cxx17__normal_iteratorIPcNSt7__cxx1112basic_stringIcSt11char_traitsIcESaIcEEEEENS0_5__ops16_Iter_equals_valIKcEEET_SE_SE_T0_St26random_access_iterator_tag
FNDA:0,_ZSt9__find_ifIN9__gnu_cxx17__normal_iteratorIPcNSt7__cxx1112basic_stringIcSt11char_traitsIcESaIcEEEEENS0_5__ops16_Iter_equals_valIKcEEET_SE_SE_T0_St26random_access_iterator_tag
FN:860,_ZSt11__remove_ifIN9__gnu_cxx17__normal_iteratorIPcNSt7__cxx1112basic_stringIcSt11char_traitsIcESaIcEEEEENS0_5__ops16_Iter_equals_valIKcEEET_SE_SE_T0_
FNDA:0,_ZSt11__remove_ifIN9__gnu_cxx17__normal_iteratorIPcNSt7__cxx1112basic_stringIcSt11char_traitsIcESaIcEEEEENS0_5__ops16_Iter_equals_valIKcEEET_SE_SE_T0_
DA:112,0
DA:116,0
DA:118,0
DA:120,0
DA:121,0
DA:122,0
DA:124,0
DA:125,0
DA:126,0
DA:128,0
DA:129,0
DA:130,0
DA:132,0
DA:133,0
DA:134,0
DA:137,0
DA:139,0
DA:140,0
DA:141,0
DA:142,0
DA:143,0
DA:144,0
DA:145,0
DA:146,0
DA:147,0
DA:148,0
DA:149,0
DA:150,0
DA:151,0
DA:153,0
DA:159,0
DA:161,0
DA:860,0
DA:863,0
DA:864,0
DA:865,0
DA:866,0
DA:867,0
DA:868,0
DA:869,0
DA:871,0
DA:872,0
DA:874,0
DA:896,0
DA:906,0
end_of_record
SF:/workspace/vtr-verilog-to-routing/ODIN_II/SRC/ast_loop_unroll.cpp
FN:19,_Z15unroll_for_loopP10ast_node_tS0_PiP12sc_hierarchyb
FNDA:212,_Z15unroll_for_loopP10ast_node_tS0_PiP12sc_hierarchyb
FN:120,_Z11resolve_forP10ast_node_t
FNDA:212,_Z11resolve_forP10ast_node_t
FN:175,_Z21resolve_pre_conditionP10ast_node_tPS0_
FNDA:212,_Z21resolve_pre_conditionP10ast_node_tPS0_
FN:196,_Z24is_unsupported_conditionP10ast_node_tS0_
FNDA:272,_Z24is_unsupported_conditionP10ast_node_tS0_
FN:212,_Z17resolve_conditionP10ast_node_tS0_Pi
FNDA:242,_Z17resolve_conditionP10ast_node_tS0_Pi
FN:239,_ZZ17resolve_conditionP10ast_node_tS0_PiENKUllE_clEl
FNDA:18,_ZZ17resolve_conditionP10ast_node_tS0_PiENKUllE_clEl
FN:249,_ZZ17resolve_conditionP10ast_node_tS0_PiENKUllE0_clEl
FNDA:48,_ZZ17resolve_conditionP10ast_node_tS0_PiENKUllE0_clEl
FN:256,_ZZ17resolve_conditionP10ast_node_tS0_PiENKUllE1_clEl
FNDA:18,_ZZ17resolve_conditionP10ast_node_tS0_PiENKUllE1_clEl
FN:264,_ZZ17resolve_conditionP10ast_node_tS0_PiENKUllE2_clEl.isra.0
FNDA:2162,_ZZ17resolve_conditionP10ast_node_tS0_PiENKUllE2_clEl.isra.0
FN:289,_Z19is_unsupported_postP10ast_node_tS0_
FNDA:392,_Z19is_unsupported_postP10ast_node_tS0_
FN:293,_Z24resolve_binary_operationP10ast_node_t
FNDA:0,_Z24resolve_binary_operationP10ast_node_t
FN:307,_ZZ24resolve_binary_operationP10ast_node_tENKUllE1_clEl.isra.0
FNDA:2280,_ZZ24resolve_binary_operationP10ast_node_tENKUllE1_clEl.isra.0
FN:332,_Z22resolve_post_conditionP10ast_node_tS0_Pi
FNDA:212,_Z22resolve_post_conditionP10ast_node_tS0_Pi
FN:358,_Z17dup_and_fill_bodyP10ast_node_tS0_PS0_Pi
FNDA:61294,_Z17dup_and_fill_bodyP10ast_node_tS0_PS0_Pi
DA:19,212
DA:20,212
DA:22,212
DA:23,212
DA:25,212
DA:28,212
DA:29,212
DA:30,212
DA:31,212
DA:33,2108
DA:34,1896
DA:35,1896
DA:36,1896
DA:39,1896
DA:40,1116
DA:44,1116
DA:45,1116
DA:47,1116
DA:48,1116
DA:50,1116
DA:51,748
DA:52,748
DA:53,748
DA:56,1496
DA:57,748
DA:58,748
DA:59,748
DA:61,748
DA:62,748
DA:65,368
DA:66,736
DA:67,368
DA:68,368
DA:69,368
DA:73,1116
DA:74,1116
DA:75,780
DA:77,0
DA:78,0
DA:80,0
DA:81,0
DA:83,0
DA:84,0
DA:85,0
DA:88,0
DA:89,0
DA:90,0
DA:91,0
DA:93,0
DA:94,0
DA:97,0
DA:98,0
DA:102,212
DA:103,212
DA:105,212
DA:109,212
DA:110,86
DA:113,212
DA:114,212
DA:120,212
DA:121,424
DA:122,212
DA:123,212
DA:125,212
DA:126,212
DA:127,212
DA:128,212
DA:130,212
DA:131,212
DA:132,0
DA:135,212
DA:136,212
DA:137,212
DA:138,0
DA:141,424
DA:142,212
DA:143,0
DA:146,424
DA:147,2108
DA:148,1896
DA:149,1896
DA:150,0
DA:153,1896
DA:154,3792
DA:155,3792
DA:157,1896
DA:159,3792
DA:162,212
DA:163,424
DA:175,212
DA:183,212
DA:186,212
DA:187,212
DA:188,212
DA:196,272
DA:197,272
DA:199,272
DA:201,272
DA:203,272
DA:205,272
DA:212,242
DA:222,242
DA:223,0
DA:224,0
DA:226,242
DA:228,484
DA:229,242
DA:230,242
DA:231,242
DA:232,6
DA:233,6
DA:234,6
DA:235,0
DA:236,6
DA:237,6
DA:238,0
DA:239,24
DA:240,48
DA:241,6
DA:242,6
DA:243,6
DA:244,6
DA:245,0
DA:246,6
DA:247,6
DA:248,0
DA:249,54
DA:250,138
DA:251,6
DA:252,6
DA:253,6
DA:254,6
DA:255,242
DA:256,6
DA:257,18
DA:258,18
DA:259,12
DA:260,224
DA:261,224
DA:264,2162
DA:265,2162
DA:266,2092
DA:267,2092
DA:268,60
DA:269,60
DA:270,0
DA:271,0
DA:272,0
DA:273,0
DA:274,10
DA:275,10
DA:276,0
DA:277,0
DA:281,224
DA:289,392
DA:290,392
DA:293,4772
DA:294,0
DA:295,3984
DA:300,1992
DA:301,1992
DA:302,2780
DA:303,4368
DA:304,2184
DA:305,2184
DA:307,2876
DA:308,4560
DA:309,4560
DA:310,2280
DA:311,2088
DA:312,6264
DA:313,96
DA:314,288
DA:315,96
DA:316,288
DA:317,0
DA:318,0
DA:322,596
DA:332,212
DA:344,212
DA:346,212
DA:347,212
DA:350,212
DA:351,0
DA:352,0
DA:354,212
DA:355,212
DA:358,61294
DA:359,61294
DA:360,179614
DA:361,118320
DA:362,118320
DA:363,116992
DA:365,116992
DA:366,17972
DA:367,17044
DA:368,17044
DA:369,17044
DA:371,99020
DA:373,368
DA:374,368
DA:375,368
DA:377,368
DA:380,116992
DA:381,59398
DA:382,174718
DA:383,115688
DA:386,59030
DA:387,59030
DA:392,61294
end_of_record
SF:/usr/include/c++/9/bits/predefined_ops.h
DA:234,0
DA:240,0
DA:241,0
DA:246,0
DA:247,0
end_of_record
SF:/usr/include/c++/9/bits/move.h
DA:47,6434
DA:74,17116
DA:99,12552
DA:138,19392
DA:139,12340
DA:182,30
DA:193,30
DA:194,30
DA:195,30
end_of_record
SF:/usr/include/c++/9/bits/char_traits.h
DA:299,8350
DA:300,2002
DA:329,0
DA:335,0
DA:361,4346
DA:363,1378
DA:365,4346
end_of_record
SF:/usr/include/c++/9/ext/new_allocator.h
DA:80,6392
DA:83,8992
DA:89,9784
DA:119,1896
DA:128,1896
DA:132,0
DA:144,0
DA:147,0
DA:151,0
end_of_record
SF:/usr/include/c++/9/bits/basic_string.h
FN:6057,_ZStplIcSt11char_traitsIcESaIcEENSt7__cxx1112basic_stringIT_T0_T1_EERKS8_PKS5_
FNDA:748,_ZStplIcSt11char_traitsIcESaIcEENSt7__cxx1112basic_stringIT_T0_T1_EERKS8_PKS5_
FN:6085,_ZStplIcSt11char_traitsIcESaIcEENSt7__cxx1112basic_stringIT_T0_T1_EEOS8_RKS8_
FNDA:0,_ZStplIcSt11char_traitsIcESaIcEENSt7__cxx1112basic_stringIT_T0_T1_EEOS8_RKS8_
FN:6091,_ZStplIcSt11char_traitsIcESaIcEENSt7__cxx1112basic_stringIT_T0_T1_EERKS8_OS8_
FNDA:368,_ZStplIcSt11char_traitsIcESaIcEENSt7__cxx1112basic_stringIT_T0_T1_EERKS8_OS8_
FN:6097,_ZStplIcSt11char_traitsIcESaIcEENSt7__cxx1112basic_stringIT_T0_T1_EEOS8_S9_
FNDA:1116,_ZStplIcSt11char_traitsIcESaIcEENSt7__cxx1112basic_stringIT_T0_T1_EEOS8_S9_
FN:6109,_ZStplIcSt11char_traitsIcESaIcEENSt7__cxx1112basic_stringIT_T0_T1_EEPKS5_OS8_
FNDA:0,_ZStplIcSt11char_traitsIcESaIcEENSt7__cxx1112basic_stringIT_T0_T1_EEPKS5_OS8_
FN:6121,_ZStplIcSt11char_traitsIcESaIcEENSt7__cxx1112basic_stringIT_T0_T1_EEOS8_PKS5_
FNDA:1484,_ZStplIcSt11char_traitsIcESaIcEENSt7__cxx1112basic_stringIT_T0_T1_EEOS8_PKS5_
DA:150,8212
DA:156,3380
DA:157,3380
DA:159,748
DA:160,3716
DA:178,2968
DA:179,0
DA:182,6348
DA:183,6348
DA:186,25372
DA:190,10064
DA:193,1864
DA:200,12296
DA:203,12296
DA:210,0
DA:211,0
DA:214,6348
DA:216,6348
DA:217,0
DA:221,12296
DA:222,12296
DA:229,8212
DA:231,4128
DA:232,8212
DA:236,0
DA:237,0
DA:243,4128
DA:247,4128
DA:263,4128
DA:266,3380
DA:286,2968
DA:287,0
DA:290,748
DA:291,748
DA:346,3380
DA:348,3380
DA:349,2002
DA:351,3380
DA:392,3380
DA:393,3380
DA:396,0
DA:398,0
DA:431,0
DA:433,0
DA:434,0
DA:448,748
DA:450,0
DA:451,0
DA:540,0
DA:541,0
DA:542,0
DA:552,2968
DA:553,2968
DA:555,2968
DA:557,2968
DA:562,0
DA:563,0
DA:569,2968
DA:570,2968
DA:571,2968
DA:625,3380
DA:627,3380
DA:628,3380
DA:657,4128
DA:658,4128
DA:826,0
DA:827,0
DA:842,0
DA:843,0
DA:930,0
DA:936,748
DA:993,0
DA:995,1116
DA:1063,0
DA:1070,0
DA:1143,0
DA:1146,0
DA:1221,1116
DA:1222,0
DA:1639,368
DA:1641,368
DA:1864,0
DA:1867,0
DA:2300,1116
DA:2301,1116
DA:2312,0
DA:2313,0
DA:2393,0
DA:2396,0
DA:6057,748
DA:6060,748
DA:6061,748
DA:6062,748
DA:6085,0
DA:6087,0
DA:6091,368
DA:6093,368
DA:6097,1116
DA:6100,1116
DA:6101,2232
DA:6102,1116
DA:6103,0
DA:6104,1116
DA:6109,0
DA:6111,0
DA:6121,1484
DA:6123,1484
DA:6416,0
DA:6421,0
DA:6546,1484
DA:6547,1484
DA:6548,1116
DA:6557,1896
DA:6558,1896
DA:6559,1896
DA:6562,0
DA:6563,0
DA:6565,0
end_of_record
SF:/usr/include/c++/9/bits/cpp_type_traits.h
DA:428,0
end_of_record
SF:/usr/include/c++/9/bits/vector.tcc
FN:109,_ZNSt6vectorIN8BitSpace9BitFieldsItEESaIS2_EE12emplace_backIJS2_EEEvDpOT_
FNDA:1896,_ZNSt6vectorIN8BitSpace9BitFieldsItEESaIS2_EE12emplace_backIJS2_EEEvDpOT_
FN:198,_ZNSt6vectorIN8BitSpace9BitFieldsItEESaIS2_EEaSERKS4_
FNDA:0,_ZNSt6vectorIN8BitSpace9BitFieldsItEESaIS2_EEaSERKS4_
FN:426,_ZNSt6vectorIN8BitSpace9BitFieldsItEESaIS2_EE17_M_realloc_insertIJS2_EEEvN9__gnu_cxx17__normal_iteratorIPS2_S4_EEDpOT_
FNDA:0,_ZNSt6vectorIN8BitSpace9BitFieldsItEESaIS2_EE17_M_realloc_insertIJS2_EEEvN9__gnu_cxx17__normal_iteratorIPS2_S4_EEDpOT_
DA:109,1896
DA:112,1896
DA:115,0
DA:117,0
DA:121,1896
DA:125,1896
DA:198,0
DA:201,0
DA:223,0
DA:224,0
DA:226,0
DA:228,0
DA:229,0
DA:230,0
DA:231,0
DA:232,0
DA:233,0
DA:234,0
DA:236,0
DA:238,0
DA:239,0
DA:243,0
DA:245,0
DA:246,0
DA:248,0
DA:250,0
DA:252,0
DA:426,0
DA:435,0
DA:437,0
DA:438,0
DA:439,0
DA:440,0
DA:441,0
DA:449,0
DA:450,0
DA:456,0
DA:461,0
DA:462,0
DA:464,0
DA:466,0
DA:467,0
DA:500,0
DA:501,0
DA:502,0
DA:503,0
DA:504,0
DA:505,0
end_of_record
SF:/usr/include/c++/9/bits/allocator.h
DA:138,6392
DA:141,8992
DA:142,8992
DA:153,9784
end_of_record
SF:/workspace/vtr-verilog-to-routing/libs/librtlnumber/src/include/internal_bits.hpp
FN:308,_ZN8BitSpaceL13bits_to_hex_cEsb
FNDA:0,_ZN8BitSpaceL13bits_to_hex_cEsb
FN:352,_ZN8BitSpaceL8c_to_bitEc
FNDA:0,_ZN8BitSpaceL8c_to_bitEc
FN:454,_ZN8BitSpace11VerilogBitsC2Emh
FNDA:1896,_ZN8BitSpace11VerilogBitsC2Emh
FN:510,_ZN8BitSpace11VerilogBits12to_printableB5cxx11Ev
FNDA:0,_ZN8BitSpace11VerilogBits12to_printableB5cxx11Ev
FN:520,_ZN8BitSpace11VerilogBits4getcEv
FNDA:0,_ZN8BitSpace11VerilogBits4getcEv
FN:615,_ZN8BitSpace11VerilogBits6resizeEhm
FNDA:0,_ZN8BitSpace11VerilogBits6resizeEhm
FN:722,_ZN7VNumberC2EPS_
FNDA:0,_ZN7VNumberC2EPS_
FN:738,_ZN7VNumberC2El
FNDA:1896,_ZN7VNumberC2El
FN:751,_ZN7VNumber9get_valueEv
FNDA:0,_ZN7VNumber9get_valueEv
FN:777,_ZN7VNumber9to_stringB5cxx11Ebb
FNDA:0,_ZN7VNumber9to_stringB5cxx11Ebb
FN:792,_ZN7VNumber10to_UstringB5cxx11Eb
FNDA:0,_ZN7VNumber10to_UstringB5cxx11Eb
FN:807,_ZN7VNumber12to_log2radixB5cxx11Esbb
FNDA:0,_ZN7VNumber12to_log2radixB5cxx11Esbb
FN:832,_ZN7VNumber9to_base10B5cxx11Ebb
FNDA:0,_ZN7VNumber9to_base10B5cxx11Ebb
FN:857,_ZN7VNumber20to_verilog_bitstringB5cxx11Ev
FNDA:0,_ZN7VNumber20to_verilog_bitstringB5cxx11Ev
FN:864,_ZN7VNumber10to_vstringB5cxx11Ec
FNDA:0,_ZN7VNumber10to_vstringB5cxx11Ec
FN:902,_ZN7VNumber9set_valueERKNSt7__cxx1112basic_stringIcSt11char_traitsIcESaIcEEE
FNDA:0,_ZN7VNumber9set_valueERKNSt7__cxx1112basic_stringIcSt11char_traitsIcESaIcEEE
FN:996,_ZN7VNumber9set_valueEl
FNDA:1896,_ZN7VNumber9set_valueEl
FN:1007,_ZN7VNumber16get_bit_from_msbEm
FNDA:0,_ZN7VNumber16get_bit_from_msbEm
FN:1012,_ZN7VNumber16get_bit_from_lsbEm
FNDA:0,_ZN7VNumber16get_bit_from_lsbEm
DA:286,0
DA:287,0
DA:290,0
DA:291,0
DA:292,0
DA:293,0
DA:294,0
DA:295,0
DA:299,0
DA:300,0
DA:303,0
DA:304,0
DA:308,0
DA:309,0
DA:312,0
DA:313,0
DA:314,0
DA:315,0
DA:316,0
DA:317,0
DA:318,0
DA:319,0
DA:320,0
DA:321,0
DA:322,0
DA:323,0
DA:324,0
DA:325,0
DA:326,0
DA:327,0
DA:328,0
DA:329,0
DA:330,0
DA:331,0
DA:332,0
DA:333,0
DA:334,0
DA:335,0
DA:336,0
DA:337,0
DA:338,0
DA:339,0
DA:340,0
DA:341,0
DA:342,0
DA:343,0
DA:346,0
DA:349,0
DA:352,0
DA:353,0
DA:356,0
DA:357,0
DA:358,0
DA:359,0
DA:360,0
DA:361,0
DA:362,0
DA:363,0
DA:365,0
DA:367,0
DA:376,0
DA:377,0
DA:378,0
DA:379,0
DA:384,1896
DA:385,1896
DA:390,0
DA:391,0
DA:392,0
DA:394,0
DA:398,0
DA:399,0
DA:401,0
DA:402,0
DA:404,0
DA:405,0
DA:406,0
DA:408,0
DA:409,0
DA:416,0
DA:418,0
DA:419,0
DA:425,0
DA:435,0
DA:440,0
DA:441,0
DA:454,1896
DA:455,1896
DA:456,1896
DA:458,1896
DA:460,3792
DA:461,3792
DA:463,1896
DA:470,0
DA:471,0
DA:478,0
DA:486,0
DA:489,0
DA:497,0
DA:500,0
DA:507,0
DA:510,0
DA:511,0
DA:513,0
DA:514,0
DA:517,0
DA:520,0
DA:521,0
DA:522,0
DA:526,0
DA:527,0
DA:561,0
DA:562,0
DA:563,0
DA:615,0
DA:619,0
DA:620,0
DA:621,0
DA:623,0
DA:624,0
DA:625,0
DA:627,0
DA:628,0
DA:629,0
DA:635,0
DA:638,0
DA:640,0
DA:642,0
DA:643,0
DA:644,0
DA:647,0
DA:648,0
DA:649,0
DA:652,0
DA:674,3792
DA:722,0
DA:723,0
DA:724,0
DA:725,0
DA:726,0
DA:738,1896
DA:739,1896
DA:740,1896
DA:751,0
DA:752,0
DA:754,0
DA:757,0
DA:758,0
DA:759,0
DA:760,0
DA:763,0
DA:764,0
DA:766,0
DA:767,0
DA:768,0
DA:769,0
DA:771,0
DA:774,0
DA:777,0
DA:779,0
DA:780,0
DA:781,0
DA:782,0
DA:783,0
DA:785,0
DA:789,0
DA:792,0
DA:794,0
DA:795,0
DA:796,0
DA:797,0
DA:798,0
DA:800,0
DA:804,0
DA:807,0
DA:808,0
DA:811,0
DA:812,0
DA:813,0
DA:816,0
DA:818,0
DA:819,0
DA:820,0
DA:822,0
DA:829,0
DA:832,0
DA:833,0
DA:834,0
DA:835,0
DA:837,0
DA:839,0
DA:840,0
DA:841,0
DA:842,0
DA:843,0
DA:845,0
DA:847,0
DA:848,0
DA:850,0
DA:853,0
DA:857,0
DA:858,0
DA:859,0
DA:861,0
DA:864,0
DA:865,0
DA:866,0
DA:867,0
DA:868,0
DA:873,0
DA:874,0
DA:875,0
DA:876,0
DA:877,0
DA:878,0
DA:879,0
DA:880,0
DA:881,0
DA:882,0
DA:883,0
DA:884,0
DA:885,0
DA:886,0
DA:887,0
DA:888,0
DA:890,0
DA:891,0
DA:892,0
DA:894,0
DA:896,0
DA:902,0
DA:903,0
DA:904,0
DA:907,0
DA:912,0
DA:913,0
DA:914,0
DA:915,0
DA:918,0
DA:919,0
DA:922,0
DA:925,0
DA:926,0
DA:928,0
DA:929,0
DA:932,0
DA:933,0
DA:934,0
DA:936,0
DA:937,0
DA:938,0
DA:942,0
DA:943,0
DA:944,0
DA:945,0
DA:948,0
DA:949,0
DA:952,0
DA:953,0
DA:957,0
DA:958,0
DA:959,0
DA:960,0
DA:961,0
DA:962,0
DA:963,0
DA:964,0
DA:965,0
DA:966,0
DA:967,0
DA:969,0
DA:973,0
DA:974,0
DA:979,0
DA:981,0
DA:982,0
DA:983,0
DA:987,0
DA:988,0
DA:989,0
DA:990,0
DA:993,0
DA:996,1896
DA:997,1896
DA:998,1896
DA:1000,0
DA:1001,0
DA:1007,0
DA:1008,0
DA:1009,0
DA:1012,0
DA:1013,0
DA:1014,0
DA:1016,0
DA:1019,0
DA:1020,0
DA:1030,0
DA:1031,0
DA:1034,0
DA:1035,0
DA:1038,0
DA:1039,0
DA:1050,0
DA:1051,0
DA:1066,0
DA:1067,0
end_of_record
SF:/usr/include/c++/9/bits/stl_iterator_base_funcs.h
DA:98,3380
DA:104,3380
DA:138,3380
DA:141,3380
end_of_record
SF:/usr/include/c++/9/bits/alloc_traits.h
DA:469,1896
DA:470,1896
DA:482,0
DA:484,0
DA:495,0
DA:497,0
DA:505,0
DA:506,0
DA:514,748
DA:515,748
DA:545,1896
DA:546,1896
DA:553,1896
DA:557,1896
end_of_record
SF:/usr/include/c++/9/ext/string_conversions.h
FN:99,_ZN9__gnu_cxx12__to_xstringINSt7__cxx1112basic_stringIcSt11char_traitsIcESaIcEEEcEET_PFiPT0_mPKS8_P13__va_list_tagEmSB_z
FNDA:3380,_ZN9__gnu_cxx12__to_xstringINSt7__cxx1112basic_stringIcSt11char_traitsIcESaIcEEEcEET_PFiPT0_mPKS8_P13__va_list_tagEmSB_z
DA:99,3380
DA:105,3380
DA:109,3380
DA:111,3380
DA:113,3380
DA:115,3380
end_of_record
SF:/usr/include/c++/9/new
DA:173,5026
DA:174,5026
end_of_record
SF:/usr/include/x86_64-linux-gnu/bits/stdio2.h
DA:105,0
DA:107,0
end_of_record
SF:/workspace/vtr-verilog-to-routing/ODIN_II/SRC/include/ast_loop_unroll.h
DA:20,212
DA:21,212
DA:25,212
DA:26,212
end_of_record
SF:/usr/include/c++/9/bits/locale_facets.h
FN:872,_ZNKSt5ctypeIcE5widenEc
FNDA:0,_ZNKSt5ctypeIcE5widenEc
FN:1084,_ZNKSt5ctypeIcE8do_widenEc
FNDA:0,_ZNKSt5ctypeIcE8do_widenEc
DA:872,0
DA:874,0
DA:875,0
DA:876,0
DA:877,0
DA:1084,0
DA:1085,0
end_of_record
SF:/usr/include/c++/9/ext/alloc_traits.h
DA:97,748
DA:98,748
end_of_record
SF:/usr/include/c++/9/bits/stl_uninitialized.h
DA:76,0
DA:79,0
DA:82,0
DA:83,0
DA:115,0
DA:134,0
DA:140,0
DA:305,0
DA:307,0
DA:905,0
DA:912,0
DA:913,0
DA:949,0
DA:950,0
DA:964,0
end_of_record
SF:/usr/include/c++/9/bits/std_function.h
FN:196,_ZNSt14_Function_base13_Base_managerIZ24resolve_binary_operationP10ast_node_tEUllE1_E10_M_managerERSt9_Any_dataRKS5_St18_Manager_operation
FNDA:596,_ZNSt14_Function_base13_Base_managerIZ24resolve_binary_operationP10ast_node_tEUllE1_E10_M_managerERSt9_Any_dataRKS5_St18_Manager_operation
FN:196,_ZNSt14_Function_base13_Base_managerIZ24resolve_binary_operationP10ast_node_tEUllE0_E10_M_managerERSt9_Any_dataRKS5_St18_Manager_operation
FNDA:2184,_ZNSt14_Function_base13_Base_managerIZ24resolve_binary_operationP10ast_node_tEUllE0_E10_M_managerERSt9_Any_dataRKS5_St18_Manager_operation
FN:196,_ZNSt14_Function_base13_Base_managerIZ24resolve_binary_operationP10ast_node_tEUllE_E10_M_managerERSt9_Any_dataRKS5_St18_Manager_operation
FNDA:1992,_ZNSt14_Function_base13_Base_managerIZ24resolve_binary_operationP10ast_node_tEUllE_E10_M_managerERSt9_Any_dataRKS5_St18_Manager_operation
FN:196,_ZNSt14_Function_base13_Base_managerIZ17resolve_conditionP10ast_node_tS2_PiEUllE_E10_M_managerERSt9_Any_dataRKS6_St18_Manager_operation
FNDA:6,_ZNSt14_Function_base13_Base_managerIZ17resolve_conditionP10ast_node_tS2_PiEUllE_E10_M_managerERSt9_Any_dataRKS6_St18_Manager_operation
FN:196,_ZNSt14_Function_base13_Base_managerIZ17resolve_conditionP10ast_node_tS2_PiEUllE2_E10_M_managerERSt9_Any_dataRKS6_St18_Manager_operation
FNDA:284,_ZNSt14_Function_base13_Base_managerIZ17resolve_conditionP10ast_node_tS2_PiEUllE2_E10_M_managerERSt9_Any_dataRKS6_St18_Manager_operation
FN:196,_ZNSt14_Function_base13_Base_managerIZ17resolve_conditionP10ast_node_tS2_PiEUllE1_E10_M_managerERSt9_Any_dataRKS6_St18_Manager_operation
FNDA:6,_ZNSt14_Function_base13_Base_managerIZ17resolve_conditionP10ast_node_tS2_PiEUllE1_E10_M_managerERSt9_Any_dataRKS6_St18_Manager_operation
FN:196,_ZNSt14_Function_base13_Base_managerIZ17resolve_conditionP10ast_node_tS2_PiEUllE0_E10_M_managerERSt9_Any_dataRKS6_St18_Manager_operation
FNDA:6,_ZNSt14_Function_base13_Base_managerIZ17resolve_conditionP10ast_node_tS2_PiEUllE0_E10_M_managerERSt9_Any_dataRKS6_St18_Manager_operation
FN:283,_ZNSt17_Function_handlerIFllEZ24resolve_binary_operationP10ast_node_tEUllE1_E9_M_invokeERKSt9_Any_dataOl
FNDA:2280,_ZNSt17_Function_handlerIFllEZ24resolve_binary_operationP10ast_node_tEUllE1_E9_M_invokeERKSt9_Any_dataOl
FN:283,_ZNSt17_Function_handlerIFblEZ17resolve_conditionP10ast_node_tS2_PiEUllE_E9_M_invokeERKSt9_Any_dataOl
FNDA:18,_ZNSt17_Function_handlerIFblEZ17resolve_conditionP10ast_node_tS2_PiEUllE_E9_M_invokeERKSt9_Any_dataOl
FN:283,_ZNSt17_Function_handlerIFblEZ17resolve_conditionP10ast_node_tS2_PiEUllE0_E9_M_invokeERKSt9_Any_dataOl
FNDA:48,_ZNSt17_Function_handlerIFblEZ17resolve_conditionP10ast_node_tS2_PiEUllE0_E9_M_invokeERKSt9_Any_dataOl
FN:283,_ZNSt17_Function_handlerIFblEZ17resolve_conditionP10ast_node_tS2_PiEUllE1_E9_M_invokeERKSt9_Any_dataOl
FNDA:18,_ZNSt17_Function_handlerIFblEZ17resolve_conditionP10ast_node_tS2_PiEUllE1_E9_M_invokeERKSt9_Any_dataOl
FN:283,_ZNSt17_Function_handlerIFblEZ17resolve_conditionP10ast_node_tS2_PiEUllE2_E9_M_invokeERKSt9_Any_dataOl
FNDA:2162,_ZNSt17_Function_handlerIFblEZ17resolve_conditionP10ast_node_tS2_PiEUllE2_E9_M_invokeERKSt9_Any_dataOl
FN:283,_ZNSt17_Function_handlerIFllEZ24resolve_binary_operationP10ast_node_tEUllE_E9_M_invokeERKSt9_Any_dataOl
FNDA:1992,_ZNSt17_Function_handlerIFllEZ24resolve_binary_operationP10ast_node_tEUllE_E9_M_invokeERKSt9_Any_dataOl
FN:283,_ZNSt17_Function_handlerIFllEZ24resolve_binary_operationP10ast_node_tEUllE0_E9_M_invokeERKSt9_Any_dataOl
FNDA:2184,_ZNSt17_Function_handlerIFllEZ24resolve_binary_operationP10ast_node_tEUllE0_E9_M_invokeERKSt9_Any_dataOl
FN:480,_ZNSt8functionIFblEEaSEOS1_
FNDA:30,_ZNSt8functionIFblEEaSEOS1_
FN:653,_ZNSt8functionIFblEEC2ERKS1_
FNDA:30,_ZNSt8functionIFblEEC2ERKS1_
FN:667,_ZNSt8functionIFblEEC2IZ17resolve_conditionP10ast_node_tS4_PiEUllE1_vvEET_
FNDA:6,_ZNSt8functionIFblEEC2IZ17resolve_conditionP10ast_node_tS4_PiEUllE1_vvEET_
FN:667,_ZNSt8functionIFblEEC2IZ17resolve_conditionP10ast_node_tS4_PiEUllE0_vvEET_
FNDA:6,_ZNSt8functionIFblEEC2IZ17resolve_conditionP10ast_node_tS4_PiEUllE0_vvEET_
FN:667,_ZNSt8functionIFblEEC2IZ17resolve_conditionP10ast_node_tS4_PiEUllE_vvEET_
FNDA:6,_ZNSt8functionIFblEEC2IZ17resolve_conditionP10ast_node_tS4_PiEUllE_vvEET_
DA:87,10064
DA:88,8732
DA:92,5038
DA:93,5038
DA:97,8732
DA:98,10916
DA:151,8702
DA:155,8618
DA:156,8618
DA:159,84
DA:165,30
DA:167,2214
DA:168,30
DA:182,5026
DA:184,5026
DA:185,5026
DA:196,596
DA:199,596
DA:202,0
DA:203,0
DA:204,0
DA:206,0
DA:207,0
DA:208,0
DA:211,0
DA:215,596
DA:218,596
DA:196,2184
DA:199,2184
DA:202,0
DA:203,0
DA:204,0
DA:206,0
DA:207,0
DA:208,0
DA:215,2184
DA:218,2184
DA:196,1992
DA:199,1992
DA:202,0
DA:203,0
DA:204,0
DA:206,0
DA:207,0
DA:208,0
DA:211,0
DA:215,1992
DA:218,1992
DA:196,284
DA:199,284
DA:202,0
DA:203,0
DA:204,0
DA:206,0
DA:207,0
DA:208,0
DA:211,30
DA:215,254
DA:218,284
DA:196,6
DA:199,6
DA:202,0
DA:203,0
DA:204,0
DA:206,0
DA:207,0
DA:208,0
DA:210,0
DA:211,0
DA:214,6
DA:215,6
DA:216,6
DA:218,6
DA:196,6
DA:199,6
DA:202,0
DA:203,0
DA:204,0
DA:206,0
DA:207,0
DA:208,0
DA:210,0
DA:211,0
DA:214,6
DA:215,6
DA:216,6
DA:218,6
DA:196,6
DA:199,6
DA:202,0
DA:203,0
DA:204,0
DA:206,0
DA:207,0
DA:208,0
DA:210,0
DA:211,0
DA:214,6
DA:215,6
DA:216,6
DA:218,6
DA:222,5014
DA:223,5026
DA:242,5014
DA:247,4996
DA:248,4996
DA:251,12
DA:252,12
DA:255,5316
DA:257,5776
DA:258,0
DA:259,2746
DA:260,5014
DA:263,8732
DA:283,2280
DA:285,2280
DA:286,2280
DA:283,2184
DA:285,2184
DA:286,2184
DA:283,1992
DA:285,1992
DA:286,1992
DA:283,2162
DA:285,2162
DA:286,2162
DA:283,18
DA:285,18
DA:286,18
DA:283,48
DA:285,48
DA:286,48
DA:283,18
DA:285,18
DA:286,18
DA:369,7778
DA:403,242
DA:404,242
DA:423,30
DA:425,30
DA:480,30
DA:482,60
DA:483,30
DA:547,30
DA:549,30
DA:550,30
DA:551,30
DA:564,30
DA:565,30
DA:653,30
DA:655,0
DA:657,30
DA:659,30
DA:660,30
DA:661,30
DA:663,30
DA:667,6
DA:669,0
DA:673,6
DA:675,6
DA:676,6
DA:677,6
DA:679,6
DA:667,6
DA:669,0
DA:673,6
DA:675,6
DA:676,6
DA:677,6
DA:679,6
DA:667,6
DA:669,0
DA:673,6
DA:675,6
DA:676,6
DA:677,6
DA:679,6
DA:667,4996
DA:669,2184
DA:673,2812
DA:675,4996
DA:676,4996
DA:677,2812
DA:679,2184
DA:683,8702
DA:686,8702
DA:687,0
DA:688,8702
end_of_record
SF:/usr/include/c++/9/ostream
DA:108,0
DA:113,0
DA:565,0
DA:568,0
DA:570,0
DA:571,0
end_of_record
TN:
SF:/usr/include/c++/9/bits/stl_algobase.h
FN:337,_ZNSt11__copy_moveILb0ELb0ESt26random_access_iterator_tagE8__copy_mIPKbSt13_Bit_iteratorEET0_T_S7_S6_
FNDA:6013,_ZNSt11__copy_moveILb0ELb0ESt26random_access_iterator_tagE8__copy_mIPKbSt13_Bit_iteratorEET0_T_S7_S6_
DA:198,866158
DA:203,6013
DA:204,0
DA:222,437640
DA:227,437640
DA:228,75696
DA:280,144118
DA:290,153680
DA:295,0
DA:337,6013
DA:340,24052
DA:342,18039
DA:343,18039
DA:344,18039
DA:346,6013
DA:393,0
DA:398,153680
DA:404,153680
DA:438,0
DA:440,307360
DA:465,0
DA:474,307360
DA:562,0
DA:565,0
DA:566,0
DA:595,0
DA:600,0
DA:606,0
DA:613,0
DA:615,0
DA:676,0
DA:686,0
end_of_record
SF:/usr/include/c++/9/bits/stl_vector.h
FN:550,_ZNSt6vectorINSt7__cxx1112basic_stringIcSt11char_traitsIcESaIcEEESaIS5_EEC2ERKS7_
FNDA:90195,_ZNSt6vectorINSt7__cxx1112basic_stringIcSt11char_traitsIcESaIcEEESaIS5_EEC2ERKS7_
FN:622,_ZNSt6vectorINSt7__cxx1112basic_stringIcSt11char_traitsIcESaIcEEESaIS5_EEC2ESt16initializer_listIS5_ERKS6_
FNDA:90195,_ZNSt6vectorINSt7__cxx1112basic_stringIcSt11char_traitsIcESaIcEEESaIS5_EEC2ESt16initializer_listIS5_ERKS6_
FN:675,_ZNSt6vectorI18t_fc_specificationSaIS0_EED2Ev
FNDA:4132,_ZNSt6vectorI18t_fc_specificationSaIS0_EED2Ev
FN:675,_ZNSt6vectorINSt7__cxx1112basic_stringIcSt11char_traitsIcESaIcEEESaIS5_EED2Ev
FNDA:2295220,_ZNSt6vectorINSt7__cxx1112basic_stringIcSt11char_traitsIcESaIcEEESaIS5_EED2Ev
FN:675,_ZNSt6vectorI17t_switchblock_infSaIS0_EED2Ev
FNDA:6013,_ZNSt6vectorI17t_switchblock_infSaIS0_EED2Ev
FN:675,_ZNSt6vectorI13t_segment_infSaIS0_EED2Ev
FNDA:6013,_ZNSt6vectorI13t_segment_infSaIS0_EED2Ev
FN:675,_ZNSt6vectorI10t_grid_defSaIS0_EED2Ev
FNDA:6013,_ZNSt6vectorI10t_grid_defSaIS0_EED2Ev
FN:675,_ZNSt6vectorI20t_clock_network_archSaIS0_EED2Ev
FNDA:6013,_ZNSt6vectorI20t_clock_network_archSaIS0_EED2Ev
FN:675,_ZNSt6vectorI23t_clock_connection_archSaIS0_EED2Ev
FNDA:6013,_ZNSt6vectorI23t_clock_connection_archSaIS0_EED2Ev
FN:675,_ZNSt6vectorIN8argparse13ArgumentGroupESaIS1_EED2Ev
FNDA:6013,_ZNSt6vectorIN8argparse13ArgumentGroupESaIS1_EED2Ev
FN:675,_ZNSt6vectorISt4pairIN3vtr15interned_stringES_I16t_metadata_valueSaIS3_EEESaIS6_EED2Ev
FNDA:24404,_ZNSt6vectorISt4pairIN3vtr15interned_stringES_I16t_metadata_valueSaIS3_EEESaIS6_EED2Ev
FN:675,_ZNSt6vectorI14t_wireconn_infSaIS0_EED2Ev
FNDA:0,_ZNSt6vectorI14t_wireconn_infSaIS0_EED2Ev
FN:675,_ZNSt6vectorI14t_grid_loc_defSaIS0_EED2Ev
FNDA:4132,_ZNSt6vectorI14t_grid_loc_defSaIS0_EED2Ev
FN:675,_ZNSt6vectorISt10shared_ptrIN8argparse8ArgumentEESaIS3_EED2Ev
FNDA:48104,_ZNSt6vectorISt10shared_ptrIN8argparse8ArgumentEESaIS3_EED2Ev
FN:675,_ZNSt6vectorI19t_wire_switchpointsSaIS0_EED2Ev
FNDA:0,_ZNSt6vectorI19t_wire_switchpointsSaIS0_EED2Ev
FN:675,_ZNSt6vectorI20t_physical_tile_typeSaIS0_EED2Ev
FNDA:6013,_ZNSt6vectorI20t_physical_tile_typeSaIS0_EED2Ev
FN:675,_ZNSt6vectorI20t_logical_block_typeSaIS0_EED2Ev
FNDA:6013,_ZNSt6vectorI20t_logical_block_typeSaIS0_EED2Ev
FN:675,_ZNSt6vectorI7t_classSaIS0_EED2Ev
FNDA:4132,_ZNSt6vectorI7t_classSaIS0_EED2Ev
FN:675,_ZNSt6vectorI10t_sub_tileSaIS0_EED2Ev
FNDA:4132,_ZNSt6vectorI10t_sub_tileSaIS0_EED2Ev
FN:1184,_ZNSt6vectorIP9t_pb_typeSaIS1_EE9push_backERKS1_
FNDA:7982,_ZNSt6vectorIP9t_pb_typeSaIS1_EE9push_backERKS1_
FN:1505,_ZNSt6vectorINSt7__cxx1112basic_stringIcSt11char_traitsIcESaIcEEESaIS5_EE20_M_allocate_and_copyIPKS5_EEPS5_mT_SC_
FNDA:2904,_ZNSt6vectorINSt7__cxx1112basic_stringIcSt11char_traitsIcESaIcEEESaIS5_EE20_M_allocate_and_copyIPKS5_EEPS5_mT_SC_
FN:1505,_ZNSt6vectorINSt7__cxx1112basic_stringIcSt11char_traitsIcESaIcEEESaIS5_EE20_M_allocate_and_copyIN9__gnu_cxx17__normal_iteratorIPKS5_S7_EEEEPS5_mT_SF_
FNDA:93280,_ZNSt6vectorINSt7__cxx1112basic_stringIcSt11char_traitsIcESaIcEEESaIS5_EE20_M_allocate_and_copyIN9__gnu_cxx17__normal_iteratorIPKS5_S7_EEEEPS5_mT_SF_
FN:1753,_ZNKSt6vectorINSt7__cxx1112basic_stringIcSt11char_traitsIcESaIcEEESaIS5_EE12_M_check_lenEmPKc
FNDA:291359,_ZNKSt6vectorINSt7__cxx1112basic_stringIcSt11char_traitsIcESaIcEEESaIS5_EE12_M_check_lenEmPKc
FN:1753,_ZNKSt6vectorIP9t_pb_typeSaIS1_EE12_M_check_lenEmPKc
FNDA:7982,_ZNKSt6vectorIP9t_pb_typeSaIS1_EE12_M_check_lenEmPKc
FN:1753,_ZNKSt6vectorISt10shared_ptrIN8argparse8ArgumentEESaIS3_EE12_M_check_lenEmPKc
FNDA:132286,_ZNKSt6vectorISt10shared_ptrIN8argparse8ArgumentEESaIS3_EE12_M_check_lenEmPKc
DA:94,298769
DA:95,184522
DA:125,2436490
DA:128,118379
DA:130,4132
DA:133,180390
DA:134,180390
DA:273,434531
DA:274,524907
DA:277,953449
DA:278,953449
DA:285,118379
DA:290,90195
DA:291,90195
DA:300,90195
DA:301,90195
DA:302,90195
DA:330,2436490
DA:332,4872980
DA:333,2436490
DA:334,2436490
DA:347,2964300
DA:350,527811
DA:351,2424400
DA:356,90195
DA:358,180390
DA:359,90195
DA:360,90195
DA:450,280536
DA:453,2653110
DA:462,722986
DA:466,1502340
DA:484,118379
DA:550,90195
DA:552,90195
DA:554,90195
DA:555,180390
DA:557,90195
DA:558,90195
DA:622,90195
DA:624,90195
DA:626,90195
DA:628,90195
DA:675,0
DA:677,0
DA:678,0
DA:680,0
DA:675,2295220
DA:677,4590430
DA:678,2295220
DA:680,2295220
DA:675,6013
DA:677,12026
DA:678,6013
DA:680,6013
DA:675,6013
DA:677,12026
DA:678,6013
DA:680,6013
DA:675,6013
DA:677,12026
DA:678,6013
DA:680,6013
DA:675,6013
DA:677,12026
DA:678,6013
DA:680,6013
DA:675,6013
DA:677,12026
DA:678,6013
DA:680,6013
DA:675,6013
DA:677,12026
DA:678,6013
DA:680,6013
DA:675,24404
DA:677,48808
DA:678,24404
DA:680,24404
DA:675,4132
DA:677,8264
DA:678,4132
DA:680,4132
DA:675,4132
DA:677,8264
DA:678,4132
DA:680,4132
DA:675,48104
DA:677,96208
DA:678,48104
DA:680,48104
DA:675,0
DA:677,0
DA:678,0
DA:680,0
DA:675,6013
DA:677,12026
DA:678,6013
DA:680,6013
DA:675,6013
DA:677,12026
DA:678,6013
DA:680,6013
DA:675,4132
DA:677,8264
DA:678,4132
DA:680,4132
DA:675,4132
DA:677,8264
DA:678,4132
DA:680,4132
DA:675,4132
DA:677,4132
DA:678,4132
DA:680,8264
DA:727,2904
DA:729,2904
DA:808,451256
DA:809,451256
DA:817,403052
DA:818,403052
DA:826,159897
DA:827,313577
DA:835,403052
DA:836,340264
DA:881,11365
DA:882,11365
DA:890,0
DA:891,0
DA:915,6013
DA:916,337155
DA:920,863254
DA:921,1294880
DA:995,249864
DA:997,249864
DA:1004,216468
DA:1005,216468
DA:1040,204442
DA:1043,204442
DA:1184,7982
DA:1186,7982
DA:1189,0
DA:1191,0
DA:1195,7982
DA:1196,7982
DA:1200,204442
DA:1201,204442
DA:1290,11365
DA:1291,11365
DA:1495,0
DA:1496,0
DA:1505,2904
DA:1508,2904
DA:1511,5808
DA:1512,2904
DA:1513,2904
DA:1515,0
DA:1517,0
DA:1518,0
DA:1505,93280
DA:1508,93280
DA:1511,186560
DA:1512,93280
DA:1513,93280
DA:1515,0
DA:1517,0
DA:1518,0
DA:1753,132286
DA:1755,132286
DA:1756,0
DA:1758,132286
DA:1759,132286
DA:1753,291359
DA:1755,291359
DA:1756,0
DA:1758,291359
DA:1759,291359
DA:1753,7982
DA:1755,7982
DA:1756,0
DA:1758,7982
DA:1759,7982
DA:1764,2904
DA:1766,2904
DA:1767,0
DA:1773,866158
DA:1780,866158
DA:1781,866158
end_of_record
SF:/usr/include/c++/9/bits/stl_construct.h
DA:74,1130400
DA:75,565198
DA:97,0
DA:98,7486240
DA:105,0
DA:107,10168500
DA:108,7914830
DA:117,4132
DA:127,0
DA:137,0
DA:203,2528540
DA:206,2779630
end_of_record
SF:/usr/include/c++/9/bits/stl_iterator.h
DA:806,974947
DA:807,19629
DA:811,11365
DA:815,11365
DA:819,405358
DA:827,405358
DA:829,375891
DA:830,29467
DA:859,11365
DA:860,165045
DA:871,738201
DA:893,216468
DA:896,216468
DA:907,753886
DA:910,753886
DA:989,442992
DA:992,442992
DA:1012,307360
end_of_record
SF:/usr/include/c++/9/bits/cpp_type_traits.h
DA:428,0
end_of_record
SF:/usr/include/c++/9/bits/char_traits.h
DA:299,83452500
DA:300,4020170
DA:315,2760
DA:317,2760
DA:325,2760
DA:329,420
DA:335,420
DA:361,78480400
DA:363,77167900
DA:365,10216900
end_of_record
SF:/usr/include/c++/9/ext/new_allocator.h
FN:144,_ZN9__gnu_cxx13new_allocatorIN8argparse19SingleValueArgumentIfNS1_16DefaultConverterIfEEEEE9constructIS5_JRNS1_8ArgValueIfEERNSt7__cxx1112basic_stringIcSt11char_traitsIcESaIcEEESH_EEEvPT_DpOT0_
FNDA:6013,_ZN9__gnu_cxx13new_allocatorIN8argparse19SingleValueArgumentIfNS1_16DefaultConverterIfEEEEE9constructIS5_JRNS1_8ArgValueIfEERNSt7__cxx1112basic_stringIcSt11char_traitsIcESaIcEEESH_EEEvPT_DpOT0_
FN:144,_ZN9__gnu_cxx13new_allocatorIN8argparse19SingleValueArgumentIi17ParseInitRegStateEEE9constructIS4_JRNS1_8ArgValueIiEERNSt7__cxx1112basic_stringIcSt11char_traitsIcESaIcEEESG_EEEvPT_DpOT0_
FNDA:6013,_ZN9__gnu_cxx13new_allocatorIN8argparse19SingleValueArgumentIi17ParseInitRegStateEEE9constructIS4_JRNS1_8ArgValueIiEERNSt7__cxx1112basic_stringIcSt11char_traitsIcESaIcEEESG_EEEvPT_DpOT0_
FN:144,_ZN9__gnu_cxx13new_allocatorIN8argparse19SingleValueArgumentIdNS1_16DefaultConverterIdEEEEE9constructIS5_JRNS1_8ArgValueIdEERNSt7__cxx1112basic_stringIcSt11char_traitsIcESaIcEEESH_EEEvPT_DpOT0_
FNDA:6013,_ZN9__gnu_cxx13new_allocatorIN8argparse19SingleValueArgumentIdNS1_16DefaultConverterIdEEEEE9constructIS5_JRNS1_8ArgValueIdEERNSt7__cxx1112basic_stringIcSt11char_traitsIcESaIcEEESH_EEEvPT_DpOT0_
FN:144,_ZN9__gnu_cxx13new_allocatorIN8argparse19SingleValueArgumentIiNS1_16DefaultConverterIiEEEEE9constructIS5_JRNS1_8ArgValueIiEERNSt7__cxx1112basic_stringIcSt11char_traitsIcESaIcEEESH_EEEvPT_DpOT0_
FNDA:24052,_ZN9__gnu_cxx13new_allocatorIN8argparse19SingleValueArgumentIiNS1_16DefaultConverterIiEEEEE9constructIS5_JRNS1_8ArgValueIiEERNSt7__cxx1112basic_stringIcSt11char_traitsIcESaIcEEESH_EEEvPT_DpOT0_
FN:144,_ZN9__gnu_cxx13new_allocatorIN8argparse19SingleValueArgumentIbNS1_16DefaultConverterIbEEEEE9constructIS5_JRNS1_8ArgValueIbEERNSt7__cxx1112basic_stringIcSt11char_traitsIcESaIcEEESH_EEEvPT_DpOT0_
FNDA:84182,_ZN9__gnu_cxx13new_allocatorIN8argparse19SingleValueArgumentIbNS1_16DefaultConverterIbEEEEE9constructIS5_JRNS1_8ArgValueIbEERNSt7__cxx1112basic_stringIcSt11char_traitsIcESaIcEEESH_EEEvPT_DpOT0_
FN:144,_ZN9__gnu_cxx13new_allocatorIN8argparse18MultiValueArgumentISt6vectorINSt7__cxx1112basic_stringIcSt11char_traitsIcESaIcEEESaIS9_EENS1_16DefaultConverterIS9_EEEEE9constructISE_JRNS1_8ArgValueISB_EERS9_SK_EEEvPT_DpOT0_
FNDA:24052,_ZN9__gnu_cxx13new_allocatorIN8argparse18MultiValueArgumentISt6vectorINSt7__cxx1112basic_stringIcSt11char_traitsIcESaIcEEESaIS9_EENS1_16DefaultConverterIS9_EEEEE9constructISE_JRNS1_8ArgValueISB_EERS9_SK_EEEvPT_DpOT0_
FN:144,_ZN9__gnu_cxx13new_allocatorIN8argparse19SingleValueArgumentINSt7__cxx1112basic_stringIcSt11char_traitsIcESaIcEEENS1_16DefaultConverterIS8_EEEEE9constructISB_JRNS1_8ArgValueIS8_EERS8_SH_EEEvPT_DpOT0_
FNDA:54117,_ZN9__gnu_cxx13new_allocatorIN8argparse19SingleValueArgumentINSt7__cxx1112basic_stringIcSt11char_traitsIcESaIcEEENS1_16DefaultConverterIS8_EEEEE9constructISB_JRNS1_8ArgValueIS8_EERS8_SH_EEEvPT_DpOT0_
DA:80,1826800
DA:83,3503420
DA:89,12641200
DA:102,210455
DA:104,210455
DA:114,210455
DA:119,601467000
DA:128,601467000
DA:132,1076610
DA:144,6013
DA:147,18039
DA:144,6013
DA:147,18039
DA:144,6013
DA:147,18039
DA:144,24052
DA:147,72156
DA:144,84182
DA:147,264572
DA:144,24052
DA:147,72156
DA:144,54117
DA:147,162351
DA:144,1570650
DA:147,2928880
DA:151,598734000
DA:153,1271310
end_of_record
SF:/workspace/vtr-verilog-to-routing/libs/EXTERNAL/libargparse/src/argparse_default_converter.hpp
FN:41,_ZN8argparse16DefaultConverterIiE8from_strENSt7__cxx1112basic_stringIcSt11char_traitsIcESaIcEEE
FNDA:19089,_ZN8argparse16DefaultConverterIiE8from_strENSt7__cxx1112basic_stringIcSt11char_traitsIcESaIcEEE
FN:41,_ZN8argparse16DefaultConverterIdE8from_strENSt7__cxx1112basic_stringIcSt11char_traitsIcESaIcEEE
FNDA:12,_ZN8argparse16DefaultConverterIdE8from_strENSt7__cxx1112basic_stringIcSt11char_traitsIcESaIcEEE
FN:41,_ZN8argparse16DefaultConverterIfE8from_strENSt7__cxx1112basic_stringIcSt11char_traitsIcESaIcEEE
FNDA:6193,_ZN8argparse16DefaultConverterIfE8from_strENSt7__cxx1112basic_stringIcSt11char_traitsIcESaIcEEE
FN:93,_ZN8argparse16DefaultConverterIbE8from_strENSt7__cxx1112basic_stringIcSt11char_traitsIcESaIcEEE
FNDA:78169,_ZN8argparse16DefaultConverterIbE8from_strENSt7__cxx1112basic_stringIcSt11char_traitsIcESaIcEEE
FN:114,_ZN8argparse16DefaultConverterIbE15default_choicesB5cxx11Ev
FNDA:84182,_ZN8argparse16DefaultConverterIbE15default_choicesB5cxx11Ev
FN:125,_ZN8argparse16DefaultConverterINSt7__cxx1112basic_stringIcSt11char_traitsIcESaIcEEEE8from_strES6_
FNDA:83209,_ZN8argparse16DefaultConverterINSt7__cxx1112basic_stringIcSt11char_traitsIcESaIcEEEE8from_strES6_
DA:18,0
DA:28,0
DA:41,19089
DA:42,19089
DA:44,19089
DA:45,19089
DA:47,19089
DA:48,19089
DA:49,19089
DA:51,19089
DA:52,19089
DA:53,0
DA:54,0
DA:55,0
DA:56,0
DA:57,0
DA:59,0
DA:61,19089
DA:65,19089
DA:41,12
DA:42,12
DA:44,12
DA:45,12
DA:47,12
DA:48,12
DA:49,12
DA:51,12
DA:52,12
DA:53,0
DA:54,0
DA:55,0
DA:56,0
DA:57,0
DA:59,0
DA:61,12
DA:65,12
DA:41,6193
DA:42,6193
DA:44,6193
DA:45,6193
DA:47,6193
DA:48,6193
DA:49,6193
DA:51,6193
DA:52,6193
DA:53,0
DA:54,0
DA:55,0
DA:56,0
DA:57,0
DA:59,0
DA:61,6193
DA:65,6193
DA:84,36078
DA:93,78169
DA:94,78169
DA:96,156338
DA:97,156338
DA:98,66143
DA:99,24052
DA:100,12026
DA:102,0
DA:104,78169
DA:114,84182
DA:115,252546
DA:125,83209
DA:126,83209
DA:127,249627
DA:128,83209
DA:135,78169
end_of_record
SF:/usr/include/c++/9/streambuf
end_of_record
SF:/workspace/vtr-verilog-to-routing/libs/libvtrutil/src/vtr_ndmatrix.h
end_of_record
SF:/usr/include/c++/9/bits/alloc_traits.h
DA:443,210455
DA:444,210455
DA:469,601467000
DA:470,601467000
DA:482,1066870
DA:484,3133320
DA:495,598938000
DA:497,598938000
DA:505,866158
DA:506,866158
DA:514,90195
DA:515,1809900
end_of_record
SF:/usr/include/c++/9/bits/stl_tree.h
FN:1907,_ZNSt8_Rb_treeI14t_physical_pinSt4pairIKS0_13t_logical_pinESt10_Select1stIS4_ESt4lessIS0_ESaIS4_EE8_M_eraseEPSt13_Rb_tree_nodeIS4_E
FNDA:313514000,_ZNSt8_Rb_treeI14t_physical_pinSt4pairIKS0_13t_logical_pinESt10_Select1stIS4_ESt4lessIS0_ESaIS4_EE8_M_eraseEPSt13_Rb_tree_nodeIS4_E
FN:1907,_ZNSt8_Rb_treeI13t_logical_pinSt4pairIKS0_14t_physical_pinESt10_Select1stIS4_ESt4lessIS0_ESaIS4_EE8_M_eraseEPSt13_Rb_tree_nodeIS4_E
FNDA:313514000,_ZNSt8_Rb_treeI13t_logical_pinSt4pairIKS0_14t_physical_pinESt10_Select1stIS4_ESt4lessIS0_ESaIS4_EE8_M_eraseEPSt13_Rb_tree_nodeIS4_E
FN:1907,_ZNSt8_Rb_treeI18SB_Side_ConnectionSt4pairIKS0_St6vectorINSt7__cxx1112basic_stringIcSt11char_traitsIcESaIcEEESaIS9_EEESt10_Select1stISC_ESt4lessIS0_ESaISC_EE8_M_eraseEPSt13_Rb_tree_nodeISC_E
FNDA:0,_ZNSt8_Rb_treeI18SB_Side_ConnectionSt4pairIKS0_St6vectorINSt7__cxx1112basic_stringIcSt11char_traitsIcESaIcEEESaIS9_EEESt10_Select1stISC_ESt4lessIS0_ESaISC_EE8_M_eraseEPSt13_Rb_tree_nodeISC_E
DA:234,597667000
DA:235,597667000
DA:566,597667000
DA:567,597667000
DA:583,597667000
DA:584,597667000
DA:637,597667000
DA:642,597667000
DA:643,0
DA:648,597667000
DA:650,597667000
DA:651,597667000
DA:789,597667000
DA:797,597667000
DA:1907,313514000
DA:1911,612347000
DA:1913,298833000
DA:1914,298833000
DA:1915,298833000
DA:1916,298833000
DA:1918,313514000
DA:1907,313514000
DA:1911,612347000
DA:1913,298833000
DA:1914,298833000
DA:1915,298833000
DA:1916,298833000
DA:1918,313514000
DA:1907,0
DA:1911,0
DA:1913,0
DA:1914,0
DA:1915,0
DA:1916,0
DA:1918,0
end_of_record
SF:/workspace/vtr-verilog-to-routing/libs/EXTERNAL/libargparse/src/argparse.hpp
FN:269,_ZN8argparse8ArgumentD2Ev
FNDA:204442,_ZN8argparse8ArgumentD2Ev
FN:269,_ZN8argparse8ArgumentD0Ev
FNDA:0,_ZN8argparse8ArgumentD0Ev
FN:297,_ZN8argparse19SingleValueArgumentINSt7__cxx1112basic_stringIcSt11char_traitsIcESaIcEEENS_16DefaultConverterIS6_EEEC2ERNS_8ArgValueIS6_EES6_S6_
FNDA:54117,_ZN8argparse19SingleValueArgumentINSt7__cxx1112basic_stringIcSt11char_traitsIcESaIcEEENS_16DefaultConverterIS6_EEEC2ERNS_8ArgValueIS6_EES6_S6_
FN:297,_ZN8argparse19SingleValueArgumentIiNS_16DefaultConverterIiEEEC2ERNS_8ArgValueIiEENSt7__cxx1112basic_stringIcSt11char_traitsIcESaIcEEESC_
FNDA:24052,_ZN8argparse19SingleValueArgumentIiNS_16DefaultConverterIiEEEC2ERNS_8ArgValueIiEENSt7__cxx1112basic_stringIcSt11char_traitsIcESaIcEEESC_
FN:297,_ZN8argparse19SingleValueArgumentIdNS_16DefaultConverterIdEEEC2ERNS_8ArgValueIdEENSt7__cxx1112basic_stringIcSt11char_traitsIcESaIcEEESC_
FNDA:6013,_ZN8argparse19SingleValueArgumentIdNS_16DefaultConverterIdEEEC2ERNS_8ArgValueIdEENSt7__cxx1112basic_stringIcSt11char_traitsIcESaIcEEESC_
FN:297,_ZN8argparse19SingleValueArgumentIi17ParseInitRegStateEC2ERNS_8ArgValueIiEENSt7__cxx1112basic_stringIcSt11char_traitsIcESaIcEEESB_
FNDA:6013,_ZN8argparse19SingleValueArgumentIi17ParseInitRegStateEC2ERNS_8ArgValueIiEENSt7__cxx1112basic_stringIcSt11char_traitsIcESaIcEEESB_
FN:297,_ZN8argparse19SingleValueArgumentIfNS_16DefaultConverterIfEEEC2ERNS_8ArgValueIfEENSt7__cxx1112basic_stringIcSt11char_traitsIcESaIcEEESC_
FNDA:6013,_ZN8argparse19SingleValueArgumentIfNS_16DefaultConverterIfEEEC2ERNS_8ArgValueIfEENSt7__cxx1112basic_stringIcSt11char_traitsIcESaIcEEESC_
FN:302,_ZN8argparse19SingleValueArgumentIdNS_16DefaultConverterIdEEE19set_dest_to_defaultEv
FNDA:0,_ZN8argparse19SingleValueArgumentIdNS_16DefaultConverterIdEEE19set_dest_to_defaultEv
FN:302,_ZN8argparse19SingleValueArgumentINSt7__cxx1112basic_stringIcSt11char_traitsIcESaIcEEENS_16DefaultConverterIS6_EEE19set_dest_to_defaultEv
FNDA:18039,_ZN8argparse19SingleValueArgumentINSt7__cxx1112basic_stringIcSt11char_traitsIcESaIcEEENS_16DefaultConverterIS6_EEE19set_dest_to_defaultEv
FN:302,_ZN8argparse19SingleValueArgumentIfNS_16DefaultConverterIfEEE19set_dest_to_defaultEv
FNDA:6013,_ZN8argparse19SingleValueArgumentIfNS_16DefaultConverterIfEEE19set_dest_to_defaultEv
FN:302,_ZN8argparse19SingleValueArgumentIi17ParseInitRegStateE19set_dest_to_defaultEv
FNDA:6013,_ZN8argparse19SingleValueArgumentIi17ParseInitRegStateE19set_dest_to_defaultEv
FN:302,_ZN8argparse19SingleValueArgumentIiNS_16DefaultConverterIiEEE19set_dest_to_defaultEv
FNDA:18039,_ZN8argparse19SingleValueArgumentIiNS_16DefaultConverterIiEEE19set_dest_to_defaultEv
FN:308,_ZN8argparse19SingleValueArgumentIfNS_16DefaultConverterIfEEE17set_dest_to_valueENSt7__cxx1112basic_stringIcSt11char_traitsIcESaIcEEE
FNDA:90,_ZN8argparse19SingleValueArgumentIfNS_16DefaultConverterIfEEE17set_dest_to_valueENSt7__cxx1112basic_stringIcSt11char_traitsIcESaIcEEE
FN:308,_ZN8argparse19SingleValueArgumentIdNS_16DefaultConverterIdEEE17set_dest_to_valueENSt7__cxx1112basic_stringIcSt11char_traitsIcESaIcEEE
FNDA:6,_ZN8argparse19SingleValueArgumentIdNS_16DefaultConverterIdEEE17set_dest_to_valueENSt7__cxx1112basic_stringIcSt11char_traitsIcESaIcEEE
FN:308,_ZN8argparse19SingleValueArgumentIiNS_16DefaultConverterIiEEE17set_dest_to_valueENSt7__cxx1112basic_stringIcSt11char_traitsIcESaIcEEE
FNDA:525,_ZN8argparse19SingleValueArgumentIiNS_16DefaultConverterIiEEE17set_dest_to_valueENSt7__cxx1112basic_stringIcSt11char_traitsIcESaIcEEE
FN:308,_ZN8argparse19SingleValueArgumentIi17ParseInitRegStateE17set_dest_to_valueENSt7__cxx1112basic_stringIcSt11char_traitsIcESaIcEEE
FNDA:48,_ZN8argparse19SingleValueArgumentIi17ParseInitRegStateE17set_dest_to_valueENSt7__cxx1112basic_stringIcSt11char_traitsIcESaIcEEE
FN:308,_ZN8argparse19SingleValueArgumentINSt7__cxx1112basic_stringIcSt11char_traitsIcESaIcEEENS_16DefaultConverterIS6_EEE17set_dest_to_valueES6_
FNDA:21220,_ZN8argparse19SingleValueArgumentINSt7__cxx1112basic_stringIcSt11char_traitsIcESaIcEEENS_16DefaultConverterIS6_EEE17set_dest_to_valueES6_
FN:319,_ZN8argparse19SingleValueArgumentIdNS_16DefaultConverterIdEEE17add_value_to_destENSt7__cxx1112basic_stringIcSt11char_traitsIcESaIcEEE
FNDA:0,_ZN8argparse19SingleValueArgumentIdNS_16DefaultConverterIdEEE17add_value_to_destENSt7__cxx1112basic_stringIcSt11char_traitsIcESaIcEEE
FN:319,_ZN8argparse19SingleValueArgumentIfNS_16DefaultConverterIfEEE17add_value_to_destENSt7__cxx1112basic_stringIcSt11char_traitsIcESaIcEEE
FNDA:0,_ZN8argparse19SingleValueArgumentIfNS_16DefaultConverterIfEEE17add_value_to_destENSt7__cxx1112basic_stringIcSt11char_traitsIcESaIcEEE
FN:319,_ZN8argparse19SingleValueArgumentIi17ParseInitRegStateE17add_value_to_destENSt7__cxx1112basic_stringIcSt11char_traitsIcESaIcEEE
FNDA:0,_ZN8argparse19SingleValueArgumentIi17ParseInitRegStateE17add_value_to_destENSt7__cxx1112basic_stringIcSt11char_traitsIcESaIcEEE
FN:319,_ZN8argparse19SingleValueArgumentINSt7__cxx1112basic_stringIcSt11char_traitsIcESaIcEEENS_16DefaultConverterIS6_EEE17add_value_to_destES6_
FNDA:0,_ZN8argparse19SingleValueArgumentINSt7__cxx1112basic_stringIcSt11char_traitsIcESaIcEEENS_16DefaultConverterIS6_EEE17add_value_to_destES6_
FN:319,_ZN8argparse19SingleValueArgumentIiNS_16DefaultConverterIiEEE17add_value_to_destENSt7__cxx1112basic_stringIcSt11char_traitsIcESaIcEEE
FNDA:0,_ZN8argparse19SingleValueArgumentIiNS_16DefaultConverterIiEEE17add_value_to_destENSt7__cxx1112basic_stringIcSt11char_traitsIcESaIcEEE
FN:323,_ZN8argparse19SingleValueArgumentIfNS_16DefaultConverterIfEEE16set_dest_to_trueEv
FNDA:0,_ZN8argparse19SingleValueArgumentIfNS_16DefaultConverterIfEEE16set_dest_to_trueEv
FN:323,_ZN8argparse19SingleValueArgumentIi17ParseInitRegStateE16set_dest_to_trueEv
FNDA:0,_ZN8argparse19SingleValueArgumentIi17ParseInitRegStateE16set_dest_to_trueEv
FN:323,_ZN8argparse19SingleValueArgumentINSt7__cxx1112basic_stringIcSt11char_traitsIcESaIcEEENS_16DefaultConverterIS6_EEE16set_dest_to_trueEv
FNDA:0,_ZN8argparse19SingleValueArgumentINSt7__cxx1112basic_stringIcSt11char_traitsIcESaIcEEENS_16DefaultConverterIS6_EEE16set_dest_to_trueEv
FN:323,_ZN8argparse19SingleValueArgumentIdNS_16DefaultConverterIdEEE16set_dest_to_trueEv
FNDA:0,_ZN8argparse19SingleValueArgumentIdNS_16DefaultConverterIdEEE16set_dest_to_trueEv
FN:323,_ZN8argparse19SingleValueArgumentIiNS_16DefaultConverterIiEEE16set_dest_to_trueEv
FNDA:0,_ZN8argparse19SingleValueArgumentIiNS_16DefaultConverterIiEEE16set_dest_to_trueEv
FN:326,_ZN8argparse19SingleValueArgumentIdNS_16DefaultConverterIdEEE17set_dest_to_falseEv
FNDA:0,_ZN8argparse19SingleValueArgumentIdNS_16DefaultConverterIdEEE17set_dest_to_falseEv
FN:326,_ZN8argparse19SingleValueArgumentIiNS_16DefaultConverterIiEEE17set_dest_to_falseEv
FNDA:0,_ZN8argparse19SingleValueArgumentIiNS_16DefaultConverterIiEEE17set_dest_to_falseEv
FN:326,_ZN8argparse19SingleValueArgumentIi17ParseInitRegStateE17set_dest_to_falseEv
FNDA:0,_ZN8argparse19SingleValueArgumentIi17ParseInitRegStateE17set_dest_to_falseEv
FN:326,_ZN8argparse19SingleValueArgumentIfNS_16DefaultConverterIfEEE17set_dest_to_falseEv
FNDA:0,_ZN8argparse19SingleValueArgumentIfNS_16DefaultConverterIfEEE17set_dest_to_falseEv
FN:326,_ZN8argparse19SingleValueArgumentINSt7__cxx1112basic_stringIcSt11char_traitsIcESaIcEEENS_16DefaultConverterIS6_EEE17set_dest_to_falseEv
FNDA:0,_ZN8argparse19SingleValueArgumentINSt7__cxx1112basic_stringIcSt11char_traitsIcESaIcEEENS_16DefaultConverterIS6_EEE17set_dest_to_falseEv
FN:330,_ZN8argparse19SingleValueArgumentIi17ParseInitRegStateE12valid_actionEv
FNDA:0,_ZN8argparse19SingleValueArgumentIi17ParseInitRegStateE12valid_actionEv
FN:330,_ZN8argparse19SingleValueArgumentIfNS_16DefaultConverterIfEEE12valid_actionEv
FNDA:6013,_ZN8argparse19SingleValueArgumentIfNS_16DefaultConverterIfEEE12valid_actionEv
FN:330,_ZN8argparse19SingleValueArgumentIdNS_16DefaultConverterIdEEE12valid_actionEv
FNDA:0,_ZN8argparse19SingleValueArgumentIdNS_16DefaultConverterIdEEE12valid_actionEv
FN:330,_ZN8argparse19SingleValueArgumentINSt7__cxx1112basic_stringIcSt11char_traitsIcESaIcEEENS_16DefaultConverterIS6_EEE12valid_actionEv
FNDA:0,_ZN8argparse19SingleValueArgumentINSt7__cxx1112basic_stringIcSt11char_traitsIcESaIcEEENS_16DefaultConverterIS6_EEE12valid_actionEv
FN:330,_ZN8argparse19SingleValueArgumentIiNS_16DefaultConverterIiEEE12valid_actionEv
FNDA:6013,_ZN8argparse19SingleValueArgumentIiNS_16DefaultConverterIiEEE12valid_actionEv
FN:346,_ZN8argparse19SingleValueArgumentIdNS_16DefaultConverterIdEEE10reset_destEv
FNDA:0,_ZN8argparse19SingleValueArgumentIdNS_16DefaultConverterIdEEE10reset_destEv
FN:346,_ZN8argparse19SingleValueArgumentIiNS_16DefaultConverterIiEEE10reset_destEv
FNDA:0,_ZN8argparse19SingleValueArgumentIiNS_16DefaultConverterIiEEE10reset_destEv
FN:346,_ZN8argparse19SingleValueArgumentINSt7__cxx1112basic_stringIcSt11char_traitsIcESaIcEEENS_16DefaultConverterIS6_EEE10reset_destEv
FNDA:0,_ZN8argparse19SingleValueArgumentINSt7__cxx1112basic_stringIcSt11char_traitsIcESaIcEEENS_16DefaultConverterIS6_EEE10reset_destEv
FN:346,_ZN8argparse19SingleValueArgumentIfNS_16DefaultConverterIfEEE10reset_destEv
FNDA:0,_ZN8argparse19SingleValueArgumentIfNS_16DefaultConverterIfEEE10reset_destEv
FN:346,_ZN8argparse19SingleValueArgumentIi17ParseInitRegStateE10reset_destEv
FNDA:0,_ZN8argparse19SingleValueArgumentIi17ParseInitRegStateE10reset_destEv
FN:350,_ZN8argparse19SingleValueArgumentINSt7__cxx1112basic_stringIcSt11char_traitsIcESaIcEEENS_16DefaultConverterIS6_EEE14is_valid_valueES6_
FNDA:21220,_ZN8argparse19SingleValueArgumentINSt7__cxx1112basic_stringIcSt11char_traitsIcESaIcEEENS_16DefaultConverterIS6_EEE14is_valid_valueES6_
FN:350,_ZN8argparse19SingleValueArgumentIfNS_16DefaultConverterIfEEE14is_valid_valueENSt7__cxx1112basic_stringIcSt11char_traitsIcESaIcEEE
FNDA:90,_ZN8argparse19SingleValueArgumentIfNS_16DefaultConverterIfEEE14is_valid_valueENSt7__cxx1112basic_stringIcSt11char_traitsIcESaIcEEE
FN:350,_ZN8argparse19SingleValueArgumentIdNS_16DefaultConverterIdEEE14is_valid_valueENSt7__cxx1112basic_stringIcSt11char_traitsIcESaIcEEE
FNDA:6,_ZN8argparse19SingleValueArgumentIdNS_16DefaultConverterIdEEE14is_valid_valueENSt7__cxx1112basic_stringIcSt11char_traitsIcESaIcEEE
FN:350,_ZN8argparse19SingleValueArgumentIiNS_16DefaultConverterIiEEE14is_valid_valueENSt7__cxx1112basic_stringIcSt11char_traitsIcESaIcEEE
FNDA:525,_ZN8argparse19SingleValueArgumentIiNS_16DefaultConverterIiEEE14is_valid_valueENSt7__cxx1112basic_stringIcSt11char_traitsIcESaIcEEE
FN:350,_ZN8argparse19SingleValueArgumentIi17ParseInitRegStateE14is_valid_valueENSt7__cxx1112basic_stringIcSt11char_traitsIcESaIcEEE
FNDA:0,_ZN8argparse19SingleValueArgumentIi17ParseInitRegStateE14is_valid_valueENSt7__cxx1112basic_stringIcSt11char_traitsIcESaIcEEE
FN:367,_ZN8argparse19SingleValueArgumentIbNS_16DefaultConverterIbEEEC2ERNS_8ArgValueIbEENSt7__cxx1112basic_stringIcSt11char_traitsIcESaIcEEESC_
FNDA:84182,_ZN8argparse19SingleValueArgumentIbNS_16DefaultConverterIbEEEC2ERNS_8ArgValueIbEENSt7__cxx1112basic_stringIcSt11char_traitsIcESaIcEEESC_
FN:372,_ZN8argparse19SingleValueArgumentIbNS_16DefaultConverterIbEEE19set_dest_to_defaultEv
FNDA:0,_ZN8argparse19SingleValueArgumentIbNS_16DefaultConverterIbEEE19set_dest_to_defaultEv
FN:378,_ZN8argparse19SingleValueArgumentIbNS_16DefaultConverterIbEEE17add_value_to_destENSt7__cxx1112basic_stringIcSt11char_traitsIcESaIcEEE
FNDA:0,_ZN8argparse19SingleValueArgumentIbNS_16DefaultConverterIbEEE17add_value_to_destENSt7__cxx1112basic_stringIcSt11char_traitsIcESaIcEEE
FN:382,_ZN8argparse19SingleValueArgumentIbNS_16DefaultConverterIbEEE17set_dest_to_valueENSt7__cxx1112basic_stringIcSt11char_traitsIcESaIcEEE
FNDA:0,_ZN8argparse19SingleValueArgumentIbNS_16DefaultConverterIbEEE17set_dest_to_valueENSt7__cxx1112basic_stringIcSt11char_traitsIcESaIcEEE
FN:393,_ZN8argparse19SingleValueArgumentIbNS_16DefaultConverterIbEEE16set_dest_to_trueEv
FNDA:32,_ZN8argparse19SingleValueArgumentIbNS_16DefaultConverterIbEEE16set_dest_to_trueEv
FN:402,_ZN8argparse19SingleValueArgumentIbNS_16DefaultConverterIbEEE17set_dest_to_falseEv
FNDA:0,_ZN8argparse19SingleValueArgumentIbNS_16DefaultConverterIbEEE17set_dest_to_falseEv
FN:411,_ZN8argparse19SingleValueArgumentIbNS_16DefaultConverterIbEEE12valid_actionEv
FNDA:0,_ZN8argparse19SingleValueArgumentIbNS_16DefaultConverterIbEEE12valid_actionEv
FN:416,_ZN8argparse19SingleValueArgumentIbNS_16DefaultConverterIbEEE10reset_destEv
FNDA:0,_ZN8argparse19SingleValueArgumentIbNS_16DefaultConverterIbEEE10reset_destEv
FN:420,_ZN8argparse19SingleValueArgumentIbNS_16DefaultConverterIbEEE14is_valid_valueENSt7__cxx1112basic_stringIcSt11char_traitsIcESaIcEEE
FNDA:0,_ZN8argparse19SingleValueArgumentIbNS_16DefaultConverterIbEEE14is_valid_valueENSt7__cxx1112basic_stringIcSt11char_traitsIcESaIcEEE
FN:435,_ZN8argparse18MultiValueArgumentISt6vectorINSt7__cxx1112basic_stringIcSt11char_traitsIcESaIcEEESaIS7_EENS_16DefaultConverterIS7_EEEC2ERNS_8ArgValueIS9_EES7_S7_
FNDA:24052,_ZN8argparse18MultiValueArgumentISt6vectorINSt7__cxx1112basic_stringIcSt11char_traitsIcESaIcEEESaIS7_EENS_16DefaultConverterIS7_EEEC2ERNS_8ArgValueIS9_EES7_S7_
FN:441,_ZN8argparse18MultiValueArgumentISt6vectorINSt7__cxx1112basic_stringIcSt11char_traitsIcESaIcEEESaIS7_EENS_16DefaultConverterIS7_EEE19set_dest_to_defaultEv
FNDA:0,_ZN8argparse18MultiValueArgumentISt6vectorINSt7__cxx1112basic_stringIcSt11char_traitsIcESaIcEEESaIS7_EENS_16DefaultConverterIS7_EEE19set_dest_to_defaultEv
FN:452,_ZN8argparse18MultiValueArgumentISt6vectorINSt7__cxx1112basic_stringIcSt11char_traitsIcESaIcEEESaIS7_EENS_16DefaultConverterIS7_EEE17set_dest_to_valueES7_
FNDA:0,_ZN8argparse18MultiValueArgumentISt6vectorINSt7__cxx1112basic_stringIcSt11char_traitsIcESaIcEEESaIS7_EENS_16DefaultConverterIS7_EEE17set_dest_to_valueES7_
FN:456,_ZN8argparse18MultiValueArgumentISt6vectorINSt7__cxx1112basic_stringIcSt11char_traitsIcESaIcEEESaIS7_EENS_16DefaultConverterIS7_EEE17add_value_to_destES7_
FNDA:11365,_ZN8argparse18MultiValueArgumentISt6vectorINSt7__cxx1112basic_stringIcSt11char_traitsIcESaIcEEESaIS7_EENS_16DefaultConverterIS7_EEE17add_value_to_destES7_
FN:481,_ZN8argparse18MultiValueArgumentISt6vectorINSt7__cxx1112basic_stringIcSt11char_traitsIcESaIcEEESaIS7_EENS_16DefaultConverterIS7_EEE16set_dest_to_trueEv
FNDA:0,_ZN8argparse18MultiValueArgumentISt6vectorINSt7__cxx1112basic_stringIcSt11char_traitsIcESaIcEEESaIS7_EENS_16DefaultConverterIS7_EEE16set_dest_to_trueEv
FN:484,_ZN8argparse18MultiValueArgumentISt6vectorINSt7__cxx1112basic_stringIcSt11char_traitsIcESaIcEEESaIS7_EENS_16DefaultConverterIS7_EEE17set_dest_to_falseEv
FNDA:0,_ZN8argparse18MultiValueArgumentISt6vectorINSt7__cxx1112basic_stringIcSt11char_traitsIcESaIcEEESaIS7_EENS_16DefaultConverterIS7_EEE17set_dest_to_falseEv
FN:488,_ZN8argparse18MultiValueArgumentISt6vectorINSt7__cxx1112basic_stringIcSt11char_traitsIcESaIcEEESaIS7_EENS_16DefaultConverterIS7_EEE12valid_actionEv
FNDA:24052,_ZN8argparse18MultiValueArgumentISt6vectorINSt7__cxx1112basic_stringIcSt11char_traitsIcESaIcEEESaIS7_EENS_16DefaultConverterIS7_EEE12valid_actionEv
FN:496,_ZN8argparse18MultiValueArgumentISt6vectorINSt7__cxx1112basic_stringIcSt11char_traitsIcESaIcEEESaIS7_EENS_16DefaultConverterIS7_EEE10reset_destEv
FNDA:0,_ZN8argparse18MultiValueArgumentISt6vectorINSt7__cxx1112basic_stringIcSt11char_traitsIcESaIcEEESaIS7_EENS_16DefaultConverterIS7_EEE10reset_destEv
FN:500,_ZN8argparse18MultiValueArgumentISt6vectorINSt7__cxx1112basic_stringIcSt11char_traitsIcESaIcEEESaIS7_EENS_16DefaultConverterIS7_EEE14is_valid_valueES7_
FNDA:11365,_ZN8argparse18MultiValueArgumentISt6vectorINSt7__cxx1112basic_stringIcSt11char_traitsIcESaIcEEESaIS7_EENS_16DefaultConverterIS7_EEE14is_valid_valueES7_
DA:269,0
DA:269,577248
DA:297,6013
DA:299,18039
DA:300,6013
DA:297,6013
DA:299,18039
DA:300,6013
DA:297,6013
DA:299,18039
DA:300,6013
DA:297,24052
DA:299,72156
DA:300,24052
DA:297,54117
DA:299,162351
DA:300,54117
DA:302,18039
DA:303,18039
DA:304,36078
DA:305,36078
DA:306,18039
DA:302,18039
DA:303,36078
DA:304,36078
DA:305,36078
DA:306,18039
DA:302,0
DA:303,0
DA:304,0
DA:305,0
DA:306,0
DA:302,6013
DA:303,6013
DA:304,12026
DA:305,12026
DA:306,6013
DA:302,6013
DA:303,12026
DA:304,12026
DA:305,12026
DA:306,6013
DA:308,21220
DA:309,21220
DA:310,21220
DA:311,0
DA:314,21220
DA:315,42440
DA:316,42440
DA:317,21220
DA:308,525
DA:309,525
DA:310,525
DA:311,0
DA:314,1050
DA:315,1050
DA:316,1050
DA:317,525
DA:308,6
DA:309,6
DA:310,6
DA:311,0
DA:314,12
DA:315,12
DA:316,12
DA:317,6
DA:308,48
DA:309,48
DA:310,48
DA:311,0
DA:314,48
DA:315,96
DA:316,96
DA:317,48
DA:308,90
DA:309,90
DA:310,90
DA:311,0
DA:314,180
DA:315,180
DA:316,180
DA:317,90
DA:319,0
DA:320,0
DA:319,0
DA:320,0
DA:319,0
DA:320,0
DA:319,0
DA:320,0
DA:319,0
DA:320,0
DA:323,0
DA:324,0
DA:323,0
DA:324,0
DA:323,0
DA:324,0
DA:323,0
DA:324,0
DA:323,0
DA:324,0
DA:326,0
DA:327,0
DA:326,0
DA:327,0
DA:326,0
DA:327,0
DA:326,0
DA:327,0
DA:326,0
DA:327,0
DA:330,0
DA:332,0
DA:333,0
DA:334,0
DA:335,0
DA:336,0
DA:337,0
DA:338,0
DA:339,0
DA:340,0
DA:341,0
DA:343,0
DA:330,6013
DA:332,6013
DA:333,0
DA:334,0
DA:335,0
DA:336,6013
DA:337,0
DA:338,0
DA:339,0
DA:340,6013
DA:341,0
DA:343,6013
DA:330,0
DA:332,0
DA:333,0
DA:334,0
DA:335,0
DA:336,0
DA:337,0
DA:338,0
DA:339,0
DA:340,0
DA:341,0
DA:343,0
DA:330,0
DA:332,0
DA:333,0
DA:334,0
DA:335,0
DA:336,0
DA:337,0
DA:338,0
DA:339,0
DA:340,0
DA:341,0
DA:343,0
DA:330,6013
DA:332,6013
DA:333,0
DA:334,0
DA:335,0
DA:336,6013
DA:337,0
DA:338,0
DA:339,0
DA:340,6013
DA:341,0
DA:343,6013
DA:346,0
DA:347,0
DA:348,0
DA:346,0
DA:347,0
DA:348,0
DA:346,0
DA:347,0
DA:348,0
DA:346,0
DA:347,0
DA:348,0
DA:346,0
DA:347,0
DA:348,0
DA:350,21220
DA:351,63660
DA:353,21220
DA:356,63612
DA:350,525
DA:351,1575
DA:353,525
DA:356,1050
DA:350,6
DA:351,18
DA:353,6
DA:356,12
DA:350,0
DA:351,0
DA:353,0
DA:356,0
DA:350,90
DA:351,270
DA:353,90
DA:356,180
DA:367,84182
DA:369,252546
DA:370,84182
DA:372,0
DA:373,0
DA:374,0
DA:375,0
DA:376,0
DA:378,0
DA:379,0
DA:382,0
DA:383,0
DA:384,0
DA:385,0
DA:388,0
DA:389,0
DA:390,0
DA:391,0
DA:393,32
DA:394,32
DA:395,32
DA:397,32
DA:398,64
DA:399,92
DA:400,32
DA:402,0
DA:403,0
DA:404,0
DA:406,0
DA:407,0
DA:408,0
DA:409,0
DA:411,0
DA:413,0
DA:416,0
DA:417,0
DA:418,0
DA:420,0
DA:421,0
DA:423,0
DA:426,0
DA:435,24052
DA:437,72156
DA:438,24052
DA:441,0
DA:442,0
DA:443,0
DA:444,0
DA:445,0
DA:448,0
DA:449,0
DA:450,0
DA:452,0
DA:453,0
DA:456,11365
DA:457,11365
DA:458,14125
DA:459,0
DA:462,11365
DA:464,11365
DA:466,11365
DA:467,11365
DA:471,22730
DA:472,11365
DA:473,0
DA:475,11365
DA:477,22730
DA:478,31010
DA:479,11365
DA:481,0
DA:482,0
DA:484,0
DA:485,0
DA:488,24052
DA:490,24052
DA:491,0
DA:493,24052
DA:496,0
DA:497,0
DA:498,0
DA:500,11365
DA:501,34095
DA:503,11365
DA:506,25815
end_of_record
SF:/workspace/vtr-verilog-to-routing/libs/libvtrutil/src/vtr_string_interning.h
end_of_record
SF:/usr/include/c++/9/bits/stl_iterator_base_funcs.h
DA:98,79435200
DA:104,79435200
DA:138,79435200
DA:141,79435200
DA:174,0
DA:180,0
DA:181,0
DA:182,0
DA:183,0
DA:185,0
DA:202,0
DA:205,0
DA:206,0
end_of_record
SF:/workspace/vtr-verilog-to-routing/libs/libarchfpga/src/physical_types.h
DA:442,0
DA:507,0
DA:820,0
end_of_record
SF:/usr/include/c++/9/initializer_list
DA:71,99112
DA:75,99112
DA:79,99112
end_of_record
SF:/usr/include/c++/9/bits/range_access.h
DA:68,11365
DA:69,11365
end_of_record
SF:/workspace/vtr-verilog-to-routing/ODIN_II/SRC/odin_ii.cpp
FN:94,_ZL18synthesize_verilogv
FNDA:3109,_ZL18synthesize_verilogv
FN:210,_Z13start_odin_iiiPPc
FNDA:6013,_Z13start_odin_iiiPPc
FN:332,_Z17terminate_odin_iiP9netlist_t
FNDA:6013,_Z17terminate_odin_iiP9netlist_t
FN:344,_ZN17ParseInitRegState8from_strENSt7__cxx1112basic_stringIcSt11char_traitsIcESaIcEEE
FNDA:6061,_ZN17ParseInitRegState8from_strENSt7__cxx1112basic_stringIcSt11char_traitsIcESaIcEEE
FN:368,_ZN17ParseInitRegState15default_choicesB5cxx11Ev
FNDA:6013,_ZN17ParseInitRegState15default_choicesB5cxx11Ev
FN:376,_Z11get_optionsiPPc
FNDA:6013,_Z11get_optionsiPPc
FN:637,_Z18set_default_configv
FNDA:6013,_Z18set_default_configv
FN:669,_ZL17get_physical_lutsRSt6vectorIP9t_pb_typeSaIS1_EES1_
FNDA:155244,_ZL17get_physical_lutsRSt6vectorIP9t_pb_typeSaIS1_EES1_
FN:681,_ZL21set_physical_lut_sizev
FNDA:4132,_ZL21set_physical_lut_sizev
DA:94,3109
DA:95,3109
DA:97,3109
DA:98,3109
DA:100,3109
DA:103,3109
DA:104,3109
DA:106,3109
DA:108,3109
DA:111,3109
DA:112,3109
DA:113,3109
DA:120,3109
DA:121,0
DA:127,3109
DA:128,3109
DA:129,3109
DA:131,3103
DA:136,3103
DA:137,3103
DA:139,1564
DA:140,1564
DA:141,1564
DA:144,3103
DA:146,1564
DA:147,1564
DA:150,3103
DA:152,1005
DA:153,1005
DA:154,1005
DA:157,1005
DA:158,1005
DA:159,1005
DA:164,3103
DA:165,52
DA:168,3103
DA:169,3103
DA:170,3103
DA:173,3103
DA:179,3103
DA:181,3103
DA:182,3103
DA:184,3103
DA:186,3103
DA:187,3103
DA:188,3103
DA:189,3103
DA:191,3103
DA:193,3103
DA:196,3103
DA:198,6
DA:200,3109
DA:202,3109
DA:203,3109
DA:204,3109
DA:205,3109
DA:207,3109
DA:210,6013
DA:211,6013
DA:213,6013
DA:215,6013
DA:216,6013
DA:217,6013
DA:219,0
DA:220,0
DA:221,0
DA:223,6013
DA:224,6013
DA:226,6013
DA:229,6013
DA:231,12026
DA:233,0
DA:234,0
DA:235,0
DA:236,0
DA:237,0
DA:238,0
DA:242,6013
DA:243,84
DA:244,84
DA:245,84
DA:246,0
DA:247,0
DA:248,0
DA:253,6013
DA:254,4132
DA:255,4132
DA:257,4132
DA:258,4132
DA:259,4132
DA:260,4132
DA:261,0
DA:262,0
DA:263,0
DA:266,6013
DA:269,6013
DA:270,6194
DA:271,5459
DA:273,3109
DA:275,3109
DA:276,3109
DA:277,0
DA:278,0
DA:281,3109
DA:287,6013
DA:288,6013
DA:289,3109
DA:290,3109
DA:291,9122
DA:294,2904
DA:295,0
DA:296,0
DA:298,2904
DA:299,2904
DA:302,2904
DA:303,2904
DA:304,0
DA:305,0
DA:306,0
DA:311,2904
DA:312,5808
DA:313,2866
DA:314,2866
DA:316,2866
DA:319,6013
DA:321,6013
DA:322,6013
DA:323,6013
DA:324,6013
DA:325,6013
DA:326,6013
DA:327,6013
DA:328,6013
DA:329,6013
DA:332,6013
DA:333,6013
DA:336,6013
DA:337,6013
DA:338,6013
DA:340,6013
DA:344,6061
DA:345,6061
DA:347,6013
DA:349,6013
DA:351,0
DA:352,0
DA:353,0
DA:368,6013
DA:369,24052
DA:376,6013
DA:377,18039
DA:379,6013
DA:381,6013
DA:383,6013
DA:384,12026
DA:385,12026
DA:387,6013
DA:388,12026
DA:389,6013
DA:390,12026
DA:392,6013
DA:393,12026
DA:394,12026
DA:396,6013
DA:398,6013
DA:399,12026
DA:400,12026
DA:401,12026
DA:403,6013
DA:405,6013
DA:406,12026
DA:407,6013
DA:409,6013
DA:410,12026
DA:411,12026
DA:413,6013
DA:414,12026
DA:415,12026
DA:416,6013
DA:417,12026
DA:419,6013
DA:420,12026
DA:421,12026
DA:422,6013
DA:424,6013
DA:425,12026
DA:426,12026
DA:427,6013
DA:429,6013
DA:430,12026
DA:431,12026
DA:432,6013
DA:434,6013
DA:435,12026
DA:436,12026
DA:437,6013
DA:439,6013
DA:440,12026
DA:441,12026
DA:442,12026
DA:444,6013
DA:445,12026
DA:446,12026
DA:447,6013
DA:449,6013
DA:450,12026
DA:451,12026
DA:453,6013
DA:455,6013
DA:456,12026
DA:457,12026
DA:459,6013
DA:460,12026
DA:461,12026
DA:463,6013
DA:464,12026
DA:465,12026
DA:466,6013
DA:468,6013
DA:469,12026
DA:470,12026
DA:471,12026
DA:473,6013
DA:474,12026
DA:475,6013
DA:476,12026
DA:478,6013
DA:479,12026
DA:480,6013
DA:481,12026
DA:483,6013
DA:485,6013
DA:486,12026
DA:487,12026
DA:489,6013
DA:490,12026
DA:491,12026
DA:493,6013
DA:495,6013
DA:496,12026
DA:497,12026
DA:498,12026
DA:500,6013
DA:501,12026
DA:502,12026
DA:503,6013
DA:504,12026
DA:506,6013
DA:507,12026
DA:508,12026
DA:509,12026
DA:511,6013
DA:512,12026
DA:513,12026
DA:514,6013
DA:516,6013
DA:517,12026
DA:518,12026
DA:519,6013
DA:521,6013
DA:522,12026
DA:523,12026
DA:524,12026
DA:526,6013
DA:527,12026
DA:528,12026
DA:529,6013
DA:531,6013
DA:532,12026
DA:533,12026
DA:534,6013
DA:536,6013
DA:537,12026
DA:538,12026
DA:539,6013
DA:541,6013
DA:550,12026
DA:551,6013
DA:552,12026
DA:554,6013
DA:556,6013
DA:557,12026
DA:558,12026
DA:559,6013
DA:561,6013
DA:562,12026
DA:563,12026
DA:564,6013
DA:566,6013
DA:569,6013
DA:570,6013
DA:571,6013
DA:572,6013
DA:574,60
DA:575,60
DA:579,6013
DA:580,6013
DA:582,12026
DA:583,6017
DA:586,6013
DA:588,3085
DA:589,3085
DA:590,2928
DA:591,11616
DA:594,6013
DA:595,8216
DA:598,6013
DA:599,2
DA:602,6013
DA:603,2
DA:606,6013
DA:607,0
DA:610,6013
DA:611,0
DA:614,6013
DA:615,48
DA:618,6013
DA:619,12026
DA:622,6013
DA:623,0
DA:625,6013
DA:626,90
DA:627,90
DA:628,5923
DA:629,0
DA:630,0
DA:632,6013
DA:637,6013
DA:639,6013
DA:640,6013
DA:641,6013
DA:642,6013
DA:643,6013
DA:644,6013
DA:645,6013
DA:647,6013
DA:648,6013
DA:650,6013
DA:651,6013
DA:653,6013
DA:659,6013
DA:660,6013
DA:661,6013
DA:669,155244
DA:670,155244
DA:671,155244
DA:672,7982
DA:674,278198
DA:675,130936
DA:679,155244
DA:681,4132
DA:682,4132
DA:684,22532
DA:685,18400
DA:686,14268
DA:689,12114
DA:690,7982
DA:691,7982
DA:692,6030
DA:696,4132
end_of_record
SF:/usr/include/c++/9/bits/unordered_map.h
end_of_record
SF:/usr/include/c++/9/ostream
DA:565,0
DA:568,0
DA:570,0
DA:571,0
end_of_record
SF:/usr/include/c++/9/sstream
DA:831,0
DA:832,0
end_of_record
SF:/usr/include/c++/9/bits/stl_uninitialized.h
FN:76,_ZNSt20__uninitialized_copyILb0EE13__uninit_copyIN9__gnu_cxx17__normal_iteratorIPKNSt7__cxx1112basic_stringIcSt11char_traitsIcESaIcEEESt6vectorIS9_SaIS9_EEEEPS9_EET0_T_SI_SH_
FNDA:183475,_ZNSt20__uninitialized_copyILb0EE13__uninit_copyIN9__gnu_cxx17__normal_iteratorIPKNSt7__cxx1112basic_stringIcSt11char_traitsIcESaIcEEESt6vectorIS9_SaIS9_EEEEPS9_EET0_T_SI_SH_
FN:76,_ZNSt20__uninitialized_copyILb0EE13__uninit_copyIPKNSt7__cxx1112basic_stringIcSt11char_traitsIcESaIcEEEPS7_EET0_T_SC_SB_
FNDA:93099,_ZNSt20__uninitialized_copyILb0EE13__uninit_copyIPKNSt7__cxx1112basic_stringIcSt11char_traitsIcESaIcEEEPS7_EET0_T_SC_SB_
FN:76,_ZNSt20__uninitialized_copyILb0EE13__uninit_copyIPNSt7__cxx1112basic_stringIcSt11char_traitsIcESaIcEEES8_EET0_T_SA_S9_
FNDA:0,_ZNSt20__uninitialized_copyILb0EE13__uninit_copyIPNSt7__cxx1112basic_stringIcSt11char_traitsIcESaIcEEES8_EET0_T_SA_S9_
DA:76,183475
DA:79,183475
DA:82,559366
DA:83,751782
DA:84,183475
DA:86,0
DA:88,0
DA:89,0
DA:76,93099
DA:79,93099
DA:82,282406
DA:83,378614
DA:84,93099
DA:86,0
DA:88,0
DA:89,0
DA:76,0
DA:79,0
DA:82,0
DA:83,0
DA:84,0
DA:86,0
DA:88,0
DA:89,0
DA:115,186379
DA:134,186379
DA:140,186379
DA:305,186379
DA:307,186379
DA:905,1066870
DA:912,1066870
DA:913,1066870
DA:924,15964
DA:927,15964
DA:928,7982
DA:929,3850
DA:930,7982
DA:949,2716450
DA:950,2133740
DA:958,144118
DA:964,1502340
end_of_record
SF:/usr/include/c++/9/bits/hashtable_policy.h
DA:269,18
DA:1093,16158
DA:1108,9
DA:2017,16158
DA:2046,9
DA:2047,9
DA:2118,12026
DA:2120,12044
DA:2122,18
DA:2123,18
DA:2124,18
DA:2142,9
DA:2146,9
DA:2147,9
DA:2148,9
DA:2149,9
end_of_record
SF:/workspace/vtr-verilog-to-routing/libs/libvtrutil/src/vtr_flat_map.h
end_of_record
SF:/workspace/vtr-verilog-to-routing/libs/EXTERNAL/libargparse/src/argparse_util.tpp
FN:22,_ZN8argparse4joinISt6vectorINSt7__cxx1112basic_stringIcSt11char_traitsIcESaIcEEESaIS7_EEEES7_T_S7_
FNDA:0,_ZN8argparse4joinISt6vectorINSt7__cxx1112basic_stringIcSt11char_traitsIcESaIcEEESaIS7_EEEES7_T_S7_
DA:22,0
DA:23,0
DA:25,0
DA:26,0
DA:27,0
DA:28,0
DA:29,0
DA:32,0
end_of_record
SF:/usr/include/c++/9/bits/allocated_ptr.h
DA:52,204442
DA:53,408884
DA:70,408884
DA:73,408884
DA:78,204442
DA:80,204442
DA:85,204442
DA:95,204442
DA:97,204442
end_of_record
SF:/usr/include/c++/9/iostream
end_of_record
SF:/usr/include/c++/9/ext/type_traits.h
DA:152,79432300
end_of_record
SF:/usr/include/c++/9/bits/shared_ptr_base.h
FN:131,_ZNSt16_Sp_counted_baseILN9__gnu_cxx12_Lock_policyE2EE10_M_destroyEv
FNDA:0,_ZNSt16_Sp_counted_baseILN9__gnu_cxx12_Lock_policyE2EE10_M_destroyEv
FN:148,_ZNSt16_Sp_counted_baseILN9__gnu_cxx12_Lock_policyE2EE10_M_releaseEv
FNDA:204442,_ZNSt16_Sp_counted_baseILN9__gnu_cxx12_Lock_policyE2EE10_M_releaseEv
FN:404,_ZNSt15_Sp_counted_ptrIDnLN9__gnu_cxx12_Lock_policyE2EE10_M_disposeEv
FNDA:0,_ZNSt15_Sp_counted_ptrIDnLN9__gnu_cxx12_Lock_policyE2EE10_M_disposeEv
FN:552,_ZNSt23_Sp_counted_ptr_inplaceIN8argparse19SingleValueArgumentIiNS0_16DefaultConverterIiEEEESaIS4_ELN9__gnu_cxx12_Lock_policyE2EED2Ev
FNDA:0,_ZNSt23_Sp_counted_ptr_inplaceIN8argparse19SingleValueArgumentIiNS0_16DefaultConverterIiEEEESaIS4_ELN9__gnu_cxx12_Lock_policyE2EED2Ev
FN:552,_ZNSt23_Sp_counted_ptr_inplaceIN8argparse19SingleValueArgumentIiNS0_16DefaultConverterIiEEEESaIS4_ELN9__gnu_cxx12_Lock_policyE2EED0Ev
FNDA:0,_ZNSt23_Sp_counted_ptr_inplaceIN8argparse19SingleValueArgumentIiNS0_16DefaultConverterIiEEEESaIS4_ELN9__gnu_cxx12_Lock_policyE2EED0Ev
FN:552,_ZNSt23_Sp_counted_ptr_inplaceIN8argparse19SingleValueArgumentIdNS0_16DefaultConverterIdEEEESaIS4_ELN9__gnu_cxx12_Lock_policyE2EED0Ev
FNDA:0,_ZNSt23_Sp_counted_ptr_inplaceIN8argparse19SingleValueArgumentIdNS0_16DefaultConverterIdEEEESaIS4_ELN9__gnu_cxx12_Lock_policyE2EED0Ev
FN:552,_ZNSt23_Sp_counted_ptr_inplaceIN8argparse19SingleValueArgumentIdNS0_16DefaultConverterIdEEEESaIS4_ELN9__gnu_cxx12_Lock_policyE2EED2Ev
FNDA:0,_ZNSt23_Sp_counted_ptr_inplaceIN8argparse19SingleValueArgumentIdNS0_16DefaultConverterIdEEEESaIS4_ELN9__gnu_cxx12_Lock_policyE2EED2Ev
FN:552,_ZNSt23_Sp_counted_ptr_inplaceIN8argparse19SingleValueArgumentIbNS0_16DefaultConverterIbEEEESaIS4_ELN9__gnu_cxx12_Lock_policyE2EED2Ev
FNDA:0,_ZNSt23_Sp_counted_ptr_inplaceIN8argparse19SingleValueArgumentIbNS0_16DefaultConverterIbEEEESaIS4_ELN9__gnu_cxx12_Lock_policyE2EED2Ev
FN:552,_ZNSt23_Sp_counted_ptr_inplaceIN8argparse19SingleValueArgumentIbNS0_16DefaultConverterIbEEEESaIS4_ELN9__gnu_cxx12_Lock_policyE2EED0Ev
FNDA:0,_ZNSt23_Sp_counted_ptr_inplaceIN8argparse19SingleValueArgumentIbNS0_16DefaultConverterIbEEEESaIS4_ELN9__gnu_cxx12_Lock_policyE2EED0Ev
FN:552,_ZNSt23_Sp_counted_ptr_inplaceIN8argparse19SingleValueArgumentIi17ParseInitRegStateEESaIS3_ELN9__gnu_cxx12_Lock_policyE2EED0Ev
FNDA:0,_ZNSt23_Sp_counted_ptr_inplaceIN8argparse19SingleValueArgumentIi17ParseInitRegStateEESaIS3_ELN9__gnu_cxx12_Lock_policyE2EED0Ev
FN:552,_ZNSt23_Sp_counted_ptr_inplaceIN8argparse19SingleValueArgumentIi17ParseInitRegStateEESaIS3_ELN9__gnu_cxx12_Lock_policyE2EED2Ev
FNDA:0,_ZNSt23_Sp_counted_ptr_inplaceIN8argparse19SingleValueArgumentIi17ParseInitRegStateEESaIS3_ELN9__gnu_cxx12_Lock_policyE2EED2Ev
FN:552,_ZNSt23_Sp_counted_ptr_inplaceIN8argparse18MultiValueArgumentISt6vectorINSt7__cxx1112basic_stringIcSt11char_traitsIcESaIcEEESaIS8_EENS0_16DefaultConverterIS8_EEEESaISD_ELN9__gnu_cxx12_Lock_policyE2EED2Ev
FNDA:0,_ZNSt23_Sp_counted_ptr_inplaceIN8argparse18MultiValueArgumentISt6vectorINSt7__cxx1112basic_stringIcSt11char_traitsIcESaIcEEESaIS8_EENS0_16DefaultConverterIS8_EEEESaISD_ELN9__gnu_cxx12_Lock_policyE2EED2Ev
FN:552,_ZNSt23_Sp_counted_ptr_inplaceIN8argparse18MultiValueArgumentISt6vectorINSt7__cxx1112basic_stringIcSt11char_traitsIcESaIcEEESaIS8_EENS0_16DefaultConverterIS8_EEEESaISD_ELN9__gnu_cxx12_Lock_policyE2EED0Ev
FNDA:0,_ZNSt23_Sp_counted_ptr_inplaceIN8argparse18MultiValueArgumentISt6vectorINSt7__cxx1112basic_stringIcSt11char_traitsIcESaIcEEESaIS8_EENS0_16DefaultConverterIS8_EEEESaISD_ELN9__gnu_cxx12_Lock_policyE2EED0Ev
FN:552,_ZNSt23_Sp_counted_ptr_inplaceIN8argparse19SingleValueArgumentIfNS0_16DefaultConverterIfEEEESaIS4_ELN9__gnu_cxx12_Lock_policyE2EED0Ev
FNDA:0,_ZNSt23_Sp_counted_ptr_inplaceIN8argparse19SingleValueArgumentIfNS0_16DefaultConverterIfEEEESaIS4_ELN9__gnu_cxx12_Lock_policyE2EED0Ev
FN:552,_ZNSt23_Sp_counted_ptr_inplaceIN8argparse19SingleValueArgumentIfNS0_16DefaultConverterIfEEEESaIS4_ELN9__gnu_cxx12_Lock_policyE2EED2Ev
FNDA:0,_ZNSt23_Sp_counted_ptr_inplaceIN8argparse19SingleValueArgumentIfNS0_16DefaultConverterIfEEEESaIS4_ELN9__gnu_cxx12_Lock_policyE2EED2Ev
FN:552,_ZNSt23_Sp_counted_ptr_inplaceIN8argparse19SingleValueArgumentINSt7__cxx1112basic_stringIcSt11char_traitsIcESaIcEEENS0_16DefaultConverterIS7_EEEESaISA_ELN9__gnu_cxx12_Lock_policyE2EED2Ev
FNDA:0,_ZNSt23_Sp_counted_ptr_inplaceIN8argparse19SingleValueArgumentINSt7__cxx1112basic_stringIcSt11char_traitsIcESaIcEEENS0_16DefaultConverterIS7_EEEESaISA_ELN9__gnu_cxx12_Lock_policyE2EED2Ev
FN:552,_ZNSt23_Sp_counted_ptr_inplaceIN8argparse19SingleValueArgumentINSt7__cxx1112basic_stringIcSt11char_traitsIcESaIcEEENS0_16DefaultConverterIS7_EEEESaISA_ELN9__gnu_cxx12_Lock_policyE2EED0Ev
FNDA:0,_ZNSt23_Sp_counted_ptr_inplaceIN8argparse19SingleValueArgumentINSt7__cxx1112basic_stringIcSt11char_traitsIcESaIcEEENS0_16DefaultConverterIS7_EEEESaISA_ELN9__gnu_cxx12_Lock_policyE2EED0Ev
FN:555,_ZNSt23_Sp_counted_ptr_inplaceIN8argparse19SingleValueArgumentIfNS0_16DefaultConverterIfEEEESaIS4_ELN9__gnu_cxx12_Lock_policyE2EE10_M_disposeEv
FNDA:6013,_ZNSt23_Sp_counted_ptr_inplaceIN8argparse19SingleValueArgumentIfNS0_16DefaultConverterIfEEEESaIS4_ELN9__gnu_cxx12_Lock_policyE2EE10_M_disposeEv
FN:555,_ZNSt23_Sp_counted_ptr_inplaceIN8argparse19SingleValueArgumentIi17ParseInitRegStateEESaIS3_ELN9__gnu_cxx12_Lock_policyE2EE10_M_disposeEv
FNDA:6013,_ZNSt23_Sp_counted_ptr_inplaceIN8argparse19SingleValueArgumentIi17ParseInitRegStateEESaIS3_ELN9__gnu_cxx12_Lock_policyE2EE10_M_disposeEv
FN:555,_ZNSt23_Sp_counted_ptr_inplaceIN8argparse19SingleValueArgumentIdNS0_16DefaultConverterIdEEEESaIS4_ELN9__gnu_cxx12_Lock_policyE2EE10_M_disposeEv
FNDA:6013,_ZNSt23_Sp_counted_ptr_inplaceIN8argparse19SingleValueArgumentIdNS0_16DefaultConverterIdEEEESaIS4_ELN9__gnu_cxx12_Lock_policyE2EE10_M_disposeEv
FN:555,_ZNSt23_Sp_counted_ptr_inplaceIN8argparse19SingleValueArgumentINSt7__cxx1112basic_stringIcSt11char_traitsIcESaIcEEENS0_16DefaultConverterIS7_EEEESaISA_ELN9__gnu_cxx12_Lock_policyE2EE10_M_disposeEv
FNDA:54117,_ZNSt23_Sp_counted_ptr_inplaceIN8argparse19SingleValueArgumentINSt7__cxx1112basic_stringIcSt11char_traitsIcESaIcEEENS0_16DefaultConverterIS7_EEEESaISA_ELN9__gnu_cxx12_Lock_policyE2EE10_M_disposeEv
FN:555,_ZNSt23_Sp_counted_ptr_inplaceIN8argparse19SingleValueArgumentIiNS0_16DefaultConverterIiEEEESaIS4_ELN9__gnu_cxx12_Lock_policyE2EE10_M_disposeEv
FNDA:24052,_ZNSt23_Sp_counted_ptr_inplaceIN8argparse19SingleValueArgumentIiNS0_16DefaultConverterIiEEEESaIS4_ELN9__gnu_cxx12_Lock_policyE2EE10_M_disposeEv
FN:555,_ZNSt23_Sp_counted_ptr_inplaceIN8argparse18MultiValueArgumentISt6vectorINSt7__cxx1112basic_stringIcSt11char_traitsIcESaIcEEESaIS8_EENS0_16DefaultConverterIS8_EEEESaISD_ELN9__gnu_cxx12_Lock_policyE2EE10_M_disposeEv
FNDA:24052,_ZNSt23_Sp_counted_ptr_inplaceIN8argparse18MultiValueArgumentISt6vectorINSt7__cxx1112basic_stringIcSt11char_traitsIcESaIcEEESaIS8_EENS0_16DefaultConverterIS8_EEEESaISD_ELN9__gnu_cxx12_Lock_policyE2EE10_M_disposeEv
FN:555,_ZNSt23_Sp_counted_ptr_inplaceIN8argparse19SingleValueArgumentIbNS0_16DefaultConverterIbEEEESaIS4_ELN9__gnu_cxx12_Lock_policyE2EE10_M_disposeEv
FNDA:84182,_ZNSt23_Sp_counted_ptr_inplaceIN8argparse19SingleValueArgumentIbNS0_16DefaultConverterIbEEEESaIS4_ELN9__gnu_cxx12_Lock_policyE2EE10_M_disposeEv
FN:562,_ZNSt23_Sp_counted_ptr_inplaceIN8argparse19SingleValueArgumentIdNS0_16DefaultConverterIdEEEESaIS4_ELN9__gnu_cxx12_Lock_policyE2EE10_M_destroyEv
FNDA:6013,_ZNSt23_Sp_counted_ptr_inplaceIN8argparse19SingleValueArgumentIdNS0_16DefaultConverterIdEEEESaIS4_ELN9__gnu_cxx12_Lock_policyE2EE10_M_destroyEv
FN:562,_ZNSt23_Sp_counted_ptr_inplaceIN8argparse19SingleValueArgumentINSt7__cxx1112basic_stringIcSt11char_traitsIcESaIcEEENS0_16DefaultConverterIS7_EEEESaISA_ELN9__gnu_cxx12_Lock_policyE2EE10_M_destroyEv
FNDA:54117,_ZNSt23_Sp_counted_ptr_inplaceIN8argparse19SingleValueArgumentINSt7__cxx1112basic_stringIcSt11char_traitsIcESaIcEEENS0_16DefaultConverterIS7_EEEESaISA_ELN9__gnu_cxx12_Lock_policyE2EE10_M_destroyEv
FN:562,_ZNSt23_Sp_counted_ptr_inplaceIN8argparse18MultiValueArgumentISt6vectorINSt7__cxx1112basic_stringIcSt11char_traitsIcESaIcEEESaIS8_EENS0_16DefaultConverterIS8_EEEESaISD_ELN9__gnu_cxx12_Lock_policyE2EE10_M_destroyEv
FNDA:24052,_ZNSt23_Sp_counted_ptr_inplaceIN8argparse18MultiValueArgumentISt6vectorINSt7__cxx1112basic_stringIcSt11char_traitsIcESaIcEEESaIS8_EENS0_16DefaultConverterIS8_EEEESaISD_ELN9__gnu_cxx12_Lock_policyE2EE10_M_destroyEv
FN:562,_ZNSt23_Sp_counted_ptr_inplaceIN8argparse19SingleValueArgumentIfNS0_16DefaultConverterIfEEEESaIS4_ELN9__gnu_cxx12_Lock_policyE2EE10_M_destroyEv
FNDA:6013,_ZNSt23_Sp_counted_ptr_inplaceIN8argparse19SingleValueArgumentIfNS0_16DefaultConverterIfEEEESaIS4_ELN9__gnu_cxx12_Lock_policyE2EE10_M_destroyEv
FN:562,_ZNSt23_Sp_counted_ptr_inplaceIN8argparse19SingleValueArgumentIbNS0_16DefaultConverterIbEEEESaIS4_ELN9__gnu_cxx12_Lock_policyE2EE10_M_destroyEv
FNDA:84182,_ZNSt23_Sp_counted_ptr_inplaceIN8argparse19SingleValueArgumentIbNS0_16DefaultConverterIbEEEESaIS4_ELN9__gnu_cxx12_Lock_policyE2EE10_M_destroyEv
FN:562,_ZNSt23_Sp_counted_ptr_inplaceIN8argparse19SingleValueArgumentIi17ParseInitRegStateEESaIS3_ELN9__gnu_cxx12_Lock_policyE2EE10_M_destroyEv
FNDA:6013,_ZNSt23_Sp_counted_ptr_inplaceIN8argparse19SingleValueArgumentIi17ParseInitRegStateEESaIS3_ELN9__gnu_cxx12_Lock_policyE2EE10_M_destroyEv
FN:562,_ZNSt23_Sp_counted_ptr_inplaceIN8argparse19SingleValueArgumentIiNS0_16DefaultConverterIiEEEESaIS4_ELN9__gnu_cxx12_Lock_policyE2EE10_M_destroyEv
FNDA:24052,_ZNSt23_Sp_counted_ptr_inplaceIN8argparse19SingleValueArgumentIiNS0_16DefaultConverterIiEEEESaIS4_ELN9__gnu_cxx12_Lock_policyE2EE10_M_destroyEv
FN:575,_ZNSt23_Sp_counted_ptr_inplaceIN8argparse19SingleValueArgumentIiNS0_16DefaultConverterIiEEEESaIS4_ELN9__gnu_cxx12_Lock_policyE2EE14_M_get_deleterERKSt9type_info
FNDA:0,_ZNSt23_Sp_counted_ptr_inplaceIN8argparse19SingleValueArgumentIiNS0_16DefaultConverterIiEEEESaIS4_ELN9__gnu_cxx12_Lock_policyE2EE14_M_get_deleterERKSt9type_info
FN:575,_ZNSt23_Sp_counted_ptr_inplaceIN8argparse19SingleValueArgumentIfNS0_16DefaultConverterIfEEEESaIS4_ELN9__gnu_cxx12_Lock_policyE2EE14_M_get_deleterERKSt9type_info
FNDA:0,_ZNSt23_Sp_counted_ptr_inplaceIN8argparse19SingleValueArgumentIfNS0_16DefaultConverterIfEEEESaIS4_ELN9__gnu_cxx12_Lock_policyE2EE14_M_get_deleterERKSt9type_info
FN:575,_ZNSt23_Sp_counted_ptr_inplaceIN8argparse19SingleValueArgumentIbNS0_16DefaultConverterIbEEEESaIS4_ELN9__gnu_cxx12_Lock_policyE2EE14_M_get_deleterERKSt9type_info
FNDA:0,_ZNSt23_Sp_counted_ptr_inplaceIN8argparse19SingleValueArgumentIbNS0_16DefaultConverterIbEEEESaIS4_ELN9__gnu_cxx12_Lock_policyE2EE14_M_get_deleterERKSt9type_info
FN:575,_ZNSt23_Sp_counted_ptr_inplaceIN8argparse19SingleValueArgumentIi17ParseInitRegStateEESaIS3_ELN9__gnu_cxx12_Lock_policyE2EE14_M_get_deleterERKSt9type_info
FNDA:0,_ZNSt23_Sp_counted_ptr_inplaceIN8argparse19SingleValueArgumentIi17ParseInitRegStateEESaIS3_ELN9__gnu_cxx12_Lock_policyE2EE14_M_get_deleterERKSt9type_info
FN:575,_ZNSt23_Sp_counted_ptr_inplaceIN8argparse18MultiValueArgumentISt6vectorINSt7__cxx1112basic_stringIcSt11char_traitsIcESaIcEEESaIS8_EENS0_16DefaultConverterIS8_EEEESaISD_ELN9__gnu_cxx12_Lock_policyE2EE14_M_get_deleterERKSt9type_info
FNDA:0,_ZNSt23_Sp_counted_ptr_inplaceIN8argparse18MultiValueArgumentISt6vectorINSt7__cxx1112basic_stringIcSt11char_traitsIcESaIcEEESaIS8_EENS0_16DefaultConverterIS8_EEEESaISD_ELN9__gnu_cxx12_Lock_policyE2EE14_M_get_deleterERKSt9type_info
FN:575,_ZNSt23_Sp_counted_ptr_inplaceIN8argparse19SingleValueArgumentINSt7__cxx1112basic_stringIcSt11char_traitsIcESaIcEEENS0_16DefaultConverterIS7_EEEESaISA_ELN9__gnu_cxx12_Lock_policyE2EE14_M_get_deleterERKSt9type_info
FNDA:0,_ZNSt23_Sp_counted_ptr_inplaceIN8argparse19SingleValueArgumentINSt7__cxx1112basic_stringIcSt11char_traitsIcESaIcEEENS0_16DefaultConverterIS7_EEEESaISA_ELN9__gnu_cxx12_Lock_policyE2EE14_M_get_deleterERKSt9type_info
FN:575,_ZNSt23_Sp_counted_ptr_inplaceIN8argparse19SingleValueArgumentIdNS0_16DefaultConverterIdEEEESaIS4_ELN9__gnu_cxx12_Lock_policyE2EE14_M_get_deleterERKSt9type_info
FNDA:0,_ZNSt23_Sp_counted_ptr_inplaceIN8argparse19SingleValueArgumentIdNS0_16DefaultConverterIdEEEESaIS4_ELN9__gnu_cxx12_Lock_policyE2EE14_M_get_deleterERKSt9type_info
FN:672,_ZNSt14__shared_countILN9__gnu_cxx12_Lock_policyE2EEC2IN8argparse19SingleValueArgumentIfNS4_16DefaultConverterIfEEEESaIS8_EJRNS4_8ArgValueIfEERNSt7__cxx1112basic_stringIcSt11char_traitsIcESaIcEEESJ_EEERPT_St20_Sp_alloc_shared_tagIT0_EDpOT1_
FNDA:6013,_ZNSt14__shared_countILN9__gnu_cxx12_Lock_policyE2EEC2IN8argparse19SingleValueArgumentIfNS4_16DefaultConverterIfEEEESaIS8_EJRNS4_8ArgValueIfEERNSt7__cxx1112basic_stringIcSt11char_traitsIcESaIcEEESJ_EEERPT_St20_Sp_alloc_shared_tagIT0_EDpOT1_
FN:672,_ZNSt14__shared_countILN9__gnu_cxx12_Lock_policyE2EEC2IN8argparse19SingleValueArgumentIi17ParseInitRegStateEESaIS7_EJRNS4_8ArgValueIiEERNSt7__cxx1112basic_stringIcSt11char_traitsIcESaIcEEESI_EEERPT_St20_Sp_alloc_shared_tagIT0_EDpOT1_
FNDA:6013,_ZNSt14__shared_countILN9__gnu_cxx12_Lock_policyE2EEC2IN8argparse19SingleValueArgumentIi17ParseInitRegStateEESaIS7_EJRNS4_8ArgValueIiEERNSt7__cxx1112basic_stringIcSt11char_traitsIcESaIcEEESI_EEERPT_St20_Sp_alloc_shared_tagIT0_EDpOT1_
FN:672,_ZNSt14__shared_countILN9__gnu_cxx12_Lock_policyE2EEC2IN8argparse19SingleValueArgumentIdNS4_16DefaultConverterIdEEEESaIS8_EJRNS4_8ArgValueIdEERNSt7__cxx1112basic_stringIcSt11char_traitsIcESaIcEEESJ_EEERPT_St20_Sp_alloc_shared_tagIT0_EDpOT1_
[...]
DA:1581,4394220
DA:1582,4817020
DA:1584,7949600
DA:1591,0
DA:1596,0
DA:1600,0
DA:1601,0
DA:1604,0
DA:1605,0
DA:1606,0
DA:1608,0
DA:1615,0
DA:1620,0
DA:1621,0
DA:1632,7949600
DA:1638,7949600
DA:1639,7949600
DA:1643,7949600
DA:1651,7949600
DA:1652,0
DA:1655,0
DA:1656,0
DA:1660,7949600
DA:1698,7949600
DA:1704,7949600
DA:1705,7949600
DA:1711,7949600
DA:1713,455887
DA:1714,455887
DA:1717,7949600
DA:1720,7949600
DA:1721,7949600
DA:1722,7949600
DA:1724,0
DA:1726,0
DA:1727,0
DA:1849,0
DA:1854,0
DA:1855,0
DA:1860,0
DA:1861,0
DA:1869,0
DA:1874,0
DA:1875,0
DA:1876,0
DA:1877,0
DA:1879,0
DA:1880,0
DA:1881,0
DA:1884,0
DA:1885,0
DA:1886,0
DA:1887,0
DA:1889,0
DA:2061,455887
DA:2067,455887
DA:2069,0
DA:2073,0
DA:2074,0
DA:2076,455887
DA:2084,455887
DA:2088,455887
DA:2089,455887
DA:2090,455887
DA:2091,455887
DA:2092,8358230
DA:2094,7902350
DA:2095,7902350
DA:2096,7902350
DA:2098,6274510
DA:2099,6274510
DA:2100,6274510
DA:2101,6274510
DA:2102,6241420
DA:2107,1627840
DA:2108,1627840
DA:2113,455887
DA:2114,455887
DA:2115,455887
DA:2116,455887
end_of_record
SF:/usr/include/c++/9/ext/type_traits.h
DA:152,10505000
end_of_record
SF:/usr/include/c++/9/iostream
end_of_record
SF:/usr/include/c++/9/bits/stl_function.h
DA:355,16062900
DA:356,16062900
end_of_record
SF:/usr/include/c++/9/bits/ptr_traits.h
DA:146,13093400
DA:147,13093400
DA:156,7949600
end_of_record
SF:/usr/include/c++/9/bits/basic_string.tcc
FN:206,_ZNSt7__cxx1112basic_stringIcSt11char_traitsIcESaIcEE12_M_constructIPcEEvT_S7_St20forward_iterator_tag
FNDA:10505000,_ZNSt7__cxx1112basic_stringIcSt11char_traitsIcESaIcEE12_M_constructIPcEEvT_S7_St20forward_iterator_tag
DA:206,10505000
DA:211,10505000
DA:212,0
DA:215,10505000
DA:217,10505000
DA:219,5251310
DA:220,5251310
DA:225,10505000
DA:232,10505000
DA:233,10505000
end_of_record
SF:/usr/include/c++/9/bits/move.h
DA:47,13093400
DA:74,48317200
DA:99,10505000
DA:138,13093400
DA:139,13093400
end_of_record
SF:/usr/include/c++/9/bits/basic_string.h
FN:6149,_ZSteqIcEN9__gnu_cxx11__enable_ifIXsrSt9__is_charIT_E7__valueEbE6__typeERKNSt7__cxx1112basic_stringIS3_St11char_traitsIS3_ESaIS3_EEESE_
FNDA:16062900,_ZSteqIcEN9__gnu_cxx11__enable_ifIXsrSt9__is_charIT_E7__valueEbE6__typeERKNSt7__cxx1112basic_stringIS3_St11char_traitsIS3_ESaIS3_EEESE_
DA:150,2555380
DA:159,10505000
DA:160,10505000
DA:178,5251310
DA:179,5251310
DA:182,10505000
DA:183,10505000
DA:186,77951000
DA:190,10505000
DA:193,10505000
DA:200,2555380
DA:203,2555380
DA:210,5251310
DA:211,5251310
DA:214,10505000
DA:216,10505000
DA:217,10505000
DA:221,2555380
DA:222,2555380
DA:229,2555380
DA:231,2555380
DA:232,2555380
DA:236,0
DA:237,0
DA:243,10505000
DA:247,10505000
DA:263,10505000
DA:266,21010000
DA:286,0
DA:287,0
DA:290,10505000
DA:291,10505000
DA:346,10505000
DA:348,10505000
DA:349,794112
DA:351,10505000
DA:392,10505000
DA:393,10505000
DA:448,10505000
DA:450,10505000
DA:451,10505000
DA:657,2555380
DA:658,2555380
DA:930,32125900
DA:936,10505000
DA:2312,43880700
DA:2313,43880700
DA:6149,16062900
DA:6151,16062900
DA:6152,16062900
DA:6153,16062900
DA:6734,27817800
DA:6735,27817800
end_of_record
TN:
SF:/usr/include/c++/9/bits/stl_construct.h
DA:117,318929
DA:127,318929
DA:137,318929
DA:203,318929
DA:206,318929
end_of_record
SF:/usr/include/c++/9/bits/stl_iterator.h
DA:806,560
DA:871,256
DA:989,160
DA:992,160
DA:1010,240
DA:1012,240
end_of_record
SF:/usr/include/c++/9/bits/stl_vector.h
FN:550,_ZNSt6vectorIP7nnode_tSaIS1_EEC2ERKS3_
FNDA:240,_ZNSt6vectorIP7nnode_tSaIS1_EEC2ERKS3_
FN:1184,_ZNSt6vectorIP7nnode_tSaIS1_EE9push_backERKS1_
FNDA:184,_ZNSt6vectorIP7nnode_tSaIS1_EE9push_backERKS1_
FN:1753,_ZNKSt6vectorIP7nnode_tSaIS1_EE12_M_check_lenEmPKc
FNDA:160,_ZNKSt6vectorIP7nnode_tSaIS1_EE12_M_check_lenEmPKc
DA:94,318929
DA:95,318929
DA:125,318929
DA:128,318689
DA:130,318689
DA:133,240
DA:134,240
DA:273,160
DA:274,160
DA:277,560
DA:278,560
DA:285,318689
DA:300,240
DA:301,240
DA:302,240
DA:330,318929
DA:332,637858
DA:333,318929
DA:334,318929
DA:347,319089
DA:350,160
DA:351,319201
DA:356,240
DA:358,480
DA:359,240
DA:360,240
DA:450,320
DA:453,480
DA:462,160
DA:466,256
DA:484,318689
DA:550,240
DA:552,240
DA:554,240
DA:555,480
DA:557,240
DA:558,240
DA:675,318929
DA:677,318929
DA:678,318929
DA:680,319105
DA:808,160
DA:809,160
DA:817,240
DA:818,240
DA:826,160
DA:827,160
DA:835,240
DA:836,240
DA:915,840
DA:916,360
DA:920,320
DA:921,480
DA:1184,184
DA:1186,184
DA:1189,24
DA:1191,24
DA:1195,160
DA:1196,184
DA:1753,160
DA:1755,160
DA:1756,0
DA:1758,160
DA:1759,160
DA:1773,320
DA:1780,320
DA:1781,320
end_of_record
SF:/usr/include/c++/9/bits/stl_algobase.h
DA:198,320
DA:222,160
DA:227,160
DA:228,64
DA:280,256
DA:295,240
DA:375,240
DA:384,240
DA:385,240
DA:386,112
DA:387,240
DA:393,240
DA:398,240
DA:404,240
DA:438,240
DA:440,480
DA:465,240
DA:474,240
end_of_record
SF:/usr/include/c++/9/bits/cpp_type_traits.h
DA:428,240
end_of_record
SF:/usr/include/c++/9/ext/new_allocator.h
DA:80,318689
DA:83,240
DA:89,319169
DA:119,272
DA:128,272
DA:132,320
DA:144,184
DA:147,184
end_of_record
SF:/usr/include/c++/9/bits/alloc_traits.h
DA:469,272
DA:470,272
DA:482,24
DA:484,184
DA:505,320
DA:506,320
DA:514,240
DA:515,240
end_of_record
SF:/usr/include/c++/9/bits/stl_uninitialized.h
DA:99,240
DA:101,240
DA:115,240
DA:134,240
DA:140,240
DA:305,240
DA:307,240
DA:924,320
DA:927,320
DA:928,160
DA:929,96
DA:930,160
DA:958,256
DA:964,256
end_of_record
SF:/usr/include/c++/9/iostream
end_of_record
SF:/workspace/vtr-verilog-to-routing/ODIN_II/SRC/include/MixingOptimization.hpp
FN:61,_ZN9MixingOptD0Ev
FNDA:312676,_ZN9MixingOptD0Ev
FN:61,_ZN9MixingOptD2Ev
FNDA:0,_ZN9MixingOptD2Ev
FN:75,_ZN9MixingOpt7enabledEv
FNDA:12960,_ZN9MixingOpt7enabledEv
FN:118,_ZN9MixingOpt10hardenableEP7nnode_t
FNDA:0,_ZN9MixingOpt10hardenableEP7nnode_t
DA:38,312676
DA:61,312676
DA:61,0
DA:75,12960
DA:76,12960
DA:118,0
DA:119,0
DA:160,6013
DA:161,6013
end_of_record
SF:/usr/include/c++/9/bits/move.h
DA:74,184
end_of_record
SF:/workspace/vtr-verilog-to-routing/ODIN_II/SRC/HardSoftLogicMixer.cpp
FN:31,_ZN18HardSoftLogicMixerC2Ev
FNDA:6013,_ZN18HardSoftLogicMixerC2Ev
FN:41,_ZN18HardSoftLogicMixerD2Ev
FNDA:6013,_ZN18HardSoftLogicMixerD2Ev
FN:46,_ZN18HardSoftLogicMixer19note_candidate_nodeEP7nnode_t
FNDA:184,_ZN18HardSoftLogicMixer19note_candidate_nodeEP7nnode_t
FN:50,_ZN18HardSoftLogicMixer10hardenableEP7nnode_t
FNDA:10153,_ZN18HardSoftLogicMixer10hardenableEP7nnode_t
FN:54,_ZN18HardSoftLogicMixer7enabledEP7nnode_t
FNDA:9857,_ZN18HardSoftLogicMixer7enabledEP7nnode_t
FN:58,_ZN18HardSoftLogicMixer18hard_blocks_neededE14operation_list
FNDA:0,_ZN18HardSoftLogicMixer18hard_blocks_neededE14operation_list
FN:62,_ZN18HardSoftLogicMixer16partial_map_nodeEP7nnode_tsP9netlist_t
FNDA:9857,_ZN18HardSoftLogicMixer16partial_map_nodeEP7nnode_tsP9netlist_t
FN:66,_ZN18HardSoftLogicMixer21perform_optimizationsEP9netlist_t
FNDA:3103,_ZN18HardSoftLogicMixer21perform_optimizationsEP9netlist_t
DA:31,324702
DA:32,324702
DA:33,318689
DA:34,6013
DA:36,312676
DA:39,6013
DA:41,324702
DA:42,324702
DA:43,318689
DA:45,6013
DA:46,184
DA:47,184
DA:48,184
DA:50,10153
DA:51,10153
DA:54,9857
DA:55,9857
DA:58,120
DA:59,120
DA:62,9857
DA:63,9857
DA:64,9857
DA:66,3103
DA:67,3103
DA:68,120
DA:69,120
DA:70,120
DA:71,120
DA:72,240
DA:74,3103
end_of_record
SF:/usr/include/c++/9/bits/allocator.h
DA:138,318689
DA:141,240
DA:142,240
DA:153,319169
end_of_record
SF:/usr/include/c++/9/bits/vector.tcc
FN:426,_ZNSt6vectorIP7nnode_tSaIS1_EE17_M_realloc_insertIJRKS1_EEEvN9__gnu_cxx17__normal_iteratorIPS1_S3_EEDpOT_
FNDA:160,_ZNSt6vectorIP7nnode_tSaIS1_EE17_M_realloc_insertIJRKS1_EEEvN9__gnu_cxx17__normal_iteratorIPS1_S3_EEDpOT_
DA:426,160
DA:435,160
DA:437,160
DA:438,160
DA:439,160
DA:440,160
DA:441,160
DA:449,160
DA:450,160
DA:456,160
DA:461,160
DA:462,160
DA:464,160
DA:466,160
DA:467,160
DA:500,320
DA:501,160
DA:502,160
DA:503,160
DA:504,160
DA:505,160
end_of_record
SF:/usr/include/c++/9/new
DA:173,184
DA:174,184
end_of_record
SF:/usr/include/c++/9/ext/alloc_traits.h
DA:97,240
DA:98,240
end_of_record
TN:
SF:/usr/include/x86_64-linux-gnu/bits/stdio2.h
DA:105,10050
DA:107,1005
end_of_record
SF:/workspace/vtr-verilog-to-routing/ODIN_II/SRC/subtractions.cpp
FN:58,_Z23report_sub_distributionv
FNDA:3103,_Z23report_sub_distributionv
FN:82,_Z26declare_hard_adder_for_subP7nnode_t
FNDA:269886,_Z26declare_hard_adder_for_subP7nnode_t
FN:117,_Z34instantiate_hard_adder_subtractionP7nnode_tsP9netlist_t
FNDA:269886,_Z34instantiate_hard_adder_subtractionP7nnode_tsP9netlist_t
FN:160,_Z24init_split_adder_for_subP7nnode_tS0_iiiiiiii
FNDA:269886,_Z24init_split_adder_for_subP7nnode_tS0_iiiiiiii
FN:326,_Z19split_adder_for_subP7nnode_tiiiiiiiP9netlist_t
FNDA:13391,_Z19split_adder_for_subP7nnode_tiiiiiiiP9netlist_t
FN:581,_Z22iterate_adders_for_subP9netlist_t
FNDA:1005,_Z22iterate_adders_for_subP9netlist_t
FN:650,_Z20clean_adders_for_subv
FNDA:1005,_Z20clean_adders_for_subv
DA:58,3103
DA:59,3103
DA:62,1005
DA:63,1005
DA:64,1005
DA:65,1005
DA:67,1005
DA:68,1005
DA:70,1005
DA:71,1005
DA:73,1005
DA:74,1005
DA:82,269886
DA:83,269886
DA:84,269886
DA:87,269886
DA:88,0
DA:90,269886
DA:91,269886
DA:92,269886
DA:93,269886
DA:95,269886
DA:96,269844
DA:99,0
DA:103,42
DA:104,42
DA:105,42
DA:106,42
DA:107,42
DA:108,42
DA:109,42
DA:110,42
DA:111,42
DA:117,269886
DA:118,269886
DA:119,269886
DA:121,269886
DA:124,269886
DA:125,269886
DA:126,269886
DA:130,269886
DA:134,269886
DA:135,269886
DA:138,269886
DA:139,0
DA:142,809658
DA:143,539772
DA:144,512990
DA:145,512990
DA:146,512990
DA:147,512990
DA:151,269886
DA:152,269886
DA:160,269886
DA:161,269886
DA:162,269886
DA:163,269886
DA:164,269886
DA:165,269886
DA:170,269886
DA:173,269886
DA:174,269886
DA:175,269886
DA:176,269886
DA:179,269886
DA:180,269886
DA:181,269886
DA:182,269886
DA:184,0
DA:188,0
DA:189,0
DA:190,0
DA:194,0
DA:197,0
DA:198,0
DA:201,0
DA:205,269886
DA:206,269886
DA:207,269886
DA:208,269886
DA:209,269886
DA:210,269886
DA:211,269886
DA:212,269886
DA:215,269886
DA:216,0
DA:218,269886
DA:221,269886
DA:222,269886
DA:225,269886
DA:226,33842
DA:227,16921
DA:228,252965
DA:229,0
DA:230,0
DA:231,252965
DA:232,0
DA:233,0
DA:234,0
DA:235,0
DA:236,0
DA:237,0
DA:238,0
DA:240,0
DA:241,0
DA:244,0
DA:245,0
DA:246,0
DA:247,0
DA:249,0
DA:250,0
DA:253,252965
DA:254,12803
DA:255,12803
DA:256,12803
DA:257,0
DA:258,0
DA:259,0
DA:260,0
DA:264,0
DA:265,0
DA:266,0
DA:267,0
DA:271,240162
DA:272,480324
DA:273,240162
DA:274,240162
DA:275,240162
DA:278,0
DA:279,0
DA:280,0
DA:281,0
DA:282,0
DA:288,539772
DA:289,269886
DA:292,539772
DA:293,269886
DA:297,269886
DA:298,269886
DA:299,0
DA:301,269886
DA:303,269886
DA:304,269886
DA:305,809658
DA:306,539772
DA:308,269886
DA:326,13391
DA:327,13391
DA:328,13391
DA:329,13391
DA:330,13391
DA:331,13391
DA:332,13391
DA:337,13391
DA:340,13391
DA:341,12803
DA:342,12803
DA:344,588
DA:345,588
DA:348,13391
DA:349,13391
DA:351,269886
DA:352,256495
DA:353,256495
DA:354,256495
DA:355,240162
DA:357,16333
DA:358,256495
DA:361,283277
DA:362,269886
DA:363,269886
DA:364,269886
DA:365,269886
DA:366,13391
DA:367,0
DA:369,13391
DA:373,13391
DA:374,13391
DA:377,13391
DA:379,13391
DA:380,13391
DA:383,0
DA:384,0
DA:388,256495
DA:391,269886
DA:394,13391
DA:396,13391
DA:397,13391
DA:399,0
DA:400,13391
DA:401,13391
DA:402,13391
DA:404,13391
DA:405,0
DA:408,0
DA:409,0
DA:410,0
DA:411,0
DA:412,0
DA:413,0
DA:414,0
DA:415,0
DA:416,0
DA:418,0
DA:421,13391
DA:422,0
DA:425,0
DA:426,0
DA:429,0
DA:430,0
DA:431,0
DA:432,0
DA:433,0
DA:434,0
DA:435,0
DA:436,0
DA:437,0
DA:439,0
DA:443,269886
DA:444,256495
DA:445,256495
DA:448,512990
DA:449,256495
DA:452,0
DA:453,0
DA:454,0
DA:455,0
DA:456,0
DA:457,0
DA:458,0
DA:459,0
DA:460,0
DA:462,0
DA:466,256495
DA:467,256495
DA:468,256495
DA:469,82796
DA:470,82796
DA:471,82796
DA:472,173699
DA:473,15317
DA:474,15317
DA:475,15317
DA:477,158382
DA:483,13391
DA:485,13391
DA:486,13391
DA:488,13391
DA:489,13391
DA:493,13391
DA:494,0
DA:496,13391
DA:500,283277
DA:501,269886
DA:502,809658
DA:503,539772
DA:504,16333
DA:505,15745
DA:507,588
DA:513,269886
DA:514,256495
DA:516,13391
DA:517,0
DA:518,0
DA:519,0
DA:521,0
DA:523,0
DA:527,13391
DA:528,0
DA:529,0
DA:531,0
DA:533,0
DA:538,13391
DA:540,269886
DA:541,512990
DA:542,256495
DA:543,256495
DA:545,0
DA:547,0
DA:552,13391
DA:554,13391
DA:559,13391
DA:560,13391
DA:561,13391
DA:564,13391
DA:565,13391
DA:566,13391
DA:567,13391
DA:568,13391
DA:569,13391
DA:581,1005
DA:582,1005
DA:583,1005
DA:584,1005
DA:585,1005
DA:586,1005
DA:588,1005
DA:591,1005
DA:595,1005
DA:596,1005
DA:597,1005
DA:599,1005
DA:601,14396
DA:602,13391
DA:603,13391
DA:605,13391
DA:606,13391
DA:608,13391
DA:609,13391
DA:610,12803
DA:613,13391
DA:615,13391
DA:617,13391
DA:618,13391
DA:620,0
DA:622,13391
DA:623,13391
DA:625,0
DA:627,13391
DA:631,13391
DA:633,13391
DA:637,0
DA:650,1005
DA:651,1005
DA:652,0
DA:653,675142
DA:654,674137
DA:655,1005
end_of_record
SF:/usr/include/c++/9/iostream
end_of_record
TN:
SF:/usr/include/c++/9/bits/stl_uninitialized.h
DA:905,0
DA:912,0
DA:913,0
DA:949,0
DA:950,0
DA:964,0
end_of_record
SF:/usr/include/c++/9/bits/stl_iterator_base_funcs.h
DA:98,1992
DA:104,1992
DA:138,1992
DA:141,1992
end_of_record
SF:/workspace/vtr-verilog-to-routing/ODIN_II/SRC/include/config_t.h
end_of_record
SF:/usr/include/c++/9/bits/alloc_traits.h
DA:469,12686
DA:470,12686
DA:482,0
DA:484,0
DA:495,0
DA:497,0
DA:505,0
DA:506,0
end_of_record
SF:/usr/include/c++/9/ext/new_allocator.h
DA:80,1992
DA:83,84
DA:89,8089
DA:119,12686
DA:128,12686
DA:132,0
DA:144,0
DA:147,0
DA:151,0
DA:153,0
end_of_record
SF:/usr/include/c++/9/bits/char_traits.h
DA:299,2076
DA:300,84
DA:361,1992
DA:363,1992
DA:365,1992
end_of_record
SF:/usr/include/c++/9/bits/stl_construct.h
DA:97,6013
DA:98,6013
DA:107,12026
DA:108,12026
DA:137,6013
DA:203,6013
DA:206,6013
end_of_record
SF:/usr/include/c++/9/bits/stl_iterator.h
DA:806,24
DA:871,0
DA:989,0
DA:992,0
end_of_record
SF:/usr/include/c++/9/bits/stl_algobase.h
DA:198,0
DA:222,0
DA:227,0
DA:228,0
end_of_record
SF:/usr/include/c++/9/bits/stl_vector.h
FN:675,_ZNSt6vectorINSt7__cxx1112basic_stringIcSt11char_traitsIcESaIcEEESaIS5_EED2Ev
FNDA:6013,_ZNSt6vectorINSt7__cxx1112basic_stringIcSt11char_traitsIcESaIcEEESaIS5_EED2Ev
FN:1753,_ZNKSt6vectorINSt7__cxx1112basic_stringIcSt11char_traitsIcESaIcEEESaIS5_EE12_M_check_lenEmPKc
FNDA:0,_ZNKSt6vectorINSt7__cxx1112basic_stringIcSt11char_traitsIcESaIcEEESaIS5_EE12_M_check_lenEmPKc
DA:94,84
DA:95,84
DA:125,6013
DA:128,84
DA:130,84
DA:273,0
DA:274,0
DA:277,0
DA:278,0
DA:285,84
DA:330,6013
DA:332,12026
DA:333,6013
DA:334,6013
DA:347,6013
DA:350,0
DA:351,6013
DA:453,0
DA:462,0
DA:466,0
DA:484,84
DA:675,6013
DA:677,12026
DA:678,6013
DA:680,6013
DA:808,0
DA:809,0
DA:826,24
DA:827,24
DA:915,0
DA:916,0
DA:920,0
DA:921,0
DA:1200,24
DA:1201,24
DA:1753,0
DA:1755,0
DA:1756,0
DA:1758,0
DA:1759,0
DA:1773,0
DA:1780,0
DA:1781,0
end_of_record
SF:/workspace/vtr-verilog-to-routing/ODIN_II/SRC/read_xml_config_file.cpp
FN:55,_Z16read_config_filePKc
FNDA:84,_Z16read_config_filePKc
FN:99,_Z18read_verilog_filesN4pugi8xml_nodeEP8config_tRKN8pugiutil8loc_dataE
FNDA:84,_Z18read_verilog_filesN4pugi8xml_nodeEP8config_tRKN8pugiutil8loc_dataE
FN:115,_Z12read_outputsN4pugi8xml_nodeEP8config_tRKN8pugiutil8loc_dataE
FNDA:84,_Z12read_outputsN4pugi8xml_nodeEP8config_tRKN8pugiutil8loc_dataE
FN:145,_Z19read_debug_switchesN4pugi8xml_nodeEP8config_tRKN8pugiutil8loc_dataE
FNDA:84,_Z19read_debug_switchesN4pugi8xml_nodeEP8config_tRKN8pugiutil8loc_dataE
FN:174,_Z33set_default_optimization_settingsP8config_t
FNDA:0,_Z33set_default_optimization_settingsP8config_t
FN:191,_Z18read_optimizationsN4pugi8xml_nodeEP8config_tRKN8pugiutil8loc_dataE
FNDA:84,_Z18read_optimizationsN4pugi8xml_nodeEP8config_tRKN8pugiutil8loc_dataE
DA:55,84
DA:56,84
DA:59,84
DA:61,168
DA:62,168
DA:63,84
DA:64,84
DA:67,84
DA:70,84
DA:71,84
DA:74,84
DA:75,84
DA:78,84
DA:79,84
DA:80,84
DA:81,84
DA:85,84
DA:86,84
DA:87,0
DA:88,0
DA:89,0
DA:99,84
DA:100,84
DA:101,84
DA:103,168
DA:104,108
DA:105,24
DA:106,48
DA:107,24
DA:109,84
DA:115,84
DA:116,84
DA:118,84
DA:119,84
DA:120,24
DA:123,84
DA:124,84
DA:125,72
DA:128,84
DA:129,84
DA:130,24
DA:131,24
DA:133,24
DA:134,0
DA:136,72
DA:139,84
DA:145,84
DA:146,84
DA:148,84
DA:149,84
DA:150,24
DA:153,84
DA:154,84
DA:155,24
DA:158,84
DA:159,84
DA:160,24
DA:163,84
DA:164,84
DA:165,0
DA:168,84
DA:174,84
DA:175,84
DA:176,84
DA:177,84
DA:178,84
DA:179,84
DA:180,84
DA:181,84
DA:182,84
DA:183,84
DA:184,84
DA:185,84
DA:191,84
DA:192,84
DA:193,84
DA:195,84
DA:196,84
DA:197,24
DA:198,24
DA:199,24
DA:201,0
DA:203,24
DA:204,24
DA:205,24
DA:207,0
DA:209,24
DA:210,24
DA:211,24
DA:213,0
DA:215,24
DA:216,24
DA:217,24
DA:219,0
DA:222,84
DA:223,84
DA:224,60
DA:225,60
DA:226,60
DA:227,60
DA:228,60
DA:229,60
DA:233,60
DA:234,60
DA:235,0
DA:236,0
DA:237,0
DA:238,0
DA:243,84
DA:244,84
DA:245,24
DA:246,24
DA:247,24
DA:249,0
DA:251,24
DA:252,24
DA:253,24
DA:254,0
DA:255,24
DA:256,0
DA:258,24
DA:260,0
DA:263,84
DA:264,84
DA:265,24
DA:266,24
DA:267,24
DA:269,0
DA:271,24
DA:272,24
DA:273,24
DA:275,0
DA:277,24
DA:278,24
DA:279,0
DA:281,24
DA:283,24
DA:284,24
DA:285,0
DA:287,24
DA:289,24
DA:290,24
DA:291,0
DA:293,24
DA:296,84
end_of_record
SF:/usr/include/x86_64-linux-gnu/bits/stdio2.h
DA:105,0
DA:107,0
end_of_record
SF:/usr/include/c++/9/bits/allocator.h
DA:138,1992
DA:141,84
DA:142,0
DA:153,8089
end_of_record
SF:/workspace/vtr-verilog-to-routing/libs/libpugiutil/src/pugixml_loc.hpp
DA:16,84
end_of_record
SF:/usr/include/c++/9/bits/vector.tcc
FN:109,_ZNSt6vectorINSt7__cxx1112basic_stringIcSt11char_traitsIcESaIcEEESaIS5_EE12emplace_backIJS5_EEEvDpOT_
FNDA:24,_ZNSt6vectorINSt7__cxx1112basic_stringIcSt11char_traitsIcESaIcEEESaIS5_EE12emplace_backIJS5_EEEvDpOT_
FN:426,_ZNSt6vectorINSt7__cxx1112basic_stringIcSt11char_traitsIcESaIcEEESaIS5_EE17_M_realloc_insertIJS5_EEEvN9__gnu_cxx17__normal_iteratorIPS5_S7_EEDpOT_
FNDA:0,_ZNSt6vectorINSt7__cxx1112basic_stringIcSt11char_traitsIcESaIcEEESaIS5_EE17_M_realloc_insertIJS5_EEEvN9__gnu_cxx17__normal_iteratorIPS5_S7_EEDpOT_
DA:109,24
DA:112,24
DA:115,0
DA:117,0
DA:121,24
DA:125,24
DA:426,0
DA:435,0
DA:437,0
DA:438,0
DA:439,0
DA:440,0
DA:441,0
DA:449,0
DA:450,0
DA:456,0
DA:461,0
DA:462,0
DA:464,0
DA:466,0
DA:467,0
DA:500,0
DA:501,0
DA:502,0
DA:503,0
DA:504,0
DA:505,0
end_of_record
SF:/usr/include/c++/9/new
DA:173,0
DA:174,0
end_of_record
SF:/workspace/vtr-verilog-to-routing/libs/EXTERNAL/libargparse/src/argparse_value.hpp
DA:53,24
DA:74,48
DA:75,48
DA:76,48
end_of_record
SF:/usr/include/stdlib.h
DA:361,240
DA:363,240
end_of_record
SF:/usr/include/c++/9/bits/basic_string.h
DA:150,8005
DA:159,84
DA:160,84
DA:178,684
DA:179,684
DA:182,2076
DA:183,2076
DA:186,18746
DA:190,84
DA:193,84
DA:200,8005
DA:203,8005
DA:210,684
DA:211,684
DA:214,2076
DA:216,2076
DA:217,84
DA:221,8005
DA:222,8005
DA:229,8005
DA:231,8005
DA:232,14678
DA:236,6673
DA:237,6673
DA:286,6673
DA:287,6673
DA:346,1992
DA:348,1992
DA:349,0
DA:351,1992
DA:396,1992
DA:398,1992
DA:431,84
DA:433,84
DA:434,84
DA:552,0
DA:553,0
DA:555,0
DA:557,0
DA:562,0
DA:563,0
DA:569,0
DA:570,0
DA:571,0
DA:657,8005
DA:658,8005
DA:665,48
DA:696,48
DA:704,48
DA:705,48
DA:936,0
DA:1364,48
DA:1366,48
DA:6175,24
DA:6177,24
DA:6213,24
DA:6215,24
end_of_record
SF:/usr/include/c++/9/bits/move.h
DA:47,6013
DA:74,24
DA:99,108
DA:138,8089
DA:139,8089
end_of_record
SF:/usr/include/c++/9/bits/basic_string.tcc
FN:206,_ZNSt7__cxx1112basic_stringIcSt11char_traitsIcESaIcEE12_M_constructIPKcEEvT_S8_St20forward_iterator_tag
FNDA:1992,_ZNSt7__cxx1112basic_stringIcSt11char_traitsIcESaIcEE12_M_constructIPKcEEvT_S8_St20forward_iterator_tag
DA:206,1992
DA:211,1992
DA:212,0
DA:215,1992
DA:217,1992
DA:219,684
DA:220,684
DA:225,1992
DA:232,1992
DA:233,1992
end_of_record
SF:/usr/include/c++/9/bits/ptr_traits.h
DA:146,8089
DA:147,8089
end_of_record
SF:/usr/include/c++/9/iostream
end_of_record
SF:/usr/include/c++/9/ext/type_traits.h
DA:152,1992
end_of_record
SF:/usr/include/x86_64-linux-gnu/bits/stdlib-float.h
DA:25,60
DA:27,60
end_of_record
SF:/workspace/vtr-verilog-to-routing/ODIN_II/SRC/include/MixingOptimization.hpp
FN:61,_ZN9MixingOptD0Ev
FNDA:0,_ZN9MixingOptD0Ev
FN:61,_ZN9MixingOptD2Ev
FNDA:0,_ZN9MixingOptD2Ev
DA:61,0
DA:61,0
end_of_record
