TN:
SF:/usr/include/c++/9/bits/alloc_traits.h
FNF:0
FNH:0
DA:470,0
LF:1
LH:0
end_of_record
TN:
SF:/usr/include/c++/9/bits/basic_string.h
FNF:0
FNH:0
DA:159,22263400
DA:160,22263400
DA:179,0
DA:183,22263400
DA:203,0
DA:211,0
DA:217,0
DA:222,50392770
DA:231,50392770
DA:237,4002113
DA:348,0
DA:349,0
DA:431,22263400
DA:658,0
DA:2301,28129270
LF:15
LH:8
end_of_record
TN:
SF:/usr/include/c++/9/bits/basic_string.tcc
FN:206,_ZNSt7__cxx1112basic_stringIcSt11char_traitsIcESaIcEE12_M_constructIPKcEEvT_S8_St20forward_iterator_tag
FNDA:0,_ZNSt7__cxx1112basic_stringIcSt11char_traitsIcESaIcEE12_M_constructIPKcEEvT_S8_St20forward_iterator_tag
FNF:1
FNH:0
DA:206,0
DA:211,0
DA:212,0
DA:215,0
DA:217,0
DA:219,0
DA:220,0
DA:225,0
DA:232,0
DA:233,0
LF:10
LH:0
end_of_record
TN:
SF:/usr/include/c++/9/bits/char_traits.h
FNF:0
FNH:0
DA:300,22263400
DA:363,0
DA:365,0
LF:3
LH:1
end_of_record
TN:
SF:/usr/include/c++/9/bits/ios_base.h
FN:1023,_ZSt3decRSt8ios_base
FN:1031,_ZSt3hexRSt8ios_base
FNDA:12065950,_ZSt3decRSt8ios_base
FNDA:45591200,_ZSt3hexRSt8ios_base
FNF:2
FNH:2
DA:84,57657170
DA:88,57657170
DA:100,57657170
DA:672,57657170
DA:1023,12065950
DA:1026,12065950
DA:1031,45591200
DA:1034,45591200
LF:8
LH:8
end_of_record
TN:
SF:/usr/include/c++/9/bits/std_abs.h
FNF:0
FNH:0
DA:61,22272
LF:1
LH:1
end_of_record
TN:
SF:/usr/include/c++/9/bits/stl_construct.h
FNF:0
FNH:0
DA:98,0
DA:107,404
LF:2
LH:1
end_of_record
TN:
SF:/usr/include/c++/9/bits/stl_iterator_base_funcs.h
FNF:0
FNH:0
DA:104,0
LF:1
LH:0
end_of_record
TN:
SF:/usr/include/c++/9/bits/stl_pair.h
FNF:0
FNH:0
DA:208,0
LF:1
LH:0
end_of_record
TN:
SF:/usr/include/c++/9/bits/stl_tree.h
FN:1907,_ZNSt8_Rb_treeI18SB_Side_ConnectionSt4pairIKS0_St6vectorINSt7__cxx1112basic_stringIcSt11char_traitsIcESaIcEEESaIS9_EEESt10_Select1stISC_ESt4lessIS0_ESaISC_EE8_M_eraseEPSt13_Rb_tree_nodeISC_E
FNDA:0,_ZNSt8_Rb_treeI18SB_Side_ConnectionSt4pairIKS0_St6vectorINSt7__cxx1112basic_stringIcSt11char_traitsIcESaIcEEESaIS9_EEESt10_Select1stISC_ESt4lessIS0_ESaISC_EE8_M_eraseEPSt13_Rb_tree_nodeISC_E
FNF:1
FNH:0
DA:643,0
DA:1907,0
DA:1911,0
DA:1913,0
DA:1914,0
DA:1918,0
LF:6
LH:0
end_of_record
TN:
SF:/usr/include/c++/9/bits/stl_vector.h
FN:675,_ZNSt6vectorI19t_wire_switchpointsSaIS0_EED2Ev
FN:675,_ZNSt6vectorINSt7__cxx1112basic_stringIcSt11char_traitsIcESaIcEEESaIS5_EED2Ev
FN:675,_ZNSt6vectorI14t_wireconn_infSaIS0_EED2Ev
FN:675,_ZNSt6vectorI17t_switchblock_infSaIS0_EED2Ev
FNDA:0,_ZNSt6vectorI19t_wire_switchpointsSaIS0_EED2Ev
FNDA:0,_ZNSt6vectorINSt7__cxx1112basic_stringIcSt11char_traitsIcESaIcEEESaIS5_EED2Ev
FNDA:0,_ZNSt6vectorI14t_wireconn_infSaIS0_EED2Ev
FNDA:404,_ZNSt6vectorI17t_switchblock_infSaIS0_EED2Ev
FNF:4
FNH:1
DA:94,0
DA:95,0
DA:333,404
DA:350,404
DA:675,404
DA:677,404
DA:680,404
LF:7
LH:5
end_of_record
TN:
SF:/usr/include/c++/9/cmath
FNF:0
FNH:0
DA:351,40196
DA:418,0
LF:2
LH:1
end_of_record
TN:
SF:/usr/include/c++/9/ext/new_allocator.h
FNF:0
FNH:0
DA:128,4002113
LF:1
LH:1
end_of_record
TN:
SF:/usr/include/c++/9/ostream
FNF:0
FNH:0
DA:132,57657170
DA:167,3248670
DA:570,3730940
LF:3
LH:3
end_of_record
TN:
SF:/usr/include/c++/9/sstream
FNF:0
FNH:0
DA:832,28129270
DA:842,22263400
LF:2
LH:2
end_of_record
TN:
SF:/usr/include/ctype.h
FNF:0
FNH:0
DA:182,418323
LF:1
LH:1
end_of_record
TN:
SF:/usr/include/stdlib.h
FNF:0
FNH:0
DA:363,16488
LF:1
LH:1
end_of_record
TN:
SF:/usr/include/string.h
FNF:0
FNH:0
DA:215,337398
DA:242,3360
DA:319,1751521
LF:3
LH:3
end_of_record
TN:
SF:/usr/include/strings.h
FNF:0
FNH:0
DA:57,0
LF:1
LH:0
end_of_record
TN:
SF:/usr/include/x86_64-linux-gnu/bits/stdio2.h
FNF:0
FNH:0
DA:36,173437
DA:37,4920
DA:67,0
DA:80,3444
DA:100,97144486
DA:101,37266500
DA:107,1100163
DA:130,4
DA:257,13758500
DA:262,0
DA:263,0
DA:265,13923090
LF:12
LH:9
end_of_record
TN:
SF:/usr/include/x86_64-linux-gnu/bits/string_fortified.h
FNF:0
FNH:0
DA:34,3461442
DA:71,26044
DA:90,488414
DA:106,98885
DA:128,218086
LF:5
LH:5
end_of_record
TN:
SF:/workspace/vtr-verilog-to-routing/ODIN_II/SRC/ace.c
FN:102,_Z26alloc_and_init_ace_structsP11netlist_t_t
FN:164,_Z30alloc_and_init_ace_info_objectv
FN:185,_Z15calc_node_depthP9nnode_t_t
FN:204,_Z18calculate_activityP11netlist_t_tiP8_IO_FILE
FN:283,_Z28compute_switching_activitiesP11netlist_t_t
FN:345,_Z16prob_epsilon_fixPd
FN:361,_Z15output_ace_infoP11netlist_t_tP8_IO_FILE
FN:395,_Z20output_ace_info_nodePcP16ace_obj_info_t_tP8_IO_FILE
FN:425,_Z9set_clearPji
FN:437,_Z10node_errori
FN:465,_Z12ace_cube_dupP10ace_cube_t
FN:499,_Z15ace_cube_new_dci
FN:525,_Z18build_bdd_for_nodeP9DdManagerP9nnode_t_t
FN:561,_Z19ace_bdd_count_pathsP9DdManagerP6DdNodePiS3_
FN:585,_Z27calc_cube_switch_prob_recurP9DdManagerP6DdNodeP10ace_cube_tP9nnode_t_tP8st_tablei
FN:651,_Z21calc_cube_switch_probP9DdManagerP6DdNodeP10ace_cube_tP9nnode_t_ti
FN:669,_Z22calc_switch_prob_recurP9DdManagerP6DdNodeS2_P10ace_cube_tP9nnode_t_tdi
FNDA:0,_Z15calc_node_depthP9nnode_t_t
FNDA:0,_Z15ace_cube_new_dci
FNDA:0,_Z16prob_epsilon_fixPd
FNDA:0,_Z12ace_cube_dupP10ace_cube_t
FNDA:0,_Z22calc_switch_prob_recurP9DdManagerP6DdNodeS2_P10ace_cube_tP9nnode_t_tdi
FNDA:0,_Z9set_clearPji
FNDA:278,_Z15output_ace_infoP11netlist_t_tP8_IO_FILE
FNDA:0,_Z19ace_bdd_count_pathsP9DdManagerP6DdNodePiS3_
FNDA:0,_Z20output_ace_info_nodePcP16ace_obj_info_t_tP8_IO_FILE
FNDA:0,_Z27calc_cube_switch_prob_recurP9DdManagerP6DdNodeP10ace_cube_tP9nnode_t_tP8st_tablei
FNDA:278,_Z26alloc_and_init_ace_structsP11netlist_t_t
FNDA:0,_Z18build_bdd_for_nodeP9DdManagerP9nnode_t_t
FNDA:0,_Z10node_errori
FNDA:0,_Z21calc_cube_switch_probP9DdManagerP6DdNodeP10ace_cube_tP9nnode_t_ti
FNDA:278,_Z18calculate_activityP11netlist_t_tiP8_IO_FILE
FNDA:278,_Z28compute_switching_activitiesP11netlist_t_t
FNDA:0,_Z30alloc_and_init_ace_info_objectv
FNF:17
FNH:4
DA:102,278
DA:119,556
DA:122,556
DA:125,556
DA:128,11395
DA:129,22234
DA:130,22234
DA:135,196130
DA:136,391704
DA:137,391704
DA:142,27006
DA:143,54158
DA:144,54860
DA:149,27006
DA:150,54158
DA:151,27430
DA:155,278
DA:164,0
DA:168,234677
DA:170,235233
DA:171,235233
DA:172,235233
DA:173,234677
DA:175,0
DA:185,0
DA:190,121532
DA:191,94102
DA:192,94102
DA:194,27430
DA:204,278
DA:215,11395
DA:216,11117
DA:219,11117
DA:222,11117
DA:225,11117
DA:226,165
DA:230,11117
DA:233,11117
DA:237,196130
DA:238,195852
DA:241,195852
DA:244,195852
DA:247,195852
DA:250,195852
DA:254,27006
DA:255,54158
DA:256,27430
DA:259,27430
DA:262,27430
DA:265,27430
DA:270,278
DA:273,278
DA:274,278
DA:283,278
DA:294,278
DA:297,27006
DA:299,54158
DA:300,27430
DA:302,27430
DA:303,27430
DA:309,27430
DA:310,0
DA:311,0
DA:312,0
DA:313,0
DA:316,0
DA:317,0
DA:319,0
DA:320,0
DA:326,0
DA:327,0
DA:331,27430
DA:335,278
DA:336,278
DA:345,0
DA:347,0
DA:348,0
DA:349,0
DA:350,0
DA:352,0
DA:361,278
DA:365,11395
DA:366,11117
DA:367,11117
DA:372,196130
DA:373,195852
DA:374,195852
DA:379,27006
DA:380,54158
DA:381,27430
DA:382,27430
DA:386,278
DA:395,0
DA:408,234399
DA:414,0
DA:425,0
DA:427,0
DA:428,0
DA:429,0
DA:437,0
DA:438,0
DA:439,0
DA:440,0
DA:442,0
DA:443,0
DA:445,0
DA:446,0
DA:448,0
DA:449,0
DA:451,0
DA:452,0
DA:454,0
DA:455,0
DA:465,0
DA:469,0
DA:470,0
DA:471,0
DA:472,0
DA:473,0
DA:474,0
DA:475,0
DA:476,0
DA:477,0
DA:478,0
DA:479,0
DA:480,0
DA:481,0
DA:482,0
DA:483,0
DA:484,0
DA:485,0
DA:486,0
DA:487,0
DA:488,0
DA:491,0
DA:499,0
DA:503,0
DA:504,0
DA:505,0
DA:506,0
DA:508,0
DA:509,0
DA:510,0
DA:513,0
DA:525,0
DA:530,0
DA:531,0
DA:534,0
DA:535,0
DA:536,0
DA:537,0
DA:538,0
DA:539,0
DA:540,0
DA:541,0
DA:543,0
DA:544,0
DA:545,0
DA:547,0
DA:548,0
DA:549,0
DA:550,0
DA:552,0
DA:553,0
DA:561,0
DA:565,0
DA:566,0
DA:567,0
DA:568,0
DA:569,0
DA:570,0
DA:573,0
DA:574,0
DA:576,0
DA:585,0
DA:592,0
DA:593,0
DA:595,0
DA:597,0
DA:598,0
DA:600,0
DA:604,0
DA:605,0
DA:608,0
DA:610,0
DA:612,0
DA:613,0
DA:614,0
DA:616,0
DA:617,0
DA:620,0
DA:622,0
DA:623,0
DA:625,0
DA:626,0
DA:627,0
DA:628,0
DA:629,0
DA:630,0
DA:631,0
DA:632,0
DA:633,0
DA:634,0
DA:635,0
DA:636,0
DA:637,0
DA:638,0
DA:639,0
DA:641,0
DA:643,0
DA:651,0
DA:655,0
DA:657,0
DA:659,0
DA:661,0
DA:669,0
DA:678,0
DA:679,0
DA:682,0
DA:683,0
DA:684,0
DA:687,0
DA:688,0
DA:691,0
DA:692,0
DA:693,0
DA:697,0
DA:699,0
DA:701,0
DA:702,0
DA:703,0
DA:705,0
DA:706,0
DA:710,0
DA:711,0
DA:712,0
DA:713,0
DA:714,0
DA:715,0
DA:716,0
DA:718,0
DA:719,0
DA:720,0
DA:721,0
DA:722,0
DA:723,0
DA:724,0
DA:726,0
LF:248
LH:74
end_of_record
TN:
SF:/workspace/vtr-verilog-to-routing/ODIN_II/SRC/activity_estimation.c
FN:61,_Z19activity_estimationPcS_iP11netlist_t_tS1_
FN:88,_Z23calc_transition_densityP11netlist_t_t
FN:188,_Z24initialize_probabilitiesPcP11netlist_t_t
FN:275,_Z36calc_probabilities_and_init_act_dataP11netlist_t_t
FN:393,_Z18boolean_differenceP9nnode_t_ti
FN:444,_Z12calc_densityP9nnode_t_tiPs
FN:531,_Z44output_activation_file_ace_and_function_filePciP11netlist_t_tS1_
FN:852,_Z18cleanup_activationP11netlist_t_t
FNDA:0,_Z18cleanup_activationP11netlist_t_t
FNDA:0,_Z24initialize_probabilitiesPcP11netlist_t_t
FNDA:0,_Z36calc_probabilities_and_init_act_dataP11netlist_t_t
FNDA:0,_Z44output_activation_file_ace_and_function_filePciP11netlist_t_tS1_
FNDA:0,_Z18boolean_differenceP9nnode_t_ti
FNDA:0,_Z23calc_transition_densityP11netlist_t_t
FNDA:0,_Z19activity_estimationPcS_iP11netlist_t_tS1_
FNDA:0,_Z12calc_densityP9nnode_t_tiPs
FNF:8
FNH:0
DA:61,0
DA:64,0
DA:67,0
DA:70,0
DA:73,0
DA:76,0
DA:79,0
DA:83,0
DA:88,0
DA:94,0
DA:96,0
DA:99,0
DA:100,0
DA:103,0
DA:106,0
DA:108,0
DA:111,0
DA:112,0
DA:113,0
DA:114,0
DA:116,0
DA:118,0
DA:119,0
DA:121,0
DA:122,0
DA:124,0
DA:125,0
DA:127,0
DA:134,0
DA:139,0
DA:142,0
DA:145,0
DA:148,0
DA:151,0
DA:153,0
DA:154,0
DA:155,0
DA:156,0
DA:159,0
DA:160,0
DA:162,0
DA:164,0
DA:165,0
DA:166,0
DA:167,0
DA:170,0
DA:171,0
DA:173,0
DA:175,0
DA:179,0
DA:183,0
DA:188,0
DA:193,0
DA:195,0
DA:198,0
DA:199,0
DA:201,0
DA:202,0
DA:203,0
DA:205,0
DA:207,0
DA:209,0
DA:212,0
DA:217,0
DA:222,0
DA:223,0
DA:224,0
DA:226,0
DA:227,0
DA:228,0
DA:231,0
DA:234,0
DA:235,0
DA:236,0
DA:238,0
DA:239,0
DA:240,0
DA:243,0
DA:246,0
DA:247,0
DA:248,0
DA:250,0
DA:251,0
DA:252,0
DA:255,0
DA:258,0
DA:259,0
DA:260,0
DA:262,0
DA:263,0
DA:264,0
DA:268,0
DA:275,0
DA:280,0
DA:283,0
DA:285,0
DA:288,0
DA:289,0
DA:292,0
DA:295,0
DA:297,0
DA:300,0
DA:303,0
DA:308,0
DA:311,0
DA:313,0
DA:314,0
DA:315,0
DA:316,0
DA:318,0
DA:320,0
DA:324,0
DA:327,0
DA:330,0
DA:335,0
DA:337,0
DA:339,0
DA:342,0
DA:343,0
DA:344,0
DA:345,0
DA:347,0
DA:350,0
DA:352,0
DA:353,0
DA:354,0
DA:355,0
DA:357,0
DA:360,0
DA:363,0
DA:365,0
DA:367,0
DA:368,0
DA:372,0
DA:375,0
DA:378,0
DA:381,0
DA:383,0
DA:388,0
DA:393,0
DA:398,0
DA:401,0
DA:402,0
DA:403,0
DA:406,0
DA:408,0
DA:410,0
DA:417,0
DA:420,0
DA:422,0
DA:425,0
DA:427,0
DA:430,0
DA:431,0
DA:435,0
DA:438,0
DA:444,0
DA:451,0
DA:453,0
DA:456,0
DA:457,0
DA:458,0
DA:460,0
DA:464,0
DA:468,0
DA:470,0
DA:476,0
DA:479,0
DA:486,0
DA:489,0
DA:493,0
DA:496,0
DA:497,0
DA:498,0
DA:499,0
DA:501,0
DA:503,0
DA:507,0
DA:510,0
DA:512,0
DA:516,0
DA:517,0
DA:521,0
DA:531,0
DA:533,0
DA:534,0
DA:535,0
DA:548,0
DA:549,0
DA:551,0
DA:553,0
DA:554,0
DA:556,0
DA:558,0
DA:559,0
DA:561,0
DA:565,0
DA:567,0
DA:570,0
DA:571,0
DA:573,0
DA:575,0
DA:577,0
DA:580,0
DA:586,0
DA:591,0
DA:596,0
DA:598,0
DA:599,0
DA:600,0
DA:604,0
DA:606,0
DA:608,0
DA:610,0
DA:614,0
DA:616,0
DA:617,0
DA:619,0
DA:620,0
DA:622,0
DA:623,0
DA:624,0
DA:628,0
DA:630,0
DA:633,0
DA:635,0
DA:636,0
DA:638,0
DA:639,0
DA:641,0
DA:642,0
DA:643,0
DA:647,0
DA:649,0
DA:650,0
DA:652,0
DA:655,0
DA:659,0
DA:661,0
DA:662,0
DA:663,0
DA:665,0
DA:671,0
DA:673,0
DA:675,0
DA:676,0
DA:679,0
DA:680,0
DA:683,0
DA:688,0
DA:690,0
DA:691,0
DA:693,0
DA:696,0
DA:697,0
DA:701,0
DA:703,0
DA:710,0
DA:711,0
DA:714,0
DA:716,0
DA:718,0
DA:721,0
DA:723,0
DA:725,0
DA:726,0
DA:728,0
DA:731,0
DA:734,0
DA:735,0
DA:746,0
DA:747,0
DA:749,0
DA:752,0
DA:762,0
DA:771,0
DA:773,0
DA:775,0
DA:776,0
DA:779,0
DA:783,0
DA:784,0
DA:785,0
DA:788,0
DA:789,0
DA:791,0
DA:793,0
DA:798,0
DA:806,0
DA:807,0
DA:809,0
DA:824,0
DA:825,0
DA:827,0
DA:829,0
DA:836,0
DA:837,0
DA:845,0
DA:846,0
DA:847,0
DA:852,0
DA:856,0
DA:858,0
DA:861,0
DA:862,0
DA:863,0
DA:865,0
DA:866,0
DA:867,0
DA:868,0
DA:869,0
DA:870,0
DA:872,0
DA:873,0
DA:876,0
LF:315
LH:0
end_of_record
TN:
SF:/workspace/vtr-verilog-to-routing/ODIN_II/SRC/adders.c
FN:64,_Z21init_add_distributionv
FN:78,_Z23record_add_distributionP9nnode_t_t
FN:99,_Z23report_add_distributionv
FN:127,_Z16find_hard_addersv
FN:153,_Z18declare_hard_adderP9nnode_t_t
FN:191,_Z22instantiate_hard_adderP9nnode_t_tsP11netlist_t_t
FN:231,_Z25add_the_blackbox_for_addsP8_IO_FILE
FN:330,_Z19define_add_functionP9nnode_t_tsP8_IO_FILE
FN:414,_Z16init_split_adderP9nnode_t_tS0_iiiiiiiiP11netlist_t_t
FN:708,_Z11split_adderP9nnode_t_tiiiiiiiP11netlist_t_t
FN:912,_Z14iterate_addersP11netlist_t_t
FN:972,_Z12clean_addersv
FN:987,_Z17reduce_operationsP11netlist_t_t14operation_list
FN:1023,_Z13traverse_list14operation_listPN3vtr13t_linked_vptrE
FN:1035,_Z10match_nodePN3vtr13t_linked_vptrE14operation_list
FN:1081,_Z11match_portsP9nnode_t_tS0_14operation_list
FN:1144,_Z23traverse_operation_nodeP12ast_node_t_tPPc14operation_listPi
FN:1178,_Z11merge_nodesP9nnode_t_tS0_
FN:1190,_Z16remove_list_nodePN3vtr13t_linked_vptrES1_
FN:1203,_Z18remove_fanout_pinsP9nnode_t_t
FN:1228,_Z15reallocate_pinsP9nnode_t_tS0_
FN:1255,_Z13free_op_nodesP9nnode_t_t
FN:1277,_Z10match_pinsP9nnode_t_tS0_
FNDA:0,_Z16init_split_adderP9nnode_t_tS0_iiiiiiiiP11netlist_t_t
FNDA:0,_Z23record_add_distributionP9nnode_t_t
FNDA:0,_Z19define_add_functionP9nnode_t_tsP8_IO_FILE
FNDA:0,_Z21init_add_distributionv
FNDA:3867,_Z10match_nodePN3vtr13t_linked_vptrE14operation_list
FNDA:422,_Z11merge_nodesP9nnode_t_tS0_
FNDA:278,_Z16find_hard_addersv
FNDA:223574,_Z23traverse_operation_nodeP12ast_node_t_tPPc14operation_listPi
FNDA:278,_Z14iterate_addersP11netlist_t_t
FNDA:278,_Z12clean_addersv
FNDA:0,_Z18declare_hard_adderP9nnode_t_t
FNDA:834,_Z17reduce_operationsP11netlist_t_t14operation_list
FNDA:13709,_Z10match_pinsP9nnode_t_tS0_
FNDA:422,_Z13free_op_nodesP9nnode_t_t
FNDA:422,_Z18remove_fanout_pinsP9nnode_t_t
FNDA:278,_Z25add_the_blackbox_for_addsP8_IO_FILE
FNDA:404,_Z23report_add_distributionv
FNDA:0,_Z22instantiate_hard_adderP9nnode_t_tsP11netlist_t_t
FNDA:0,_Z11split_adderP9nnode_t_tiiiiiiiP11netlist_t_t
FNDA:422,_Z15reallocate_pinsP9nnode_t_tS0_
FNDA:138432,_Z11match_portsP9nnode_t_tS0_14operation_list
FNDA:0,_Z13traverse_list14operation_listPN3vtr13t_linked_vptrE
FNDA:0,_Z16remove_list_nodePN3vtr13t_linked_vptrES1_
FNF:23
FNH:14
DA:64,0
DA:67,0
DA:68,0
DA:69,0
DA:70,0
DA:71,0
DA:72,0
DA:78,0
DA:80,0
DA:81,0
DA:82,0
DA:83,0
DA:99,404
DA:101,404
DA:107,0
DA:113,0
DA:116,0
DA:119,0
DA:127,278
DA:129,278
DA:132,278
DA:134,734
DA:136,456
DA:138,0
DA:139,0
DA:143,456
DA:153,0
DA:159,0
DA:163,0
DA:164,0
DA:165,0
DA:166,0
DA:168,0
DA:170,0
DA:173,0
DA:177,0
DA:178,0
DA:179,0
DA:180,0
DA:181,0
DA:182,0
DA:183,0
DA:184,0
DA:185,0
DA:191,0
DA:196,0
DA:199,0
DA:200,0
DA:201,0
DA:204,0
DA:205,0
DA:207,0
DA:209,0
DA:210,0
DA:213,0
DA:215,0
DA:217,0
DA:218,0
DA:219,0
DA:220,0
DA:224,0
DA:225,0
DA:231,278
DA:242,278
DA:243,278
DA:246,0
DA:247,0
DA:248,0
DA:249,0
DA:250,0
DA:251,0
DA:253,0
DA:254,0
DA:255,0
DA:256,0
DA:259,0
DA:260,0
DA:264,0
DA:267,0
DA:273,0
DA:274,0
DA:275,0
DA:277,0
DA:279,0
DA:281,0
DA:283,0
DA:287,0
DA:289,0
DA:290,0
DA:298,0
DA:299,0
DA:301,0
DA:303,0
DA:307,0
DA:310,0
DA:313,0
DA:323,0
DA:330,0
DA:337,0
DA:338,0
DA:339,0
DA:340,0
DA:341,0
DA:342,0
DA:345,0
DA:347,0
DA:351,0
DA:355,0
DA:357,0
DA:359,0
DA:361,0
DA:362,0
DA:364,0
DA:366,0
DA:368,0
DA:369,0
DA:371,0
DA:375,0
DA:376,0
DA:378,0
DA:381,0
DA:386,0
DA:390,0
DA:392,0
DA:393,0
DA:395,0
DA:396,0
DA:401,0
DA:405,0
DA:414,0
DA:422,0
DA:423,0
DA:424,0
DA:425,0
DA:426,0
DA:429,0
DA:431,0
DA:432,0
DA:433,0
DA:435,0
DA:447,0
DA:449,0
DA:463,0
DA:467,0
DA:475,0
DA:476,0
DA:477,0
DA:478,0
DA:479,0
DA:480,0
DA:481,0
DA:482,0
DA:485,0
DA:486,0
DA:488,0
DA:491,0
DA:492,0
DA:494,0
DA:496,0
DA:497,0
DA:499,0
DA:501,0
DA:503,0
DA:504,0
DA:505,0
DA:507,0
DA:508,0
DA:509,0
DA:511,0
DA:512,0
DA:517,0
DA:519,0
DA:520,0
DA:521,0
DA:523,0
DA:524,0
DA:529,0
DA:531,0
DA:533,0
DA:534,0
DA:536,0
DA:538,0
DA:539,0
DA:540,0
DA:546,0
DA:548,0
DA:549,0
DA:550,0
DA:556,0
DA:558,0
DA:560,0
DA:561,0
DA:562,0
DA:567,0
DA:568,0
DA:571,0
DA:572,0
DA:574,0
DA:575,0
DA:576,0
DA:584,0
DA:586,0
DA:587,0
DA:589,0
DA:591,0
DA:593,0
DA:594,0
DA:596,0
DA:598,0
DA:599,0
DA:600,0
DA:602,0
DA:603,0
DA:608,0
DA:610,0
DA:611,0
DA:612,0
DA:614,0
DA:615,0
DA:620,0
DA:622,0
DA:624,0
DA:625,0
DA:627,0
DA:629,0
DA:630,0
DA:631,0
DA:637,0
DA:639,0
DA:640,0
DA:641,0
DA:647,0
DA:649,0
DA:651,0
DA:652,0
DA:653,0
DA:658,0
DA:659,0
DA:662,0
DA:663,0
DA:665,0
DA:666,0
DA:667,0
DA:675,0
DA:677,0
DA:682,0
DA:683,0
DA:685,0
DA:687,0
DA:688,0
DA:689,0
DA:690,0
DA:692,0
DA:708,0
DA:717,0
DA:718,0
DA:720,0
DA:722,0
DA:724,0
DA:725,0
DA:726,0
DA:727,0
DA:730,0
DA:731,0
DA:734,0
DA:741,0
DA:742,0
DA:747,0
DA:748,0
DA:753,0
DA:758,0
DA:761,0
DA:764,0
DA:766,0
DA:767,0
DA:769,0
DA:770,0
DA:771,0
DA:772,0
DA:774,0
DA:777,0
DA:778,0
DA:780,0
DA:781,0
DA:784,0
DA:787,0
DA:789,0
DA:792,0
DA:795,0
DA:797,0
DA:799,0
DA:800,0
DA:805,0
DA:807,0
DA:808,0
DA:810,0
DA:811,0
DA:816,0
DA:817,0
DA:820,0
DA:822,0
DA:824,0
DA:826,0
DA:827,0
DA:830,0
DA:831,0
DA:834,0
DA:835,0
DA:840,0
DA:841,0
DA:842,0
DA:848,0
DA:849,0
DA:850,0
DA:852,0
DA:853,0
DA:856,0
DA:858,0
DA:860,0
DA:861,0
DA:864,0
DA:866,0
DA:870,0
DA:872,0
DA:876,0
DA:878,0
DA:879,0
DA:880,0
DA:883,0
DA:885,0
DA:891,0
DA:892,0
DA:893,0
DA:896,0
DA:897,0
DA:898,0
DA:899,0
DA:900,0
DA:912,278
DA:921,278
DA:924,0
DA:925,0
DA:928,0
DA:930,0
DA:932,0
DA:933,0
DA:935,0
DA:936,0
DA:937,0
DA:939,0
DA:941,0
DA:942,0
DA:944,0
DA:945,0
DA:948,0
DA:950,0
DA:952,0
DA:956,0
DA:957,0
DA:961,0
DA:972,278
DA:974,2281
DA:975,2003
DA:976,278
DA:987,834
DA:991,834
DA:993,278
DA:994,278
DA:996,278
DA:998,278
DA:999,278
DA:1001,278
DA:1003,278
DA:1004,278
DA:1006,278
DA:1016,834
DA:1023,0
DA:1025,4701
DA:1027,3867
DA:1028,3867
DA:1030,0
DA:1035,3867
DA:1041,3867
DA:1044,3867
DA:1046,566087
DA:1050,562220
DA:1051,562220
DA:1053,562220
DA:1055,138432
DA:1056,138432
DA:1058,13709
DA:1059,13709
DA:1061,422
DA:1067,13709
DA:1068,422
DA:1072,561798
DA:1076,3867
DA:1081,138432
DA:1084,138432
DA:1089,138432
DA:1090,138432
DA:1091,138432
DA:1092,138432
DA:1093,138432
DA:1095,138432
DA:1096,138432
DA:1098,85142
DA:1099,85142
DA:1101,77843
DA:1103,33466
DA:1106,33466
DA:1107,33466
DA:1108,11734
DA:1112,21732
DA:1113,21732
DA:1115,33466
DA:1120,44377
DA:1121,44377
DA:1122,44377
DA:1136,138432
DA:1144,223574
DA:1148,223574
DA:1151,223574
DA:1153,553819
DA:1155,390834
DA:1156,390834
DA:1158,60589
DA:1159,60589
DA:1163,330245
DA:1164,308867
DA:1167,21378
DA:1178,422
DA:1181,422
DA:1182,422
DA:1183,422
DA:1185,422
DA:1190,0
DA:1192,422
DA:1193,391
DA:1195,31
DA:1196,422
DA:1198,422
DA:1203,422
DA:1206,9710
DA:1208,9288
DA:1209,100482000
DA:1211,100482000
DA:1214,84663000
DA:1216,84653800
DA:1217,84653800
DA:1219,9288
DA:1220,9288
DA:1223,422
DA:1228,422
DA:1235,6003
DA:1237,11358
DA:1239,5777
DA:1242,5411
DA:1243,5411
DA:1244,5411
DA:1245,5411
DA:1250,422
DA:1255,422
DA:1259,6003
DA:1261,5581
DA:1264,5581
DA:1265,5581
DA:1266,5581
DA:1267,5581
DA:1270,422
DA:1272,422
DA:1277,13709
DA:1282,40519
DA:1285,40097
DA:1286,554123
DA:1288,554123
DA:1293,527313
DA:1299,40097
DA:1303,13709
LF:479
LH:129
end_of_record
TN:
SF:/workspace/vtr-verilog-to-routing/ODIN_II/SRC/ast_elaborate.c
FN:58,_Z12simplify_astv
FN:78,_Z17optimize_for_treev
FN:162,_Z15search_for_nodeP12ast_node_t_tPS0_S1_
FN:191,_Z9copy_treeP12ast_node_t_tS0_
FN:264,_Z13complete_nodeP12ast_node_t_tS0_
FN:279,_Z17record_expressionP12ast_node_t_tPPc
FN:297,_Z11calculationPPc
FN:352,_Z20translate_expressionPPcS0_
FN:402,_Z17check_and_replaceP12ast_node_t_tPPc
FN:453,_Z17modify_expressionPPcS0_S_
FN:477,_Z12initial_nodeP12ast_node_t_t3idsii
FN:500,_Z21change_to_number_nodeP12ast_node_t_tPc
FN:551,_Z15reallocate_nodeP12ast_node_t_ti
FN:566,_Z22find_most_unique_countv
FN:583,_Z15mark_node_writeP12ast_node_t_tPA20_c
FN:607,_Z14mark_node_readP12ast_node_t_tPA20_c
FN:630,_Z28remove_intermediate_variableP12ast_node_t_tPA20_c
FN:680,_Z18search_marked_nodeP12ast_node_t_tiPcPS0_
FN:708,_Z16free_single_nodeP12ast_node_t_t
FN:728,_Z28reduce_assignment_expressionv
FN:780,_Z16find_assign_nodeP12ast_node_t_tPS0_
FN:798,_Z19simplify_expressionPi
FN:811,_Z9find_tailP8exp_node
FN:825,_Z17reduce_enode_listv
FN:884,_Z14store_exp_listP12ast_node_t_t
FN:901,_Z16record_tree_infoP12ast_node_t_t
FN:930,_Z12create_enodeP12ast_node_t_t
FN:1001,_Z15adjoin_constantPi
FN:1067,_Z13replace_enodeiP8exp_nodei
FN:1112,_Z16combine_constantPi
FN:1189,_Z18construct_new_treeP8exp_nodeP12ast_node_t_tii
FN:1245,_Z14check_exp_listP8exp_node
FN:1262,_Z26delete_continuous_multiplyPi
FN:1324,_Z15create_ast_nodeP8exp_nodeP12ast_node_t_tii
FN:1357,_Z14create_op_nodeP12ast_node_t_tP8exp_nodeii
FN:1388,_Z13free_exp_listv
FN:1401,_Z17deal_with_bracketP12ast_node_t_t
FN:1428,_Z18check_mult_bracketPii
FN:1459,_Z14recursive_treeP12ast_node_t_tPiS1_
FN:1486,_Z14find_leaf_nodeP12ast_node_t_tPiS1_i
FN:1502,_Z14delete_bracketii
FN:1538,_Z19delete_bracket_headP8exp_nodeS0_
FN:1558,_Z15change_exp_listP8exp_nodeS0_S0_i
FN:1651,_Z15copy_enode_listP8exp_nodeS0_S0_
FN:1670,_Z10copy_enodeP8exp_nodeS0_
FN:1681,_Z19delete_bracket_tailP8exp_nodeS0_
FN:1696,_Z19delete_bracket_bodyP8exp_nodeS0_
FN:1720,_Z20check_tree_operationP12ast_node_t_tPi
FN:1741,_Z15check_operationP8exp_nodeS0_
FN:1766,_Z16reduce_parameterv
FN:1789,_Z14find_parameterP12ast_node_t_tPS0_Pi
FN:1814,_Z16remove_para_nodeP12ast_node_t_tPS0_i
FN:1850,_Z16change_para_nodeP12ast_node_t_tPci
FN:1871,_Z15change_ast_nodeP12ast_node_t_ti
FN:1885,_Z15shift_operationv
FN:1901,_Z24search_certain_operationP12ast_node_t_t
FN:1926,_Z22check_binary_operationP12ast_node_t_t
FN:1949,_Z17check_node_numberP12ast_node_t_tS0_i
FN:1983,_Z27check_intermediate_variableP12ast_node_t_tPi
FN:2006,_Z15keep_all_branchP12ast_node_t_tS0_i
FN:2028,_Z11check_indexP12ast_node_t_tS0_
FNDA:278,_Z15shift_operationv
FNDA:0,_Z20translate_expressionPPcS0_
FNDA:0,_Z15copy_enode_listP8exp_nodeS0_S0_
FNDA:76136,_Z16change_para_nodeP12ast_node_t_tPci
FNDA:278,_Z12simplify_astv
FNDA:0,_Z11calculationPPc
FNDA:399,_Z22check_binary_operationP12ast_node_t_t
FNDA:0,_Z11check_indexP12ast_node_t_tS0_
FNDA:0,_Z13free_exp_listv
FNDA:0,_Z28remove_intermediate_variableP12ast_node_t_tPA20_c
FNDA:3084,_Z16combine_constantPi
FNDA:0,_Z10copy_enodeP8exp_nodeS0_
FNDA:862990,_Z16find_assign_nodeP12ast_node_t_tPS0_
FNDA:3084,_Z18check_mult_bracketPii
FNDA:3084,_Z17deal_with_bracketP12ast_node_t_t
FNDA:3084,_Z15adjoin_constantPi
FNDA:279836,_Z14find_parameterP12ast_node_t_tPS0_Pi
FNDA:0,_Z15keep_all_branchP12ast_node_t_tS0_i
FNDA:3084,_Z14store_exp_listP12ast_node_t_t
FNDA:5,_Z14create_op_nodeP12ast_node_t_tP8exp_nodeii
FNDA:0,_Z17check_and_replaceP12ast_node_t_tPPc
FNDA:9429,_Z16record_tree_infoP12ast_node_t_t
FNDA:0,_Z27check_intermediate_variableP12ast_node_t_tPi
FNDA:3084,_Z26delete_continuous_multiplyPi
FNDA:0,_Z9copy_treeP12ast_node_t_tS0_
FNDA:0,_Z17record_expressionP12ast_node_t_tPPc
FNDA:0,_Z15mark_node_writeP12ast_node_t_tPA20_c
FNDA:0,_Z15change_exp_listP8exp_nodeS0_S0_i
FNDA:3084,_Z19simplify_expressionPi
FNDA:278,_Z16reduce_parameterv
FNDA:0,_Z15reallocate_nodeP12ast_node_t_ti
FNDA:24,_Z16remove_para_nodeP12ast_node_t_tPS0_i
FNDA:419716,_Z15search_for_nodeP12ast_node_t_tPS0_S1_
FNDA:5,_Z13replace_enodeiP8exp_nodei
FNDA:0,_Z19delete_bracket_tailP8exp_nodeS0_
FNDA:15,_Z15create_ast_nodeP8exp_nodeP12ast_node_t_tii
FNDA:0,_Z22find_most_unique_countv
FNDA:278,_Z17optimize_for_treev
FNDA:556,_Z28reduce_assignment_expressionv
FNDA:287894,_Z24search_certain_operationP12ast_node_t_t
FNDA:0,_Z17modify_expressionPPcS0_S_
FNDA:0,_Z19delete_bracket_bodyP8exp_nodeS0_
FNDA:0,_Z14mark_node_readP12ast_node_t_tPA20_c
FNDA:110,_Z15change_ast_nodeP12ast_node_t_ti
FNDA:14610,_Z12create_enodeP12ast_node_t_t
FNDA:0,_Z13complete_nodeP12ast_node_t_tS0_
FNDA:15,_Z14check_exp_listP8exp_node
FNDA:123,_Z21change_to_number_nodeP12ast_node_t_tPc
FNDA:0,_Z16free_single_nodeP12ast_node_t_t
FNDA:19188,_Z14recursive_treeP12ast_node_t_tPiS1_
FNDA:6168,_Z17reduce_enode_listv
FNDA:0,_Z15check_operationP8exp_nodeS0_
FNDA:0,_Z9find_tailP8exp_node
FNDA:54,_Z17check_node_numberP12ast_node_t_tS0_i
FNDA:0,_Z18search_marked_nodeP12ast_node_t_tiPcPS0_
FNDA:10,_Z18construct_new_treeP8exp_nodeP12ast_node_t_tii
FNDA:0,_Z19delete_bracket_headP8exp_nodeS0_
FNDA:0,_Z14delete_bracketii
FNDA:99110,_Z20check_tree_operationP12ast_node_t_tPi
FNDA:0,_Z14find_leaf_nodeP12ast_node_t_tPiS1_i
FNDA:0,_Z12initial_nodeP12ast_node_t_t3idsii
FNF:61
FNH:32
DA:58,278
DA:61,278
DA:63,278
DA:65,278
DA:67,278
DA:71,278
DA:78,278
DA:84,278
DA:85,278
DA:90,929
DA:92,651
DA:94,651
DA:97,651
DA:106,0
DA:109,0
DA:110,0
DA:111,0
DA:112,0
DA:114,0
DA:115,0
DA:116,0
DA:118,0
DA:120,0
DA:121,0
DA:122,0
DA:123,0
DA:124,0
DA:125,0
DA:126,0
DA:127,0
DA:129,0
DA:131,0
DA:132,0
DA:133,0
DA:134,0
DA:135,0
DA:136,0
DA:137,0
DA:138,0
DA:143,0
DA:144,0
DA:145,0
DA:148,0
DA:149,0
DA:151,0
DA:152,0
DA:153,0
DA:156,278
DA:162,419716
DA:165,419716
DA:168,546387
DA:169,419065
DA:171,546387
DA:173,419065
DA:174,131812
DA:177,287253
DA:179,0
DA:180,0
DA:181,0
DA:191,0
DA:194,0
DA:195,0
DA:200,0
DA:201,0
DA:203,0
DA:204,0
DA:206,0
DA:207,0
DA:209,0
DA:214,0
DA:215,0
DA:216,0
DA:221,0
DA:222,0
DA:223,0
DA:225,0
DA:226,0
DA:228,0
DA:229,0
DA:233,0
DA:234,0
DA:235,0
DA:240,0
DA:241,0
DA:245,0
DA:246,0
DA:248,0
DA:250,0
DA:251,0
DA:254,0
DA:259,0
DA:264,0
DA:266,0
DA:267,0
DA:268,0
DA:269,0
DA:270,0
DA:271,0
DA:272,0
DA:273,0
DA:274,0
DA:279,0
DA:281,0
DA:283,0
DA:285,0
DA:286,0
DA:288,0
DA:289,0
DA:290,0
DA:297,0
DA:308,0
DA:309,0
DA:313,0
DA:315,0
DA:317,0
DA:319,0
DA:320,0
DA:321,0
DA:322,0
DA:323,0
DA:324,0
DA:325,0
DA:326,0
DA:327,0
DA:328,0
DA:329,0
DA:330,0
DA:334,0
DA:335,0
DA:339,0
DA:340,0
DA:343,0
DA:345,0
DA:352,0
DA:363,0
DA:365,0
DA:367,0
DA:369,0
DA:371,0
DA:373,0
DA:375,0
DA:376,0
DA:379,0
DA:382,0
DA:384,0
DA:385,0
DA:387,0
DA:388,0
DA:389,0
DA:393,0
DA:395,0
DA:397,0
DA:402,0
DA:405,0
DA:407,0
DA:408,0
DA:409,0
DA:411,0
DA:412,0
DA:413,0
DA:415,0
DA:416,0
DA:417,0
DA:419,0
DA:420,0
DA:421,0
DA:423,0
DA:424,0
DA:426,0
DA:427,0
DA:428,0
DA:429,0
DA:430,0
DA:431,0
DA:432,0
DA:433,0
DA:434,0
DA:435,0
DA:436,0
DA:437,0
DA:448,0
DA:453,0
DA:459,0
DA:460,0
DA:462,0
DA:464,0
DA:465,0
DA:468,0
DA:472,0
DA:477,0
DA:479,15
DA:480,15
DA:481,10
DA:482,15
DA:483,15
DA:484,15
DA:485,15
DA:486,15
DA:487,15
DA:488,15
DA:489,15
DA:490,15
DA:491,0
DA:493,0
DA:500,123
DA:507,299
DA:509,176
DA:513,176
DA:516,123
DA:517,123
DA:520,123
DA:522,123
DA:523,123
DA:528,0
DA:533,123
DA:535,117
DA:539,6
DA:543,123
DA:544,123
DA:546,123
DA:551,0
DA:555,0
DA:557,0
DA:558,0
DA:559,0
DA:561,0
DA:566,0
DA:570,2787
DA:572,1953
DA:573,1953
DA:574,643
DA:577,0
DA:583,0
DA:586,0
DA:589,0
DA:590,0
DA:592,0
DA:593,0
DA:597,0
DA:598,0
DA:599,0
DA:607,0
DA:610,0
DA:613,0
DA:615,0
DA:616,0
DA:617,0
DA:620,0
DA:621,0
DA:622,0
DA:630,0
DA:633,0
DA:634,0
DA:639,0
DA:641,0
DA:643,0
DA:644,0
DA:645,0
DA:646,0
DA:647,0
DA:648,0
DA:649,0
DA:651,0
DA:652,0
DA:653,0
DA:657,0
DA:661,0
DA:662,0
DA:665,0
DA:666,0
DA:667,0
DA:669,0
DA:670,0
DA:672,0
DA:674,0
DA:680,0
DA:683,0
DA:686,0
DA:688,0
DA:690,0
DA:692,0
DA:693,0
DA:697,0
DA:708,0
DA:710,0
DA:713,0
DA:714,0
DA:716,0
DA:717,0
DA:718,0
DA:720,0
DA:728,556
DA:734,556
DA:735,556
DA:739,556
DA:743,1858
DA:745,1302
DA:746,1302
DA:747,1302
DA:748,39820
DA:750,38518
DA:751,38518
DA:752,38518
DA:754,3084
DA:755,3084
DA:756,3084
DA:757,3084
DA:758,0
DA:759,3084
DA:760,3084
DA:762,5
DA:763,5
DA:764,5
DA:765,5
DA:766,5
DA:767,5
DA:768,5
DA:780,862990
DA:783,862990
DA:786,261744
DA:787,40167
DA:789,1123410
DA:790,861664
DA:798,3084
DA:800,3084
DA:801,3084
DA:802,3084
DA:803,3084
DA:804,3084
DA:806,3084
DA:811,0
DA:815,30
DA:816,20
DA:819,0
DA:825,6168
DA:830,6168
DA:832,0
DA:833,0
DA:835,0
DA:836,0
DA:839,6168
DA:843,6168
DA:844,29044
DA:846,22876
DA:848,986
DA:850,78
DA:851,0
DA:854,78
DA:855,78
DA:857,78
DA:860,78
DA:861,78
DA:862,908
DA:864,0
DA:865,0
DA:867,0
DA:868,0
DA:869,0
DA:871,0
DA:873,908
DA:876,21890
DA:884,3084
DA:887,3084
DA:888,3084
DA:889,3084
DA:890,3084
DA:891,3084
DA:892,3084
DA:893,3084
DA:894,3084
DA:896,3084
DA:901,9429
DA:903,14610
DA:908,14610
DA:910,8265
DA:911,8265
DA:916,6345
DA:917,6345
DA:918,6345
DA:919,5181
DA:930,14610
DA:933,14610
DA:934,14610
DA:935,14610
DA:936,14610
DA:937,14610
DA:938,14610
DA:940,1777
DA:941,1777
DA:942,1777
DA:943,1777
DA:944,1777
DA:946,6488
DA:947,6488
DA:948,6488
DA:949,6488
DA:950,6488
DA:952,3955
DA:954,3955
DA:956,1927
DA:957,1927
DA:958,1927
DA:959,1927
DA:960,1927
DA:962,1080
DA:963,1080
DA:964,1080
DA:965,1080
DA:966,1080
DA:968,790
DA:969,790
DA:970,790
DA:971,790
DA:972,790
DA:974,0
DA:975,0
DA:976,0
DA:977,0
DA:978,0
DA:991,14610
DA:992,14610
DA:993,14610
DA:995,14610
DA:1001,3084
DA:1006,14605
DA:1009,11521
DA:1011,61
DA:1013,0
DA:1014,0
DA:1015,0
DA:1016,0
DA:1017,0
DA:1019,0
DA:1020,0
DA:1021,0
DA:1023,0
DA:1025,19
DA:1026,19
DA:1028,5
DA:1029,5
DA:1030,5
DA:1032,4
DA:1033,2
DA:1035,2
DA:1037,5
DA:1039,1
DA:1040,1
DA:1042,0
DA:1045,5
DA:1046,5
DA:1055,11521
DA:1056,11516
DA:1062,3084
DA:1067,5
DA:1070,5
DA:1071,5
DA:1072,5
DA:1073,5
DA:1074,5
DA:1076,5
DA:1078,0
DA:1079,0
DA:1084,5
DA:1085,5
DA:1088,5
DA:1090,5
DA:1091,5
DA:1092,5
DA:1094,0
DA:1095,5
DA:1096,5
DA:1100,0
DA:1101,0
DA:1104,5
DA:1105,5
DA:1112,3084
DA:1118,17528
DA:1121,14444
DA:1123,182
DA:1125,120
DA:1127,88
DA:1131,0
DA:1132,0
DA:1133,0
DA:1135,0
DA:1136,0
DA:1138,0
DA:1142,0
DA:1143,0
DA:1145,0
DA:1147,0
DA:1148,0
DA:1150,0
DA:1155,0
DA:1156,0
DA:1159,0
DA:1160,0
DA:1161,0
DA:1167,0
DA:1168,0
DA:1170,0
DA:1175,32
DA:1176,14444
DA:1178,0
DA:1179,0
DA:1184,3084
DA:1189,10
DA:1194,15
DA:1197,15
DA:1198,15
DA:1200,10
DA:1201,10
DA:1203,5
DA:1204,5
DA:1205,5
DA:1206,5
DA:1207,5
DA:1208,5
DA:1213,10
DA:1215,0
DA:1216,0
DA:1218,0
DA:1219,0
DA:1220,0
DA:1221,0
DA:1222,0
DA:1223,0
DA:1227,10
DA:1228,10
DA:1230,15
DA:1232,5
DA:1233,5
DA:1234,5
DA:1235,5
DA:1236,5
DA:1245,15
DA:1248,30
DA:1249,20
DA:1252,20
DA:1253,10
DA:1262,3084
DA:1267,17528
DA:1270,14444
DA:1272,36
DA:1274,32
DA:1276,12
DA:1278,12
DA:1285,4
DA:1287,0
DA:1288,0
DA:1289,0
DA:1290,0
DA:1292,0
DA:1293,0
DA:1294,0
DA:1295,0
DA:1298,0
DA:1299,0
DA:1302,0
DA:1303,0
DA:1304,0
DA:1305,0
DA:1311,14444
DA:1312,14444
DA:1319,3084
DA:1324,15
DA:1326,15
DA:1329,15
DA:1331,5
DA:1332,5
DA:1334,5
DA:1337,5
DA:1338,5
DA:1339,5
DA:1341,5
DA:1342,5
DA:1344,5
DA:1352,15
DA:1357,5
DA:1360,5
DA:1361,5
DA:1363,4
DA:1364,4
DA:1365,4
DA:1367,1
DA:1368,1
DA:1369,1
DA:1371,0
DA:1372,0
DA:1373,0
DA:1375,0
DA:1376,0
DA:1377,0
DA:1378,0
DA:1379,0
DA:1380,0
DA:1383,5
DA:1388,0
DA:1391,17518
DA:1393,14434
DA:1394,14434
DA:1396,0
DA:1401,3084
DA:1405,3084
DA:1406,3084
DA:1408,3084
DA:1409,3084
DA:1410,3084
DA:1414,3084
DA:1416,0
DA:1417,0
DA:1418,0
DA:1428,3084
DA:1433,3084
DA:1435,0
DA:1436,0
DA:1437,0
DA:1438,0
DA:1440,0
DA:1442,0
DA:1451,3084
DA:1459,19188
DA:1462,19188
DA:1465,19188
DA:1467,2370
DA:1469,1580
DA:1477,19188
DA:1478,23401
DA:1479,16104
DA:1486,0
DA:1488,0
DA:1491,0
DA:1492,0
DA:1494,0
DA:1495,0
DA:1502,0
DA:1506,0
DA:1508,0
DA:1511,0
DA:1512,0
DA:1519,0
DA:1523,0
DA:1524,0
DA:1526,0
DA:1527,0
DA:1529,0
DA:1530,0
DA:1531,0
DA:1533,0
DA:1538,0
DA:1542,0
DA:1544,0
DA:1546,0
DA:1547,0
DA:1549,0
DA:1552,0
DA:1553,0
DA:1558,0
DA:1562,0
DA:1566,0
DA:1569,0
DA:1571,0
DA:1576,0
DA:1578,0
DA:1583,0
DA:1585,0
DA:1586,0
DA:1587,0
DA:1588,0
DA:1589,0
DA:1590,0
DA:1591,0
DA:1592,0
DA:1594,0
DA:1602,0
DA:1603,0
DA:1608,0
DA:1611,0
DA:1613,0
DA:1618,0
DA:1620,0
DA:1625,0
DA:1627,0
DA:1628,0
DA:1629,0
DA:1630,0
DA:1631,0
DA:1632,0
DA:1633,0
DA:1634,0
DA:1637,0
DA:1646,0
DA:1651,0
DA:1655,0
DA:1658,0
DA:1659,0
DA:1660,0
DA:1664,0
DA:1670,0
DA:1672,0
DA:1673,0
DA:1674,0
DA:1675,0
DA:1676,0
DA:1681,0
DA:1684,0
DA:1685,0
DA:1687,0
DA:1688,0
DA:1690,0
DA:1691,0
DA:1696,0
DA:1699,0
DA:1700,0
DA:1701,0
DA:1702,0
DA:1703,0
DA:1705,0
DA:1706,0
DA:1707,0
DA:1709,0
DA:1710,0
DA:1712,0
DA:1715,0
DA:1720,99110
DA:1723,99110
DA:1726,99110
DA:1728,3104
DA:1729,3104
DA:1732,96006
DA:1733,87072
DA:1734,60592
DA:1741,0
DA:1744,0
DA:1746,0
DA:1748,0
DA:1750,0
DA:1752,0
DA:1753,0
DA:1755,0
DA:1760,0
DA:1766,278
DA:1773,929
DA:1775,651
DA:1776,651
DA:1778,651
DA:1779,651
DA:1780,24
DA:1784,278
DA:1789,279836
DA:1794,279836
DA:1797,559021
DA:1799,318860
DA:1800,318860
DA:1803,279185
DA:1804,113
DA:1806,279185
DA:1814,24
DA:1818,24
DA:1823,24
DA:1824,24
DA:1825,24
DA:1827,107
DA:1829,86
DA:1832,86
DA:1834,86
DA:1835,86
DA:1837,23321
DA:1839,23235
DA:1840,23235
DA:1845,24
DA:1850,76136
DA:1854,76136
DA:1859,76136
DA:1860,110
DA:1862,76136
DA:1863,78928
DA:1864,52901
DA:1871,110
DA:1873,110
DA:1874,110
DA:1875,110
DA:1876,110
DA:1878,110
DA:1880,110
DA:1885,278
DA:1889,929
DA:1891,651
DA:1892,651
DA:1895,278
DA:1901,287894
DA:1906,287894
DA:1909,546372
DA:1911,419055
DA:1912,419055
DA:1914,287243
DA:1915,399
DA:1916,287243
DA:1926,399
DA:1928,399
DA:1930,399
DA:1931,52
DA:1932,399
DA:1933,2
DA:1937,0
DA:1939,0
DA:1940,0
DA:1943,399
DA:1949,54
DA:1952,54
DA:1953,54
DA:1954,54
DA:1955,0
DA:1956,94
DA:1958,40
DA:1959,40
DA:1961,54
DA:1964,8
DA:1965,8
DA:1966,8
DA:1967,0
DA:1969,0
DA:1970,0
DA:1971,0
DA:1973,0
DA:1974,0
DA:1983,0
DA:1987,0
DA:1991,0
DA:1993,0
DA:1994,0
DA:1997,0
DA:1998,0
DA:2006,0
DA:2010,0
DA:2012,0
DA:2013,0
DA:2014,0
DA:2016,0
DA:2017,0
DA:2018,0
DA:2019,0
DA:2022,0
DA:2028,0
DA:2032,0
DA:2034,0
DA:2038,0
LF:847
LH:376
end_of_record
TN:
SF:/workspace/vtr-verilog-to-routing/ODIN_II/SRC/ast_util.c
FN:44,_Z18create_node_w_type3idsii
FN:70,_Z15free_whole_treeP12ast_node_t_t
FN:109,_Z19create_tree_node_idPcii
FN:120,_Z33create_tree_node_long_long_numberxiii
FN:146,_Z23create_tree_node_numberPcii
FN:285,_Z25allocate_children_to_nodeP12ast_node_t_tiz
FN:306,_Z17add_child_to_nodeP12ast_node_t_tS0_
FN:321,_Z38add_child_at_the_beginning_of_the_nodeP12ast_node_t_tS0_
FN:351,_Z9get_rangeP12ast_node_t_t
FN:380,_Z32make_concat_into_list_of_stringsP12ast_node_t_tPc
FN:495,_Z30get_name_of_var_declare_at_bitP12ast_node_t_ti
FN:523,_Z22get_name_of_pin_at_bitP12ast_node_t_tiPc
FN:627,_Z23get_name_of_pins_numberP12ast_node_t_tii
FN:660,_Z16get_name_of_pinsP12ast_node_t_tPc
FN:803,_Z28get_name_of_pins_with_prefixP12ast_node_t_tPc
FN:829,_Z12resolve_nodeP12STRING_CACHEsPcP12ast_node_t_t
FN:897,_Z22make_module_param_nameP12ast_node_t_tPc
FN:925,_Z13move_ast_nodeP12ast_node_t_tS0_S0_
FN:949,_Z18ast_node_deep_copyP12ast_node_t_t
FN:977,_Z7get_bitc
FN:987,_Z10fold_unaryP12ast_node_t_t14operation_list
FN:1074,_Z11fold_binaryP12ast_node_t_tS0_14operation_list
FN:1250,_Z16node_is_constantP12ast_node_t_t
FNDA:230061,_Z22get_name_of_pin_at_bitP12ast_node_t_tiPc
FNDA:8678,_Z33create_tree_node_long_long_numberxiii
FNDA:131171,_Z25allocate_children_to_nodeP12ast_node_t_tiz
FNDA:0,_Z16node_is_constantP12ast_node_t_t
FNDA:28922,_Z9get_rangeP12ast_node_t_t
FNDA:221980,_Z30get_name_of_var_declare_at_bitP12ast_node_t_ti
FNDA:0,_Z7get_bitc
FNDA:0,_Z38add_child_at_the_beginning_of_the_nodeP12ast_node_t_tS0_
FNDA:7748,_Z10fold_unaryP12ast_node_t_t14operation_list
FNDA:25,_Z15free_whole_treeP12ast_node_t_t
FNDA:105,_Z32make_concat_into_list_of_stringsP12ast_node_t_tPc
FNDA:426710,_Z12resolve_nodeP12STRING_CACHEsPcP12ast_node_t_t
FNDA:45730,_Z23get_name_of_pins_numberP12ast_node_t_tii
FNDA:61877,_Z23create_tree_node_numberPcii
FNDA:302435,_Z18create_node_w_type3idsii
FNDA:97788,_Z19create_tree_node_idPcii
FNDA:1036,_Z22make_module_param_nameP12ast_node_t_tPc
FNDA:0,_Z18ast_node_deep_copyP12ast_node_t_t
FNDA:61785,_Z17add_child_to_nodeP12ast_node_t_tS0_
FNDA:131906,_Z28get_name_of_pins_with_prefixP12ast_node_t_tPc
FNDA:131906,_Z16get_name_of_pinsP12ast_node_t_tPc
FNDA:40582,_Z11fold_binaryP12ast_node_t_tS0_14operation_list
FNDA:4,_Z13move_ast_nodeP12ast_node_t_tS0_S0_
FNF:23
FNH:19
DA:44,302435
DA:50,302435
DA:51,302435
DA:52,302435
DA:54,302435
DA:55,302435
DA:57,302435
DA:58,302435
DA:59,302435
DA:61,302435
DA:62,302435
DA:64,302435
DA:70,25
DA:74,25
DA:77,25
DA:79,30
DA:80,20
DA:83,25
DA:84,10
DA:86,25
DA:88,5
DA:89,5
DA:90,5
DA:92,10
DA:93,10
DA:94,10
DA:95,10
DA:96,10
DA:102,25
DA:109,97788
DA:111,97788
DA:112,97788
DA:114,97788
DA:120,8678
DA:123,8678
DA:124,8678
DA:125,8678
DA:127,8678
DA:130,35
DA:133,8678
DA:134,8678
DA:136,8678
DA:137,8678
DA:138,35
DA:140,8678
DA:146,61877
DA:148,61877
DA:155,140545
DA:157,91894
DA:161,78668
DA:164,61877
DA:168,48651
DA:173,48651
DA:175,48651
DA:180,13226
DA:182,9
DA:183,9
DA:184,9
DA:185,219
DA:186,219
DA:187,219
DA:188,1
DA:189,1
DA:190,1
DA:191,12997
DA:192,12997
DA:193,12997
DA:194,0
DA:195,0
DA:196,0
DA:200,13226
DA:201,13226
DA:202,13226
DA:204,13226
DA:205,13226
DA:208,0
DA:209,0
DA:213,13226
DA:216,13226
DA:223,13226
DA:228,48651
DA:230,31401
DA:234,17250
DA:238,61877
DA:240,48660
DA:242,48660
DA:243,48660
DA:244,48660
DA:245,219
DA:246,219
DA:247,219
DA:248,219
DA:250,219
DA:253,0
DA:256,1
DA:257,1
DA:258,1
DA:260,1
DA:261,1
DA:262,12997
DA:264,12997
DA:266,12997
DA:270,12997
DA:272,12997
DA:273,0
DA:274,0
DA:275,0
DA:278,61877
DA:285,131171
DA:291,131171
DA:292,131171
DA:295,131171
DA:297,470380
DA:299,339209
DA:301,131171
DA:306,61785
DA:309,61785
DA:313,61777
DA:314,61777
DA:315,61777
DA:321,0
DA:326,0
DA:332,0
DA:333,0
DA:335,0
DA:337,0
DA:338,0
DA:339,0
DA:343,0
DA:351,28922
DA:355,28922
DA:360,17442
DA:363,0
DA:366,0
DA:367,0
DA:368,0
DA:371,17442
DA:380,105
DA:385,105
DA:386,105
DA:389,422
DA:391,317
DA:393,0
DA:397,422
DA:399,317
DA:401,200
DA:403,200
DA:405,200
DA:407,200
DA:409,17
DA:410,17
DA:411,17
DA:413,183
DA:416,183
DA:417,183
DA:418,183
DA:420,2133
DA:422,1950
DA:423,1950
DA:424,1950
DA:429,0
DA:433,0
DA:436,117
DA:438,38
DA:439,38
DA:440,38
DA:442,79
DA:444,67
DA:445,67
DA:446,67
DA:447,67
DA:448,67
DA:452,782
DA:454,715
DA:455,715
DA:456,715
DA:457,715
DA:460,12
DA:462,12
DA:464,0
DA:468,795
DA:470,783
DA:471,783
DA:472,783
DA:475,0
DA:478,0
DA:480,0
DA:481,0
DA:482,0
DA:486,0
DA:489,105
DA:495,221980
DA:500,221980
DA:502,4210
DA:503,4210
DA:505,217770
DA:507,217770
DA:508,217770
DA:513,0
DA:516,221980
DA:523,230061
DA:528,230061
DA:530,327
DA:531,327
DA:532,327
DA:534,229734
DA:536,2462
DA:537,2462
DA:538,2462
DA:539,2462
DA:540,2462
DA:542,2462
DA:544,227272
DA:546,4033
DA:548,223239
DA:553,218319
DA:558,0
DA:561,218319
DA:565,218319
DA:567,218319
DA:568,218319
DA:571,0
DA:573,218319
DA:575,4920
DA:577,906
DA:580,906
DA:581,906
DA:583,187
DA:586,719
DA:588,719
DA:594,0
DA:597,4014
DA:599,4014
DA:602,0
DA:606,4014
DA:609,92
DA:612,4014
DA:613,4014
DA:620,0
DA:621,0
DA:624,230061
DA:627,45730
DA:630,45730
DA:632,45730
DA:634,522651
DA:637,476921
DA:639,476921
DA:640,476921
DA:642,50497
DA:643,426424
DA:644,0
DA:645,0
DA:650,0
DA:652,45730
DA:660,131906
DA:663,131906
DA:669,131906
DA:672,10950
DA:673,10950
DA:674,10950
DA:675,10950
DA:676,10950
DA:678,120956
DA:680,4763
DA:681,4763
DA:682,4763
DA:683,4763
DA:684,4763
DA:685,4763
DA:687,4763
DA:688,99839
DA:689,95076
DA:693,0
DA:694,0
DA:697,116193
DA:704,70769
DA:706,70769
DA:708,70450
DA:710,70450
DA:712,0
DA:714,70450
DA:716,70450
DA:719,0
DA:721,70450
DA:723,70450
DA:726,16646
DA:727,16646
DA:729,53804
DA:732,53804
DA:733,53804
DA:734,53804
DA:735,53804
DA:736,53804
DA:737,1377090
DA:739,2646580
DA:740,1323290
DA:741,1323290
DA:746,0
DA:756,319
DA:757,319
DA:758,319
DA:761,45424
DA:763,45411
DA:764,45411
DA:766,13
DA:768,13
DA:770,0
DA:774,13
DA:777,13
DA:780,13
DA:781,13
DA:782,102
DA:784,89
DA:785,89
DA:791,0
DA:794,131906
DA:795,131906
DA:797,131906
DA:803,131906
DA:809,131906
DA:811,2054880
DA:813,1922970
DA:816,131906
DA:829,426710
DA:831,426710
DA:834,426710
DA:836,426710
DA:839,563333
DA:840,136623
DA:844,426710
DA:846,113694
DA:847,113694
DA:848,75532
DA:849,75532
DA:850,75532
DA:851,75532
DA:853,75532
DA:856,113694
DA:857,113694
DA:858,747
DA:862,7748
DA:863,7748
DA:864,7748
DA:865,7748
DA:866,7748
DA:870,40582
DA:871,40582
DA:872,40582
DA:873,40582
DA:874,40582
DA:880,274111
DA:884,426710
DA:885,426710
DA:887,426710
DA:897,1036
DA:899,1036
DA:902,1036
DA:905,8
DA:907,20
DA:909,12
DA:911,12
DA:915,1036
DA:925,4
DA:929,4
DA:930,32
DA:932,28
DA:934,4
DA:935,4
DA:936,16
DA:938,12
DA:942,4
DA:943,4
DA:949,0
DA:953,0
DA:958,0
DA:962,0
DA:963,0
DA:967,0
DA:968,0
DA:977,0
DA:978,0
DA:987,7748
DA:989,12
DA:993,12
DA:994,12
DA:996,12
DA:997,0
DA:998,0
DA:1000,0
DA:1002,12
DA:1003,12
DA:1005,12
DA:1007,0
DA:1008,0
DA:1010,0
DA:1012,0
DA:1015,0
DA:1019,0
DA:1020,0
DA:1028,0
DA:1029,0
DA:1030,0
DA:1031,0
DA:1036,0
DA:1037,0
DA:1038,0
DA:1039,0
DA:1044,0
DA:1045,0
DA:1046,0
DA:1047,0
DA:1052,0
DA:1053,0
DA:1054,0
DA:1055,0
DA:1063,12
DA:1064,12
DA:1065,12
DA:1074,40582
DA:1078,8666
DA:1079,8666
DA:1085,8666
DA:1086,8666
DA:1088,8666
DA:1089,8666
DA:1091,8666
DA:1092,99
DA:1093,99
DA:1095,99
DA:1097,8199
DA:1098,8199
DA:1100,8199
DA:1102,351
DA:1103,351
DA:1105,351
DA:1107,0
DA:1108,0
DA:1110,0
DA:1112,0
DA:1113,0
DA:1115,0
DA:1117,0
DA:1118,0
DA:1120,0
DA:1122,0
DA:1123,0
DA:1125,0
DA:1127,0
DA:1128,0
DA:1130,0
DA:1132,0
DA:1133,0
DA:1135,0
DA:1137,0
DA:1138,0
DA:1140,0
DA:1142,9
DA:1143,9
DA:1145,9
DA:1147,8
DA:1148,8
DA:1150,8
DA:1152,0
DA:1153,0
DA:1155,0
DA:1157,0
DA:1158,0
DA:1160,0
DA:1162,0
DA:1163,0
DA:1165,0
DA:1167,0
DA:1168,0
DA:1170,0
DA:1172,0
DA:1173,0
DA:1175,0
DA:1177,0
DA:1178,0
DA:1180,0
DA:1182,0
DA:1183,0
DA:1185,0
DA:1187,0
DA:1188,0
DA:1190,0
DA:1192,0
DA:1193,0
DA:1195,0
DA:1197,0
DA:1198,0
DA:1199,0
DA:1207,0
DA:1208,0
DA:1216,0
DA:1217,0
DA:1218,0
DA:1226,0
DA:1227,0
DA:1238,8666
DA:1239,8666
DA:1240,8666
DA:1241,8666
DA:1250,0
DA:1251,106110
DA:1253,26806
DA:1254,17687
DA:1255,17687
DA:1259,0
LF:509
LH:365
end_of_record
TN:
SF:/workspace/vtr-verilog-to-routing/ODIN_II/SRC/errors.c
FN:35,_Z13error_messagesiiPKcz
FN:62,_Z15warning_messagesiiPKcz
FNDA:4,_Z15warning_messagesiiPKcz
FNDA:0,_Z13error_messagesiiPKcz
FNF:2
FNH:1
DA:35,0
DA:39,0
DA:41,0
DA:42,0
DA:43,0
DA:44,0
DA:45,0
DA:46,0
DA:48,0
DA:49,0
DA:50,0
DA:51,0
DA:54,0
DA:56,0
DA:62,4
DA:67,4
DA:69,4
DA:70,4
DA:71,4
DA:74,4
DA:75,4
DA:76,4
DA:77,4
DA:78,4
DA:79,4
DA:80,4
DA:82,4
DA:83,4
DA:84,4
DA:87,4
DA:88,4
LF:31
LH:17
end_of_record
TN:
SF:/workspace/vtr-verilog-to-routing/ODIN_II/SRC/hard_blocks.c
FN:41,_Z14get_model_portP13t_model_portsPKc
FN:50,_Z22cache_hard_block_namesv
FN:64,_Z20register_hard_blocksv
FN:113,_Z22deregister_hard_blocksv
FN:119,_Z15find_hard_blockPKc
FN:133,_Z17define_hard_blockP9nnode_t_tsP8_IO_FILE
FN:216,_Z18output_hard_blocksP8_IO_FILE
FN:285,_Z22instantiate_hard_blockP9nnode_t_tsP11netlist_t_t
FN:309,_Z20hard_block_port_sizeP7t_modelPc
FN:344,_Z25hard_block_port_directionP7t_modelPc
FNDA:0,_Z20hard_block_port_sizeP7t_modelPc
FNDA:278,_Z20register_hard_blocksv
FNDA:17652,_Z14get_model_portP13t_model_portsPKc
FNDA:278,_Z18output_hard_blocksP8_IO_FILE
FNDA:278,_Z22cache_hard_block_namesv
FNDA:3968,_Z15find_hard_blockPKc
FNDA:404,_Z22deregister_hard_blocksv
FNDA:3360,_Z22instantiate_hard_blockP9nnode_t_tsP11netlist_t_t
FNDA:0,_Z25hard_block_port_directionP7t_modelPc
FNDA:3360,_Z17define_hard_blockP9nnode_t_tsP8_IO_FILE
FNF:10
FNH:8
DA:41,17652
DA:43,49596
DA:44,31488
DA:46,17652
DA:50,278
DA:54,278
DA:55,278
DA:56,734
DA:58,456
DA:59,456
DA:61,278
DA:64,278
DA:66,278
DA:67,278
DA:68,278
DA:70,278
DA:74,152
DA:76,0
DA:77,0
DA:79,0
DA:80,0
DA:83,152
DA:84,152
DA:85,152
DA:88,278
DA:92,152
DA:94,0
DA:95,0
DA:97,0
DA:99,0
DA:100,0
DA:102,0
DA:105,152
DA:106,152
DA:107,152
DA:109,152
DA:111,278
DA:113,404
DA:115,404
DA:116,404
DA:119,3968
DA:123,3968
DA:124,5268
DA:125,5000
DA:126,3700
DA:128,1300
DA:133,3360
DA:141,3360
DA:142,3360
DA:145,3360
DA:149,3360
DA:150,3360
DA:154,101580
DA:157,98220
DA:159,0
DA:160,0
DA:163,98220
DA:164,14520
DA:167,83700
DA:168,0
DA:170,83700
DA:173,98220
DA:178,98220
DA:180,98220
DA:181,98220
DA:184,20100
DA:190,8940
DA:192,5580
DA:193,0
DA:195,5580
DA:197,5580
DA:202,5580
DA:204,5580
DA:205,5580
DA:208,5580
DA:216,278
DA:224,278
DA:225,278
DA:226,734
DA:228,456
DA:231,17
DA:239,17
DA:240,118
DA:242,594
DA:244,493
DA:245,73
DA:247,420
DA:249,493
DA:250,50
DA:254,101
DA:257,17
DA:258,17
DA:259,45
DA:261,56
DA:263,28
DA:264,28
DA:266,0
DA:268,28
DA:269,0
DA:273,28
DA:278,456
DA:281,278
DA:285,3360
DA:291,8940
DA:293,5580
DA:294,1272
DA:304,3360
DA:305,3360
DA:309,0
DA:313,0
DA:320,0
DA:321,0
DA:326,0
DA:327,0
DA:328,0
DA:329,0
DA:331,0
DA:333,0
DA:334,0
DA:335,0
DA:336,0
DA:338,0
DA:344,0
DA:348,0
DA:351,0
DA:352,0
DA:353,0
DA:354,0
DA:356,0
DA:358,0
DA:359,0
DA:360,0
DA:361,0
DA:363,0
LF:134
LH:92
end_of_record
TN:
SF:/workspace/vtr-verilog-to-routing/ODIN_II/SRC/hashtable.c
FN:40,_Z16create_hashtablei
FN:65,_Z20___hashtable_destroyP13hashtable_t_t
FN:83,_Z31___hashtable_destroy_free_itemsP13hashtable_t_t
FN:102,_Z16___hashtable_addP13hashtable_t_tPKvmPv
FN:124,_Z19___hashtable_removeP13hashtable_t_tPKvm
FN:149,_Z16___hashtable_getP13hashtable_t_tPKvm
FN:164,_Z20___hashtable_get_allP13hashtable_t_t
FN:181,_Z21___hashtable_is_emptyP13hashtable_t_t
FN:186,_Z25___hashtable_compare_keysPKvmS0_m
FN:192,_Z17___hashtable_hashPKvmi
FNDA:14520,_Z20___hashtable_destroyP13hashtable_t_t
FNDA:278,_Z20___hashtable_get_allP13hashtable_t_t
FNDA:15528,_Z16create_hashtablei
FNDA:0,_Z21___hashtable_is_emptyP13hashtable_t_t
FNDA:0,_Z25___hashtable_compare_keysPKvmS0_m
FNDA:0,_Z17___hashtable_hashPKvmi
FNDA:3672140,_Z16___hashtable_getP13hashtable_t_tPKvm
FNDA:3032530,_Z16___hashtable_addP13hashtable_t_tPKvmPv
FNDA:0,_Z19___hashtable_removeP13hashtable_t_tPKvm
FNDA:1008,_Z31___hashtable_destroy_free_itemsP13hashtable_t_t
FNF:10
FNH:6
DA:40,15528
DA:42,15528
DA:45,0
DA:48,15528
DA:50,15528
DA:51,15528
DA:52,15528
DA:54,15528
DA:55,15528
DA:56,15528
DA:57,15528
DA:58,15528
DA:59,15528
DA:60,15528
DA:62,15528
DA:65,14520
DA:68,7232470
DA:71,10247300
DA:73,3029310
DA:74,3029310
DA:75,3029310
DA:76,3029310
DA:79,14520
DA:80,14520
DA:81,14520
DA:83,1008
DA:86,286166
DA:89,288380
DA:91,3222
DA:92,3222
DA:93,3222
DA:94,3222
DA:95,3222
DA:98,1008
DA:99,1008
DA:100,1008
DA:102,3032530
DA:104,3032530
DA:106,3032530
DA:107,3032530
DA:108,3032530
DA:109,3032530
DA:113,3032530
DA:114,3032530
DA:116,122915000
DA:117,119883000
DA:119,3032530
DA:121,3032530
DA:122,3032530
DA:124,0
DA:126,0
DA:128,0
DA:129,0
DA:130,0
DA:132,0
DA:133,0
DA:137,0
DA:139,0
DA:140,0
DA:141,0
DA:142,0
DA:143,0
DA:146,0
DA:149,3672140
DA:151,3672140
DA:153,3672140
DA:154,14501700
DA:155,10829500
DA:158,3672140
DA:159,88343
DA:161,3672140
DA:164,278
DA:166,278
DA:169,278278
DA:171,278000
DA:172,278008
DA:174,8
DA:175,8
DA:178,278
DA:181,0
DA:183,0
DA:186,0
DA:188,10917900
DA:189,10909900
DA:192,0
DA:196,1248980000
DA:197,1242270000
DA:199,6704670
LF:88
LH:69
end_of_record
TN:
SF:/workspace/vtr-verilog-to-routing/ODIN_II/SRC/high_level_data.c
FN:24,_Z12add_tag_datav
FN:37,_Z11update_treeP12ast_node_t_t
FN:102,_Z10update_tagP12ast_node_t_tii
FN:121,_Z12generate_tagv
FN:133,_Z14get_linenumberP12ast_node_t_t
FNDA:0,_Z11update_treeP12ast_node_t_t
FNDA:0,_Z14get_linenumberP12ast_node_t_t
FNDA:0,_Z10update_tagP12ast_node_t_tii
FNDA:0,_Z12add_tag_datav
FNDA:0,_Z12generate_tagv
FNF:5
FNH:0
DA:24,0
DA:28,0
DA:30,0
DA:32,0
DA:37,0
DA:43,0
DA:46,0
DA:48,0
DA:53,0
DA:54,0
DA:57,0
DA:59,0
DA:63,0
DA:65,0
DA:70,0
DA:71,0
DA:74,0
DA:76,0
DA:80,0
DA:82,0
DA:87,0
DA:88,0
DA:91,0
DA:93,0
DA:102,0
DA:105,0
DA:108,0
DA:109,0
DA:111,0
DA:113,0
DA:121,0
DA:124,0
DA:125,0
DA:127,0
DA:133,0
DA:135,0
LF:36
LH:0
end_of_record
TN:
SF:/workspace/vtr-verilog-to-routing/ODIN_II/SRC/implicit_memory.c
FN:45,_Z22lookup_implicit_memoryPcS_
FN:54,_Z36lookup_implicit_memory_reference_astPcP12ast_node_t_t
FN:67,_Z38is_valid_implicit_memory_reference_astPcP12ast_node_t_t
FN:79,_Z28create_implicit_memory_blockixPcS_
FN:117,_Z33add_input_port_to_implicit_memoryP15implicit_memoryP15signal_list_t_tPKc
FN:127,_Z34add_output_port_to_implicit_memoryP15implicit_memoryP15signal_list_t_tPKc
FN:137,_Z28lookup_implicit_memory_inputPc
FN:146,_Z30register_implicit_memory_inputPcP15implicit_memory
FN:157,_Z26init_implicit_memory_indexv
FN:168,_Z48free_implicit_memory_index_and_finalize_memoriesv
FN:194,_Z39add_dummy_input_port_to_implicit_memoryP15implicit_memoryiPKc
FN:210,_Z40add_dummy_output_port_to_implicit_memoryP15implicit_memoryiPKc
FN:233,_Z24finalize_implicit_memoryP15implicit_memory
FN:330,_Z43collapse_implicit_memory_to_single_port_ramP15implicit_memory
FNDA:0,_Z39add_dummy_input_port_to_implicit_memoryP15implicit_memoryiPKc
FNDA:56,_Z33add_input_port_to_implicit_memoryP15implicit_memoryP15signal_list_t_tPKc
FNDA:8,_Z24finalize_implicit_memoryP15implicit_memory
FNDA:8,_Z34add_output_port_to_implicit_memoryP15implicit_memoryP15signal_list_t_tPKc
FNDA:573179,_Z28lookup_implicit_memory_inputPc
FNDA:44384,_Z22lookup_implicit_memoryPcS_
FNDA:278,_Z26init_implicit_memory_indexv
FNDA:120,_Z30register_implicit_memory_inputPcP15implicit_memory
FNDA:278,_Z48free_implicit_memory_index_and_finalize_memoriesv
FNDA:8,_Z40add_dummy_output_port_to_implicit_memoryP15implicit_memoryiPKc
FNDA:64402,_Z36lookup_implicit_memory_reference_astPcP12ast_node_t_t
FNDA:16,_Z38is_valid_implicit_memory_reference_astPcP12ast_node_t_t
FNDA:0,_Z43collapse_implicit_memory_to_single_port_ramP15implicit_memory
FNDA:8,_Z28create_implicit_memory_blockixPcS_
FNF:14
FNH:12
DA:45,44384
DA:47,44384
DA:48,44384
DA:54,64402
DA:56,64402
DA:57,1634
DA:58,62768
DA:59,42750
DA:67,16
DA:69,16
DA:70,32
DA:73,0
DA:79,8
DA:81,8
DA:83,32
DA:84,24
DA:86,8
DA:87,0
DA:89,8
DA:90,8
DA:91,8
DA:94,8
DA:95,8
DA:96,8
DA:97,8
DA:99,8
DA:101,8
DA:102,8
DA:103,8
DA:104,8
DA:105,8
DA:106,8
DA:107,8
DA:109,8
DA:111,8
DA:117,56
DA:119,56
DA:121,56
DA:122,56
DA:127,8
DA:129,16
DA:131,16
DA:132,8
DA:137,573179
DA:139,573179
DA:146,120
DA:148,120
DA:149,120
DA:151,0
DA:152,120
DA:157,278
DA:159,278
DA:160,278
DA:161,278
DA:168,278
DA:170,278
DA:172,278
DA:173,278
DA:176,278
DA:178,278
DA:181,286
DA:182,8
DA:184,278
DA:185,278
DA:186,278
DA:188,278
DA:194,0
DA:196,0
DA:198,0
DA:199,0
DA:203,0
DA:204,0
DA:210,8
DA:212,8
DA:215,56
DA:217,48
DA:219,48
DA:220,48
DA:225,8
DA:226,8
DA:233,8
DA:235,8
DA:249,192
DA:251,184
DA:252,184
DA:254,152
DA:256,120
DA:258,72
DA:260,24
DA:262,16
DA:264,8
DA:269,56
DA:271,48
DA:272,48
DA:274,0
DA:278,8
DA:280,0
DA:281,0
DA:284,8
DA:285,8
DA:287,8
DA:289,8
DA:290,8
DA:291,8
DA:292,8
DA:295,8
DA:297,8
DA:298,8
DA:299,8
DA:300,8
DA:303,8
DA:304,0
DA:313,8
DA:314,8
DA:315,8
DA:316,8
DA:318,4
DA:319,4
DA:321,8
DA:330,0
DA:332,0
DA:337,0
DA:339,0
DA:340,0
DA:341,0
DA:346,0
DA:348,0
DA:349,0
DA:352,0
DA:353,0
DA:354,0
LF:131
LH:106
end_of_record
TN:
SF:/workspace/vtr-verilog-to-routing/ODIN_II/SRC/memories.c
FN:61,_Z16get_sp_ram_depthP9nnode_t_t
FN:69,_Z16get_dp_ram_depthP9nnode_t_t
FN:78,_Z16get_sp_ram_widthP9nnode_t_t
FN:86,_Z16get_dp_ram_widthP9nnode_t_t
FN:95,_Z20get_memory_port_sizePKc
FN:109,_Z25copy_input_port_to_memoryP9nnode_t_tP15signal_list_t_tPKc
FN:116,_Z26copy_output_port_to_memoryP9nnode_t_tP15signal_list_t_tPKc
FN:126,_Z26remap_input_port_to_memoryP9nnode_t_tP15signal_list_t_tPKc
FN:160,_Z24add_input_port_to_memoryP9nnode_t_tP15signal_list_t_tPKc
FN:197,_Z27remap_output_port_to_memoryP9nnode_t_tP15signal_list_t_tPc
FN:231,_Z25add_output_port_to_memoryP9nnode_t_tP15signal_list_t_tPKc
FN:265,_Z38check_memories_and_report_distributionv
FN:349,_Z21split_sp_memory_depthP9nnode_t_ti
FN:466,_Z21split_dp_memory_depthP9nnode_t_ti
FN:632,_Z21split_sp_memory_widthP9nnode_t_ti
FN:736,_Z21split_dp_memory_widthP9nnode_t_ti
FN:912,_Z22get_sp_ram_split_depthv
FN:934,_Z22get_dp_ram_split_depthv
FN:956,_Z22get_sp_ram_split_widthv
FN:975,_Z22get_dp_ram_split_widthv
FN:995,_Z36filter_memories_by_soft_logic_cutoffv
FN:1045,_Z16iterate_memoriesP11netlist_t_t
FN:1151,_Z17free_memory_listsv
FN:1162,_Z19pad_dp_memory_widthP9nnode_t_tP11netlist_t_t
FN:1179,_Z19pad_sp_memory_widthP9nnode_t_tP11netlist_t_t
FN:1194,_Z22pad_memory_output_portP9nnode_t_tP11netlist_t_tP7t_modelPKc
FN:1233,_Z21pad_memory_input_portP9nnode_t_tP11netlist_t_tP7t_modelPKc
FN:1273,_Z9is_sp_ramP9nnode_t_t
FN:1280,_Z9is_dp_ramP9nnode_t_t
FN:1287,_Z13is_ast_sp_ramP12ast_node_t_t
FN:1296,_Z13is_ast_dp_ramP12ast_node_t_t
FN:1305,_Z18get_sp_ram_signalsP9nnode_t_t
FN:1359,_Z19free_sp_ram_signalsP14sp_ram_signals
FN:1368,_Z18get_dp_ram_signalsP9nnode_t_t
FN:1439,_Z19free_dp_ram_signalsP14dp_ram_signals
FN:1454,_Z32instantiate_soft_single_port_ramP9nnode_t_tsP11netlist_t_t
FN:1543,_Z30instantiate_soft_dual_port_ramP9nnode_t_tsP11netlist_t_t
FN:1678,_Z14create_decoderP9nnode_t_tsP15signal_list_t_t
FNDA:152,_Z22get_sp_ram_split_widthv
FNDA:2286910,_Z19free_sp_ram_signalsP14sp_ram_signals
FNDA:0,_Z27remap_output_port_to_memoryP9nnode_t_tP15signal_list_t_tPc
FNDA:46,_Z13is_ast_sp_ramP12ast_node_t_t
FNDA:582,_Z36filter_memories_by_soft_logic_cutoffv
FNDA:2220,_Z19pad_dp_memory_widthP9nnode_t_tP11netlist_t_t
FNDA:1140,_Z16get_sp_ram_depthP9nnode_t_t
FNDA:60,_Z25copy_input_port_to_memoryP9nnode_t_tP15signal_list_t_tPKc
FNDA:4881090,_Z18get_dp_ram_signalsP9nnode_t_t
FNDA:4524,_Z16get_dp_ram_widthP9nnode_t_t
FNDA:152,_Z22get_dp_ram_split_widthv
FNDA:52,_Z13is_ast_dp_ramP12ast_node_t_t
FNDA:62,_Z20get_memory_port_sizePKc
FNDA:1140,_Z19pad_sp_memory_widthP9nnode_t_tP11netlist_t_t
FNDA:14,_Z14create_decoderP9nnode_t_tsP15signal_list_t_t
FNDA:0,_Z26copy_output_port_to_memoryP9nnode_t_tP15signal_list_t_tPKc
FNDA:60,_Z26remap_input_port_to_memoryP9nnode_t_tP15signal_list_t_tPKc
FNDA:9753100,_Z9is_dp_ramP9nnode_t_t
FNDA:1140,_Z16get_sp_ram_widthP9nnode_t_t
FNDA:304,_Z22get_sp_ram_split_depthv
FNDA:16,_Z25add_output_port_to_memoryP9nnode_t_tP15signal_list_t_tPKc
FNDA:23,_Z21split_sp_memory_depthP9nnode_t_ti
FNDA:278,_Z16iterate_memoriesP11netlist_t_t
FNDA:4524,_Z16get_dp_ram_depthP9nnode_t_t
FNDA:2,_Z32instantiate_soft_single_port_ramP9nnode_t_tsP11netlist_t_t
FNDA:278,_Z38check_memories_and_report_distributionv
FNDA:304,_Z22get_dp_ram_split_depthv
FNDA:6,_Z30instantiate_soft_dual_port_ramP9nnode_t_tsP11netlist_t_t
FNDA:2286910,_Z18get_sp_ram_signalsP9nnode_t_t
FNDA:158,_Z24add_input_port_to_memoryP9nnode_t_tP15signal_list_t_tPKc
FNDA:278,_Z17free_memory_listsv
FNDA:23,_Z21split_sp_memory_widthP9nnode_t_ti
FNDA:5580,_Z22pad_memory_output_portP9nnode_t_tP11netlist_t_tP7t_modelPKc
FNDA:31,_Z21split_dp_memory_widthP9nnode_t_ti
FNDA:31,_Z21split_dp_memory_depthP9nnode_t_ti
FNDA:11160,_Z21pad_memory_input_portP9nnode_t_tP11netlist_t_tP7t_modelPKc
FNDA:4881090,_Z19free_dp_ram_signalsP14dp_ram_signals
FNDA:9445640,_Z9is_sp_ramP9nnode_t_t
FNF:38
FNH:36
DA:61,1140
DA:63,3436
DA:64,3436
DA:65,3436
DA:66,1140
DA:69,4524
DA:71,4524
DA:72,4524
DA:73,4524
DA:74,4524
DA:75,4524
DA:78,1140
DA:80,3428
DA:81,3436
DA:82,3436
DA:83,1140
DA:86,4524
DA:88,4524
DA:89,4524
DA:90,4524
DA:91,4524
DA:92,4524
DA:95,62
DA:99,62
DA:100,88
DA:102,88
DA:103,62
DA:104,26
DA:109,60
DA:111,60
DA:112,60
DA:113,60
DA:114,60
DA:116,0
DA:118,0
DA:119,0
DA:120,0
DA:121,0
DA:126,60
DA:129,60
DA:132,2014
DA:134,1954
DA:135,1954
DA:137,0
DA:143,60
DA:144,60
DA:147,1488
DA:149,1428
DA:150,1428
DA:151,1428
DA:153,60
DA:160,158
DA:163,158
DA:166,5966
DA:168,5808
DA:169,5808
DA:171,0
DA:177,158
DA:178,158
DA:181,1812
DA:183,1654
DA:186,1654
DA:190,1654
DA:192,158
DA:197,0
DA:200,0
DA:203,0
DA:205,0
DA:206,0
DA:208,0
DA:214,0
DA:215,0
DA:218,0
DA:220,0
DA:221,0
DA:222,0
DA:224,0
DA:231,16
DA:234,16
DA:237,64
DA:239,48
DA:240,48
DA:242,0
DA:248,16
DA:249,16
DA:252,112
DA:254,96
DA:255,96
DA:256,96
DA:258,16
DA:265,278
DA:267,278
DA:279,13
DA:280,21
DA:282,8
DA:287,8
DA:288,0
DA:292,8
DA:294,8
DA:303,8
DA:306,13
DA:307,41
DA:309,28
DA:311,28
DA:312,28
DA:314,28
DA:315,0
DA:318,28
DA:320,28
DA:328,28
DA:349,23
DA:351,38
DA:353,38
DA:356,38
DA:358,23
DA:359,23
DA:364,15
DA:365,251
DA:366,236
DA:369,15
DA:370,15
DA:373,15
DA:374,15
DA:377,15
DA:378,15
DA:379,15
DA:380,15
DA:381,15
DA:382,15
DA:385,15
DA:386,15
DA:387,15
DA:388,15
DA:391,15
DA:392,15
DA:397,15
DA:398,15
DA:399,15
DA:401,15
DA:402,15
DA:403,15
DA:405,15
DA:406,15
DA:407,15
DA:409,15
DA:411,15
DA:412,15
DA:413,15
DA:417,15
DA:418,15
DA:419,15
DA:422,15
DA:423,15
DA:425,15
DA:426,15
DA:429,975
DA:431,960
DA:432,960
DA:433,960
DA:434,960
DA:435,960
DA:437,960
DA:438,960
DA:439,960
DA:441,960
DA:443,960
DA:444,960
DA:446,960
DA:447,960
DA:450,15
DA:451,15
DA:453,15
DA:455,15
DA:466,31
DA:468,34
DA:470,34
DA:473,34
DA:475,31
DA:476,31
DA:480,3
DA:483,48
DA:484,45
DA:486,3
DA:487,48
DA:488,45
DA:491,3
DA:492,3
DA:495,3
DA:496,3
DA:499,3
DA:500,3
DA:501,3
DA:502,3
DA:503,3
DA:504,3
DA:507,3
DA:508,3
DA:509,3
DA:510,3
DA:511,3
DA:512,3
DA:515,3
DA:516,3
DA:517,3
DA:518,3
DA:523,3
DA:524,3
DA:525,3
DA:527,3
DA:528,3
DA:529,3
DA:531,3
DA:532,3
DA:533,3
DA:535,3
DA:536,3
DA:537,3
DA:539,3
DA:540,3
DA:541,3
DA:542,3
DA:544,3
DA:545,3
DA:546,3
DA:548,3
DA:549,3
DA:550,3
DA:552,3
DA:554,3
DA:555,3
DA:556,3
DA:560,3
DA:561,3
DA:562,3
DA:565,3
DA:566,3
DA:567,3
DA:569,3
DA:570,3
DA:571,3
DA:574,65
DA:576,62
DA:577,62
DA:578,62
DA:579,62
DA:580,62
DA:582,62
DA:583,62
DA:584,62
DA:586,62
DA:588,62
DA:589,62
DA:591,62
DA:592,62
DA:596,65
DA:598,62
DA:599,62
DA:600,62
DA:601,62
DA:602,62
DA:604,62
DA:606,62
DA:607,62
DA:608,62
DA:610,62
DA:612,62
DA:613,62
DA:615,62
DA:616,62
DA:619,3
DA:620,3
DA:621,3
DA:622,3
DA:624,3
DA:632,23
DA:634,23
DA:635,23
DA:637,23
DA:639,23
DA:641,23
DA:643,23
DA:646,0
DA:653,1163
DA:655,1140
DA:656,1140
DA:657,1140
DA:660,1140
DA:661,1140
DA:662,1140
DA:663,1140
DA:666,5700
DA:667,4560
DA:669,1140
DA:673,5700
DA:676,4560
DA:679,1140
DA:681,2280
DA:683,1140
DA:684,1140
DA:685,1140
DA:686,1140
DA:687,1140
DA:688,1140
DA:690,1140
DA:692,1140
DA:697,22108
DA:699,18688
DA:700,18688
DA:702,18688
DA:703,18355
DA:705,333
DA:706,18688
DA:707,18688
DA:717,2280
DA:719,1140
DA:720,1140
DA:721,1140
DA:722,1140
DA:723,1140
DA:728,23
DA:730,23
DA:736,31
DA:738,31
DA:739,31
DA:740,31
DA:741,31
DA:743,31
DA:744,31
DA:746,31
DA:747,31
DA:749,31
DA:750,31
DA:751,31
DA:752,31
DA:754,31
DA:755,31
DA:757,31
DA:758,31
DA:760,31
DA:761,31
DA:762,31
DA:764,31
DA:766,31
DA:769,0
DA:778,2251
DA:780,2220
DA:781,2220
DA:782,2220
DA:785,2220
DA:786,2220
DA:787,2220
DA:788,2220
DA:791,17760
DA:792,15540
DA:796,17760
DA:799,15540
DA:802,2220
DA:804,4440
DA:806,2220
DA:807,2220
DA:808,2220
DA:809,2220
DA:810,2220
DA:811,2220
DA:813,2220
DA:815,2220
DA:817,13320
DA:820,2220
DA:822,4440
DA:824,2220
DA:825,2220
DA:826,2220
DA:827,2220
DA:828,2220
DA:829,2220
DA:831,2220
DA:833,2220
DA:838,42984
DA:840,31884
DA:841,31884
DA:843,31884
DA:844,31319
DA:846,565
DA:847,31884
DA:848,31884
DA:853,6660
DA:854,4440
DA:858,6660
DA:861,4440
DA:864,2220
DA:866,4440
DA:868,2220
DA:869,2220
DA:870,2220
DA:871,2220
DA:872,2220
DA:873,2220
DA:875,2220
DA:877,2220
DA:879,2220
DA:882,2220
DA:884,4440
DA:886,2220
DA:887,2220
DA:888,2220
DA:889,2220
DA:890,2220
DA:891,2220
DA:893,2220
DA:895,2220
DA:899,0
DA:904,31
DA:906,31
DA:912,304
DA:914,304
DA:916,304
DA:917,0
DA:918,304
DA:919,0
DA:920,304
DA:923,304
DA:925,304
DA:927,304
DA:934,304
DA:936,304
DA:938,304
DA:939,0
DA:940,304
DA:941,0
DA:942,304
DA:945,304
DA:947,304
DA:949,304
DA:956,152
DA:958,152
DA:964,152
DA:965,152
DA:966,152
DA:967,152
DA:975,152
DA:977,152
DA:983,152
DA:984,152
DA:985,152
DA:986,152
DA:995,582
DA:997,582
DA:999,456
DA:1000,456
DA:1001,2744
DA:1003,2288
DA:1004,2288
DA:1005,2288
DA:1006,2288
DA:1010,2288
DA:1011,2288
DA:1016,582
DA:1018,456
DA:1019,456
DA:1020,2732
DA:1022,2276
DA:1023,2276
DA:1024,2276
DA:1025,2276
DA:1027,2276
DA:1028,2276
DA:1029,2276
DA:1030,2276
DA:1033,582
DA:1045,278
DA:1048,278
DA:1051,278
DA:1053,278
DA:1056,152
DA:1057,152
DA:1058,152
DA:1059,160
DA:1061,8
DA:1062,8
DA:1063,8
DA:1064,8
DA:1065,8
DA:1069,152
DA:1070,152
DA:1071,152
DA:1072,175
DA:1074,23
DA:1075,23
DA:1076,23
DA:1077,23
DA:1078,23
DA:1082,152
DA:1085,152
DA:1086,152
DA:1087,1292
DA:1089,1140
DA:1090,1140
DA:1091,1140
DA:1092,1140
DA:1093,1140
DA:1094,1140
DA:1098,278
DA:1101,152
DA:1102,152
DA:1103,152
DA:1104,180
DA:1106,28
DA:1107,28
DA:1108,28
DA:1109,28
DA:1110,28
DA:1114,152
DA:1115,152
DA:1116,152
DA:1117,183
DA:1119,31
DA:1120,31
DA:1121,31
DA:1122,31
DA:1123,31
DA:1127,152
DA:1130,152
DA:1131,152
DA:1132,2372
DA:1134,2220
DA:1135,2220
DA:1136,2220
DA:1137,2220
DA:1138,2220
DA:1139,2220
DA:1140,2220
DA:1143,278
DA:1151,278
DA:1153,1418
DA:1154,1140
DA:1155,2498
DA:1156,2220
DA:1157,278
DA:1162,2220
DA:1164,2220
DA:1165,2220
DA:1167,2220
DA:1168,2220
DA:1170,2220
DA:1171,2220
DA:1173,2220
DA:1174,2220
DA:1179,1140
DA:1181,1140
DA:1182,1140
DA:1184,1140
DA:1186,1140
DA:1188,1140
DA:1189,1140
DA:1194,5580
DA:1198,5580
DA:1199,5580
DA:1201,5580
DA:1203,5580
DA:1205,5580
DA:1206,5580
DA:1208,5580
DA:1210,0
DA:1214,0
DA:1215,0
DA:1217,0
DA:1220,0
DA:1222,0
DA:1223,0
DA:1224,0
DA:1226,0
DA:1228,5580
DA:1233,11160
DA:1235,11160
DA:1236,11160
DA:1238,11160
DA:1239,11160
DA:1241,11160
DA:1242,11160
DA:1244,11160
DA:1246,11160
DA:1248,11160
DA:1249,11160
DA:1252,11160
DA:1254,4308
DA:1258,21486
DA:1259,17178
DA:1261,46376
DA:1263,42068
DA:1264,42068
DA:1267,4308
DA:1269,11160
DA:1273,9445640
DA:1275,9445640
DA:1276,9445640
DA:1277,18891300
DA:1280,9753100
DA:1282,9753100
DA:1283,9753100
DA:1284,19506200
DA:1287,46
DA:1289,9445690
DA:1290,9445690
DA:1293,4876470
DA:1296,52
DA:1298,9753150
DA:1299,9753150
DA:1302,0
DA:1305,2286910
DA:1307,2286910
DA:1309,2286910
DA:1310,2286910
DA:1313,2286910
DA:1314,2286910
DA:1315,2286910
DA:1316,2286910
DA:1317,2286910
DA:1320,43452400
DA:1322,41165500
DA:1323,41165500
DA:1324,34302000
DA:1325,6863490
DA:1326,2289670
DA:1327,4573820
DA:1328,2286910
DA:1329,2286910
DA:1330,2286910
DA:1332,0
DA:1337,2286910
DA:1338,2286910
DA:1339,2286910
DA:1340,2286910
DA:1341,2286910
DA:1343,4576580
DA:1345,2289670
DA:1346,2289670
DA:1347,2289670
DA:1349,0
DA:1354,2286910
DA:1356,2286910
DA:1359,2286910
DA:1361,2286910
DA:1362,2286910
DA:1363,2286910
DA:1365,2286910
DA:1366,2286910
DA:1368,4881090
DA:1370,4881090
DA:1372,4881090
DA:1373,4881090
DA:1376,4881090
DA:1377,4881090
DA:1378,4881090
DA:1379,4881090
DA:1380,4881090
DA:1381,4881090
DA:1382,4881090
DA:1383,4881090
DA:1384,4881090
DA:1387,175663000
DA:1389,170782000
DA:1390,170782000
DA:1391,73173300
DA:1392,97608800
DA:1393,73173300
DA:1394,24435500
DA:1395,4896140
DA:1396,19539400
DA:1397,4896140
DA:1398,14643300
DA:1399,4881090
DA:1400,9762180
DA:1401,4881090
DA:1402,4881090
DA:1403,4881090
DA:1405,0
DA:1411,4881090
DA:1412,4881090
DA:1413,4881090
DA:1414,4881090
DA:1415,4881090
DA:1416,4881090
DA:1417,4881090
DA:1420,14673400
DA:1422,9792280
DA:1423,9792280
DA:1424,4896140
DA:1425,4896140
DA:1426,4896140
DA:1428,0
DA:1433,4881090
DA:1434,4881090
DA:1436,4881090
DA:1439,4881090
DA:1441,4881090
DA:1442,4881090
DA:1443,4881090
DA:1444,4881090
DA:1445,4881090
DA:1446,4881090
DA:1448,4881090
DA:1449,4881090
DA:1454,2
DA:1456,2
DA:1458,2
DA:1461,2
DA:1464,2
DA:1466,2
DA:1469,34
DA:1471,32
DA:1474,32
DA:1475,32
DA:1477,32
DA:1478,30
DA:1480,32
DA:1484,10
DA:1486,8
DA:1489,8
DA:1492,136
DA:1494,128
DA:1497,128
DA:1498,128
DA:1499,128
DA:1500,128
DA:1501,128
DA:1502,128
DA:1503,120
DA:1506,128
DA:1507,128
DA:1508,128
DA:1509,126
DA:1512,128
DA:1515,128
DA:1518,128
DA:1521,8
DA:1524,8
DA:1526,8
DA:1527,8
DA:1530,2
DA:1533,2
DA:1534,2
DA:1537,2
DA:1538,2
DA:1543,6
DA:1545,6
DA:1547,6
DA:1550,6
DA:1551,6
DA:1553,6
DA:1556,6
DA:1557,6
DA:1560,6
DA:1561,6
DA:1562,6
DA:1565,102
DA:1567,96
DA:1568,96
DA:1571,96
DA:1572,96
DA:1574,96
DA:1575,90
DA:1578,96
DA:1579,96
DA:1581,96
DA:1582,90
DA:1584,96
DA:1585,96
DA:1588,96
DA:1589,96
DA:1590,96
DA:1592,96
DA:1595,38
DA:1597,32
DA:1598,32
DA:1601,32
DA:1602,32
DA:1605,544
DA:1607,512
DA:1608,512
DA:1611,512
DA:1613,512
DA:1614,512
DA:1615,512
DA:1616,480
DA:1617,512
DA:1618,480
DA:1620,512
DA:1621,512
DA:1624,512
DA:1625,512
DA:1626,512
DA:1627,512
DA:1630,512
DA:1631,512
DA:1632,512
DA:1633,506
DA:1636,512
DA:1639,512
DA:1640,512
DA:1643,512
DA:1644,512
DA:1647,32
DA:1648,32
DA:1651,32
DA:1652,32
DA:1654,32
DA:1655,32
DA:1658,32
DA:1659,32
DA:1662,6
DA:1663,6
DA:1664,6
DA:1667,6
DA:1668,6
DA:1669,6
DA:1672,6
DA:1673,6
DA:1678,14
DA:1680,14
DA:1682,14
DA:1685,14
DA:1687,70
DA:1689,56
DA:1690,56
DA:1691,56
DA:1692,56
DA:1693,56
DA:1694,56
DA:1695,56
DA:1696,56
DA:1697,56
DA:1699,56
DA:1700,56
DA:1702,56
DA:1704,56
DA:1708,14
DA:1709,238
DA:1712,224
DA:1715,1120
DA:1718,896
DA:1719,896
DA:1722,896
DA:1723,784
DA:1726,896
DA:1730,224
DA:1731,224
DA:1732,224
DA:1733,224
DA:1734,224
DA:1735,224
DA:1738,224
DA:1741,14
DA:1742,14
LF:853
LH:809
end_of_record
TN:
SF:/workspace/vtr-verilog-to-routing/ODIN_II/SRC/multipliers.c
FN:75,_Z34instantiate_simple_soft_multiplierP9nnode_t_tsP11netlist_t_t
FN:258,_Z22init_mult_distributionv
FN:273,_Z24record_mult_distributionP9nnode_t_t
FN:290,_Z24report_mult_distributionv
FN:319,_Z21find_hard_multipliersv
FN:342,_Z23declare_hard_multiplierP9nnode_t_t
FN:383,_Z27instantiate_hard_multiplierP9nnode_t_tsP11netlist_t_t
FN:426,_Z26add_the_blackbox_for_multsP8_IO_FILE
FN:507,_Z20define_mult_functionP9nnode_t_tsP8_IO_FILE
FN:602,_Z21init_split_multiplierP9nnode_t_tS0_iiii
FN:650,_Z18init_cascade_adderP9nnode_t_tS0_i
FN:714,_Z16split_multiplierP9nnode_t_tiiii
FN:820,_Z18split_multiplier_aP9nnode_t_tiii
FN:896,_Z18split_multiplier_bP9nnode_t_tiii
FN:963,_Z14pad_multiplierP9nnode_t_tP11netlist_t_t
FN:1079,_Z19iterate_multipliersP11netlist_t_t
FN:1165,_Z17clean_multipliersv
FNDA:278,_Z21find_hard_multipliersv
FNDA:0,_Z16split_multiplierP9nnode_t_tiiii
FNDA:404,_Z24report_mult_distributionv
FNDA:886,_Z20define_mult_functionP9nnode_t_tsP8_IO_FILE
FNDA:0,_Z14pad_multiplierP9nnode_t_tP11netlist_t_t
FNDA:886,_Z24record_mult_distributionP9nnode_t_t
FNDA:152,_Z22init_mult_distributionv
FNDA:0,_Z21init_split_multiplierP9nnode_t_tS0_iiii
FNDA:0,_Z18init_cascade_adderP9nnode_t_tS0_i
FNDA:886,_Z27instantiate_hard_multiplierP9nnode_t_tsP11netlist_t_t
FNDA:278,_Z17clean_multipliersv
FNDA:0,_Z18split_multiplier_bP9nnode_t_tiii
FNDA:278,_Z19iterate_multipliersP11netlist_t_t
FNDA:278,_Z26add_the_blackbox_for_multsP8_IO_FILE
FNDA:886,_Z23declare_hard_multiplierP9nnode_t_t
FNDA:0,_Z18split_multiplier_aP9nnode_t_tiii
FNDA:58,_Z34instantiate_simple_soft_multiplierP9nnode_t_tsP11netlist_t_t
FNF:17
FNH:11
DA:75,58
DA:92,58
DA:93,58
DA:94,58
DA:95,58
DA:96,58
DA:97,58
DA:98,58
DA:105,58
DA:108,58
DA:111,790
DA:114,732
DA:116,732
DA:118,674
DA:121,13698
DA:124,12966
DA:129,790
DA:131,13698
DA:134,12966
DA:137,732
DA:142,12234
DA:146,12966
DA:149,698
DA:154,12268
DA:160,732
DA:162,13616
DA:165,12942
DA:168,756
DA:171,640
DA:176,116
DA:179,12186
DA:182,11570
DA:186,616
DA:189,12942
DA:192,12268
DA:196,674
DA:203,1488
DA:205,1430
DA:208,0
DA:210,1430
DA:213,58
DA:215,1372
DA:218,616
DA:223,756
DA:224,756
DA:229,732
DA:231,674
DA:235,58
DA:237,58
DA:240,790
DA:243,732
DA:245,732
DA:248,58
DA:250,58
DA:252,58
DA:258,152
DA:262,152
DA:263,152
DA:264,5776
DA:265,213712
DA:266,208088
DA:267,152
DA:273,886
DA:277,886
DA:278,886
DA:280,886
DA:281,886
DA:283,886
DA:284,886
DA:290,404
DA:295,404
DA:300,5776
DA:302,208088
DA:304,202464
DA:306,66
DA:319,278
DA:321,278
DA:322,278
DA:323,582
DA:325,456
DA:327,152
DA:328,152
DA:332,304
DA:342,886
DA:348,886
DA:352,886
DA:353,886
DA:354,886
DA:355,886
DA:356,886
DA:362,4075
DA:364,4010
DA:367,3189
DA:371,65
DA:372,65
DA:373,65
DA:374,65
DA:375,65
DA:376,65
DA:377,65
DA:383,886
DA:388,886
DA:391,886
DA:392,886
DA:393,886
DA:396,886
DA:397,434
DA:399,452
DA:401,886
DA:402,0
DA:405,20037
DA:407,19151
DA:409,0
DA:411,19151
DA:412,19151
DA:413,19151
DA:414,19151
DA:416,886
DA:417,886
DA:418,886
DA:419,886
DA:426,278
DA:437,278
DA:438,243
DA:441,152
DA:442,152
DA:443,152
DA:444,152
DA:445,152
DA:448,152
DA:449,152
DA:453,100
DA:456,65
DA:459,65
DA:462,65
DA:463,65
DA:464,1846
DA:466,1781
DA:468,1010
DA:472,771
DA:475,1781
DA:476,117
DA:484,1846
DA:486,1781
DA:487,1781
DA:490,147
DA:500,65
DA:507,886
DA:514,886
DA:515,886
DA:516,886
DA:517,886
DA:521,886
DA:523,0
DA:527,886
DA:529,434
DA:530,434
DA:536,452
DA:537,452
DA:543,20037
DA:545,27235
DA:548,11238
DA:549,5534
DA:551,11238
DA:552,11069
DA:554,169
DA:559,7913
DA:560,2550
DA:563,7913
DA:564,2550
DA:566,7913
DA:567,7881
DA:569,32
DA:572,19151
DA:577,19151
DA:581,20037
DA:583,19151
DA:584,19151
DA:589,19151
DA:593,886
DA:602,0
DA:607,0
DA:608,0
DA:609,0
DA:610,0
DA:613,0
DA:614,0
DA:615,0
DA:616,0
DA:617,0
DA:618,0
DA:619,0
DA:622,0
DA:623,0
DA:624,0
DA:626,0
DA:627,0
DA:629,0
DA:631,0
DA:632,0
DA:636,0
DA:637,0
DA:638,0
DA:639,0
DA:641,0
DA:650,0
DA:654,0
DA:655,0
DA:656,0
DA:657,0
DA:660,0
DA:664,0
DA:665,0
DA:666,0
DA:667,0
DA:668,0
DA:669,0
DA:670,0
DA:673,0
DA:674,0
DA:675,0
DA:676,0
DA:677,0
DA:680,0
DA:681,0
DA:682,0
DA:683,0
DA:685,0
DA:686,0
DA:714,0
DA:720,0
DA:721,0
DA:724,0
DA:725,0
DA:726,0
DA:727,0
DA:728,0
DA:729,0
DA:732,0
DA:733,0
DA:734,0
DA:735,0
DA:736,0
DA:737,0
DA:740,0
DA:741,0
DA:742,0
DA:743,0
DA:744,0
DA:745,0
DA:748,0
DA:749,0
DA:750,0
DA:751,0
DA:752,0
DA:753,0
DA:756,0
DA:757,0
DA:758,0
DA:759,0
DA:760,0
DA:763,0
DA:764,0
DA:765,0
DA:766,0
DA:767,0
DA:768,0
DA:771,0
DA:772,0
DA:773,0
DA:774,0
DA:777,0
DA:778,0
DA:779,0
DA:780,0
DA:781,0
DA:782,0
DA:783,0
DA:784,0
DA:787,0
DA:788,0
DA:791,0
DA:792,0
DA:793,0
DA:796,0
DA:797,0
DA:798,0
DA:800,0
DA:820,0
DA:826,0
DA:827,0
DA:830,0
DA:831,0
DA:832,0
DA:833,0
DA:834,0
DA:835,0
DA:838,0
DA:839,0
DA:840,0
DA:841,0
DA:842,0
DA:843,0
DA:846,0
DA:847,0
DA:848,0
DA:849,0
DA:850,0
DA:853,0
DA:854,0
DA:855,0
DA:856,0
DA:857,0
DA:858,0
DA:861,0
DA:862,0
DA:864,0
DA:865,0
DA:868,0
DA:869,0
DA:870,0
DA:873,0
DA:874,0
DA:875,0
DA:876,0
DA:896,0
DA:902,0
DA:903,0
DA:906,0
DA:907,0
DA:908,0
DA:909,0
DA:910,0
DA:911,0
DA:914,0
DA:915,0
DA:916,0
DA:917,0
DA:918,0
DA:919,0
DA:922,0
DA:923,0
DA:924,0
DA:925,0
DA:926,0
DA:929,0
DA:930,0
DA:931,0
DA:932,0
DA:933,0
DA:934,0
DA:937,0
DA:938,0
DA:940,0
DA:941,0
DA:944,0
DA:945,0
DA:946,0
DA:949,0
DA:950,0
DA:951,0
DA:952,0
DA:963,0
DA:973,0
DA:974,0
DA:976,0
DA:977,0
DA:978,0
DA:979,0
DA:982,0
DA:983,0
DA:984,0
DA:989,0
DA:990,0
DA:991,0
DA:993,0
DA:995,0
DA:996,0
DA:998,0
DA:999,0
DA:1000,0
DA:1001,0
DA:1002,0
DA:1003,0
DA:1006,0
DA:1007,0
DA:1013,0
DA:1015,0
DA:1018,0
DA:1020,0
DA:1022,0
DA:1026,0
DA:1028,0
DA:1029,0
DA:1031,0
DA:1034,0
DA:1037,0
DA:1040,0
DA:1042,0
DA:1043,0
DA:1045,0
DA:1048,0
DA:1053,0
DA:1055,0
DA:1056,0
DA:1059,0
DA:1061,0
DA:1062,0
DA:1064,0
DA:1067,0
DA:1079,278
DA:1087,278
DA:1090,152
DA:1091,152
DA:1092,152
DA:1099,1038
DA:1101,886
DA:1102,886
DA:1104,886
DA:1106,886
DA:1107,0
DA:1109,886
DA:1111,886
DA:1112,886
DA:1113,886
DA:1121,886
DA:1124,0
DA:1126,0
DA:1127,0
DA:1129,886
DA:1132,0
DA:1133,0
DA:1135,886
DA:1138,0
DA:1139,0
DA:1141,886
DA:1144,886
DA:1145,0
DA:1152,886
DA:1165,278
DA:1167,336
DA:1168,58
DA:1169,278
LF:443
LH:200
end_of_record
TN:
SF:/workspace/vtr-verilog-to-routing/ODIN_II/SRC/netlist_check.c
FN:53,_Z13check_netlistP11netlist_t_t
FN:67,_Z54levelize_and_check_for_combinational_loop_and_livenesssP11netlist_t_t
FN:90,_Z24sequential_levelized_dfssP11netlist_t_t
FN:166,_Z44depth_first_traverse_until_next_ff_or_outputP9nnode_t_tS0_iiP11netlist_t_t
FN:244,_Z46depth_first_traversal_check_if_forward_leveledsP11netlist_t_t
FN:266,_Z45depth_first_traverse_check_if_forward_leveledP9nnode_t_ti
FN:315,_Z17levelize_forwardsP11netlist_t_t
FN:476,_Z60levelize_forwards_clean_checking_for_combo_loop_and_livenesssP11netlist_t_t
FN:577,_Z18levelize_backwardsP11netlist_t_t
FN:709,_Z46levelize_backwards_clean_checking_for_livenesssP11netlist_t_t
FN:793,_Z30find_node_at_top_of_combo_loopP9nnode_t_t
FNDA:404,_Z13check_netlistP11netlist_t_t
FNDA:0,_Z18levelize_backwardsP11netlist_t_t
FNDA:0,_Z46depth_first_traversal_check_if_forward_leveledsP11netlist_t_t
FNDA:0,_Z24sequential_levelized_dfssP11netlist_t_t
FNDA:0,_Z54levelize_and_check_for_combinational_loop_and_livenesssP11netlist_t_t
FNDA:0,_Z60levelize_forwards_clean_checking_for_combo_loop_and_livenesssP11netlist_t_t
FNDA:0,_Z46levelize_backwards_clean_checking_for_livenesssP11netlist_t_t
FNDA:0,_Z44depth_first_traverse_until_next_ff_or_outputP9nnode_t_tS0_iiP11netlist_t_t
FNDA:0,_Z45depth_first_traverse_check_if_forward_leveledP9nnode_t_ti
FNDA:0,_Z17levelize_forwardsP11netlist_t_t
FNDA:0,_Z30find_node_at_top_of_combo_loopP9nnode_t_t
FNF:11
FNH:1
DA:53,404
DA:56,404
DA:59,0
DA:61,404
DA:67,0
DA:70,0
DA:73,0
DA:76,0
DA:79,0
DA:81,0
DA:84,0
DA:85,0
DA:90,0
DA:95,0
DA:96,0
DA:97,0
DA:98,0
DA:99,0
DA:102,0
DA:105,0
DA:107,0
DA:109,0
DA:110,0
DA:112,0
DA:117,0
DA:119,0
DA:120,0
DA:122,0
DA:124,0
DA:126,0
DA:127,0
DA:129,0
DA:132,0
DA:138,0
DA:139,0
DA:140,0
DA:141,0
DA:142,0
DA:145,0
DA:146,0
DA:147,0
DA:148,0
DA:149,0
DA:152,0
DA:154,0
DA:158,0
DA:161,0
DA:166,0
DA:173,0
DA:176,0
DA:179,0
DA:180,0
DA:181,0
DA:183,0
DA:187,0
DA:192,0
DA:197,0
DA:201,0
DA:202,0
DA:205,0
DA:206,0
DA:207,0
DA:209,0
DA:216,0
DA:217,0
DA:219,0
DA:221,0
DA:222,0
DA:225,0
DA:227,0
DA:228,0
DA:230,0
DA:231,0
DA:232,0
DA:235,0
DA:244,0
DA:249,0
DA:251,0
DA:253,0
DA:257,0
DA:258,0
DA:259,0
DA:260,0
DA:261,0
DA:266,0
DA:272,0
DA:281,0
DA:283,0
DA:285,0
DA:286,0
DA:289,0
DA:291,0
DA:292,0
DA:294,0
DA:295,0
DA:296,0
DA:298,0
DA:300,0
DA:301,0
DA:305,0
DA:315,0
DA:324,0
DA:325,0
DA:326,0
DA:327,0
DA:328,0
DA:329,0
DA:331,0
DA:334,0
DA:335,0
DA:336,0
DA:337,0
DA:339,0
DA:342,0
DA:343,0
DA:344,0
DA:345,0
DA:347,0
DA:350,0
DA:351,0
DA:352,0
DA:353,0
DA:355,0
DA:357,0
DA:359,0
DA:361,0
DA:362,0
DA:363,0
DA:364,0
DA:367,0
DA:369,0
DA:371,0
DA:372,0
DA:373,0
DA:374,0
DA:381,0
DA:382,0
DA:383,0
DA:384,0
DA:385,0
DA:388,0
DA:390,0
DA:391,0
DA:392,0
DA:395,0
DA:398,0
DA:399,0
DA:401,0
DA:405,0
DA:406,0
DA:408,0
DA:410,0
DA:411,0
DA:413,0
DA:416,0
DA:418,0
DA:420,0
DA:423,0
DA:424,0
DA:429,0
DA:430,0
DA:434,0
DA:438,0
DA:440,0
DA:447,0
DA:450,0
DA:451,0
DA:452,0
DA:454,0
DA:461,0
DA:464,0
DA:472,0
DA:476,0
DA:488,0
DA:490,0
DA:491,0
DA:492,0
DA:495,0
DA:498,0
DA:499,0
DA:501,0
DA:503,0
DA:504,0
DA:507,0
DA:509,0
DA:510,0
DA:512,0
DA:514,0
DA:520,0
DA:521,0
DA:522,0
DA:526,0
DA:528,0
DA:535,0
DA:538,0
DA:539,0
DA:541,0
DA:544,0
DA:545,0
DA:548,0
DA:550,0
DA:551,0
DA:553,0
DA:560,0
DA:563,0
DA:571,0
DA:577,0
DA:586,0
DA:587,0
DA:588,0
DA:589,0
DA:590,0
DA:591,0
DA:593,0
DA:595,0
DA:596,0
DA:597,0
DA:598,0
DA:601,0
DA:603,0
DA:605,0
DA:606,0
DA:607,0
DA:608,0
DA:615,0
DA:616,0
DA:617,0
DA:618,0
DA:619,0
DA:622,0
DA:624,0
DA:625,0
DA:626,0
DA:629,0
DA:632,0
DA:633,0
DA:636,0
DA:638,0
DA:642,0
DA:644,0
DA:646,0
DA:649,0
DA:650,0
DA:656,0
DA:660,0
DA:662,0
DA:667,0
DA:669,0
DA:676,0
DA:679,0
DA:682,0
DA:683,0
DA:684,0
DA:687,0
DA:693,0
DA:696,0
DA:704,0
DA:709,0
DA:721,0
DA:723,0
DA:724,0
DA:725,0
DA:728,0
DA:731,0
DA:732,0
DA:735,0
DA:737,0
DA:740,0
DA:745,0
DA:746,0
DA:747,0
DA:751,0
DA:753,0
DA:760,0
DA:763,0
DA:764,0
DA:766,0
DA:770,0
DA:771,0
DA:777,0
DA:780,0
DA:788,0
DA:793,0
DA:803,0
DA:804,0
DA:805,0
DA:809,0
DA:811,0
DA:821,0
DA:824,0
DA:830,0
LF:291
LH:3
end_of_record
TN:
SF:/workspace/vtr-verilog-to-routing/ODIN_II/SRC/netlist_cleanup.c
FN:67,_Z16insert_node_listP13node_list_t_tP9nnode_t_t
FN:74,_Z17traverse_backwardP9nnode_t_t
FN:92,_Z16traverse_forwardP9nnode_t_tii
FN:137,_Z24mark_output_dependenciesP11netlist_t_t
FN:146,_Z21identify_unused_nodesP11netlist_t_t
FN:165,_Z19remove_unused_nodesP13node_list_t_t
FN:192,_Z27calculate_addsub_statisticsP13node_list_t_t
FN:232,_Z19remove_unused_logicP11netlist_t_t
FNDA:278,_Z19remove_unused_logicP11netlist_t_t
FNDA:0,_Z24mark_output_dependenciesP11netlist_t_t
FNDA:278,_Z19remove_unused_nodesP13node_list_t_t
FNDA:0,_Z16insert_node_listP13node_list_t_tP9nnode_t_t
FNDA:905204,_Z16traverse_forwardP9nnode_t_tii
FNDA:2339150,_Z17traverse_backwardP9nnode_t_t
FNDA:278,_Z27calculate_addsub_statisticsP13node_list_t_t
FNDA:278,_Z21identify_unused_nodesP11netlist_t_t
FNF:8
FNH:6
DA:67,0
DA:68,248037
DA:69,0
DA:70,0
DA:74,2339150
DA:75,2339150
DA:76,655350
DA:78,2983290
DA:79,2327940
DA:80,2327940
DA:92,905204
DA:93,905204
DA:94,905204
DA:98,905204
DA:101,905204
DA:105,248037
DA:108,905204
DA:110,0
DA:111,0
DA:117,1819680
DA:118,914479
DA:119,4909350
DA:120,3994920
DA:121,3824280
DA:122,3824280
DA:124,3140580
DA:125,893253
DA:137,0
DA:139,11488
DA:140,11210
DA:142,0
DA:146,278
DA:148,278
DA:149,278
DA:151,278
DA:152,278
DA:154,278
DA:155,278
DA:156,278
DA:158,11395
DA:159,11117
DA:161,278
DA:165,278
DA:166,248315
DA:168,1060680
DA:169,812645
DA:170,812645
DA:172,248037
DA:173,248037
DA:175,278
DA:192,278
DA:193,278
DA:197,0
DA:198,0
DA:202,0
DA:205,0
DA:206,0
DA:207,0
DA:209,0
DA:210,0
DA:211,0
DA:212,0
DA:213,0
DA:215,0
DA:216,0
DA:217,0
DA:218,0
DA:221,0
DA:222,0
DA:225,0
DA:228,278
DA:229,278
DA:232,278
DA:234,278
DA:235,278
DA:236,278
DA:237,278
LF:77
LH:52
end_of_record
TN:
SF:/workspace/vtr-verilog-to-routing/ODIN_II/SRC/netlist_create_from_ast.c
FN:155,_Z29create_param_table_for_moduleP12ast_node_t_tS0_Pc
FN:319,_Z14create_netlistv
FN:401,_Z15look_for_clocksP11netlist_t_t
FN:419,_Z15find_top_modulev
FN:481,_Z44convert_ast_to_netlist_recursing_via_modulesP12ast_node_t_tPci
FN:619,_Z28netlist_expand_ast_of_moduleP12ast_node_t_tPc
FN:981,_Z24concatenate_signal_listsPP15signal_list_t_ti
FN:1010,_Z37create_all_driver_nets_in_this_modulePc
FN:1048,_Z39create_all_driver_nets_in_this_functionPc
FN:1086,_Z22create_top_driver_netsP12ast_node_t_tPc
FN:1196,_Z23create_top_output_nodesP12ast_node_t_tPc
FN:1317,_Z23define_nets_with_driverP12ast_node_t_tPc
FN:1444,_Z33define_nodes_and_nets_with_driverP12ast_node_t_tPc
FN:1554,_Z30create_symbol_table_for_moduleP12ast_node_t_tPc
FN:1703,_Z32create_symbol_table_for_functionP12ast_node_t_tPc
FN:1821,_Z27check_for_initial_reg_valueP12ast_node_t_tPx
FN:1841,_Z24connect_memory_and_aliasP12ast_node_t_tPc
FN:1978,_Z28connect_hard_block_and_aliasP12ast_node_t_tPci
FN:2131,_Z38connect_module_instantiation_and_aliassP12ast_node_t_tPc
FN:2426,_Z40connect_function_instantiation_and_aliassP12ast_node_t_tPc
FN:2760,_Z11create_pinsP12ast_node_t_tPcS1_
FN:2859,_Z17create_output_pinP12ast_node_t_tPc
FN:2882,_Z16assignment_aliasP12ast_node_t_tPc
FN:3151,_Z52define_latchs_initial_value_inside_initial_statementP12ast_node_t_tPc
FN:3187,_Z31terminate_registered_assignmentP12ast_node_t_tP15signal_list_t_tS2_Pc
FN:3403,_Z31terminate_continuous_assignmentP12ast_node_t_tP15signal_list_t_tPc
FN:3486,_Z34alias_output_assign_pins_to_inputsP13char_list_t_tP15signal_list_t_tP12ast_node_t_t
FN:3533,_Z11create_gateP12ast_node_t_tPc
FN:3642,_Z21create_operation_nodeP12ast_node_t_tPP15signal_list_t_tiPc
FN:3871,_Z25evaluate_sensitivity_listP12ast_node_t_tPc
FN:3938,_Z22create_if_for_questionP12ast_node_t_tPc
FN:3962,_Z34create_if_question_mux_expressionsP12ast_node_t_tP9nnode_t_tPc
FN:3994,_Z9create_ifP12ast_node_t_tPc
FN:4018,_Z25create_if_control_signalsP12ast_node_t_tP9nnode_t_tPc
FN:4078,_Z24create_if_mux_statementsP12ast_node_t_tP9nnode_t_tPc
FN:4112,_Z11create_caseP12ast_node_t_tPc
FN:4144,_Z27create_case_control_signalsP12ast_node_t_tS0_P9nnode_t_tPc
FN:4212,_Z26create_case_mux_statementsP12ast_node_t_tP9nnode_t_tPc
FN:4251,_Z21create_mux_statementsPP15signal_list_t_tP9nnode_t_tiPc
FN:4365,_Z22create_mux_expressionsPP15signal_list_t_tP9nnode_t_tiPc
FN:4440,_Z27find_smallest_non_numericalP12ast_node_t_tPP15signal_list_t_ti
FN:4503,_Z14pad_with_zerosP12ast_node_t_tP15signal_list_t_tiPc
FN:4531,_Z26create_dual_port_ram_blockP12ast_node_t_tPcP7t_model
FN:4706,_Z28create_single_port_ram_blockP12ast_node_t_tPcP7t_model
FN:4894,_Z33create_soft_single_port_ram_blockP12ast_node_t_tPc
FN:5044,_Z31create_soft_dual_port_ram_blockP12ast_node_t_tPc
FN:5202,_Z17create_hard_blockP12ast_node_t_tPc
FNDA:1555,_Z33define_nodes_and_nets_with_driverP12ast_node_t_tPc
FNDA:36,_Z24connect_memory_and_aliasP12ast_node_t_tPc
FNDA:36,_Z17create_hard_blockP12ast_node_t_tPc
FNDA:44,_Z11create_gateP12ast_node_t_tPc
FNDA:308,_Z11create_caseP12ast_node_t_tPc
FNDA:1884,_Z14pad_with_zerosP12ast_node_t_tP15signal_list_t_tiPc
FNDA:22991,_Z23define_nets_with_driverP12ast_node_t_tPc
FNDA:2536,_Z25evaluate_sensitivity_listP12ast_node_t_tPc
FNDA:1739,_Z29create_param_table_for_moduleP12ast_node_t_tS0_Pc
FNDA:32193,_Z16assignment_aliasP12ast_node_t_tPc
FNDA:1739,_Z44convert_ast_to_netlist_recursing_via_modulesP12ast_node_t_tPci
FNDA:0,_Z28connect_hard_block_and_aliasP12ast_node_t_tPci
FNDA:0,_Z40connect_function_instantiation_and_aliassP12ast_node_t_tPc
FNDA:4653,_Z9create_ifP12ast_node_t_tPc
[...]
DA:1468,306202000
DA:1473,486051000
DA:1475,486051000
DA:1476,486051000
DA:1477,486051000
DA:1479,486051000
DA:1486,1707760000
DA:1488,1221700000
DA:1491,1221700000
DA:1493,1059730000
DA:1500,1221700000
DA:1505,486051000
DA:1511,486051000
DA:1514,486051000
DA:1520,13351800
DA:1523,476573
DA:1526,472699000
DA:1532,464890000
DA:1541,486051000
DA:1546,0
DA:1548,0
DA:1549,0
DA:1551,0
DA:1552,0
DA:1554,0
DA:1556,0
DA:1558,0
DA:1559,0
DA:1562,0
DA:1564,0
DA:1566,0
DA:1567,0
DA:1570,0
DA:1573,0
DA:1575,0
DA:1576,0
DA:1577,0
DA:1580,0
DA:1582,0
DA:1586,0
DA:1587,0
DA:1589,0
DA:1590,0
DA:1592,0
DA:1593,0
DA:1595,0
DA:1596,0
DA:1597,0
DA:1602,2513180
DA:1604,2513180
DA:1605,2513180
DA:1609,55514400
DA:1611,53180900
DA:1612,53180900
DA:1619,2513180
DA:1621,5639340
DA:1622,5459650
DA:1626,2333480
DA:1627,2333480
DA:1629,31156600
DA:1630,57646300
DA:1632,26062200
DA:1633,47457500
DA:1635,2333480
DA:1637,54885400
DA:1638,52551900
DA:1640,2333480
DA:1641,2333480
DA:1642,2333480
DA:1645,2513180
DA:1648,0
DA:1650,0
DA:1651,0
DA:1654,0
DA:1655,0
DA:1659,0
DA:1662,0
DA:1664,0
DA:1666,0
DA:1667,0
DA:1670,0
DA:1674,0
DA:1677,0
DA:1678,0
DA:1679,0
DA:1681,0
DA:1682,0
DA:1693,2333480
DA:1695,2333480
DA:1696,2333480
DA:1699,31156600
DA:1701,28823100
DA:1704,186782000
DA:1705,174004000
DA:1708,54885400
DA:1710,116451000
DA:1712,63898700
DA:1713,63898700
DA:1716,2333480
DA:1723,0
DA:1725,0
DA:1726,0
DA:1731,0
DA:1732,0
DA:1733,0
DA:1735,0
DA:1738,0
DA:1740,0
DA:1742,0
DA:1748,0
DA:1749,0
DA:1750,0
DA:1751,0
DA:1753,0
DA:1755,0
DA:1756,0
DA:1758,0
DA:1759,0
DA:1761,0
DA:1763,0
DA:1766,0
DA:1767,0
DA:1769,0
DA:1771,0
DA:1772,0
DA:1773,0
DA:1774,0
DA:1776,0
DA:1785,0
DA:1787,0
DA:1788,0
DA:1795,0
DA:1797,0
DA:1798,0
DA:1802,0
DA:1803,0
DA:1806,0
DA:1807,0
DA:1808,0
DA:1810,0
DA:1812,0
DA:1813,0
DA:1817,0
DA:1818,0
DA:1820,0
DA:1822,0
DA:1824,0
DA:1826,0
DA:1828,0
DA:1829,0
DA:1833,0
DA:1834,0
DA:1836,0
DA:1841,0
DA:1843,0
DA:1845,0
DA:1846,0
DA:1849,0
DA:1850,0
DA:1852,0
DA:1856,0
DA:1863,0
DA:1865,0
DA:1866,0
DA:1870,0
DA:1872,0
DA:1873,0
DA:1880,0
DA:1882,0
DA:1883,0
DA:1887,0
DA:1888,0
DA:1890,0
DA:1891,0
DA:1893,0
DA:1894,0
DA:1895,0
DA:1897,0
DA:1899,0
DA:1902,0
DA:1903,0
DA:1905,0
DA:1907,0
DA:1908,0
DA:1909,0
DA:1912,0
DA:1921,0
DA:1923,0
DA:1924,0
DA:1929,0
DA:1930,0
DA:1931,0
DA:1934,0
DA:1935,0
DA:1937,0
DA:1938,0
DA:1942,0
DA:1948,7152000
DA:1950,7152000
DA:1951,2280000
DA:1952,4872000
DA:1953,4872000
DA:1955,0
DA:1957,7152000
DA:1962,2280000
DA:1964,2280000
DA:1966,2280000
DA:1968,2280000
DA:1969,1140
DA:1972,2280000
DA:1974,1140000
DA:1975,1140000
DA:1976,1140000
DA:1979,2280000
DA:1982,1140000
DA:1985,1140000
DA:1986,140016
DA:1993,2280000
DA:1994,2280000
DA:1997,4560000
DA:2000,2280000
DA:2003,2280000
DA:2004,2262690
DA:2006,17312
DA:2010,2280000
DA:2011,2280000
DA:2016,4872000
DA:2018,4872000
DA:2019,4872000
DA:2021,4872000
DA:2022,2220
DA:2025,4872000
DA:2027,2436000
DA:2028,2436000
DA:2030,2436000
DA:2031,2436000
DA:2033,2436000
DA:2034,2436000
DA:2037,4872000
DA:2040,2436000
DA:2041,2436000
DA:2044,2436000
DA:2045,374778
DA:2047,2436000
DA:2048,253088
DA:2054,4872000
DA:2055,4872000
DA:2057,4872000
DA:2058,4872000
DA:2061,9744000
DA:2064,4872000
DA:2065,4872000
DA:2068,4872000
DA:2069,2050960
DA:2071,2821040
DA:2073,4872000
DA:2074,2561080
DA:2076,2310920
DA:2080,4872000
DA:2081,4872000
DA:2086,18036000
DA:2090,172702000
DA:2093,324784000
DA:2096,154666000
DA:2106,3360
DA:2108,3360
DA:2109,3360
DA:2113,110104000
DA:2114,110100000
DA:2116,3360
DA:2118,3360
DA:2119,3360
DA:2125,0
DA:2126,0
DA:2128,3360
DA:2129,3360
DA:2135,0
DA:2137,0
DA:2138,0
DA:2139,0
DA:2143,0
DA:2146,0
DA:2148,0
DA:2151,0
DA:2154,0
DA:2157,0
DA:2158,0
DA:2163,0
DA:2167,0
DA:2169,0
DA:2170,0
DA:2173,0
DA:2175,0
DA:2177,0
DA:2179,0
DA:2181,0
DA:2183,0
DA:2186,0
DA:2194,0
DA:2196,0
DA:2197,0
DA:2199,0
DA:2208,0
DA:2210,0
DA:2212,0
DA:2214,0
DA:2216,0
DA:2218,0
DA:2221,0
DA:2224,0
DA:2225,0
DA:2228,0
DA:2233,0
DA:2237,0
DA:2240,0
DA:2241,0
DA:2243,0
DA:2244,0
DA:2246,0
DA:2247,0
DA:2249,0
DA:2250,0
DA:2253,0
DA:2257,0
DA:2258,0
DA:2262,0
DA:2272,0
DA:2273,0
DA:2276,0
DA:2279,0
DA:2280,0
DA:2281,0
DA:2283,0
DA:2289,0
DA:2292,0
DA:2293,0
DA:2298,0
DA:2301,0
DA:2302,0
DA:2307,0
DA:2309,0
DA:2311,0
DA:2312,0
DA:2315,0
DA:2316,0
DA:2324,0
DA:2329,0
DA:2331,0
DA:2334,0
DA:2335,0
DA:2336,0
DA:2339,0
DA:2340,0
DA:2342,0
DA:2344,0
DA:2345,0
DA:2351,22161
DA:2354,22161
DA:2356,11210
DA:2357,11210
DA:2358,11210
DA:2362,22161
DA:2364,22161
DA:2365,21219
DA:2368,942
DA:2372,22161
DA:2373,22161
DA:2375,22161
DA:2377,942
DA:2379,0
DA:2384,942
DA:2385,942
DA:2386,942
DA:2387,942
DA:2392,21219
DA:2393,0
DA:2396,21219
DA:2398,22161
DA:2403,22161
DA:2406,22161
DA:2407,22161
DA:2411,347427
DA:2413,325266
DA:2417,0
DA:2419,0
DA:2420,0
DA:2426,22161
DA:2427,22161
DA:2428,22161
DA:2429,22161
DA:2430,22161
DA:2438,556
DA:2440,556
DA:2441,556
DA:2442,556
DA:2444,556
DA:2445,556
DA:2448,22883
DA:2450,22327
DA:2451,22327
DA:2453,22327
DA:2455,22161
DA:2457,2358
DA:2458,2358
DA:2459,2358
DA:2461,22161
DA:2463,22327
DA:2465,556
DA:2472,556
DA:2474,556
DA:2476,556
DA:2477,556
DA:2478,556
DA:2486,278
DA:2493,278
DA:2494,278
DA:2495,0
DA:2499,278
DA:2501,8988
DA:2503,8988
DA:2505,8988
DA:2507,0
DA:2508,0
DA:2510,8988
DA:2512,1389
DA:2514,1389
DA:2516,0
DA:2517,0
DA:2521,0
DA:2522,0
DA:2527,1389
DA:2531,1389
DA:2536,7599
DA:2537,7599
DA:2546,834
DA:2549,4161
DA:2552,36698
DA:2554,33371
DA:2556,0
DA:2557,0
DA:2568,44322
DA:2571,316246
DA:2572,313888
DA:2573,41964
DA:2581,2358
DA:2583,2358
DA:2585,2358
DA:2586,2358
DA:2587,2358
DA:2588,2358
DA:2589,2358
DA:2593,2358
DA:2599,556
DA:2601,556
DA:2602,556
DA:2605,2914
DA:2608,2358
DA:2609,0
DA:2611,2358
DA:2614,556
DA:2618,0
DA:2620,556
DA:2621,556
DA:2628,4585610
DA:2630,4585610
DA:2631,0
DA:2632,4585610
DA:2633,0
DA:2636,24851200
DA:2638,20265600
DA:2640,20265600
DA:2641,0
DA:2644,157585000
DA:2646,137320000
DA:2647,5026
DA:2650,4585610
DA:2656,4585890
DA:2658,4585890
DA:2660,0
DA:2661,0
DA:2665,16717500
DA:2668,130544000
DA:2669,118412000
DA:2677,12131600
DA:2679,0
DA:2681,0
DA:2682,0
DA:2693,11464600
DA:2695,11464600
DA:2696,11464600
DA:2697,11464600
DA:2698,11464600
DA:2699,11464600
DA:2701,11464600
DA:2704,11464600
DA:2705,45860600
DA:2707,34396000
DA:2708,34396000
DA:2709,34396000
DA:2710,34396000
DA:2712,34396000
DA:2714,21251200
DA:2715,21251200
DA:2716,21251200
DA:2718,94722900
DA:2720,73471700
DA:2722,73471700
DA:2724,367359000
DA:2727,293887000
DA:2729,182133000
DA:2730,182133000
DA:2732,293887000
DA:2733,293887000
DA:2740,31653800
DA:2743,18508900
DA:2744,11751300
DA:2746,18508900
DA:2747,18508900
DA:2750,34396000
DA:2751,34396000
DA:2753,11464600
DA:2754,11464600
DA:2762,0
DA:2764,0
DA:2765,0
DA:2766,0
DA:2767,0
DA:2770,0
DA:2772,0
DA:2773,0
DA:2774,0
DA:2775,0
DA:2778,0
DA:2780,0
DA:2782,0
DA:2784,0
DA:2787,0
DA:2789,0
DA:2795,0
DA:2796,0
DA:2798,0
DA:2801,0
DA:2802,0
DA:2804,0
DA:2806,0
DA:2816,573202
DA:2818,573202
DA:2819,556
DA:2822,9744420
DA:2824,9171220
DA:2825,6878420
DA:2827,573202
DA:2833,6878420
DA:2835,13756800
DA:2837,29141900
DA:2839,22263400
DA:2840,22263400
DA:2841,22263400
DA:2843,22263400
DA:2845,8937880
DA:2846,0
DA:2849,20552900
DA:2851,11615000
DA:2853,11615000
DA:2854,0
DA:2855,11615000
DA:2856,2797780
DA:2858,8817280
DA:2869,13325600
DA:2870,0
DA:2871,13325600
DA:2875,180966000
DA:2877,167641000
DA:2879,167641000
DA:2880,0
DA:2882,167641000
DA:2884,167641000
DA:2886,45591200
DA:2891,22263400
DA:2896,22263400
DA:2899,6878420
DA:2904,286601
DA:2906,286601
DA:2912,11395
DA:2914,11117
DA:2915,11117
DA:2917,166
DA:2919,166
DA:2925,4872210
DA:2927,4585610
DA:2928,2292800
DA:2930,286601
DA:2935,2292800
DA:2938,12425600
DA:2940,10132800
DA:2942,4732870
DA:2945,9465740
DA:2947,4732870
DA:2949,4732870
DA:2952,4732870
DA:2957,5399930
DA:2960,69326900
DA:2962,63927000
DA:2963,31911900
DA:2965,63927000
DA:2971,5399930
DA:2975,2292800
DA:2987,278
DA:2989,278
DA:2990,278
DA:2995,278
DA:2998,0
DA:3006,278
DA:3007,278
DA:3010,278
DA:3011,278
DA:3017,4586170
DA:3019,4585890
DA:3022,0
DA:3025,4585890
DA:3028,0
DA:3032,4585890
DA:3035,0
DA:3047,4585890
DA:3048,4585890
DA:3051,4585890
DA:3053,0
DA:3054,0
DA:3056,0
DA:3062,4585890
DA:3063,4585890
DA:3068,278
DA:3071,0
DA:3074,278
DA:3075,278
DA:3077,278
DA:3084,556
DA:3086,556
DA:3088,556
DA:3090,0
DA:3091,0
DA:3092,0
DA:3094,556
DA:3102,834
DA:3104,834
DA:3105,834
DA:3106,834
DA:3109,834
DA:3111,0
DA:3112,0
DA:3113,0
DA:3115,0
DA:3116,0
DA:3117,0
DA:3119,0
DA:3121,834
DA:3128,661613
DA:3130,661613
DA:3136,0
DA:3138,0
DA:3140,0
DA:3142,0
DA:3144,0
DA:3150,0
DA:3153,0
DA:3155,0
DA:3157,0
DA:3163,0
DA:3168,0
DA:3170,0
DA:3172,0
DA:3180,0
DA:3182,0
DA:3184,0
DA:3187,0
DA:3188,0
DA:3190,0
DA:3192,0
DA:3194,0
DA:3195,0
DA:3196,0
DA:3198,0
DA:3199,0
DA:3203,661613
DA:3209,3360
DA:3212,3360
DA:3213,3360
DA:3216,3360
DA:3221,3360
DA:3222,3360
DA:3229,25222600
DA:3231,25222600
DA:3234,59890400
DA:3237,190590000
DA:3239,165367000
DA:3242,34667800
DA:3251,25222600
DA:3257,32396200
DA:3261,277510000
DA:3263,245255000
DA:3269,32396200
DA:3276,493171000
DA:3278,493171000
DA:3285,0
DA:3288,0
DA:3290,0
DA:3291,0
DA:3293,0
DA:3295,0
DA:3297,0
DA:3299,0
DA:3301,0
DA:3307,278
DA:3309,278
DA:3313,2293360
DA:3314,2293080
DA:3316,278
DA:3317,278
DA:3319,278
DA:3321,278
DA:3328,13758000
DA:3330,13758000
DA:3331,13758000
DA:3333,13758000
DA:3335,13757900
DA:3336,13757900
DA:3340,33
DA:3341,33
DA:3351,13758500
DA:3353,13758500
DA:3354,13758000
DA:3363,556
DA:3366,2914
DA:3368,2358
DA:3369,2358
DA:3370,2358
DA:3373,556
DA:3374,556
DA:3375,556
DA:3380,278
DA:3382,7273
DA:3383,6995
DA:3384,278
DA:3385,278
DA:3386,278
DA:3387,278
DA:3392,11464600
DA:3394,45860600
DA:3395,34396000
DA:3396,11464600
DA:3397,11464600
DA:3398,11464600
DA:3399,11464600
DA:3404,834
DA:3406,834
DA:3407,0
DA:3409,834
DA:3410,834
DA:3411,834
DA:3421,412240
DA:3423,412240
DA:3425,19790
DA:3427,19790
DA:3430,513421
DA:3435,515659
DA:3438,19790
DA:3441,19386
DA:3442,19386
DA:3447,404
DA:3452,19790
DA:3455,19790
DA:3457,412240
DA:3463,278
DA:3467,278
DA:3468,278
DA:3469,278
DA:3470,278
DA:3476,278
DA:3481,278
DA:3483,278
DA:3485,278
DA:3488,278
DA:3490,278
DA:3491,278
DA:3492,278
DA:3497,20624
DA:3499,20624
DA:3500,20624
DA:3501,20624
DA:3502,20589
DA:3503,19636
DA:3504,20624
DA:3510,0
DA:3512,0
DA:3514,0
DA:3515,0
DA:3521,0
DA:3523,0
DA:3524,0
DA:3525,0
DA:3527,0
DA:3529,0
DA:3530,0
DA:3531,0
DA:3532,0
DA:3533,0
DA:3534,0
DA:3535,0
DA:3586,0
DA:3590,0
DA:3601,0
DA:3619,0
DA:3621,0
DA:3622,0
DA:3626,0
DA:3629,0
DA:3632,0
DA:3633,0
DA:3634,0
DA:3635,0
DA:3636,0
DA:3639,0
DA:3641,0
DA:3642,0
DA:3643,0
DA:3647,0
DA:3650,0
DA:3653,0
DA:3657,0
DA:3658,0
DA:3659,0
DA:3669,0
DA:3674,0
DA:3683,0
DA:3684,0
DA:3685,0
DA:3691,126599
DA:3694,1273000
DA:3695,1146400
DA:3701,0
DA:3703,278
LF:1391
LH:863
end_of_record
TN:
SF:/workspace/vtr-verilog-to-routing/ODIN_II/SRC/string_cache.c
FN:17,_Z11string_hashP12STRING_CACHEPKc
FN:31,_Z16generate_sc_hashP12STRING_CACHE
FN:55,_Z19sc_new_string_cachev
FN:74,_Z16sc_lookup_stringP12STRING_CACHEPKc
FN:96,_Z13sc_add_stringP12STRING_CACHEPKc
FN:135,_Z11sc_valid_idP12STRING_CACHEl
FN:146,_Z11sc_do_allocll
FN:167,_Z20sc_free_string_cacheP12STRING_CACHE
FNDA:5326640,_Z16sc_lookup_stringP12STRING_CACHEPKc
FNDA:0,_Z11string_hashP12STRING_CACHEPKc
FNDA:10778,_Z16generate_sc_hashP12STRING_CACHE
FNDA:52789,_Z11sc_do_allocll
FNDA:9677,_Z19sc_new_string_cachev
FNDA:1777320,_Z13sc_add_stringP12STRING_CACHEPKc
FNDA:0,_Z11sc_valid_idP12STRING_CACHEl
FNDA:4636,_Z20sc_free_string_cacheP12STRING_CACHE
FNF:8
FNH:6
DA:17,0
DA:23,8168020
DA:24,5256190
DA:25,651273000
DA:26,643105000
DA:27,8168020
DA:31,10778
DA:36,10778
DA:37,1101
DA:38,10778
DA:39,1101
DA:40,10778
DA:41,10778
DA:42,10778
DA:43,10778
DA:44,10778
DA:45,1731170
DA:47,1720390
DA:48,1720390
DA:49,1720390
DA:51,10778
DA:55,9677
DA:59,9677
DA:60,9677
DA:61,9677
DA:62,9677
DA:63,9677
DA:64,9677
DA:65,9677
DA:66,9677
DA:67,9677
DA:68,9677
DA:69,9677
DA:70,9677
DA:74,5326640
DA:79,5326640
DA:83,5256190
DA:84,5256190
DA:85,6136760
DA:87,3977830
DA:88,3097260
DA:89,880569
DA:96,1777320
DA:103,1777320
DA:104,1777320
DA:106,1191440
DA:108,1101
DA:110,1101
DA:111,1101
DA:112,1101
DA:113,1101
DA:114,1101
DA:116,1101
DA:117,1101
DA:118,1101
DA:119,1101
DA:120,1101
DA:122,1101
DA:124,1191440
DA:125,1191440
DA:126,1191440
DA:127,1191440
DA:128,1191440
DA:129,1191440
DA:130,1191440
DA:131,1191440
DA:135,0
DA:138,0
DA:140,0
DA:141,0
DA:146,52789
DA:155,52789
DA:156,52789
DA:158,0
DA:161,0
DA:162,0
DA:164,52789
DA:167,4636
DA:171,4636
DA:172,241232
DA:173,236730
DA:174,236730
DA:175,4502
DA:176,4502
DA:177,4502
DA:180,4502
DA:182,4502
DA:184,4502
DA:185,4502
DA:187,4502
DA:189,4502
DA:190,4502
DA:192,4502
DA:194,4502
LF:94
LH:86
end_of_record
TN:
SF:/workspace/vtr-verilog-to-routing/ODIN_II/SRC/subtractions.c
FN:59,_Z23report_sub_distributionv
FN:84,_Z26declare_hard_adder_for_subP9nnode_t_t
FN:122,_Z34instantiate_hard_adder_subtractionP9nnode_t_tsP11netlist_t_t
FN:164,_Z24init_split_adder_for_subP9nnode_t_tS0_iiiiiiii
FN:361,_Z19split_adder_for_subP9nnode_t_tiiiiiiiP11netlist_t_t
FN:661,_Z22iterate_adders_for_subP11netlist_t_t
FN:732,_Z20clean_adders_for_subv
FNDA:0,_Z34instantiate_hard_adder_subtractionP9nnode_t_tsP11netlist_t_t
FNDA:0,_Z19split_adder_for_subP9nnode_t_tiiiiiiiP11netlist_t_t
FNDA:278,_Z22iterate_adders_for_subP11netlist_t_t
FNDA:0,_Z24init_split_adder_for_subP9nnode_t_tS0_iiiiiiii
FNDA:0,_Z26declare_hard_adder_for_subP9nnode_t_t
FNDA:278,_Z20clean_adders_for_subv
FNDA:404,_Z23report_sub_distributionv
FNF:7
FNH:3
DA:59,404
DA:61,404
DA:67,0
DA:73,0
DA:76,0
DA:84,0
DA:90,0
DA:94,0
DA:95,0
DA:96,0
DA:97,0
DA:99,0
DA:101,0
DA:104,0
DA:108,0
DA:109,0
DA:110,0
DA:111,0
DA:112,0
DA:113,0
DA:114,0
DA:115,0
DA:116,0
DA:122,0
DA:127,0
DA:130,0
DA:131,0
DA:132,0
DA:135,0
DA:136,0
DA:138,0
DA:140,0
DA:141,0
DA:144,0
DA:146,0
DA:148,0
DA:149,0
DA:150,0
DA:151,0
DA:155,0
DA:156,0
DA:164,0
DA:173,0
DA:174,0
DA:175,0
DA:176,0
DA:179,0
DA:181,0
DA:183,0
DA:185,0
DA:200,0
DA:204,0
DA:212,0
DA:213,0
DA:214,0
DA:215,0
DA:216,0
DA:217,0
DA:218,0
DA:219,0
DA:222,0
DA:223,0
DA:225,0
DA:228,0
DA:229,0
DA:232,0
DA:234,0
DA:235,0
DA:237,0
DA:239,0
DA:240,0
DA:242,0
DA:244,0
DA:246,0
DA:247,0
DA:249,0
DA:251,0
DA:252,0
DA:253,0
DA:255,0
DA:256,0
DA:261,0
DA:263,0
DA:264,0
DA:265,0
DA:267,0
DA:268,0
DA:273,0
DA:275,0
DA:277,0
DA:278,0
DA:280,0
DA:282,0
DA:283,0
DA:284,0
DA:290,0
DA:292,0
DA:293,0
DA:294,0
DA:300,0
DA:302,0
DA:304,0
DA:305,0
DA:306,0
DA:311,0
DA:312,0
DA:314,0
DA:315,0
DA:316,0
DA:322,0
DA:323,0
DA:326,0
DA:328,0
DA:333,0
DA:334,0
DA:336,0
DA:338,0
DA:339,0
DA:340,0
DA:341,0
DA:343,0
DA:361,0
DA:371,0
DA:373,0
DA:374,0
DA:378,0
DA:379,0
DA:382,0
DA:383,0
DA:385,0
DA:387,0
DA:388,0
DA:389,0
DA:391,0
DA:394,0
DA:396,0
DA:397,0
DA:398,0
DA:399,0
DA:401,0
DA:402,0
DA:405,0
DA:412,0
DA:413,0
DA:418,0
DA:419,0
DA:424,0
DA:429,0
DA:432,0
DA:435,0
DA:437,0
DA:438,0
DA:440,0
DA:441,0
DA:442,0
DA:443,0
DA:445,0
DA:447,0
DA:451,0
DA:453,0
DA:454,0
DA:455,0
DA:457,0
DA:459,0
DA:460,0
DA:461,0
DA:464,0
DA:469,0
DA:471,0
DA:474,0
DA:475,0
DA:479,0
DA:481,0
DA:482,0
DA:483,0
DA:485,0
DA:487,0
DA:488,0
DA:489,0
DA:492,0
DA:496,0
DA:498,0
DA:502,0
DA:504,0
DA:508,0
DA:510,0
DA:511,0
DA:512,0
DA:514,0
DA:516,0
DA:517,0
DA:518,0
DA:521,0
DA:527,0
DA:529,0
DA:530,0
DA:531,0
DA:533,0
DA:535,0
DA:536,0
DA:537,0
DA:540,0
DA:546,0
DA:549,0
DA:550,0
DA:552,0
DA:553,0
DA:557,0
DA:558,0
DA:560,0
DA:564,0
DA:566,0
DA:567,0
DA:569,0
DA:571,0
DA:572,0
DA:574,0
DA:580,0
DA:581,0
DA:583,0
DA:585,0
DA:587,0
DA:588,0
DA:591,0
DA:593,0
DA:599,0
DA:601,0
DA:602,0
DA:605,0
DA:607,0
DA:612,0
DA:615,0
DA:617,0
DA:619,0
DA:620,0
DA:623,0
DA:625,0
DA:630,0
DA:632,0
DA:638,0
DA:639,0
DA:640,0
DA:643,0
DA:644,0
DA:645,0
DA:646,0
DA:647,0
DA:648,0
DA:661,278
DA:670,278
DA:675,0
DA:676,0
DA:679,0
DA:681,0
DA:683,0
DA:684,0
DA:686,0
DA:687,0
DA:689,0
DA:690,0
DA:691,0
DA:696,0
DA:699,0
DA:700,0
DA:702,0
DA:704,0
DA:705,0
DA:707,0
DA:713,0
DA:715,0
DA:719,0
DA:732,278
DA:734,1400
DA:735,1122
DA:736,278
DA:737,0
DA:738,278
LF:277
LH:9
end_of_record
TN:
SF:/workspace/vtr-verilog-to-routing/ODIN_II/SRC/verilog_preprocessor.c
FN:23,_Z17init_veri_preprocv
FN:48,_Z20cleanup_veri_preprocv
FN:82,_Z17clean_veri_defineP11veri_define
FN:102,_Z18clean_veri_includeP12veri_include
FN:119,_Z15add_veri_definePcS_iP12veri_include
FN:188,_Z16add_veri_includePciP12veri_include
FN:232,_Z19ret_veri_definedvalPc
FN:246,_Z15veri_is_definedPc
FN:268,_Z16open_source_filePc
FN:319,_Z12veri_preprocP8_IO_FILE
FN:357,_Z15remove_commentsP8_IO_FILE
FN:405,_Z24veri_preproc_bootstrapedP8_IO_FILES0_P12veri_include
FN:633,_Z4trimPc
FN:660,_Z3topP15veri_flag_stack
FN:670,_Z3popP15veri_flag_stack
FN:684,_Z4pushP15veri_flag_stacki
FNDA:278,_Z18clean_veri_includeP12veri_include
FNDA:1114,_Z15add_veri_definePcS_iP12veri_include
FNDA:0,_Z3topP15veri_flag_stack
FNDA:0,_Z3popP15veri_flag_stack
FNDA:0,_Z16open_source_filePc
FNDA:8430,_Z15veri_is_definedPc
FNDA:278,_Z24veri_preproc_bootstrapedP8_IO_FILES0_P12veri_include
FNDA:0,_Z4pushP15veri_flag_stacki
FNDA:278,_Z20cleanup_veri_preprocv
FNDA:278,_Z16add_veri_includePciP12veri_include
FNDA:955,_Z17clean_veri_defineP11veri_define
FNDA:86473,_Z4trimPc
FNDA:278,_Z15remove_commentsP8_IO_FILE
FNDA:278,_Z12veri_preprocP8_IO_FILE
FNDA:0,_Z19ret_veri_definedvalPc
FNDA:278,_Z17init_veri_preprocv
FNF:16
FNH:11
DA:23,278
DA:25,278
DA:26,278
DA:28,0
DA:29,0
DA:31,278
DA:32,278
DA:34,278
DA:35,278
DA:37,0
DA:38,0
DA:40,278
DA:41,278
DA:42,278
DA:48,278
DA:52,278
DA:53,278
DA:56,1233
DA:58,955
DA:61,278
DA:62,278
DA:63,278
DA:65,556
DA:67,278
DA:70,278
DA:71,278
DA:72,278
DA:76,278
DA:82,955
DA:84,955
DA:87,955
DA:89,955
DA:91,955
DA:93,955
DA:97,955
DA:102,278
DA:104,278
DA:107,278
DA:109,278
DA:113,278
DA:119,1114
DA:122,1114
DA:123,1114
DA:124,1114
DA:126,0
DA:127,0
DA:131,1114
DA:133,14
DA:135,14
DA:139,108857
DA:141,107902
DA:143,159
DA:144,159
DA:146,159
DA:149,0
DA:150,0
DA:151,0
DA:159,159
DA:161,0
DA:163,0
DA:164,0
DA:167,159
DA:168,159
DA:173,955
DA:174,955
DA:175,955
DA:176,955
DA:178,955
DA:179,955
DA:181,955
DA:188,278
DA:191,278
DA:192,278
DA:193,278
DA:195,0
DA:196,0
DA:200,278
DA:202,0
DA:204,0
DA:208,278
DA:210,0
DA:218,278
DA:219,278
DA:220,278
DA:222,278
DA:223,278
DA:225,278
DA:232,0
DA:234,8430
DA:235,0
DA:237,0
DA:246,8430
DA:249,8430
DA:251,384563
DA:253,383449
DA:254,383449
DA:256,7316
DA:268,0
DA:274,0
DA:275,0
DA:281,0
DA:283,0
DA:285,0
DA:287,0
DA:292,0
DA:296,0
DA:298,0
DA:299,0
DA:301,0
DA:304,0
DA:305,0
DA:307,0
DA:309,0
DA:310,0
DA:319,278
DA:327,278
DA:328,278
DA:329,278
DA:331,0
DA:332,0
DA:335,278
DA:336,278
DA:338,278
DA:340,0
DA:341,0
DA:346,278
DA:348,278
DA:349,278
DA:350,278
DA:357,278
DA:359,278
DA:360,278
DA:361,278
DA:365,82295
DA:368,1919330
DA:370,1845800
DA:373,1796850
DA:378,1788360
DA:385,1787860
DA:386,1715030
DA:392,48948
DA:399,82017
DA:401,278
DA:402,278
DA:405,278
DA:408,278
DA:411,278
DA:416,82295
DA:424,82017
DA:427,90447
DA:429,8430
DA:430,8430
DA:431,8430
DA:433,8430
DA:434,221415
DA:435,73885
DA:436,98924
DA:438,69550
DA:440,8430
DA:441,8430
DA:443,7316
DA:445,7316
DA:449,1114
DA:451,1114
DA:454,8430
DA:458,82017
DA:459,82017
DA:466,82017
DA:468,1114
DA:473,1114
DA:477,0
DA:481,0
DA:484,0
DA:486,0
DA:488,0
DA:491,0
DA:493,0
DA:495,0
DA:497,0
DA:502,1114
DA:507,1114
DA:510,1114
DA:514,1114
DA:517,1114
DA:519,1114
DA:521,1114
DA:526,0
DA:530,0
DA:532,0
DA:534,0
DA:536,0
DA:538,0
DA:539,0
DA:540,0
DA:543,0
DA:546,0
DA:549,0
DA:550,0
DA:551,0
DA:565,0
DA:568,0
DA:571,0
DA:572,0
DA:573,0
DA:587,0
DA:590,0
DA:597,0
DA:607,0
DA:612,0
DA:614,0
DA:617,0
DA:624,82017
DA:627,278
DA:628,278
DA:629,278
DA:633,86473
DA:636,86473
DA:639,265488
DA:641,168782
DA:643,152835
DA:645,82309
DA:651,86473
DA:660,0
DA:662,83131
DA:664,0
DA:670,0
DA:672,0
DA:675,0
DA:677,0
DA:678,0
DA:680,0
DA:684,0
DA:686,0
DA:688,0
DA:689,0
DA:690,0
DA:692,0
DA:694,0
LF:238
LH:148
end_of_record
TN:
SF:/workspace/vtr-verilog-to-routing/libarchfpga/src/physical_types.h
FNF:0
FNH:0
DA:998,0
LF:1
LH:0
end_of_record
