TN:
SF:/workspace/vtr-verilog-to-routing/ODIN_II/SRC/odin_ii.c
FN:66,main
FNDA:392,main
FN:132,print_usage
FNDA:0,print_usage
FN:186,get_options
FNDA:392,get_options
FN:343,do_high_level_synthesis
FNDA:270,do_high_level_synthesis
FN:417,do_simulation_of_netlist
FNDA:392,do_simulation_of_netlist
DA:66,392
DA:68,392
DA:70,392
DA:71,392
DA:72,392
DA:75,392
DA:78,392
DA:80,0
DA:81,0
DA:85,392
DA:87,209
DA:94,209
DA:106,392
DA:109,270
DA:113,122
DA:117,392
DA:121,392
DA:122,392
DA:125,392
DA:132,0
DA:134,0
DA:180,0
DA:181,0
DA:186,392
DA:189,392
DA:190,392
DA:191,392
DA:192,392
DA:193,392
DA:194,392
DA:195,392
DA:196,392
DA:197,392
DA:198,392
DA:199,392
DA:200,392
DA:201,392
DA:202,392
DA:203,392
DA:204,392
DA:205,392
DA:206,392
DA:209,392
DA:210,392
DA:211,392
DA:212,392
DA:213,392
DA:214,392
DA:215,392
DA:216,392
DA:217,392
DA:219,392
DA:220,392
DA:222,392
DA:223,392
DA:229,392
DA:230,392
DA:233,392
DA:234,392
DA:235,2047
DA:237,1655
DA:240,209
DA:241,209
DA:242,209
DA:243,209
DA:245,0
DA:246,0
DA:247,0
DA:248,270
DA:249,270
DA:250,270
DA:251,122
DA:252,122
DA:253,122
DA:262,122
DA:263,122
DA:264,122
DA:265,0
DA:270,0
DA:272,0
DA:273,0
DA:274,0
DA:275,0
DA:276,0
DA:277,0
DA:278,0
DA:279,0
DA:280,0
DA:281,0
DA:282,0
DA:283,0
DA:284,0
DA:285,0
DA:286,0
DA:287,0
DA:288,0
DA:289,270
DA:290,270
DA:291,270
DA:292,270
DA:293,270
DA:294,270
DA:295,0
DA:296,0
DA:297,0
DA:298,0
DA:299,0
DA:300,0
DA:301,0
DA:302,0
DA:303,0
DA:304,0
DA:305,0
DA:306,0
DA:307,392
DA:308,392
DA:309,392
DA:310,0
DA:311,0
DA:312,0
DA:313,0
DA:314,0
DA:315,0
DA:316,0
DA:318,1655
DA:321,392
DA:322,392
DA:323,392
DA:324,270
DA:325,0
DA:327,0
DA:328,0
DA:334,392
DA:336,0
DA:338,392
DA:343,270
DA:345,270
DA:347,270
DA:348,270
DA:351,270
DA:352,270
DA:354,270
DA:357,270
DA:359,270
DA:364,270
DA:366,0
DA:371,270
DA:373,270
DA:376,270
DA:379,270
DA:380,270
DA:382,270
DA:385,0
DA:389,270
DA:390,270
DA:400,270
DA:401,270
DA:403,270
DA:405,270
DA:406,270
DA:407,270
DA:408,270
DA:411,270
DA:412,270
DA:417,392
DA:419,392
DA:422,270
DA:423,270
DA:425,270
end_of_record
SF:/usr/include/x86_64-linux-gnu/bits/stdio2.h
DA:105,4625
DA:107,3301
end_of_record
SF:/usr/include/stdlib.h
DA:361,0
DA:363,0
end_of_record
TN:
SF:/usr/include/x86_64-linux-gnu/bits/string_fortified.h
DA:88,89967
DA:90,89967
DA:103,98397
DA:106,98397
DA:126,0
DA:128,0
end_of_record
SF:/usr/include/x86_64-linux-gnu/bits/stdio2.h
DA:98,81966
DA:100,81966
DA:105,0
DA:107,0
DA:255,163614
DA:257,163614
DA:259,163614
DA:262,163614
DA:265,163614
end_of_record
SF:/workspace/vtr-verilog-to-routing/ODIN_II/SRC/verilog_preprocessor.c
FN:17,init_veri_preproc
FNDA:270,init_veri_preproc
FN:42,cleanup_veri_preproc
FNDA:270,cleanup_veri_preproc
FN:76,clean_veri_define
FNDA:955,clean_veri_define
FN:96,clean_veri_include
FNDA:270,clean_veri_include
FN:113,add_veri_define
FNDA:1114,add_veri_define
FN:182,add_veri_include
FNDA:270,add_veri_include
FN:225,ret_veri_definedval
FNDA:0,ret_veri_definedval
FN:239,veri_is_defined
FNDA:8430,veri_is_defined
FN:260,open_source_file
FNDA:0,open_source_file
FN:306,veri_preproc
FNDA:270,veri_preproc
FN:344,remove_comments
FNDA:270,remove_comments
FN:392,veri_preproc_bootstraped
FNDA:270,veri_preproc_bootstraped
FN:621,trim
FNDA:85993,trim
FN:648,top
FNDA:0,top
FN:658,pop
FNDA:0,pop
FN:672,push
FNDA:0,push
DA:17,270
DA:19,270
DA:20,270
DA:22,0
DA:23,0
DA:25,270
DA:26,270
DA:28,270
DA:29,270
DA:31,0
DA:32,0
DA:34,270
DA:35,270
DA:36,270
DA:42,270
DA:46,270
DA:47,270
DA:48,270
DA:50,1225
DA:52,955
DA:54,270
DA:55,270
DA:56,270
DA:57,270
DA:59,540
DA:61,270
DA:63,270
DA:64,270
DA:65,270
DA:66,270
DA:70,270
DA:76,955
DA:78,955
DA:81,955
DA:83,955
DA:85,955
DA:87,955
DA:88,955
DA:91,955
DA:96,270
DA:98,270
DA:101,270
DA:103,270
DA:104,270
DA:107,270
DA:113,1114
DA:115,1114
DA:116,1114
DA:117,1114
DA:118,1114
DA:120,0
DA:121,0
DA:125,1114
DA:127,14
DA:129,14
DA:133,108857
DA:135,107902
DA:137,318
DA:138,159
DA:140,159
DA:143,0
DA:144,0
DA:145,0
DA:153,159
DA:155,0
DA:157,0
DA:158,0
DA:161,159
DA:162,159
DA:167,955
DA:168,955
DA:169,955
DA:170,955
DA:172,955
DA:173,955
DA:175,955
DA:182,270
DA:184,270
DA:185,270
DA:186,270
DA:187,270
DA:189,0
DA:190,0
DA:194,270
DA:196,0
DA:198,0
DA:202,270
DA:204,0
DA:206,0
DA:207,0
DA:211,270
DA:212,270
DA:213,270
DA:215,270
DA:216,270
DA:218,270
DA:225,8430
DA:227,8430
DA:228,0
DA:230,0
DA:239,8430
DA:241,8430
DA:242,8430
DA:244,384563
DA:246,383449
DA:248,7316
DA:260,0
DA:262,0
DA:263,0
DA:264,0
DA:266,0
DA:267,0
DA:272,0
DA:273,0
DA:275,0
DA:277,0
DA:279,0
DA:283,0
DA:284,0
DA:287,0
DA:288,0
DA:289,0
DA:291,0
DA:292,0
DA:294,0
DA:296,0
DA:297,0
DA:306,270
DA:308,270
DA:309,270
DA:310,270
DA:311,270
DA:314,270
DA:315,270
DA:316,270
DA:318,0
DA:319,0
DA:322,270
DA:323,270
DA:325,270
DA:327,0
DA:328,0
DA:333,270
DA:335,270
DA:336,270
DA:337,270
DA:344,270
DA:346,270
DA:347,270
DA:348,270
DA:350,270
DA:351,270
DA:352,81807
DA:355,1904010
DA:357,1830960
DA:360,1782340
DA:365,1773860
DA:372,1773360
DA:373,1701010
DA:379,48616
DA:381,492
DA:382,492
DA:386,81537
DA:388,270
DA:389,270
DA:392,270
DA:395,270
DA:397,270
DA:398,270
DA:399,270
DA:400,270
DA:401,270
DA:403,81807
DA:406,81537
DA:407,81537
DA:408,81537
DA:409,81537
DA:410,81537
DA:412,81537
DA:414,81537
DA:415,89967
DA:417,8430
DA:418,8430
DA:419,8430
DA:421,8430
DA:422,77980
DA:423,20944
DA:424,20944
DA:426,69550
DA:428,8430
DA:429,8430
DA:430,8430
DA:431,7316
DA:432,7316
DA:433,7316
DA:437,1114
DA:438,1114
DA:439,1114
DA:441,8430
DA:442,8430
DA:444,81537
DA:445,81537
DA:446,81537
DA:447,81537
DA:449,81537
DA:454,81537
DA:456,1114
DA:461,1114
DA:462,0
DA:463,0
DA:465,0
DA:467,0
DA:469,0
DA:472,0
DA:474,0
DA:476,0
DA:479,0
DA:481,0
DA:483,0
DA:485,0
DA:490,1114
DA:491,1114
DA:492,1114
DA:495,1114
DA:498,1114
DA:502,1114
DA:505,1114
DA:507,1114
DA:509,1114
DA:514,0
DA:516,0
DA:518,0
DA:520,0
DA:522,0
DA:524,0
DA:526,0
DA:527,0
DA:528,0
DA:531,0
DA:534,0
DA:535,0
DA:537,0
DA:538,0
DA:539,0
DA:541,81537
DA:545,81537
DA:550,81537
DA:553,0
DA:556,0
DA:557,0
DA:559,0
DA:560,0
DA:561,0
DA:563,81537
DA:567,81537
DA:572,81537
DA:575,0
DA:578,0
DA:581,0
DA:582,81537
DA:585,0
DA:587,0
DA:588,81537
DA:595,0
DA:597,81537
DA:600,0
DA:602,0
DA:605,160846
DA:607,80423
DA:610,81537
DA:612,81537
DA:613,81537
DA:615,270
DA:616,270
DA:617,270
DA:621,85993
DA:623,85993
DA:624,85993
DA:627,264844
DA:629,167846
DA:631,151999
DA:633,81853
DA:639,85993
DA:648,82651
DA:650,82651
DA:652,0
DA:658,0
DA:660,0
DA:662,0
DA:663,0
DA:665,0
DA:666,0
DA:668,0
DA:672,0
DA:674,0
DA:676,0
DA:677,0
DA:678,0
DA:680,0
DA:682,0
end_of_record
TN:
SF:/usr/include/x86_64-linux-gnu/bits/stdio2.h
DA:34,0
DA:36,0
DA:98,0
DA:100,0
end_of_record
SF:/workspace/vtr-verilog-to-routing/ODIN_II/SRC/output_graphcrunch_format.c
FN:39,graphcrunch_output
FNDA:0,graphcrunch_output
FN:57,depth_first_traverse_graphcrunch
FNDA:0,depth_first_traverse_graphcrunch
FN:79,depth_first_traversal_graphcrunch_display
FNDA:0,depth_first_traversal_graphcrunch_display
DA:39,0
DA:41,0
DA:42,0
DA:45,0
DA:46,0
DA:48,0
DA:51,0
DA:52,0
DA:57,0
DA:59,0
DA:62,0
DA:64,0
DA:66,0
DA:70,0
DA:71,0
DA:72,0
DA:73,0
DA:74,0
DA:79,0
DA:81,0
DA:82,0
DA:83,0
DA:85,0
DA:92,0
DA:93,0
DA:96,0
DA:98,0
DA:100,0
DA:101,0
DA:103,0
DA:104,0
DA:106,0
DA:107,0
DA:109,0
DA:110,0
DA:111,0
DA:115,0
DA:116,0
DA:118,0
DA:121,0
DA:122,0
DA:124,0
DA:127,0
DA:128,0
DA:131,0
DA:133,0
DA:134,0
DA:137,0
end_of_record
TN:
SF:/usr/include/x86_64-linux-gnu/bits/string_fortified.h
DA:126,526
DA:128,526
end_of_record
SF:/usr/include/x86_64-linux-gnu/bits/stdio2.h
DA:34,415
DA:36,415
DA:105,488
DA:107,488
end_of_record
SF:/workspace/vtr-verilog-to-routing/ODIN_II/SRC/read_blif.c
FN:138,read_blif
FNDA:122,read_blif
FN:188,read_tokens
FNDA:135882,read_tokens
FN:246,assign_node_type_from_node_name
FNDA:28533,assign_node_type_from_node_name
FN:316,create_latch_node_and_driver
FNDA:2982,create_latch_node_and_driver
FN:409,search_clock_name
FNDA:0,search_clock_name
FN:477,create_hard_block_nodes
FNDA:60,create_hard_block_nodes
FN:625,create_internal_node_and_driver
FNDA:28899,create_internal_node_and_driver
FN:756,read_bit_map_find_unknown_gate
FNDA:4110,read_bit_map_find_unknown_gate
FN:973,add_top_input_nodes
FNDA:122,add_top_input_nodes
FN:1025,rb_create_top_output_nodes
FNDA:122,rb_create_top_output_nodes
FN:1066,rb_look_for_clocks
FNDA:122,rb_look_for_clocks
FN:1088,rb_create_top_driver_nets
FNDA:122,rb_create_top_driver_nets
FN:1164,hook_up_nets
FNDA:122,hook_up_nets
FN:1187,hook_up_node
FNDA:35685,hook_up_node
FN:1208,read_hard_block_model
FNDA:17,read_hard_block_model
FN:1308,compare_hard_block_pin_names
FNDA:7168,compare_hard_block_pin_names
FN:1336,index_names
FNDA:128,index_names
FN:1351,associate_names
FNDA:60,associate_names
FN:1367,get_hard_block_ports
FNDA:94,get_hard_block_ports
FN:1404,verify_hard_block_ports_against_model
FNDA:17,verify_hard_block_ports_against_model
FN:1459,generate_hard_block_ports_signature
FNDA:94,generate_hard_block_ports_signature
FN:1484,get_hard_block_port_name
FNDA:19311,get_hard_block_port_name
FN:1501,get_hard_block_pin_number
FNDA:10122,get_hard_block_pin_number
FN:1523,add_hard_block_model
FNDA:17,add_hard_block_model
FN:1538,get_hard_block_model
FNDA:60,get_hard_block_model
FN:1550,create_hard_block_models
FNDA:122,create_hard_block_models
FN:1564,count_blif_lines
FNDA:122,count_blif_lines
FN:1582,free_hard_block_models
FNDA:122,free_hard_block_models
FN:1597,free_hard_block_model
FNDA:17,free_hard_block_model
FN:1611,free_hard_block_pins
FNDA:34,free_hard_block_pins
FN:1625,free_hard_block_ports
FNDA:94,free_hard_block_ports
DA:138,122
DA:140,122
DA:142,122
DA:144,122
DA:146,122
DA:148,122
DA:150,122
DA:153,122
DA:155,122
DA:156,122
DA:157,122
DA:158,122
DA:160,122
DA:161,122
DA:163,135882
DA:165,135760
DA:167,122
DA:169,122
DA:171,122
DA:172,122
DA:175,122
DA:176,122
DA:177,122
DA:178,122
DA:188,135882
DA:192,135882
DA:194,135882
DA:196,104003
DA:198,135882
DA:202,104003
DA:203,104003
DA:205,122
DA:207,103881
DA:209,122
DA:211,103759
DA:213,28899
DA:215,74860
DA:217,2982
DA:219,71878
DA:221,60
DA:223,71818
DA:227,122
DA:228,122
DA:230,71696
DA:233,136126
DA:246,28533
DA:249,28533
DA:250,28533
DA:251,409245
DA:252,117288
DA:254,28533
DA:257,28405
DA:258,28405
DA:259,292469
DA:261,264064
DA:264,28405
DA:266,28405
DA:267,27717
DA:268,27717
DA:269,21603
DA:270,16046
DA:271,16046
DA:272,10534
DA:273,9442
DA:274,8414
DA:275,6682
DA:276,6682
DA:277,6654
DA:278,6654
DA:279,6654
DA:280,5610
DA:281,3982
DA:282,3982
DA:283,3982
DA:284,3982
DA:285,3982
DA:286,3982
DA:287,3982
DA:288,3982
DA:289,3982
DA:290,3982
DA:291,3982
DA:292,3982
DA:293,3982
DA:294,3982
DA:295,3982
DA:296,3982
DA:297,3982
DA:298,3982
DA:299,3982
DA:300,3982
DA:301,3982
DA:302,3982
DA:303,3982
DA:304,3982
DA:305,3982
DA:306,3982
DA:307,3982
DA:308,3982
DA:316,2982
DA:319,2982
DA:320,2982
DA:322,2982
DA:323,2982
DA:324,17892
DA:326,14910
DA:327,14910
DA:331,2982
DA:334,0
DA:336,0
DA:337,0
DA:338,0
DA:340,0
DA:341,0
DA:343,0
DA:344,0
DA:348,0
DA:352,2982
DA:353,2982
DA:354,2982
DA:357,2982
DA:358,2982
DA:361,2982
DA:364,2982
DA:365,11928
DA:367,5964
DA:371,2982
DA:372,2982
DA:373,2982
DA:374,2982
DA:376,2982
DA:377,2982
DA:378,2982
DA:379,2982
DA:382,2982
DA:385,2982
DA:386,2982
DA:389,2982
DA:390,2982
DA:392,2982
DA:393,2982
DA:394,2982
DA:395,2982
DA:396,2982
DA:398,2982
DA:401,2982
DA:402,2982
DA:409,0
DA:411,0
DA:412,0
DA:413,0
DA:414,0
DA:416,0
DA:417,0
DA:418,0
DA:419,0
DA:421,0
DA:422,0
DA:425,0
DA:428,0
DA:429,0
DA:431,0
DA:434,0
DA:437,0
DA:439,0
DA:440,0
DA:443,0
DA:445,0
DA:448,0
DA:450,0
DA:452,0
DA:453,0
DA:458,0
DA:460,0
DA:464,0
DA:465,0
DA:467,0
DA:468,0
DA:477,60
DA:479,60
DA:480,60
DA:483,60
DA:484,60
DA:486,60
DA:487,2228
DA:489,2168
DA:490,2168
DA:494,60
DA:495,60
DA:496,60
DA:497,2228
DA:499,2168
DA:500,2168
DA:504,60
DA:507,60
DA:509,2288
DA:510,2168
DA:512,60
DA:515,60
DA:518,60
DA:519,60
DA:522,17
DA:524,17
DA:527,60
DA:530,60
DA:531,60
DA:532,60
DA:535,60
DA:536,60
DA:537,60
DA:538,40
DA:540,20
DA:541,60
DA:545,60
DA:546,60
DA:547,268
DA:548,208
DA:550,60
DA:551,136
DA:552,76
DA:556,60
DA:557,60
DA:558,60
DA:559,60
DA:562,1424
DA:564,1364
DA:565,1364
DA:567,1364
DA:568,0
DA:570,1364
DA:571,1364
DA:572,1364
DA:573,1364
DA:575,1364
DA:579,864
DA:581,804
DA:582,804
DA:584,804
DA:586,804
DA:587,804
DA:588,804
DA:589,804
DA:591,804
DA:593,804
DA:594,804
DA:596,804
DA:599,804
DA:603,60
DA:604,60
DA:605,60
DA:606,60
DA:609,60
DA:610,60
DA:612,60
DA:613,60
DA:614,60
DA:615,60
DA:618,60
DA:625,28899
DA:628,28899
DA:629,28899
DA:630,28899
DA:631,28899
DA:632,130623
DA:634,101724
DA:635,101724
DA:639,28899
DA:640,28899
DA:643,28899
DA:644,28899
DA:645,28777
DA:646,28655
DA:649,366
DA:654,28533
DA:656,28533
DA:658,24423
DA:659,24423
DA:662,4110
DA:664,4110
DA:665,4110
DA:669,28533
DA:671,28533
DA:674,28533
DA:676,1628
DA:677,1628
DA:682,90234
DA:683,63329
DA:689,101358
DA:691,72825
DA:692,72825
DA:693,72825
DA:694,72825
DA:698,28533
DA:700,0
DA:701,0
DA:703,0
DA:704,0
DA:705,0
DA:706,0
DA:709,28533
DA:711,0
DA:712,0
DA:714,0
DA:715,0
DA:716,0
DA:717,0
DA:721,28533
DA:722,28533
DA:725,28533
DA:728,28533
DA:729,28533
DA:733,28533
DA:734,28533
DA:735,28533
DA:737,28533
DA:739,28533
DA:740,28533
DA:742,28533
DA:744,28533
DA:747,28533
DA:749,28899
DA:756,4110
DA:758,4110
DA:759,4110
DA:760,4110
DA:762,4110
DA:764,0
DA:765,0
DA:767,0
DA:768,0
DA:770,0
DA:771,0
DA:772,0
DA:780,8220
DA:781,12330
DA:783,8220
DA:784,8220
DA:787,4110
DA:788,4110
DA:790,4110
DA:793,4110
DA:794,4110
DA:797,4110
DA:800,4110
DA:804,4110
DA:809,8220
DA:811,4110
DA:813,4110
DA:815,0
DA:820,0
DA:824,0
DA:825,0
DA:827,0
DA:829,0
DA:834,0
DA:837,0
DA:839,0
DA:841,0
DA:844,0
DA:845,0
DA:846,0
DA:847,0
DA:848,0
DA:852,0
DA:853,0
DA:854,0
DA:855,0
DA:856,0
DA:860,0
DA:862,0
DA:863,0
DA:864,0
DA:868,0
DA:869,0
DA:870,0
DA:871,0
DA:872,0
DA:878,0
DA:882,0
DA:884,0
DA:887,0
DA:888,0
DA:891,0
DA:900,0
DA:904,0
DA:906,0
DA:909,0
DA:910,0
DA:913,0
DA:921,0
DA:926,0
DA:929,0
DA:931,0
DA:932,0
DA:933,0
DA:937,0
DA:939,0
DA:940,0
DA:941,0
DA:948,0
DA:957,0
DA:963,0
DA:964,0
DA:965,0
DA:973,122
DA:975,122
DA:976,122
DA:977,2684
DA:979,2562
DA:983,2562
DA:985,2562
DA:986,2562
DA:989,2562
DA:992,2562
DA:993,2562
DA:996,2562
DA:997,2562
DA:998,2562
DA:1001,2562
DA:1003,2562
DA:1004,2562
DA:1006,2562
DA:1008,2562
DA:1009,2562
DA:1017,2562
DA:1019,122
DA:1025,122
DA:1027,122
DA:1028,122
DA:1030,4232
DA:1032,4110
DA:1037,4110
DA:1038,4110
DA:1039,4110
DA:1042,4110
DA:1045,4110
DA:1046,4110
DA:1049,4110
DA:1050,4110
DA:1052,4110
DA:1056,4110
DA:1057,4110
DA:1059,122
DA:1066,122
DA:1068,122
DA:1069,3104
DA:1071,2982
DA:1073,68
DA:1077,122
DA:1088,122
DA:1090,122
DA:1095,122
DA:1096,122
DA:1097,122
DA:1098,122
DA:1099,122
DA:1100,122
DA:1101,122
DA:1102,122
DA:1105,122
DA:1106,122
DA:1107,122
DA:1108,122
DA:1109,122
DA:1110,122
DA:1111,122
DA:1112,122
DA:1115,122
DA:1116,122
DA:1117,122
DA:1118,122
DA:1119,122
DA:1120,122
DA:1121,122
DA:1122,122
DA:1125,122
DA:1126,122
DA:1128,122
DA:1130,122
DA:1133,122
DA:1134,122
DA:1136,122
DA:1138,122
DA:1141,122
DA:1142,122
DA:1144,122
DA:1146,122
DA:1147,122
DA:1155,244
DA:1164,122
DA:1166,122
DA:1167,122
DA:1168,122
DA:1171,122
DA:1172,488
DA:1175,36051
DA:1177,35685
DA:1178,35685
DA:1181,122
DA:1187,35685
DA:1189,35685
DA:1190,119948
DA:1192,84263
DA:1194,84263
DA:1196,84263
DA:1197,0
DA:1199,84263
DA:1201,35685
DA:1208,17
DA:1211,17
DA:1212,17
DA:1213,17
DA:1215,17
DA:1217,0
DA:1218,17
DA:1221,17
DA:1222,6865
DA:1224,6865
DA:1226,6865
DA:1228,17
DA:1229,17
DA:1230,17
DA:1231,17
DA:1232,17
DA:1234,17
DA:1235,17
DA:1236,17
DA:1239,68
DA:1241,68
DA:1242,68
DA:1245,391
DA:1247,374
DA:1248,374
DA:1251,51
DA:1254,282
DA:1256,265
DA:1257,265
DA:1260,34
DA:1269,17
DA:1270,0
DA:1273,17
DA:1274,17
DA:1277,17
DA:1278,17
DA:1281,17
DA:1282,17
DA:1285,17
DA:1291,0
DA:1296,17
DA:1297,17
DA:1299,17
DA:1308,7168
DA:1310,7168
DA:1311,7168
DA:1313,7168
DA:1314,7168
DA:1315,7168
DA:1316,7168
DA:1317,7168
DA:1320,7168
DA:1322,5061
DA:1323,5061
DA:1324,5061
DA:1336,128
DA:1338,128
DA:1339,128
DA:1340,1250
DA:1341,994
DA:1342,994
DA:1343,994
DA:1345,128
DA:1351,60
DA:1353,60
DA:1354,60
DA:1355,2288
DA:1356,2168
DA:1358,60
DA:1367,94
DA:1370,94
DA:1371,94
DA:1372,94
DA:1373,94
DA:1374,94
DA:1375,94
DA:1376,2901
DA:1378,2807
DA:1380,2807
DA:1382,355
DA:1383,355
DA:1385,355
DA:1386,355
DA:1387,355
DA:1390,2807
DA:1391,2807
DA:1394,94
DA:1395,94
DA:1397,94
DA:1404,17
DA:1406,17
DA:1407,17
DA:1408,51
DA:1410,34
DA:1411,34
DA:1412,105
DA:1415,71
DA:1416,71
DA:1417,71
DA:1419,71
DA:1426,71
DA:1428,71
DA:1436,17
DA:1437,17
DA:1438,17
DA:1439,88
DA:1442,71
DA:1443,71
DA:1444,71
DA:1446,71
DA:1459,94
DA:1461,94
DA:1462,94
DA:1464,94
DA:1466,94
DA:1467,449
DA:1469,355
DA:1470,355
DA:1471,355
DA:1473,94
DA:1484,19311
DA:1486,19311
DA:1487,19311
DA:1488,18206
DA:1501,10122
DA:1503,10122
DA:1506,10122
DA:1507,10122
DA:1508,10122
DA:1509,10122
DA:1510,10122
DA:1512,10122
DA:1513,0
DA:1515,10122
DA:1517,10122
DA:1523,17
DA:1525,17
DA:1526,17
DA:1527,17
DA:1528,17
DA:1529,17
DA:1530,17
DA:1531,17
DA:1532,17
DA:1538,60
DA:1540,60
DA:1541,60
DA:1542,60
DA:1543,60
DA:1544,60
DA:1550,122
DA:1552,122
DA:1553,122
DA:1554,122
DA:1555,122
DA:1557,122
DA:1564,122
DA:1566,122
DA:1567,122
DA:1568,137600
DA:1570,137600
DA:1572,137478
DA:1574,122
DA:1575,122
DA:1582,122
DA:1584,122
DA:1585,122
DA:1586,261
DA:1587,17
DA:1589,122
DA:1590,122
DA:1591,122
DA:1597,17
DA:1599,17
DA:1600,17
DA:1602,17
DA:1603,17
DA:1605,17
DA:1606,17
DA:1611,34
DA:1613,673
DA:1614,639
DA:1616,34
DA:1618,34
DA:1619,34
DA:1620,34
DA:1625,94
DA:1627,449
DA:1628,355
DA:1630,94
DA:1631,94
DA:1632,94
DA:1634,94
DA:1635,94
DA:1636,94
end_of_record
TN:
SF:/usr/include/x86_64-linux-gnu/bits/stdio2.h
DA:34,0
DA:36,0
DA:98,0
DA:100,0
end_of_record
SF:/workspace/vtr-verilog-to-routing/ODIN_II/SRC/activity_estimation.c
FN:61,activity_estimation
FNDA:0,activity_estimation
FN:88,calc_transition_density
FNDA:0,calc_transition_density
FN:188,initialize_probabilities
FNDA:0,initialize_probabilities
FN:275,calc_probabilities_and_init_act_data
FNDA:0,calc_probabilities_and_init_act_data
FN:393,boolean_difference
FNDA:0,boolean_difference
FN:444,calc_density
FNDA:0,calc_density
FN:531,output_activation_file_ace_and_function_file
FNDA:0,output_activation_file_ace_and_function_file
FN:852,cleanup_activation
FNDA:0,cleanup_activation
DA:61,0
DA:64,0
DA:67,0
DA:70,0
DA:73,0
DA:76,0
DA:79,0
DA:83,0
DA:88,0
DA:90,0
DA:91,0
DA:94,0
DA:96,0
DA:99,0
DA:100,0
DA:103,0
DA:106,0
DA:108,0
DA:111,0
DA:112,0
DA:113,0
DA:114,0
DA:116,0
DA:118,0
DA:119,0
DA:121,0
DA:122,0
DA:124,0
DA:125,0
DA:127,0
DA:134,0
DA:136,0
DA:139,0
DA:142,0
DA:145,0
DA:148,0
DA:151,0
DA:153,0
DA:154,0
DA:155,0
DA:156,0
DA:159,0
DA:160,0
DA:162,0
DA:164,0
DA:165,0
DA:166,0
DA:167,0
DA:170,0
DA:171,0
DA:173,0
DA:175,0
DA:179,0
DA:183,0
DA:188,0
DA:190,0
DA:191,0
DA:193,0
DA:195,0
DA:198,0
DA:199,0
DA:201,0
DA:202,0
DA:203,0
DA:205,0
DA:207,0
DA:209,0
DA:212,0
DA:217,0
DA:222,0
DA:223,0
DA:224,0
DA:226,0
DA:227,0
DA:228,0
DA:231,0
DA:234,0
DA:235,0
DA:236,0
DA:238,0
DA:239,0
DA:240,0
DA:243,0
DA:246,0
DA:247,0
DA:248,0
DA:250,0
DA:251,0
DA:252,0
DA:255,0
DA:258,0
DA:259,0
DA:260,0
DA:262,0
DA:263,0
DA:264,0
DA:268,0
DA:275,0
DA:277,0
DA:278,0
DA:280,0
DA:283,0
DA:285,0
DA:288,0
DA:289,0
DA:292,0
DA:294,0
DA:295,0
DA:297,0
DA:300,0
DA:303,0
DA:305,0
DA:306,0
DA:308,0
DA:311,0
DA:313,0
DA:314,0
DA:315,0
DA:316,0
DA:318,0
DA:320,0
DA:324,0
DA:327,0
DA:330,0
DA:335,0
DA:337,0
DA:339,0
DA:342,0
DA:343,0
DA:344,0
DA:345,0
DA:347,0
DA:350,0
DA:352,0
DA:353,0
DA:354,0
DA:355,0
DA:357,0
DA:360,0
DA:363,0
DA:365,0
DA:367,0
DA:368,0
DA:372,0
DA:375,0
DA:378,0
DA:381,0
DA:383,0
DA:388,0
DA:393,0
DA:395,0
DA:396,0
DA:397,0
DA:398,0
DA:399,0
DA:401,0
DA:402,0
DA:403,0
DA:406,0
DA:408,0
DA:410,0
DA:417,0
DA:420,0
DA:422,0
DA:425,0
DA:427,0
DA:430,0
DA:431,0
DA:435,0
DA:438,0
DA:444,0
DA:446,0
DA:447,0
DA:448,0
DA:449,0
DA:451,0
DA:453,0
DA:454,0
DA:455,0
DA:456,0
DA:457,0
DA:458,0
DA:460,0
DA:464,0
DA:468,0
DA:470,0
DA:472,0
DA:473,0
DA:474,0
DA:476,0
DA:479,0
DA:481,0
DA:482,0
DA:483,0
DA:486,0
DA:489,0
DA:493,0
DA:496,0
DA:497,0
DA:498,0
DA:499,0
DA:501,0
DA:503,0
DA:507,0
DA:510,0
DA:512,0
DA:516,0
DA:517,0
DA:518,0
DA:521,0
DA:531,0
DA:533,0
DA:534,0
DA:535,0
DA:536,0
DA:537,0
DA:538,0
DA:539,0
DA:540,0
DA:541,0
DA:542,0
DA:544,0
DA:545,0
DA:546,0
DA:548,0
DA:549,0
DA:551,0
DA:553,0
DA:554,0
DA:556,0
DA:558,0
DA:559,0
DA:561,0
DA:565,0
DA:567,0
DA:570,0
DA:571,0
DA:573,0
DA:575,0
DA:577,0
DA:580,0
DA:586,0
DA:591,0
DA:596,0
DA:598,0
DA:599,0
DA:600,0
DA:604,0
DA:606,0
DA:608,0
DA:610,0
DA:614,0
DA:616,0
DA:617,0
DA:619,0
DA:620,0
DA:622,0
DA:623,0
DA:624,0
DA:628,0
DA:630,0
DA:633,0
DA:635,0
DA:636,0
DA:638,0
DA:639,0
DA:641,0
DA:642,0
DA:643,0
DA:647,0
DA:649,0
DA:650,0
DA:652,0
DA:655,0
DA:659,0
DA:661,0
DA:662,0
DA:663,0
DA:665,0
DA:671,0
DA:673,0
DA:675,0
DA:676,0
DA:679,0
DA:680,0
DA:683,0
DA:688,0
DA:690,0
DA:691,0
DA:693,0
DA:696,0
DA:697,0
DA:701,0
DA:703,0
DA:704,0
DA:705,0
DA:706,0
DA:707,0
DA:708,0
DA:710,0
DA:711,0
DA:714,0
DA:716,0
DA:718,0
DA:721,0
DA:723,0
DA:725,0
DA:726,0
DA:728,0
DA:731,0
DA:734,0
DA:735,0
DA:736,0
DA:740,0
DA:741,0
DA:746,0
DA:747,0
DA:749,0
DA:752,0
DA:757,0
DA:758,0
DA:762,0
DA:765,0
DA:766,0
DA:771,0
DA:773,0
DA:775,0
DA:776,0
DA:779,0
DA:783,0
DA:784,0
DA:785,0
DA:788,0
DA:789,0
DA:791,0
DA:793,0
DA:796,0
DA:798,0
DA:802,0
DA:803,0
DA:806,0
DA:807,0
DA:809,0
DA:811,0
DA:815,0
DA:818,0
DA:824,0
DA:825,0
DA:827,0
DA:829,0
DA:832,0
DA:836,0
DA:837,0
DA:840,0
DA:841,0
DA:845,0
DA:846,0
DA:847,0
DA:852,0
DA:854,0
DA:856,0
DA:858,0
DA:861,0
DA:862,0
DA:863,0
DA:865,0
DA:866,0
DA:867,0
DA:868,0
DA:869,0
DA:870,0
DA:872,0
DA:873,0
DA:876,0
end_of_record
TN:
SF:/workspace/vtr-verilog-to-routing/ODIN_II/SRC/netlist_check.c
FN:53,check_netlist
FNDA:392,check_netlist
FN:67,levelize_and_check_for_combinational_loop_and_liveness
FNDA:0,levelize_and_check_for_combinational_loop_and_liveness
FN:90,sequential_levelized_dfs
FNDA:0,sequential_levelized_dfs
FN:166,depth_first_traverse_until_next_ff_or_output
FNDA:0,depth_first_traverse_until_next_ff_or_output
FN:244,depth_first_traversal_check_if_forward_leveled
FNDA:0,depth_first_traversal_check_if_forward_leveled
FN:266,depth_first_traverse_check_if_forward_leveled
FNDA:0,depth_first_traverse_check_if_forward_leveled
FN:315,levelize_forwards
FNDA:0,levelize_forwards
FN:476,levelize_forwards_clean_checking_for_combo_loop_and_liveness
FNDA:0,levelize_forwards_clean_checking_for_combo_loop_and_liveness
FN:577,levelize_backwards
FNDA:0,levelize_backwards
FN:709,levelize_backwards_clean_checking_for_liveness
FNDA:0,levelize_backwards_clean_checking_for_liveness
FN:793,find_node_at_top_of_combo_loop
FNDA:0,find_node_at_top_of_combo_loop
DA:53,392
DA:56,392
DA:59,0
DA:61,392
DA:67,0
DA:70,0
DA:73,0
DA:76,0
DA:79,0
DA:81,0
DA:84,0
DA:85,0
DA:90,0
DA:92,0
DA:94,0
DA:95,0
DA:96,0
DA:97,0
DA:98,0
DA:99,0
DA:102,0
DA:105,0
DA:107,0
DA:109,0
DA:110,0
DA:112,0
DA:117,0
DA:119,0
DA:120,0
DA:122,0
DA:124,0
DA:126,0
DA:127,0
DA:129,0
DA:132,0
DA:138,0
DA:139,0
DA:140,0
DA:141,0
DA:142,0
DA:145,0
DA:146,0
DA:147,0
DA:148,0
DA:149,0
DA:152,0
DA:154,0
DA:158,0
DA:161,0
DA:166,0
DA:168,0
DA:169,0
DA:170,0
DA:173,0
DA:176,0
DA:179,0
DA:180,0
DA:181,0
DA:183,0
DA:187,0
DA:192,0
DA:197,0
DA:201,0
DA:202,0
DA:205,0
DA:206,0
DA:207,0
DA:209,0
DA:216,0
DA:217,0
DA:219,0
DA:221,0
DA:222,0
DA:224,0
DA:225,0
DA:227,0
DA:228,0
DA:230,0
DA:231,0
DA:232,0
DA:235,0
DA:244,0
DA:246,0
DA:249,0
DA:251,0
DA:253,0
DA:257,0
DA:258,0
DA:259,0
DA:260,0
DA:261,0
DA:266,0
DA:268,0
DA:269,0
DA:270,0
DA:272,0
DA:281,0
DA:283,0
DA:285,0
DA:286,0
DA:288,0
DA:289,0
DA:291,0
DA:292,0
DA:294,0
DA:295,0
DA:296,0
DA:298,0
DA:300,0
DA:301,0
DA:305,0
DA:315,0
DA:317,0
DA:318,0
DA:319,0
DA:320,0
DA:323,0
DA:324,0
DA:325,0
DA:326,0
DA:327,0
DA:328,0
DA:329,0
DA:331,0
DA:334,0
DA:335,0
DA:336,0
DA:337,0
DA:339,0
DA:342,0
DA:343,0
DA:344,0
DA:345,0
DA:347,0
DA:350,0
DA:351,0
DA:352,0
DA:353,0
DA:355,0
DA:357,0
DA:359,0
DA:361,0
DA:362,0
DA:363,0
DA:364,0
DA:367,0
DA:369,0
DA:371,0
DA:372,0
DA:373,0
DA:374,0
DA:378,0
DA:381,0
DA:382,0
DA:383,0
DA:384,0
DA:385,0
DA:388,0
DA:390,0
DA:391,0
DA:392,0
DA:395,0
DA:397,0
DA:398,0
DA:399,0
DA:401,0
DA:403,0
DA:405,0
DA:406,0
DA:408,0
DA:410,0
DA:411,0
DA:413,0
DA:416,0
DA:418,0
DA:420,0
DA:423,0
DA:424,0
DA:429,0
DA:430,0
DA:434,0
DA:437,0
DA:438,0
DA:440,0
DA:447,0
DA:450,0
DA:451,0
DA:452,0
DA:454,0
DA:461,0
DA:464,0
DA:472,0
DA:476,0
DA:478,0
DA:479,0
DA:480,0
DA:481,0
DA:483,0
DA:485,0
DA:488,0
DA:490,0
DA:491,0
DA:492,0
DA:495,0
DA:497,0
DA:498,0
DA:499,0
DA:501,0
DA:503,0
DA:504,0
DA:507,0
DA:509,0
DA:510,0
DA:512,0
DA:514,0
DA:518,0
DA:520,0
DA:521,0
DA:522,0
DA:525,0
DA:526,0
DA:528,0
DA:535,0
DA:538,0
DA:539,0
DA:541,0
DA:544,0
DA:545,0
DA:548,0
DA:550,0
DA:551,0
DA:553,0
DA:560,0
DA:563,0
DA:571,0
DA:577,0
DA:579,0
DA:580,0
DA:581,0
DA:582,0
DA:585,0
DA:586,0
DA:587,0
DA:588,0
DA:589,0
DA:590,0
DA:591,0
DA:593,0
DA:595,0
DA:596,0
DA:597,0
DA:598,0
DA:601,0
DA:603,0
DA:605,0
DA:606,0
DA:607,0
DA:608,0
DA:612,0
DA:615,0
DA:616,0
DA:617,0
DA:618,0
DA:619,0
DA:622,0
DA:624,0
DA:625,0
DA:626,0
DA:629,0
DA:631,0
DA:632,0
DA:633,0
DA:636,0
DA:638,0
DA:640,0
DA:642,0
DA:644,0
DA:646,0
DA:649,0
DA:650,0
DA:655,0
DA:656,0
DA:660,0
DA:662,0
DA:666,0
DA:667,0
DA:669,0
DA:676,0
DA:679,0
DA:682,0
DA:683,0
DA:684,0
DA:687,0
DA:693,0
DA:696,0
DA:704,0
DA:709,0
DA:711,0
DA:712,0
DA:713,0
DA:714,0
DA:716,0
DA:718,0
DA:721,0
DA:723,0
DA:724,0
DA:725,0
DA:728,0
DA:730,0
DA:731,0
DA:732,0
DA:735,0
DA:737,0
DA:740,0
DA:745,0
DA:746,0
DA:747,0
DA:750,0
DA:751,0
DA:753,0
DA:760,0
DA:763,0
DA:764,0
DA:766,0
DA:770,0
DA:771,0
DA:777,0
DA:780,0
DA:788,0
DA:793,0
DA:795,0
DA:796,0
DA:797,0
DA:798,0
DA:799,0
DA:801,0
DA:803,0
DA:804,0
DA:805,0
DA:808,0
DA:809,0
DA:811,0
DA:813,0
DA:814,0
DA:815,0
DA:819,0
DA:821,0
DA:824,0
DA:830,0
end_of_record
TN:
SF:/usr/include/x86_64-linux-gnu/bits/stdio2.h
DA:34,0
DA:36,0
DA:98,28646200
DA:100,27393200
end_of_record
SF:/workspace/vtr-verilog-to-routing/ODIN_II/SRC/output_blif.c
FN:51,output_blif
FNDA:270,output_blif
FN:224,depth_first_traversal_to_output
FNDA:270,depth_first_traversal_to_output
FN:249,depth_traverse_output_blif
FNDA:3157050,depth_traverse_output_blif
FN:295,output_node
FNDA:902981,output_node
FN:390,define_logical_function
FNDA:149880,define_logical_function
FN:554,define_set_input_logical_function
FNDA:180984,define_set_input_logical_function
FN:630,define_ff
FNDA:195604,define_ff
FN:657,define_decoded_mux
FNDA:351697,define_decoded_mux
FN:748,output_blif_pin_connect
FNDA:0,output_blif_pin_connect
DA:51,270
DA:53,270
DA:54,270
DA:55,270
DA:56,270
DA:57,270
DA:58,270
DA:61,270
DA:63,0
DA:64,0
DA:65,0
DA:69,270
DA:72,270
DA:74,0
DA:77,270
DA:80,8565
DA:82,8025
DA:84,270
DA:85,270
DA:88,8025
DA:90,0
DA:91,0
DA:95,0
DA:96,0
DA:101,8025
DA:103,6690
DA:108,1335
DA:109,1335
DA:113,270
DA:115,270
DA:116,11078
DA:118,10538
DA:120,0
DA:124,10538
DA:126,270
DA:127,270
DA:130,10538
DA:132,0
DA:133,0
DA:137,0
DA:138,0
DA:143,10538
DA:144,8524
DA:148,2014
DA:149,2014
DA:154,270
DA:157,270
DA:158,270
DA:161,270
DA:163,270
DA:167,0
DA:171,10808
DA:174,10538
DA:175,10538
DA:177,10538
DA:179,10538
DA:182,0
DA:185,0
DA:196,10538
DA:197,10538
DA:198,10538
DA:199,10210
DA:201,10538
DA:205,10538
DA:209,270
DA:210,270
DA:214,270
DA:215,270
DA:218,270
DA:219,270
DA:224,270
DA:226,270
DA:228,270
DA:229,270
DA:230,270
DA:232,270
DA:233,270
DA:234,270
DA:237,8565
DA:239,8025
DA:241,8025
DA:244,270
DA:249,3157050
DA:251,3157050
DA:252,3157050
DA:253,3157050
DA:255,3157050
DA:264,902981
DA:267,902981
DA:269,1816740
DA:271,913757
DA:272,48
DA:274,4689590
DA:275,4689590
DA:277,3775880
DA:278,156323
DA:280,3619560
DA:281,3619560
DA:282,471347
DA:285,3148210
DA:295,902981
DA:297,902981
DA:299,17315
DA:300,17315
DA:301,17315
DA:302,17315
DA:304,0
DA:305,0
DA:306,0
DA:307,0
DA:309,83922
DA:310,83922
DA:311,83922
DA:312,79747
DA:313,79747
DA:314,79747
DA:315,0
DA:316,0
DA:317,0
DA:319,149880
DA:328,149880
DA:329,149880
DA:331,351697
DA:332,351697
DA:333,351697
DA:335,195604
DA:336,195604
DA:337,195604
DA:339,935
DA:340,935
DA:341,0
DA:343,935
DA:345,935
DA:347,4508
DA:350,4508
DA:352,4508
DA:362,0
DA:382,0
DA:383,0
DA:385,902981
DA:390,149880
DA:392,149880
DA:393,149880
DA:394,149880
DA:396,149880
DA:399,149880
DA:402,0
DA:405,0
DA:406,0
DA:408,0
DA:411,0
DA:412,0
DA:414,0
DA:419,446794
DA:423,296914
DA:424,296914
DA:426,296914
DA:427,295201
DA:430,4123
DA:434,292791
DA:439,0
DA:440,0
DA:442,296914
DA:446,149880
DA:448,149880
DA:450,149880
DA:453,149880
DA:458,89169
DA:460,67258
DA:462,21911
DA:468,90737
DA:470,865464
DA:472,799304
DA:473,66160
DA:475,799304
DA:477,66160
DA:484,12
DA:486,24
DA:488,16
DA:489,8
DA:491,16
DA:493,8
DA:501,95222
DA:503,49052
DA:505,46170
DA:508,20071
DA:511,20071
DA:513,100355
DA:515,80284
DA:517,40142
DA:518,40142
DA:519,40142
DA:520,80284
DA:525,37147
DA:528,37147
DA:529,185735
DA:531,148588
DA:533,74294
DA:534,74294
DA:535,74294
DA:536,148588
DA:542,0
DA:543,0
DA:546,149880
DA:547,149880
DA:549,149880
DA:554,180984
DA:556,180984
DA:557,180984
DA:559,180984
DA:561,180984
DA:562,180984
DA:565,180984
DA:568,0
DA:571,0
DA:572,0
DA:574,0
DA:578,0
DA:579,0
DA:581,0
DA:582,0
DA:585,0
DA:587,0
DA:589,0
DA:594,723936
DA:598,542952
DA:599,528726
DA:602,14354
DA:606,542952
DA:611,180984
DA:612,180984
DA:615,180984
DA:617,180984
DA:619,180984
DA:622,180984
DA:624,180984
DA:630,195604
DA:632,195604
DA:633,195604
DA:636,195604
DA:637,0
DA:640,195604
DA:641,188626
DA:643,6978
DA:645,195604
DA:646,195604
DA:648,0
DA:651,195604
DA:652,195604
DA:657,351697
DA:659,351697
DA:661,351697
DA:663,351697
DA:665,351697
DA:668,0
DA:671,0
DA:673,0
DA:677,0
DA:681,0
DA:682,0
DA:684,0
DA:689,2124250
DA:693,1772550
DA:695,1772550
DA:698,0
DA:699,0
DA:701,0
DA:705,1772550
DA:706,1768150
DA:709,8917
DA:713,1772550
DA:719,351697
DA:721,351697
DA:723,351697
DA:726,1237970
DA:728,21214900
DA:730,20328700
DA:731,886277
DA:732,19442400
DA:733,886277
DA:734,18556100
DA:735,0
DA:737,20328700
DA:739,886277
DA:742,351697
DA:743,351697
DA:748,0
DA:750,0
DA:753,0
DA:756,0
DA:757,0
DA:760,0
end_of_record
TN:
SF:/workspace/vtr-verilog-to-routing/ODIN_II/SRC/netlist_optimizations.c
FN:39,netlist_optimizations_top
FNDA:270,netlist_optimizations_top
DA:39,270
DA:43,270
DA:44,270
DA:47,270
DA:48,270
DA:50,270
end_of_record
TN:
SF:/usr/include/x86_64-linux-gnu/bits/stdio2.h
DA:105,0
DA:107,0
end_of_record
SF:/usr/include/x86_64-linux-gnu/bits/string_fortified.h
DA:103,0
DA:106,0
end_of_record
SF:/workspace/vtr-verilog-to-routing/ODIN_II/SRC/netlist_create_from_ast.c
FN:139,create_param_table_for_module
FNDA:1719,create_param_table_for_module
FN:216,create_netlist
FNDA:270,create_netlist
FN:289,look_for_clocks
FNDA:0,look_for_clocks
FN:307,find_top_module
FNDA:270,find_top_module
FN:369,convert_ast_to_netlist_recursing_via_modules
FNDA:1719,convert_ast_to_netlist_recursing_via_modules
FN:428,netlist_expand_ast_of_module
FNDA:175726,netlist_expand_ast_of_module
FN:693,concatenate_signal_lists
FNDA:5253,concatenate_signal_lists
FN:722,create_all_driver_nets_in_this_module
FNDA:1719,create_all_driver_nets_in_this_module
FN:761,create_top_driver_nets
FNDA:270,create_top_driver_nets
FN:868,create_top_output_nodes
FNDA:270,create_top_output_nodes
FN:989,define_nets_with_driver
FNDA:22867,define_nets_with_driver
FN:1091,define_nodes_and_nets_with_driver
FNDA:1451,define_nodes_and_nets_with_driver
FN:1201,create_symbol_table_for_module
FNDA:1719,create_symbol_table_for_module
FN:1299,connect_memory_and_alias
FNDA:36,connect_memory_and_alias
FN:1436,connect_hard_block_and_alias
FNDA:0,connect_hard_block_and_alias
FN:1575,connect_module_instantiation_and_alias
FNDA:2898,connect_module_instantiation_and_alias
FN:1847,create_pins
FNDA:319819,create_pins
FN:1945,create_output_pin
FNDA:44,create_output_pin
FN:1968,assignment_alias
FNDA:32081,assignment_alias
FN:2211,terminate_registered_assignment
FNDA:2096,terminate_registered_assignment
FN:2365,terminate_continuous_assignment
FNDA:5092,terminate_continuous_assignment
FN:2448,alias_output_assign_pins_to_inputs
FNDA:32073,alias_output_assign_pins_to_inputs
FN:2489,create_gate
FNDA:44,create_gate
FN:2569,create_operation_node
FNDA:19829,create_operation_node
FN:2779,evaluate_sensitivity_list
FNDA:2488,evaluate_sensitivity_list
FN:2846,create_if_for_question
FNDA:1290,create_if_for_question
FN:2870,create_if_question_mux_expressions
FNDA:1290,create_if_question_mux_expressions
FN:2902,create_if
FNDA:4653,create_if
FN:2926,create_if_control_signals
FNDA:5943,create_if_control_signals
FN:2986,create_if_mux_statements
FNDA:4653,create_if_mux_statements
FN:3020,create_case
FNDA:308,create_case
FN:3052,create_case_control_signals
FNDA:308,create_case_control_signals
FN:3120,create_case_mux_statements
FNDA:308,create_case_mux_statements
FN:3159,create_mux_statements
FNDA:4961,create_mux_statements
FN:3273,create_mux_expressions
FNDA:1290,create_mux_expressions
FN:3348,find_smallest_non_numerical
FNDA:942,find_smallest_non_numerical
FN:3411,pad_with_zeros
FNDA:1884,pad_with_zeros
FN:3439,create_dual_port_ram_block
FNDA:24,create_dual_port_ram_block
FN:3614,create_single_port_ram_block
FNDA:8,create_single_port_ram_block
FN:3802,create_soft_single_port_ram_block
FNDA:2,create_soft_single_port_ram_block
FN:3952,create_soft_dual_port_ram_block
FNDA:2,create_soft_dual_port_ram_block
FN:4110,create_hard_block
FNDA:36,create_hard_block
DA:139,1719
DA:142,1719
DA:143,1719
DA:144,1719
DA:145,1719
DA:146,1719
DA:147,1719
DA:148,1719
DA:150,1719
DA:151,1719
DA:153,1719
DA:154,1719
DA:157,1719
DA:159,49235
DA:161,47516
DA:164,79144
DA:166,40345
DA:168,40345
DA:170,25204
DA:171,39761
DA:173,584
DA:174,584
DA:177,584
DA:179,584
DA:181,584
DA:185,0
DA:190,0
DA:193,0
DA:196,0
DA:198,584
DA:199,584
DA:201,584
DA:202,584
DA:204,584
DA:216,270
DA:224,270
DA:225,901
DA:227,631
DA:230,0
DA:231,0
DA:232,0
DA:234,0
DA:235,0
DA:236,0
DA:237,0
DA:238,0
DA:239,0
DA:241,0
DA:242,0
DA:243,0
DA:245,0
DA:246,0
DA:247,0
DA:248,0
DA:249,0
DA:251,0
DA:252,0
DA:254,631
DA:258,270
DA:267,270
DA:268,270
DA:270,270
DA:273,270
DA:276,270
DA:277,270
DA:278,270
DA:279,270
DA:280,270
DA:283,540
DA:284,270
DA:289,270
DA:291,270
DA:293,195234
DA:295,194964
DA:297,161
DA:300,0
DA:307,270
DA:309,270
DA:310,270
DA:311,270
DA:314,901
DA:316,1655
DA:321,1024
DA:325,1024
DA:326,1024
DA:328,0
DA:332,0
DA:336,1024
DA:342,901
DA:344,631
DA:348,361
DA:350,0
DA:356,270
DA:358,0
DA:361,270
DA:369,1719
DA:371,1719
DA:374,1719
DA:376,1383
DA:382,1785
DA:388,2898
DA:389,1449
DA:390,1449
DA:393,1449
DA:395,1449
DA:397,0
DA:398,0
DA:401,1449
DA:403,1449
DA:405,1449
DA:409,1449
DA:412,1449
DA:416,336
DA:419,1719
DA:420,1719
DA:428,175726
DA:431,175726
DA:432,175726
DA:433,175726
DA:434,175726
DA:435,175726
DA:437,175726
DA:445,175726
DA:447,92277
DA:448,92277
DA:453,175726
DA:456,0
DA:457,0
DA:458,1719
DA:460,1719
DA:461,1719
DA:462,1719
DA:463,1719
DA:467,1719
DA:468,1719
DA:469,1719
DA:470,1719
DA:471,1719
DA:474,1719
DA:477,1719
DA:479,49235
DA:481,47516
DA:484,38799
DA:486,8717
DA:492,1449
DA:495,1449
DA:500,44
DA:502,44
DA:504,44
DA:505,44
DA:508,9907
DA:510,9907
DA:511,9907
DA:512,9907
DA:514,38554
DA:516,38554
DA:517,38554
DA:519,48569
DA:522,48569
DA:525,48569
DA:528,4700
DA:530,4700
DA:531,4700
DA:532,12738
DA:534,12738
DA:535,0
DA:538,12738
DA:539,12738
DA:540,12738
DA:542,19343
DA:544,19343
DA:545,0
DA:548,19343
DA:549,19343
DA:550,19343
DA:552,2488
DA:554,2488
DA:555,2488
DA:556,2488
DA:557,308
DA:558,308
DA:559,308
DA:560,308
DA:561,4653
DA:562,4653
DA:563,4653
DA:564,4653
DA:565,1290
DA:566,1290
DA:567,1290
DA:568,1290
DA:570,36
DA:572,36
DA:573,36
DA:574,36
DA:575,36
DA:582,144349
DA:585,290472
DA:587,163029
DA:590,116783
DA:597,175726
DA:599,0
DA:600,0
DA:602,0
DA:603,5253
DA:604,5253
DA:605,5253
DA:606,1719
DA:608,1719
DA:610,49235
DA:612,47516
DA:616,1449
DA:622,1719
DA:623,1719
DA:625,1719
DA:627,4700
DA:628,4700
DA:630,4700
DA:631,4700
DA:632,2488
DA:634,2488
DA:637,392
DA:639,2096
DA:641,2096
DA:645,0
DA:646,0
DA:649,14985
DA:650,14985
DA:651,14985
DA:652,14985
DA:653,1963
DA:654,1963
DA:655,1963
DA:656,1963
DA:657,7457
DA:658,7457
DA:659,7457
DA:661,36
DA:662,36
DA:663,36
DA:664,0
DA:665,0
DA:666,0
DA:676,175726
DA:678,92277
DA:680,175726
DA:682,92277
DA:685,175726
DA:693,5253
DA:695,5253
DA:697,5253
DA:698,36361
DA:701,31108
DA:702,23
DA:705,128007
DA:707,96899
DA:708,96899
DA:710,31108
DA:713,5253
DA:722,1719
DA:725,1719
DA:728,34179
DA:730,32460
DA:731,32460
DA:733,32460
DA:735,19365
DA:736,19365
DA:737,11525
DA:740,10471
DA:741,10471
DA:743,878
DA:748,22867
DA:752,1719
DA:761,270
DA:764,270
DA:765,270
DA:766,270
DA:767,270
DA:769,270
DA:772,270
DA:774,11451
DA:776,11181
DA:779,14995
DA:781,7761
DA:783,1451
DA:791,0
DA:795,270
DA:796,270
DA:797,270
DA:798,270
DA:799,270
DA:800,270
DA:801,270
DA:802,270
DA:804,270
DA:805,270
DA:806,270
DA:807,270
DA:808,270
DA:809,270
DA:810,270
DA:811,270
DA:813,270
DA:814,270
DA:815,270
DA:816,270
DA:817,270
DA:818,270
DA:819,270
DA:820,270
DA:823,270
DA:824,270
DA:826,270
DA:827,270
DA:829,0
DA:832,270
DA:833,270
DA:836,270
DA:837,270
DA:839,270
DA:840,270
DA:842,0
DA:845,270
DA:846,270
DA:849,270
DA:850,270
DA:852,270
DA:853,270
DA:855,0
DA:858,270
DA:859,270
DA:860,270
DA:868,270
DA:871,270
DA:872,270
DA:873,270
DA:874,270
DA:876,270
DA:879,270
DA:881,11451
DA:883,11181
DA:886,14995
DA:888,7761
DA:890,905
DA:891,905
DA:892,905
DA:895,905
DA:899,312
DA:902,312
DA:904,0
DA:908,312
DA:910,312
DA:913,312
DA:914,312
DA:915,312
DA:916,312
DA:918,312
DA:919,312
DA:922,312
DA:925,312
DA:926,312
DA:927,312
DA:929,593
DA:931,593
DA:932,593
DA:933,593
DA:935,10819
DA:938,10226
DA:941,10226
DA:943,0
DA:946,10226
DA:948,10226
DA:951,10226
DA:952,10226
DA:953,10226
DA:954,10226
DA:956,10226
DA:957,10226
DA:960,10226
DA:963,10226
DA:964,10226
DA:965,10226
DA:971,0
DA:981,0
DA:983,270
DA:989,22867
DA:991,22867
DA:992,22867
DA:993,22867
DA:994,22867
DA:996,22867
DA:1001,3731
DA:1004,3731
DA:1007,3731
DA:1008,3731
DA:1010,0
DA:1014,3731
DA:1015,3731
DA:1017,19136
DA:1019,19128
DA:1020,19128
DA:1023,19128
DA:1026,482466
DA:1029,463338
DA:1032,463338
DA:1034,463338
DA:1035,463338
DA:1037,0
DA:1041,463338
DA:1042,463338
DA:1046,8
DA:1048,8
DA:1049,8
DA:1051,8
DA:1052,8
DA:1054,8
DA:1055,8
DA:1057,8
DA:1059,8
DA:1060,8
DA:1062,8
DA:1063,0
DA:1066,8
DA:1068,8
DA:1069,8
DA:1071,8
DA:1072,0
DA:1075,8
DA:1077,8
DA:1078,8
DA:1080,8
DA:1083,22867
DA:1091,1451
DA:1093,1451
DA:1094,1451
DA:1095,1451
DA:1096,1451
DA:1097,1451
DA:1098,1451
DA:1100,1451
DA:1105,792
DA:1107,792
DA:1109,792
DA:1110,792
DA:1112,0
DA:1116,792
DA:1117,792
DA:1120,792
DA:1121,792
DA:1122,792
DA:1124,792
DA:1125,792
DA:1127,792
DA:1128,792
DA:1131,792
DA:1132,792
DA:1135,792
DA:1136,792
DA:1137,792
DA:1139,659
DA:1142,659
DA:1143,659
DA:1144,659
DA:1147,7892
DA:1150,7233
DA:1153,7233
DA:1155,7233
DA:1156,7233
DA:1158,0
DA:1162,7233
DA:1163,7233
DA:1166,7233
DA:1167,7233
DA:1169,7233
DA:1170,7233
DA:1171,7233
DA:1173,7233
DA:1174,7233
DA:1177,7233
DA:1178,7233
DA:1181,7233
DA:1182,7233
DA:1183,7233
DA:1186,0
DA:1189,0
DA:1190,0
DA:1193,1451
DA:1201,1719
DA:1204,1719
DA:1205,1719
DA:1206,1719
DA:1207,1719
DA:1210,1719
DA:1212,49235
DA:1214,47516
DA:1217,79144
DA:1219,40345
DA:1222,40345
DA:1223,584
DA:1225,39761
DA:1226,39761
DA:1229,39761
DA:1232,39761
DA:1234,39761
DA:1235,39761
DA:1241,7301
DA:1242,0
DA:1244,0
DA:1248,0
DA:1252,7301
DA:1255,0
DA:1257,7301
DA:1260,7301
DA:1261,7301
DA:1265,0
DA:1271,32460
DA:1274,32460
DA:1275,32460
DA:1276,32460
DA:1278,39761
DA:1285,0
DA:1287,1719
DA:1299,36
DA:1301,36
DA:1302,36
DA:1303,36
DA:1304,36
DA:1307,36
DA:1308,320
DA:1310,284
DA:1312,284
DA:1313,284
DA:1314,284
DA:1319,274
DA:1320,532
DA:1321,284
DA:1323,62
DA:1324,62
DA:1325,62
DA:1327,62
DA:1328,62
DA:1329,62
DA:1330,124
DA:1331,62
DA:1332,62
DA:1333,62
DA:1336,62
DA:1337,62
DA:1338,62
DA:1340,4534
DA:1347,4472
DA:1349,4472
DA:1350,4472
DA:1351,4472
DA:1353,4472
DA:1354,4472
DA:1355,4472
DA:1356,4472
DA:1360,0
DA:1361,0
DA:1362,0
DA:1363,0
DA:1365,0
DA:1366,0
DA:1367,0
DA:1368,0
DA:1372,4472
DA:1375,4472
DA:1379,0
DA:1383,0
DA:1385,0
DA:1390,0
DA:1397,4472
DA:1398,4472
DA:1402,4472
DA:1403,4472
DA:1407,4472
DA:1408,4472
DA:1412,4472
DA:1414,4472
DA:1417,4472
DA:1418,4472
DA:1423,36
DA:1436,0
DA:1438,0
DA:1439,0
DA:1440,0
DA:1441,0
DA:1442,0
DA:1445,0
DA:1446,0
DA:1447,0
DA:1449,0
DA:1453,0
DA:1454,0
DA:1456,0
DA:1457,0
DA:1458,0
DA:1459,0
DA:1462,0
DA:1463,0
DA:1465,0
DA:1466,0
DA:1468,0
DA:1474,0
DA:1475,0
DA:1476,0
DA:1479,0
DA:1481,0
DA:1482,0
DA:1483,0
DA:1485,0
DA:1486,0
DA:1487,0
DA:1488,0
DA:1492,0
DA:1493,0
DA:1494,0
DA:1495,0
DA:1497,0
DA:1498,0
DA:1499,0
DA:1500,0
DA:1504,0
DA:1507,0
DA:1511,0
DA:1515,0
DA:1517,0
DA:1522,0
DA:1529,0
DA:1530,0
DA:1535,0
DA:1536,0
DA:1540,0
DA:1541,0
DA:1545,0
DA:1547,0
DA:1550,0
DA:1551,0
DA:1556,0
DA:1575,2898
DA:1577,2898
DA:1578,2898
DA:1579,2898
DA:1580,2898
DA:1581,2898
DA:1582,2898
DA:1583,2898
DA:1584,2898
DA:1586,2898
DA:1589,2898
DA:1591,0
DA:1595,2898
DA:1596,0
DA:1598,2898
DA:1599,2898
DA:1601,2898
DA:1603,0
DA:1605,0
DA:1608,28438
DA:1610,25540
DA:1612,25540
DA:1614,25540
DA:1616,25540
DA:1618,12770
DA:1620,17398
DA:1623,12770
DA:1627,12770
DA:1631,8560
DA:1633,17120
DA:1635,8560
DA:1637,8560
DA:1639,8560
DA:1640,8560
DA:1641,8560
DA:1642,8560
DA:1644,8560
DA:1645,8560
DA:1647,0
DA:1650,0
DA:1651,0
DA:1654,234630
DA:1656,221860
DA:1663,120908
DA:1664,120908
DA:1665,120908
DA:1667,120908
DA:1670,117453
DA:1671,117453
DA:1672,117453
DA:1675,117453
DA:1676,234906
DA:1677,117453
DA:1678,117453
DA:1681,117453
DA:1685,3455
DA:1688,3455
DA:1689,3455
DA:1690,3455
DA:1692,3455
DA:1693,6910
DA:1694,3455
DA:1695,3455
DA:1698,3455
DA:1702,120908
DA:1705,0
DA:1706,0
DA:1710,120908
DA:1713,21725
DA:1716,17643
DA:1719,17643
DA:1724,4082
DA:1730,99183
DA:1731,99183
DA:1733,99183
DA:1736,79292
DA:1738,79292
DA:1740,19891
DA:1743,19891
DA:1745,19891
DA:1750,120908
DA:1752,85613
DA:1753,85613
DA:1756,0
DA:1764,120908
DA:1765,120908
DA:1767,100952
DA:1771,100952
DA:1772,100952
DA:1773,100952
DA:1777,100952
DA:1780,100197
DA:1781,100197
DA:1782,100197
DA:1784,100197
DA:1785,200394
DA:1786,100197
DA:1787,100197
DA:1788,100197
DA:1792,755
DA:1794,755
DA:1795,755
DA:1796,755
DA:1798,755
DA:1799,1510
DA:1800,755
DA:1801,755
DA:1802,755
DA:1806,100952
DA:1808,0
DA:1813,100952
DA:1816,100952
DA:1819,100952
DA:1821,74015
DA:1823,0
DA:1831,100952
DA:1832,100952
DA:1836,2898
DA:1847,319819
DA:1849,319819
DA:1850,319819
DA:1851,319819
DA:1852,319819
DA:1853,319819
DA:1854,319819
DA:1855,319819
DA:1857,319819
DA:1860,99366
DA:1862,220453
DA:1865,220453
DA:1866,220453
DA:1867,220453
DA:1868,220453
DA:1872,0
DA:1876,1811140
DA:1878,1491320
DA:1879,1491320
DA:1882,1491320
DA:1884,50172
DA:1885,50172
DA:1886,50172
DA:1888,1441150
DA:1890,423707
DA:1891,423707
DA:1892,423707
DA:1898,1017440
DA:1900,441485
DA:1902,441485
DA:1903,441485
DA:1907,1017440
DA:1909,1017440
DA:1912,849278
DA:1914,849278
DA:1917,8667
DA:1919,8667
DA:1921,840611
DA:1925,329545
DA:1927,329545
DA:1933,1491320
DA:1936,319819
DA:1945,44
DA:1947,44
DA:1948,44
DA:1949,44
DA:1950,44
DA:1953,44
DA:1954,44
DA:1955,44
DA:1957,44
DA:1958,44
DA:1960,44
DA:1962,44
DA:1968,32081
DA:1970,32081
DA:1971,32081
DA:1973,32081
DA:1974,32081
DA:1976,32081
DA:1978,32081
DA:1979,32081
DA:1983,32081
DA:1985,8
DA:1986,0
DA:1989,8
DA:1992,8
DA:1993,0
DA:1994,8
DA:1997,8
DA:2000,8
DA:2001,8
DA:2002,8
DA:2005,8
DA:2006,8
DA:2007,64
DA:2008,48
DA:2009,8
DA:2013,8
DA:2014,8
DA:2015,40
DA:2017,32
DA:2018,32
DA:2019,32
DA:2024,8
DA:2025,8
DA:2026,64
DA:2028,48
DA:2029,48
DA:2030,48
DA:2031,48
DA:2032,48
DA:2033,48
DA:2034,48
DA:2036,48
DA:2038,8
DA:2039,8
DA:2041,8
DA:2042,8
DA:2043,8
DA:2047,32073
DA:2048,32073
DA:2051,32081
DA:2053,32081
DA:2055,8
DA:2056,0
DA:2060,8
DA:2062,0
DA:2063,0
DA:2069,8
DA:2073,8
DA:2074,0
DA:2075,8
DA:2078,8
DA:2080,8
DA:2081,8
DA:2082,8
DA:2084,8
DA:2088,8
DA:2089,0
DA:2090,8
DA:2093,8
DA:2095,8
DA:2096,8
DA:2097,8
DA:2099,8
DA:2100,8
DA:2101,8
DA:2102,8
DA:2103,40
DA:2105,32
DA:2106,32
DA:2107,32
DA:2109,8
DA:2111,64
DA:2113,48
DA:2114,48
DA:2115,48
DA:2117,8
DA:2119,24
DA:2121,8
DA:2122,8
DA:2123,8
DA:2125,8
DA:2127,8
DA:2132,32073
DA:2138,32081
DA:2139,32081
DA:2141,32081
DA:2143,32065
DA:2145,32065
DA:2149,73245
DA:2150,70435
DA:2152,2810
DA:2159,32065
DA:2160,32065
DA:2164,16
DA:2168,40
DA:2170,32
DA:2171,32
DA:2173,8
DA:2176,8
DA:2178,8
DA:2179,64
DA:2181,48
DA:2182,48
DA:2184,8
DA:2185,8
DA:2186,8
DA:2192,16
DA:2196,96
DA:2198,88
DA:2199,88
DA:2201,8
DA:2205,32081
DA:2211,2096
DA:2213,2096
DA:2216,2096
DA:2219,2701
DA:2221,1358
DA:2223,1358
DA:2224,1358
DA:2226,1218
DA:2227,1218
DA:2229,0
DA:2230,0
DA:2232,1218
DA:2236,140
DA:2240,1358
DA:2241,1358
DA:2242,1309
DA:2244,0
DA:2248,0
DA:2250,1358
DA:2253,0
DA:2254,0
DA:2256,1358
DA:2259,1309
DA:2260,1309
DA:2266,2096
DA:2268,2096
DA:2269,2096
DA:2270,199260
DA:2272,195068
DA:2273,195068
DA:2274,195068
DA:2276,104
DA:2281,194964
DA:2282,194964
DA:2284,0
DA:2287,194964
DA:2290,194964
DA:2291,194964
DA:2293,194964
DA:2295,194964
DA:2297,194964
DA:2298,194964
DA:2299,194964
DA:2300,194964
DA:2304,194964
DA:2305,194964
DA:2306,194964
DA:2309,194964
DA:2312,194964
DA:2313,194964
DA:2315,194964
DA:2317,0
DA:2320,194964
DA:2322,194964
DA:2323,194964
DA:2324,194964
DA:2328,2200
DA:2330,104
DA:2331,104
DA:2332,104
DA:2334,104
DA:2335,1260
DA:2337,1260
DA:2338,1260
DA:2340,104
DA:2341,104
DA:2342,104
DA:2346,104
DA:2348,8
DA:2349,8
DA:2350,8
DA:2351,8
DA:2352,8
DA:2353,8
DA:2354,8
DA:2357,2096
DA:2359,2096
DA:2360,2096
DA:2365,5092
DA:2367,5092
DA:2368,5092
DA:2369,165290
DA:2371,155106
DA:2372,155106
DA:2373,155106
DA:2375,16
DA:2380,155090
DA:2381,155090
DA:2383,0
DA:2387,155090
DA:2389,155090
DA:2390,39906
DA:2392,155090
DA:2393,155090
DA:2395,155090
DA:2397,155090
DA:2399,155090
DA:2400,155090
DA:2401,155090
DA:2402,155090
DA:2404,155090
DA:2405,155090
DA:2408,155090
DA:2409,155090
DA:2411,155090
DA:2413,0
DA:2417,155090
DA:2421,5108
DA:2423,16
DA:2424,16
DA:2425,16
DA:2427,16
DA:2428,200
DA:2430,200
DA:2431,200
DA:2433,16
DA:2434,16
DA:2435,16
DA:2439,5092
DA:2441,5092
DA:2442,5092
DA:2448,32073
DA:2450,32073
DA:2452,32073
DA:2454,586606
DA:2456,557343
DA:2458,43046
DA:2460,13783
DA:2461,0
DA:2462,0
DA:2464,13783
DA:2465,13783
DA:2468,29263
DA:2472,73245
DA:2474,70435
DA:2477,2810
DA:2478,0
DA:2480,2810
DA:2489,44
DA:2491,44
DA:2492,44
DA:2493,44
DA:2495,44
DA:2500,4
DA:2502,4
DA:2503,4
DA:2506,4
DA:2508,4
DA:2509,4
DA:2510,4
DA:2511,4
DA:2513,4
DA:2514,4
DA:2515,4
DA:2516,4
DA:2519,4
DA:2521,4
DA:2523,4
DA:2530,40
DA:2531,40
DA:2533,40
DA:2534,40
DA:2537,40
DA:2539,40
DA:2540,40
DA:2541,40
DA:2543,40
DA:2545,40
DA:2546,40
DA:2547,40
DA:2548,40
DA:2549,40
DA:2552,40
DA:2553,40
DA:2555,40
DA:2557,40
DA:2558,40
DA:2561,44
DA:2569,19829
DA:2571,19829
DA:2572,19829
DA:2573,19829
DA:2574,19829
DA:2575,19829
DA:2576,19829
DA:2577,19829
DA:2580,19829
DA:2582,19829
DA:2583,19829
DA:2584,19829
DA:2586,19829
DA:2589,57524
DA:2591,37695
DA:2597,19829
DA:2604,2075
DA:2606,2075
DA:2607,2075
DA:2608,2075
DA:2609,2075
DA:2615,1015
DA:2617,1015
DA:2618,1015
DA:2621,1015
DA:2622,1015
DA:2623,4058
DA:2630,4058
DA:2637,147
DA:2649,836
DA:2653,836
DA:2654,836
DA:2655,836
DA:2656,7553
DA:2663,7553
DA:2665,942
DA:2667,942
DA:2670,942
DA:2671,942
DA:2680,0
DA:2681,0
DA:2682,0
DA:2683,0
DA:2684,0
DA:2685,0
DA:2686,0
DA:2687,0
DA:2688,0
DA:2691,18396
DA:2692,19829
DA:2694,57524
DA:2696,37695
DA:2699,2866
DA:2700,2866
DA:2701,0
DA:2702,2866
DA:2705,2866
DA:2708,1433
DA:2710,1433
DA:2712,1433
DA:2715,34829
DA:2719,32799
DA:2721,32799
DA:2724,32799
DA:2725,32799
DA:2731,2030
DA:2733,2030
DA:2736,2030
DA:2738,2030
DA:2744,19829
DA:2745,19829
DA:2748,223174
DA:2750,183516
DA:2751,183516
DA:2752,183516
DA:2753,183516
DA:2754,183516
DA:2755,183516
DA:2756,183516
DA:2758,183516
DA:2760,183516
DA:2762,183516
DA:2765,183516
DA:2768,57524
DA:2770,37695
DA:2773,19829
DA:2779,2488
DA:2781,2488
DA:2782,2488
DA:2783,2488
DA:2784,2488
DA:2786,2488
DA:2789,10
DA:2790,10
DA:2791,10
DA:2793,10
DA:2796,2478
DA:2798,7068
DA:2800,4590
DA:2801,2114
DA:2802,2114
DA:2804,2114
DA:2806,2114
DA:2807,2114
DA:2809,2114
DA:2810,2114
DA:2812,2476
DA:2819,0
DA:2825,2478
DA:2827,0
DA:2829,2478
DA:2831,382
DA:2832,382
DA:2833,382
DA:2835,2096
DA:2837,2096
DA:2846,1290
DA:2848,1290
DA:2849,1290
DA:2852,1290
DA:2854,1290
DA:2855,1290
DA:2856,1290
DA:2859,1290
DA:2862,1290
DA:2864,1290
DA:2870,1290
DA:2872,1290
DA:2873,1290
DA:2874,1290
DA:2877,1290
DA:2880,3870
DA:2882,2580
DA:2885,2580
DA:2889,0
DA:2894,1290
DA:2896,1290
DA:2902,4653
DA:2904,4653
DA:2905,4653
DA:2908,4653
DA:2910,4653
DA:2911,4653
DA:2912,4653
DA:2915,4653
DA:2918,4653
DA:2920,4653
DA:2926,5943
DA:2928,5943
DA:2929,5943
DA:2930,5943
DA:2931,5943
DA:2932,5943
DA:2935,5943
DA:2937,5943
DA:2940,5943
DA:2941,5943
DA:2943,5943
DA:2945,6
DA:2946,6
DA:2948,6
DA:2949,6
DA:2952,6
DA:2954,6
DA:2959,5937
DA:2960,5937
DA:2964,5943
DA:2967,5943
DA:2970,5943
DA:2971,5943
DA:2975,5943
DA:2978,5943
DA:2980,5943
DA:2981,5943
DA:2986,4653
DA:2988,4653
DA:2989,4653
DA:2990,4653
DA:2993,4653
DA:2996,13959
DA:2998,9306
DA:3001,7667
DA:3002,7667
DA:3007,1639
DA:3012,4653
DA:3014,4653
DA:3020,308
DA:3022,308
DA:3023,308
DA:3024,308
DA:3025,308
DA:3028,308
DA:3030,308
DA:3031,308
DA:3032,308
DA:3035,308
DA:3038,308
DA:3041,308
DA:3044,308
DA:3046,308
DA:3052,308
DA:3054,308
DA:3055,308
DA:3058,308
DA:3060,308
DA:3063,3715
DA:3065,3099
DA:3068,2881
DA:3069,2881
DA:3070,2881
DA:3071,2881
DA:3074,2881
DA:3075,2881
DA:3078,2881
DA:3079,2881
DA:3082,2881
DA:3085,2881
DA:3088,2881
DA:3090,2881
DA:3092,218
DA:3095,218
DA:3096,218
DA:3098,218
DA:3101,218
DA:3102,218
DA:3105,218
DA:3108,218
DA:3112,3099
DA:3115,308
DA:3120,308
DA:3122,308
DA:3123,308
DA:3124,308
DA:3127,308
DA:3130,3407
DA:3132,3099
DA:3135,2881
DA:3136,2881
DA:3138,218
DA:3140,218
DA:3141,218
DA:3142,218
DA:3146,3099
DA:3151,308
DA:3153,308
DA:3159,4961
DA:3161,4961
DA:3162,4961
DA:3163,4961
DA:3164,4961
DA:3165,4961
DA:3166,4961
DA:3169,4961
DA:3172,4961
DA:3173,4961
DA:3175,340463
DA:3177,330541
DA:3178,330541
DA:3179,330541
DA:3180,330541
DA:3181,330541
DA:3182,330541
DA:3183,330541
DA:3186,330541
DA:3188,330541
DA:3191,330541
DA:3192,330541
DA:3194,330541
DA:3196,330541
DA:3198,330541
DA:3200,330541
DA:3203,1504040
DA:3205,842957
DA:3208,842957
DA:3209,842957
DA:3210,695300
DA:3214,622048
DA:3216,622048
DA:3217,622048
DA:3222,220909
DA:3225,220909
DA:3227,220557
DA:3230,104
DA:3235,220453
DA:3236,220453
DA:3238,220453
DA:3240,220453
DA:3243,352
DA:3246,352
DA:3248,352
DA:3251,842957
DA:3255,330541
DA:3256,330541
DA:3257,330541
DA:3261,17366
DA:3263,12405
DA:3265,4961
DA:3267,4961
DA:3273,1290
DA:3275,1290
DA:3276,1290
DA:3277,1290
DA:3280,5160
DA:3282,2580
DA:3288,18866
DA:3290,17576
DA:3291,17576
DA:3292,17576
DA:3293,17576
DA:3294,17576
DA:3295,17576
DA:3298,17576
DA:3300,17576
DA:3303,17576
DA:3304,17576
DA:3306,17576
DA:3308,17576
DA:3310,17576
DA:3312,17576
DA:3315,70304
DA:3317,35152
DA:3320,35152
DA:3323,32700
DA:3331,2452
DA:3337,3870
DA:3339,2580
DA:3342,1290
DA:3348,942
DA:3350,942
DA:3351,942
DA:3352,942
DA:3353,942
DA:3354,942
DA:3356,2456
DA:3362,4542
DA:3364,3028
DA:3367,572
DA:3369,2456
DA:3371,2236
DA:3372,2236
DA:3376,1514
DA:3378,0
DA:3383,1514
DA:3386,3473
DA:3388,2901
DA:3394,2656
DA:3395,1833
DA:3405,942
DA:3411,1884
DA:3413,1884
DA:3415,1884
DA:3417,6771
DA:3419,6199
DA:3420,0
DA:3422,6199
DA:3425,1312
DA:3427,370
DA:3428,0
DA:3431,1884
DA:3439,24
DA:3441,24
DA:3442,0
DA:3444,24
DA:3446,24
DA:3447,24
DA:3448,24
DA:3451,24
DA:3453,24
DA:3454,24
DA:3455,24
DA:3458,24
DA:3461,24
DA:3462,24
DA:3463,240
DA:3465,216
DA:3466,216
DA:3467,216
DA:3469,1056
DA:3470,840
DA:3472,216
DA:3474,48
DA:3475,72
DA:3476,24
DA:3479,216
DA:3480,0
DA:3483,216
DA:3486,24
DA:3487,24
DA:3488,24
DA:3489,24
DA:3490,240
DA:3492,216
DA:3493,216
DA:3495,216
DA:3496,216
DA:3497,216
DA:3498,216
DA:3499,216
DA:3501,216
DA:3504,168
DA:3505,168
DA:3506,168
DA:3507,24
DA:3508,168
DA:3509,24
DA:3511,168
DA:3512,4864
DA:3513,4696
DA:3516,168
DA:3518,168
DA:3521,168
DA:3524,168
DA:3526,168
DA:3530,24
DA:3531,24
DA:3533,24
DA:3534,24
DA:3535,264
DA:3537,216
DA:3538,216
DA:3539,216
DA:3541,216
DA:3542,216
DA:3545,192
DA:3547,216
DA:3549,48
DA:3550,48
DA:3552,96
DA:3554,48
DA:3555,48
DA:3558,48
DA:3559,48
DA:3560,48
DA:3561,48
DA:3564,48
DA:3565,4316
DA:3567,4268
DA:3569,4268
DA:3570,4268
DA:3576,4268
DA:3577,4268
DA:3578,4268
DA:3579,4268
DA:3580,4268
DA:3581,4268
DA:3583,4268
DA:3585,4268
DA:3587,4268
DA:3590,4268
DA:3593,4268
DA:3594,4268
DA:3596,48
DA:3600,240
DA:3601,216
DA:3603,24
DA:3604,24
DA:3606,24
DA:3614,8
DA:3616,8
DA:3617,0
DA:3620,8
DA:3621,8
DA:3622,8
DA:3625,8
DA:3627,8
DA:3628,8
DA:3629,8
DA:3630,8
DA:3631,16
DA:3633,8
DA:3634,8
DA:3638,8
DA:3641,8
DA:3642,8
DA:3643,8
DA:3644,8
DA:3645,48
DA:3647,40
DA:3648,40
DA:3649,40
DA:3651,120
DA:3652,80
DA:3654,40
DA:3656,8
DA:3657,8
DA:3658,0
DA:3661,40
DA:3662,0
DA:3665,40
DA:3669,8
DA:3670,8
DA:3671,40
DA:3673,32
DA:3674,32
DA:3677,8
DA:3678,16
DA:3680,8
DA:3681,8
DA:3684,8
DA:3685,0
DA:3687,8
DA:3688,8
DA:3689,48
DA:3691,40
DA:3692,40
DA:3694,40
DA:3695,40
DA:3696,40
DA:3697,40
DA:3698,40
DA:3700,40
DA:3703,32
DA:3704,32
DA:3705,32
DA:3706,8
DA:3708,32
DA:3709,294
DA:3710,262
DA:3713,32
DA:3715,32
DA:3718,32
DA:3721,32
DA:3723,32
DA:3728,48
DA:3730,40
DA:3731,40
DA:3732,40
DA:3734,40
DA:3736,8
DA:3737,8
DA:3739,16
DA:3741,8
DA:3742,8
DA:3745,8
DA:3746,8
DA:3747,8
DA:3748,8
DA:3751,8
DA:3752,188
DA:3754,180
DA:3755,180
DA:3756,180
DA:3761,180
DA:3762,180
DA:3763,180
DA:3764,180
DA:3766,180
DA:3767,180
DA:3769,180
DA:3771,180
DA:3773,180
DA:3776,180
DA:3779,180
DA:3780,180
DA:3782,8
DA:3786,48
DA:3788,40
DA:3791,8
DA:3792,8
DA:3793,8
DA:3795,8
DA:3802,2
DA:3804,2
DA:3806,2
DA:3807,0
DA:3809,2
DA:3812,2
DA:3814,2
DA:3815,2
DA:3816,2
DA:3817,2
DA:3818,4
DA:3821,2
DA:3824,2
DA:3825,2
DA:3826,2
DA:3827,2
DA:3828,12
DA:3830,10
DA:3831,10
DA:3832,10
DA:3834,10
DA:3836,10
DA:3839,8
DA:3840,8
DA:3841,8
DA:3842,2
DA:3844,8
DA:3845,28
DA:3846,20
DA:3849,8
DA:3852,8
DA:3855,8
DA:3858,8
DA:3860,8
DA:3864,2
DA:3865,2
DA:3866,14
DA:3868,10
DA:3869,10
DA:3871,10
DA:3873,2
DA:3874,2
DA:3876,4
DA:3879,2
DA:3882,2
DA:3883,2
DA:3884,2
DA:3885,2
DA:3888,2
DA:3889,10
DA:3891,8
DA:3892,8
DA:3894,8
DA:3896,8
DA:3902,0
DA:3905,0
DA:3910,8
DA:3911,8
DA:3912,8
DA:3914,8
DA:3916,8
DA:3917,8
DA:3920,8
DA:3922,8
DA:3924,8
DA:3927,8
DA:3930,8
DA:3931,8
DA:3933,2
DA:3937,12
DA:3938,10
DA:3940,2
DA:3942,2
DA:3943,2
DA:3945,2
DA:3952,2
DA:3954,2
DA:3955,2
DA:3957,2
DA:3958,0
DA:3960,2
DA:3963,2
DA:3965,2
DA:3966,2
DA:3967,2
DA:3968,2
DA:3969,4
DA:3972,2
DA:3975,2
DA:3976,2
DA:3977,2
DA:3978,2
DA:3979,2
DA:3980,20
DA:3982,18
DA:3983,18
DA:3984,18
DA:3986,18
DA:3988,32
DA:3990,14
DA:3993,14
DA:3994,14
DA:3996,14
DA:3998,12
DA:3999,2
DA:4001,14
DA:4002,52
DA:4003,38
DA:4006,14
DA:4009,14
DA:4012,14
DA:4015,14
DA:4018,14
DA:4022,2
DA:4024,2
DA:4025,2
DA:4026,22
DA:4028,18
DA:4029,18
DA:4031,18
DA:4032,18
DA:4033,18
DA:4035,18
DA:4037,4
DA:4043,4
DA:4045,4
DA:4046,4
DA:4048,4
DA:4049,4
DA:4050,4
DA:4051,4
DA:4054,4
DA:4055,20
DA:4057,32
DA:4065,16
DA:4066,16
DA:4067,16
DA:4069,16
DA:4071,16
DA:4072,16
DA:4075,16
DA:4077,16
DA:4079,16
DA:4082,16
DA:4085,16
DA:4086,16
DA:4088,4
DA:4092,20
DA:4093,18
DA:4095,2
DA:4097,2
DA:4098,2
DA:4101,2
DA:4110,36
DA:4112,36
DA:4113,36
DA:4114,36
DA:4115,36
DA:4116,36
DA:4117,36
DA:4118,36
DA:4119,36
DA:4120,36
DA:4121,36
DA:4123,36
DA:4126,36
DA:4130,36
DA:4132,10
DA:4133,8
DA:4135,2
DA:4139,26
DA:4141,26
DA:4142,24
DA:4144,2
DA:4147,0
DA:4149,0
DA:4154,0
DA:4156,0
DA:4159,0
DA:4160,0
DA:4161,0
DA:4164,0
DA:4166,0
DA:4167,0
DA:4168,0
DA:4171,0
DA:4172,0
DA:4176,0
DA:4179,0
DA:4181,0
DA:4182,0
DA:4183,0
DA:4184,0
DA:4185,0
DA:4186,0
DA:4188,0
DA:4189,0
DA:4190,0
DA:4193,0
DA:4195,0
DA:4196,0
DA:4197,0
DA:4201,0
DA:4204,0
DA:4205,0
DA:4207,0
DA:4208,0
DA:4210,0
DA:4211,0
DA:4212,0
DA:4213,0
DA:4214,0
DA:4216,0
DA:4218,0
DA:4221,0
DA:4224,0
DA:4225,0
DA:4231,0
DA:4233,0
DA:4234,0
DA:4235,0
DA:4238,0
DA:4239,0
DA:4242,0
DA:4244,0
DA:4247,0
DA:4250,0
DA:4251,0
DA:4252,0
DA:4258,0
DA:4260,0
DA:4261,0
DA:4264,0
DA:4266,0
DA:4267,0
DA:4268,0
DA:4269,0
DA:4270,0
DA:4272,0
DA:4273,0
DA:4275,0
DA:4277,0
DA:4278,0
DA:4280,0
DA:4281,0
DA:4282,0
DA:4283,0
DA:4285,0
DA:4287,0
DA:4289,0
DA:4292,0
DA:4295,0
DA:4296,0
DA:4298,0
DA:4305,0
DA:4307,0
DA:4308,0
DA:4311,0
DA:4313,0
DA:4314,0
DA:4315,0
DA:4316,0
DA:4317,0
DA:4319,0
DA:4320,0
DA:4322,0
DA:4324,0
DA:4325,0
DA:4326,0
DA:4328,0
DA:4330,0
DA:4331,0
DA:4332,0
DA:4334,0
DA:4336,0
DA:4338,0
DA:4341,0
DA:4344,0
DA:4345,0
DA:4347,0
DA:4350,0
DA:4352,0
DA:4356,0
DA:4357,0
end_of_record
TN:
SF:/workspace/vtr-verilog-to-routing/ODIN_II/SRC/ast_optimizations.c
FN:49,optimizations_on_AST
FNDA:270,optimizations_on_AST
FN:59,reduceAST_traverse_node
FNDA:415062,reduceAST_traverse_node
FN:116,constantFold
FNDA:177972,constantFold
DA:49,270
DA:52,270
DA:53,270
DA:54,270
DA:59,415062
DA:61,415062
DA:62,415062
DA:63,415062
DA:64,415062
DA:66,415062
DA:73,285742
DA:76,285742
DA:80,285742
DA:83,700534
DA:86,414792
DA:97,700534
DA:99,414792
DA:100,0
DA:102,285742
DA:103,285742
DA:116,177972
DA:118,177972
DA:119,177972
DA:120,177972
DA:121,177972
DA:123,177972
DA:130,177972
DA:132,60589
DA:136,60589
DA:137,60589
DA:140,60589
DA:142,44550
DA:143,44550
DA:145,44550
DA:146,44550
DA:149,89
DA:150,89
DA:152,89
DA:153,89
DA:156,0
DA:157,0
DA:159,0
DA:160,0
DA:163,13523
DA:164,13523
DA:166,13523
DA:167,13523
DA:170,2427
DA:171,2427
DA:172,2427
DA:173,2427
DA:176,60589
DA:179,60589
DA:180,60589
DA:184,0
DA:185,0
DA:193,177972
DA:196,329726
DA:199,151754
DA:203,177972
DA:205,7748
DA:206,7748
DA:207,12
DA:210,12
DA:211,12
DA:213,12
DA:216,12
DA:218,0
DA:219,0
DA:220,0
DA:221,12
DA:222,12
DA:223,12
DA:224,0
DA:225,0
DA:226,0
DA:231,12
DA:233,12
DA:235,12
DA:236,12
DA:239,12
DA:242,12
DA:245,12
DA:249,48039
DA:250,48039
DA:251,15827
DA:252,15414
DA:253,15414
DA:256,15414
DA:257,15414
DA:259,15414
DA:262,15414
DA:264,95
DA:265,95
DA:266,95
DA:267,13451
DA:268,13451
DA:269,13451
DA:270,1851
DA:271,1851
DA:272,1851
DA:273,0
DA:274,0
DA:275,0
DA:276,0
DA:277,0
DA:278,0
DA:279,0
DA:280,0
DA:281,0
DA:282,0
DA:283,0
DA:284,0
DA:285,0
DA:286,0
DA:287,0
DA:288,0
DA:289,0
DA:290,0
DA:291,9
DA:292,9
DA:293,9
DA:294,8
DA:295,8
DA:296,8
DA:297,0
DA:298,0
DA:299,0
DA:300,0
DA:301,0
DA:302,0
DA:307,15414
DA:309,15414
DA:311,15414
DA:312,15414
DA:315,15414
DA:318,15414
DA:321,15414
DA:330,329726
DA:332,151754
DA:333,60589
DA:335,177972
DA:336,177972
DA:338,177972
DA:340,15426
end_of_record
TN:
SF:/workspace/vtr-verilog-to-routing/ODIN_II/SRC/high_level_data.c
FN:25,add_tag_data
FNDA:0,add_tag_data
FN:38,update_tree
FNDA:0,update_tree
FN:103,update_tag
FNDA:0,update_tag
FN:122,generate_tag
FNDA:0,generate_tag
FN:134,get_linenumber
FNDA:0,get_linenumber
DA:25,0
DA:27,0
DA:29,0
DA:31,0
DA:33,0
DA:38,0
DA:40,0
DA:41,0
DA:42,0
DA:44,0
DA:47,0
DA:49,0
DA:52,0
DA:53,0
DA:54,0
DA:55,0
DA:58,0
DA:60,0
DA:64,0
DA:66,0
DA:69,0
DA:70,0
DA:71,0
DA:72,0
DA:75,0
DA:77,0
DA:81,0
DA:83,0
DA:86,0
DA:87,0
DA:88,0
DA:89,0
DA:92,0
DA:94,0
DA:103,0
DA:105,0
DA:106,0
DA:109,0
DA:110,0
DA:112,0
DA:114,0
DA:122,0
DA:124,0
DA:125,0
DA:126,0
DA:128,0
DA:134,0
DA:136,0
end_of_record
TN:
SF:/workspace/vtr-verilog-to-routing/ODIN_II/SRC/ast_util.c
FN:42,create_node_w_type
FNDA:304759,create_node_w_type
FN:69,free_child_in_tree
FNDA:16142,free_child_in_tree
FN:107,free_ast_node
FNDA:15426,free_ast_node
FN:143,free_ast_node_only
FNDA:0,free_ast_node_only
FN:168,create_tree_node_id
FNDA:96896,create_tree_node_id
FN:179,create_tree_node_long_long_number
FNDA:15426,create_tree_node_long_long_number
FN:205,create_tree_node_number
FNDA:61417,create_tree_node_number
FN:323,allocate_children_to_node
FNDA:128139,allocate_children_to_node
FN:344,add_child_to_node
FNDA:61185,add_child_to_node
FN:355,get_range
FNDA:28406,get_range
FN:384,make_concat_into_list_of_strings
FNDA:105,make_concat_into_list_of_strings
FN:499,get_name_of_var_declare_at_bit
FNDA:221860,get_name_of_var_declare_at_bit
FN:528,get_name_of_pin_at_bit
FNDA:229941,get_name_of_pin_at_bit
FN:630,get_name_of_pins_number
FNDA:45631,get_name_of_pins_number
FN:662,get_name_of_pins
FNDA:131439,get_name_of_pins
FN:800,get_name_of_pins_with_prefix
FNDA:131439,get_name_of_pins_with_prefix
FN:825,resolve_node
FNDA:284501,resolve_node
FN:888,make_module_param_name
FNDA:1024,make_module_param_name
DA:42,304759
DA:44,304759
DA:46,304759
DA:48,304759
DA:49,304759
DA:50,304759
DA:52,304759
DA:53,304759
DA:55,304759
DA:56,304759
DA:57,304759
DA:59,304759
DA:60,304759
DA:62,304759
DA:69,16142
DA:71,16142
DA:72,16142
DA:74,16142
DA:78,16142
DA:80,0
DA:83,16142
DA:84,0
DA:86,16142
DA:88,0
DA:89,0
DA:90,0
DA:92,16142
DA:93,16142
DA:94,15889
DA:100,16142
DA:101,16142
DA:107,15426
DA:109,15426
DA:111,15426
DA:115,24219
DA:117,16142
DA:120,8077
DA:121,8077
DA:123,8077
DA:125,0
DA:126,0
DA:127,0
DA:129,0
DA:130,0
DA:131,0
DA:137,8077
DA:143,0
DA:145,0
DA:146,0
DA:148,0
DA:150,0
DA:151,0
DA:152,0
DA:154,0
DA:155,0
DA:156,0
DA:162,0
DA:163,0
DA:168,96896
DA:170,96896
DA:171,96896
DA:173,96896
DA:179,15426
DA:181,15426
DA:182,15426
DA:183,15426
DA:184,15426
DA:186,15426
DA:188,35
DA:189,35
DA:192,15426
DA:193,15426
DA:195,15426
DA:196,15426
DA:197,35
DA:199,15426
DA:205,61417
DA:207,61417
DA:208,61417
DA:209,61417
DA:210,61417
DA:211,61417
DA:214,200862
DA:216,91254
DA:220,78028
DA:223,61417
DA:225,48191
DA:227,48191
DA:229,48191
DA:232,48191
DA:234,48191
DA:239,13226
DA:241,9
DA:242,9
DA:243,9
DA:244,219
DA:245,219
DA:246,219
DA:247,1
DA:248,1
DA:249,1
DA:250,12997
DA:251,12997
DA:252,12997
DA:254,0
DA:258,13226
DA:259,13226
DA:261,13226
DA:262,13226
DA:265,13226
DA:268,13226
DA:272,61417
DA:275,13226
DA:280,48191
DA:282,31125
DA:286,17066
DA:290,61417
DA:292,48200
DA:294,48200
DA:295,48200
DA:296,48200
DA:297,219
DA:298,219
DA:299,219
DA:301,219
DA:302,219
DA:303,1
DA:304,1
DA:305,1
DA:307,1
DA:308,1
DA:309,12997
DA:311,12997
DA:313,12997
DA:314,12997
DA:317,61417
DA:323,128139
DA:325,128139
DA:326,128139
DA:329,128139
DA:330,128139
DA:333,128139
DA:335,461436
DA:337,333297
DA:339,128139
DA:344,61185
DA:347,61185
DA:348,61185
DA:349,61185
DA:350,61185
DA:355,28406
DA:357,28406
DA:359,28406
DA:362,16830
DA:363,16830
DA:364,16830
DA:367,0
DA:370,0
DA:371,0
DA:372,0
DA:375,16830
DA:384,105
DA:386,105
DA:387,105
DA:389,105
DA:390,105
DA:393,422
DA:395,317
DA:397,0
DA:401,422
DA:403,317
DA:405,200
DA:406,200
DA:408,200
DA:410,0
DA:412,200
DA:414,200
DA:416,17
DA:417,17
DA:418,17
DA:420,183
DA:423,183
DA:424,183
DA:425,183
DA:427,2133
DA:429,1950
DA:430,1950
DA:431,1950
DA:434,0
DA:436,0
DA:440,117
DA:442,38
DA:443,38
DA:444,38
DA:446,79
DA:448,67
DA:449,67
DA:450,67
DA:451,67
DA:452,67
DA:456,782
DA:458,715
DA:459,715
DA:460,715
DA:461,715
DA:464,12
DA:466,12
DA:468,0
DA:472,795
DA:474,783
DA:475,783
DA:476,783
DA:479,0
DA:482,0
DA:484,0
DA:485,0
DA:486,0
DA:490,0
DA:493,105
DA:499,221860
DA:501,221860
DA:504,221860
DA:506,4210
DA:507,4210
DA:509,217650
DA:511,217650
DA:512,217650
DA:514,0
DA:516,0
DA:518,0
DA:521,221860
DA:528,229941
DA:530,229941
DA:531,229941
DA:533,229941
DA:535,327
DA:536,327
DA:537,327
DA:539,229614
DA:541,2462
DA:542,2462
DA:543,2462
DA:544,2462
DA:545,2462
DA:547,2462
DA:549,227152
DA:551,4033
DA:553,223119
DA:555,218199
DA:556,218199
DA:558,218199
DA:560,0
DA:561,0
DA:564,218199
DA:568,218199
DA:570,218199
DA:571,218199
DA:574,0
DA:576,218199
DA:578,4920
DA:580,906
DA:581,11
DA:583,906
DA:584,906
DA:586,187
DA:587,187
DA:589,719
DA:591,719
DA:592,719
DA:596,0
DA:597,0
DA:600,4014
DA:602,4014
DA:604,0
DA:605,0
DA:609,4014
DA:612,92
DA:615,4014
DA:616,4014
DA:621,0
DA:623,0
DA:624,0
DA:627,229941
DA:630,45631
DA:632,45631
DA:633,45631
DA:635,45631
DA:636,45631
DA:637,519510
DA:640,473879
DA:642,473879
DA:643,473879
DA:645,50172
DA:646,423707
DA:647,0
DA:652,0
DA:654,45631
DA:662,131439
DA:664,131439
DA:665,131439
DA:666,131439
DA:668,131439
DA:669,131439
DA:671,131439
DA:673,10950
DA:674,10950
DA:675,10950
DA:676,10950
DA:677,10950
DA:678,10950
DA:680,120489
DA:682,4715
DA:683,4715
DA:684,4715
DA:685,4715
DA:686,4715
DA:687,4715
DA:689,4715
DA:690,99215
DA:691,94500
DA:695,0
DA:696,0
DA:699,115774
DA:702,70858
DA:703,70858
DA:706,70858
DA:708,70858
DA:710,70130
DA:712,70130
DA:714,0
DA:716,70130
DA:718,70130
DA:720,70130
DA:722,16598
DA:723,16598
DA:724,16598
DA:726,53532
DA:728,53532
DA:729,53532
DA:730,53532
DA:731,53532
DA:732,53532
DA:733,53532
DA:734,1369940
DA:736,2632820
DA:737,1316410
DA:738,1316410
DA:741,0
DA:743,0
DA:753,728
DA:754,728
DA:755,728
DA:758,44916
DA:760,44903
DA:761,44903
DA:763,13
DA:765,13
DA:767,0
DA:771,13
DA:774,13
DA:777,13
DA:778,13
DA:779,102
DA:781,89
DA:782,89
DA:788,0
DA:791,131439
DA:792,131439
DA:794,131439
DA:800,131439
DA:802,131439
DA:803,131439
DA:806,131439
DA:808,2175300
DA:810,1912430
DA:813,131439
DA:825,284501
DA:827,284501
DA:829,284501
DA:830,284501
DA:831,284501
DA:832,284501
DA:834,284501
DA:835,284501
DA:836,284501
DA:837,284501
DA:839,299199
DA:841,14698
DA:844,284501
DA:846,81234
DA:847,81234
DA:848,81234
DA:849,81234
DA:850,81234
DA:851,81234
DA:852,81234
DA:854,6389
DA:855,6389
DA:859,7349
DA:860,7349
DA:861,7349
DA:862,7349
DA:863,7349
DA:865,7349
DA:866,7349
DA:867,7349
DA:875,284501
DA:876,284501
DA:878,284501
DA:888,1024
DA:890,1024
DA:891,1024
DA:893,1024
DA:895,0
DA:896,0
DA:897,0
DA:898,0
DA:900,0
DA:902,0
DA:906,1024
end_of_record
SF:/usr/include/stdlib.h
DA:361,13226
DA:363,13226
end_of_record
SF:/usr/include/x86_64-linux-gnu/bits/stdio2.h
DA:34,5009
DA:36,5009
end_of_record
SF:/usr/include/x86_64-linux-gnu/bits/string_fortified.h
DA:31,284501
DA:34,284501
DA:88,1024
DA:90,1024
DA:126,0
DA:128,0
end_of_record
TN:
SF:/usr/include/x86_64-linux-gnu/bits/stdio2.h
DA:34,0
DA:36,0
DA:98,0
DA:100,0
DA:105,270
DA:107,270
DA:255,0
DA:257,0
DA:259,0
DA:262,0
DA:265,0
end_of_record
SF:/workspace/vtr-verilog-to-routing/ODIN_II/SRC/parse_making_ast.c
FN:63,graphVizOutputPreproc
FNDA:0,graphVizOutputPreproc
FN:92,parse_to_ast
FNDA:270,parse_to_ast
FN:198,cleanup_hard_blocks
FNDA:270,cleanup_hard_blocks
FN:222,init_parser
FNDA:270,init_parser
FN:245,cleanup_parser
FNDA:270,cleanup_parser
FN:264,init_parser_for_file
FNDA:270,init_parser_for_file
FN:278,clean_up_parser_for_file
FNDA:0,clean_up_parser_for_file
FN:287,next_parsed_verilog_file
FNDA:270,next_parsed_verilog_file
FN:313,newSymbolNode
FNDA:96896,newSymbolNode
FN:344,newNumberNode
FNDA:61417,newNumberNode
FN:353,newList
FNDA:29332,newList
FN:366,newList_entry
FNDA:60687,newList_entry
FN:379,newListReplicate
FNDA:17,newListReplicate
FN:401,markAndProcessSymbolListWith
FNDA:20004,markAndProcessSymbolListWith
FN:532,newArrayRef
FNDA:7232,newArrayRef
FN:547,newRangeRef
FNDA:2022,newRangeRef
FN:564,newBinaryOperation
FNDA:17716,newBinaryOperation
FN:588,newUnaryOperation
FNDA:1153,newUnaryOperation
FN:612,newNegedgeSymbol
FNDA:11,newNegedgeSymbol
FN:627,newPosedgeSymbol
FNDA:1123,newPosedgeSymbol
FN:642,newCaseItem
FNDA:1696,newCaseItem
FN:655,newDefaultCase
FNDA:119,newDefaultCase
FN:668,newNonBlocking
FNDA:11278,newNonBlocking
FN:681,newBlocking
FNDA:7869,newBlocking
FN:694,newIf
FNDA:2766,newIf
FN:707,newIfQuestion
FNDA:791,newIfQuestion
FN:719,newCase
FNDA:183,newCase
FN:732,newAlways
FNDA:1297,newAlways
FN:745,newModuleConnection
FNDA:10540,newModuleConnection
FN:768,newModuleParameter
FNDA:0,newModuleParameter
FN:802,newModuleNamedInstance
FNDA:1060,newModuleNamedInstance
FN:817,newHardBlockInstance
FNDA:36,newHardBlockInstance
FN:837,newModuleInstance
FNDA:1060,newModuleInstance
FN:892,newGateInstance
FNDA:44,newGateInstance
FN:912,newGate
FNDA:44,newGate
FN:927,newAssign
FNDA:3832,newAssign
FN:940,newVarDeclare
FNDA:26323,newVarDeclare
FN:957,newModule
FNDA:631,newModule
FN:995,next_module
FNDA:631,next_module
FN:1018,newDefparam
FNDA:0,newDefparam
FN:1027,newConstant
FNDA:0,newConstant
FN:1056,graphVizOutputAst
FNDA:0,graphVizOutputAst
FN:1081,graphVizOutputAst_traverse_node
FNDA:0,graphVizOutputAst_traverse_node
DA:63,0
DA:65,0
DA:66,0
DA:67,0
DA:70,0
DA:71,0
DA:72,0
DA:73,0
DA:76,0
DA:77,0
DA:79,0
DA:80,0
DA:81,0
DA:82,0
DA:83,0
DA:84,0
DA:85,0
DA:86,0
DA:92,270
DA:94,270
DA:95,270
DA:96,270
DA:99,270
DA:102,270
DA:105,270
DA:108,270
DA:109,270
DA:110,270
DA:112,270
DA:113,270
DA:115,0
DA:119,270
DA:120,270
DA:121,270
DA:124,270
DA:125,0
DA:128,270
DA:131,270
DA:133,270
DA:135,270
DA:137,270
DA:139,0
DA:142,0
DA:144,0
DA:145,0
DA:147,0
DA:151,0
DA:152,0
DA:153,0
DA:156,0
DA:157,0
DA:160,0
DA:163,0
DA:166,0
DA:168,0
DA:170,0
DA:172,0
DA:177,270
DA:180,270
DA:181,270
DA:198,270
DA:200,270
DA:201,270
DA:203,306
DA:205,36
DA:206,36
DA:207,36
DA:208,36
DA:209,36
DA:211,320
DA:213,284
DA:216,270
DA:222,270
DA:224,270
DA:226,270
DA:229,270
DA:230,270
DA:231,270
DA:232,270
DA:233,270
DA:234,270
DA:235,270
DA:238,270
DA:239,270
DA:240,270
DA:245,270
DA:247,270
DA:250,270
DA:252,901
DA:254,631
DA:257,270
DA:259,270
DA:264,270
DA:267,270
DA:268,270
DA:271,270
DA:272,270
DA:273,270
DA:278,270
DA:281,270
DA:282,0
DA:287,270
DA:289,270
DA:291,270
DA:292,270
DA:294,270
DA:297,0
DA:299,0
DA:300,0
DA:305,270
DA:306,270
DA:307,270
DA:308,270
DA:313,96896
DA:315,96896
DA:316,96896
DA:318,96896
DA:324,0
DA:326,0
DA:330,0
DA:335,96896
DA:338,96896
DA:344,61417
DA:346,61417
DA:347,61417
DA:353,29332
DA:356,29332
DA:358,29332
DA:360,29332
DA:366,60687
DA:369,60687
DA:371,60687
DA:379,17
DA:382,17
DA:384,17
DA:387,17
DA:389,17
DA:390,532
DA:392,498
DA:395,17
DA:401,20004
DA:403,20004
DA:404,20004
DA:405,20004
DA:406,20004
DA:408,46327
DA:411,26323
DA:413,26323
DA:415,14781
DA:416,14781
DA:419,26323
DA:421,11139
DA:422,11139
DA:425,26323
DA:427,6007
DA:429,6007
DA:431,6007
DA:434,6007
DA:436,3862
DA:437,3862
DA:438,3862
DA:440,6007
DA:442,2145
DA:443,2145
DA:444,2145
DA:447,6007
DA:449,0
DA:453,85
DA:455,85
DA:456,85
DA:458,61
DA:462,61
DA:465,28
DA:466,28
DA:467,28
DA:469,0
DA:473,28
DA:478,85
DA:480,0
DA:481,0
DA:482,0
DA:485,85
DA:487,85
DA:489,85
DA:490,85
DA:492,3862
DA:493,3862
DA:495,3862
DA:497,0
DA:500,3862
DA:501,3862
DA:502,2160
DA:503,2160
DA:505,2160
DA:507,0
DA:510,2160
DA:511,2160
DA:512,0
DA:513,0
DA:514,0
DA:515,0
DA:516,7476
DA:517,7476
DA:518,7476
DA:519,6733
DA:520,6733
DA:521,6733
DA:523,26323
DA:527,20004
DA:532,7232
DA:535,7232
DA:537,7232
DA:539,7232
DA:541,7232
DA:547,2022
DA:550,2022
DA:552,2022
DA:554,2022
DA:556,2022
DA:558,2022
DA:564,17716
DA:566,17716
DA:568,17716
DA:570,17716
DA:572,17716
DA:575,17716
DA:576,17716
DA:578,8065
DA:579,8065
DA:582,17716
DA:588,1153
DA:590,1153
DA:592,1153
DA:594,1153
DA:596,1153
DA:599,1153
DA:600,1153
DA:602,12
DA:603,12
DA:606,1153
DA:612,11
DA:615,11
DA:617,11
DA:619,11
DA:621,11
DA:627,1123
DA:630,1123
DA:632,1123
DA:634,1123
DA:636,1123
DA:642,1696
DA:645,1696
DA:647,1696
DA:649,1696
DA:655,119
DA:658,119
DA:660,119
DA:662,119
DA:668,11278
DA:671,11278
DA:673,11278
DA:675,11278
DA:681,7869
DA:684,7869
DA:686,7869
DA:688,7869
DA:694,2766
DA:697,2766
DA:699,2766
DA:701,2766
DA:707,791
DA:710,791
DA:712,791
DA:714,791
DA:719,183
DA:722,183
DA:724,183
DA:726,183
DA:732,1297
DA:735,1297
DA:737,1297
DA:739,1297
DA:745,10540
DA:747,10540
DA:749,10540
DA:750,10540
DA:752,6059
DA:760,10540
DA:762,10540
DA:768,0
DA:770,0
DA:772,0
DA:773,0
DA:775,0
DA:776,0
DA:783,0
DA:785,0
DA:791,0
DA:794,0
DA:796,0
DA:802,1060
DA:804,1060
DA:807,1060
DA:809,1060
DA:811,1060
DA:817,36
DA:819,36
DA:822,36
DA:824,36
DA:827,36
DA:828,36
DA:829,36
DA:831,36
DA:837,1060
DA:840,1060
DA:841,1060
DA:842,1060
DA:843,1028
DA:844,1026
DA:847,36
DA:852,1024
DA:853,1024
DA:854,1024
DA:857,1024
DA:860,0
DA:861,0
DA:866,0
DA:867,0
DA:868,0
DA:869,0
DA:870,0
DA:871,0
DA:872,0
DA:877,1024
DA:879,1024
DA:882,1024
DA:883,1024
DA:884,1024
DA:886,1024
DA:892,44
DA:895,44
DA:896,44
DA:898,44
DA:900,0
DA:904,44
DA:906,44
DA:912,44
DA:915,44
DA:917,44
DA:919,44
DA:921,44
DA:927,3832
DA:930,3832
DA:932,3832
DA:934,3832
DA:940,26323
DA:942,26323
DA:945,26323
DA:948,26323
DA:950,26323
DA:957,631
DA:959,631
DA:960,631
DA:963,631
DA:965,631
DA:967,631
DA:970,631
DA:971,631
DA:972,631
DA:973,631
DA:976,631
DA:977,631
DA:979,631
DA:981,0
DA:984,631
DA:987,631
DA:989,631
DA:995,631
DA:997,631
DA:1000,631
DA:1001,631
DA:1004,631
DA:1005,631
DA:1008,631
DA:1009,631
DA:1011,631
DA:1012,631
DA:1013,631
DA:1018,0
DA:1020,0
DA:1021,0
DA:1022,0
DA:1027,0
DA:1029,0
DA:1030,0
DA:1034,0
DA:1036,0
DA:1039,0
DA:1041,0
DA:1042,0
DA:1056,0
DA:1058,0
DA:1059,0
DA:1060,0
DA:1063,0
DA:1064,0
DA:1065,0
DA:1068,0
DA:1069,0
DA:1071,0
DA:1074,0
DA:1075,0
DA:1076,0
DA:1081,0
DA:1083,0
DA:1084,0
DA:1087,0
DA:1089,0
DA:1095,0
DA:1098,0
DA:1101,0
DA:1104,0
DA:1106,0
DA:1108,0
DA:1109,0
DA:1111,0
DA:1113,0
DA:1115,0
DA:1117,0
DA:1119,0
DA:1121,0
DA:1123,0
DA:1125,0
DA:1127,0
DA:1129,0
DA:1131,0
DA:1133,0
DA:1135,0
DA:1137,0
DA:1139,0
DA:1141,0
DA:1144,0
DA:1147,0
DA:1150,0
DA:1153,0
DA:1156,0
DA:1159,0
DA:1162,0
DA:1165,0
DA:1168,0
DA:1171,0
DA:1174,0
DA:1177,0
DA:1180,0
DA:1183,0
DA:1186,0
DA:1189,0
DA:1192,0
DA:1195,0
DA:1198,0
DA:1201,0
DA:1204,0
DA:1207,0
DA:1210,0
DA:1213,0
DA:1216,0
DA:1219,0
DA:1221,0
DA:1222,0
DA:1225,0
DA:1228,0
DA:1231,0
DA:1234,0
DA:1237,0
DA:1240,0
DA:1243,0
DA:1246,0
DA:1249,0
DA:1252,0
DA:1255,0
DA:1258,0
DA:1261,0
DA:1264,0
DA:1267,0
DA:1270,0
DA:1273,0
DA:1276,0
DA:1279,0
DA:1282,0
DA:1285,0
DA:1288,0
DA:1291,0
DA:1294,0
DA:1297,0
DA:1303,0
DA:1304,0
DA:1307,0
DA:1310,0
DA:1313,0
DA:1316,0
DA:1319,0
DA:1322,0
DA:1325,0
DA:1328,0
DA:1331,0
DA:1334,0
DA:1341,0
DA:1344,0
DA:1347,0
DA:1349,0
DA:1350,0
DA:1352,0
DA:1353,0
DA:1355,0
DA:1356,0
DA:1358,0
DA:1359,0
DA:1361,0
DA:1362,0
DA:1364,0
DA:1365,0
DA:1367,0
DA:1368,0
DA:1373,0
DA:1377,0
DA:1380,0
DA:1381,0
DA:1383,0
DA:1385,0
DA:1388,0
end_of_record
TN:
SF:/workspace/vtr-verilog-to-routing/ODIN_II/SRC/outputs.c
FN:41,output_top
FNDA:270,output_top
DA:41,270
DA:43,270
DA:49,270
end_of_record
TN:
SF:/usr/include/stdlib.h
DA:361,0
DA:363,0
end_of_record
SF:/workspace/vtr-verilog-to-routing/ODIN_II/SRC/read_xml_config_file.c
FN:47,read_config_file
FNDA:0,read_config_file
FN:96,read_verilog_files
FNDA:0,read_verilog_files
FN:121,read_outputs
FNDA:0,read_outputs
FN:167,read_debug_switches
FNDA:0,read_debug_switches
FN:217,set_default_optimization_settings
FNDA:0,set_default_optimization_settings
FN:231,read_optimizations
FNDA:0,read_optimizations
DA:47,0
DA:49,0
DA:52,0
DA:53,0
DA:55,0
DA:57,0
DA:58,0
DA:62,0
DA:65,0
DA:66,0
DA:67,0
DA:70,0
DA:71,0
DA:72,0
DA:75,0
DA:76,0
DA:77,0
DA:79,0
DA:80,0
DA:84,0
DA:85,0
DA:86,0
DA:89,0
DA:90,0
DA:96,0
DA:98,0
DA:99,0
DA:101,0
DA:102,0
DA:104,0
DA:106,0
DA:107,0
DA:108,0
DA:110,0
DA:111,0
DA:112,0
DA:113,0
DA:115,0
DA:121,0
DA:123,0
DA:125,0
DA:126,0
DA:128,0
DA:129,0
DA:130,0
DA:133,0
DA:134,0
DA:136,0
DA:137,0
DA:138,0
DA:141,0
DA:142,0
DA:144,0
DA:146,0
DA:147,0
DA:150,0
DA:152,0
DA:153,0
DA:155,0
DA:156,0
DA:157,0
DA:159,0
DA:161,0
DA:167,0
DA:169,0
DA:171,0
DA:172,0
DA:174,0
DA:175,0
DA:176,0
DA:179,0
DA:180,0
DA:182,0
DA:183,0
DA:184,0
DA:187,0
DA:188,0
DA:190,0
DA:191,0
DA:192,0
DA:195,0
DA:196,0
DA:198,0
DA:199,0
DA:200,0
DA:203,0
DA:204,0
DA:206,0
DA:207,0
DA:208,0
DA:211,0
DA:217,0
DA:219,0
DA:220,0
DA:221,0
DA:222,0
DA:223,0
DA:224,0
DA:225,0
DA:231,0
DA:233,0
DA:234,0
DA:236,0
DA:237,0
DA:239,0
DA:240,0
DA:242,0
DA:243,0
DA:246,0
DA:248,0
DA:249,0
DA:251,0
DA:252,0
DA:255,0
DA:257,0
DA:258,0
DA:260,0
DA:261,0
DA:264,0
DA:266,0
DA:267,0
DA:269,0
DA:270,0
DA:273,0
DA:274,0
DA:277,0
DA:278,0
DA:280,0
DA:281,0
DA:283,0
DA:284,0
DA:287,0
DA:289,0
DA:290,0
DA:292,0
DA:293,0
DA:294,0
DA:295,0
DA:297,0
DA:298,0
DA:301,0
DA:303,0
DA:306,0
end_of_record
SF:/usr/include/x86_64-linux-gnu/bits/stdio2.h
DA:105,0
DA:107,0
end_of_record
TN:
SF:/workspace/vtr-verilog-to-routing/ODIN_II/SRC/implicit_memory.c
FN:37,lookup_implicit_memory
FNDA:44681,lookup_implicit_memory
FN:46,lookup_implicit_memory_reference_ast
FNDA:64178,lookup_implicit_memory_reference_ast
FN:59,is_valid_implicit_memory_reference_ast
FNDA:16,is_valid_implicit_memory_reference_ast
FN:71,create_implicit_memory_block
FNDA:8,create_implicit_memory_block
FN:108,add_input_port_to_implicit_memory
FNDA:56,add_input_port_to_implicit_memory
FN:118,add_output_port_to_implicit_memory
FNDA:8,add_output_port_to_implicit_memory
FN:128,lookup_implicit_memory_input
FNDA:570971,lookup_implicit_memory_input
FN:137,register_implicit_memory_input
FNDA:120,register_implicit_memory_input
FN:148,init_implicit_memory_index
FNDA:270,init_implicit_memory_index
FN:159,free_implicit_memory_index_and_finalize_memories
FNDA:270,free_implicit_memory_index_and_finalize_memories
FN:185,add_dummy_input_port_to_implicit_memory
FNDA:0,add_dummy_input_port_to_implicit_memory
FN:201,add_dummy_output_port_to_implicit_memory
FNDA:8,add_dummy_output_port_to_implicit_memory
FN:224,finalize_implicit_memory
FNDA:8,finalize_implicit_memory
FN:321,collapse_implicit_memory_to_single_port_ram
FNDA:0,collapse_implicit_memory_to_single_port_ram
DA:37,44681
DA:39,44681
DA:40,44681
DA:46,64178
DA:48,64178
DA:49,1634
DA:50,62544
DA:51,43047
DA:59,16
DA:61,16
DA:62,16
DA:65,0
DA:71,8
DA:73,8
DA:74,32
DA:75,24
DA:77,8
DA:78,0
DA:80,8
DA:81,8
DA:82,8
DA:85,8
DA:86,8
DA:87,8
DA:88,8
DA:90,8
DA:92,8
DA:93,8
DA:94,8
DA:95,8
DA:96,8
DA:97,8
DA:98,8
DA:100,8
DA:102,8
DA:108,56
DA:110,56
DA:112,56
DA:113,56
DA:118,16
DA:120,16
DA:122,8
DA:123,8
DA:128,570971
DA:130,570971
DA:137,120
DA:139,120
DA:140,120
DA:142,0
DA:143,120
DA:148,270
DA:150,270
DA:151,270
DA:152,270
DA:159,270
DA:161,270
DA:163,270
DA:164,270
DA:167,270
DA:169,270
DA:171,270
DA:172,548
DA:173,8
DA:175,270
DA:176,270
DA:177,270
DA:179,270
DA:185,0
DA:187,0
DA:188,0
DA:189,0
DA:190,0
DA:192,0
DA:194,0
DA:195,0
DA:201,8
DA:203,8
DA:204,8
DA:205,8
DA:206,64
DA:208,48
DA:210,48
DA:211,48
DA:214,8
DA:216,8
DA:217,8
DA:224,8
DA:226,8
DA:228,8
DA:229,8
DA:230,8
DA:231,8
DA:232,8
DA:233,8
DA:234,8
DA:235,8
DA:236,8
DA:239,8
DA:240,192
DA:242,184
DA:243,184
DA:245,152
DA:247,120
DA:249,72
DA:251,24
DA:253,16
DA:255,8
DA:256,8
DA:260,56
DA:262,48
DA:263,48
DA:265,0
DA:266,0
DA:269,8
DA:271,0
DA:272,0
DA:275,8
DA:276,8
DA:278,8
DA:280,8
DA:281,8
DA:282,8
DA:283,8
DA:286,8
DA:288,8
DA:289,8
DA:290,8
DA:291,8
DA:294,8
DA:295,0
DA:304,8
DA:305,8
DA:306,8
DA:307,8
DA:309,4
DA:310,4
DA:312,8
DA:321,0
DA:323,0
DA:327,0
DA:328,0
DA:330,0
DA:331,0
DA:332,0
DA:337,0
DA:339,0
DA:340,0
DA:343,0
DA:344,0
DA:345,0
end_of_record
TN:
SF:/workspace/vtr-verilog-to-routing/ODIN_II/SRC/print_netlist.c
FN:38,print_netlist_for_checking
FNDA:0,print_netlist_for_checking
FN:299,function_to_print_node_and_its_pin
FNDA:0,function_to_print_node_and_its_pin
DA:38,0
DA:40,0
DA:41,0
DA:42,0
DA:43,0
DA:46,0
DA:48,0
DA:49,0
DA:50,0
DA:51,0
DA:52,0
DA:53,0
DA:55,0
DA:57,0
DA:59,0
DA:60,0
DA:61,0
DA:64,0
DA:65,0
DA:67,0
DA:69,0
DA:71,0
DA:72,0
DA:73,0
DA:76,0
DA:77,0
DA:78,0
DA:79,0
DA:81,0
DA:86,0
DA:87,0
DA:88,0
DA:89,0
DA:90,0
DA:91,0
DA:93,0
DA:95,0
DA:97,0
DA:98,0
DA:99,0
DA:101,0
DA:102,0
DA:104,0
DA:106,0
DA:108,0
DA:109,0
DA:110,0
DA:113,0
DA:114,0
DA:115,0
DA:116,0
DA:118,0
DA:122,0
DA:123,0
DA:124,0
DA:125,0
DA:126,0
DA:127,0
DA:129,0
DA:131,0
DA:133,0
DA:134,0
DA:135,0
DA:137,0
DA:138,0
DA:140,0
DA:142,0
DA:144,0
DA:145,0
DA:146,0
DA:149,0
DA:150,0
DA:151,0
DA:152,0
DA:154,0
DA:158,0
DA:159,0
DA:160,0
DA:162,0
DA:163,0
DA:164,0
DA:165,0
DA:166,0
DA:168,0
DA:170,0
DA:172,0
DA:173,0
DA:174,0
DA:176,0
DA:177,0
DA:179,0
DA:181,0
DA:183,0
DA:184,0
DA:185,0
DA:191,0
DA:192,0
DA:193,0
DA:195,0
DA:196,0
DA:197,0
DA:198,0
DA:199,0
DA:201,0
DA:203,0
DA:205,0
DA:206,0
DA:207,0
DA:208,0
DA:209,0
DA:210,0
DA:211,0
DA:212,0
DA:214,0
DA:216,0
DA:218,0
DA:219,0
DA:221,0
DA:223,0
DA:225,0
DA:226,0
DA:227,0
DA:234,0
DA:235,0
DA:236,0
DA:238,0
DA:239,0
DA:240,0
DA:241,0
DA:242,0
DA:244,0
DA:246,0
DA:248,0
DA:249,0
DA:250,0
DA:252,0
DA:253,0
DA:255,0
DA:257,0
DA:259,0
DA:260,0
DA:261,0
DA:266,0
DA:267,0
DA:268,0
DA:270,0
DA:271,0
DA:272,0
DA:273,0
DA:274,0
DA:276,0
DA:278,0
DA:280,0
DA:281,0
DA:282,0
DA:284,0
DA:285,0
DA:287,0
DA:289,0
DA:291,0
DA:292,0
DA:293,0
DA:296,0
DA:299,0
DA:301,0
DA:302,0
DA:303,0
DA:305,0
DA:306,0
DA:308,0
DA:309,0
DA:310,0
[...]
DA:459,704
DA:462,1658
DA:463,108
DA:465,1658
DA:467,62
DA:470,62
DA:471,1782
DA:473,1658
DA:474,1658
DA:476,136
DA:477,136
DA:480,1658
DA:482,62
DA:483,62
DA:484,62
DA:485,62
DA:487,62
DA:494,935
DA:496,935
DA:497,935
DA:498,935
DA:500,935
DA:501,935
DA:502,935
DA:503,935
DA:504,935
DA:506,935
DA:508,935
DA:510,0
DA:514,935
DA:516,920
DA:517,460
DA:519,460
DA:523,950
DA:524,475
DA:526,475
DA:531,20840
DA:533,28495
DA:535,23580
DA:536,5846
DA:537,11790
DA:539,11790
DA:540,11621
DA:542,169
DA:546,16230
DA:547,5469
DA:548,8115
DA:550,16230
DA:551,5469
DA:552,8115
DA:554,8115
DA:555,8083
DA:557,32
DA:560,19905
DA:562,13556
DA:563,13556
DA:565,19905
DA:569,20840
DA:571,19905
DA:572,19905
DA:574,18228
DA:575,18228
DA:577,19905
DA:580,935
DA:581,935
DA:590,0
DA:592,0
DA:595,0
DA:596,0
DA:597,0
DA:598,0
DA:601,0
DA:602,0
DA:603,0
DA:604,0
DA:605,0
DA:606,0
DA:607,0
DA:610,0
DA:611,0
DA:612,0
DA:614,0
DA:615,0
DA:617,0
DA:619,0
DA:620,0
DA:624,0
DA:625,0
DA:626,0
DA:627,0
DA:629,0
DA:638,0
DA:640,0
DA:642,0
DA:643,0
DA:644,0
DA:645,0
DA:648,0
DA:649,0
DA:652,0
DA:653,0
DA:654,0
DA:655,0
DA:656,0
DA:657,0
DA:658,0
DA:661,0
DA:662,0
DA:663,0
DA:664,0
DA:665,0
DA:668,0
DA:669,0
DA:670,0
DA:671,0
DA:672,0
DA:700,0
DA:702,0
DA:703,0
DA:706,0
DA:707,0
DA:710,0
DA:711,0
DA:712,0
DA:713,0
DA:714,0
DA:715,0
DA:718,0
DA:719,0
DA:720,0
DA:721,0
DA:722,0
DA:723,0
DA:726,0
DA:727,0
DA:728,0
DA:729,0
DA:730,0
DA:731,0
DA:734,0
DA:735,0
DA:736,0
DA:737,0
DA:738,0
DA:739,0
DA:742,0
DA:743,0
DA:744,0
DA:745,0
DA:746,0
DA:749,0
DA:750,0
DA:751,0
DA:752,0
DA:753,0
DA:754,0
DA:757,0
DA:758,0
DA:759,0
DA:760,0
DA:763,0
DA:764,0
DA:765,0
DA:766,0
DA:767,0
DA:768,0
DA:769,0
DA:770,0
DA:773,0
DA:774,0
DA:777,0
DA:778,0
DA:779,0
DA:782,0
DA:783,0
DA:784,0
DA:786,0
DA:806,0
DA:808,0
DA:809,0
DA:812,0
DA:813,0
DA:816,0
DA:817,0
DA:818,0
DA:819,0
DA:820,0
DA:821,0
DA:824,0
DA:825,0
DA:826,0
DA:827,0
DA:828,0
DA:829,0
DA:832,0
DA:833,0
DA:834,0
DA:835,0
DA:836,0
DA:839,0
DA:840,0
DA:841,0
DA:842,0
DA:843,0
DA:844,0
DA:847,0
DA:848,0
DA:850,0
DA:851,0
DA:854,0
DA:855,0
DA:856,0
DA:859,0
DA:860,0
DA:861,0
DA:862,0
DA:882,0
DA:884,0
DA:885,0
DA:888,0
DA:889,0
DA:892,0
DA:893,0
DA:894,0
DA:895,0
DA:896,0
DA:897,0
DA:900,0
DA:901,0
DA:902,0
DA:903,0
DA:904,0
DA:905,0
DA:908,0
DA:909,0
DA:910,0
DA:911,0
DA:912,0
DA:915,0
DA:916,0
DA:917,0
DA:918,0
DA:919,0
DA:920,0
DA:923,0
DA:924,0
DA:926,0
DA:927,0
DA:930,0
DA:931,0
DA:932,0
DA:935,0
DA:936,0
DA:937,0
DA:938,0
DA:949,0
DA:951,0
DA:952,0
DA:954,0
DA:956,0
DA:958,0
DA:959,0
DA:961,0
DA:962,0
DA:963,0
DA:964,0
DA:967,0
DA:968,0
DA:969,0
DA:971,0
DA:973,0
DA:974,0
DA:976,0
DA:977,0
DA:978,0
DA:979,0
DA:980,0
DA:981,0
DA:983,0
DA:984,0
DA:985,0
DA:991,0
DA:993,0
DA:996,0
DA:998,0
DA:1000,0
DA:1004,0
DA:1006,0
DA:1007,0
DA:1009,0
DA:1012,0
DA:1015,0
DA:1018,0
DA:1020,0
DA:1021,0
DA:1023,0
DA:1026,0
DA:1031,0
DA:1033,0
DA:1034,0
DA:1037,0
DA:1039,0
DA:1040,0
DA:1042,0
DA:1045,0
DA:1057,270
DA:1059,270
DA:1060,270
DA:1061,270
DA:1062,270
DA:1065,270
DA:1068,148
DA:1069,148
DA:1070,148
DA:1072,0
DA:1073,0
DA:1074,0
DA:1077,1083
DA:1079,935
DA:1080,935
DA:1082,935
DA:1084,935
DA:1085,0
DA:1087,935
DA:1089,935
DA:1090,935
DA:1091,935
DA:1093,75
DA:1094,75
DA:1095,75
DA:1099,935
DA:1101,0
DA:1102,0
DA:1103,0
DA:1104,0
DA:1105,0
DA:1107,935
DA:1109,0
DA:1110,0
DA:1111,0
DA:1113,935
DA:1115,0
DA:1116,0
DA:1117,0
DA:1119,935
DA:1122,935
DA:1123,0
DA:1135,270
DA:1137,350
DA:1138,80
DA:1139,270
end_of_record
SF:/usr/include/x86_64-linux-gnu/bits/stdio2.h
DA:34,63966
DA:36,63966
DA:98,78211
DA:100,46117
DA:105,592
DA:107,296
end_of_record
SF:/usr/include/x86_64-linux-gnu/bits/string_fortified.h
DA:88,0
DA:90,0
DA:126,0
DA:128,0
end_of_record
TN:
SF:/workspace/vtr-verilog-to-routing/ODIN_II/SRC/netlist_visualizer.c
FN:42,graphVizOutputNetlist
FNDA:0,graphVizOutputNetlist
FN:64,depth_first_traversal_graph_display
FNDA:0,depth_first_traversal_graph_display
FN:86,depth_first_traverse_visualize
FNDA:0,depth_first_traverse_visualize
FN:180,graphVizOutputCombinationalNet
FNDA:0,graphVizOutputCombinationalNet
FN:203,forward_traversal_net_graph_display
FNDA:0,forward_traversal_net_graph_display
FN:305,backward_traversal_net_graph_display
FNDA:0,backward_traversal_net_graph_display
DA:42,0
DA:44,0
DA:45,0
DA:48,0
DA:49,0
DA:52,0
DA:54,0
DA:57,0
DA:58,0
DA:59,0
DA:64,0
DA:66,0
DA:69,0
DA:71,0
DA:73,0
DA:77,0
DA:78,0
DA:79,0
DA:80,0
DA:81,0
DA:86,0
DA:88,0
DA:89,0
DA:90,0
DA:92,0
DA:99,0
DA:100,0
DA:103,0
DA:105,0
DA:106,0
DA:108,0
DA:110,0
DA:112,0
DA:114,0
DA:116,0
DA:118,0
DA:120,0
DA:124,0
DA:126,0
DA:128,0
DA:130,0
DA:131,0
DA:134,0
DA:135,0
DA:137,0
DA:138,0
DA:139,0
DA:146,0
DA:147,0
DA:149,0
DA:152,0
DA:153,0
DA:155,0
DA:158,0
DA:159,0
DA:162,0
DA:163,0
DA:164,0
DA:165,0
DA:167,0
DA:168,0
DA:171,0
DA:180,0
DA:182,0
DA:183,0
DA:186,0
DA:187,0
DA:190,0
DA:192,0
DA:193,0
DA:196,0
DA:197,0
DA:198,0
DA:203,0
DA:205,0
DA:206,0
DA:207,0
DA:208,0
DA:209,0
DA:210,0
DA:212,0
DA:213,0
DA:215,0
DA:217,0
DA:220,0
DA:223,0
DA:224,0
DA:226,0
DA:228,0
DA:230,0
DA:232,0
DA:234,0
DA:236,0
DA:238,0
DA:240,0
DA:242,0
DA:246,0
DA:248,0
DA:251,0
DA:253,0
DA:254,0
DA:256,0
DA:258,0
DA:259,0
DA:262,0
DA:264,0
DA:265,0
DA:267,0
DA:268,0
DA:269,0
DA:272,0
DA:273,0
DA:275,0
DA:278,0
DA:279,0
DA:282,0
DA:284,0
DA:285,0
DA:287,0
DA:290,0
DA:291,0
DA:292,0
DA:298,0
DA:300,0
DA:305,0
DA:307,0
DA:308,0
DA:309,0
DA:310,0
DA:311,0
DA:312,0
DA:314,0
DA:315,0
DA:317,0
DA:319,0
DA:322,0
DA:325,0
DA:326,0
DA:328,0
DA:330,0
DA:332,0
DA:334,0
DA:336,0
DA:338,0
DA:340,0
DA:342,0
DA:346,0
DA:349,0
DA:352,0
DA:354,0
DA:355,0
DA:357,0
DA:358,0
DA:361,0
DA:363,0
DA:364,0
DA:366,0
DA:367,0
DA:369,0
DA:371,0
DA:372,0
DA:374,0
DA:377,0
DA:378,0
DA:379,0
DA:384,0
DA:386,0
end_of_record
SF:/usr/include/x86_64-linux-gnu/bits/stdio2.h
DA:34,0
DA:36,0
DA:98,0
DA:100,0
end_of_record
TN:
SF:/usr/include/x86_64-linux-gnu/bits/stdio2.h
DA:98,0
DA:100,0
DA:105,1
DA:107,1
DA:284,700
DA:287,700
DA:289,0
DA:290,0
DA:292,0
DA:294,0
DA:295,0
DA:297,700
end_of_record
SF:/workspace/vtr-verilog-to-routing/ODIN_II/SRC/verilog_flex.l
DA:43,1297
DA:44,0
DA:45,20
DA:46,3832
DA:47,3012
DA:48,0
DA:49,183
DA:50,0
DA:51,0
DA:52,1233
DA:53,1114
DA:54,0
DA:55,0
DA:56,0
DA:57,1690
DA:58,3012
DA:59,183
DA:60,0
DA:61,631
DA:62,0
DA:63,0
DA:64,0
DA:65,0
DA:66,2766
DA:67,0
DA:68,0
DA:69,3518
DA:70,0
DA:71,0
DA:72,631
DA:73,0
DA:74,11
DA:75,0
DA:76,4
DA:77,1745
DA:78,2038
DA:79,61
DA:80,1123
DA:81,6432
DA:82,0
DA:83,0
DA:84,0
DA:85,0
DA:86,0
DA:87,0
DA:88,0
DA:89,0
DA:90,0
DA:91,7324
DA:92,0
DA:93,0
DA:95,250
DA:96,0
DA:97,315
DA:98,11390
DA:99,170
DA:100,81
DA:101,269
DA:102,2616
DA:103,47
DA:104,0
DA:105,0
DA:106,0
DA:107,9
DA:108,1
DA:109,16
DA:110,96896
DA:111,0
DA:112,13226
DA:113,61417
DA:114,48191
DA:115,0
DA:117,194945
DA:118,118356
DA:120,118356
DA:121,81537
DA:122,81537
DA:124,0
DA:125,0
DA:126,0
DA:127,0
DA:128,0
DA:129,609333
DA:130,0
DA:131,0
end_of_record
SF:/usr/include/x86_64-linux-gnu/bits/string_fortified.h
DA:59,270
DA:71,270
end_of_record
SF:/workspace/vtr-verilog-to-routing/ODIN_II/SRC/verilog_flex.c
FN:843,yylex
FNDA:408324,yylex
FN:1476,yy_get_next_buffer
FNDA:700,yy_get_next_buffer
FN:1614,yy_get_previous_state
FNDA:430,yy_get_previous_state
FN:1789,yyrestart
FNDA:270,yyrestart
FN:1806,yy_switch_to_buffer
FNDA:0,yy_switch_to_buffer
FN:1851,yy_create_buffer
FNDA:270,yy_create_buffer
FN:1879,yy_delete_buffer
FNDA:0,yy_delete_buffer
FN:1898,yy_init_buffer
FNDA:540,yy_init_buffer
FN:1926,yy_flush_buffer
FNDA:540,yy_flush_buffer
FN:1955,yypush_buffer_state
FNDA:0,yypush_buffer_state
FN:1985,yypop_buffer_state
FNDA:0,yypop_buffer_state
FN:2004,yyensure_buffer_stack
FNDA:270,yyensure_buffer_stack
FN:2053,yy_scan_buffer
FNDA:0,yy_scan_buffer
FN:2090,yy_scan_string
FNDA:0,yy_scan_string
FN:2103,yy_scan_bytes
FNDA:0,yy_scan_bytes
FN:2137,yy_fatal_error
FNDA:0,yy_fatal_error
FN:2165,yyget_lineno
FNDA:0,yyget_lineno
FN:2174,yyget_in
FNDA:0,yyget_in
FN:2182,yyget_out
FNDA:0,yyget_out
FN:2190,yyget_leng
FNDA:0,yyget_leng
FN:2199,yyget_text
FNDA:0,yyget_text
FN:2208,yyset_lineno
FNDA:0,yyset_lineno
FN:2220,yyset_in
FNDA:0,yyset_in
FN:2225,yyset_out
FNDA:0,yyset_out
FN:2230,yyget_debug
FNDA:0,yyget_debug
FN:2235,yyset_debug
FNDA:0,yyset_debug
FN:2269,yylex_destroy
FNDA:0,yylex_destroy
FN:2315,yyalloc
FNDA:0,yyalloc
FN:2320,yyrealloc
FNDA:0,yyrealloc
FN:2333,yyfree
FNDA:0,yyfree
DA:843,408324
DA:845,408324
DA:846,408324
DA:847,408324
DA:849,408324
DA:851,270
DA:857,270
DA:858,270
DA:860,270
DA:861,0
DA:863,270
DA:864,270
DA:866,270
DA:867,270
DA:868,270
DA:869,270
DA:872,270
DA:883,609332
DA:885,609332
DA:888,609332
DA:893,609332
DA:895,609332
DA:896,1304100
DA:897,1913860
DA:899,1913860
DA:900,1913860
DA:902,1291000
DA:903,1291000
DA:905,3124390
DA:907,1210530
DA:908,1210530
DA:909,877671
DA:911,1913860
DA:912,1913860
DA:914,1913860
DA:916,609762
DA:917,609762
DA:918,609762
DA:920,332860
DA:921,332860
DA:922,332860
DA:925,609762
DA:927,610032
DA:929,610032
DA:931,0
DA:933,0
DA:934,0
DA:935,0
DA:936,0
DA:938,1297
DA:1339,700
DA:1342,700
DA:1345,700
DA:1348,700
DA:1359,270
DA:1360,270
DA:1361,270
DA:1371,700
DA:1373,0
DA:1375,0
DA:1377,0
DA:1388,0
DA:1390,0
DA:1392,0
DA:1395,0
DA:1396,0
DA:1397,0
DA:1402,0
DA:1403,0
DA:1407,700
DA:1409,270
DA:1411,270
DA:1413,270
DA:1424,270
DA:1426,270
DA:1427,270
DA:1432,0
DA:1433,0
DA:1438,430
DA:1439,430
DA:1440,430
DA:1442,430
DA:1444,430
DA:1445,430
DA:1446,430
DA:1448,0
DA:1449,0
DA:1450,0
DA:1452,0
DA:1454,0
DA:1455,0
DA:1456,0
DA:1461,0
DA:1462,0
DA:1476,700
DA:1478,700
DA:1479,700
DA:1480,700
DA:1481,700
DA:1483,700
DA:1484,0
DA:1487,700
DA:1489,0
DA:1502,0
DA:1509,700
DA:1511,1483
DA:1512,783
DA:1514,700
DA:1518,0
DA:1522,700
DA:1523,700
DA:1525,700
DA:1529,0
DA:1531,0
DA:1532,0
DA:1534,0
DA:1536,0
DA:1538,0
DA:1539,0
DA:1541,0
DA:1543,0
DA:1545,0
DA:1546,0
DA:1550,0
DA:1552,0
DA:1553,0
DA:1556,0
DA:1558,0
DA:1563,700
DA:1567,1400
DA:1568,700
DA:1570,700
DA:1573,700
DA:1575,270
DA:1577,270
DA:1578,270
DA:1583,0
DA:1584,0
DA:1592,700
DA:1594,0
DA:1595,0
DA:1596,0
DA:1597,0
DA:1598,0
DA:1600,0
DA:1603,700
DA:1604,700
DA:1605,700
DA:1607,700
DA:1609,700
DA:1614,430
DA:1616,430
DA:1617,430
DA:1619,430
DA:1621,1213
DA:1623,783
DA:1624,783
DA:1626,638
DA:1627,638
DA:1629,1344
DA:1631,561
DA:1632,561
DA:1633,561
DA:1635,783
DA:1638,430
DA:1646,0
DA:1648,0
DA:1649,0
DA:1651,0
DA:1652,0
DA:1654,0
DA:1655,0
DA:1657,0
DA:1659,0
DA:1660,0
DA:1663,0
DA:1664,0
DA:1666,0
DA:1789,270
DA:1792,270
DA:1793,0
DA:1794,0
DA:1795,0
DA:1798,270
DA:1799,270
DA:1800,270
DA:1806,0
DA:1814,0
DA:1815,0
DA:1818,0
DA:1821,0
DA:1822,0
DA:1823,0
DA:1826,0
DA:1827,0
DA:1834,0
DA:1837,810
DA:1839,810
DA:1840,810
DA:1841,810
DA:1842,0
DA:1843,270
DA:1851,270
DA:1853,270
DA:1855,270
DA:1856,270
DA:1857,0
DA:1859,270
DA:1864,270
DA:1865,270
DA:1866,0
DA:1868,270
DA:1870,270
DA:1872,270
DA:1879,0
DA:1882,0
DA:1885,0
DA:1886,0
DA:1888,0
DA:1889,0
DA:1891,0
DA:1898,540
DA:1901,540
DA:1903,540
DA:1905,540
DA:1906,540
DA:1912,540
DA:1913,270
DA:1914,270
DA:1917,540
DA:1919,540
DA:1920,540
DA:1926,540
DA:1928,540
DA:1931,540
DA:1937,540
DA:1938,540
DA:1940,540
DA:1942,540
DA:1943,540
DA:1945,540
DA:1946,270
DA:1955,0
DA:1957,0
DA:1960,0
DA:1963,0
DA:1966,0
DA:1967,0
DA:1968,0
DA:1972,0
DA:1973,0
DA:1974,0
DA:1977,0
DA:1978,0
DA:1985,0
DA:1987,0
DA:1990,0
DA:1991,0
DA:1992,0
DA:1993,0
DA:1995,0
DA:1996,0
DA:1997,0
DA:2004,270
DA:2006,270
DA:2008,270
DA:2014,270
DA:2015,270
DA:2018,270
DA:2019,0
DA:2021,270
DA:2023,270
DA:2024,270
DA:2025,270
DA:2028,0
DA:2031,0
DA:2033,0
DA:2034,0
DA:2038,0
DA:2039,0
DA:2042,0
DA:2043,0
DA:2053,0
DA:2055,0
DA:2057,0
DA:2058,0
DA:2059,0
DA:2063,0
DA:2064,0
DA:2065,0
DA:2067,0
DA:2068,0
DA:2069,0
DA:2070,0
DA:2071,0
DA:2072,0
DA:2073,0
DA:2074,0
DA:2075,0
DA:2077,0
DA:2079,0
DA:2090,0
DA:2093,0
DA:2103,0
DA:2105,0
DA:2106,0
DA:2107,0
DA:2108,0
DA:2111,0
DA:2112,0
DA:2113,0
DA:2114,0
DA:2116,0
DA:2117,0
DA:2119,0
DA:2121,0
DA:2122,0
DA:2123,0
DA:2128,0
DA:2130,0
DA:2137,0
DA:2139,0
DA:2140,0
DA:2165,0
DA:2168,0
DA:2174,0
DA:2176,0
DA:2182,0
DA:2184,0
DA:2190,0
DA:2192,0
DA:2199,0
DA:2201,0
DA:2208,0
DA:2211,0
DA:2212,0
DA:2220,0
DA:2222,0
DA:2223,0
DA:2225,0
DA:2227,0
DA:2228,0
DA:2230,0
DA:2232,0
DA:2235,0
DA:2237,0
DA:2238,0
DA:2240,0
DA:2246,0
DA:2247,0
DA:2248,0
DA:2249,0
DA:2250,0
DA:2251,0
DA:2258,0
DA:2259,0
DA:2265,0
DA:2269,0
DA:2273,0
DA:2274,0
DA:2275,0
DA:2276,0
DA:2280,0
DA:2281,0
DA:2285,0
DA:2287,0
DA:2315,810
DA:2317,540
DA:2320,0
DA:2330,0
DA:2333,0
DA:2335,0
DA:2336,0
end_of_record
TN:
SF:/workspace/vtr-verilog-to-routing/ODIN_II/SRC/verilog_bison.c
FN:1260,yy_stack_print
FNDA:0,yy_stack_print
FN:1383,yytnamerr
FNDA:0,yytnamerr
FN:1434,yysyntax_error
FNDA:0,yysyntax_error
FN:1602,yyparse
FNDA:270,yyparse
DA:1260,0
DA:1262,0
DA:1263,0
DA:1265,0
DA:1266,0
DA:1268,0
DA:1269,0
DA:1366,0
DA:1367,0
DA:1369,0
DA:1383,0
DA:1385,0
DA:1390,0
DA:1391,0
DA:1393,0
DA:1395,0
DA:1397,0
DA:1398,0
DA:1399,0
DA:1401,0
DA:1403,0
DA:1405,0
DA:1406,0
DA:1407,0
DA:1408,0
DA:1410,0
DA:1411,0
DA:1412,0
DA:1413,0
DA:1415,0
DA:1418,0
DA:1419,0
DA:1421,0
DA:1434,0
DA:1437,0
DA:1439,0
DA:1442,0
DA:1444,0
DA:1446,0
DA:1471,0
DA:1473,0
DA:1474,0
DA:1475,0
DA:1476,0
DA:1477,0
DA:1482,0
DA:1484,0
DA:1485,0
DA:1486,0
DA:1488,0
DA:1489,0
DA:1490,0
DA:1492,0
DA:1498,0
DA:1500,0
DA:1501,0
DA:1502,0
DA:1511,0
DA:1520,0
DA:1521,0
DA:1522,0
DA:1523,0
DA:1530,0
DA:1531,0
DA:1532,0
DA:1537,0
DA:1539,0
DA:1540,0
DA:1542,0
DA:1543,0
DA:1550,0
DA:1551,0
DA:1552,0
DA:1553,0
DA:1555,0
DA:1556,0
DA:1560,0
DA:1561,0
DA:1602,270
DA:1604,270
DA:1606,270
DA:1616,270
DA:1617,270
DA:1618,270
DA:1621,270
DA:1622,270
DA:1623,270
DA:1625,270
DA:1627,270
DA:1628,270
DA:1630,270
DA:1633,270
DA:1637,270
DA:1638,270
DA:1639,270
DA:1646,270
DA:1648,270
DA:1649,270
DA:1650,270
DA:1652,270
DA:1654,270
DA:1655,270
DA:1656,270
DA:1657,270
DA:1658,270
DA:1664,888182
DA:1667,888182
DA:1673,888452
DA:1674,888452
DA:1675,888452
DA:1677,888452
DA:1680,888452
DA:1686,1
DA:1709,1
DA:1710,0
DA:1711,1
DA:1712,1
DA:1716,1
DA:1717,1
DA:1718,1
DA:1720,1
DA:1721,0
DA:1722,1
DA:1723,1
DA:1725,1
DA:1726,0
DA:1730,1
DA:1731,1
DA:1734,1
DA:1738,1
DA:1739,0
DA:1743,888452
DA:1744,270
DA:1746,888182
DA:1752,888182
DA:1757,888182
DA:1758,888182
DA:1759,351108
DA:1764,537074
DA:1766,408324
DA:1767,408324
DA:1770,537074
DA:1772,540
DA:1773,540
DA:1777,536534
DA:1778,536534
DA:1783,537074
DA:1784,537074
DA:1785,128750
DA:1786,408324
DA:1787,408324
DA:1789,0
DA:1791,0
DA:1792,0
DA:1797,408324
DA:1801,408324
DA:1802,408324
DA:1804,408324
DA:1808,408324
DA:1809,408324
DA:1815,479858
DA:1816,479858
DA:1817,479858
DA:1818,0
DA:1819,479858
DA:1825,479858
DA:1827,479858
DA:1837,479858
DA:1840,479858
DA:1841,479858
DA:1843,270
DA:1847,270
DA:1849,361
DA:1864,0
DA:1868,0
DA:1870,270
DA:1874,270
DA:1876,0
DA:1880,0
DA:1882,0
DA:1886,0
DA:1888,591
DA:1892,591
DA:1894,40
DA:1898,40
DA:1900,0
DA:1904,0
DA:1906,24975
DA:1910,24975
DA:1912,631
DA:1916,631
DA:1918,61
DA:1922,61
DA:1924,3518
DA:1928,3518
DA:1930,2038
DA:1934,2038
DA:1936,0
DA:1940,0
DA:1942,13756
DA:1946,13756
DA:1948,3832
DA:1952,3832
DA:1954,44
DA:1958,44
DA:1960,1060
DA:1964,1060
DA:1966,1297
DA:1970,1297
DA:1972,61
DA:1976,61
DA:1978,3518
DA:1982,3518
DA:1984,2038
DA:1988,2038
DA:1990,0
DA:1994,0
DA:1996,7324
DA:2000,7324
DA:2002,6432
DA:2006,6432
DA:2008,6319
DA:2012,6319
DA:2014,20004
DA:2018,20004
DA:2020,11082
DA:2024,11082
DA:2026,15148
DA:2030,15148
DA:2032,8
DA:2036,8
DA:2038,28
DA:2042,28
DA:2044,57
DA:2048,57
DA:2050,3832
DA:2054,3832
DA:2056,20
DA:2060,20
DA:2062,0
DA:2066,0
DA:2068,0
DA:2072,0
DA:2074,4
DA:2078,4
DA:2080,20
DA:2084,20
DA:2086,0
DA:2090,0
DA:2092,0
DA:2096,0
DA:2098,0
DA:2102,0
DA:2104,40
DA:2108,40
DA:2110,0
DA:2114,0
DA:2116,4
DA:2120,4
DA:2122,1060
DA:2126,1060
DA:2128,1060
DA:2132,1060
DA:2134,0
DA:2138,0
DA:2140,0
DA:2144,0
DA:2146,0
DA:2150,0
DA:2152,9480
DA:2156,9480
DA:2158,1060
DA:2162,1060
DA:2164,6059
DA:2168,6059
DA:2170,4481
DA:2174,4481
DA:2176,0
DA:2180,0
DA:2182,0
DA:2186,0
DA:2188,0
DA:2192,0
DA:2194,0
DA:2198,0
DA:2200,1297
DA:2204,1297
DA:2206,3012
DA:2210,3012
DA:2212,4037
DA:2216,4037
DA:2218,11278
DA:2222,11278
DA:2224,1076
DA:2228,1076
DA:2230,1690
DA:2234,1690
DA:2236,183
DA:2240,183
DA:2242,0
DA:2246,0
DA:2248,7869
DA:2252,7869
DA:2254,0
DA:2258,0
DA:2260,11278
DA:2264,11278
DA:2266,0
DA:2270,0
DA:2272,1632
DA:2276,1632
DA:2278,183
DA:2282,183
DA:2284,1696
DA:2288,1696
DA:2290,119
DA:2294,119
DA:2296,3012
DA:2300,3012
DA:2302,10696
DA:2306,10696
DA:2308,3012
DA:2312,3012
DA:2314,1289
DA:2318,1289
DA:2320,8
DA:2324,8
DA:2326,1725
DA:2330,1725
DA:2332,1289
DA:2336,1289
DA:2338,1880
DA:2342,1880
DA:2344,1123
DA:2348,1123
DA:2350,11
DA:2354,11
DA:2356,103817
DA:2360,103817
DA:2362,0
DA:2366,0
DA:2368,28
DA:2372,28
DA:2374,851
DA:2378,851
DA:2380,4
DA:2384,4
DA:2386,36
DA:2390,36
DA:2392,0
DA:2396,0
DA:2398,15
DA:2402,15
DA:2404,0
DA:2408,0
DA:2410,219
DA:2414,219
DA:2416,0
DA:2420,0
DA:2422,736
DA:2426,736
DA:2428,718
DA:2432,718
DA:2434,0
DA:2438,0
DA:2440,0
DA:2444,0
DA:2446,1131
DA:2450,1131
DA:2452,8978
DA:2456,8978
DA:2458,1249
DA:2462,1249
DA:2464,598
DA:2468,598
DA:2470,1
DA:2474,1
DA:2476,1
DA:2480,1
DA:2482,9
DA:2486,9
DA:2488,349
DA:2492,349
DA:2494,86
DA:2498,86
DA:2500,269
DA:2504,269
DA:2506,81
DA:2510,81
DA:2512,2616
DA:2516,2616
DA:2518,47
DA:2522,47
DA:2524,112
DA:2528,112
DA:2530,170
DA:2534,170
DA:2536,0
DA:2540,0
DA:2542,0
DA:2546,0
DA:2548,315
DA:2552,315
DA:2554,250
DA:2558,250
DA:2560,791
DA:2564,791
DA:2566,1775
DA:2570,1775
DA:2572,17
DA:2576,17
DA:2578,0
DA:2582,0
DA:2584,61417
DA:2588,61417
DA:2590,51375
DA:2594,51375
DA:2596,7232
DA:2600,7232
DA:2602,2022
DA:2606,2022
DA:2608,2883
DA:2612,2883
DA:2614,5499
DA:2618,5499
DA:2620,2883
DA:2624,2883
DA:2642,479858
DA:2644,479858
DA:2645,479858
DA:2646,479858
DA:2648,479858
DA:2654,479858
DA:2655,479858
DA:2656,433982
DA:2657,256149
DA:2658,913840
DA:2661,479858
DA:2667,0
DA:2670,0
DA:2673,0
DA:2675,0
DA:2682,0
DA:2683,0
DA:2684,0
DA:2685,0
DA:2686,0
DA:2687,0
DA:2689,0
DA:2690,0
DA:2691,0
DA:2692,0
DA:2694,0
DA:2695,0
DA:2696,0
DA:2700,0
DA:2701,0
DA:2704,0
DA:2803,270
DA:2804,270
DA:2805,270
DA:2811,0
DA:2812,0
DA:2813,0
DA:2820,0
DA:2821,0
DA:2830,270
DA:2831,270
DA:2835,0
DA:2836,0
DA:2841,270
DA:2842,270
DA:2843,810
DA:2845,540
DA:2846,540
DA:2847,540
DA:2850,270
DA:2851,1
DA:2854,270
DA:2855,0
DA:2857,270
end_of_record
SF:/usr/include/x86_64-linux-gnu/bits/stdio2.h
DA:98,0
DA:100,0
end_of_record
SF:/workspace/vtr-verilog-to-routing/ODIN_II/SRC/verilog_bison.y
FN:47,yyerror
FNDA:0,yyerror
FN:54,yywrap
FNDA:270,yywrap
DA:47,0
DA:49,0
DA:50,0
DA:54,270
DA:56,270
DA:118,270
DA:122,361
DA:124,361
DA:128,0
DA:131,0
DA:132,270
DA:133,0
DA:136,0
DA:139,591
DA:140,40
DA:141,0
DA:144,24975
DA:145,631
DA:148,61
DA:149,3518
DA:150,2038
DA:151,0
DA:152,13756
DA:153,3832
DA:154,44
DA:155,1060
DA:156,1297
DA:160,61
DA:163,3518
DA:166,2038
DA:169,0
DA:172,7324
DA:173,6432
DA:176,6319
DA:177,20004
DA:180,11082
DA:181,15148
DA:182,8
DA:183,28
DA:184,57
DA:187,3832
DA:191,20
DA:192,0
DA:193,0
DA:194,4
DA:195,20
DA:196,0
DA:197,0
DA:200,0
DA:201,40
DA:202,0
DA:203,4
DA:207,1060
DA:210,1060
DA:211,0
DA:212,0
DA:213,0
DA:216,9480
DA:217,1060
DA:220,6059
DA:221,4481
DA:224,0
DA:225,0
DA:228,0
DA:229,0
DA:233,1297
DA:236,3012
DA:237,4037
DA:238,11278
DA:239,1076
DA:240,1690
DA:241,183
DA:242,0
DA:245,7869
DA:246,0
DA:249,11278
DA:250,0
DA:253,1632
DA:254,183
DA:257,1696
DA:258,119
DA:261,3012
DA:264,10696
DA:265,3012
DA:268,1289
DA:269,8
DA:273,1725
DA:274,1289
DA:277,1880
DA:278,1123
DA:279,11
DA:282,103817
DA:283,0
DA:284,28
DA:285,851
DA:286,4
DA:287,36
DA:288,0
DA:289,15
DA:290,0
DA:291,219
DA:292,0
DA:293,736
DA:294,718
DA:295,0
DA:296,0
DA:297,1131
DA:298,8978
DA:299,1249
DA:300,598
DA:301,1
DA:302,1
DA:303,9
DA:304,349
DA:305,86
DA:306,269
DA:307,81
DA:308,2616
DA:309,47
DA:310,112
DA:311,170
DA:312,0
DA:313,0
DA:314,315
DA:315,250
DA:316,791
DA:317,1775
DA:321,17
DA:322,0
DA:325,61417
DA:326,51375
DA:327,7232
DA:328,2022
DA:329,2883
DA:332,5499
DA:333,2883
end_of_record
