TN:
SF:/workspace/vtr-verilog-to-routing/ODIN_II/SRC/verilog_bison.y
FN:47,yyerror
FNDA:0,yyerror
FN:54,yywrap
FNDA:0,yywrap
DA:47,0
DA:49,0
DA:50,0
DA:54,0
DA:56,0
DA:118,0
DA:122,0
DA:124,0
DA:128,0
DA:131,0
DA:132,0
DA:133,0
DA:136,0
DA:139,0
DA:140,0
DA:141,0
DA:144,0
DA:145,0
DA:148,0
DA:149,0
DA:150,0
DA:151,0
DA:152,0
DA:153,0
DA:154,0
DA:155,0
DA:156,0
DA:160,0
DA:163,0
DA:166,0
DA:169,0
DA:172,0
DA:173,0
DA:176,0
DA:177,0
DA:180,0
DA:181,0
DA:182,0
DA:183,0
DA:184,0
DA:187,0
DA:191,0
DA:192,0
DA:193,0
DA:194,0
DA:195,0
DA:196,0
DA:197,0
DA:200,0
DA:201,0
DA:202,0
DA:203,0
DA:207,0
DA:210,0
DA:211,0
DA:212,0
DA:213,0
DA:216,0
DA:217,0
DA:220,0
DA:221,0
DA:224,0
DA:225,0
DA:228,0
DA:229,0
DA:233,0
DA:236,0
DA:237,0
DA:238,0
DA:239,0
DA:240,0
DA:241,0
DA:242,0
DA:245,0
DA:246,0
DA:249,0
DA:250,0
DA:253,0
DA:254,0
DA:257,0
DA:258,0
DA:261,0
DA:264,0
DA:265,0
DA:268,0
DA:269,0
DA:273,0
DA:274,0
DA:277,0
DA:278,0
DA:279,0
DA:282,0
DA:283,0
DA:284,0
DA:285,0
DA:286,0
DA:287,0
DA:288,0
DA:289,0
DA:290,0
DA:291,0
DA:292,0
DA:293,0
DA:294,0
DA:295,0
DA:296,0
DA:297,0
DA:298,0
DA:299,0
DA:300,0
DA:301,0
DA:302,0
DA:303,0
DA:304,0
DA:305,0
DA:306,0
DA:307,0
DA:308,0
DA:309,0
DA:310,0
DA:311,0
DA:312,0
DA:313,0
DA:314,0
DA:315,0
DA:316,0
DA:317,0
DA:321,0
DA:322,0
DA:325,0
DA:326,0
DA:327,0
DA:328,0
DA:329,0
DA:332,0
DA:333,0
end_of_record
SF:/usr/include/x86_64-linux-gnu/bits/stdio2.h
DA:98,0
DA:100,0
end_of_record
SF:/workspace/vtr-verilog-to-routing/ODIN_II/SRC/verilog_bison.c
FN:1260,yy_stack_print
FNDA:0,yy_stack_print
FN:1383,yytnamerr
FNDA:0,yytnamerr
FN:1434,yysyntax_error
FNDA:0,yysyntax_error
FN:1602,yyparse
FNDA:0,yyparse
DA:1260,0
DA:1262,0
DA:1263,0
DA:1265,0
DA:1266,0
DA:1268,0
DA:1269,0
DA:1366,0
DA:1367,0
DA:1369,0
DA:1383,0
DA:1385,0
DA:1390,0
DA:1391,0
DA:1393,0
DA:1395,0
DA:1397,0
DA:1398,0
DA:1399,0
DA:1401,0
DA:1403,0
DA:1405,0
DA:1406,0
DA:1407,0
DA:1408,0
DA:1410,0
DA:1411,0
DA:1412,0
DA:1413,0
DA:1415,0
DA:1418,0
DA:1419,0
DA:1421,0
DA:1434,0
DA:1437,0
DA:1439,0
DA:1442,0
DA:1444,0
DA:1446,0
DA:1471,0
DA:1473,0
DA:1474,0
DA:1475,0
DA:1476,0
DA:1477,0
DA:1482,0
DA:1484,0
DA:1485,0
DA:1486,0
DA:1488,0
DA:1489,0
DA:1490,0
DA:1492,0
DA:1498,0
DA:1500,0
DA:1501,0
DA:1502,0
DA:1511,0
DA:1520,0
DA:1521,0
DA:1522,0
DA:1523,0
DA:1530,0
DA:1531,0
DA:1532,0
DA:1537,0
DA:1539,0
DA:1540,0
DA:1542,0
DA:1543,0
DA:1550,0
DA:1551,0
DA:1552,0
DA:1553,0
DA:1555,0
DA:1556,0
DA:1560,0
DA:1561,0
DA:1602,0
DA:1604,0
DA:1606,0
DA:1616,0
DA:1617,0
DA:1618,0
DA:1621,0
DA:1622,0
DA:1623,0
DA:1625,0
DA:1627,0
DA:1628,0
DA:1630,0
DA:1633,0
DA:1637,0
DA:1638,0
DA:1639,0
DA:1646,0
DA:1648,0
DA:1649,0
DA:1650,0
DA:1652,0
DA:1654,0
DA:1655,0
DA:1656,0
DA:1657,0
DA:1658,0
DA:1664,0
DA:1667,0
DA:1673,0
DA:1674,0
DA:1675,0
DA:1677,0
DA:1680,0
DA:1686,0
DA:1709,0
DA:1710,0
DA:1711,0
DA:1712,0
DA:1716,0
DA:1717,0
DA:1718,0
DA:1720,0
DA:1721,0
DA:1722,0
DA:1723,0
DA:1725,0
DA:1726,0
DA:1730,0
DA:1731,0
DA:1734,0
DA:1738,0
DA:1739,0
DA:1743,0
DA:1744,0
DA:1746,0
DA:1752,0
DA:1757,0
DA:1758,0
DA:1759,0
DA:1764,0
DA:1766,0
DA:1767,0
DA:1770,0
DA:1772,0
DA:1773,0
DA:1777,0
DA:1778,0
DA:1783,0
DA:1784,0
DA:1785,0
DA:1786,0
DA:1787,0
DA:1789,0
DA:1791,0
DA:1792,0
DA:1797,0
DA:1801,0
DA:1802,0
DA:1804,0
DA:1808,0
DA:1809,0
DA:1815,0
DA:1816,0
DA:1817,0
DA:1818,0
DA:1819,0
DA:1825,0
DA:1827,0
DA:1837,0
DA:1840,0
DA:1841,0
DA:1843,0
DA:1847,0
DA:1849,0
DA:1864,0
DA:1868,0
DA:1870,0
DA:1874,0
DA:1876,0
DA:1880,0
DA:1882,0
DA:1886,0
DA:1888,0
DA:1892,0
DA:1894,0
DA:1898,0
DA:1900,0
DA:1904,0
DA:1906,0
DA:1910,0
DA:1912,0
DA:1916,0
DA:1918,0
DA:1922,0
DA:1924,0
DA:1928,0
DA:1930,0
DA:1934,0
DA:1936,0
DA:1940,0
DA:1942,0
DA:1946,0
DA:1948,0
DA:1952,0
DA:1954,0
DA:1958,0
DA:1960,0
DA:1964,0
DA:1966,0
DA:1970,0
DA:1972,0
DA:1976,0
DA:1978,0
DA:1982,0
DA:1984,0
DA:1988,0
DA:1990,0
DA:1994,0
DA:1996,0
DA:2000,0
DA:2002,0
DA:2006,0
DA:2008,0
DA:2012,0
DA:2014,0
DA:2018,0
DA:2020,0
DA:2024,0
DA:2026,0
DA:2030,0
DA:2032,0
DA:2036,0
DA:2038,0
DA:2042,0
DA:2044,0
DA:2048,0
DA:2050,0
DA:2054,0
DA:2056,0
DA:2060,0
DA:2062,0
DA:2066,0
DA:2068,0
DA:2072,0
DA:2074,0
DA:2078,0
DA:2080,0
DA:2084,0
DA:2086,0
DA:2090,0
DA:2092,0
DA:2096,0
DA:2098,0
DA:2102,0
DA:2104,0
DA:2108,0
DA:2110,0
DA:2114,0
DA:2116,0
DA:2120,0
DA:2122,0
DA:2126,0
DA:2128,0
DA:2132,0
DA:2134,0
DA:2138,0
DA:2140,0
DA:2144,0
DA:2146,0
DA:2150,0
DA:2152,0
DA:2156,0
DA:2158,0
DA:2162,0
DA:2164,0
DA:2168,0
DA:2170,0
DA:2174,0
DA:2176,0
DA:2180,0
DA:2182,0
DA:2186,0
DA:2188,0
DA:2192,0
DA:2194,0
DA:2198,0
DA:2200,0
DA:2204,0
DA:2206,0
DA:2210,0
DA:2212,0
DA:2216,0
DA:2218,0
DA:2222,0
DA:2224,0
DA:2228,0
DA:2230,0
DA:2234,0
DA:2236,0
DA:2240,0
DA:2242,0
DA:2246,0
DA:2248,0
DA:2252,0
DA:2254,0
DA:2258,0
DA:2260,0
DA:2264,0
DA:2266,0
DA:2270,0
DA:2272,0
DA:2276,0
DA:2278,0
DA:2282,0
DA:2284,0
DA:2288,0
DA:2290,0
DA:2294,0
DA:2296,0
DA:2300,0
DA:2302,0
DA:2306,0
DA:2308,0
DA:2312,0
DA:2314,0
DA:2318,0
DA:2320,0
DA:2324,0
DA:2326,0
DA:2330,0
DA:2332,0
DA:2336,0
DA:2338,0
DA:2342,0
DA:2344,0
DA:2348,0
DA:2350,0
DA:2354,0
DA:2356,0
DA:2360,0
DA:2362,0
DA:2366,0
DA:2368,0
DA:2372,0
DA:2374,0
DA:2378,0
DA:2380,0
DA:2384,0
DA:2386,0
DA:2390,0
DA:2392,0
DA:2396,0
DA:2398,0
DA:2402,0
DA:2404,0
DA:2408,0
DA:2410,0
DA:2414,0
DA:2416,0
DA:2420,0
DA:2422,0
DA:2426,0
DA:2428,0
DA:2432,0
DA:2434,0
DA:2438,0
DA:2440,0
DA:2444,0
DA:2446,0
DA:2450,0
DA:2452,0
DA:2456,0
DA:2458,0
DA:2462,0
DA:2464,0
DA:2468,0
DA:2470,0
DA:2474,0
DA:2476,0
DA:2480,0
DA:2482,0
DA:2486,0
DA:2488,0
DA:2492,0
DA:2494,0
DA:2498,0
DA:2500,0
DA:2504,0
DA:2506,0
DA:2510,0
DA:2512,0
DA:2516,0
DA:2518,0
DA:2522,0
DA:2524,0
DA:2528,0
DA:2530,0
DA:2534,0
DA:2536,0
DA:2540,0
DA:2542,0
DA:2546,0
DA:2548,0
DA:2552,0
DA:2554,0
DA:2558,0
DA:2560,0
DA:2564,0
DA:2566,0
DA:2570,0
DA:2572,0
DA:2576,0
DA:2578,0
DA:2582,0
DA:2584,0
DA:2588,0
DA:2590,0
DA:2594,0
DA:2596,0
DA:2600,0
DA:2602,0
DA:2606,0
DA:2608,0
DA:2612,0
DA:2614,0
DA:2618,0
DA:2620,0
DA:2624,0
DA:2642,0
DA:2644,0
DA:2645,0
DA:2646,0
DA:2648,0
DA:2654,0
DA:2655,0
DA:2656,0
DA:2657,0
DA:2658,0
DA:2661,0
DA:2667,0
DA:2670,0
DA:2673,0
DA:2675,0
DA:2682,0
DA:2683,0
DA:2684,0
DA:2685,0
DA:2686,0
DA:2687,0
DA:2689,0
DA:2690,0
DA:2691,0
DA:2692,0
DA:2694,0
DA:2695,0
DA:2696,0
DA:2700,0
DA:2701,0
DA:2704,0
DA:2803,0
DA:2804,0
DA:2805,0
DA:2811,0
DA:2812,0
DA:2813,0
DA:2820,0
DA:2821,0
DA:2830,0
DA:2831,0
DA:2835,0
DA:2836,0
DA:2841,0
DA:2842,0
DA:2843,0
DA:2845,0
DA:2846,0
DA:2847,0
DA:2850,0
DA:2851,0
DA:2854,0
DA:2855,0
DA:2857,0
end_of_record
TN:
SF:/usr/include/x86_64-linux-gnu/bits/string_fortified.h
DA:59,0
DA:71,0
end_of_record
SF:/workspace/vtr-verilog-to-routing/ODIN_II/SRC/verilog_flex.c
FN:843,yylex
FNDA:0,yylex
FN:1476,yy_get_next_buffer
FNDA:0,yy_get_next_buffer
FN:1614,yy_get_previous_state
FNDA:0,yy_get_previous_state
FN:1789,yyrestart
FNDA:0,yyrestart
FN:1806,yy_switch_to_buffer
FNDA:0,yy_switch_to_buffer
FN:1851,yy_create_buffer
FNDA:0,yy_create_buffer
FN:1879,yy_delete_buffer
FNDA:0,yy_delete_buffer
FN:1898,yy_init_buffer
FNDA:0,yy_init_buffer
FN:1926,yy_flush_buffer
FNDA:0,yy_flush_buffer
FN:1955,yypush_buffer_state
FNDA:0,yypush_buffer_state
FN:1985,yypop_buffer_state
FNDA:0,yypop_buffer_state
FN:2004,yyensure_buffer_stack
FNDA:0,yyensure_buffer_stack
FN:2053,yy_scan_buffer
FNDA:0,yy_scan_buffer
FN:2090,yy_scan_string
FNDA:0,yy_scan_string
FN:2103,yy_scan_bytes
FNDA:0,yy_scan_bytes
FN:2137,yy_fatal_error
FNDA:0,yy_fatal_error
FN:2165,yyget_lineno
FNDA:0,yyget_lineno
FN:2174,yyget_in
FNDA:0,yyget_in
FN:2182,yyget_out
FNDA:0,yyget_out
FN:2190,yyget_leng
FNDA:0,yyget_leng
FN:2199,yyget_text
FNDA:0,yyget_text
FN:2208,yyset_lineno
FNDA:0,yyset_lineno
FN:2220,yyset_in
FNDA:0,yyset_in
FN:2225,yyset_out
FNDA:0,yyset_out
FN:2230,yyget_debug
FNDA:0,yyget_debug
FN:2235,yyset_debug
FNDA:0,yyset_debug
FN:2269,yylex_destroy
FNDA:0,yylex_destroy
FN:2315,yyalloc
FNDA:0,yyalloc
FN:2320,yyrealloc
FNDA:0,yyrealloc
FN:2333,yyfree
FNDA:0,yyfree
DA:843,0
DA:845,0
DA:846,0
DA:847,0
DA:849,0
DA:851,0
DA:857,0
DA:858,0
DA:860,0
DA:861,0
DA:863,0
DA:864,0
DA:866,0
DA:867,0
DA:868,0
DA:869,0
DA:872,0
DA:883,0
DA:885,0
DA:888,0
DA:893,0
DA:895,0
DA:896,0
DA:897,0
DA:899,0
DA:900,0
DA:902,0
DA:903,0
DA:905,0
DA:907,0
DA:908,0
DA:909,0
DA:911,0
DA:912,0
DA:914,0
DA:916,0
DA:917,0
DA:918,0
DA:920,0
DA:921,0
DA:922,0
DA:925,0
DA:927,0
DA:929,0
DA:931,0
DA:933,0
DA:934,0
DA:935,0
DA:936,0
DA:938,0
DA:1339,0
DA:1342,0
DA:1345,0
DA:1348,0
DA:1359,0
DA:1360,0
DA:1361,0
DA:1371,0
DA:1373,0
DA:1375,0
DA:1377,0
DA:1388,0
DA:1390,0
DA:1392,0
DA:1395,0
DA:1396,0
DA:1397,0
DA:1402,0
DA:1403,0
DA:1407,0
DA:1409,0
DA:1411,0
DA:1413,0
DA:1424,0
DA:1426,0
DA:1427,0
DA:1432,0
DA:1433,0
DA:1438,0
DA:1439,0
DA:1440,0
DA:1442,0
DA:1444,0
DA:1445,0
DA:1446,0
DA:1448,0
DA:1449,0
DA:1450,0
DA:1452,0
DA:1454,0
DA:1455,0
DA:1456,0
DA:1461,0
DA:1462,0
DA:1476,0
DA:1478,0
DA:1479,0
DA:1480,0
DA:1481,0
DA:1483,0
DA:1484,0
DA:1487,0
DA:1489,0
DA:1502,0
DA:1509,0
DA:1511,0
DA:1512,0
DA:1514,0
DA:1518,0
DA:1522,0
DA:1523,0
DA:1525,0
DA:1529,0
DA:1531,0
DA:1532,0
DA:1534,0
DA:1536,0
DA:1538,0
DA:1539,0
DA:1541,0
DA:1543,0
DA:1545,0
DA:1546,0
DA:1550,0
DA:1552,0
DA:1553,0
DA:1556,0
DA:1558,0
DA:1563,0
DA:1567,0
DA:1568,0
DA:1570,0
DA:1573,0
DA:1575,0
DA:1577,0
DA:1578,0
DA:1583,0
DA:1584,0
DA:1592,0
DA:1594,0
DA:1595,0
DA:1596,0
DA:1597,0
DA:1598,0
DA:1600,0
DA:1603,0
DA:1604,0
DA:1605,0
DA:1607,0
DA:1609,0
DA:1614,0
DA:1616,0
DA:1617,0
DA:1619,0
DA:1621,0
DA:1623,0
DA:1624,0
DA:1626,0
DA:1627,0
DA:1629,0
DA:1631,0
DA:1632,0
DA:1633,0
DA:1635,0
DA:1638,0
DA:1646,0
DA:1648,0
DA:1649,0
DA:1651,0
DA:1652,0
DA:1654,0
DA:1655,0
DA:1657,0
DA:1659,0
DA:1660,0
DA:1663,0
DA:1664,0
DA:1666,0
DA:1789,0
DA:1792,0
DA:1793,0
DA:1794,0
DA:1795,0
DA:1798,0
DA:1799,0
DA:1800,0
DA:1806,0
DA:1814,0
DA:1815,0
DA:1818,0
DA:1821,0
DA:1822,0
DA:1823,0
DA:1826,0
DA:1827,0
DA:1834,0
DA:1837,0
DA:1839,0
DA:1840,0
DA:1841,0
DA:1842,0
DA:1843,0
DA:1851,0
DA:1853,0
DA:1855,0
DA:1856,0
DA:1857,0
DA:1859,0
DA:1864,0
DA:1865,0
DA:1866,0
DA:1868,0
DA:1870,0
DA:1872,0
DA:1879,0
DA:1882,0
DA:1885,0
DA:1886,0
DA:1888,0
DA:1889,0
DA:1891,0
DA:1898,0
DA:1901,0
DA:1903,0
DA:1905,0
DA:1906,0
DA:1912,0
DA:1913,0
DA:1914,0
DA:1917,0
DA:1919,0
DA:1920,0
DA:1926,0
DA:1928,0
DA:1931,0
DA:1937,0
DA:1938,0
DA:1940,0
DA:1942,0
DA:1943,0
DA:1945,0
DA:1946,0
DA:1955,0
DA:1957,0
DA:1960,0
DA:1963,0
DA:1966,0
DA:1967,0
DA:1968,0
DA:1972,0
DA:1973,0
DA:1974,0
DA:1977,0
DA:1978,0
DA:1985,0
DA:1987,0
DA:1990,0
DA:1991,0
DA:1992,0
DA:1993,0
DA:1995,0
DA:1996,0
DA:1997,0
DA:2004,0
DA:2006,0
DA:2008,0
DA:2014,0
DA:2015,0
DA:2018,0
DA:2019,0
DA:2021,0
DA:2023,0
DA:2024,0
DA:2025,0
DA:2028,0
DA:2031,0
DA:2033,0
DA:2034,0
DA:2038,0
DA:2039,0
DA:2042,0
DA:2043,0
DA:2053,0
DA:2055,0
DA:2057,0
DA:2058,0
DA:2059,0
DA:2063,0
DA:2064,0
DA:2065,0
DA:2067,0
DA:2068,0
DA:2069,0
DA:2070,0
DA:2071,0
DA:2072,0
DA:2073,0
DA:2074,0
DA:2075,0
DA:2077,0
DA:2079,0
DA:2090,0
DA:2093,0
DA:2103,0
DA:2105,0
DA:2106,0
DA:2107,0
DA:2108,0
DA:2111,0
DA:2112,0
DA:2113,0
DA:2114,0
DA:2116,0
DA:2117,0
DA:2119,0
DA:2121,0
DA:2122,0
DA:2123,0
DA:2128,0
DA:2130,0
DA:2137,0
DA:2139,0
DA:2140,0
DA:2165,0
DA:2168,0
DA:2174,0
DA:2176,0
DA:2182,0
DA:2184,0
DA:2190,0
DA:2192,0
DA:2199,0
DA:2201,0
DA:2208,0
DA:2211,0
DA:2212,0
DA:2220,0
DA:2222,0
DA:2223,0
DA:2225,0
DA:2227,0
DA:2228,0
DA:2230,0
DA:2232,0
DA:2235,0
DA:2237,0
DA:2238,0
DA:2240,0
DA:2246,0
DA:2247,0
DA:2248,0
DA:2249,0
DA:2250,0
DA:2251,0
DA:2258,0
DA:2259,0
DA:2265,0
DA:2269,0
DA:2273,0
DA:2274,0
DA:2275,0
DA:2276,0
DA:2280,0
DA:2281,0
DA:2285,0
DA:2287,0
DA:2315,0
DA:2317,0
DA:2320,0
DA:2330,0
DA:2333,0
DA:2335,0
DA:2336,0
end_of_record
SF:/workspace/vtr-verilog-to-routing/ODIN_II/SRC/verilog_flex.l
DA:43,0
DA:44,0
DA:45,0
DA:46,0
DA:47,0
DA:48,0
DA:49,0
DA:50,0
DA:51,0
DA:52,0
DA:53,0
DA:54,0
DA:55,0
DA:56,0
DA:57,0
DA:58,0
DA:59,0
DA:60,0
DA:61,0
DA:62,0
DA:63,0
DA:64,0
DA:65,0
DA:66,0
DA:67,0
DA:68,0
DA:69,0
DA:70,0
DA:71,0
DA:72,0
DA:73,0
DA:74,0
DA:75,0
DA:76,0
DA:77,0
DA:78,0
DA:79,0
DA:80,0
DA:81,0
DA:82,0
DA:83,0
DA:84,0
DA:85,0
DA:86,0
DA:87,0
DA:88,0
DA:89,0
DA:90,0
DA:91,0
DA:92,0
DA:93,0
DA:95,0
DA:96,0
DA:97,0
DA:98,0
DA:99,0
DA:100,0
DA:101,0
DA:102,0
DA:103,0
DA:104,0
DA:105,0
DA:106,0
DA:107,0
DA:108,0
DA:109,0
DA:110,0
DA:111,0
DA:112,0
DA:113,0
DA:114,0
DA:115,0
DA:117,0
DA:118,0
DA:120,0
DA:121,0
DA:122,0
DA:124,0
DA:125,0
DA:126,0
DA:127,0
DA:128,0
DA:129,0
DA:130,0
DA:131,0
end_of_record
SF:/usr/include/x86_64-linux-gnu/bits/stdio2.h
DA:98,0
DA:100,0
DA:105,0
DA:107,0
DA:284,0
DA:287,0
DA:289,0
DA:290,0
DA:292,0
DA:294,0
DA:295,0
DA:297,0
end_of_record
TN:
SF:/workspace/vtr-verilog-to-routing/ODIN_II/SRC/netlist_visualizer.c
FN:42,graphVizOutputNetlist
FNDA:0,graphVizOutputNetlist
FN:64,depth_first_traversal_graph_display
FNDA:0,depth_first_traversal_graph_display
FN:86,depth_first_traverse_visualize
FNDA:0,depth_first_traverse_visualize
FN:180,graphVizOutputCombinationalNet
FNDA:0,graphVizOutputCombinationalNet
FN:203,forward_traversal_net_graph_display
FNDA:0,forward_traversal_net_graph_display
FN:305,backward_traversal_net_graph_display
FNDA:0,backward_traversal_net_graph_display
DA:42,0
DA:44,0
DA:45,0
DA:48,0
DA:49,0
DA:52,0
DA:54,0
DA:57,0
DA:58,0
DA:59,0
DA:64,0
DA:66,0
DA:69,0
DA:71,0
DA:73,0
DA:77,0
DA:78,0
DA:79,0
DA:80,0
DA:81,0
DA:86,0
DA:88,0
DA:89,0
DA:90,0
DA:92,0
DA:99,0
DA:100,0
DA:103,0
DA:105,0
DA:106,0
DA:108,0
DA:110,0
DA:112,0
DA:114,0
DA:116,0
DA:118,0
DA:120,0
DA:124,0
DA:126,0
DA:128,0
DA:130,0
DA:131,0
DA:134,0
DA:135,0
DA:137,0
DA:138,0
DA:139,0
DA:146,0
DA:147,0
DA:149,0
DA:152,0
DA:153,0
DA:155,0
DA:158,0
DA:159,0
DA:162,0
DA:163,0
DA:164,0
DA:165,0
DA:167,0
DA:168,0
DA:171,0
DA:180,0
DA:182,0
DA:183,0
DA:186,0
DA:187,0
DA:190,0
DA:192,0
DA:193,0
DA:196,0
DA:197,0
DA:198,0
DA:203,0
DA:205,0
DA:206,0
DA:207,0
DA:208,0
DA:209,0
DA:210,0
DA:212,0
DA:213,0
DA:215,0
DA:217,0
DA:220,0
DA:223,0
DA:224,0
DA:226,0
DA:228,0
DA:230,0
DA:232,0
DA:234,0
DA:236,0
DA:238,0
DA:240,0
DA:242,0
DA:246,0
DA:248,0
DA:251,0
DA:253,0
DA:254,0
DA:256,0
DA:258,0
DA:259,0
DA:262,0
DA:264,0
DA:265,0
DA:267,0
DA:268,0
DA:269,0
DA:272,0
DA:273,0
DA:275,0
DA:278,0
DA:279,0
DA:282,0
DA:284,0
DA:285,0
DA:287,0
DA:290,0
DA:291,0
DA:292,0
DA:298,0
DA:300,0
DA:305,0
DA:307,0
DA:308,0
DA:309,0
DA:310,0
DA:311,0
DA:312,0
DA:314,0
DA:315,0
DA:317,0
DA:319,0
DA:322,0
DA:325,0
DA:326,0
DA:328,0
DA:330,0
DA:332,0
DA:334,0
DA:336,0
DA:338,0
DA:340,0
DA:342,0
DA:346,0
DA:349,0
DA:352,0
DA:354,0
DA:355,0
DA:357,0
DA:358,0
DA:361,0
DA:363,0
DA:364,0
DA:366,0
DA:367,0
DA:369,0
DA:371,0
DA:372,0
DA:374,0
DA:377,0
DA:378,0
DA:379,0
DA:384,0
DA:386,0
end_of_record
SF:/usr/include/x86_64-linux-gnu/bits/stdio2.h
DA:34,0
DA:36,0
DA:98,0
DA:100,0
end_of_record
TN:
SF:/usr/include/x86_64-linux-gnu/bits/string_fortified.h
DA:88,0
DA:90,0
DA:126,0
DA:128,0
end_of_record
SF:/workspace/vtr-verilog-to-routing/ODIN_II/SRC/multipliers.c
FN:62,instantiate_simple_soft_multiplier
FNDA:0,instantiate_simple_soft_multiplier
FN:245,init_mult_distribution
FNDA:0,init_mult_distribution
FN:260,record_mult_distribution
FNDA:0,record_mult_distribution
FN:277,report_mult_distribution
FNDA:0,report_mult_distribution
FN:306,find_hard_multipliers
FNDA:0,find_hard_multipliers
FN:329,declare_hard_multiplier
FNDA:0,declare_hard_multiplier
FN:370,instantiate_hard_multiplier
FNDA:0,instantiate_hard_multiplier
FN:413,add_the_blackbox_for_mults
FNDA:0,add_the_blackbox_for_mults
FN:494,define_mult_function
FNDA:0,define_mult_function
FN:590,init_split_multiplier
FNDA:0,init_split_multiplier
FN:638,init_cascade_adder
FNDA:0,init_cascade_adder
FN:700,split_multiplier
FNDA:0,split_multiplier
FN:806,split_multiplier_a
FNDA:0,split_multiplier_a
FN:882,split_multiplier_b
FNDA:0,split_multiplier_b
FN:949,pad_multiplier
FNDA:0,pad_multiplier
FN:1057,iterate_multipliers
FNDA:0,iterate_multipliers
FN:1135,clean_multipliers
FNDA:0,clean_multipliers
DA:62,0
DA:64,0
DA:65,0
DA:66,0
DA:67,0
DA:68,0
DA:69,0
DA:70,0
DA:71,0
DA:72,0
DA:73,0
DA:74,0
DA:79,0
DA:80,0
DA:81,0
DA:82,0
DA:83,0
DA:84,0
DA:85,0
DA:86,0
DA:87,0
DA:89,0
DA:90,0
DA:92,0
DA:95,0
DA:98,0
DA:101,0
DA:103,0
DA:105,0
DA:108,0
DA:111,0
DA:116,0
DA:118,0
DA:121,0
DA:124,0
DA:129,0
DA:133,0
DA:136,0
DA:141,0
DA:147,0
DA:149,0
DA:152,0
DA:155,0
DA:158,0
DA:163,0
DA:166,0
DA:169,0
DA:173,0
DA:176,0
DA:179,0
DA:183,0
DA:190,0
DA:192,0
DA:195,0
DA:197,0
DA:200,0
DA:202,0
DA:205,0
DA:210,0
DA:211,0
DA:216,0
DA:218,0
DA:222,0
DA:224,0
DA:227,0
DA:230,0
DA:232,0
DA:235,0
DA:237,0
DA:239,0
DA:245,0
DA:247,0
DA:249,0
DA:250,0
DA:251,0
DA:252,0
DA:253,0
DA:254,0
DA:260,0
DA:262,0
DA:264,0
DA:265,0
DA:267,0
DA:268,0
DA:270,0
DA:271,0
DA:277,0
DA:279,0
DA:280,0
DA:282,0
DA:285,0
DA:286,0
DA:287,0
DA:289,0
DA:291,0
DA:293,0
DA:294,0
DA:298,0
DA:299,0
DA:306,0
DA:308,0
DA:309,0
DA:310,0
DA:312,0
DA:314,0
DA:315,0
DA:319,0
DA:329,0
DA:331,0
DA:332,0
DA:335,0
DA:337,0
DA:339,0
DA:340,0
DA:341,0
DA:342,0
DA:343,0
DA:345,0
DA:346,0
DA:347,0
DA:349,0
DA:351,0
DA:354,0
DA:358,0
DA:359,0
DA:360,0
DA:361,0
DA:362,0
DA:363,0
DA:364,0
DA:370,0
DA:372,0
DA:373,0
DA:375,0
DA:378,0
DA:379,0
DA:380,0
DA:383,0
DA:384,0
DA:386,0
DA:388,0
DA:389,0
DA:392,0
DA:394,0
DA:396,0
DA:398,0
DA:399,0
DA:400,0
DA:401,0
DA:403,0
DA:404,0
DA:405,0
DA:406,0
DA:413,0
DA:415,0
DA:416,0
DA:417,0
DA:418,0
DA:419,0
DA:420,0
DA:421,0
DA:424,0
DA:425,0
DA:428,0
DA:429,0
DA:430,0
DA:431,0
DA:432,0
DA:435,0
DA:436,0
DA:440,0
DA:443,0
DA:444,0
DA:446,0
DA:449,0
DA:450,0
DA:451,0
DA:453,0
DA:455,0
DA:459,0
DA:462,0
DA:463,0
DA:465,0
DA:467,0
DA:470,0
DA:471,0
DA:473,0
DA:474,0
DA:476,0
DA:477,0
DA:480,0
DA:482,0
DA:483,0
DA:484,0
DA:485,0
DA:487,0
DA:494,0
DA:496,0
DA:497,0
DA:498,0
DA:500,0
DA:501,0
DA:502,0
DA:503,0
DA:504,0
DA:506,0
DA:508,0
DA:510,0
DA:514,0
DA:516,0
DA:517,0
DA:519,0
DA:523,0
DA:524,0
DA:526,0
DA:531,0
DA:533,0
DA:535,0
DA:536,0
DA:537,0
DA:539,0
DA:540,0
DA:542,0
DA:546,0
DA:547,0
DA:548,0
DA:550,0
DA:551,0
DA:552,0
DA:554,0
DA:555,0
DA:557,0
DA:560,0
DA:562,0
DA:563,0
DA:565,0
DA:569,0
DA:571,0
DA:572,0
DA:574,0
DA:575,0
DA:577,0
DA:580,0
DA:581,0
DA:590,0
DA:592,0
DA:595,0
DA:596,0
DA:597,0
DA:598,0
DA:601,0
DA:602,0
DA:603,0
DA:604,0
DA:605,0
DA:606,0
DA:607,0
DA:610,0
DA:611,0
DA:612,0
DA:614,0
DA:615,0
DA:617,0
DA:619,0
DA:620,0
DA:624,0
DA:625,0
DA:626,0
DA:627,0
DA:629,0
DA:638,0
DA:640,0
DA:642,0
DA:643,0
DA:644,0
DA:645,0
DA:648,0
DA:649,0
DA:652,0
DA:653,0
DA:654,0
DA:655,0
DA:656,0
DA:657,0
DA:658,0
DA:661,0
DA:662,0
DA:663,0
DA:664,0
DA:665,0
DA:668,0
DA:669,0
DA:670,0
DA:671,0
DA:672,0
DA:700,0
DA:702,0
DA:703,0
DA:706,0
DA:707,0
DA:710,0
DA:711,0
DA:712,0
DA:713,0
DA:714,0
DA:715,0
DA:718,0
DA:719,0
DA:720,0
DA:721,0
DA:722,0
DA:723,0
DA:726,0
DA:727,0
DA:728,0
DA:729,0
DA:730,0
DA:731,0
DA:734,0
DA:735,0
DA:736,0
DA:737,0
DA:738,0
DA:739,0
DA:742,0
DA:743,0
DA:744,0
DA:745,0
DA:746,0
DA:749,0
DA:750,0
DA:751,0
DA:752,0
DA:753,0
DA:754,0
DA:757,0
DA:758,0
DA:759,0
DA:760,0
DA:763,0
DA:764,0
DA:765,0
DA:766,0
DA:767,0
DA:768,0
DA:769,0
DA:770,0
DA:773,0
DA:774,0
DA:777,0
DA:778,0
DA:779,0
DA:782,0
DA:783,0
DA:784,0
DA:786,0
DA:806,0
DA:808,0
DA:809,0
DA:812,0
DA:813,0
DA:816,0
DA:817,0
DA:818,0
DA:819,0
DA:820,0
DA:821,0
DA:824,0
DA:825,0
DA:826,0
DA:827,0
DA:828,0
DA:829,0
DA:832,0
DA:833,0
DA:834,0
DA:835,0
DA:836,0
DA:839,0
DA:840,0
DA:841,0
DA:842,0
DA:843,0
DA:844,0
DA:847,0
DA:848,0
DA:850,0
DA:851,0
DA:854,0
DA:855,0
DA:856,0
DA:859,0
DA:860,0
DA:861,0
DA:862,0
DA:882,0
DA:884,0
DA:885,0
DA:888,0
DA:889,0
DA:892,0
DA:893,0
DA:894,0
DA:895,0
DA:896,0
DA:897,0
DA:900,0
DA:901,0
DA:902,0
DA:903,0
DA:904,0
DA:905,0
DA:908,0
DA:909,0
DA:910,0
DA:911,0
DA:912,0
DA:915,0
DA:916,0
DA:917,0
DA:918,0
DA:919,0
DA:920,0
DA:923,0
DA:924,0
DA:926,0
DA:927,0
DA:930,0
DA:931,0
DA:932,0
DA:935,0
DA:936,0
DA:937,0
DA:938,0
DA:949,0
DA:951,0
DA:952,0
DA:954,0
DA:956,0
DA:958,0
DA:959,0
DA:961,0
DA:962,0
DA:963,0
DA:964,0
DA:967,0
DA:968,0
DA:969,0
DA:971,0
DA:973,0
DA:974,0
DA:976,0
DA:977,0
DA:978,0
DA:979,0
DA:980,0
DA:981,0
DA:983,0
DA:984,0
DA:985,0
DA:991,0
DA:993,0
DA:996,0
DA:998,0
DA:1000,0
DA:1004,0
DA:1006,0
DA:1007,0
DA:1009,0
DA:1012,0
DA:1015,0
DA:1018,0
DA:1020,0
DA:1021,0
DA:1023,0
DA:1026,0
DA:1031,0
DA:1033,0
DA:1034,0
DA:1037,0
DA:1039,0
DA:1040,0
DA:1042,0
DA:1045,0
DA:1057,0
DA:1059,0
DA:1060,0
DA:1061,0
DA:1062,0
DA:1065,0
DA:1068,0
DA:1069,0
DA:1070,0
DA:1072,0
DA:1073,0
DA:1074,0
DA:1077,0
DA:1079,0
DA:1080,0
DA:1082,0
DA:1084,0
DA:1085,0
DA:1087,0
DA:1089,0
DA:1090,0
DA:1091,0
DA:1093,0
DA:1094,0
DA:1095,0
DA:1099,0
DA:1101,0
DA:1102,0
DA:1103,0
DA:1104,0
DA:1105,0
DA:1107,0
DA:1109,0
DA:1110,0
DA:1111,0
DA:1113,0
DA:1115,0
DA:1116,0
DA:1117,0
DA:1119,0
DA:1122,0
DA:1123,0
DA:1135,0
DA:1137,0
DA:1138,0
DA:1139,0
end_of_record
SF:/usr/include/x86_64-linux-gnu/bits/stdio2.h
DA:34,0
DA:36,0
DA:98,0
DA:100,0
DA:105,0
DA:107,0
end_of_record
TN:
SF:/usr/include/x86_64-linux-gnu/bits/stdio2.h
DA:105,0
DA:107,0
end_of_record
SF:/workspace/vtr-verilog-to-routing/ODIN_II/SRC/partial_map.c
FN:65,partial_map_top
FNDA:0,partial_map_top
FN:78,depth_first_traversal_to_partial_map
FNDA:0,depth_first_traversal_to_partial_map
FN:99,depth_first_traverse_parital_map
FNDA:0,depth_first_traverse_parital_map
FN:144,partial_map_node
FNDA:0,partial_map_node
FN:290,instantiate_soft_logic_ram
FNDA:0,instantiate_soft_logic_ram
FN:305,instantiate_multi_port_mux
FNDA:0,instantiate_multi_port_mux
FN:354,instantiate_not_logic
FNDA:0,instantiate_not_logic
FN:382,instantiate_buffer
FNDA:0,instantiate_buffer
FN:403,instantiate_logical_logic
FNDA:0,instantiate_logical_logic
FN:466,instantiate_bitwise_reduction
FNDA:0,instantiate_bitwise_reduction
FN:535,instantiate_bitwise_logic
FNDA:0,instantiate_bitwise_logic
FN:630,instantiate_add_w_carry
FNDA:0,instantiate_add_w_carry
FN:716,instantiate_sub_w_carry
FNDA:0,instantiate_sub_w_carry
FN:806,instantiate_unary_sub
FNDA:0,instantiate_unary_sub
FN:874,instantiate_EQUAL
FNDA:0,instantiate_EQUAL
FN:960,instantiate_GT
FNDA:0,instantiate_GT
FN:1107,instantiate_GE
FNDA:0,instantiate_GE
FN:1188,instantiate_shift_left_or_right
FNDA:0,instantiate_shift_left_or_right
DA:65,0
DA:68,0
DA:71,0
DA:73,0
DA:78,0
DA:80,0
DA:83,0
DA:85,0
DA:87,0
DA:91,0
DA:92,0
DA:93,0
DA:94,0
DA:99,0
DA:101,0
DA:102,0
DA:103,0
DA:105,0
DA:114,0
DA:116,0
DA:118,0
DA:119,0
DA:121,0
DA:122,0
DA:124,0
DA:125,0
DA:127,0
DA:128,0
DA:129,0
DA:132,0
DA:137,0
DA:144,0
DA:146,0
DA:148,0
DA:149,0
DA:150,0
DA:151,0
DA:152,0
DA:153,0
DA:155,0
DA:161,0
DA:163,0
DA:165,0
DA:167,0
DA:170,0
DA:173,0
DA:179,0
DA:181,0
DA:189,0
DA:190,0
DA:191,0
DA:192,0
DA:193,0
DA:195,0
DA:197,0
DA:199,0
DA:202,0
DA:204,0
DA:206,0
DA:207,0
DA:208,0
DA:210,0
DA:211,0
DA:212,0
DA:214,0
DA:215,0
DA:216,0
DA:218,0
DA:219,0
DA:220,0
DA:221,0
DA:222,0
DA:223,0
DA:225,0
DA:227,0
DA:228,0
DA:232,0
DA:235,0
DA:238,0
DA:239,0
DA:240,0
DA:242,0
DA:243,0
DA:246,0
DA:248,0
DA:252,0
DA:253,0
DA:258,0
DA:263,0
DA:265,0
DA:267,0
DA:280,0
DA:285,0
DA:286,0
DA:288,0
DA:290,0
DA:292,0
DA:293,0
DA:294,0
DA:295,0
DA:297,0
DA:298,0
DA:305,0
DA:307,0
DA:308,0
DA:309,0
DA:310,0
DA:311,0
DA:314,0
DA:315,0
DA:316,0
DA:318,0
DA:319,0
DA:321,0
DA:324,0
DA:326,0
DA:328,0
DA:331,0
DA:333,0
DA:338,0
DA:341,0
DA:343,0
DA:347,0
DA:349,0
DA:354,0
DA:356,0
DA:357,0
DA:358,0
DA:360,0
DA:362,0
DA:364,0
DA:368,0
DA:371,0
DA:372,0
DA:375,0
DA:376,0
DA:382,0
DA:384,0
DA:385,0
DA:388,0
DA:390,0
DA:393,0
DA:396,0
DA:398,0
DA:403,0
DA:405,0
DA:406,0
DA:407,0
DA:408,0
DA:409,0
DA:410,0
DA:411,0
DA:413,0
DA:414,0
DA:415,0
DA:417,0
DA:418,0
DA:419,0
DA:422,0
DA:423,0
DA:424,0
DA:427,0
DA:430,0
DA:432,0
DA:440,0
DA:443,0
DA:445,0
DA:454,0
DA:455,0
DA:457,0
DA:458,0
DA:460,0
DA:461,0
DA:466,0
DA:468,0
DA:469,0
DA:470,0
DA:471,0
DA:473,0
DA:474,0
DA:475,0
DA:477,0
DA:479,0
DA:485,0
DA:487,0
DA:488,0
DA:489,0
DA:491,0
DA:492,0
DA:493,0
DA:495,0
DA:496,0
DA:497,0
DA:499,0
DA:500,0
DA:501,0
DA:503,0
DA:504,0
DA:505,0
DA:506,0
DA:507,0
DA:511,0
DA:514,0
DA:517,0
DA:519,0
DA:528,0
DA:529,0
DA:535,0
DA:537,0
DA:538,0
DA:539,0
DA:540,0
DA:541,0
DA:542,0
DA:543,0
DA:545,0
DA:546,0
DA:548,0
DA:549,0
DA:550,0
DA:551,0
DA:553,0
DA:573,0
DA:574,0
DA:575,0
DA:578,0
DA:579,0
DA:582,0
DA:586,0
DA:589,0
DA:591,0
DA:594,0
DA:599,0
DA:603,0
DA:605,0
DA:609,0
DA:614,0
DA:618,0
DA:621,0
DA:622,0
DA:630,0
DA:632,0
DA:633,0
DA:634,0
DA:635,0
DA:636,0
DA:637,0
DA:639,0
DA:640,0
DA:641,0
DA:642,0
DA:643,0
DA:645,0
DA:646,0
DA:649,0
DA:651,0
DA:653,0
DA:658,0
DA:659,0
DA:661,0
DA:665,0
DA:667,0
DA:670,0
DA:671,0
DA:672,0
DA:676,0
DA:677,0
DA:678,0
DA:681,0
DA:684,0
DA:685,0
DA:686,0
DA:690,0
DA:691,0
DA:692,0
DA:696,0
DA:700,0
DA:702,0
DA:703,0
DA:704,0
DA:707,0
DA:708,0
DA:709,0
DA:716,0
DA:718,0
DA:719,0
DA:720,0
DA:721,0
DA:722,0
DA:723,0
DA:724,0
DA:726,0
DA:727,0
DA:728,0
DA:729,0
DA:730,0
DA:732,0
DA:733,0
DA:734,0
DA:737,0
DA:739,0
DA:740,0
DA:741,0
DA:743,0
DA:748,0
DA:749,0
DA:751,0
DA:755,0
DA:757,0
DA:760,0
DA:761,0
DA:762,0
DA:766,0
DA:767,0
DA:768,0
DA:771,0
DA:774,0
DA:778,0
DA:782,0
DA:783,0
DA:784,0
DA:787,0
DA:791,0
DA:793,0
DA:794,0
DA:795,0
DA:798,0
DA:799,0
DA:800,0
DA:806,0
DA:808,0
DA:809,0
DA:810,0
DA:811,0
DA:812,0
DA:814,0
DA:815,0
DA:816,0
DA:818,0
DA:819,0
DA:820,0
DA:823,0
DA:825,0
DA:826,0
DA:827,0
DA:829,0
DA:834,0
DA:835,0
DA:837,0
DA:841,0
DA:844,0
DA:845,0
DA:846,0
DA:847,0
DA:849,0
DA:850,0
DA:851,0
DA:854,0
DA:858,0
DA:860,0
DA:861,0
DA:862,0
DA:865,0
DA:866,0
DA:867,0
DA:874,0
DA:876,0
DA:877,0
DA:878,0
DA:879,0
DA:880,0
DA:881,0
DA:882,0
DA:884,0
DA:885,0
DA:886,0
DA:887,0
DA:888,0
DA:889,0
DA:890,0
DA:893,0
DA:895,0
DA:896,0
DA:900,0
DA:901,0
DA:907,0
DA:910,0
DA:912,0
DA:915,0
DA:920,0
DA:924,0
DA:926,0
DA:930,0
DA:935,0
DA:940,0
DA:944,0
DA:946,0
DA:947,0
DA:949,0
DA:952,0
DA:953,0
DA:960,0
DA:962,0
DA:963,0
DA:964,0
DA:965,0
DA:966,0
DA:967,0
DA:968,0
DA:969,0
DA:970,0
DA:971,0
DA:972,0
DA:973,0
DA:974,0
DA:976,0
DA:977,0
DA:978,0
DA:979,0
DA:980,0
DA:981,0
DA:982,0
DA:985,0
DA:987,0
DA:988,0
DA:989,0
DA:990,0
DA:992,0
DA:994,0
DA:995,0
DA:996,0
DA:997,0
DA:1001,0
DA:1002,0
DA:1003,0
DA:1004,0
DA:1005,0
DA:1009,0
DA:1011,0
DA:1013,0
DA:1015,0
DA:1017,0
DA:1019,0
DA:1020,0
DA:1022,0
DA:1027,0
DA:1030,0
DA:1033,0
DA:1034,0
DA:1035,0
DA:1040,0
DA:1041,0
DA:1042,0
DA:1045,0
DA:1049,0
DA:1050,0
DA:1051,0
DA:1056,0
DA:1057,0
DA:1058,0
DA:1061,0
DA:1064,0
DA:1067,0
DA:1072,0
DA:1076,0
DA:1077,0
DA:1083,0
DA:1087,0
DA:1089,0
DA:1091,0
DA:1096,0
DA:1097,0
DA:1099,0
DA:1100,0
DA:1107,0
DA:1109,0
DA:1110,0
DA:1111,0
DA:1112,0
DA:1113,0
DA:1114,0
DA:1115,0
DA:1116,0
DA:1117,0
DA:1119,0
DA:1120,0
DA:1121,0
DA:1122,0
DA:1123,0
DA:1124,0
DA:1125,0
DA:1126,0
DA:1128,0
DA:1129,0
DA:1132,0
DA:1134,0
DA:1135,0
DA:1137,0
DA:1140,0
DA:1143,0
DA:1146,0
DA:1147,0
DA:1152,0
DA:1153,0
DA:1156,0
DA:1160,0
DA:1161,0
DA:1166,0
DA:1167,0
DA:1170,0
DA:1171,0
DA:1174,0
DA:1175,0
DA:1178,0
DA:1180,0
DA:1181,0
DA:1182,0
DA:1188,0
DA:1191,0
DA:1192,0
DA:1193,0
DA:1194,0
DA:1196,0
DA:1198,0
DA:1201,0
DA:1205,0
DA:1206,0
DA:1209,0
DA:1211,0
DA:1216,0
DA:1219,0
DA:1223,0
DA:1226,0
DA:1229,0
DA:1232,0
DA:1233,0
DA:1241,0
DA:1244,0
DA:1248,0
DA:1251,0
DA:1253,0
DA:1256,0
DA:1257,0
DA:1261,0
DA:1263,0
DA:1266,0
DA:1267,0
end_of_record
TN:
SF:/usr/include/x86_64-linux-gnu/bits/stdio2.h
DA:98,0
DA:100,0
DA:127,0
DA:130,0
end_of_record
SF:/workspace/vtr-verilog-to-routing/ODIN_II/SRC/errors.c
FN:36,error_message
FNDA:0,error_message
FN:63,warning_message
FNDA:0,warning_message
DA:36,0
DA:38,0
DA:40,0
DA:42,0
DA:43,0
DA:44,0
DA:45,0
DA:46,0
DA:47,0
DA:49,0
DA:50,0
DA:51,0
DA:52,0
DA:55,0
DA:57,0
DA:63,0
DA:65,0
DA:66,0
DA:67,0
DA:68,0
DA:70,0
DA:71,0
DA:72,0
DA:75,0
DA:76,0
DA:77,0
DA:78,0
DA:79,0
DA:80,0
DA:81,0
DA:83,0
DA:84,0
DA:85,0
DA:88,0
DA:89,0
end_of_record
TN:
SF:/workspace/vtr-verilog-to-routing/ODIN_II/SRC/node_creation_library.c
FN:40,get_pad_pin
FNDA:0,get_pad_pin
FN:52,get_zero_pin
FNDA:0,get_zero_pin
FN:64,get_one_pin
FNDA:0,get_one_pin
FN:77,make_not_gate_with_input
FNDA:0,make_not_gate_with_input
FN:94,make_not_gate
FNDA:0,make_not_gate
FN:115,make_1port_gate
FNDA:0,make_1port_gate
FN:138,make_1port_logic_gate
FNDA:0,make_1port_logic_gate
FN:149,make_1port_logic_gate_with_inputs
FNDA:0,make_1port_logic_gate_with_inputs
FN:169,make_3port_gate
FNDA:0,make_3port_gate
FN:196,make_2port_gate
FNDA:0,make_2port_gate
FN:264,node_name_based_on_op
FNDA:0,node_name_based_on_op
FN:408,hard_node_name
FNDA:0,hard_node_name
FN:424,node_name
FNDA:0,node_name
FN:442,make_mult_block
FNDA:0,make_mult_block
DA:40,0
DA:42,0
DA:43,0
DA:44,0
DA:45,0
DA:52,0
DA:54,0
DA:55,0
DA:56,0
DA:57,0
DA:64,0
DA:66,0
DA:67,0
DA:68,0
DA:69,0
DA:77,0
DA:79,0
DA:81,0
DA:84,0
DA:86,0
DA:94,0
DA:96,0
DA:98,0
DA:99,0
DA:100,0
DA:101,0
DA:102,0
DA:104,0
DA:105,0
DA:107,0
DA:115,0
DA:117,0
DA:119,0
DA:120,0
DA:121,0
DA:122,0
DA:123,0
DA:126,0
DA:127,0
DA:129,0
DA:130,0
DA:132,0
DA:138,0
DA:140,0
DA:142,0
DA:149,0
DA:151,0
DA:152,0
DA:154,0
DA:157,0
DA:159,0
DA:162,0
DA:169,0
DA:171,0
DA:172,0
DA:173,0
DA:174,0
DA:175,0
DA:178,0
DA:179,0
DA:180,0
DA:181,0
DA:182,0
DA:183,0
DA:185,0
DA:186,0
DA:188,0
DA:196,0
DA:198,0
DA:199,0
DA:200,0
DA:201,0
DA:202,0
DA:205,0
DA:206,0
DA:207,0
DA:208,0
DA:210,0
DA:211,0
DA:213,0
DA:264,0
DA:266,0
DA:268,0
DA:270,0
DA:271,0
DA:272,0
DA:273,0
DA:274,0
DA:275,0
DA:276,0
DA:277,0
DA:278,0
DA:279,0
DA:280,0
DA:281,0
DA:282,0
DA:283,0
DA:284,0
DA:285,0
DA:286,0
DA:287,0
DA:288,0
DA:289,0
DA:290,0
DA:291,0
DA:292,0
DA:293,0
DA:294,0
DA:295,0
DA:296,0
DA:297,0
DA:298,0
DA:299,0
DA:300,0
DA:301,0
DA:302,0
DA:303,0
DA:304,0
DA:305,0
DA:306,0
DA:307,0
DA:308,0
DA:309,0
DA:310,0
DA:311,0
DA:312,0
DA:313,0
DA:314,0
DA:315,0
DA:316,0
DA:317,0
DA:318,0
DA:319,0
DA:320,0
DA:321,0
DA:322,0
DA:323,0
DA:324,0
DA:325,0
DA:326,0
DA:327,0
DA:328,0
DA:329,0
DA:330,0
DA:331,0
DA:332,0
DA:333,0
DA:334,0
DA:335,0
DA:336,0
DA:337,0
DA:338,0
DA:339,0
DA:340,0
DA:341,0
DA:342,0
DA:343,0
DA:344,0
DA:345,0
DA:346,0
DA:347,0
DA:348,0
DA:349,0
DA:350,0
DA:351,0
DA:352,0
DA:353,0
DA:354,0
DA:355,0
DA:356,0
DA:357,0
DA:358,0
DA:359,0
DA:360,0
DA:361,0
DA:362,0
DA:363,0
DA:364,0
DA:365,0
DA:366,0
DA:367,0
DA:368,0
DA:369,0
DA:370,0
DA:371,0
DA:372,0
DA:373,0
DA:374,0
DA:375,0
DA:376,0
DA:377,0
DA:378,0
DA:379,0
DA:380,0
DA:381,0
DA:382,0
DA:383,0
DA:384,0
DA:385,0
DA:386,0
DA:387,0
DA:388,0
DA:389,0
DA:390,0
DA:391,0
DA:392,0
DA:393,0
DA:394,0
DA:395,0
DA:396,0
DA:397,0
DA:398,0
DA:401,0
DA:408,0
DA:410,0
DA:413,0
DA:415,0
DA:417,0
DA:424,0
DA:426,0
DA:429,0
DA:433,0
DA:435,0
DA:442,0
DA:444,0
DA:446,0
DA:447,0
DA:448,0
DA:449,0
DA:450,0
DA:451,0
DA:452,0
DA:453,0
DA:454,0
DA:456,0
DA:457,0
DA:459,0
end_of_record
TN:
SF:/workspace/vtr-verilog-to-routing/ODIN_II/SRC/netlist_utils.c
FN:39,allocate_nnode
FNDA:0,allocate_nnode
FN:88,free_nnode
FNDA:0,free_nnode
FN:141,allocate_more_input_pins
FNDA:0,allocate_more_input_pins
FN:163,allocate_more_output_pins
FNDA:0,allocate_more_output_pins
FN:184,add_output_port_information
FNDA:0,add_output_port_information
FN:194,add_input_port_information
FNDA:0,add_input_port_information
FN:204,allocate_npin
FNDA:0,allocate_npin
FN:231,copy_output_npin
FNDA:0,copy_output_npin
FN:248,copy_input_npin
FNDA:0,copy_input_npin
FN:269,free_npin
FNDA:0,free_npin
FN:279,allocate_nnet
FNDA:0,allocate_nnet
FN:301,free_nnet
FNDA:0,free_nnet
FN:312,move_output_pin
FNDA:0,move_output_pin
FN:332,move_input_pin
FNDA:0,move_input_pin
FN:352,add_input_pin_to_node
FNDA:0,add_input_pin_to_node
FN:368,add_fanout_pin_to_net
FNDA:0,add_fanout_pin_to_net
FN:386,add_output_pin_to_node
FNDA:0,add_output_pin_to_node
FN:402,add_driver_pin_to_net
FNDA:0,add_driver_pin_to_net
FN:420,combine_nets
FNDA:0,combine_nets
FN:452,join_nets
FNDA:0,join_nets
FN:480,remap_pin_to_new_net
FNDA:0,remap_pin_to_new_net
FN:501,remap_pin_to_new_node
FNDA:0,remap_pin_to_new_node
FN:521,connect_nodes
FNDA:0,connect_nodes
FN:561,init_signal_list
FNDA:0,init_signal_list
FN:578,add_pin_to_signal_list
FNDA:0,add_pin_to_signal_list
FN:588,combine_lists
FNDA:0,combine_lists
FN:606,combine_lists_without_freeing_originals
FNDA:0,combine_lists_without_freeing_originals
FN:623,copy_input_signals
FNDA:0,copy_input_signals
FN:637,copy_output_signals
FNDA:0,copy_output_signals
FN:655,compare_npin_t_names
FNDA:0,compare_npin_t_names
FN:662,sort_signal_list_alphabetically
FNDA:0,sort_signal_list_alphabetically
FN:672,make_output_pins_for_existing_node
FNDA:0,make_output_pins_for_existing_node
FN:705,free_signal_list
FNDA:0,free_signal_list
FN:722,hookup_input_pins_from_signal_list
FNDA:0,hookup_input_pins_from_signal_list
FN:751,hookup_hb_input_pins_from_signal_list
FNDA:0,hookup_hb_input_pins_from_signal_list
FN:777,hookup_output_pins_from_signal_list
FNDA:0,hookup_output_pins_from_signal_list
FN:806,count_nodes_in_netlist
FNDA:0,count_nodes_in_netlist
FN:829,depth_traverse_count
FNDA:0,depth_traverse_count
FN:871,allocate_netlist
FNDA:0,allocate_netlist
FN:920,free_netlist
FNDA:0,free_netlist
FN:930,add_node_to_netlist
FNDA:0,add_node_to_netlist
FN:983,mark_clock_node
FNDA:0,mark_clock_node
FN:1012,get_output_pin_index_from_mapping
FNDA:0,get_output_pin_index_from_mapping
FN:1029,get_output_port_index_from_mapping
FNDA:0,get_output_port_index_from_mapping
FN:1049,get_input_pin_index_from_mapping
FNDA:0,get_input_pin_index_from_mapping
FN:1066,get_input_port_index_from_mapping
FNDA:0,get_input_port_index_from_mapping
DA:39,0
DA:40,0
DA:42,0
DA:44,0
DA:45,0
DA:46,0
DA:47,0
DA:49,0
DA:50,0
DA:51,0
DA:52,0
DA:54,0
DA:55,0
DA:56,0
DA:57,0
DA:59,0
DA:60,0
DA:62,0
DA:63,0
DA:64,0
DA:65,0
DA:67,0
DA:69,0
DA:71,0
DA:72,0
DA:74,0
DA:75,0
DA:77,0
DA:79,0
DA:80,0
DA:82,0
DA:88,0
DA:90,0
DA:92,0
DA:96,0
DA:98,0
DA:100,0
DA:101,0
DA:104,0
DA:106,0
DA:107,0
DA:110,0
DA:112,0
DA:114,0
DA:115,0
DA:118,0
DA:120,0
DA:121,0
DA:124,0
DA:125,0
DA:126,0
DA:127,0
DA:129,0
DA:130,0
DA:133,0
DA:135,0
DA:141,0
DA:143,0
DA:145,0
DA:147,0
DA:148,0
DA:151,0
DA:152,0
DA:154,0
DA:156,0
DA:163,0
DA:165,0
DA:167,0
DA:169,0
DA:170,0
DA:173,0
DA:174,0
DA:176,0
DA:178,0
DA:184,0
DA:186,0
DA:187,0
DA:188,0
DA:189,0
DA:194,0
DA:196,0
DA:197,0
DA:198,0
DA:199,0
DA:204,0
DA:205,0
DA:207,0
DA:209,0
DA:210,0
DA:211,0
DA:212,0
DA:213,0
DA:214,0
DA:215,0
DA:217,0
DA:218,0
DA:220,0
DA:222,0
DA:223,0
DA:225,0
DA:231,0
DA:233,0
DA:234,0
DA:236,0
DA:237,0
DA:238,0
DA:239,0
DA:240,0
DA:241,0
DA:248,0
DA:250,0
DA:251,0
DA:253,0
DA:254,0
DA:255,0
DA:256,0
DA:257,0
DA:259,0
DA:262,0
DA:269,0
DA:271,0
DA:272,0
DA:274,0
DA:279,0
DA:281,0
DA:283,0
DA:285,0
DA:286,0
DA:287,0
DA:288,0
DA:289,0
DA:291,0
DA:292,0
DA:294,0
DA:301,0
DA:303,0
DA:305,0
DA:307,0
DA:312,0
DA:314,0
DA:316,0
DA:317,0
DA:318,0
DA:320,0
DA:321,0
DA:322,0
DA:324,0
DA:325,0
DA:326,0
DA:327,0
DA:332,0
DA:334,0
DA:336,0
DA:337,0
DA:338,0
DA:340,0
DA:341,0
DA:342,0
DA:344,0
DA:345,0
DA:346,0
DA:347,0
DA:352,0
DA:354,0
DA:355,0
DA:356,0
DA:358,0
DA:360,0
DA:361,0
DA:362,0
DA:363,0
DA:368,0
DA:370,0
DA:371,0
DA:372,0
DA:374,0
DA:375,0
DA:376,0
DA:378,0
DA:379,0
DA:380,0
DA:381,0
DA:386,0
DA:388,0
DA:389,0
DA:390,0
DA:392,0
DA:394,0
DA:395,0
DA:396,0
DA:397,0
DA:402,0
DA:404,0
DA:405,0
DA:406,0
DA:408,0
DA:410,0
DA:411,0
DA:412,0
DA:420,0
DA:424,0
DA:427,0
DA:430,0
DA:432,0
DA:435,0
DA:437,0
DA:439,0
DA:441,0
DA:445,0
DA:446,0
DA:452,0
DA:454,0
DA:456,0
DA:457,0
DA:459,0
DA:460,0
DA:461,0
DA:463,0
DA:468,0
DA:470,0
DA:472,0
DA:475,0
DA:480,0
DA:482,0
DA:485,0
DA:487,0
DA:489,0
DA:492,0
DA:494,0
DA:496,0
DA:501,0
DA:503,0
DA:505,0
DA:507,0
DA:509,0
DA:511,0
DA:513,0
DA:515,0
DA:521,0
DA:523,0
DA:525,0
DA:526,0
DA:528,0
DA:531,0
DA:533,0
DA:536,0
DA:537,0
DA:538,0
DA:539,0
DA:542,0
DA:544,0
DA:546,0
DA:552,0
DA:554,0
DA:561,0
DA:563,0
DA:564,0
DA:566,0
DA:567,0
DA:568,0
DA:569,0
DA:571,0
DA:578,0
DA:580,0
DA:581,0
DA:582,0
DA:583,0
DA:588,0
DA:590,0
DA:591,0
DA:594,0
DA:595,0
DA:597,0
DA:600,0
DA:606,0
DA:608,0
DA:610,0
DA:611,0
DA:614,0
DA:615,0
DA:618,0
DA:623,0
DA:625,0
DA:626,0
DA:627,0
DA:629,0
DA:630,0
DA:631,0
DA:633,0
DA:637,0
DA:639,0
DA:640,0
DA:641,0
DA:643,0
DA:644,0
DA:646,0
DA:655,0
DA:657,0
DA:658,0
DA:659,0
DA:662,0
DA:664,0
DA:665,0
DA:672,0
DA:674,0
DA:675,0
DA:677,0
DA:679,0
DA:681,0
DA:682,0
DA:683,0
DA:684,0
DA:685,0
DA:686,0
DA:687,0
DA:689,0
DA:691,0
DA:693,0
DA:696,0
DA:699,0
DA:705,0
DA:707,0
DA:710,0
DA:711,0
DA:713,0
DA:715,0
DA:722,0
DA:724,0
DA:726,0
DA:728,0
DA:730,0
DA:731,0
DA:732,0
DA:738,0
DA:740,0
DA:741,0
DA:744,0
DA:751,0
DA:753,0
DA:755,0
DA:757,0
DA:759,0
DA:760,0
DA:765,0
DA:767,0
DA:768,0
DA:771,0
DA:777,0
DA:779,0
DA:780,0
DA:782,0
DA:784,0
DA:787,0
DA:789,0
DA:792,0
DA:796,0
DA:800,0
DA:806,0
DA:808,0
DA:809,0
DA:812,0
DA:813,0
DA:814,0
DA:817,0
DA:818,0
DA:819,0
DA:823,0
DA:829,0
DA:831,0
DA:832,0
DA:833,0
DA:835,0
DA:842,0
DA:845,0
DA:847,0
DA:849,0
DA:850,0
DA:852,0
DA:853,0
DA:855,0
DA:856,0
DA:857,0
DA:858,0
DA:859,0
DA:862,0
DA:871,0
DA:873,0
DA:875,0
DA:877,0
DA:878,0
DA:879,0
DA:880,0
DA:881,0
DA:882,0
DA:883,0
DA:884,0
DA:885,0
DA:886,0
DA:887,0
DA:888,0
DA:889,0
DA:890,0
DA:891,0
DA:892,0
DA:894,0
DA:895,0
DA:896,0
DA:897,0
DA:898,0
DA:899,0
DA:900,0
DA:901,0
DA:902,0
DA:903,0
DA:904,0
DA:905,0
DA:908,0
DA:909,0
DA:910,0
DA:912,0
DA:914,0
DA:920,0
DA:922,0
DA:923,0
DA:924,0
DA:925,0
DA:930,0
DA:932,0
DA:937,0
DA:938,0
DA:939,0
DA:941,0
DA:944,0
DA:948,0
DA:949,0
DA:950,0
DA:952,0
DA:955,0
DA:956,0
DA:957,0
DA:959,0
DA:961,0
DA:962,0
DA:963,0
DA:965,0
DA:967,0
DA:968,0
DA:969,0
DA:973,0
DA:974,0
DA:975,0
DA:977,0
DA:983,0
DA:988,0
DA:989,0
DA:990,0
DA:993,0
DA:995,0
DA:997,0
DA:998,0
DA:1000,0
DA:1001,0
DA:1002,0
DA:1005,0
DA:1006,0
DA:1012,0
DA:1014,0
DA:1015,0
DA:1017,0
DA:1018,0
DA:1019,0
DA:1029,0
DA:1031,0
DA:1032,0
DA:1033,0
DA:1036,0
DA:1038,0
DA:1039,0
DA:1040,0
DA:1049,0
DA:1051,0
DA:1052,0
DA:1054,0
DA:1055,0
DA:1056,0
DA:1066,0
DA:1068,0
DA:1069,0
DA:1070,0
DA:1073,0
DA:1075,0
DA:1076,0
DA:1077,0
end_of_record
TN:
SF:/workspace/vtr-verilog-to-routing/ODIN_II/SRC/netlist_stats.c
FN:39,netlist_stats
FNDA:0,netlist_stats
FN:80,display_per_node_stats
FNDA:0,display_per_node_stats
FN:143,display_node_stats
FNDA:0,display_node_stats
FN:152,calculate_avg_fanout
FNDA:0,calculate_avg_fanout
FN:230,calculate_avg_fanin
FNDA:0,calculate_avg_fanin
FN:281,calculate_combinational_shapes
FNDA:0,calculate_combinational_shapes
FN:307,depth_first_traverse_stats
FNDA:0,depth_first_traverse_stats
FN:329,depth_first_traversal_graphcrunch_stats
FNDA:0,depth_first_traversal_graphcrunch_stats
FN:396,num_fanouts_on_output_pin
FNDA:0,num_fanouts_on_output_pin
FN:423,add_to_distribution
FNDA:0,add_to_distribution
DA:39,0
DA:41,0
DA:42,0
DA:45,0
DA:46,0
DA:49,0
DA:50,0
DA:51,0
DA:52,0
DA:53,0
DA:56,0
DA:57,0
DA:58,0
DA:59,0
DA:60,0
DA:63,0
DA:65,0
DA:67,0
DA:70,0
DA:72,0
DA:74,0
DA:75,0
DA:80,0
DA:82,0
DA:85,0
DA:86,0
DA:87,0
DA:90,0
DA:91,0
DA:92,0
DA:96,0
DA:97,0
DA:98,0
DA:100,0
DA:105,0
DA:106,0
DA:107,0
DA:109,0
DA:114,0
DA:115,0
DA:116,0
DA:118,0
DA:123,0
DA:124,0
DA:125,0
DA:127,0
DA:132,0
DA:133,0
DA:134,0
DA:136,0
DA:138,0
DA:143,0
DA:145,0
DA:146,0
DA:147,0
DA:152,0
DA:154,0
DA:155,0
DA:156,0
DA:157,0
DA:165,0
DA:167,0
DA:168,0
DA:170,0
DA:172,0
DA:173,0
DA:175,0
DA:176,0
DA:177,0
DA:187,0
DA:189,0
DA:191,0
DA:192,0
DA:194,0
DA:195,0
DA:196,0
DA:203,0
DA:205,0
DA:207,0
DA:208,0
DA:210,0
DA:211,0
DA:212,0
DA:221,0
DA:222,0
DA:223,0
DA:224,0
DA:225,0
DA:230,0
DA:232,0
DA:233,0
DA:244,0
DA:245,0
DA:247,0
DA:252,0
DA:253,0
DA:255,0
DA:260,0
DA:262,0
DA:264,0
DA:271,0
DA:272,0
DA:273,0
DA:281,0
DA:283,0
DA:285,0
DA:286,0
DA:289,0
DA:291,0
DA:292,0
DA:297,0
DA:300,0
DA:302,0
DA:307,0
DA:309,0
DA:312,0
DA:314,0
DA:316,0
DA:320,0
DA:321,0
DA:322,0
DA:323,0
DA:324,0
DA:329,0
DA:331,0
DA:332,0
DA:333,0
DA:335,0
DA:342,0
DA:343,0
DA:346,0
DA:348,0
DA:350,0
DA:351,0
DA:353,0
DA:354,0
DA:356,0
DA:357,0
DA:359,0
DA:360,0
DA:361,0
DA:365,0
DA:366,0
DA:368,0
DA:371,0
DA:372,0
DA:374,0
DA:377,0
DA:378,0
DA:381,0
DA:383,0
DA:384,0
DA:387,0
DA:396,0
DA:398,0
DA:399,0
DA:400,0
DA:402,0
DA:405,0
DA:406,0
DA:408,0
DA:409,0
DA:411,0
DA:412,0
DA:414,0
DA:423,0
DA:425,0
DA:428,0
DA:432,0
DA:433,0
DA:434,0
DA:436,0
end_of_record
SF:/usr/include/x86_64-linux-gnu/bits/stdio2.h
DA:34,0
DA:36,0
DA:98,0
DA:100,0
end_of_record
TN:
SF:/usr/include/x86_64-linux-gnu/bits/string_fortified.h
DA:88,0
DA:90,0
DA:126,0
DA:128,0
end_of_record
SF:/usr/include/x86_64-linux-gnu/bits/stdio2.h
DA:34,0
DA:36,0
DA:77,0
DA:80,0
DA:98,0
DA:100,0
end_of_record
SF:/workspace/vtr-verilog-to-routing/ODIN_II/SRC/odin_util.c
FN:39,make_signal_name
FNDA:0,make_signal_name
FN:59,make_full_ref_name
FNDA:0,make_full_ref_name
FN:109,twos_complement
FNDA:0,twos_complement
FN:137,convert_string_of_radix_to_bit_string
FNDA:0,convert_string_of_radix_to_bit_string
FN:166,convert_long_long_to_bit_string
FNDA:0,convert_long_long_to_bit_string
FN:187,convert_dec_string_of_size_to_long_long
FNDA:0,convert_dec_string_of_size_to_long_long
FN:205,convert_string_of_radix_to_long_long
FNDA:0,convert_string_of_radix_to_long_long
FN:223,is_string_of_radix
FNDA:0,is_string_of_radix
FN:241,convert_hex_string_of_size_to_bit_string
FNDA:0,convert_hex_string_of_size_to_bit_string
FN:294,convert_oct_string_of_size_to_bit_string
FNDA:0,convert_oct_string_of_size_to_bit_string
FN:347,convert_binary_string_of_size_to_bit_string
FNDA:0,convert_binary_string_of_size_to_bit_string
FN:382,is_hex_string
FNDA:0,is_hex_string
FN:395,is_decimal_string
FNDA:0,is_decimal_string
FN:408,is_octal_string
FNDA:0,is_octal_string
FN:421,is_binary_string
FNDA:0,is_binary_string
FN:437,get_pin_name
FNDA:0,get_pin_name
FN:450,get_port_name
FNDA:0,get_port_name
FN:467,get_pin_number
FNDA:0,get_pin_number
FN:485,my_power
FNDA:0,my_power
FN:501,make_string_based_on_id
FNDA:0,make_string_based_on_id
FN:513,make_simple_name
FNDA:0,make_simple_name
FN:543,my_malloc_struct
FNDA:0,my_malloc_struct
FN:569,pow2
FNDA:0,pow2
FN:585,string_to_upper
FNDA:0,string_to_upper
FN:600,string_to_lower
FNDA:0,string_to_lower
FN:619,append_string
FNDA:0,append_string
FN:640,reverse_string
FNDA:0,reverse_string
DA:39,0
DA:41,0
DA:43,0
DA:44,0
DA:45,0
DA:47,0
DA:48,0
DA:49,0
DA:50,0
DA:59,0
DA:61,0
DA:62,0
DA:64,0
DA:66,0
DA:67,0
DA:69,0
DA:71,0
DA:73,0
DA:75,0
DA:77,0
DA:78,0
DA:81,0
DA:83,0
DA:85,0
DA:86,0
DA:87,0
DA:89,0
DA:91,0
DA:92,0
DA:94,0
DA:96,0
DA:97,0
DA:98,0
DA:101,0
DA:102,0
DA:109,0
DA:111,0
DA:112,0
DA:113,0
DA:115,0
DA:117,0
DA:118,0
DA:120,0
DA:121,0
DA:123,0
DA:137,0
DA:139,0
DA:141,0
DA:143,0
DA:145,0
DA:146,0
DA:148,0
DA:150,0
DA:152,0
DA:154,0
DA:166,0
DA:168,0
DA:169,0
DA:170,0
DA:172,0
DA:174,0
DA:175,0
DA:176,0
DA:178,0
DA:180,0
DA:187,0
DA:189,0
DA:190,0
DA:193,0
DA:194,0
DA:195,0
DA:202,0
DA:205,0
DA:207,0
DA:208,0
DA:211,0
DA:212,0
DA:213,0
DA:220,0
DA:223,0
DA:225,0
DA:226,0
DA:227,0
DA:228,0
DA:229,0
DA:230,0
DA:231,0
DA:232,0
DA:241,0
DA:243,0
DA:244,0
DA:246,0
DA:247,0
DA:248,0
DA:251,0
DA:255,0
DA:257,0
DA:259,0
DA:260,0
DA:261,0
DA:263,0
DA:264,0
DA:265,0
DA:266,0
DA:267,0
DA:270,0
DA:273,0
DA:275,0
DA:276,0
DA:277,0
DA:281,0
DA:283,0
DA:285,0
DA:286,0
DA:287,0
DA:294,0
DA:296,0
DA:297,0
DA:299,0
DA:300,0
DA:301,0
DA:304,0
DA:308,0
DA:310,0
DA:312,0
DA:313,0
DA:314,0
DA:316,0
DA:317,0
DA:318,0
DA:319,0
DA:320,0
DA:323,0
DA:326,0
DA:328,0
DA:329,0
DA:330,0
DA:334,0
DA:336,0
DA:338,0
DA:339,0
DA:340,0
DA:347,0
DA:349,0
DA:350,0
DA:352,0
DA:353,0
DA:356,0
DA:359,0
DA:362,0
DA:364,0
DA:365,0
DA:366,0
DA:370,0
DA:372,0
DA:374,0
DA:375,0
DA:376,0
DA:382,0
DA:384,0
DA:385,0
DA:386,0
DA:395,0
DA:397,0
DA:398,0
DA:399,0
DA:408,0
DA:410,0
DA:411,0
DA:412,0
DA:421,0
DA:423,0
DA:424,0
DA:425,0
DA:437,0
DA:439,0
DA:440,0
DA:442,0
DA:450,0
DA:453,0
DA:455,0
DA:456,0
DA:457,0
DA:458,0
DA:467,0
DA:470,0
DA:471,0
DA:473,0
DA:474,0
DA:477,0
DA:478,0
DA:485,0
DA:487,0
DA:492,0
DA:493,0
DA:501,0
DA:503,0
DA:505,0
DA:507,0
DA:513,0
DA:515,0
DA:516,0
DA:517,0
DA:518,0
DA:520,0
DA:522,0
DA:524,0
DA:525,0
DA:527,0
DA:529,0
DA:530,0
DA:535,0
DA:537,0
DA:543,0
DA:545,0
DA:546,0
DA:551,0
DA:552,0
DA:554,0
DA:555,0
DA:559,0
DA:561,0
DA:563,0
DA:569,0
DA:571,0
DA:572,0
DA:574,0
DA:576,0
DA:579,0
DA:585,0
DA:587,0
DA:590,0
DA:592,0
DA:595,0
DA:600,0
DA:602,0
DA:605,0
DA:607,0
DA:610,0
DA:619,0
DA:621,0
DA:623,0
DA:625,0
DA:626,0
DA:627,0
DA:630,0
DA:631,0
DA:632,0
DA:633,0
DA:640,0
DA:642,0
DA:643,0
DA:644,0
DA:646,0
DA:647,0
DA:648,0
DA:650,0
end_of_record
TN:
SF:/usr/include/x86_64-linux-gnu/bits/stdio2.h
DA:98,0
DA:100,0
end_of_record
SF:/workspace/vtr-verilog-to-routing/ODIN_II/SRC/string_cache.c
FN:10,string_hash
FNDA:0,string_hash
FN:24,generate_sc_hash
FNDA:0,generate_sc_hash
FN:48,sc_new_string_cache
FNDA:0,sc_new_string_cache
FN:67,sc_lookup_string
FNDA:0,sc_lookup_string
FN:84,sc_add_string
FNDA:0,sc_add_string
FN:123,sc_valid_id
FNDA:0,sc_valid_id
FN:134,sc_do_alloc
FNDA:0,sc_do_alloc
FN:156,sc_free_string_cache
FNDA:0,sc_free_string_cache
DA:10,0
DA:13,0
DA:15,0
DA:16,0
DA:17,0
DA:18,0
DA:19,0
DA:20,0
DA:24,0
DA:26,0
DA:27,0
DA:29,0
DA:30,0
DA:31,0
DA:32,0
DA:33,0
DA:34,0
DA:35,0
DA:36,0
DA:37,0
DA:38,0
DA:40,0
DA:41,0
DA:42,0
DA:44,0
DA:48,0
DA:50,0
DA:52,0
DA:53,0
DA:54,0
DA:55,0
DA:56,0
DA:57,0
DA:58,0
DA:59,0
DA:60,0
DA:61,0
DA:62,0
DA:63,0
DA:67,0
DA:70,0
DA:72,0
DA:73,0
DA:74,0
DA:76,0
DA:77,0
DA:78,0
DA:84,0
DA:87,0
DA:88,0
DA:89,0
DA:91,0
DA:92,0
DA:94,0
DA:96,0
DA:98,0
DA:99,0
DA:100,0
DA:101,0
DA:102,0
DA:104,0
DA:105,0
DA:106,0
DA:107,0
DA:108,0
DA:110,0
DA:112,0
DA:113,0
DA:114,0
DA:115,0
DA:116,0
DA:117,0
DA:118,0
DA:119,0
DA:123,0
DA:126,0
DA:128,0
DA:129,0
DA:134,0
DA:137,0
DA:139,0
DA:141,0
DA:143,0
DA:144,0
DA:146,0
DA:149,0
DA:150,0
DA:152,0
DA:156,0
DA:158,0
DA:160,0
DA:162,0
DA:163,0
DA:164,0
DA:165,0
DA:166,0
DA:167,0
DA:170,0
DA:172,0
DA:174,0
DA:175,0
DA:177,0
DA:179,0
DA:180,0
DA:182,0
end_of_record
SF:/usr/include/x86_64-linux-gnu/bits/string_fortified.h
DA:31,0
DA:34,0
DA:59,0
DA:71,0
end_of_record
TN:
SF:/usr/include/x86_64-linux-gnu/bits/stdio2.h
DA:34,0
DA:36,0
DA:98,0
DA:100,0
end_of_record
SF:/workspace/vtr-verilog-to-routing/ODIN_II/SRC/hard_blocks.c
FN:42,get_model_port
FNDA:0,get_model_port
FN:51,cache_hard_block_names
FNDA:0,cache_hard_block_names
FN:65,register_hard_blocks
FNDA:0,register_hard_blocks
FN:114,deregister_hard_blocks
FNDA:0,deregister_hard_blocks
FN:120,find_hard_block
FNDA:0,find_hard_block
FN:134,define_hard_block
FNDA:0,define_hard_block
FN:206,output_hard_blocks
FNDA:0,output_hard_blocks
FN:268,instantiate_hard_block
FNDA:0,instantiate_hard_block
FN:292,hard_block_port_size
FNDA:0,hard_block_port_size
FN:327,hard_block_port_direction
FNDA:0,hard_block_port_direction
DA:42,0
DA:44,0
DA:45,0
DA:47,0
DA:51,0
DA:53,0
DA:55,0
DA:56,0
DA:57,0
DA:59,0
DA:60,0
DA:62,0
DA:65,0
DA:67,0
DA:68,0
DA:69,0
DA:71,0
DA:73,0
DA:75,0
DA:77,0
DA:78,0
DA:80,0
DA:81,0
DA:84,0
DA:85,0
DA:86,0
DA:89,0
DA:91,0
DA:93,0
DA:95,0
DA:96,0
DA:97,0
DA:98,0
DA:100,0
DA:101,0
DA:102,0
DA:103,0
DA:106,0
DA:107,0
DA:108,0
DA:109,0
DA:110,0
DA:112,0
DA:114,0
DA:116,0
DA:117,0
DA:120,0
DA:122,0
DA:124,0
DA:125,0
DA:126,0
DA:127,0
DA:129,0
DA:134,0
DA:136,0
DA:137,0
DA:138,0
DA:139,0
DA:142,0
DA:143,0
DA:145,0
DA:146,0
DA:147,0
DA:150,0
DA:151,0
DA:153,0
DA:154,0
DA:157,0
DA:158,0
DA:160,0
DA:163,0
DA:165,0
DA:166,0
DA:168,0
DA:170,0
DA:171,0
DA:173,0
DA:174,0
DA:180,0
DA:182,0
DA:183,0
DA:185,0
DA:187,0
DA:189,0
DA:190,0
DA:192,0
DA:194,0
DA:195,0
DA:197,0
DA:198,0
DA:202,0
DA:203,0
DA:206,0
DA:208,0
DA:209,0
DA:210,0
DA:211,0
DA:212,0
DA:214,0
DA:215,0
DA:216,0
DA:218,0
DA:220,0
DA:221,0
DA:222,0
DA:223,0
DA:225,0
DA:227,0
DA:228,0
DA:230,0
DA:232,0
DA:233,0
DA:235,0
DA:237,0
DA:240,0
DA:241,0
DA:242,0
DA:244,0
DA:246,0
DA:247,0
DA:249,0
DA:251,0
DA:252,0
DA:254,0
DA:256,0
DA:259,0
DA:261,0
DA:264,0
DA:268,0
DA:270,0
DA:272,0
DA:274,0
DA:276,0
DA:277,0
DA:279,0
DA:280,0
DA:287,0
DA:288,0
DA:292,0
DA:294,0
DA:296,0
DA:303,0
DA:304,0
DA:309,0
DA:310,0
DA:311,0
DA:312,0
DA:314,0
DA:316,0
DA:317,0
DA:318,0
DA:319,0
DA:321,0
DA:327,0
DA:329,0
DA:331,0
DA:334,0
DA:335,0
DA:336,0
DA:337,0
DA:339,0
DA:341,0
DA:342,0
DA:343,0
DA:344,0
DA:346,0
end_of_record
TN:
SF:/workspace/vtr-verilog-to-routing/ODIN_II/SRC/memories.c
FN:50,get_sp_ram_depth
FNDA:0,get_sp_ram_depth
FN:58,get_dp_ram_depth
FNDA:0,get_dp_ram_depth
FN:67,get_sp_ram_width
FNDA:0,get_sp_ram_width
FN:75,get_dp_ram_width
FNDA:0,get_dp_ram_width
FN:84,get_memory_port_size
FNDA:0,get_memory_port_size
FN:98,copy_input_port_to_memory
FNDA:0,copy_input_port_to_memory
FN:105,copy_output_port_to_memory
FNDA:0,copy_output_port_to_memory
FN:115,remap_input_port_to_memory
FNDA:0,remap_input_port_to_memory
FN:149,add_input_port_to_memory
FNDA:0,add_input_port_to_memory
FN:186,remap_output_port_to_memory
FNDA:0,remap_output_port_to_memory
FN:220,add_output_port_to_memory
FNDA:0,add_output_port_to_memory
FN:254,check_memories_and_report_distribution
FNDA:0,check_memories_and_report_distribution
FN:338,split_sp_memory_depth
FNDA:0,split_sp_memory_depth
FN:455,split_dp_memory_depth
FNDA:0,split_dp_memory_depth
FN:621,split_sp_memory_width
FNDA:0,split_sp_memory_width
FN:725,split_dp_memory_width
FNDA:0,split_dp_memory_width
FN:901,get_sp_ram_split_depth
FNDA:0,get_sp_ram_split_depth
FN:923,get_dp_ram_split_depth
FNDA:0,get_dp_ram_split_depth
FN:945,get_sp_ram_split_width
FNDA:0,get_sp_ram_split_width
FN:964,get_dp_ram_split_width
FNDA:0,get_dp_ram_split_width
FN:984,filter_memories_by_soft_logic_cutoff
FNDA:0,filter_memories_by_soft_logic_cutoff
FN:1034,iterate_memories
FNDA:0,iterate_memories
FN:1140,free_memory_lists
FNDA:0,free_memory_lists
FN:1151,pad_dp_memory_width
FNDA:0,pad_dp_memory_width
FN:1168,pad_sp_memory_width
FNDA:0,pad_sp_memory_width
FN:1183,pad_memory_output_port
FNDA:0,pad_memory_output_port
FN:1222,pad_memory_input_port
FNDA:0,pad_memory_input_port
FN:1262,is_sp_ram
FNDA:0,is_sp_ram
FN:1269,is_dp_ram
FNDA:0,is_dp_ram
FN:1276,is_ast_sp_ram
FNDA:0,is_ast_sp_ram
FN:1285,is_ast_dp_ram
FNDA:0,is_ast_dp_ram
FN:1294,get_sp_ram_signals
FNDA:0,get_sp_ram_signals
FN:1348,free_sp_ram_signals
FNDA:0,free_sp_ram_signals
FN:1357,get_dp_ram_signals
FNDA:0,get_dp_ram_signals
FN:1428,free_dp_ram_signals
FNDA:0,free_dp_ram_signals
FN:1443,instantiate_soft_single_port_ram
FNDA:0,instantiate_soft_single_port_ram
FN:1532,instantiate_soft_dual_port_ram
FNDA:0,instantiate_soft_dual_port_ram
FN:1667,create_decoder
FNDA:0,create_decoder
DA:50,0
DA:52,0
DA:53,0
DA:54,0
DA:55,0
DA:58,0
DA:60,0
DA:61,0
DA:62,0
DA:63,0
DA:64,0
DA:67,0
DA:69,0
DA:70,0
DA:71,0
DA:72,0
DA:75,0
DA:77,0
DA:78,0
DA:79,0
DA:80,0
DA:81,0
DA:84,0
DA:86,0
DA:88,0
DA:89,0
DA:91,0
DA:92,0
DA:93,0
DA:98,0
DA:100,0
DA:101,0
DA:102,0
DA:103,0
DA:105,0
DA:107,0
DA:108,0
DA:109,0
DA:110,0
DA:115,0
DA:117,0
DA:118,0
DA:121,0
DA:123,0
DA:124,0
DA:126,0
DA:132,0
DA:133,0
DA:136,0
DA:138,0
DA:139,0
DA:140,0
DA:142,0
DA:149,0
DA:151,0
DA:152,0
DA:155,0
DA:157,0
DA:158,0
DA:160,0
DA:166,0
DA:167,0
DA:170,0
DA:172,0
DA:175,0
DA:179,0
DA:181,0
DA:186,0
DA:188,0
DA:189,0
DA:192,0
DA:194,0
DA:195,0
DA:197,0
DA:203,0
DA:204,0
DA:207,0
DA:209,0
DA:210,0
DA:211,0
DA:213,0
DA:220,0
DA:222,0
DA:223,0
DA:226,0
DA:228,0
DA:229,0
DA:231,0
DA:237,0
DA:238,0
DA:241,0
DA:243,0
DA:244,0
DA:245,0
DA:247,0
DA:254,0
DA:256,0
DA:259,0
DA:260,0
DA:263,0
DA:264,0
DA:265,0
DA:266,0
DA:268,0
DA:269,0
DA:271,0
DA:273,0
DA:274,0
DA:276,0
DA:277,0
DA:279,0
DA:281,0
DA:283,0
DA:285,0
DA:288,0
DA:292,0
DA:295,0
DA:296,0
DA:298,0
DA:300,0
DA:301,0
DA:303,0
DA:304,0
DA:306,0
DA:307,0
DA:309,0
DA:310,0
DA:313,0
DA:317,0
DA:320,0
DA:321,0
DA:322,0
DA:323,0
DA:324,0
DA:338,0
DA:340,0
DA:342,0
DA:345,0
DA:347,0
DA:348,0
DA:349,0
DA:352,0
DA:353,0
DA:354,0
DA:355,0
DA:358,0
DA:359,0
DA:362,0
DA:363,0
DA:366,0
DA:367,0
DA:368,0
DA:369,0
DA:370,0
DA:371,0
DA:374,0
DA:375,0
DA:376,0
DA:377,0
DA:380,0
DA:381,0
DA:385,0
DA:386,0
DA:387,0
DA:388,0
DA:390,0
DA:391,0
DA:392,0
DA:394,0
DA:395,0
DA:396,0
DA:398,0
DA:400,0
DA:401,0
DA:402,0
DA:406,0
DA:407,0
DA:408,0
DA:411,0
DA:412,0
DA:414,0
DA:415,0
DA:418,0
DA:420,0
DA:421,0
DA:422,0
DA:423,0
DA:424,0
DA:426,0
DA:427,0
DA:428,0
DA:430,0
DA:432,0
DA:433,0
DA:435,0
DA:436,0
DA:439,0
DA:440,0
DA:442,0
DA:444,0
DA:445,0
DA:455,0
DA:457,0
DA:459,0
DA:462,0
DA:464,0
DA:465,0
DA:466,0
DA:469,0
DA:471,0
DA:472,0
DA:473,0
DA:475,0
DA:476,0
DA:477,0
DA:480,0
DA:481,0
DA:484,0
DA:485,0
DA:488,0
DA:489,0
DA:490,0
DA:491,0
DA:492,0
DA:493,0
DA:496,0
DA:497,0
DA:498,0
DA:499,0
DA:500,0
DA:501,0
DA:504,0
DA:505,0
DA:506,0
DA:507,0
DA:511,0
DA:512,0
DA:513,0
DA:514,0
DA:516,0
DA:517,0
DA:518,0
DA:520,0
DA:521,0
DA:522,0
DA:524,0
DA:525,0
DA:526,0
DA:528,0
DA:529,0
DA:530,0
DA:531,0
DA:533,0
DA:534,0
DA:535,0
DA:537,0
DA:538,0
DA:539,0
DA:541,0
DA:543,0
DA:544,0
DA:545,0
DA:549,0
DA:550,0
DA:551,0
DA:554,0
DA:555,0
DA:556,0
DA:558,0
DA:559,0
DA:560,0
DA:563,0
DA:565,0
DA:566,0
DA:567,0
DA:568,0
DA:569,0
DA:571,0
DA:572,0
DA:573,0
DA:575,0
DA:577,0
DA:578,0
DA:580,0
DA:581,0
DA:585,0
DA:587,0
DA:588,0
DA:589,0
DA:590,0
DA:591,0
DA:593,0
DA:595,0
DA:596,0
DA:597,0
DA:599,0
DA:601,0
DA:602,0
DA:604,0
DA:605,0
DA:608,0
DA:609,0
DA:610,0
DA:611,0
DA:613,0
DA:614,0
DA:621,0
DA:623,0
DA:624,0
DA:626,0
DA:628,0
DA:630,0
DA:632,0
DA:635,0
DA:642,0
DA:644,0
DA:645,0
DA:646,0
DA:649,0
DA:650,0
DA:651,0
DA:652,0
DA:654,0
DA:655,0
DA:656,0
DA:658,0
DA:660,0
DA:661,0
DA:662,0
DA:665,0
DA:668,0
DA:669,0
DA:670,0
DA:672,0
DA:673,0
DA:674,0
DA:675,0
DA:676,0
DA:677,0
DA:679,0
DA:681,0
DA:686,0
DA:688,0
DA:689,0
DA:691,0
DA:692,0
DA:694,0
DA:695,0
DA:696,0
DA:706,0
DA:708,0
DA:709,0
DA:710,0
DA:711,0
DA:712,0
DA:713,0
DA:717,0
DA:719,0
DA:725,0
DA:727,0
DA:728,0
DA:729,0
DA:730,0
DA:732,0
DA:733,0
DA:735,0
DA:736,0
DA:738,0
DA:739,0
DA:740,0
DA:741,0
DA:743,0
DA:744,0
DA:746,0
DA:747,0
DA:749,0
DA:750,0
DA:751,0
DA:753,0
DA:755,0
DA:758,0
DA:767,0
DA:769,0
DA:770,0
DA:771,0
DA:774,0
DA:775,0
DA:776,0
DA:777,0
DA:779,0
DA:780,0
DA:781,0
DA:785,0
DA:788,0
DA:791,0
DA:792,0
DA:793,0
DA:795,0
DA:796,0
DA:797,0
DA:798,0
DA:799,0
DA:800,0
DA:802,0
DA:804,0
DA:806,0
DA:809,0
DA:810,0
DA:811,0
DA:813,0
DA:814,0
DA:815,0
DA:816,0
DA:817,0
DA:818,0
DA:820,0
DA:822,0
DA:827,0
DA:829,0
DA:830,0
DA:832,0
DA:833,0
DA:835,0
DA:836,0
DA:837,0
DA:842,0
DA:843,0
DA:847,0
DA:850,0
DA:853,0
DA:854,0
DA:855,0
DA:857,0
DA:858,0
DA:859,0
DA:860,0
DA:861,0
DA:862,0
DA:864,0
DA:866,0
DA:868,0
DA:871,0
DA:872,0
DA:873,0
DA:875,0
DA:876,0
DA:877,0
DA:878,0
DA:879,0
DA:880,0
DA:882,0
DA:884,0
DA:888,0
DA:893,0
DA:895,0
DA:901,0
DA:903,0
DA:904,0
DA:905,0
DA:906,0
DA:907,0
DA:908,0
DA:909,0
DA:912,0
DA:914,0
DA:916,0
DA:923,0
DA:925,0
DA:926,0
DA:927,0
DA:928,0
DA:929,0
DA:930,0
DA:931,0
DA:934,0
DA:936,0
DA:938,0
DA:945,0
DA:947,0
DA:953,0
DA:954,0
DA:955,0
DA:956,0
DA:964,0
DA:966,0
DA:972,0
DA:973,0
DA:974,0
DA:975,0
DA:984,0
DA:986,0
DA:988,0
DA:989,0
DA:990,0
DA:992,0
DA:993,0
DA:994,0
DA:995,0
DA:997,0
DA:998,0
DA:999,0
DA:1000,0
DA:1005,0
DA:1007,0
DA:1008,0
DA:1009,0
DA:1011,0
DA:1012,0
DA:1013,0
DA:1014,0
DA:1016,0
DA:1017,0
DA:1018,0
DA:1019,0
DA:1022,0
DA:1034,0
DA:1037,0
DA:1040,0
DA:1042,0
DA:1045,0
DA:1046,0
DA:1047,0
DA:1048,0
DA:1050,0
DA:1051,0
DA:1052,0
DA:1053,0
DA:1054,0
DA:1058,0
DA:1059,0
DA:1060,0
DA:1061,0
DA:1063,0
DA:1064,0
DA:1065,0
DA:1066,0
DA:1067,0
DA:1071,0
DA:1074,0
DA:1075,0
DA:1076,0
DA:1078,0
DA:1079,0
DA:1080,0
DA:1081,0
DA:1082,0
DA:1083,0
DA:1087,0
DA:1090,0
DA:1091,0
DA:1092,0
DA:1093,0
DA:1095,0
DA:1096,0
DA:1097,0
DA:1098,0
DA:1099,0
DA:1103,0
DA:1104,0
DA:1105,0
DA:1106,0
DA:1108,0
DA:1109,0
DA:1110,0
DA:1111,0
DA:1112,0
DA:1116,0
DA:1119,0
DA:1120,0
DA:1121,0
DA:1123,0
DA:1124,0
DA:1125,0
DA:1126,0
DA:1127,0
DA:1128,0
DA:1129,0
DA:1132,0
DA:1140,0
DA:1142,0
DA:1143,0
DA:1144,0
DA:1145,0
DA:1146,0
DA:1151,0
DA:1153,0
DA:1154,0
DA:1156,0
DA:1157,0
DA:1159,0
DA:1160,0
DA:1162,0
DA:1163,0
DA:1168,0
DA:1170,0
DA:1171,0
DA:1173,0
DA:1175,0
DA:1177,0
DA:1178,0
DA:1183,0
DA:1185,0
DA:1187,0
DA:1188,0
DA:1190,0
DA:1192,0
DA:1194,0
DA:1195,0
DA:1197,0
DA:1199,0
DA:1202,0
DA:1203,0
DA:1204,0
DA:1206,0
DA:1209,0
DA:1211,0
DA:1212,0
DA:1213,0
DA:1215,0
DA:1217,0
DA:1222,0
DA:1224,0
DA:1225,0
DA:1227,0
DA:1228,0
DA:1230,0
DA:1231,0
DA:1233,0
DA:1235,0
DA:1237,0
DA:1238,0
DA:1241,0
DA:1243,0
DA:1246,0
DA:1247,0
DA:1248,0
DA:1250,0
DA:1252,0
DA:1253,0
DA:1256,0
DA:1258,0
DA:1262,0
DA:1264,0
DA:1265,0
DA:1266,0
DA:1269,0
DA:1271,0
DA:1272,0
DA:1273,0
DA:1276,0
DA:1278,0
DA:1279,0
DA:1282,0
DA:1285,0
DA:1287,0
DA:1288,0
DA:1291,0
DA:1294,0
DA:1296,0
DA:1298,0
DA:1299,0
DA:1302,0
DA:1303,0
DA:1304,0
DA:1305,0
DA:1306,0
DA:1308,0
DA:1309,0
DA:1311,0
DA:1312,0
DA:1313,0
DA:1314,0
DA:1315,0
DA:1316,0
DA:1317,0
DA:1318,0
DA:1319,0
DA:1321,0
DA:1326,0
DA:1327,0
DA:1328,0
DA:1329,0
DA:1330,0
DA:1332,0
DA:1334,0
DA:1335,0
DA:1336,0
DA:1338,0
DA:1343,0
DA:1345,0
DA:1348,0
DA:1350,0
DA:1351,0
DA:1352,0
DA:1354,0
DA:1355,0
DA:1357,0
DA:1359,0
DA:1361,0
DA:1362,0
DA:1365,0
DA:1366,0
DA:1367,0
DA:1368,0
DA:1369,0
DA:1370,0
DA:1371,0
DA:1372,0
DA:1373,0
DA:1375,0
DA:1376,0
DA:1378,0
DA:1379,0
DA:1380,0
DA:1381,0
DA:1382,0
DA:1383,0
DA:1384,0
DA:1385,0
DA:1386,0
DA:1387,0
DA:1388,0
DA:1389,0
DA:1390,0
DA:1391,0
DA:1392,0
DA:1394,0
DA:1400,0
DA:1401,0
DA:1402,0
DA:1403,0
DA:1404,0
DA:1405,0
DA:1406,0
DA:1409,0
DA:1411,0
DA:1412,0
DA:1413,0
DA:1414,0
DA:1415,0
DA:1417,0
DA:1422,0
DA:1423,0
DA:1425,0
DA:1428,0
DA:1430,0
DA:1431,0
DA:1432,0
DA:1433,0
DA:1434,0
DA:1435,0
DA:1437,0
DA:1438,0
DA:1443,0
DA:1445,0
DA:1447,0
DA:1450,0
DA:1453,0
DA:1455,0
DA:1457,0
DA:1458,0
DA:1460,0
DA:1463,0
DA:1464,0
DA:1466,0
DA:1467,0
DA:1469,0
DA:1473,0
DA:1475,0
DA:1478,0
DA:1480,0
DA:1481,0
DA:1483,0
DA:1486,0
DA:1487,0
DA:1488,0
DA:1489,0
DA:1490,0
DA:1491,0
DA:1492,0
DA:1495,0
DA:1496,0
DA:1497,0
DA:1498,0
DA:1501,0
DA:1504,0
DA:1507,0
DA:1510,0
DA:1513,0
DA:1515,0
DA:1516,0
DA:1519,0
DA:1522,0
DA:1523,0
DA:1526,0
DA:1527,0
DA:1532,0
DA:1534,0
DA:1536,0
DA:1539,0
DA:1540,0
DA:1542,0
DA:1545,0
DA:1546,0
DA:1549,0
DA:1550,0
DA:1551,0
DA:1553,0
DA:1554,0
DA:1556,0
DA:1557,0
DA:1560,0
DA:1561,0
DA:1563,0
DA:1564,0
DA:1567,0
DA:1568,0
DA:1570,0
DA:1571,0
DA:1573,0
DA:1574,0
DA:1577,0
DA:1578,0
DA:1579,0
DA:1581,0
DA:1584,0
DA:1586,0
DA:1587,0
DA:1590,0
DA:1591,0
DA:1593,0
DA:1594,0
DA:1596,0
DA:1597,0
DA:1600,0
DA:1602,0
DA:1603,0
DA:1604,0
DA:1605,0
DA:1606,0
DA:1607,0
DA:1609,0
DA:1610,0
DA:1613,0
DA:1614,0
DA:1615,0
DA:1616,0
DA:1619,0
DA:1620,0
DA:1621,0
DA:1622,0
DA:1625,0
DA:1628,0
DA:1629,0
DA:1632,0
DA:1633,0
DA:1636,0
DA:1637,0
DA:1640,0
DA:1641,0
DA:1643,0
DA:1644,0
DA:1647,0
DA:1648,0
DA:1651,0
DA:1652,0
DA:1653,0
DA:1656,0
DA:1657,0
DA:1658,0
DA:1661,0
DA:1662,0
DA:1667,0
DA:1669,0
DA:1671,0
DA:1674,0
DA:1675,0
DA:1676,0
DA:1678,0
DA:1679,0
DA:1680,0
DA:1681,0
DA:1682,0
DA:1683,0
DA:1684,0
DA:1685,0
DA:1686,0
DA:1688,0
DA:1689,0
DA:1691,0
DA:1693,0
DA:1697,0
DA:1698,0
DA:1701,0
DA:1703,0
DA:1704,0
DA:1707,0
DA:1708,0
DA:1711,0
DA:1712,0
DA:1715,0
DA:1719,0
DA:1720,0
DA:1721,0
DA:1722,0
DA:1723,0
DA:1724,0
DA:1727,0
DA:1730,0
DA:1731,0
end_of_record
SF:/usr/include/x86_64-linux-gnu/bits/stdio2.h
DA:105,0
DA:107,0
end_of_record
TN:
SF:/workspace/vtr-verilog-to-routing/ODIN_II/SRC/queue.c
FN:35,create_queue
FNDA:0,create_queue
FN:52,___queue_destroy
FNDA:0,___queue_destroy
FN:58,___queue_add
FNDA:0,___queue_add
FN:76,___queue_remove
FNDA:0,___queue_remove
FN:96,___queue_remove_all
FNDA:0,___queue_remove_all
FN:110,___queue_is_empty
FNDA:0,___queue_is_empty
DA:35,0
DA:37,0
DA:39,0
DA:40,0
DA:41,0
DA:43,0
DA:44,0
DA:45,0
DA:46,0
DA:47,0
DA:49,0
DA:52,0
DA:54,0
DA:55,0
DA:56,0
DA:58,0
DA:60,0
DA:62,0
DA:63,0
DA:65,0
DA:66,0
DA:68,0
DA:70,0
DA:71,0
DA:73,0
DA:74,0
DA:76,0
DA:78,0
DA:79,0
DA:81,0
DA:82,0
DA:83,0
DA:84,0
DA:85,0
DA:87,0
DA:89,0
DA:90,0
DA:93,0
DA:96,0
DA:98,0
DA:99,0
DA:101,0
DA:102,0
DA:103,0
DA:104,0
DA:105,0
DA:107,0
DA:110,0
DA:112,0
end_of_record
TN:
SF:/usr/include/x86_64-linux-gnu/bits/stdio2.h
DA:105,0
DA:107,0
end_of_record
SF:/workspace/vtr-verilog-to-routing/ODIN_II/SRC/hashtable.c
FN:39,create_hashtable
FNDA:0,create_hashtable
FN:64,___hashtable_destroy
FNDA:0,___hashtable_destroy
FN:82,___hashtable_destroy_free_items
FNDA:0,___hashtable_destroy_free_items
FN:101,___hashtable_add
FNDA:0,___hashtable_add
FN:123,___hashtable_remove
FNDA:0,___hashtable_remove
FN:148,___hashtable_get
FNDA:0,___hashtable_get
FN:163,___hashtable_get_all
FNDA:0,___hashtable_get_all
FN:180,___hashtable_is_empty
FNDA:0,___hashtable_is_empty
FN:185,___hashtable_compare_keys
FNDA:0,___hashtable_compare_keys
FN:191,___hashtable_hash
FNDA:0,___hashtable_hash
DA:39,0
DA:41,0
DA:43,0
DA:44,0
DA:47,0
DA:49,0
DA:50,0
DA:51,0
DA:53,0
DA:54,0
DA:55,0
DA:56,0
DA:57,0
DA:58,0
DA:59,0
DA:61,0
DA:64,0
DA:66,0
DA:67,0
DA:70,0
DA:72,0
DA:73,0
DA:74,0
DA:75,0
DA:78,0
DA:79,0
DA:80,0
DA:82,0
DA:84,0
DA:85,0
DA:88,0
DA:90,0
DA:91,0
DA:92,0
DA:93,0
DA:94,0
DA:97,0
DA:98,0
DA:99,0
DA:101,0
DA:103,0
DA:105,0
DA:106,0
DA:107,0
DA:108,0
DA:110,0
DA:112,0
DA:113,0
DA:115,0
DA:116,0
DA:118,0
DA:120,0
DA:121,0
DA:123,0
DA:125,0
DA:127,0
DA:128,0
DA:129,0
DA:131,0
DA:132,0
DA:135,0
DA:136,0
DA:138,0
DA:139,0
DA:140,0
DA:141,0
DA:142,0
DA:145,0
DA:148,0
DA:150,0
DA:152,0
DA:153,0
DA:154,0
DA:156,0
DA:157,0
DA:158,0
DA:160,0
DA:163,0
DA:164,0
DA:165,0
DA:167,0
DA:168,0
DA:170,0
DA:171,0
DA:173,0
DA:174,0
DA:177,0
DA:180,0
DA:182,0
DA:185,0
DA:187,0
DA:188,0
DA:191,0
DA:193,0
DA:194,0
DA:195,0
DA:196,0
DA:198,0
end_of_record
SF:/usr/include/x86_64-linux-gnu/bits/string_fortified.h
DA:31,0
DA:34,0
end_of_record
TN:
SF:/usr/include/x86_64-linux-gnu/bits/stdio2.h
DA:34,0
DA:36,0
DA:64,0
DA:67,0
DA:98,0
DA:100,0
DA:105,0
DA:107,0
DA:255,0
DA:257,0
DA:259,0
DA:262,0
DA:263,0
DA:265,0
end_of_record
SF:/workspace/vtr-verilog-to-routing/ODIN_II/SRC/simulate_blif.c
FN:28,simulate_netlist
FNDA:0,simulate_netlist
FN:246,simulate_cycle
FNDA:0,simulate_cycle
FN:332,simulate_first_cycle
FNDA:0,simulate_first_cycle
FN:391,stage_ordered_nodes
FNDA:0,stage_ordered_nodes
FN:477,compute_and_store_value
FNDA:0,compute_and_store_value
FN:775,update_undriven_input_pins
FNDA:0,update_undriven_input_pins
FN:818,flag_undriven_input_pins
FNDA:0,flag_undriven_input_pins
FN:849,get_num_covered_nodes
FNDA:0,get_num_covered_nodes
FN:884,enqueue_node_if_ready
FNDA:0,enqueue_node_if_ready
FN:901,is_node_complete
FNDA:0,is_node_complete
FN:914,is_node_ready
FNDA:0,is_node_ready
FN:971,get_children_of
FNDA:0,get_children_of
FN:1055,update_pin_value
FNDA:0,update_pin_value
FN:1067,get_pin_value
FNDA:0,get_pin_value
FN:1121,initialize_pin
FNDA:0,initialize_pin
FN:1176,is_posedge
FNDA:0,is_posedge
FN:1187,compute_flipflop_node
FNDA:0,compute_flipflop_node
FN:1207,compute_mux_2_node
FNDA:0,compute_mux_2_node
FN:1280,compute_hard_ip_node
FNDA:0,compute_hard_ip_node
FN:1336,compute_multiply_node
FNDA:0,compute_multiply_node
FN:1382,compute_generic_node
FNDA:0,compute_generic_node
FN:1422,multiply_arrays
FNDA:0,multiply_arrays
FN:1451,compute_memory_node
FNDA:0,compute_memory_node
FN:1465,compute_single_port_memory
FNDA:0,compute_single_port_memory
FN:1519,compute_dual_port_memory
FNDA:0,compute_dual_port_memory
FN:1589,compute_memory_address
FNDA:0,compute_memory_address
FN:1609,instantiate_memory
FNDA:0,instantiate_memory
FN:1638,preprocess_mif_file
FNDA:0,preprocess_mif_file
FN:1676,parse_mif_radix
FNDA:0,parse_mif_radix
FN:1697,assign_memory_from_mif_file
FNDA:0,assign_memory_from_mif_file
FN:1850,assign_node_to_line
FNDA:0,assign_node_to_line
FN:1902,insert_pin_into_line
FNDA:0,insert_pin_into_line
FN:1937,create_lines
FNDA:0,create_lines
FN:1971,write_vector_headers
FNDA:0,write_vector_headers
FN:1985,verify_test_vector_headers
FNDA:0,verify_test_vector_headers
FN:2045,verify_lines
FNDA:0,verify_lines
FN:2067,find_portname_in_lines
FNDA:0,find_portname_in_lines
FN:2080,create_line
FNDA:0,create_line
FN:2098,generate_vector_header
FNDA:0,generate_vector_header
FN:2127,add_test_vector_to_lines
FNDA:0,add_test_vector_to_lines
FN:2155,compare_test_vectors
FNDA:0,compare_test_vectors
FN:2192,parse_test_vector
FNDA:0,parse_test_vector
FN:2261,generate_random_test_vector
FNDA:0,generate_random_test_vector
FN:2315,write_wave_to_file
FNDA:0,write_wave_to_file
FN:2332,write_vector_to_file
FNDA:0,write_vector_to_file
FN:2410,write_wave_to_modelsim_file
FNDA:0,write_wave_to_modelsim_file
FN:2441,write_vector_to_modelsim_file
FNDA:0,write_vector_to_modelsim_file
FN:2493,verify_output_vectors
FNDA:0,verify_output_vectors
FN:2590,index_pin_name_list
FNDA:0,index_pin_name_list
FN:2608,parse_pin_name_list
FNDA:0,parse_pin_name_list
FN:2634,add_additional_items_to_lines
FNDA:0,add_additional_items_to_lines
FN:2715,get_mif_filename
FNDA:0,get_mif_filename
FN:2735,trim_string
FNDA:0,trim_string
FN:2763,line_has_unknown_pin
FNDA:0,line_has_unknown_pin
FN:2782,get_line_pin_value
FNDA:0,get_line_pin_value
FN:2791,vector_value_to_hex
FNDA:0,vector_value_to_hex
FN:2813,count_test_vectors
FNDA:0,count_test_vectors
FN:2834,is_vector
FNDA:0,is_vector
FN:2857,get_next_vector
FNDA:0,get_next_vector
FN:2869,free_lines
FNDA:0,free_lines
FN:2886,free_stages
FNDA:0,free_stages
FN:2898,free_test_vector
FNDA:0,free_test_vector
FN:2910,free_pin_name_list
FNDA:0,free_pin_name_list
FN:2927,print_progress_bar
FNDA:0,print_progress_bar
FN:2969,print_netlist_stats
FNDA:0,print_netlist_stats
FN:2987,print_simulation_stats
FNDA:0,print_simulation_stats
FN:3003,print_time
FNDA:0,print_time
FN:3016,print_ancestry
FNDA:0,print_ancestry
FN:3107,print_update_trace
FNDA:0,print_update_trace
FN:3197,wall_time
FNDA:0,wall_time
FN:3207,get_circuit_filename
FNDA:0,get_circuit_filename
DA:28,0
DA:30,0
DA:33,0
DA:34,0
DA:35,0
DA:37,0
DA:38,0
DA:39,0
DA:42,0
DA:43,0
DA:44,0
DA:47,0
DA:48,0
DA:49,0
DA:52,0
DA:53,0
DA:54,0
DA:56,0
DA:57,0
DA:59,0
DA:62,0
DA:64,0
DA:65,0
DA:66,0
DA:68,0
DA:71,0
DA:72,0
DA:74,0
DA:79,0
DA:80,0
DA:84,0
DA:85,0
DA:86,0
DA:87,0
DA:89,0
DA:91,0
DA:95,0
DA:97,0
DA:98,0
DA:100,0
DA:101,0
DA:103,0
DA:106,0
DA:107,0
DA:108,0
DA:109,0
DA:115,0
DA:116,0
DA:117,0
DA:118,0
DA:119,0
DA:121,0
DA:123,0
DA:124,0
DA:128,0
DA:129,0
DA:131,0
DA:133,0
DA:135,0
DA:137,0
DA:138,0
DA:140,0
DA:144,0
DA:148,0
DA:150,0
DA:151,0
DA:155,0
DA:157,0
DA:159,0
DA:162,0
DA:166,0
DA:168,0
DA:174,0
DA:175,0
DA:176,0
DA:178,0
DA:179,0
DA:184,0
DA:187,0
DA:189,0
DA:192,0
DA:193,0
DA:196,0
DA:197,0
DA:201,0
DA:202,0
DA:203,0
DA:204,0
DA:206,0
DA:207,0
DA:209,0
DA:211,0
DA:212,0
DA:214,0
DA:215,0
DA:217,0
DA:218,0
DA:222,0
DA:224,0
DA:227,0
DA:228,0
DA:230,0
DA:231,0
DA:232,0
DA:233,0
DA:234,0
DA:235,0
DA:246,0
DA:269,0
DA:270,0
DA:293,0
DA:294,0
DA:325,0
DA:332,0
DA:334,0
DA:336,0
DA:337,0
DA:338,0
DA:341,0
DA:342,0
DA:343,0
DA:344,0
DA:350,0
DA:352,0
DA:355,0
DA:358,0
DA:359,0
DA:361,0
DA:363,0
DA:365,0
DA:367,0
DA:368,0
DA:371,0
DA:373,0
DA:376,0
DA:377,0
DA:379,0
DA:382,0
DA:383,0
DA:385,0
DA:391,0
DA:392,0
DA:393,0
DA:394,0
DA:395,0
DA:396,0
DA:397,0
DA:398,0
DA:399,0
DA:401,0
DA:404,0
DA:405,0
DA:407,0
DA:408,0
DA:410,0
DA:411,0
DA:414,0
DA:415,0
DA:418,0
DA:421,0
DA:422,0
DA:423,0
DA:424,0
DA:425,0
DA:429,0
DA:431,0
DA:432,0
DA:433,0
DA:434,0
DA:435,0
DA:436,0
DA:437,0
DA:439,0
DA:440,0
DA:442,0
DA:443,0
DA:447,0
DA:448,0
DA:451,0
DA:454,0
DA:455,0
DA:458,0
DA:460,0
DA:462,0
DA:464,0
DA:465,0
DA:467,0
DA:468,0
DA:470,0
DA:477,0
DA:479,0
DA:481,0
DA:483,0
DA:485,0
DA:486,0
DA:487,0
DA:488,0
DA:489,0
DA:490,0
DA:491,0
DA:492,0
DA:493,0
DA:494,0
DA:495,0
DA:496,0
DA:497,0
DA:499,0
DA:501,0
DA:503,0
DA:505,0
DA:507,0
DA:508,0
DA:510,0
DA:511,0
DA:512,0
DA:515,0
DA:517,0
DA:519,0
DA:521,0
DA:523,0
DA:525,0
DA:526,0
DA:528,0
DA:529,0
DA:530,0
DA:533,0
DA:535,0
DA:537,0
DA:539,0
DA:541,0
DA:543,0
DA:544,0
DA:546,0
DA:547,0
DA:548,0
DA:551,0
DA:554,0
DA:556,0
DA:558,0
DA:560,0
DA:562,0
DA:563,0
DA:565,0
DA:566,0
DA:567,0
DA:570,0
DA:572,0
DA:573,0
DA:575,0
DA:576,0
DA:577,0
DA:579,0
DA:580,0
DA:581,0
DA:582,0
DA:584,0
DA:588,0
DA:590,0
DA:591,0
DA:593,0
DA:594,0
DA:595,0
DA:597,0
DA:598,0
DA:599,0
DA:600,0
DA:602,0
DA:606,0
DA:608,0
DA:609,0
DA:611,0
DA:612,0
DA:613,0
DA:615,0
DA:616,0
DA:617,0
DA:618,0
DA:619,0
DA:620,0
DA:621,0
DA:623,0
DA:625,0
DA:629,0
DA:631,0
DA:632,0
DA:634,0
DA:635,0
DA:636,0
DA:638,0
DA:639,0
DA:640,0
DA:641,0
DA:642,0
DA:644,0
DA:646,0
DA:650,0
DA:653,0
DA:654,0
DA:657,0
DA:659,0
DA:661,0
DA:662,0
DA:664,0
DA:665,0
DA:666,0
DA:669,0
DA:672,0
DA:673,0
DA:676,0
DA:678,0
DA:680,0
DA:681,0
DA:683,0
DA:684,0
DA:685,0
DA:688,0
DA:690,0
DA:691,0
DA:693,0
DA:695,0
DA:696,0
DA:697,0
DA:703,0
DA:704,0
DA:707,0
DA:708,0
DA:709,0
DA:711,0
DA:712,0
DA:713,0
DA:715,0
DA:716,0
DA:717,0
DA:721,0
DA:722,0
DA:723,0
DA:724,0
DA:726,0
DA:727,0
DA:728,0
DA:729,0
DA:730,0
DA:731,0
DA:733,0
DA:752,0
DA:753,0
DA:759,0
DA:760,0
DA:761,0
DA:763,0
DA:775,0
DA:777,0
DA:778,0
DA:780,0
DA:781,0
DA:785,0
DA:787,0
DA:789,0
DA:790,0
DA:796,0
DA:797,0
DA:800,0
DA:803,0
DA:812,0
DA:818,0
DA:820,0
DA:821,0
DA:823,0
DA:825,0
DA:829,0
DA:831,0
DA:832,0
DA:835,0
DA:837,0
DA:838,0
DA:840,0
DA:844,0
DA:849,0
DA:851,0
DA:852,0
DA:853,0
DA:856,0
DA:862,0
DA:863,0
DA:864,0
DA:865,0
DA:867,0
DA:874,0
DA:875,0
DA:878,0
DA:884,0
DA:886,0
DA:888,0
DA:889,0
DA:890,0
DA:901,0
DA:903,0
DA:904,0
DA:905,0
DA:914,0
DA:916,0
DA:918,0
DA:919,0
DA:922,0
DA:924,0
DA:925,0
DA:927,0
DA:928,0
DA:929,0
DA:930,0
DA:932,0
DA:934,0
DA:937,0
DA:939,0
DA:941,0
DA:942,0
DA:943,0
DA:946,0
DA:951,0
DA:959,0
DA:960,0
DA:971,0
DA:973,0
DA:974,0
DA:975,0
DA:976,0
DA:978,0
DA:979,0
DA:980,0
DA:986,0
DA:988,0
DA:989,0
DA:990,0
DA:992,0
DA:1002,0
DA:1005,0
DA:1006,0
DA:1007,0
DA:1011,0
DA:1013,0
DA:1014,0
DA:1016,0
DA:1019,0
DA:1021,0
DA:1022,0
DA:1024,0
DA:1026,0
DA:1027,0
DA:1030,0
DA:1032,0
DA:1033,0
DA:1038,0
DA:1039,0
DA:1045,0
DA:1046,0
DA:1055,0
DA:1057,0
DA:1058,0
DA:1060,0
DA:1061,0
DA:1062,0
DA:1067,0
DA:1069,0
DA:1071,0
DA:1077,0
DA:1079,0
DA:1085,0
DA:1087,0
DA:1090,0
DA:1098,0
DA:1100,0
DA:1101,0
DA:1106,0
DA:1108,0
DA:1121,0
DA:1124,0
DA:1125,0
DA:1128,0
DA:1131,0
DA:1133,0
DA:1134,0
DA:1136,0
DA:1137,0
DA:1139,0
DA:1140,0
DA:1142,0
DA:1143,0
DA:1149,0
DA:1150,0
DA:1154,0
DA:1155,0
DA:1157,0
DA:1163,0
DA:1165,0
DA:1167,0
DA:1176,0
DA:1178,0
DA:1181,0
DA:1187,0
DA:1189,0
DA:1190,0
DA:1192,0
DA:1193,0
DA:1194,0
DA:1197,0
DA:1198,0
DA:1201,0
DA:1202,0
DA:1207,0
DA:1209,0
DA:1210,0
DA:1211,0
DA:1213,0
DA:1216,0
DA:1217,0
DA:1218,0
DA:1219,0
DA:1220,0
DA:1222,0
DA:1223,0
DA:1225,0
DA:1227,0
DA:1228,0
DA:1234,0
DA:1235,0
DA:1239,0
DA:1241,0
DA:1242,0
DA:1245,0
DA:1248,0
DA:1254,0
DA:1255,0
DA:1257,0
DA:1260,0
DA:1262,0
DA:1266,0
DA:1267,0
DA:1273,0
DA:1275,0
DA:1280,0
DA:1282,0
DA:1283,0
DA:1285,0
DA:1286,0
DA:1288,0
DA:1290,0
DA:1292,0
DA:1293,0
DA:1296,0
DA:1298,0
DA:1300,0
DA:1301,0
DA:1304,0
DA:1306,0
DA:1307,0
DA:1309,0
DA:1310,0
DA:1311,0
DA:1314,0
DA:1316,0
DA:1320,0
DA:1321,0
DA:1323,0
DA:1326,0
DA:1327,0
DA:1329,0
DA:1330,0
DA:1331,0
DA:1336,0
DA:1338,0
DA:1339,0
DA:1342,0
DA:1343,0
DA:1345,0
DA:1346,0
DA:1353,0
DA:1355,0
DA:1356,0
DA:1360,0
DA:1361,0
DA:1363,0
DA:1364,0
DA:1366,0
DA:1367,0
DA:1369,0
DA:1371,0
DA:1372,0
DA:1374,0
DA:1375,0
DA:1376,0
DA:1379,0
DA:1382,0
DA:1384,0
DA:1385,0
DA:1387,0
DA:1388,0
DA:1389,0
DA:1393,0
DA:1396,0
DA:1398,0
DA:1400,0
DA:1401,0
DA:1404,0
DA:1408,0
DA:1411,0
DA:1412,0
DA:1422,0
DA:1424,0
DA:1425,0
DA:1427,0
DA:1428,0
DA:1430,0
DA:1433,0
DA:1434,0
DA:1437,0
DA:1439,0
DA:1441,0
DA:1442,0
DA:1445,0
DA:1451,0
DA:1453,0
DA:1454,0
DA:1455,0
DA:1456,0
DA:1458,0
DA:1460,0
DA:1465,0
DA:1467,0
DA:1469,0
DA:1471,0
DA:1472,0
DA:1475,0
DA:1477,0
DA:1478,0
DA:1479,0
DA:1481,0
DA:1482,0
DA:1485,0
DA:1488,0
DA:1489,0
DA:1496,0
DA:1497,0
DA:1499,0
DA:1500,0
DA:1503,0
DA:1506,0
DA:1507,0
DA:1509,0
DA:1513,0
DA:1514,0
DA:1519,0
DA:1521,0
DA:1522,0
DA:1524,0
DA:1525,0
DA:1528,0
DA:1530,0
DA:1531,0
DA:1533,0
DA:1534,0
DA:1536,0
DA:1537,0
DA:1539,0
DA:1540,0
DA:1543,0
DA:1544,0
DA:1547,0
DA:1548,0
DA:1550,0
DA:1551,0
DA:1557,0
DA:1558,0
DA:1560,0
DA:1561,0
DA:1563,0
DA:1564,0
DA:1567,0
DA:1568,0
DA:1571,0
DA:1572,0
DA:1574,0
DA:1576,0
DA:1577,0
DA:1579,0
DA:1583,0
DA:1584,0
DA:1589,0
DA:1591,0
DA:1592,0
DA:1593,0
DA:1596,0
DA:1599,0
DA:1609,0
DA:1611,0
DA:1612,0
DA:1615,0
DA:1616,0
DA:1617,0
DA:1619,0
DA:1621,0
DA:1622,0
DA:1624,0
DA:1628,0
DA:1629,0
DA:1631,0
DA:1632,0
DA:1638,0
DA:1640,0
DA:1641,0
DA:1642,0
DA:1644,0
DA:1645,0
DA:1646,0
DA:1649,0
DA:1651,0
DA:1654,0
DA:1657,0
DA:1660,0
DA:1661,0
DA:1666,0
DA:1667,0
DA:1670,0
DA:1672,0
DA:1673,0
DA:1676,0
DA:1678,0
DA:1680,0
DA:1682,0
DA:1684,0
DA:1686,0
DA:1689,0
DA:1697,0
DA:1699,0
DA:1700,0
DA:1702,0
DA:1704,0
DA:1705,0
DA:1706,0
DA:1707,0
DA:1709,0
DA:1710,0
DA:1711,0
DA:1713,0
DA:1715,0
DA:1717,0
DA:1719,0
DA:1721,0
DA:1724,0
DA:1727,0
DA:1728,0
DA:1731,0
DA:1735,0
DA:1736,0
DA:1738,0
DA:1740,0
DA:1743,0
DA:1744,0
DA:1746,0
DA:1747,0
DA:1749,0
DA:1750,0
DA:1752,0
DA:1753,0
DA:1756,0
DA:1759,0
DA:1760,0
DA:1761,0
DA:1765,0
DA:1775,0
DA:1776,0
DA:1778,0
DA:1779,0
DA:1782,0
DA:1783,0
DA:1784,0
DA:1786,0
DA:1791,0
DA:1792,0
DA:1793,0
DA:1794,0
DA:1795,0
DA:1799,0
DA:1800,0
DA:1801,0
DA:1802,0
DA:1803,0
DA:1807,0
DA:1808,0
DA:1810,0
DA:1811,0
DA:1814,0
DA:1815,0
DA:1823,0
DA:1828,0
DA:1830,0
DA:1833,0
DA:1834,0
DA:1835,0
DA:1838,0
DA:1839,0
DA:1841,0
DA:1843,0
DA:1844,0
DA:1850,0
DA:1853,0
DA:1855,0
DA:1856,0
DA:1857,0
DA:1861,0
DA:1862,0
DA:1863,0
DA:1864,0
DA:1867,0
DA:1868,0
DA:1871,0
DA:1872,0
DA:1874,0
DA:1876,0
DA:1878,0
DA:1883,0
DA:1884,0
DA:1885,0
DA:1886,0
DA:1891,0
DA:1892,0
DA:1895,0
DA:1897,0
DA:1902,0
DA:1905,0
DA:1906,0
DA:1909,0
DA:1910,0
DA:1912,0
DA:1916,0
DA:1918,0
DA:1919,0
DA:1925,0
DA:1926,0
DA:1927,0
DA:1928,0
DA:1929,0
DA:1937,0
DA:1939,0
DA:1940,0
DA:1941,0
DA:1943,0
DA:1944,0
DA:1946,0
DA:1947,0
DA:1949,0
DA:1950,0
DA:1952,0
DA:1954,0
DA:1956,0
DA:1957,0
DA:1958,0
DA:1960,0
DA:1962,0
DA:1964,0
DA:1971,0
DA:1973,0
DA:1974,0
DA:1975,0
DA:1976,0
DA:1977,0
DA:1985,0
DA:1987,0
DA:1988,0
DA:1991,0
DA:1992,0
DA:1993,0
DA:1994,0
DA:1997,0
DA:1998,0
DA:1999,0
DA:2000,0
DA:2002,0
DA:2004,0
DA:2006,0
DA:2007,0
DA:2009,0
DA:2011,0
DA:2013,0
DA:2015,0
DA:2016,0
DA:2020,0
DA:2021,0
DA:2025,0
DA:2026,0
DA:2030,0
DA:2035,0
DA:2036,0
DA:2045,0
DA:2047,0
DA:2048,0
DA:2051,0
DA:2053,0
DA:2055,0
DA:2056,0
DA:2067,0
DA:2069,0
DA:2070,0
DA:2071,0
DA:2072,0
DA:2080,0
DA:2082,0
DA:2084,0
DA:2085,0
DA:2086,0
DA:2087,0
DA:2088,0
DA:2090,0
DA:2092,0
DA:2098,0
DA:2100,0
DA:2101,0
DA:2104,0
DA:2107,0
DA:2108,0
DA:2110,0
DA:2111,0
DA:2113,0
DA:2117,0
DA:2119,0
DA:2120,0
DA:2127,0
DA:2129,0
DA:2130,0
DA:2131,0
DA:2132,0
DA:2135,0
DA:2137,0
DA:2139,0
DA:2140,0
DA:2143,0
DA:2145,0
DA:2146,0
DA:2149,0
DA:2155,0
DA:2157,0
DA:2159,0
DA:2160,0
DA:2164,0
DA:2167,0
DA:2168,0
DA:2176,0
DA:2178,0
DA:2179,0
DA:2180,0
DA:2181,0
DA:2192,0
DA:2194,0
DA:2195,0
DA:2196,0
DA:2197,0
DA:2198,0
DA:2200,0
DA:2202,0
DA:2203,0
DA:2204,0
DA:2206,0
DA:2207,0
DA:2208,0
DA:2209,0
DA:2211,0
DA:2213,0
DA:2214,0
DA:2215,0
DA:2216,0
DA:2217,0
DA:2219,0
DA:2221,0
DA:2222,0
DA:2223,0
DA:2225,0
DA:2226,0
DA:2228,0
DA:2229,0
DA:2231,0
DA:2232,0
DA:2238,0
DA:2239,0
DA:2241,0
DA:2242,0
DA:2243,0
DA:2245,0
DA:2246,0
DA:2249,0
DA:2250,0
DA:2252,0
DA:2253,0
DA:2261,0
DA:2263,0
DA:2264,0
DA:2265,0
DA:2266,0
DA:2268,0
DA:2269,0
DA:2271,0
DA:2272,0
DA:2273,0
DA:2274,0
DA:2276,0
DA:2277,0
DA:2279,0
DA:2280,0
DA:2281,0
DA:2283,0
DA:2284,0
DA:2286,0
DA:2288,0
DA:2289,0
DA:2294,0
DA:2295,0
DA:2297,0
DA:2300,0
DA:2301,0
DA:2303,0
DA:2305,0
DA:2315,0
DA:2317,0
DA:2318,0
DA:2321,0
DA:2323,0
DA:2324,0
DA:2326,0
DA:2332,0
DA:2334,0
DA:2335,0
DA:2336,0
DA:2338,0
DA:2339,0
DA:2341,0
DA:2343,0
DA:2344,0
DA:2346,0
DA:2348,0
DA:2349,0
DA:2350,0
DA:2352,0
DA:2354,0
DA:2355,0
DA:2357,0
DA:2359,0
DA:2362,0
DA:2363,0
DA:2374,0
DA:2375,0
DA:2377,0
DA:2379,0
DA:2380,0
DA:2381,0
DA:2383,0
DA:2385,0
DA:2386,0
DA:2388,0
DA:2390,0
DA:2392,0
DA:2393,0
DA:2402,0
DA:2404,0
DA:2405,0
DA:2410,0
DA:2412,0
DA:2414,0
DA:2417,0
DA:2418,0
DA:2420,0
DA:2421,0
DA:2423,0
DA:2424,0
DA:2425,0
DA:2431,0
DA:2433,0
DA:2434,0
DA:2436,0
DA:2441,0
DA:2443,0
DA:2444,0
DA:2446,0
DA:2448,0
DA:2449,0
DA:2451,0
DA:2453,0
DA:2455,0
DA:2456,0
DA:2458,0
DA:2462,0
DA:2463,0
DA:2465,0
DA:2466,0
DA:2468,0
DA:2469,0
DA:2471,0
DA:2473,0
DA:2474,0
DA:2477,0
DA:2481,0
DA:2493,0
DA:2495,0
DA:2496,0
DA:2498,0
DA:2501,0
DA:2503,0
DA:2504,0
DA:2512,0
DA:2513,0
DA:2516,0
DA:2517,0
DA:2523,0
DA:2525,0
DA:2527,0
DA:2528,0
DA:2529,0
DA:2531,0
DA:2533,0
DA:2534,0
DA:2535,0
DA:2538,0
DA:2540,0
DA:2541,0
DA:2548,0
DA:2553,0
DA:2554,0
DA:2557,0
DA:2559,0
DA:2560,0
DA:2561,0
DA:2562,0
DA:2568,0
DA:2569,0
DA:2574,0
DA:2576,0
DA:2577,0
DA:2580,0
DA:2581,0
DA:2583,0
DA:2590,0
DA:2592,0
DA:2593,0
DA:2594,0
DA:2596,0
DA:2597,0
DA:2598,0
DA:2600,0
DA:2608,0
DA:2610,0
DA:2611,0
DA:2612,0
DA:2615,0
DA:2617,0
DA:2618,0
DA:2619,0
DA:2621,0
DA:2622,0
DA:2623,0
DA:2625,0
DA:2627,0
DA:2634,0
DA:2636,0
DA:2642,0
DA:2644,0
DA:2646,0
DA:2648,0
DA:2650,0
DA:2656,0
DA:2659,0
DA:2661,0
DA:2663,0
DA:2669,0
DA:2674,0
DA:2676,0
DA:2678,0
DA:2686,0
DA:2688,0
DA:2690,0
DA:2692,0
DA:2693,0
DA:2694,0
DA:2696,0
DA:2698,0
DA:2700,0
DA:2701,0
DA:2702,0
DA:2704,0
DA:2705,0
DA:2709,0
DA:2715,0
DA:2717,0
DA:2718,0
DA:2719,0
DA:2721,0
DA:2722,0
DA:2725,0
DA:2727,0
DA:2728,0
DA:2735,0
DA:2737,0
DA:2740,0
DA:2741,0
DA:2743,0
DA:2745,0
DA:2747,0
DA:2748,0
DA:2749,0
DA:2753,0
DA:2757,0
DA:2763,0
DA:2765,0
DA:2766,0
DA:2767,0
DA:2769,0
DA:2775,0
DA:2782,0
DA:2784,0
DA:2791,0
DA:2793,0
DA:2794,0
DA:2795,0
DA:2796,0
DA:2797,0
DA:2799,0
DA:2801,0
DA:2803,0
DA:2805,0
DA:2807,0
DA:2813,0
DA:2815,0
DA:2817,0
DA:2818,0
DA:2819,0
DA:2820,0
DA:2822,0
DA:2823,0
DA:2825,0
DA:2827,0
DA:2834,0
DA:2836,0
DA:2837,0
DA:2839,0
DA:2841,0
DA:2842,0
DA:2846,0
DA:2847,0
DA:2857,0
DA:2859,0
DA:2860,0
DA:2869,0
DA:2871,0
DA:2872,0
DA:2874,0
DA:2875,0
DA:2876,0
DA:2879,0
DA:2880,0
DA:2881,0
DA:2886,0
DA:2888,0
DA:2889,0
DA:2890,0
DA:2891,0
DA:2892,0
DA:2893,0
DA:2898,0
DA:2900,0
DA:2901,0
DA:2902,0
DA:2903,0
DA:2904,0
DA:2905,0
DA:2910,0
DA:2912,0
DA:2913,0
DA:2915,0
DA:2916,0
DA:2917,0
DA:2927,0
DA:2929,0
DA:2931,0
DA:2933,0
DA:2935,0
DA:2936,0
DA:2937,0
DA:2939,0
DA:2941,0
DA:2942,0
DA:2944,0
DA:2946,0
DA:2947,0
DA:2948,0
DA:2952,0
DA:2953,0
DA:2956,0
DA:2958,0
DA:2959,0
DA:2961,0
DA:2963,0
DA:2969,0
DA:2971,0
DA:2973,0
DA:2974,0
DA:2975,0
DA:2976,0
DA:2980,0
DA:2982,0
DA:2987,0
DA:2989,0
DA:2990,0
DA:2991,0
DA:2992,0
DA:2993,0
DA:2994,0
DA:2995,0
DA:2996,0
DA:2997,0
DA:2998,0
DA:3003,0
DA:3005,0
DA:3006,0
DA:3007,0
DA:3008,0
DA:3009,0
DA:3010,0
DA:3016,0
DA:3018,0
DA:3020,0
DA:3021,0
DA:3022,0
DA:3023,0
DA:3024,0
DA:3025,0
DA:3027,0
DA:3029,0
DA:3030,0
DA:3031,0
DA:3032,0
DA:3033,0
DA:3035,0
DA:3036,0
DA:3037,0
DA:3038,0
DA:3039,0
DA:3040,0
DA:3041,0
DA:3089,0
DA:3092,0
DA:3094,0
DA:3095,0
DA:3096,0
DA:3107,0
DA:3110,0
DA:3111,0
DA:3122,0
DA:3125,0
DA:3127,0
DA:3128,0
DA:3129,0
DA:3130,0
DA:3132,0
DA:3134,0
DA:3135,0
DA:3136,0
DA:3138,0
DA:3139,0
DA:3140,0
DA:3141,0
DA:3142,0
DA:3144,0
DA:3145,0
DA:3147,0
DA:3148,0
DA:3149,0
DA:3152,0
DA:3153,0
DA:3156,0
DA:3158,0
DA:3159,0
DA:3163,0
DA:3164,0
DA:3165,0
DA:3167,0
DA:3170,0
DA:3171,0
DA:3175,0
DA:3177,0
DA:3178,0
DA:3179,0
DA:3180,0
DA:3189,0
DA:3190,0
DA:3191,0
DA:3197,0
DA:3199,0
DA:3200,0
DA:3201,0
DA:3207,0
DA:3209,0
end_of_record
SF:/usr/include/stdlib.h
DA:361,0
DA:363,0
end_of_record
SF:/usr/include/x86_64-linux-gnu/bits/string_fortified.h
DA:88,0
DA:90,0
DA:126,0
DA:128,0
end_of_record
TN:
SF:/usr/include/x86_64-linux-gnu/bits/stdio2.h
DA:105,0
DA:107,0
end_of_record
SF:/workspace/vtr-verilog-to-routing/ODIN_II/SRC/print_netlist.c
FN:38,print_netlist_for_checking
FNDA:0,print_netlist_for_checking
FN:299,function_to_print_node_and_its_pin
FNDA:0,function_to_print_node_and_its_pin
DA:38,0
DA:40,0
DA:41,0
DA:42,0
DA:43,0
DA:46,0
DA:48,0
DA:49,0
DA:50,0
DA:51,0
DA:52,0
DA:53,0
DA:55,0
DA:57,0
DA:59,0
DA:60,0
DA:61,0
DA:64,0
DA:65,0
DA:67,0
DA:69,0
DA:71,0
DA:72,0
DA:73,0
DA:76,0
DA:77,0
DA:78,0
DA:79,0
DA:81,0
DA:86,0
DA:87,0
DA:88,0
DA:89,0
DA:90,0
DA:91,0
DA:93,0
DA:95,0
DA:97,0
DA:98,0
DA:99,0
DA:101,0
DA:102,0
DA:104,0
DA:106,0
DA:108,0
DA:109,0
DA:110,0
DA:113,0
DA:114,0
DA:115,0
DA:116,0
DA:118,0
DA:122,0
DA:123,0
DA:124,0
DA:125,0
DA:126,0
DA:127,0
DA:129,0
DA:131,0
DA:133,0
DA:134,0
DA:135,0
DA:137,0
DA:138,0
DA:140,0
DA:142,0
DA:144,0
DA:145,0
DA:146,0
DA:149,0
DA:150,0
DA:151,0
DA:152,0
DA:154,0
DA:158,0
DA:159,0
DA:160,0
DA:162,0
DA:163,0
DA:164,0
DA:165,0
DA:166,0
DA:168,0
DA:170,0
DA:172,0
DA:173,0
DA:174,0
DA:176,0
DA:177,0
DA:179,0
DA:181,0
DA:183,0
DA:184,0
DA:185,0
DA:191,0
DA:192,0
DA:193,0
[...]
DA:629,0
DA:631,0
DA:632,0
DA:633,0
DA:636,0
DA:638,0
DA:640,0
DA:642,0
DA:644,0
DA:646,0
DA:649,0
DA:650,0
DA:655,0
DA:656,0
DA:660,0
DA:662,0
DA:666,0
DA:667,0
DA:669,0
DA:676,0
DA:679,0
DA:682,0
DA:683,0
DA:684,0
DA:687,0
DA:693,0
DA:696,0
DA:704,0
DA:709,0
DA:711,0
DA:712,0
DA:713,0
DA:714,0
DA:716,0
DA:718,0
DA:721,0
DA:723,0
DA:724,0
DA:725,0
DA:728,0
DA:730,0
DA:731,0
DA:732,0
DA:735,0
DA:737,0
DA:740,0
DA:745,0
DA:746,0
DA:747,0
DA:750,0
DA:751,0
DA:753,0
DA:760,0
DA:763,0
DA:764,0
DA:766,0
DA:770,0
DA:771,0
DA:777,0
DA:780,0
DA:788,0
DA:793,0
DA:795,0
DA:796,0
DA:797,0
DA:798,0
DA:799,0
DA:801,0
DA:803,0
DA:804,0
DA:805,0
DA:808,0
DA:809,0
DA:811,0
DA:813,0
DA:814,0
DA:815,0
DA:819,0
DA:821,0
DA:824,0
DA:830,0
end_of_record
TN:
SF:/usr/include/x86_64-linux-gnu/bits/stdio2.h
DA:34,0
DA:36,0
DA:98,0
DA:100,0
end_of_record
SF:/workspace/vtr-verilog-to-routing/ODIN_II/SRC/activity_estimation.c
FN:61,activity_estimation
FNDA:0,activity_estimation
FN:88,calc_transition_density
FNDA:0,calc_transition_density
FN:188,initialize_probabilities
FNDA:0,initialize_probabilities
FN:275,calc_probabilities_and_init_act_data
FNDA:0,calc_probabilities_and_init_act_data
FN:393,boolean_difference
FNDA:0,boolean_difference
FN:444,calc_density
FNDA:0,calc_density
FN:531,output_activation_file_ace_and_function_file
FNDA:0,output_activation_file_ace_and_function_file
FN:852,cleanup_activation
FNDA:0,cleanup_activation
DA:61,0
DA:64,0
DA:67,0
DA:70,0
DA:73,0
DA:76,0
DA:79,0
DA:83,0
DA:88,0
DA:90,0
DA:91,0
DA:94,0
DA:96,0
DA:99,0
DA:100,0
DA:103,0
DA:106,0
DA:108,0
DA:111,0
DA:112,0
DA:113,0
DA:114,0
DA:116,0
DA:118,0
DA:119,0
DA:121,0
DA:122,0
DA:124,0
DA:125,0
DA:127,0
DA:134,0
DA:136,0
DA:139,0
DA:142,0
DA:145,0
DA:148,0
DA:151,0
DA:153,0
DA:154,0
DA:155,0
DA:156,0
DA:159,0
DA:160,0
DA:162,0
DA:164,0
DA:165,0
DA:166,0
DA:167,0
DA:170,0
DA:171,0
DA:173,0
DA:175,0
DA:179,0
DA:183,0
DA:188,0
DA:190,0
DA:191,0
DA:193,0
DA:195,0
DA:198,0
DA:199,0
DA:201,0
DA:202,0
DA:203,0
DA:205,0
DA:207,0
DA:209,0
DA:212,0
DA:217,0
DA:222,0
DA:223,0
DA:224,0
DA:226,0
DA:227,0
DA:228,0
DA:231,0
DA:234,0
DA:235,0
DA:236,0
DA:238,0
DA:239,0
DA:240,0
DA:243,0
DA:246,0
DA:247,0
DA:248,0
DA:250,0
DA:251,0
DA:252,0
DA:255,0
DA:258,0
DA:259,0
DA:260,0
DA:262,0
DA:263,0
DA:264,0
DA:268,0
DA:275,0
DA:277,0
DA:278,0
DA:280,0
DA:283,0
DA:285,0
DA:288,0
DA:289,0
DA:292,0
DA:294,0
DA:295,0
DA:297,0
DA:300,0
DA:303,0
DA:305,0
DA:306,0
DA:308,0
DA:311,0
DA:313,0
DA:314,0
DA:315,0
DA:316,0
DA:318,0
DA:320,0
DA:324,0
DA:327,0
DA:330,0
DA:335,0
DA:337,0
DA:339,0
DA:342,0
DA:343,0
DA:344,0
DA:345,0
DA:347,0
DA:350,0
DA:352,0
DA:353,0
DA:354,0
DA:355,0
DA:357,0
DA:360,0
DA:363,0
DA:365,0
DA:367,0
DA:368,0
DA:372,0
DA:375,0
DA:378,0
DA:381,0
DA:383,0
DA:388,0
DA:393,0
DA:395,0
DA:396,0
DA:397,0
DA:398,0
DA:399,0
DA:401,0
DA:402,0
DA:403,0
DA:406,0
DA:408,0
DA:410,0
DA:417,0
DA:420,0
DA:422,0
DA:425,0
DA:427,0
DA:430,0
DA:431,0
DA:435,0
DA:438,0
DA:444,0
DA:446,0
DA:447,0
DA:448,0
DA:449,0
DA:451,0
DA:453,0
DA:454,0
DA:455,0
DA:456,0
DA:457,0
DA:458,0
DA:460,0
DA:464,0
DA:468,0
DA:470,0
DA:472,0
DA:473,0
DA:474,0
DA:476,0
DA:479,0
DA:481,0
DA:482,0
DA:483,0
DA:486,0
DA:489,0
DA:493,0
DA:496,0
DA:497,0
DA:498,0
DA:499,0
DA:501,0
DA:503,0
DA:507,0
DA:510,0
DA:512,0
DA:516,0
DA:517,0
DA:518,0
DA:521,0
DA:531,0
DA:533,0
DA:534,0
DA:535,0
DA:536,0
DA:537,0
DA:538,0
DA:539,0
DA:540,0
DA:541,0
DA:542,0
DA:544,0
DA:545,0
DA:546,0
DA:548,0
DA:549,0
DA:551,0
DA:553,0
DA:554,0
DA:556,0
DA:558,0
DA:559,0
DA:561,0
DA:565,0
DA:567,0
DA:570,0
DA:571,0
DA:573,0
DA:575,0
DA:577,0
DA:580,0
DA:586,0
DA:591,0
DA:596,0
DA:598,0
DA:599,0
DA:600,0
DA:604,0
DA:606,0
DA:608,0
DA:610,0
DA:614,0
DA:616,0
DA:617,0
DA:619,0
DA:620,0
DA:622,0
DA:623,0
DA:624,0
DA:628,0
DA:630,0
DA:633,0
DA:635,0
DA:636,0
DA:638,0
DA:639,0
DA:641,0
DA:642,0
DA:643,0
DA:647,0
DA:649,0
DA:650,0
DA:652,0
DA:655,0
DA:659,0
DA:661,0
DA:662,0
DA:663,0
DA:665,0
DA:671,0
DA:673,0
DA:675,0
DA:676,0
DA:679,0
DA:680,0
DA:683,0
DA:688,0
DA:690,0
DA:691,0
DA:693,0
DA:696,0
DA:697,0
DA:701,0
DA:703,0
DA:704,0
DA:705,0
DA:706,0
DA:707,0
DA:708,0
DA:710,0
DA:711,0
DA:714,0
DA:716,0
DA:718,0
DA:721,0
DA:723,0
DA:725,0
DA:726,0
DA:728,0
DA:731,0
DA:734,0
DA:735,0
DA:736,0
DA:740,0
DA:741,0
DA:746,0
DA:747,0
DA:749,0
DA:752,0
DA:757,0
DA:758,0
DA:762,0
DA:765,0
DA:766,0
DA:771,0
DA:773,0
DA:775,0
DA:776,0
DA:779,0
DA:783,0
DA:784,0
DA:785,0
DA:788,0
DA:789,0
DA:791,0
DA:793,0
DA:796,0
DA:798,0
DA:802,0
DA:803,0
DA:806,0
DA:807,0
DA:809,0
DA:811,0
DA:815,0
DA:818,0
DA:824,0
DA:825,0
DA:827,0
DA:829,0
DA:832,0
DA:836,0
DA:837,0
DA:840,0
DA:841,0
DA:845,0
DA:846,0
DA:847,0
DA:852,0
DA:854,0
DA:856,0
DA:858,0
DA:861,0
DA:862,0
DA:863,0
DA:865,0
DA:866,0
DA:867,0
DA:868,0
DA:869,0
DA:870,0
DA:872,0
DA:873,0
DA:876,0
end_of_record
TN:
SF:/usr/include/x86_64-linux-gnu/bits/string_fortified.h
DA:126,0
DA:128,0
end_of_record
SF:/usr/include/x86_64-linux-gnu/bits/stdio2.h
DA:34,0
DA:36,0
DA:105,0
DA:107,0
end_of_record
SF:/workspace/vtr-verilog-to-routing/ODIN_II/SRC/read_blif.c
FN:138,read_blif
FNDA:0,read_blif
FN:188,read_tokens
FNDA:0,read_tokens
FN:246,assign_node_type_from_node_name
FNDA:0,assign_node_type_from_node_name
FN:316,create_latch_node_and_driver
FNDA:0,create_latch_node_and_driver
FN:409,search_clock_name
FNDA:0,search_clock_name
FN:477,create_hard_block_nodes
FNDA:0,create_hard_block_nodes
FN:625,create_internal_node_and_driver
FNDA:0,create_internal_node_and_driver
FN:756,read_bit_map_find_unknown_gate
FNDA:0,read_bit_map_find_unknown_gate
FN:973,add_top_input_nodes
FNDA:0,add_top_input_nodes
FN:1025,rb_create_top_output_nodes
FNDA:0,rb_create_top_output_nodes
FN:1066,rb_look_for_clocks
FNDA:0,rb_look_for_clocks
FN:1088,rb_create_top_driver_nets
FNDA:0,rb_create_top_driver_nets
FN:1164,hook_up_nets
FNDA:0,hook_up_nets
FN:1187,hook_up_node
FNDA:0,hook_up_node
FN:1208,read_hard_block_model
FNDA:0,read_hard_block_model
FN:1308,compare_hard_block_pin_names
FNDA:0,compare_hard_block_pin_names
FN:1336,index_names
FNDA:0,index_names
FN:1351,associate_names
FNDA:0,associate_names
FN:1367,get_hard_block_ports
FNDA:0,get_hard_block_ports
FN:1404,verify_hard_block_ports_against_model
FNDA:0,verify_hard_block_ports_against_model
FN:1459,generate_hard_block_ports_signature
FNDA:0,generate_hard_block_ports_signature
FN:1484,get_hard_block_port_name
FNDA:0,get_hard_block_port_name
FN:1501,get_hard_block_pin_number
FNDA:0,get_hard_block_pin_number
FN:1523,add_hard_block_model
FNDA:0,add_hard_block_model
FN:1538,get_hard_block_model
FNDA:0,get_hard_block_model
FN:1550,create_hard_block_models
FNDA:0,create_hard_block_models
FN:1564,count_blif_lines
FNDA:0,count_blif_lines
FN:1582,free_hard_block_models
FNDA:0,free_hard_block_models
FN:1597,free_hard_block_model
FNDA:0,free_hard_block_model
FN:1611,free_hard_block_pins
FNDA:0,free_hard_block_pins
FN:1625,free_hard_block_ports
FNDA:0,free_hard_block_ports
DA:138,0
DA:140,0
DA:142,0
DA:144,0
DA:146,0
DA:148,0
DA:150,0
DA:153,0
DA:155,0
DA:156,0
DA:157,0
DA:158,0
DA:160,0
DA:161,0
DA:163,0
DA:165,0
DA:167,0
DA:169,0
DA:171,0
DA:172,0
DA:175,0
DA:176,0
DA:177,0
DA:178,0
DA:188,0
DA:192,0
DA:194,0
DA:196,0
DA:198,0
DA:202,0
DA:203,0
DA:205,0
DA:207,0
DA:209,0
DA:211,0
DA:213,0
DA:215,0
DA:217,0
DA:219,0
DA:221,0
DA:223,0
DA:227,0
DA:228,0
DA:230,0
DA:233,0
DA:246,0
DA:249,0
DA:250,0
DA:251,0
DA:252,0
DA:254,0
DA:257,0
DA:258,0
DA:259,0
DA:261,0
DA:264,0
DA:266,0
DA:267,0
DA:268,0
DA:269,0
DA:270,0
DA:271,0
DA:272,0
DA:273,0
DA:274,0
DA:275,0
DA:276,0
DA:277,0
DA:278,0
DA:279,0
DA:280,0
DA:281,0
DA:282,0
DA:283,0
DA:284,0
DA:285,0
DA:286,0
DA:287,0
DA:288,0
DA:289,0
DA:290,0
DA:291,0
DA:292,0
DA:293,0
DA:294,0
DA:295,0
DA:296,0
DA:297,0
DA:298,0
DA:299,0
DA:300,0
DA:301,0
DA:302,0
DA:303,0
DA:304,0
DA:305,0
DA:306,0
DA:307,0
DA:308,0
DA:316,0
DA:319,0
DA:320,0
DA:322,0
DA:323,0
DA:324,0
DA:326,0
DA:327,0
DA:331,0
DA:334,0
DA:336,0
DA:337,0
DA:338,0
DA:340,0
DA:341,0
DA:343,0
DA:344,0
DA:348,0
DA:352,0
DA:353,0
DA:354,0
DA:357,0
DA:358,0
DA:361,0
DA:364,0
DA:365,0
DA:367,0
DA:371,0
DA:372,0
DA:373,0
DA:374,0
DA:376,0
DA:377,0
DA:378,0
DA:379,0
DA:382,0
DA:385,0
DA:386,0
DA:389,0
DA:390,0
DA:392,0
DA:393,0
DA:394,0
DA:395,0
DA:396,0
DA:398,0
DA:401,0
DA:402,0
DA:409,0
DA:411,0
DA:412,0
DA:413,0
DA:414,0
DA:416,0
DA:417,0
DA:418,0
DA:419,0
DA:421,0
DA:422,0
DA:425,0
DA:428,0
DA:429,0
DA:431,0
DA:434,0
DA:437,0
DA:439,0
DA:440,0
DA:443,0
DA:445,0
DA:448,0
DA:450,0
DA:452,0
DA:453,0
DA:458,0
DA:460,0
DA:464,0
DA:465,0
DA:467,0
DA:468,0
DA:477,0
DA:479,0
DA:480,0
DA:483,0
DA:484,0
DA:486,0
DA:487,0
DA:489,0
DA:490,0
DA:494,0
DA:495,0
DA:496,0
DA:497,0
DA:499,0
DA:500,0
DA:504,0
DA:507,0
DA:509,0
DA:510,0
DA:512,0
DA:515,0
DA:518,0
DA:519,0
DA:522,0
DA:524,0
DA:527,0
DA:530,0
DA:531,0
DA:532,0
DA:535,0
DA:536,0
DA:537,0
DA:538,0
DA:540,0
DA:541,0
DA:545,0
DA:546,0
DA:547,0
DA:548,0
DA:550,0
DA:551,0
DA:552,0
DA:556,0
DA:557,0
DA:558,0
DA:559,0
DA:562,0
DA:564,0
DA:565,0
DA:567,0
DA:568,0
DA:570,0
DA:571,0
DA:572,0
DA:573,0
DA:575,0
DA:579,0
DA:581,0
DA:582,0
DA:584,0
DA:586,0
DA:587,0
DA:588,0
DA:589,0
DA:591,0
DA:593,0
DA:594,0
DA:596,0
DA:599,0
DA:603,0
DA:604,0
DA:605,0
DA:606,0
DA:609,0
DA:610,0
DA:612,0
DA:613,0
DA:614,0
DA:615,0
DA:618,0
DA:625,0
DA:628,0
DA:629,0
DA:630,0
DA:631,0
DA:632,0
DA:634,0
DA:635,0
DA:639,0
DA:640,0
DA:643,0
DA:644,0
DA:645,0
DA:646,0
DA:649,0
DA:654,0
DA:656,0
DA:658,0
DA:659,0
DA:662,0
DA:664,0
DA:665,0
DA:669,0
DA:671,0
DA:674,0
DA:676,0
DA:677,0
DA:682,0
DA:683,0
DA:689,0
DA:691,0
DA:692,0
DA:693,0
DA:694,0
DA:698,0
DA:700,0
DA:701,0
DA:703,0
DA:704,0
DA:705,0
DA:706,0
DA:709,0
DA:711,0
DA:712,0
DA:714,0
DA:715,0
DA:716,0
DA:717,0
DA:721,0
DA:722,0
DA:725,0
DA:728,0
DA:729,0
DA:733,0
DA:734,0
DA:735,0
DA:737,0
DA:739,0
DA:740,0
DA:742,0
DA:744,0
DA:747,0
DA:749,0
DA:756,0
DA:758,0
DA:759,0
DA:760,0
DA:762,0
DA:764,0
DA:765,0
DA:767,0
DA:768,0
DA:770,0
DA:771,0
DA:772,0
DA:780,0
DA:781,0
DA:783,0
DA:784,0
DA:787,0
DA:788,0
DA:790,0
DA:793,0
DA:794,0
DA:797,0
DA:800,0
DA:804,0
DA:809,0
DA:811,0
DA:813,0
DA:815,0
DA:820,0
DA:824,0
DA:825,0
DA:827,0
DA:829,0
DA:834,0
DA:837,0
DA:839,0
DA:841,0
DA:844,0
DA:845,0
DA:846,0
DA:847,0
DA:848,0
DA:852,0
DA:853,0
DA:854,0
DA:855,0
DA:856,0
DA:860,0
DA:862,0
DA:863,0
DA:864,0
DA:868,0
DA:869,0
DA:870,0
DA:871,0
DA:872,0
DA:878,0
DA:882,0
DA:884,0
DA:887,0
DA:888,0
DA:891,0
DA:900,0
DA:904,0
DA:906,0
DA:909,0
DA:910,0
DA:913,0
DA:921,0
DA:926,0
DA:929,0
DA:931,0
DA:932,0
DA:933,0
DA:937,0
DA:939,0
DA:940,0
DA:941,0
DA:948,0
DA:957,0
DA:963,0
DA:964,0
DA:965,0
DA:973,0
DA:975,0
DA:976,0
DA:977,0
DA:979,0
DA:983,0
DA:985,0
DA:986,0
DA:989,0
DA:992,0
DA:993,0
DA:996,0
DA:997,0
DA:998,0
DA:1001,0
DA:1003,0
DA:1004,0
DA:1006,0
DA:1008,0
DA:1009,0
DA:1017,0
DA:1019,0
DA:1025,0
DA:1027,0
DA:1028,0
DA:1030,0
DA:1032,0
DA:1037,0
DA:1038,0
DA:1039,0
DA:1042,0
DA:1045,0
DA:1046,0
DA:1049,0
DA:1050,0
DA:1052,0
DA:1056,0
DA:1057,0
DA:1059,0
DA:1066,0
DA:1068,0
DA:1069,0
DA:1071,0
DA:1073,0
DA:1077,0
DA:1088,0
DA:1090,0
DA:1095,0
DA:1096,0
DA:1097,0
DA:1098,0
DA:1099,0
DA:1100,0
DA:1101,0
DA:1102,0
DA:1105,0
DA:1106,0
DA:1107,0
DA:1108,0
DA:1109,0
DA:1110,0
DA:1111,0
DA:1112,0
DA:1115,0
DA:1116,0
DA:1117,0
DA:1118,0
DA:1119,0
DA:1120,0
DA:1121,0
DA:1122,0
DA:1125,0
DA:1126,0
DA:1128,0
DA:1130,0
DA:1133,0
DA:1134,0
DA:1136,0
DA:1138,0
DA:1141,0
DA:1142,0
DA:1144,0
DA:1146,0
DA:1147,0
DA:1155,0
DA:1164,0
DA:1166,0
DA:1167,0
DA:1168,0
DA:1171,0
DA:1172,0
DA:1175,0
DA:1177,0
DA:1178,0
DA:1181,0
DA:1187,0
DA:1189,0
DA:1190,0
DA:1192,0
DA:1194,0
DA:1196,0
DA:1197,0
DA:1199,0
DA:1201,0
DA:1208,0
DA:1211,0
DA:1212,0
DA:1213,0
DA:1215,0
DA:1217,0
DA:1218,0
DA:1221,0
DA:1222,0
DA:1224,0
DA:1226,0
DA:1228,0
DA:1229,0
DA:1230,0
DA:1231,0
DA:1232,0
DA:1234,0
DA:1235,0
DA:1236,0
DA:1239,0
DA:1241,0
DA:1242,0
DA:1245,0
DA:1247,0
DA:1248,0
DA:1251,0
DA:1254,0
DA:1256,0
DA:1257,0
DA:1260,0
DA:1269,0
DA:1270,0
DA:1273,0
DA:1274,0
DA:1277,0
DA:1278,0
DA:1281,0
DA:1282,0
DA:1285,0
DA:1291,0
DA:1296,0
DA:1297,0
DA:1299,0
DA:1308,0
DA:1310,0
DA:1311,0
DA:1313,0
DA:1314,0
DA:1315,0
DA:1316,0
DA:1317,0
DA:1320,0
DA:1322,0
DA:1323,0
DA:1324,0
DA:1336,0
DA:1338,0
DA:1339,0
DA:1340,0
DA:1341,0
DA:1342,0
DA:1343,0
DA:1345,0
DA:1351,0
DA:1353,0
DA:1354,0
DA:1355,0
DA:1356,0
DA:1358,0
DA:1367,0
DA:1370,0
DA:1371,0
DA:1372,0
DA:1373,0
DA:1374,0
DA:1375,0
DA:1376,0
DA:1378,0
DA:1380,0
DA:1382,0
DA:1383,0
DA:1385,0
DA:1386,0
DA:1387,0
DA:1390,0
DA:1391,0
DA:1394,0
DA:1395,0
DA:1397,0
DA:1404,0
DA:1406,0
DA:1407,0
DA:1408,0
DA:1410,0
DA:1411,0
DA:1412,0
DA:1415,0
DA:1416,0
DA:1417,0
DA:1419,0
DA:1426,0
DA:1428,0
DA:1436,0
DA:1437,0
DA:1438,0
DA:1439,0
DA:1442,0
DA:1443,0
DA:1444,0
DA:1446,0
DA:1459,0
DA:1461,0
DA:1462,0
DA:1464,0
DA:1466,0
DA:1467,0
DA:1469,0
DA:1470,0
DA:1471,0
DA:1473,0
DA:1484,0
DA:1486,0
DA:1487,0
DA:1488,0
DA:1501,0
DA:1503,0
DA:1506,0
DA:1507,0
DA:1508,0
DA:1509,0
DA:1510,0
DA:1512,0
DA:1513,0
DA:1515,0
DA:1517,0
DA:1523,0
DA:1525,0
DA:1526,0
DA:1527,0
DA:1528,0
DA:1529,0
DA:1530,0
DA:1531,0
DA:1532,0
DA:1538,0
DA:1540,0
DA:1541,0
DA:1542,0
DA:1543,0
DA:1544,0
DA:1550,0
DA:1552,0
DA:1553,0
DA:1554,0
DA:1555,0
DA:1557,0
DA:1564,0
DA:1566,0
DA:1567,0
DA:1568,0
DA:1570,0
DA:1572,0
DA:1574,0
DA:1575,0
DA:1582,0
DA:1584,0
DA:1585,0
DA:1586,0
DA:1587,0
DA:1589,0
DA:1590,0
DA:1591,0
DA:1597,0
DA:1599,0
DA:1600,0
DA:1602,0
DA:1603,0
DA:1605,0
DA:1606,0
DA:1611,0
DA:1613,0
DA:1614,0
DA:1616,0
DA:1618,0
DA:1619,0
DA:1620,0
DA:1625,0
DA:1627,0
DA:1628,0
DA:1630,0
DA:1631,0
DA:1632,0
DA:1634,0
DA:1635,0
DA:1636,0
end_of_record
TN:
SF:/workspace/vtr-verilog-to-routing/ODIN_II/SRC/output_graphcrunch_format.c
FN:39,graphcrunch_output
FNDA:0,graphcrunch_output
FN:57,depth_first_traverse_graphcrunch
FNDA:0,depth_first_traverse_graphcrunch
FN:79,depth_first_traversal_graphcrunch_display
FNDA:0,depth_first_traversal_graphcrunch_display
DA:39,0
DA:41,0
DA:42,0
DA:45,0
DA:46,0
DA:48,0
DA:51,0
DA:52,0
DA:57,0
DA:59,0
DA:62,0
DA:64,0
DA:66,0
DA:70,0
DA:71,0
DA:72,0
DA:73,0
DA:74,0
DA:79,0
DA:81,0
DA:82,0
DA:83,0
DA:85,0
DA:92,0
DA:93,0
DA:96,0
DA:98,0
DA:100,0
DA:101,0
DA:103,0
DA:104,0
DA:106,0
DA:107,0
DA:109,0
DA:110,0
DA:111,0
DA:115,0
DA:116,0
DA:118,0
DA:121,0
DA:122,0
DA:124,0
DA:127,0
DA:128,0
DA:131,0
DA:133,0
DA:134,0
DA:137,0
end_of_record
SF:/usr/include/x86_64-linux-gnu/bits/stdio2.h
DA:34,0
DA:36,0
DA:98,0
DA:100,0
end_of_record
TN:
SF:/usr/include/x86_64-linux-gnu/bits/string_fortified.h
DA:88,0
DA:90,0
DA:103,0
DA:106,0
DA:126,0
DA:128,0
end_of_record
SF:/workspace/vtr-verilog-to-routing/ODIN_II/SRC/verilog_preprocessor.c
FN:17,init_veri_preproc
FNDA:0,init_veri_preproc
FN:42,cleanup_veri_preproc
FNDA:0,cleanup_veri_preproc
FN:76,clean_veri_define
FNDA:0,clean_veri_define
FN:96,clean_veri_include
FNDA:0,clean_veri_include
FN:113,add_veri_define
FNDA:0,add_veri_define
FN:182,add_veri_include
FNDA:0,add_veri_include
FN:225,ret_veri_definedval
FNDA:0,ret_veri_definedval
FN:239,veri_is_defined
FNDA:0,veri_is_defined
FN:260,open_source_file
FNDA:0,open_source_file
FN:306,veri_preproc
FNDA:0,veri_preproc
FN:344,remove_comments
FNDA:0,remove_comments
FN:392,veri_preproc_bootstraped
FNDA:0,veri_preproc_bootstraped
FN:621,trim
FNDA:0,trim
FN:648,top
FNDA:0,top
FN:658,pop
FNDA:0,pop
FN:672,push
FNDA:0,push
DA:17,0
DA:19,0
DA:20,0
DA:22,0
DA:23,0
DA:25,0
DA:26,0
DA:28,0
DA:29,0
DA:31,0
DA:32,0
DA:34,0
DA:35,0
DA:36,0
DA:42,0
DA:46,0
DA:47,0
DA:48,0
DA:50,0
DA:52,0
DA:54,0
DA:55,0
DA:56,0
DA:57,0
DA:59,0
DA:61,0
DA:63,0
DA:64,0
DA:65,0
DA:66,0
DA:70,0
DA:76,0
DA:78,0
DA:81,0
DA:83,0
DA:85,0
DA:87,0
DA:88,0
DA:91,0
DA:96,0
DA:98,0
DA:101,0
DA:103,0
DA:104,0
DA:107,0
DA:113,0
DA:115,0
DA:116,0
DA:117,0
DA:118,0
DA:120,0
DA:121,0
DA:125,0
DA:127,0
DA:129,0
DA:133,0
DA:135,0
DA:137,0
DA:138,0
DA:140,0
DA:143,0
DA:144,0
DA:145,0
DA:153,0
DA:155,0
DA:157,0
DA:158,0
DA:161,0
DA:162,0
DA:167,0
DA:168,0
DA:169,0
DA:170,0
DA:172,0
DA:173,0
DA:175,0
DA:182,0
DA:184,0
DA:185,0
DA:186,0
DA:187,0
DA:189,0
DA:190,0
DA:194,0
DA:196,0
DA:198,0
DA:202,0
DA:204,0
DA:206,0
DA:207,0
DA:211,0
DA:212,0
DA:213,0
DA:215,0
DA:216,0
DA:218,0
DA:225,0
DA:227,0
DA:228,0
DA:230,0
DA:239,0
DA:241,0
DA:242,0
DA:244,0
DA:246,0
DA:248,0
DA:260,0
DA:262,0
DA:263,0
DA:264,0
DA:266,0
DA:267,0
DA:272,0
DA:273,0
DA:275,0
DA:277,0
DA:279,0
DA:283,0
DA:284,0
DA:287,0
DA:288,0
DA:289,0
DA:291,0
DA:292,0
DA:294,0
DA:296,0
DA:297,0
DA:306,0
DA:308,0
DA:309,0
DA:310,0
DA:311,0
DA:314,0
DA:315,0
DA:316,0
DA:318,0
DA:319,0
DA:322,0
DA:323,0
DA:325,0
DA:327,0
DA:328,0
DA:333,0
DA:335,0
DA:336,0
DA:337,0
DA:344,0
DA:346,0
DA:347,0
DA:348,0
DA:350,0
DA:351,0
DA:352,0
DA:355,0
DA:357,0
DA:360,0
DA:365,0
DA:372,0
DA:373,0
DA:379,0
DA:381,0
DA:382,0
DA:386,0
DA:388,0
DA:389,0
DA:392,0
DA:395,0
DA:397,0
DA:398,0
DA:399,0
DA:400,0
DA:401,0
DA:403,0
DA:406,0
DA:407,0
DA:408,0
DA:409,0
DA:410,0
DA:412,0
DA:414,0
DA:415,0
DA:417,0
DA:418,0
DA:419,0
DA:421,0
DA:422,0
DA:423,0
DA:424,0
DA:426,0
DA:428,0
DA:429,0
DA:430,0
DA:431,0
DA:432,0
DA:433,0
DA:437,0
DA:438,0
DA:439,0
DA:441,0
DA:442,0
DA:444,0
DA:445,0
DA:446,0
DA:447,0
DA:449,0
DA:454,0
DA:456,0
DA:461,0
DA:462,0
DA:463,0
DA:465,0
DA:467,0
DA:469,0
DA:472,0
DA:474,0
DA:476,0
DA:479,0
DA:481,0
DA:483,0
DA:485,0
DA:490,0
DA:491,0
DA:492,0
DA:495,0
DA:498,0
DA:502,0
DA:505,0
DA:507,0
DA:509,0
DA:514,0
DA:516,0
DA:518,0
DA:520,0
DA:522,0
DA:524,0
DA:526,0
DA:527,0
DA:528,0
DA:531,0
DA:534,0
DA:535,0
DA:537,0
DA:538,0
DA:539,0
DA:541,0
DA:545,0
DA:550,0
DA:553,0
DA:556,0
DA:557,0
DA:559,0
DA:560,0
DA:561,0
DA:563,0
DA:567,0
DA:572,0
DA:575,0
DA:578,0
DA:581,0
DA:582,0
DA:585,0
DA:587,0
DA:588,0
DA:595,0
DA:597,0
DA:600,0
DA:602,0
DA:605,0
DA:607,0
DA:610,0
DA:612,0
DA:613,0
DA:615,0
DA:616,0
DA:617,0
DA:621,0
DA:623,0
DA:624,0
DA:627,0
DA:629,0
DA:631,0
DA:633,0
DA:639,0
DA:648,0
DA:650,0
DA:652,0
DA:658,0
DA:660,0
DA:662,0
DA:663,0
DA:665,0
DA:666,0
DA:668,0
DA:672,0
DA:674,0
DA:676,0
DA:677,0
DA:678,0
DA:680,0
DA:682,0
end_of_record
SF:/usr/include/x86_64-linux-gnu/bits/stdio2.h
DA:98,0
DA:100,0
DA:105,0
DA:107,0
DA:255,0
DA:257,0
DA:259,0
DA:262,0
DA:265,0
end_of_record
TN:
SF:/usr/include/stdlib.h
DA:361,0
DA:363,0
end_of_record
SF:/workspace/vtr-verilog-to-routing/ODIN_II/SRC/odin_ii.c
FN:66,main
FNDA:0,main
FN:132,print_usage
FNDA:0,print_usage
FN:186,get_options
FNDA:0,get_options
FN:343,do_high_level_synthesis
FNDA:0,do_high_level_synthesis
FN:417,do_simulation_of_netlist
FNDA:0,do_simulation_of_netlist
DA:66,0
DA:68,0
DA:70,0
DA:71,0
DA:72,0
DA:75,0
DA:78,0
DA:80,0
DA:81,0
DA:85,0
DA:87,0
DA:94,0
DA:106,0
DA:109,0
DA:113,0
DA:117,0
DA:121,0
DA:122,0
DA:125,0
DA:132,0
DA:134,0
DA:180,0
DA:181,0
DA:186,0
DA:189,0
DA:190,0
DA:191,0
DA:192,0
DA:193,0
DA:194,0
DA:195,0
DA:196,0
DA:197,0
DA:198,0
DA:199,0
DA:200,0
DA:201,0
DA:202,0
DA:203,0
DA:204,0
DA:205,0
DA:206,0
DA:209,0
DA:210,0
DA:211,0
DA:212,0
DA:213,0
DA:214,0
DA:215,0
DA:216,0
DA:217,0
DA:219,0
DA:220,0
DA:222,0
DA:223,0
DA:229,0
DA:230,0
DA:233,0
DA:234,0
DA:235,0
DA:237,0
DA:240,0
DA:241,0
DA:242,0
DA:243,0
DA:245,0
DA:246,0
DA:247,0
DA:248,0
DA:249,0
DA:250,0
DA:251,0
DA:252,0
DA:253,0
DA:262,0
DA:263,0
DA:264,0
DA:265,0
DA:270,0
DA:272,0
DA:273,0
DA:274,0
DA:275,0
DA:276,0
DA:277,0
DA:278,0
DA:279,0
DA:280,0
DA:281,0
DA:282,0
DA:283,0
DA:284,0
DA:285,0
DA:286,0
DA:287,0
DA:288,0
DA:289,0
DA:290,0
DA:291,0
DA:292,0
DA:293,0
DA:294,0
DA:295,0
DA:296,0
DA:297,0
DA:298,0
DA:299,0
DA:300,0
DA:301,0
DA:302,0
DA:303,0
DA:304,0
DA:305,0
DA:306,0
DA:307,0
DA:308,0
DA:309,0
DA:310,0
DA:311,0
DA:312,0
DA:313,0
DA:314,0
DA:315,0
DA:316,0
DA:318,0
DA:321,0
DA:322,0
DA:323,0
DA:324,0
DA:325,0
DA:327,0
DA:328,0
DA:334,0
DA:336,0
DA:338,0
DA:343,0
DA:345,0
DA:347,0
DA:348,0
DA:351,0
DA:352,0
DA:354,0
DA:357,0
DA:359,0
DA:364,0
DA:366,0
DA:371,0
DA:373,0
DA:376,0
DA:379,0
DA:380,0
DA:382,0
DA:385,0
DA:389,0
DA:390,0
DA:400,0
DA:401,0
DA:403,0
DA:405,0
DA:406,0
DA:407,0
DA:408,0
DA:411,0
DA:412,0
DA:417,0
DA:419,0
DA:422,0
DA:423,0
DA:425,0
end_of_record
SF:/usr/include/x86_64-linux-gnu/bits/stdio2.h
DA:105,0
DA:107,0
end_of_record
