TN:
SF:/usr/include/c++/9/ext/new_allocator.h
DA:89,0
DA:119,0
DA:128,0
end_of_record
SF:/usr/include/c++/9/bits/basic_string.h
DA:150,0
DA:186,0
DA:200,0
DA:203,0
DA:221,0
DA:222,0
DA:229,0
DA:231,0
DA:232,0
DA:236,0
DA:237,0
DA:286,0
DA:287,0
DA:657,0
DA:658,0
DA:2300,0
DA:2301,0
end_of_record
SF:/usr/include/c++/9/iostream
end_of_record
SF:/usr/include/c++/9/bits/alloc_traits.h
DA:469,0
DA:470,0
end_of_record
SF:/usr/include/c++/9/bits/ptr_traits.h
DA:146,0
DA:147,0
end_of_record
SF:/workspace/vtr-verilog-to-routing/ODIN_II/SRC/DEBUG_TOOLS/netlist_visualizer.cpp
FN:46,_Z21graphVizOutputNetlistNSt7__cxx1112basic_stringIcSt11char_traitsIcESaIcEEEPKcsP11netlist_t_t
FNDA:0,_Z21graphVizOutputNetlistNSt7__cxx1112basic_stringIcSt11char_traitsIcESaIcEEEPKcsP11netlist_t_t
FN:68,_Z35depth_first_traversal_graph_displayP8_IO_FILEsP11netlist_t_t
FNDA:0,_Z35depth_first_traversal_graph_displayP8_IO_FILEsP11netlist_t_t
FN:90,_Z30depth_first_traverse_visualizeP9nnode_t_tP8_IO_FILEi
FNDA:0,_Z30depth_first_traverse_visualizeP9nnode_t_tP8_IO_FILEi
FN:188,_Z30graphVizOutputCombinationalNetNSt7__cxx1112basic_stringIcSt11char_traitsIcESaIcEEEPKcsP9nnode_t_t
FNDA:0,_Z30graphVizOutputCombinationalNetNSt7__cxx1112basic_stringIcSt11char_traitsIcESaIcEEEPKcsP9nnode_t_t
FN:212,_Z35forward_traversal_net_graph_displayP8_IO_FILEsP9nnode_t_t
FNDA:0,_Z35forward_traversal_net_graph_displayP8_IO_FILEsP9nnode_t_t
FN:315,_Z36backward_traversal_net_graph_displayP8_IO_FILEsP9nnode_t_t
FNDA:0,_Z36backward_traversal_net_graph_displayP8_IO_FILEsP9nnode_t_t
DA:46,0
DA:48,0
DA:49,0
DA:52,0
DA:53,0
DA:56,0
DA:58,0
DA:61,0
DA:62,0
DA:63,0
DA:68,0
DA:70,0
DA:73,0
DA:75,0
DA:77,0
DA:81,0
DA:82,0
DA:83,0
DA:84,0
DA:85,0
DA:90,0
DA:92,0
DA:93,0
DA:94,0
DA:96,0
DA:103,0
DA:104,0
DA:107,0
DA:109,0
DA:110,0
DA:112,0
DA:114,0
DA:116,0
DA:118,0
DA:120,0
DA:122,0
DA:124,0
DA:128,0
DA:130,0
DA:132,0
DA:134,0
DA:135,0
DA:138,0
DA:139,0
DA:141,0
DA:142,0
DA:143,0
DA:150,0
DA:151,0
DA:153,0
DA:156,0
DA:157,0
DA:158,0
DA:159,0
DA:161,0
DA:164,0
DA:165,0
DA:166,0
DA:167,0
DA:170,0
DA:171,0
DA:172,0
DA:173,0
DA:175,0
DA:176,0
DA:179,0
DA:188,0
DA:190,0
DA:191,0
DA:194,0
DA:195,0
DA:198,0
DA:200,0
DA:201,0
DA:204,0
DA:205,0
DA:206,0
DA:212,0
DA:214,0
DA:215,0
DA:216,0
DA:217,0
DA:218,0
DA:219,0
DA:221,0
DA:222,0
DA:224,0
DA:226,0
DA:229,0
DA:232,0
DA:233,0
DA:235,0
DA:237,0
DA:239,0
DA:241,0
DA:243,0
DA:245,0
DA:247,0
DA:249,0
DA:251,0
DA:255,0
DA:257,0
DA:260,0
DA:262,0
DA:263,0
DA:265,0
DA:267,0
DA:268,0
DA:271,0
DA:273,0
DA:274,0
DA:276,0
DA:277,0
DA:278,0
DA:281,0
DA:282,0
DA:284,0
DA:287,0
DA:288,0
DA:291,0
DA:293,0
DA:294,0
DA:296,0
DA:299,0
DA:300,0
DA:301,0
DA:307,0
DA:309,0
DA:315,0
DA:317,0
DA:318,0
DA:319,0
DA:320,0
DA:321,0
DA:322,0
DA:324,0
DA:325,0
DA:327,0
DA:329,0
DA:332,0
DA:335,0
DA:336,0
DA:338,0
DA:340,0
DA:342,0
DA:344,0
DA:346,0
DA:348,0
DA:350,0
DA:352,0
DA:356,0
DA:359,0
DA:362,0
DA:364,0
DA:365,0
DA:367,0
DA:368,0
DA:371,0
DA:373,0
DA:374,0
DA:376,0
DA:377,0
DA:379,0
DA:381,0
DA:382,0
DA:384,0
DA:387,0
DA:388,0
DA:389,0
DA:394,0
DA:396,0
end_of_record
SF:/usr/include/c++/9/bits/allocator.h
DA:153,0
end_of_record
SF:/usr/include/c++/9/bits/move.h
DA:47,0
DA:138,0
DA:139,0
end_of_record
SF:/usr/include/x86_64-linux-gnu/bits/stdio2.h
DA:34,0
DA:36,0
DA:37,0
DA:98,0
DA:100,0
DA:101,0
end_of_record
TN:
SF:/usr/include/c++/9/iostream
end_of_record
SF:/usr/include/x86_64-linux-gnu/bits/stdio2.h
DA:105,0
DA:107,0
end_of_record
SF:/workspace/vtr-verilog-to-routing/ODIN_II/SRC/DEBUG_TOOLS/print_netlist.cpp
FN:37,_Z26print_netlist_for_checkingP11netlist_t_tPc
FNDA:0,_Z26print_netlist_for_checkingP11netlist_t_tPc
FN:298,_Z34function_to_print_node_and_its_pinP8npin_t_t
FNDA:0,_Z34function_to_print_node_and_its_pinP8npin_t_t
DA:37,0
DA:39,0
DA:40,0
DA:41,0
DA:42,0
DA:45,0
DA:47,0
DA:48,0
DA:49,0
DA:50,0
DA:51,0
DA:52,0
DA:54,0
DA:56,0
DA:58,0
DA:59,0
DA:60,0
DA:63,0
DA:64,0
DA:66,0
DA:68,0
DA:70,0
DA:71,0
DA:72,0
DA:75,0
DA:76,0
DA:77,0
DA:78,0
DA:80,0
DA:85,0
DA:86,0
DA:87,0
DA:88,0
DA:89,0
DA:90,0
DA:92,0
DA:94,0
DA:96,0
DA:97,0
DA:98,0
DA:100,0
DA:101,0
DA:103,0
DA:105,0
DA:107,0
DA:108,0
DA:109,0
DA:112,0
DA:113,0
DA:114,0
DA:115,0
DA:117,0
DA:121,0
DA:122,0
DA:123,0
DA:124,0
DA:125,0
DA:126,0
DA:128,0
DA:130,0
DA:132,0
DA:133,0
DA:134,0
DA:136,0
DA:137,0
DA:139,0
DA:141,0
DA:143,0
DA:144,0
DA:145,0
DA:148,0
DA:149,0
DA:150,0
DA:151,0
DA:153,0
DA:157,0
DA:158,0
DA:159,0
DA:161,0
DA:162,0
DA:163,0
DA:164,0
DA:165,0
DA:167,0
DA:169,0
DA:171,0
DA:172,0
DA:173,0
DA:175,0
DA:176,0
DA:178,0
DA:180,0
DA:182,0
DA:183,0
DA:184,0
DA:190,0
DA:191,0
DA:192,0
DA:194,0
DA:195,0
DA:196,0
DA:197,0
DA:198,0
DA:200,0
DA:202,0
DA:204,0
DA:205,0
DA:206,0
DA:207,0
DA:208,0
DA:209,0
DA:210,0
DA:211,0
DA:213,0
DA:215,0
DA:217,0
DA:218,0
DA:220,0
DA:222,0
DA:224,0
DA:225,0
DA:226,0
DA:233,0
DA:234,0
DA:235,0
DA:237,0
DA:238,0
DA:239,0
DA:240,0
DA:241,0
DA:243,0
DA:245,0
DA:247,0
DA:248,0
DA:249,0
DA:251,0
DA:252,0
DA:254,0
DA:256,0
DA:258,0
DA:259,0
DA:260,0
DA:265,0
DA:266,0
DA:267,0
DA:269,0
DA:270,0
DA:271,0
DA:272,0
DA:273,0
DA:275,0
DA:277,0
DA:279,0
DA:280,0
DA:281,0
DA:283,0
DA:284,0
DA:286,0
DA:288,0
DA:290,0
DA:291,0
DA:292,0
DA:295,0
DA:298,0
DA:300,0
DA:301,0
DA:302,0
DA:304,0
DA:305,0
DA:307,0
DA:308,0
DA:309,0
DA:311,0
DA:313,0
DA:315,0
DA:316,0
DA:317,0
DA:319,0
DA:320,0
DA:322,0
DA:324,0
DA:326,0
DA:327,0
DA:328,0
DA:331,0
end_of_record
TN:
SF:/usr/include/c++/9/bits/alloc_traits.h
DA:469,0
DA:470,0
end_of_record
SF:/usr/include/c++/9/bits/allocator.h
DA:138,0
DA:141,0
DA:142,0
DA:153,0
end_of_record
SF:/usr/include/c++/9/ostream
DA:108,0
DA:113,0
DA:565,0
DA:568,0
DA:570,0
DA:571,0
end_of_record
SF:/usr/include/c++/9/bits/stl_vector.h
DA:94,0
DA:95,0
DA:128,0
DA:130,0
DA:285,0
DA:484,0
end_of_record
SF:/usr/include/c++/9/bits/locale_facets.h
FN:872,_ZNKSt5ctypeIcE5widenEc
FNDA:0,_ZNKSt5ctypeIcE5widenEc
FN:1084,_ZNKSt5ctypeIcE8do_widenEc
FNDA:0,_ZNKSt5ctypeIcE8do_widenEc
DA:872,0
DA:874,0
DA:875,0
DA:876,0
DA:877,0
DA:1084,0
DA:1085,0
end_of_record
SF:/usr/include/c++/9/bits/basic_string.h
DA:150,0
DA:159,0
DA:160,0
DA:178,0
DA:179,0
DA:182,0
DA:183,0
DA:186,0
DA:190,0
DA:193,0
DA:200,0
DA:203,0
DA:210,0
DA:211,0
DA:214,0
DA:216,0
DA:217,0
DA:221,0
DA:222,0
DA:229,0
DA:231,0
DA:232,0
DA:236,0
DA:237,0
DA:286,0
DA:287,0
DA:346,0
DA:348,0
DA:349,0
DA:351,0
DA:396,0
DA:398,0
DA:431,0
DA:433,0
DA:434,0
DA:657,0
DA:658,0
DA:704,0
DA:705,0
end_of_record
SF:/workspace/vtr-verilog-to-routing/libs/EXTERNAL/libargparse/src/argparse_value.hpp
DA:50,0
DA:74,0
DA:75,0
DA:76,0
DA:77,0
end_of_record
SF:/usr/include/stdlib.h
DA:361,0
DA:363,0
end_of_record
SF:/usr/include/c++/9/iostream
end_of_record
SF:/usr/include/c++/9/bits/char_traits.h
DA:299,0
DA:300,0
DA:329,0
DA:335,0
DA:361,0
DA:363,0
DA:365,0
end_of_record
SF:/workspace/vtr-verilog-to-routing/ODIN_II/SRC/PARSE_TOOL/read_xml_config_file.cpp
FN:53,_Z16read_config_filePc
FNDA:0,_Z16read_config_filePc
FN:100,_Z18read_verilog_filesN4pugi8xml_nodeEP10config_t_tRKN8pugiutil8loc_dataE
FNDA:0,_Z18read_verilog_filesN4pugi8xml_nodeEP10config_t_tRKN8pugiutil8loc_dataE
FN:122,_Z12read_outputsN4pugi8xml_nodeEP10config_t_tRKN8pugiutil8loc_dataE
FNDA:0,_Z12read_outputsN4pugi8xml_nodeEP10config_t_tRKN8pugiutil8loc_dataE
FN:159,_Z19read_debug_switchesN4pugi8xml_nodeEP10config_t_tRKN8pugiutil8loc_dataE
FNDA:0,_Z19read_debug_switchesN4pugi8xml_nodeEP10config_t_tRKN8pugiutil8loc_dataE
FN:199,_Z33set_default_optimization_settingsP10config_t_t
FNDA:0,_Z33set_default_optimization_settingsP10config_t_t
FN:217,_Z18read_optimizationsN4pugi8xml_nodeEP10config_t_tRKN8pugiutil8loc_dataE
FNDA:0,_Z18read_optimizationsN4pugi8xml_nodeEP10config_t_tRKN8pugiutil8loc_dataE
DA:53,0
DA:55,0
DA:58,0
DA:60,0
DA:61,0
DA:62,0
DA:63,0
DA:66,0
DA:69,0
DA:70,0
DA:73,0
DA:74,0
DA:77,0
DA:78,0
DA:79,0
DA:81,0
DA:85,0
DA:86,0
DA:87,0
DA:88,0
DA:89,0
DA:100,0
DA:102,0
DA:103,0
DA:105,0
DA:106,0
DA:108,0
DA:110,0
DA:111,0
DA:112,0
DA:114,0
DA:116,0
DA:122,0
DA:124,0
DA:126,0
DA:127,0
DA:129,0
DA:132,0
DA:133,0
DA:135,0
DA:138,0
DA:139,0
DA:141,0
DA:142,0
DA:145,0
DA:147,0
DA:148,0
DA:150,0
DA:153,0
DA:159,0
DA:161,0
DA:163,0
DA:164,0
DA:166,0
DA:169,0
DA:170,0
DA:172,0
DA:175,0
DA:176,0
DA:178,0
DA:181,0
DA:182,0
DA:184,0
DA:187,0
DA:188,0
DA:190,0
DA:193,0
DA:199,0
DA:201,0
DA:202,0
DA:203,0
DA:204,0
DA:205,0
DA:206,0
DA:207,0
DA:208,0
DA:209,0
DA:210,0
DA:211,0
DA:217,0
DA:219,0
DA:220,0
DA:222,0
DA:223,0
DA:225,0
DA:226,0
DA:228,0
DA:231,0
DA:233,0
DA:234,0
DA:236,0
DA:239,0
DA:241,0
DA:242,0
DA:244,0
DA:247,0
DA:249,0
DA:250,0
DA:252,0
DA:255,0
DA:258,0
DA:259,0
DA:261,0
DA:262,0
DA:264,0
DA:267,0
DA:269,0
DA:270,0
DA:272,0
DA:273,0
DA:274,0
DA:275,0
DA:277,0
DA:280,0
DA:284,0
DA:285,0
DA:287,0
DA:288,0
DA:290,0
DA:293,0
DA:295,0
DA:296,0
DA:298,0
DA:301,0
DA:303,0
DA:304,0
DA:306,0
DA:309,0
DA:311,0
DA:312,0
DA:314,0
DA:317,0
DA:319,0
DA:320,0
DA:322,0
DA:325,0
DA:328,0
end_of_record
SF:/usr/include/c++/9/bits/basic_string.tcc
FN:206,_ZNSt7__cxx1112basic_stringIcSt11char_traitsIcESaIcEE12_M_constructIPKcEEvT_S8_St20forward_iterator_tag
FNDA:0,_ZNSt7__cxx1112basic_stringIcSt11char_traitsIcESaIcEE12_M_constructIPKcEEvT_S8_St20forward_iterator_tag
DA:206,0
DA:211,0
DA:212,0
DA:215,0
DA:217,0
DA:219,0
DA:220,0
DA:225,0
DA:232,0
DA:233,0
end_of_record
SF:/usr/include/c++/9/bits/ptr_traits.h
DA:146,0
DA:147,0
end_of_record
SF:/usr/include/c++/9/bits/stl_construct.h
end_of_record
SF:/workspace/vtr-verilog-to-routing/ODIN_II/SRC/types.h
end_of_record
SF:/usr/include/c++/9/bits/move.h
DA:47,0
DA:99,0
DA:138,0
DA:139,0
end_of_record
SF:/usr/include/x86_64-linux-gnu/bits/stdio2.h
DA:105,0
DA:107,0
end_of_record
SF:/usr/include/c++/9/ext/new_allocator.h
DA:80,0
DA:83,0
DA:89,0
DA:119,0
DA:128,0
end_of_record
SF:/usr/include/c++/9/bits/stl_iterator_base_funcs.h
DA:98,0
DA:104,0
DA:138,0
DA:141,0
end_of_record
SF:/usr/include/c++/9/ext/type_traits.h
DA:152,0
end_of_record
SF:/workspace/vtr-verilog-to-routing/libs/libpugiutil/src/pugixml_loc.hpp
DA:16,0
end_of_record
TN:
SF:/usr/include/c++/9/bits/stl_map.h
FN:300,_ZNSt3mapINSt7__cxx1112basic_stringIcSt11char_traitsIcESaIcEEEP20soft_sub_structure_tSt4lessIS5_ESaISt4pairIKS5_S7_EEED2Ev
FNDA:0,_ZNSt3mapINSt7__cxx1112basic_stringIcSt11char_traitsIcESaIcEEEP20soft_sub_structure_tSt4lessIS5_ESaISt4pairIKS5_S7_EEED2Ev
FN:490,_ZNSt3mapINSt7__cxx1112basic_stringIcSt11char_traitsIcESaIcEEEP20soft_sub_structure_tSt4lessIS5_ESaISt4pairIKS5_S7_EEEixERSB_
FNDA:0,_ZNSt3mapINSt7__cxx1112basic_stringIcSt11char_traitsIcESaIcEEEP20soft_sub_structure_tSt4lessIS5_ESaISt4pairIKS5_S7_EEEixERSB_
FN:510,_ZNSt3mapINSt7__cxx1112basic_stringIcSt11char_traitsIcESaIcEEEP20soft_sub_structure_tSt4lessIS5_ESaISt4pairIKS5_S7_EEEixEOS5_
FNDA:0,_ZNSt3mapINSt7__cxx1112basic_stringIcSt11char_traitsIcESaIcEEEP20soft_sub_structure_tSt4lessIS5_ESaISt4pairIKS5_S7_EEEixEOS5_
DA:100,0
DA:183,0
DA:300,0
DA:372,0
DA:373,0
DA:490,0
DA:495,0
DA:497,0
DA:499,0
DA:505,0
DA:510,0
DA:515,0
DA:517,0
DA:518,0
DA:519,0
DA:521,0
DA:1141,0
DA:1142,0
DA:1168,0
DA:1169,0
DA:1257,0
DA:1258,0
end_of_record
SF:/usr/include/c++/9/bits/stl_vector.h
FN:675,_ZNSt6vectorINSt7__cxx1112basic_stringIcSt11char_traitsIcESaIcEEESaIS5_EED2Ev
FNDA:0,_ZNSt6vectorINSt7__cxx1112basic_stringIcSt11char_traitsIcESaIcEEESaIS5_EED2Ev
FN:1753,_ZNKSt6vectorINSt7__cxx1112basic_stringIcSt11char_traitsIcESaIcEEESaIS5_EE12_M_check_lenEmPKc
FNDA:0,_ZNKSt6vectorINSt7__cxx1112basic_stringIcSt11char_traitsIcESaIcEEESaIS5_EE12_M_check_lenEmPKc
DA:94,0
DA:95,0
DA:125,0
DA:128,0
DA:130,0
DA:273,0
DA:274,0
DA:277,0
DA:278,0
DA:285,0
DA:330,0
DA:332,0
DA:333,0
DA:334,0
DA:347,0
DA:350,0
DA:351,0
DA:453,0
DA:462,0
DA:466,0
DA:484,0
DA:675,0
DA:677,0
DA:678,0
DA:680,0
DA:808,0
DA:809,0
DA:826,0
DA:827,0
DA:915,0
DA:916,0
DA:920,0
DA:921,0
DA:1040,0
DA:1043,0
DA:1200,0
DA:1201,0
DA:1753,0
DA:1755,0
DA:1756,0
DA:1758,0
DA:1759,0
DA:1773,0
DA:1780,0
DA:1781,0
end_of_record
SF:/usr/include/c++/9/bits/allocator.h
DA:138,0
DA:141,0
DA:142,0
DA:153,0
end_of_record
SF:/usr/include/c++/9/bits/vector.tcc
FN:109,_ZNSt6vectorINSt7__cxx1112basic_stringIcSt11char_traitsIcESaIcEEESaIS5_EE12emplace_backIJS5_EEEvDpOT_
FNDA:0,_ZNSt6vectorINSt7__cxx1112basic_stringIcSt11char_traitsIcESaIcEEESaIS5_EE12emplace_backIJS5_EEEvDpOT_
FN:426,_ZNSt6vectorINSt7__cxx1112basic_stringIcSt11char_traitsIcESaIcEEESaIS5_EE17_M_realloc_insertIJS5_EEEvN9__gnu_cxx17__normal_iteratorIPS5_S7_EEDpOT_
FNDA:0,_ZNSt6vectorINSt7__cxx1112basic_stringIcSt11char_traitsIcESaIcEEESaIS5_EE17_M_realloc_insertIJS5_EEEvN9__gnu_cxx17__normal_iteratorIPS5_S7_EEDpOT_
DA:109,0
DA:112,0
DA:115,0
DA:117,0
DA:121,0
DA:125,0
DA:426,0
DA:435,0
DA:437,0
DA:438,0
DA:439,0
DA:440,0
DA:441,0
DA:449,0
DA:450,0
DA:456,0
DA:461,0
DA:462,0
DA:464,0
DA:466,0
DA:467,0
DA:500,0
DA:501,0
DA:502,0
DA:503,0
DA:504,0
DA:505,0
end_of_record
SF:/usr/include/c++/9/bits/char_traits.h
DA:299,0
DA:300,0
DA:361,0
DA:363,0
DA:365,0
end_of_record
SF:/usr/include/c++/9/bits/ptr_traits.h
DA:146,0
DA:147,0
end_of_record
SF:/usr/include/c++/9/bits/stl_pair.h
DA:311,0
DA:312,0
DA:325,0
DA:326,0
DA:341,0
DA:342,0
end_of_record
SF:/usr/include/c++/9/bits/basic_string.tcc
FN:206,_ZNSt7__cxx1112basic_stringIcSt11char_traitsIcESaIcEE12_M_constructIPcEEvT_S7_St20forward_iterator_tag
FNDA:0,_ZNSt7__cxx1112basic_stringIcSt11char_traitsIcESaIcEE12_M_constructIPcEEvT_S7_St20forward_iterator_tag
FN:206,_ZNSt7__cxx1112basic_stringIcSt11char_traitsIcESaIcEE12_M_constructIPKcEEvT_S8_St20forward_iterator_tag
FNDA:0,_ZNSt7__cxx1112basic_stringIcSt11char_traitsIcESaIcEE12_M_constructIPKcEEvT_S8_St20forward_iterator_tag
DA:206,0
DA:211,0
DA:212,0
DA:215,0
DA:217,0
DA:219,0
DA:220,0
DA:225,0
DA:232,0
DA:233,0
DA:206,0
DA:211,0
DA:212,0
DA:215,0
DA:217,0
DA:219,0
DA:220,0
DA:225,0
DA:232,0
DA:233,0
end_of_record
SF:/usr/include/x86_64-linux-gnu/bits/stdio2.h
DA:105,0
DA:107,0
DA:255,0
DA:257,0
DA:259,0
DA:262,0
DA:263,0
DA:265,0
end_of_record
SF:/usr/include/c++/9/bits/stl_algobase.h
DA:198,0
DA:222,0
DA:227,0
DA:228,0
end_of_record
SF:/workspace/vtr-verilog-to-routing/ODIN_II/SRC/PARSE_TOOL/soft_logic_def_parser.cpp
FN:61,_Z18read_soft_def_fileNSt7__cxx1112basic_stringIcSt11char_traitsIcESaIcEEE
FNDA:0,_Z18read_soft_def_fileNSt7__cxx1112basic_stringIcSt11char_traitsIcESaIcEEE
FN:162,_Z9fetch_blkNSt7__cxx1112basic_stringIcSt11char_traitsIcESaIcEEEi
FNDA:0,_Z9fetch_blkNSt7__cxx1112basic_stringIcSt11char_traitsIcESaIcEEEi
DA:61,0
DA:63,0
DA:64,0
DA:66,0
DA:68,0
DA:69,0
DA:70,0
DA:71,0
DA:73,0
DA:74,0
DA:75,0
DA:76,0
DA:77,0
DA:79,0
DA:80,0
DA:82,0
DA:83,0
DA:85,0
DA:92,0
DA:93,0
DA:94,0
DA:96,0
DA:97,0
DA:98,0
DA:100,0
DA:102,0
DA:111,0
DA:113,0
DA:115,0
DA:116,0
DA:117,0
DA:118,0
DA:119,0
DA:121,0
DA:123,0
DA:124,0
DA:125,0
DA:126,0
DA:127,0
DA:129,0
DA:130,0
DA:134,0
DA:135,0
DA:136,0
DA:137,0
DA:138,0
DA:140,0
DA:145,0
DA:146,0
DA:148,0
DA:151,0
DA:152,0
DA:155,0
DA:157,0
DA:162,0
DA:164,0
DA:166,0
DA:167,0
DA:170,0
end_of_record
SF:/usr/include/c++/9/bits/alloc_traits.h
DA:443,0
DA:444,0
DA:469,0
DA:470,0
DA:482,0
DA:484,0
DA:495,0
DA:497,0
DA:505,0
DA:506,0
DA:514,0
DA:515,0
end_of_record
SF:/usr/include/c++/9/ext/alloc_traits.h
DA:97,0
DA:98,0
end_of_record
SF:/usr/include/c++/9/ext/aligned_buffer.h
DA:64,0
DA:65,0
DA:68,0
DA:69,0
DA:72,0
DA:73,0
DA:76,0
DA:77,0
end_of_record
SF:/usr/include/c++/9/bits/basic_string.h
FN:6057,_ZStplIcSt11char_traitsIcESaIcEENSt7__cxx1112basic_stringIT_T0_T1_EERKS8_PKS5_
FNDA:0,_ZStplIcSt11char_traitsIcESaIcEENSt7__cxx1112basic_stringIT_T0_T1_EERKS8_PKS5_
FN:6085,_ZStplIcSt11char_traitsIcESaIcEENSt7__cxx1112basic_stringIT_T0_T1_EEOS8_RKS8_
FNDA:0,_ZStplIcSt11char_traitsIcESaIcEENSt7__cxx1112basic_stringIT_T0_T1_EEOS8_RKS8_
FN:6097,_ZStplIcSt11char_traitsIcESaIcEENSt7__cxx1112basic_stringIT_T0_T1_EEOS8_S9_
FNDA:0,_ZStplIcSt11char_traitsIcESaIcEENSt7__cxx1112basic_stringIT_T0_T1_EEOS8_S9_
DA:150,0
DA:156,0
DA:157,0
DA:159,0
DA:160,0
DA:178,0
DA:179,0
DA:182,0
DA:183,0
DA:186,0
DA:190,0
DA:193,0
DA:200,0
DA:203,0
DA:210,0
DA:211,0
DA:214,0
DA:216,0
DA:217,0
DA:221,0
DA:222,0
DA:229,0
DA:231,0
DA:232,0
DA:236,0
DA:237,0
DA:243,0
DA:247,0
DA:263,0
DA:266,0
DA:286,0
DA:287,0
DA:290,0
DA:291,0
DA:346,0
DA:348,0
DA:349,0
DA:351,0
DA:392,0
DA:393,0
DA:396,0
DA:398,0
DA:448,0
DA:450,0
DA:451,0
DA:552,0
DA:553,0
DA:555,0
DA:557,0
DA:562,0
DA:563,0
DA:569,0
DA:570,0
DA:571,0
DA:625,0
DA:627,0
DA:628,0
DA:657,0
DA:658,0
DA:930,0
DA:936,0
DA:993,0
DA:995,0
DA:1221,0
DA:1222,0
DA:1639,0
DA:1641,0
DA:2300,0
DA:2301,0
DA:6057,0
DA:6060,0
DA:6061,0
DA:6062,0
DA:6085,0
DA:6087,0
DA:6097,0
DA:6100,0
DA:6101,0
DA:6102,0
DA:6103,0
DA:6104,0
DA:6175,0
DA:6177,0
DA:6213,0
DA:6215,0
DA:6226,0
DA:6229,0
DA:6503,0
DA:6504,0
DA:6546,0
DA:6547,0
DA:6548,0
end_of_record
SF:/usr/include/c++/9/iostream
end_of_record
SF:/usr/include/c++/9/bits/stl_function.h
DA:385,0
DA:386,0
DA:1155,0
DA:1156,0
end_of_record
SF:/usr/include/c++/9/bits/stl_construct.h
DA:97,0
DA:98,0
DA:107,0
DA:108,0
DA:137,0
DA:203,0
DA:206,0
end_of_record
SF:/usr/include/c++/9/ext/string_conversions.h
FN:54,_ZN9__gnu_cxx6__stoaIlicJiEEET0_PFT_PKT1_PPS3_DpT2_EPKcS5_PmS9_
FNDA:0,_ZN9__gnu_cxx6__stoaIlicJiEEET0_PFT_PKT1_PPS3_DpT2_EPKcS5_PmS9_
FN:99,_ZN9__gnu_cxx12__to_xstringINSt7__cxx1112basic_stringIcSt11char_traitsIcESaIcEEEcEET_PFiPT0_mPKS8_P13__va_list_tagEmSB_z
FNDA:0,_ZN9__gnu_cxx12__to_xstringINSt7__cxx1112basic_stringIcSt11char_traitsIcESaIcEEEcEET_PFiPT0_mPKS8_P13__va_list_tagEmSB_z
DA:54,0
DA:63,0
DA:64,0
DA:66,0
DA:73,0
DA:76,0
DA:80,0
DA:82,0
DA:83,0
DA:84,0
DA:85,0
DA:86,0
DA:88,0
DA:90,0
DA:91,0
DA:93,0
DA:99,0
DA:105,0
DA:109,0
DA:111,0
DA:113,0
DA:115,0
end_of_record
SF:/usr/include/c++/9/bits/stl_iterator.h
DA:806,0
DA:871,0
DA:989,0
DA:992,0
end_of_record
SF:/usr/include/c++/9/bits/move.h
DA:47,0
DA:74,0
DA:99,0
DA:138,0
DA:139,0
end_of_record
SF:/usr/include/c++/9/bits/stl_iterator_base_funcs.h
DA:98,0
DA:104,0
DA:138,0
DA:141,0
end_of_record
SF:/usr/include/c++/9/bits/stl_uninitialized.h
DA:905,0
DA:912,0
DA:913,0
DA:949,0
DA:950,0
DA:964,0
end_of_record
SF:/usr/include/c++/9/new
DA:173,0
DA:174,0
end_of_record
SF:/usr/include/c++/9/bits/stl_tree.h
FN:609,_ZNSt8_Rb_treeINSt7__cxx1112basic_stringIcSt11char_traitsIcESaIcEEESt4pairIKS5_P20soft_sub_structure_tESt10_Select1stISA_ESt4lessIS5_ESaISA_EE17_M_construct_nodeIJRKSt21piecewise_construct_tSt5tupleIJRS7_EESL_IJEEEEEvPSt13_Rb_tree_nodeISA_EDpOT_
FNDA:0,_ZNSt8_Rb_treeINSt7__cxx1112basic_stringIcSt11char_traitsIcESaIcEEESt4pairIKS5_P20soft_sub_structure_tESt10_Select1stISA_ESt4lessIS5_ESaISA_EE17_M_construct_nodeIJRKSt21piecewise_construct_tSt5tupleIJRS7_EESL_IJEEEEEvPSt13_Rb_tree_nodeISA_EDpOT_
FN:1281,_ZNSt8_Rb_treeINSt7__cxx1112basic_stringIcSt11char_traitsIcESaIcEEESt4pairIKS5_P20soft_sub_structure_tESt10_Select1stISA_ESt4lessIS5_ESaISA_EE11lower_boundERS7_
FNDA:0,_ZNSt8_Rb_treeINSt7__cxx1112basic_stringIcSt11char_traitsIcESaIcEEESt4pairIKS5_P20soft_sub_structure_tESt10_Select1stISA_ESt4lessIS5_ESaISA_EE11lower_boundERS7_
FN:1907,_ZNSt8_Rb_treeINSt7__cxx1112basic_stringIcSt11char_traitsIcESaIcEEESt4pairIKS5_P20soft_sub_structure_tESt10_Select1stISA_ESt4lessIS5_ESaISA_EE8_M_eraseEPSt13_Rb_tree_nodeISA_E
FNDA:0,_ZNSt8_Rb_treeINSt7__cxx1112basic_stringIcSt11char_traitsIcESaIcEEESt4pairIKS5_P20soft_sub_structure_tESt10_Select1stISA_ESt4lessIS5_ESaISA_EE8_M_eraseEPSt13_Rb_tree_nodeISA_E
FN:2085,_ZNSt8_Rb_treeINSt7__cxx1112basic_stringIcSt11char_traitsIcESaIcEEESt4pairIKS5_P20soft_sub_structure_tESt10_Select1stISA_ESt4lessIS5_ESaISA_EE24_M_get_insert_unique_posERS7_
FNDA:0,_ZNSt8_Rb_treeINSt7__cxx1112basic_stringIcSt11char_traitsIcESaIcEEESt4pairIKS5_P20soft_sub_structure_tESt10_Select1stISA_ESt4lessIS5_ESaISA_EE24_M_get_insert_unique_posERS7_
FN:2187,_ZNSt8_Rb_treeINSt7__cxx1112basic_stringIcSt11char_traitsIcESaIcEEESt4pairIKS5_P20soft_sub_structure_tESt10_Select1stISA_ESt4lessIS5_ESaISA_EE29_M_get_insert_hint_unique_posESt23_Rb_tree_const_iteratorISA_ERS7_
FNDA:0,_ZNSt8_Rb_treeINSt7__cxx1112basic_stringIcSt11char_traitsIcESaIcEEESt4pairIKS5_P20soft_sub_structure_tESt10_Select1stISA_ESt4lessIS5_ESaISA_EE29_M_get_insert_hint_unique_posESt23_Rb_tree_const_iteratorISA_ERS7_
FN:2354,_ZNSt8_Rb_treeINSt7__cxx1112basic_stringIcSt11char_traitsIcESaIcEEESt4pairIKS5_P20soft_sub_structure_tESt10_Select1stISA_ESt4lessIS5_ESaISA_EE14_M_insert_nodeEPSt18_Rb_tree_node_baseSI_PSt13_Rb_tree_nodeISA_E
FNDA:0,_ZNSt8_Rb_treeINSt7__cxx1112basic_stringIcSt11char_traitsIcESaIcEEESt4pairIKS5_P20soft_sub_structure_tESt10_Select1stISA_ESt4lessIS5_ESaISA_EE14_M_insert_nodeEPSt18_Rb_tree_node_baseSI_PSt13_Rb_tree_nodeISA_E
FN:2452,_ZNSt8_Rb_treeINSt7__cxx1112basic_stringIcSt11char_traitsIcESaIcEEESt4pairIKS5_P20soft_sub_structure_tESt10_Select1stISA_ESt4lessIS5_ESaISA_EE22_M_emplace_hint_uniqueIJRKSt21piecewise_construct_tSt5tupleIJRS7_EESL_IJEEEEESt17_Rb_tree_iteratorISA_ESt23_Rb_tree_const_iteratorISA_EDpOT_
FNDA:0,_ZNSt8_Rb_treeINSt7__cxx1112basic_stringIcSt11char_traitsIcESaIcEEESt4pairIKS5_P20soft_sub_structure_tESt10_Select1stISA_ESt4lessIS5_ESaISA_EE22_M_emplace_hint_uniqueIJRKSt21piecewise_construct_tSt5tupleIJRS7_EESL_IJEEEEESt17_Rb_tree_iteratorISA_ESt23_Rb_tree_const_iteratorISA_EDpOT_
FN:2554,_ZNSt8_Rb_treeINSt7__cxx1112basic_stringIcSt11char_traitsIcESaIcEEESt4pairIKS5_P20soft_sub_structure_tESt10_Select1stISA_ESt4lessIS5_ESaISA_EE4findERS7_
FNDA:0,_ZNSt8_Rb_treeINSt7__cxx1112basic_stringIcSt11char_traitsIcESaIcEEESt4pairIKS5_P20soft_sub_structure_tESt10_Select1stISA_ESt4lessIS5_ESaISA_EE4findERS7_
DA:146,0
DA:173,0
DA:174,0
DA:175,0
DA:176,0
DA:206,0
DA:208,0
DA:209,0
DA:210,0
DA:211,0
DA:234,0
DA:235,0
DA:238,0
DA:239,0
DA:273,0
DA:274,0
DA:277,0
DA:278,0
DA:285,0
DA:287,0
DA:300,0
DA:302,0
DA:303,0
DA:315,0
DA:348,0
DA:349,0
DA:352,0
DA:353,0
DA:566,0
DA:567,0
DA:579,0
DA:580,0
DA:583,0
DA:584,0
DA:609,0
DA:613,0
DA:614,0
DA:618,0
DA:620,0
DA:621,0
DA:622,0
DA:624,0
DA:628,0
DA:630,0
DA:631,0
DA:673,0
DA:680,0
DA:684,0
DA:728,0
DA:729,0
DA:736,0
DA:737,0
DA:744,0
DA:755,0
DA:756,0
DA:767,0
DA:785,0
DA:789,0
DA:797,0
DA:809,0
DA:810,0
DA:939,0
DA:994,0
DA:995,0
DA:1002,0
DA:1006,0
DA:1007,0
DA:1014,0
DA:1015,0
DA:1042,0
DA:1281,0
DA:1282,0
DA:1717,0
DA:1722,0
DA:1723,0
DA:1907,0
DA:1911,0
DA:1913,0
DA:1914,0
DA:1915,0
DA:1916,0
DA:1918,0
DA:1924,0
DA:1928,0
DA:1929,0
DA:1930,0
DA:1932,0
DA:1933,0
DA:2085,0
DA:2089,0
DA:2090,0
DA:2091,0
DA:2092,0
DA:2094,0
DA:2095,0
DA:2096,0
DA:2098,0
DA:2099,0
DA:2101,0
DA:2102,0
DA:2104,0
DA:2106,0
DA:2107,0
DA:2108,0
DA:2187,0
DA:2191,0
DA:2195,0
DA:2197,0
DA:2198,0
DA:2199,0
DA:2201,0
DA:2203,0
DA:2206,0
DA:2207,0
DA:2208,0
DA:2209,0
DA:2211,0
DA:2212,0
DA:2214,0
DA:2217,0
DA:2219,0
DA:2222,0
DA:2223,0
DA:2224,0
DA:2225,0
DA:2227,0
DA:2228,0
DA:2230,0
DA:2233,0
DA:2237,0
DA:2354,0
DA:2357,0
DA:2358,0
DA:2361,0
DA:2362,0
DA:2363,0
DA:2364,0
DA:2452,0
DA:2455,0
DA:2459,0
DA:2461,0
DA:2462,0
DA:2464,0
DA:2465,0
DA:2554,0
DA:2557,0
DA:2558,0
DA:2559,0
DA:2560,0
end_of_record
SF:/usr/include/c++/9/ext/new_allocator.h
DA:80,0
DA:83,0
DA:89,0
DA:102,0
DA:104,0
DA:114,0
DA:119,0
DA:128,0
DA:132,0
DA:144,0
DA:147,0
DA:151,0
DA:153,0
end_of_record
SF:/usr/include/c++/9/tuple
DA:125,0
DA:126,0
DA:132,0
DA:133,0
DA:160,0
DA:334,0
DA:343,0
DA:344,0
DA:348,0
DA:349,0
DA:358,0
DA:360,0
DA:588,0
DA:589,0
DA:626,0
DA:627,0
DA:642,0
DA:1309,0
DA:1310,0
DA:1320,0
DA:1321,0
DA:1482,0
DA:1483,0
DA:1658,0
DA:1663,0
DA:1670,0
DA:1673,0
DA:1674,0
end_of_record
SF:/usr/include/c++/9/ext/type_traits.h
DA:152,0
end_of_record
TN:
SF:/usr/include/ctype.h
DA:182,0
end_of_record
SF:/workspace/vtr-verilog-to-routing/ODIN_II/SRC/PARSE_TOOL/verilog_preprocessor.cpp
FN:24,_Z17init_veri_preprocv
FNDA:0,_Z17init_veri_preprocv
FN:49,_Z20cleanup_veri_preprocv
FNDA:0,_Z20cleanup_veri_preprocv
FN:83,_Z17clean_veri_defineP11veri_define
FNDA:0,_Z17clean_veri_defineP11veri_define
FN:103,_Z18clean_veri_includeP12veri_include
FNDA:0,_Z18clean_veri_includeP12veri_include
FN:120,_Z15add_veri_definePcS_iP12veri_include
FNDA:0,_Z15add_veri_definePcS_iP12veri_include
FN:189,_Z16add_veri_includePciP12veri_include
FNDA:0,_Z16add_veri_includePciP12veri_include
FN:233,_Z19ret_veri_definedvalPc
FNDA:0,_Z19ret_veri_definedvalPc
FN:247,_Z15veri_is_definedPc
FNDA:0,_Z15veri_is_definedPc
FN:269,_Z16open_source_filePc
FNDA:0,_Z16open_source_filePc
FN:320,_Z12veri_preprocP8_IO_FILE
FNDA:0,_Z12veri_preprocP8_IO_FILE
FN:358,_Z15remove_commentsP8_IO_FILE
FNDA:0,_Z15remove_commentsP8_IO_FILE
FN:406,_Z24veri_preproc_bootstrapedP8_IO_FILES0_P12veri_include
FNDA:0,_Z24veri_preproc_bootstrapedP8_IO_FILES0_P12veri_include
FN:636,_Z4trimPc
FNDA:0,_Z4trimPc
FN:663,_Z3topP15veri_flag_stack
FNDA:0,_Z3topP15veri_flag_stack
FN:673,_Z3popP15veri_flag_stack
FNDA:0,_Z3popP15veri_flag_stack
FN:687,_Z4pushP15veri_flag_stacki
FNDA:0,_Z4pushP15veri_flag_stacki
FN:698,_Z19format_verilog_fileP8_IO_FILE
FNDA:0,_Z19format_verilog_fileP8_IO_FILE
FN:768,_Z23format_verilog_variableP8_IO_FILES0_
FNDA:0,_Z23format_verilog_variableP8_IO_FILES0_
DA:24,0
DA:26,0
DA:27,0
DA:29,0
DA:30,0
DA:32,0
DA:33,0
DA:35,0
DA:36,0
DA:38,0
DA:39,0
DA:41,0
DA:42,0
DA:43,0
DA:49,0
DA:53,0
DA:54,0
DA:55,0
DA:57,0
DA:59,0
DA:61,0
DA:62,0
DA:63,0
DA:64,0
DA:66,0
DA:68,0
DA:70,0
DA:71,0
DA:72,0
DA:73,0
DA:77,0
DA:83,0
DA:85,0
DA:88,0
DA:90,0
DA:92,0
DA:94,0
DA:95,0
DA:98,0
DA:103,0
DA:105,0
DA:108,0
DA:110,0
DA:111,0
DA:114,0
DA:120,0
DA:122,0
DA:123,0
DA:124,0
DA:125,0
DA:127,0
DA:128,0
DA:132,0
DA:134,0
DA:136,0
DA:140,0
DA:142,0
DA:144,0
DA:145,0
DA:147,0
DA:150,0
DA:151,0
DA:152,0
DA:160,0
DA:162,0
DA:164,0
DA:165,0
DA:168,0
DA:169,0
DA:174,0
DA:175,0
DA:176,0
DA:177,0
DA:179,0
DA:180,0
DA:182,0
DA:189,0
DA:191,0
DA:192,0
DA:193,0
DA:194,0
DA:196,0
DA:197,0
DA:201,0
DA:203,0
DA:205,0
DA:209,0
DA:211,0
DA:213,0
DA:219,0
DA:220,0
DA:221,0
DA:223,0
DA:224,0
DA:226,0
DA:233,0
DA:235,0
DA:236,0
DA:238,0
DA:247,0
DA:249,0
DA:250,0
DA:252,0
DA:254,0
DA:255,0
DA:257,0
DA:269,0
DA:271,0
DA:272,0
DA:273,0
DA:275,0
DA:276,0
DA:281,0
DA:282,0
DA:284,0
DA:286,0
DA:288,0
DA:292,0
DA:293,0
DA:296,0
DA:297,0
DA:299,0
DA:300,0
DA:302,0
DA:303,0
DA:305,0
DA:306,0
DA:308,0
DA:310,0
DA:311,0
DA:320,0
DA:322,0
DA:323,0
DA:324,0
DA:325,0
DA:328,0
DA:329,0
DA:330,0
DA:332,0
DA:333,0
DA:336,0
DA:337,0
DA:339,0
DA:341,0
DA:342,0
DA:347,0
DA:349,0
DA:350,0
DA:351,0
DA:358,0
DA:360,0
DA:361,0
DA:362,0
DA:366,0
DA:369,0
DA:371,0
DA:374,0
DA:379,0
DA:386,0
DA:387,0
DA:393,0
DA:395,0
DA:396,0
DA:400,0
DA:402,0
DA:403,0
DA:406,0
DA:409,0
DA:411,0
DA:413,0
DA:414,0
DA:417,0
DA:419,0
DA:422,0
DA:423,0
DA:424,0
DA:425,0
DA:427,0
DA:429,0
DA:430,0
DA:432,0
DA:433,0
DA:434,0
DA:436,0
DA:437,0
DA:438,0
DA:439,0
DA:441,0
DA:443,0
DA:444,0
DA:445,0
DA:446,0
DA:447,0
DA:448,0
DA:452,0
DA:453,0
DA:454,0
DA:456,0
DA:457,0
DA:459,0
DA:460,0
DA:461,0
DA:462,0
DA:464,0
DA:469,0
DA:471,0
DA:476,0
DA:478,0
DA:480,0
DA:482,0
DA:484,0
DA:487,0
DA:489,0
DA:491,0
DA:494,0
DA:496,0
DA:498,0
DA:500,0
DA:505,0
DA:507,0
DA:510,0
DA:513,0
DA:517,0
DA:520,0
DA:522,0
DA:524,0
DA:529,0
DA:531,0
DA:533,0
DA:535,0
DA:537,0
DA:539,0
DA:541,0
DA:542,0
DA:543,0
DA:546,0
DA:549,0
DA:550,0
DA:552,0
DA:553,0
DA:554,0
DA:556,0
DA:560,0
DA:565,0
DA:568,0
DA:571,0
DA:572,0
DA:574,0
DA:575,0
DA:576,0
DA:578,0
DA:582,0
DA:587,0
DA:590,0
DA:593,0
DA:596,0
DA:597,0
DA:600,0
DA:602,0
DA:603,0
DA:610,0
DA:612,0
DA:615,0
DA:617,0
DA:620,0
DA:622,0
DA:627,0
DA:628,0
DA:630,0
DA:631,0
DA:632,0
DA:636,0
DA:638,0
DA:639,0
DA:642,0
DA:644,0
DA:646,0
DA:648,0
DA:654,0
DA:663,0
DA:665,0
DA:667,0
DA:673,0
DA:675,0
DA:677,0
DA:678,0
DA:680,0
DA:681,0
DA:683,0
DA:687,0
DA:689,0
DA:691,0
DA:692,0
DA:693,0
DA:695,0
DA:697,0
DA:698,0
DA:700,0
DA:701,0
DA:702,0
DA:703,0
DA:704,0
DA:705,0
DA:706,0
DA:707,0
DA:708,0
DA:709,0
DA:710,0
DA:711,0
DA:712,0
DA:714,0
DA:715,0
DA:717,0
DA:719,0
DA:721,0
DA:722,0
DA:727,0
DA:728,0
DA:729,0
DA:730,0
DA:732,0
DA:734,0
DA:735,0
DA:737,0
DA:739,0
DA:742,0
DA:744,0
DA:747,0
DA:749,0
DA:750,0
DA:752,0
DA:753,0
DA:754,0
DA:758,0
DA:760,0
DA:761,0
DA:762,0
DA:763,0
DA:764,0
DA:765,0
DA:768,0
DA:770,0
DA:771,0
DA:772,0
DA:773,0
DA:774,0
DA:775,0
DA:777,0
DA:780,0
DA:782,0
DA:784,0
DA:785,0
DA:786,0
DA:787,0
DA:789,0
DA:790,0
DA:791,0
DA:792,0
DA:796,0
DA:801,0
DA:803,0
DA:804,0
DA:805,0
DA:806,0
DA:808,0
DA:809,0
DA:810,0
DA:811,0
DA:815,0
DA:819,0
DA:821,0
DA:823,0
end_of_record
SF:/usr/include/x86_64-linux-gnu/bits/stdio2.h
DA:98,0
DA:100,0
DA:101,0
DA:105,0
DA:107,0
DA:255,0
DA:257,0
DA:259,0
DA:262,0
DA:265,0
end_of_record
SF:/usr/include/c++/9/iostream
end_of_record
SF:/workspace/vtr-verilog-to-routing/libs/EXTERNAL/libargparse/src/argparse_value.hpp
DA:50,0
end_of_record
SF:/usr/include/x86_64-linux-gnu/bits/string_fortified.h
DA:88,0
DA:90,0
DA:103,0
DA:106,0
DA:126,0
DA:128,0
end_of_record
SF:/usr/include/string.h
DA:213,0
DA:215,0
DA:240,0
DA:242,0
DA:317,0
DA:319,0
end_of_record
TN:
SF:/workspace/vtr-verilog-to-routing/ODIN_II/SRC/SIM_TOOLS/ace.cpp
FN:105,_Z26alloc_and_init_ace_structsP11netlist_t_t
FNDA:0,_Z26alloc_and_init_ace_structsP11netlist_t_t
FN:167,_Z30alloc_and_init_ace_info_objectv
FNDA:0,_Z30alloc_and_init_ace_info_objectv
FN:188,_Z15calc_node_depthP9nnode_t_t
FNDA:0,_Z15calc_node_depthP9nnode_t_t
FN:207,_Z18calculate_activityP11netlist_t_tiP8_IO_FILE
FNDA:0,_Z18calculate_activityP11netlist_t_tiP8_IO_FILE
FN:286,_Z28compute_switching_activitiesP11netlist_t_t
FNDA:0,_Z28compute_switching_activitiesP11netlist_t_t
FN:348,_Z16prob_epsilon_fixPd
FNDA:0,_Z16prob_epsilon_fixPd
FN:364,_Z15output_ace_infoP11netlist_t_tP8_IO_FILE
FNDA:0,_Z15output_ace_infoP11netlist_t_tP8_IO_FILE
FN:398,_Z20output_ace_info_nodePcP16ace_obj_info_t_tP8_IO_FILE
FNDA:0,_Z20output_ace_info_nodePcP16ace_obj_info_t_tP8_IO_FILE
FN:428,_Z9set_clearPji
FNDA:0,_Z9set_clearPji
FN:440,_Z10node_errori
FNDA:0,_Z10node_errori
FN:468,_Z12ace_cube_dupP10ace_cube_t
FNDA:0,_Z12ace_cube_dupP10ace_cube_t
FN:502,_Z15ace_cube_new_dci
FNDA:0,_Z15ace_cube_new_dci
FN:528,_Z18build_bdd_for_nodeP9DdManagerP9nnode_t_t
FNDA:0,_Z18build_bdd_for_nodeP9DdManagerP9nnode_t_t
FN:564,_Z19ace_bdd_count_pathsP9DdManagerP6DdNodePiS3_
FNDA:0,_Z19ace_bdd_count_pathsP9DdManagerP6DdNodePiS3_
FN:588,_Z27calc_cube_switch_prob_recurP9DdManagerP6DdNodeP10ace_cube_tP9nnode_t_tP9st__tablei
FNDA:0,_Z27calc_cube_switch_prob_recurP9DdManagerP6DdNodeP10ace_cube_tP9nnode_t_tP9st__tablei
FN:654,_Z21calc_cube_switch_probP9DdManagerP6DdNodeP10ace_cube_tP9nnode_t_ti
FNDA:0,_Z21calc_cube_switch_probP9DdManagerP6DdNodeP10ace_cube_tP9nnode_t_ti
FN:672,_Z22calc_switch_prob_recurP9DdManagerP6DdNodeS2_P10ace_cube_tP9nnode_t_tdi
FNDA:0,_Z22calc_switch_prob_recurP9DdManagerP6DdNodeS2_P10ace_cube_tP9nnode_t_tdi
DA:105,0
DA:107,0
DA:122,0
DA:125,0
DA:128,0
DA:131,0
DA:132,0
DA:133,0
DA:138,0
DA:139,0
DA:140,0
DA:145,0
DA:146,0
DA:147,0
DA:152,0
DA:153,0
DA:154,0
DA:158,0
DA:167,0
DA:169,0
DA:171,0
DA:173,0
DA:174,0
DA:175,0
DA:176,0
DA:178,0
DA:188,0
DA:190,0
DA:191,0
DA:193,0
DA:194,0
DA:195,0
DA:197,0
DA:207,0
DA:209,0
DA:210,0
DA:218,0
DA:219,0
DA:222,0
DA:225,0
DA:228,0
DA:229,0
DA:233,0
DA:236,0
DA:240,0
DA:241,0
DA:244,0
DA:247,0
DA:250,0
DA:253,0
DA:257,0
DA:258,0
DA:259,0
DA:262,0
DA:265,0
DA:268,0
DA:273,0
DA:276,0
DA:277,0
DA:286,0
DA:288,0
DA:289,0
DA:290,0
DA:291,0
DA:292,0
DA:293,0
DA:294,0
DA:297,0
DA:300,0
DA:302,0
DA:303,0
DA:305,0
DA:306,0
DA:307,0
DA:312,0
DA:313,0
DA:314,0
DA:315,0
DA:316,0
DA:319,0
DA:320,0
DA:322,0
DA:323,0
DA:325,0
DA:326,0
DA:329,0
DA:330,0
DA:334,0
DA:338,0
DA:339,0
DA:348,0
DA:350,0
DA:351,0
DA:352,0
DA:353,0
DA:355,0
DA:364,0
DA:365,0
DA:368,0
DA:369,0
DA:370,0
DA:375,0
DA:376,0
DA:377,0
DA:382,0
DA:383,0
DA:384,0
DA:385,0
DA:389,0
DA:398,0
DA:411,0
DA:417,0
DA:428,0
DA:430,0
DA:431,0
DA:432,0
DA:440,0
DA:441,0
DA:442,0
DA:443,0
DA:445,0
DA:446,0
DA:448,0
DA:449,0
DA:451,0
DA:452,0
DA:454,0
DA:455,0
DA:457,0
DA:458,0
DA:468,0
DA:469,0
DA:470,0
DA:472,0
DA:473,0
DA:474,0
DA:475,0
DA:476,0
DA:477,0
DA:478,0
DA:479,0
DA:480,0
DA:481,0
DA:482,0
DA:483,0
DA:484,0
DA:485,0
DA:486,0
DA:487,0
DA:488,0
DA:489,0
DA:490,0
DA:491,0
DA:494,0
DA:502,0
DA:503,0
DA:504,0
DA:506,0
DA:507,0
DA:508,0
DA:509,0
DA:511,0
DA:512,0
DA:513,0
DA:516,0
DA:528,0
DA:530,0
DA:531,0
DA:533,0
DA:534,0
DA:537,0
DA:538,0
DA:539,0
DA:540,0
DA:541,0
DA:542,0
DA:543,0
DA:544,0
DA:546,0
DA:547,0
DA:548,0
DA:550,0
DA:551,0
DA:552,0
DA:553,0
DA:555,0
DA:556,0
DA:564,0
DA:565,0
DA:566,0
DA:568,0
DA:569,0
DA:570,0
DA:571,0
DA:572,0
DA:573,0
DA:576,0
DA:577,0
DA:579,0
DA:580,0
DA:588,0
DA:589,0
DA:590,0
DA:591,0
DA:592,0
DA:593,0
DA:595,0
DA:596,0
DA:598,0
DA:600,0
DA:601,0
DA:603,0
DA:607,0
DA:608,0
DA:611,0
DA:613,0
DA:615,0
DA:616,0
DA:617,0
DA:619,0
DA:620,0
DA:623,0
DA:625,0
DA:626,0
DA:628,0
DA:629,0
DA:630,0
DA:631,0
DA:632,0
DA:633,0
DA:634,0
DA:635,0
DA:636,0
DA:637,0
DA:638,0
DA:639,0
DA:640,0
DA:641,0
DA:642,0
DA:644,0
DA:646,0
DA:654,0
DA:655,0
DA:656,0
DA:658,0
DA:660,0
DA:662,0
DA:664,0
DA:672,0
DA:674,0
DA:675,0
DA:676,0
DA:677,0
DA:678,0
DA:679,0
DA:681,0
DA:682,0
DA:685,0
DA:686,0
DA:687,0
DA:690,0
DA:691,0
DA:694,0
DA:695,0
DA:696,0
DA:700,0
DA:702,0
DA:704,0
DA:705,0
DA:706,0
DA:708,0
DA:709,0
DA:713,0
DA:714,0
DA:715,0
DA:716,0
DA:717,0
DA:718,0
DA:719,0
DA:721,0
DA:722,0
DA:723,0
DA:724,0
DA:725,0
DA:726,0
DA:727,0
DA:729,0
end_of_record
SF:/usr/include/x86_64-linux-gnu/bits/stdio2.h
DA:98,0
DA:100,0
end_of_record
SF:/usr/include/c++/9/iostream
end_of_record
TN:
SF:/usr/include/c++/9/iostream
end_of_record
SF:/workspace/vtr-verilog-to-routing/ODIN_II/SRC/SIM_TOOLS/queue.cpp
FN:36,_Z12create_queuev
FNDA:0,_Z12create_queuev
FN:53,_Z16___queue_destroyP9queue_t_t
FNDA:0,_Z16___queue_destroyP9queue_t_t
FN:59,_Z12___queue_addP9queue_t_tPv
FNDA:0,_Z12___queue_addP9queue_t_tPv
FN:77,_Z15___queue_removeP9queue_t_t
FNDA:0,_Z15___queue_removeP9queue_t_t
FN:97,_Z19___queue_remove_allP9queue_t_t
FNDA:0,_Z19___queue_remove_allP9queue_t_t
FN:111,_Z17___queue_is_emptyP9queue_t_t
FNDA:0,_Z17___queue_is_emptyP9queue_t_t
DA:36,0
DA:38,0
DA:40,0
DA:41,0
DA:42,0
DA:44,0
DA:45,0
DA:46,0
DA:47,0
DA:48,0
DA:50,0
DA:53,0
DA:55,0
DA:56,0
DA:57,0
DA:59,0
DA:61,0
DA:63,0
DA:64,0
DA:66,0
DA:67,0
DA:69,0
DA:71,0
DA:72,0
DA:74,0
DA:75,0
DA:77,0
DA:79,0
DA:80,0
DA:82,0
DA:83,0
DA:84,0
DA:85,0
DA:86,0
DA:88,0
DA:90,0
DA:91,0
DA:94,0
DA:97,0
DA:99,0
DA:100,0
DA:102,0
DA:103,0
DA:104,0
DA:105,0
DA:106,0
DA:108,0
DA:111,0
DA:113,0
end_of_record
TN:
SF:/usr/include/c++/9/bits/ios_base.h
FN:1023,_ZSt3decRSt8ios_base
FNDA:0,_ZSt3decRSt8ios_base
FN:1031,_ZSt3hexRSt8ios_base
FNDA:0,_ZSt3hexRSt8ios_base
DA:83,0
DA:84,0
DA:87,0
DA:88,0
DA:95,0
DA:96,0
DA:99,0
DA:100,0
DA:103,0
DA:104,0
DA:670,0
DA:672,0
DA:673,0
DA:674,0
DA:675,0
DA:1023,0
DA:1025,0
DA:1026,0
DA:1031,0
DA:1033,0
DA:1034,0
end_of_record
SF:/usr/include/c++/9/iostream
end_of_record
SF:/usr/include/c++/9/bits/basic_string.h
DA:150,0
DA:159,0
DA:160,0
DA:182,0
DA:183,0
DA:186,0
DA:190,0
DA:193,0
DA:200,0
DA:203,0
DA:214,0
DA:216,0
DA:217,0
DA:221,0
DA:222,0
DA:229,0
DA:231,0
DA:232,0
DA:236,0
DA:237,0
DA:286,0
DA:287,0
DA:431,0
DA:433,0
DA:434,0
DA:657,0
DA:658,0
DA:2300,0
DA:2301,0
end_of_record
SF:/workspace/vtr-verilog-to-routing/libs/EXTERNAL/libargparse/src/argparse_value.hpp
DA:50,0
end_of_record
SF:/usr/include/c++/9/sstream
DA:831,0
DA:832,0
DA:841,0
DA:842,0
end_of_record
SF:/usr/include/c++/9/ostream
DA:108,0
DA:113,0
DA:127,0
DA:132,0
DA:565,0
DA:568,0
DA:570,0
DA:571,0
end_of_record
SF:/usr/include/c++/9/bits/alloc_traits.h
DA:469,0
DA:470,0
end_of_record
SF:/usr/include/x86_64-linux-gnu/bits/string_fortified.h
DA:88,0
DA:90,0
DA:126,0
DA:128,0
end_of_record
SF:/usr/include/c++/9/ext/new_allocator.h
DA:80,0
DA:83,0
DA:89,0
DA:119,0
DA:128,0
end_of_record
SF:/usr/include/c++/9/bits/move.h
DA:47,0
DA:99,0
DA:138,0
DA:139,0
end_of_record
SF:/workspace/vtr-verilog-to-routing/ODIN_II/SRC/SIM_TOOLS/simulate_blif.cpp
FN:42,_Z16simulate_netlistP11netlist_t_t
FNDA:0,_Z16simulate_netlistP11netlist_t_t
FN:283,_Z14simulate_cycleiP8stages_t
FNDA:0,_Z14simulate_cycleiP8stages_t
FN:369,_Z20simulate_first_cycleP11netlist_t_tiP9pin_namesP7lines_t
FNDA:0,_Z20simulate_first_cycleP11netlist_t_tiP9pin_namesP7lines_t
FN:428,_Z19stage_ordered_nodesPP9nnode_t_ti
FNDA:0,_Z19stage_ordered_nodesPP9nnode_t_ti
FN:514,_Z23compute_and_store_valueP9nnode_t_ti
FNDA:0,_Z23compute_and_store_valueP9nnode_t_ti
FN:850,_Z26update_undriven_input_pinsP9nnode_t_ti
FNDA:0,_Z26update_undriven_input_pinsP9nnode_t_ti
FN:893,_Z24flag_undriven_input_pinsP9nnode_t_t
FNDA:0,_Z24flag_undriven_input_pinsP9nnode_t_t
FN:924,_Z21get_num_covered_nodesP8stages_t
FNDA:0,_Z21get_num_covered_nodesP8stages_t
FN:959,_Z21enqueue_node_if_readyP9queue_t_tP9nnode_t_ti
FNDA:0,_Z21enqueue_node_if_readyP9queue_t_tP9nnode_t_ti
FN:976,_Z16is_node_completeP9nnode_t_ti
FNDA:0,_Z16is_node_completeP9nnode_t_ti
FN:989,_Z13is_node_readyP9nnode_t_ti
FNDA:0,_Z13is_node_readyP9nnode_t_ti
FN:1044,_Z15get_clock_ratioP9nnode_t_t
FNDA:0,_Z15get_clock_ratioP9nnode_t_t
FN:1052,_Z15set_clock_ratioiP9nnode_t_t
FNDA:0,_Z15set_clock_ratioiP9nnode_t_t
FN:1066,_Z15get_children_ofP9nnode_t_tPi
FNDA:0,_Z15get_children_ofP9nnode_t_tPi
FN:1149,_Z25get_children_pinnumber_ofP9nnode_t_tPi
FNDA:0,_Z25get_children_pinnumber_ofP9nnode_t_tPi
FN:1232,_Z23get_children_of_nodepinP9nnode_t_tPii
FNDA:0,_Z23get_children_of_nodepinP9nnode_t_tPii
FN:1320,_Z16update_pin_valueP8npin_t_tai
FNDA:0,_Z16update_pin_valueP8npin_t_tai
FN:1332,_Z13get_pin_valueP8npin_t_ti
FNDA:0,_Z13get_pin_valueP8npin_t_ti
FN:1378,_Z13is_even_cyclei
FNDA:0,_Z13is_even_cyclei
FN:1393,_Z14initialize_pinP8npin_t_t
FNDA:0,_Z14initialize_pinP8npin_t_t
FN:1455,_Z10is_posedgeP8npin_t_ti
FNDA:0,_Z10is_posedgeP8npin_t_ti
FN:1466,_Z21compute_flipflop_nodeP9nnode_t_ti
FNDA:0,_Z21compute_flipflop_nodeP9nnode_t_ti
FN:1486,_Z18compute_mux_2_nodeP9nnode_t_ti
FNDA:0,_Z18compute_mux_2_nodeP9nnode_t_ti
FN:1559,_Z20compute_hard_ip_nodeP9nnode_t_ti
FNDA:0,_Z20compute_hard_ip_nodeP9nnode_t_ti
FN:1621,_Z21compute_multiply_nodeP9nnode_t_ti
FNDA:0,_Z21compute_multiply_nodeP9nnode_t_ti
FN:1667,_Z20compute_generic_nodeP9nnode_t_ti
FNDA:0,_Z20compute_generic_nodeP9nnode_t_ti
FN:1712,_Z15multiply_arraysPiiS_i
FNDA:0,_Z15multiply_arraysPiiS_i
FN:1742,_Z16compute_add_nodeP9nnode_t_tii
FNDA:0,_Z16compute_add_nodeP9nnode_t_tii
FN:1804,_Z10add_arraysPiiS_iS_ii
FNDA:0,_Z10add_arraysPiiS_iS_ii
FN:1882,_Z22compute_unary_sub_nodeP9nnode_t_ti
FNDA:0,_Z22compute_unary_sub_nodeP9nnode_t_ti
FN:1940,_Z16unary_sub_arraysPiiS_i
FNDA:0,_Z16unary_sub_arraysPiiS_i
FN:1967,_Z19compute_memory_nodeP9nnode_t_ti
FNDA:0,_Z19compute_memory_nodeP9nnode_t_ti
FN:1981,_Z26compute_single_port_memoryP9nnode_t_ti
FNDA:0,_Z26compute_single_port_memoryP9nnode_t_ti
FN:2035,_Z24compute_dual_port_memoryP9nnode_t_ti
FNDA:0,_Z24compute_dual_port_memoryP9nnode_t_ti
FN:2105,_Z22compute_memory_addressP15signal_list_t_ti
FNDA:0,_Z22compute_memory_addressP15signal_list_t_ti
FN:2125,_Z18instantiate_memoryP9nnode_t_tii
FNDA:0,_Z18instantiate_memoryP9nnode_t_tii
FN:2154,_Z19preprocess_mif_fileP8_IO_FILE
FNDA:0,_Z19preprocess_mif_fileP8_IO_FILE
FN:2192,_Z15parse_mif_radixPc
FNDA:0,_Z15parse_mif_radixPc
FN:2213,_Z27assign_memory_from_mif_fileP8_IO_FILEPcilPa
FNDA:0,_Z27assign_memory_from_mif_fileP8_IO_FILEPcilPa
FN:2370,_Z19assign_node_to_lineP9nnode_t_tP7lines_tii
FNDA:0,_Z19assign_node_to_lineP9nnode_t_tP7lines_tii
FN:2422,_Z20insert_pin_into_lineP8npin_t_tiP6line_ti
FNDA:0,_Z20insert_pin_into_lineP8npin_t_tiP6line_ti
FN:2457,_Z12create_linesP11netlist_t_ti
FNDA:0,_Z12create_linesP11netlist_t_ti
FN:2491,_Z20write_vector_headersP8_IO_FILEP7lines_t
FNDA:0,_Z20write_vector_headersP8_IO_FILEP7lines_t
FN:2505,_Z26verify_test_vector_headersP8_IO_FILEP7lines_t
FNDA:0,_Z26verify_test_vector_headersP8_IO_FILEP7lines_t
FN:2565,_Z12verify_linesP7lines_t
FNDA:0,_Z12verify_linesP7lines_t
FN:2587,_Z22find_portname_in_linesPcP7lines_t
FNDA:0,_Z22find_portname_in_linesPcP7lines_t
FN:2600,_Z11create_linePc
FNDA:0,_Z11create_linePc
FN:2618,_Z22generate_vector_headerP7lines_t
FNDA:0,_Z22generate_vector_headerP7lines_t
FN:2647,_Z24add_test_vector_to_linesP11test_vectorP7lines_ti
FNDA:0,_Z24add_test_vector_to_linesP11test_vectorP7lines_ti
FN:2675,_Z20compare_test_vectorsP11test_vectorS0_
FNDA:0,_Z20compare_test_vectorsP11test_vectorS0_
FN:2720,_Z17parse_test_vectorPc
FNDA:0,_Z17parse_test_vectorPc
FN:2789,_Z27generate_random_test_vectorP7lines_tiP13hashtable_t_tS2_
FNDA:0,_Z27generate_random_test_vectorP7lines_tiP13hashtable_t_tS2_
FN:2843,_Z18write_wave_to_fileP7lines_tP8_IO_FILEiii
FNDA:0,_Z18write_wave_to_fileP7lines_tP8_IO_FILEiii
FN:2860,_Z20write_vector_to_fileP7lines_tP8_IO_FILEi
FNDA:0,_Z20write_vector_to_fileP7lines_tP8_IO_FILEi
FN:2931,_Z27write_wave_to_modelsim_fileP11netlist_t_tP7lines_tP8_IO_FILEii
FNDA:0,_Z27write_wave_to_modelsim_fileP11netlist_t_tP7lines_tP8_IO_FILEii
FN:2962,_Z29write_vector_to_modelsim_fileP7lines_tP8_IO_FILEi
FNDA:0,_Z29write_vector_to_modelsim_fileP7lines_tP8_IO_FILEi
FN:3014,_Z21verify_output_vectorsPci
FNDA:0,_Z21verify_output_vectorsPci
FN:3127,_Z19index_pin_name_listP9pin_names
FNDA:0,_Z19index_pin_name_listP9pin_names
FN:3145,_Z19parse_pin_name_listPc
FNDA:0,_Z19parse_pin_name_listPc
FN:3171,_Z29add_additional_items_to_linesP9nnode_t_tP9pin_namesP7lines_t
FNDA:0,_Z29add_additional_items_to_linesP9nnode_t_tP9pin_namesP7lines_t
FN:3252,_Z16get_mif_filenameP9nnode_t_t
FNDA:0,_Z16get_mif_filenameP9nnode_t_t
FN:3272,_Z11trim_stringPcPKc
FNDA:0,_Z11trim_stringPcPKc
FN:3300,_Z20line_has_unknown_pinP6line_ti
FNDA:0,_Z20line_has_unknown_pinP6line_ti
FN:3319,_Z18get_line_pin_valueP6line_tii
FNDA:0,_Z18get_line_pin_valueP6line_tii
FN:3328,_Z19vector_value_to_hexPai
FNDA:0,_Z19vector_value_to_hexPai
FN:3350,_Z18count_test_vectorsP8_IO_FILE
FNDA:0,_Z18count_test_vectorsP8_IO_FILE
FN:3371,_Z9is_vectorPc
FNDA:0,_Z9is_vectorPc
FN:3394,_Z15get_next_vectorP8_IO_FILEPc
FNDA:0,_Z15get_next_vectorP8_IO_FILEPc
FN:3406,_Z10free_linesP7lines_t
FNDA:0,_Z10free_linesP7lines_t
FN:3423,_Z11free_stagesP8stages_t
FNDA:0,_Z11free_stagesP8stages_t
FN:3435,_Z16free_test_vectorP11test_vector
FNDA:0,_Z16free_test_vectorP11test_vector
FN:3447,_Z18free_pin_name_listP9pin_names
FNDA:0,_Z18free_pin_name_listP9pin_names
FN:3464,_Z18print_progress_bardiid
FNDA:0,_Z18print_progress_bardiid
FN:3506,_Z19print_netlist_statsP8stages_ti
FNDA:0,_Z19print_netlist_statsP8stages_ti
FN:3524,_Z22print_simulation_statsP8stages_tidd
FNDA:0,_Z22print_simulation_statsP8stages_tidd
FN:3540,_Z10print_timed
FNDA:0,_Z10print_timed
FN:3553,_Z14print_ancestryP9nnode_t_ti
FNDA:0,_Z14print_ancestryP9nnode_t_ti
FN:3644,_Z18print_update_traceP9nnode_t_ti
FNDA:0,_Z18print_update_traceP9nnode_t_ti
FN:3734,_Z9wall_timev
FNDA:0,_Z9wall_timev
FN:3747,_Z20get_circuit_filenamev
FNDA:0,_Z20get_circuit_filenamev
DA:42,0
DA:44,0
DA:45,0
DA:48,0
DA:49,0
DA:50,0
DA:52,0
DA:53,0
DA:54,0
DA:57,0
DA:58,0
DA:59,0
DA:60,0
DA:61,0
DA:64,0
DA:65,0
DA:66,0
DA:67,0
DA:68,0
DA:71,0
DA:72,0
DA:73,0
DA:74,0
DA:75,0
DA:78,0
DA:79,0
DA:80,0
DA:81,0
DA:82,0
DA:84,0
DA:85,0
DA:87,0
DA:90,0
DA:92,0
DA:93,0
DA:94,0
DA:96,0
DA:99,0
DA:100,0
DA:102,0
DA:107,0
DA:108,0
DA:110,0
DA:114,0
DA:117,0
DA:118,0
DA:119,0
DA:120,0
DA:122,0
DA:124,0
DA:128,0
DA:130,0
DA:131,0
DA:133,0
DA:134,0
DA:136,0
DA:139,0
DA:140,0
DA:141,0
DA:142,0
DA:148,0
DA:149,0
DA:150,0
DA:151,0
DA:152,0
DA:154,0
DA:156,0
DA:157,0
DA:161,0
DA:162,0
DA:164,0
DA:166,0
DA:168,0
DA:170,0
DA:171,0
DA:173,0
DA:177,0
DA:181,0
DA:183,0
DA:184,0
DA:188,0
DA:190,0
DA:192,0
DA:195,0
DA:199,0
DA:201,0
DA:207,0
DA:208,0
DA:209,0
DA:211,0
DA:212,0
DA:217,0
DA:220,0
DA:222,0
DA:225,0
DA:226,0
DA:229,0
DA:230,0
DA:234,0
DA:235,0
DA:236,0
DA:237,0
DA:239,0
DA:240,0
DA:242,0
DA:244,0
DA:245,0
DA:247,0
DA:248,0
DA:250,0
DA:251,0
DA:255,0
DA:257,0
DA:261,0
DA:262,0
DA:264,0
DA:265,0
DA:267,0
DA:268,0
DA:269,0
DA:270,0
DA:271,0
DA:272,0
DA:283,0
DA:306,0
DA:307,0
DA:330,0
DA:331,0
DA:362,0
DA:369,0
DA:371,0
DA:374,0
DA:375,0
DA:378,0
DA:379,0
DA:380,0
DA:381,0
DA:386,0
DA:387,0
DA:389,0
DA:392,0
DA:395,0
DA:396,0
DA:398,0
DA:400,0
DA:402,0
DA:404,0
DA:405,0
DA:408,0
DA:410,0
DA:413,0
DA:414,0
DA:416,0
DA:419,0
DA:420,0
DA:422,0
DA:428,0
DA:429,0
DA:430,0
DA:431,0
DA:432,0
DA:433,0
DA:434,0
DA:435,0
DA:436,0
DA:438,0
DA:441,0
DA:442,0
DA:444,0
DA:445,0
DA:447,0
DA:448,0
DA:451,0
DA:452,0
DA:455,0
DA:461,0
DA:462,0
DA:466,0
DA:468,0
DA:469,0
DA:470,0
DA:471,0
DA:472,0
DA:473,0
DA:474,0
DA:476,0
DA:477,0
DA:479,0
DA:480,0
DA:484,0
DA:485,0
DA:488,0
DA:491,0
DA:492,0
DA:495,0
DA:497,0
DA:499,0
DA:501,0
DA:502,0
DA:504,0
DA:505,0
DA:507,0
DA:514,0
DA:516,0
DA:518,0
DA:520,0
DA:522,0
DA:523,0
DA:524,0
DA:525,0
DA:526,0
DA:527,0
DA:528,0
DA:529,0
DA:530,0
DA:531,0
DA:532,0
DA:533,0
DA:534,0
DA:535,0
DA:536,0
DA:538,0
DA:540,0
DA:542,0
DA:544,0
DA:545,0
DA:547,0
DA:548,0
DA:549,0
DA:552,0
DA:553,0
DA:554,0
DA:556,0
DA:558,0
DA:560,0
DA:562,0
DA:563,0
DA:565,0
DA:566,0
DA:567,0
DA:570,0
DA:571,0
DA:572,0
DA:574,0
DA:576,0
DA:578,0
DA:580,0
DA:581,0
DA:583,0
DA:584,0
DA:585,0
DA:588,0
DA:589,0
DA:590,0
DA:591,0
DA:593,0
DA:595,0
DA:597,0
DA:599,0
DA:600,0
DA:602,0
DA:603,0
DA:604,0
DA:607,0
DA:608,0
DA:609,0
DA:610,0
DA:612,0
DA:613,0
DA:614,0
DA:616,0
DA:617,0
DA:618,0
DA:619,0
DA:621,0
DA:625,0
DA:626,0
DA:627,0
DA:628,0
DA:630,0
DA:631,0
DA:632,0
DA:634,0
DA:635,0
DA:636,0
DA:637,0
DA:639,0
DA:643,0
DA:644,0
DA:645,0
DA:646,0
DA:648,0
DA:649,0
DA:650,0
DA:652,0
DA:653,0
DA:654,0
DA:655,0
DA:656,0
DA:657,0
DA:658,0
DA:660,0
DA:662,0
DA:666,0
DA:667,0
DA:668,0
DA:669,0
DA:671,0
DA:672,0
DA:673,0
DA:675,0
DA:676,0
DA:677,0
DA:678,0
DA:679,0
DA:681,0
DA:683,0
DA:687,0
DA:688,0
DA:689,0
DA:690,0
DA:691,0
DA:694,0
DA:696,0
DA:698,0
DA:699,0
DA:701,0
DA:702,0
DA:703,0
DA:706,0
DA:707,0
DA:708,0
DA:709,0
DA:710,0
DA:713,0
DA:715,0
DA:717,0
DA:718,0
DA:720,0
DA:721,0
DA:722,0
DA:725,0
DA:726,0
DA:727,0
DA:728,0
DA:730,0
DA:732,0
DA:733,0
DA:734,0
DA:740,0
DA:742,0
DA:745,0
DA:746,0
DA:747,0
DA:749,0
DA:750,0
DA:751,0
DA:753,0
DA:754,0
DA:755,0
DA:759,0
DA:760,0
DA:761,0
DA:762,0
DA:764,0
DA:765,0
DA:766,0
DA:767,0
DA:768,0
DA:769,0
DA:771,0
DA:772,0
DA:773,0
DA:774,0
DA:775,0
DA:776,0
DA:778,0
DA:781,0
DA:782,0
DA:783,0
DA:784,0
DA:785,0
DA:786,0
DA:787,0
DA:788,0
DA:789,0
DA:790,0
DA:791,0
DA:792,0
DA:793,0
DA:794,0
DA:795,0
DA:796,0
DA:799,0
DA:800,0
DA:801,0
DA:807,0
DA:808,0
DA:809,0
DA:817,0
DA:818,0
DA:820,0
DA:823,0
DA:826,0
DA:827,0
DA:831,0
DA:832,0
DA:834,0
DA:838,0
DA:850,0
DA:852,0
DA:853,0
DA:855,0
DA:856,0
DA:860,0
DA:862,0
DA:864,0
DA:865,0
DA:871,0
DA:872,0
DA:875,0
DA:878,0
DA:887,0
DA:893,0
DA:895,0
DA:896,0
DA:898,0
DA:900,0
DA:904,0
DA:906,0
DA:907,0
DA:910,0
DA:912,0
DA:913,0
DA:915,0
DA:919,0
DA:924,0
DA:926,0
DA:927,0
DA:928,0
DA:931,0
DA:937,0
DA:938,0
DA:939,0
DA:940,0
DA:942,0
DA:949,0
DA:950,0
DA:953,0
DA:959,0
DA:961,0
DA:963,0
DA:964,0
DA:965,0
DA:976,0
DA:978,0
DA:979,0
DA:980,0
DA:989,0
DA:991,0
DA:993,0
DA:994,0
DA:997,0
DA:999,0
DA:1000,0
DA:1002,0
DA:1004,0
DA:1005,0
DA:1007,0
DA:1009,0
DA:1012,0
DA:1014,0
DA:1016,0
DA:1017,0
DA:1018,0
DA:1021,0
DA:1026,0
DA:1034,0
DA:1035,0
DA:1044,0
DA:1046,0
DA:1052,0
DA:1055,0
DA:1058,0
DA:1066,0
DA:1068,0
DA:1069,0
DA:1070,0
DA:1071,0
DA:1073,0
DA:1074,0
DA:1075,0
DA:1081,0
DA:1083,0
DA:1084,0
DA:1085,0
DA:1087,0
DA:1097,0
DA:1100,0
DA:1101,0
DA:1102,0
DA:1106,0
DA:1108,0
DA:1109,0
DA:1111,0
DA:1114,0
DA:1116,0
DA:1117,0
DA:1119,0
DA:1121,0
DA:1122,0
DA:1125,0
DA:1127,0
DA:1128,0
DA:1133,0
DA:1134,0
DA:1140,0
DA:1141,0
DA:1149,0
DA:1151,0
DA:1152,0
DA:1153,0
DA:1154,0
DA:1156,0
DA:1157,0
DA:1158,0
DA:1164,0
DA:1166,0
DA:1167,0
DA:1168,0
DA:1170,0
DA:1180,0
DA:1183,0
DA:1184,0
DA:1185,0
DA:1189,0
DA:1191,0
DA:1192,0
DA:1194,0
DA:1197,0
DA:1199,0
DA:1200,0
DA:1202,0
DA:1204,0
DA:1205,0
DA:1208,0
DA:1210,0
DA:1211,0
DA:1216,0
DA:1217,0
DA:1223,0
DA:1224,0
DA:1232,0
DA:1234,0
DA:1235,0
DA:1236,0
DA:1237,0
DA:1239,0
DA:1240,0
DA:1243,0
DA:1244,0
DA:1245,0
DA:1251,0
DA:1253,0
DA:1254,0
DA:1255,0
DA:1257,0
DA:1267,0
DA:1270,0
DA:1271,0
DA:1272,0
DA:1276,0
DA:1278,0
DA:1279,0
DA:1281,0
DA:1284,0
DA:1286,0
DA:1287,0
DA:1289,0
DA:1291,0
DA:1292,0
DA:1295,0
DA:1297,0
DA:1298,0
DA:1303,0
DA:1304,0
DA:1310,0
DA:1311,0
DA:1320,0
DA:1322,0
DA:1323,0
DA:1325,0
DA:1326,0
DA:1327,0
DA:1332,0
DA:1334,0
DA:1338,0
DA:1339,0
DA:1341,0
DA:1343,0
DA:1349,0
DA:1351,0
DA:1357,0
DA:1359,0
DA:1362,0
DA:1370,0
DA:1372,0
DA:1373,0
DA:1378,0
DA:1380,0
DA:1393,0
DA:1396,0
DA:1397,0
DA:1400,0
DA:1403,0
DA:1405,0
DA:1406,0
DA:1408,0
DA:1409,0
DA:1411,0
DA:1412,0
DA:1414,0
DA:1415,0
DA:1421,0
DA:1422,0
DA:1426,0
DA:1430,0
DA:1431,0
DA:1433,0
DA:1436,0
DA:1442,0
DA:1444,0
DA:1446,0
DA:1455,0
DA:1457,0
DA:1460,0
DA:1466,0
DA:1468,0
DA:1469,0
DA:1471,0
DA:1472,0
DA:1473,0
DA:1476,0
DA:1477,0
DA:1480,0
DA:1481,0
DA:1486,0
DA:1488,0
DA:1489,0
DA:1490,0
DA:1492,0
DA:1495,0
DA:1496,0
DA:1497,0
DA:1498,0
DA:1499,0
DA:1501,0
DA:1502,0
DA:1504,0
DA:1506,0
DA:1507,0
DA:1513,0
DA:1514,0
DA:1518,0
DA:1520,0
DA:1521,0
DA:1524,0
DA:1527,0
DA:1533,0
DA:1534,0
DA:1536,0
DA:1539,0
DA:1541,0
DA:1545,0
DA:1546,0
DA:1552,0
DA:1554,0
DA:1559,0
DA:1561,0
DA:1562,0
DA:1565,0
DA:1566,0
DA:1568,0
DA:1570,0
DA:1572,0
DA:1573,0
DA:1576,0
DA:1578,0
DA:1580,0
DA:1581,0
DA:1584,0
DA:1586,0
DA:1587,0
DA:1589,0
DA:1590,0
DA:1591,0
DA:1594,0
DA:1596,0
DA:1600,0
DA:1601,0
DA:1603,0
DA:1604,0
DA:1606,0
DA:1607,0
DA:1609,0
DA:1610,0
DA:1616,0
DA:1621,0
DA:1623,0
DA:1624,0
DA:1627,0
DA:1628,0
DA:1630,0
DA:1631,0
DA:1638,0
DA:1640,0
DA:1641,0
DA:1645,0
DA:1646,0
DA:1648,0
DA:1649,0
DA:1651,0
DA:1652,0
DA:1654,0
DA:1656,0
DA:1657,0
DA:1659,0
DA:1660,0
DA:1661,0
DA:1664,0
DA:1667,0
DA:1669,0
DA:1670,0
DA:1672,0
DA:1673,0
DA:1674,0
DA:1678,0
DA:1681,0
DA:1683,0
DA:1685,0
DA:1686,0
DA:1689,0
DA:1693,0
DA:1696,0
DA:1697,0
DA:1698,0
DA:1700,0
DA:1701,0
DA:1712,0
DA:1714,0
DA:1715,0
DA:1717,0
DA:1718,0
DA:1720,0
DA:1723,0
DA:1724,0
DA:1727,0
DA:1729,0
DA:1731,0
DA:1732,0
DA:1735,0
DA:1742,0
DA:1744,0
DA:1745,0
DA:1747,0
DA:1748,0
DA:1750,0
DA:1751,0
DA:1752,0
DA:1754,0
DA:1757,0
DA:1759,0
DA:1761,0
DA:1762,0
DA:1767,0
DA:1768,0
DA:1769,0
DA:1770,0
DA:1772,0
DA:1774,0
DA:1775,0
DA:1777,0
DA:1778,0
DA:1780,0
DA:1782,0
DA:1785,0
DA:1786,0
DA:1788,0
DA:1790,0
DA:1791,0
DA:1792,0
DA:1793,0
DA:1795,0
DA:1804,0
DA:1806,0
DA:1807,0
DA:1809,0
DA:1810,0
DA:1814,0
DA:1816,0
DA:1817,0
DA:1821,0
DA:1822,0
DA:1825,0
DA:1826,0
DA:1827,0
DA:1829,0
DA:1831,0
DA:1832,0
DA:1836,0
DA:1837,0
DA:1839,0
DA:1841,0
DA:1843,0
DA:1845,0
DA:1847,0
DA:1848,0
DA:1852,0
DA:1853,0
DA:1855,0
DA:1860,0
DA:1862,0
DA:1864,0
DA:1865,0
DA:1868,0
DA:1869,0
DA:1871,0
DA:1875,0
DA:1882,0
DA:1884,0
DA:1885,0
DA:1888,0
DA:1889,0
DA:1891,0
DA:1892,0
DA:1899,0
DA:1901,0
DA:1902,0
DA:1906,0
DA:1907,0
DA:1909,0
DA:1910,0
DA:1912,0
DA:1913,0
DA:1914,0
DA:1916,0
DA:1918,0
DA:1921,0
DA:1922,0
DA:1924,0
DA:1926,0
DA:1927,0
DA:1928,0
DA:1931,0
DA:1940,0
DA:1942,0
DA:1943,0
DA:1945,0
DA:1946,0
DA:1948,0
DA:1949,0
DA:1950,0
DA:1952,0
DA:1953,0
DA:1954,0
DA:1956,0
DA:1957,0
DA:1958,0
DA:1961,0
DA:1967,0
DA:1969,0
DA:1970,0
DA:1971,0
DA:1972,0
DA:1974,0
DA:1976,0
DA:1981,0
DA:1983,0
DA:1985,0
DA:1987,0
DA:1988,0
DA:1991,0
DA:1993,0
DA:1994,0
DA:1995,0
DA:1997,0
DA:1998,0
DA:2001,0
DA:2004,0
DA:2005,0
DA:2010,0
DA:2012,0
DA:2013,0
DA:2015,0
DA:2016,0
DA:2019,0
DA:2022,0
DA:2023,0
DA:2025,0
DA:2029,0
DA:2030,0
DA:2035,0
DA:2037,0
DA:2038,0
DA:2040,0
DA:2041,0
DA:2044,0
DA:2046,0
DA:2047,0
DA:2049,0
DA:2050,0
DA:2052,0
DA:2053,0
DA:2055,0
DA:2056,0
DA:2059,0
DA:2060,0
DA:2063,0
DA:2064,0
DA:2066,0
DA:2067,0
DA:2072,0
DA:2073,0
DA:2074,0
DA:2076,0
DA:2077,0
DA:2079,0
DA:2080,0
DA:2083,0
DA:2084,0
DA:2087,0
DA:2088,0
DA:2090,0
DA:2092,0
DA:2093,0
DA:2095,0
DA:2099,0
DA:2100,0
DA:2105,0
DA:2107,0
DA:2108,0
DA:2109,0
DA:2112,0
DA:2115,0
DA:2125,0
DA:2127,0
DA:2128,0
DA:2131,0
DA:2132,0
DA:2133,0
DA:2135,0
DA:2137,0
DA:2138,0
DA:2140,0
DA:2144,0
DA:2145,0
DA:2147,0
DA:2148,0
DA:2154,0
DA:2156,0
DA:2157,0
DA:2158,0
DA:2162,0
DA:2165,0
DA:2167,0
DA:2170,0
DA:2173,0
DA:2176,0
DA:2177,0
DA:2182,0
DA:2183,0
DA:2186,0
DA:2188,0
DA:2189,0
DA:2192,0
DA:2194,0
DA:2196,0
DA:2198,0
DA:2200,0
DA:2202,0
DA:2205,0
DA:2213,0
DA:2215,0
DA:2216,0
DA:2218,0
DA:2227,0
DA:2229,0
DA:2231,0
DA:2233,0
DA:2235,0
DA:2237,0
DA:2240,0
DA:2243,0
DA:2244,0
DA:2247,0
DA:2251,0
DA:2252,0
DA:2254,0
DA:2256,0
DA:2259,0
DA:2260,0
DA:2262,0
DA:2263,0
DA:2265,0
DA:2266,0
DA:2268,0
DA:2269,0
DA:2272,0
DA:2275,0
DA:2276,0
DA:2277,0
DA:2281,0
DA:2291,0
DA:2292,0
DA:2294,0
DA:2295,0
DA:2298,0
DA:2299,0
DA:2300,0
DA:2302,0
DA:2307,0
DA:2308,0
DA:2309,0
DA:2310,0
DA:2311,0
DA:2312,0
DA:2316,0
DA:2317,0
DA:2318,0
DA:2319,0
DA:2320,0
DA:2321,0
DA:2325,0
DA:2326,0
DA:2327,0
DA:2328,0
DA:2330,0
DA:2331,0
DA:2334,0
DA:2335,0
DA:2343,0
DA:2348,0
DA:2350,0
DA:2353,0
DA:2354,0
DA:2355,0
DA:2358,0
DA:2359,0
DA:2361,0
DA:2363,0
DA:2364,0
DA:2370,0
DA:2373,0
DA:2375,0
DA:2376,0
DA:2377,0
DA:2381,0
DA:2382,0
DA:2383,0
DA:2384,0
DA:2387,0
DA:2388,0
DA:2391,0
DA:2392,0
DA:2394,0
DA:2396,0
DA:2398,0
DA:2403,0
DA:2404,0
DA:2405,0
DA:2406,0
DA:2411,0
DA:2412,0
DA:2415,0
DA:2417,0
DA:2422,0
DA:2425,0
DA:2426,0
DA:2429,0
DA:2430,0
DA:2432,0
DA:2436,0
DA:2438,0
DA:2439,0
DA:2445,0
DA:2446,0
DA:2447,0
DA:2448,0
DA:2449,0
DA:2457,0
DA:2459,0
DA:2460,0
DA:2461,0
DA:2463,0
DA:2464,0
DA:2466,0
DA:2467,0
DA:2469,0
DA:2470,0
DA:2472,0
DA:2474,0
DA:2476,0
DA:2477,0
DA:2478,0
DA:2480,0
DA:2482,0
DA:2484,0
DA:2491,0
DA:2493,0
DA:2494,0
DA:2495,0
DA:2496,0
DA:2497,0
DA:2505,0
DA:2507,0
DA:2508,0
DA:2511,0
DA:2512,0
DA:2513,0
DA:2514,0
DA:2517,0
DA:2518,0
DA:2519,0
DA:2520,0
DA:2522,0
DA:2524,0
DA:2526,0
DA:2527,0
DA:2529,0
DA:2531,0
DA:2533,0
DA:2535,0
DA:2536,0
DA:2540,0
DA:2541,0
DA:2545,0
DA:2546,0
DA:2550,0
DA:2555,0
DA:2556,0
DA:2565,0
DA:2567,0
DA:2568,0
DA:2571,0
DA:2573,0
DA:2575,0
DA:2576,0
DA:2587,0
DA:2589,0
DA:2590,0
DA:2591,0
DA:2592,0
DA:2600,0
DA:2602,0
DA:2604,0
DA:2605,0
DA:2606,0
DA:2607,0
DA:2608,0
DA:2610,0
DA:2612,0
DA:2618,0
DA:2620,0
DA:2621,0
DA:2624,0
DA:2627,0
DA:2628,0
DA:2630,0
DA:2631,0
DA:2633,0
DA:2637,0
DA:2639,0
DA:2640,0
DA:2647,0
DA:2649,0
DA:2650,0
DA:2651,0
DA:2652,0
DA:2655,0
DA:2657,0
DA:2659,0
DA:2660,0
DA:2663,0
DA:2665,0
DA:2666,0
DA:2669,0
DA:2675,0
DA:2677,0
DA:2678,0
DA:2680,0
DA:2681,0
DA:2685,0
DA:2688,0
DA:2690,0
DA:2692,0
DA:2704,0
DA:2706,0
DA:2707,0
DA:2708,0
DA:2709,0
DA:2720,0
DA:2722,0
DA:2723,0
DA:2724,0
DA:2725,0
DA:2726,0
DA:2728,0
DA:2730,0
DA:2731,0
DA:2732,0
DA:2734,0
DA:2735,0
DA:2736,0
DA:2737,0
DA:2739,0
DA:2741,0
DA:2742,0
DA:2743,0
DA:2744,0
DA:2745,0
DA:2747,0
DA:2749,0
DA:2750,0
DA:2751,0
DA:2753,0
DA:2754,0
DA:2756,0
DA:2757,0
DA:2759,0
DA:2760,0
DA:2766,0
DA:2767,0
DA:2769,0
DA:2770,0
DA:2771,0
DA:2773,0
DA:2774,0
DA:2777,0
DA:2778,0
DA:2780,0
DA:2781,0
DA:2789,0
DA:2791,0
DA:2792,0
DA:2793,0
DA:2794,0
DA:2796,0
DA:2797,0
DA:2799,0
DA:2800,0
DA:2801,0
DA:2802,0
DA:2804,0
DA:2805,0
DA:2807,0
DA:2808,0
DA:2809,0
DA:2811,0
DA:2812,0
DA:2814,0
DA:2816,0
DA:2817,0
DA:2822,0
DA:2823,0
DA:2825,0
DA:2828,0
DA:2829,0
DA:2831,0
DA:2833,0
DA:2843,0
DA:2845,0
DA:2846,0
DA:2849,0
DA:2851,0
DA:2852,0
DA:2854,0
DA:2860,0
DA:2862,0
DA:2864,0
DA:2866,0
DA:2867,0
DA:2868,0
DA:2870,0
DA:2872,0
DA:2873,0
DA:2875,0
DA:2876,0
DA:2878,0
DA:2880,0
DA:2881,0
DA:2882,0
DA:2883,0
DA:2885,0
DA:2896,0
DA:2897,0
DA:2898,0
DA:2900,0
DA:2901,0
DA:2902,0
DA:2904,0
DA:2906,0
DA:2907,0
DA:2909,0
DA:2911,0
DA:2913,0
DA:2918,0
DA:2923,0
DA:2925,0
DA:2926,0
DA:2931,0
DA:2933,0
DA:2935,0
DA:2938,0
DA:2939,0
DA:2941,0
DA:2942,0
DA:2944,0
DA:2945,0
DA:2946,0
DA:2952,0
DA:2954,0
DA:2955,0
DA:2957,0
DA:2962,0
DA:2964,0
DA:2965,0
DA:2967,0
DA:2969,0
DA:2970,0
DA:2972,0
DA:2974,0
DA:2976,0
DA:2977,0
DA:2979,0
DA:2983,0
DA:2984,0
DA:2986,0
DA:2987,0
DA:2989,0
DA:2990,0
DA:2992,0
DA:2994,0
DA:2995,0
DA:2998,0
DA:3002,0
DA:3014,0
DA:3016,0
DA:3017,0
DA:3019,0
DA:3022,0
DA:3024,0
DA:3025,0
DA:3033,0
DA:3034,0
DA:3037,0
DA:3038,0
DA:3039,0
DA:3040,0
DA:3041,0
DA:3047,0
DA:3049,0
DA:3051,0
DA:3052,0
DA:3055,0
DA:3057,0
DA:3058,0
DA:3062,0
DA:3064,0
DA:3065,0
DA:3077,0
DA:3078,0
DA:3080,0
DA:3083,0
DA:3085,0
DA:3086,0
DA:3087,0
DA:3088,0
DA:3094,0
DA:3096,0
DA:3097,0
DA:3098,0
DA:3105,0
DA:3106,0
DA:3111,0
DA:3113,0
DA:3114,0
DA:3117,0
DA:3118,0
DA:3120,0
DA:3127,0
DA:3129,0
DA:3130,0
DA:3131,0
DA:3133,0
DA:3134,0
DA:3135,0
DA:3137,0
DA:3145,0
DA:3147,0
DA:3148,0
DA:3149,0
DA:3152,0
DA:3154,0
DA:3155,0
DA:3156,0
DA:3158,0
DA:3159,0
DA:3160,0
DA:3162,0
DA:3164,0
DA:3171,0
DA:3173,0
DA:3179,0
DA:3181,0
DA:3183,0
DA:3185,0
DA:3187,0
DA:3193,0
DA:3196,0
DA:3198,0
DA:3200,0
DA:3206,0
DA:3211,0
DA:3213,0
DA:3215,0
DA:3223,0
DA:3225,0
DA:3227,0
DA:3229,0
DA:3230,0
DA:3231,0
DA:3233,0
DA:3235,0
DA:3237,0
DA:3238,0
DA:3239,0
DA:3241,0
DA:3242,0
DA:3246,0
DA:3252,0
DA:3254,0
DA:3255,0
DA:3256,0
DA:3258,0
DA:3259,0
DA:3262,0
DA:3264,0
DA:3265,0
DA:3272,0
DA:3274,0
DA:3276,0
DA:3277,0
DA:3278,0
DA:3280,0
DA:3282,0
DA:3284,0
DA:3285,0
DA:3286,0
DA:3290,0
DA:3294,0
DA:3300,0
DA:3302,0
DA:3303,0
DA:3304,0
DA:3306,0
DA:3312,0
DA:3319,0
DA:3321,0
DA:3328,0
DA:3330,0
DA:3331,0
DA:3333,0
DA:3334,0
DA:3336,0
DA:3338,0
DA:3340,0
DA:3342,0
DA:3344,0
DA:3350,0
DA:3352,0
DA:3355,0
DA:3356,0
DA:3357,0
DA:3359,0
DA:3360,0
DA:3362,0
DA:3364,0
DA:3371,0
DA:3373,0
DA:3374,0
DA:3376,0
DA:3378,0
DA:3379,0
DA:3383,0
DA:3384,0
DA:3394,0
DA:3396,0
DA:3397,0
DA:3406,0
DA:3408,0
DA:3409,0
DA:3411,0
DA:3412,0
DA:3413,0
DA:3416,0
DA:3417,0
DA:3418,0
DA:3423,0
DA:3425,0
DA:3426,0
DA:3427,0
DA:3428,0
DA:3429,0
DA:3430,0
DA:3435,0
DA:3437,0
DA:3438,0
DA:3439,0
DA:3440,0
DA:3441,0
DA:3442,0
DA:3447,0
DA:3449,0
DA:3450,0
DA:3452,0
DA:3453,0
DA:3454,0
DA:3464,0
DA:3466,0
DA:3468,0
DA:3470,0
DA:3472,0
DA:3473,0
DA:3474,0
DA:3476,0
DA:3478,0
DA:3479,0
DA:3481,0
DA:3483,0
DA:3484,0
DA:3485,0
DA:3489,0
DA:3490,0
DA:3493,0
DA:3495,0
DA:3496,0
DA:3498,0
DA:3500,0
DA:3506,0
DA:3508,0
DA:3510,0
DA:3511,0
DA:3512,0
DA:3513,0
DA:3517,0
DA:3519,0
DA:3524,0
DA:3526,0
DA:3527,0
DA:3528,0
DA:3529,0
DA:3530,0
DA:3531,0
DA:3532,0
DA:3533,0
DA:3534,0
DA:3535,0
DA:3540,0
DA:3542,0
DA:3543,0
DA:3544,0
DA:3545,0
DA:3546,0
DA:3547,0
DA:3553,0
DA:3555,0
DA:3557,0
DA:3558,0
DA:3559,0
DA:3560,0
DA:3561,0
DA:3562,0
DA:3564,0
DA:3566,0
DA:3567,0
DA:3568,0
DA:3569,0
DA:3570,0
DA:3572,0
DA:3573,0
DA:3574,0
DA:3575,0
DA:3576,0
DA:3577,0
DA:3578,0
DA:3626,0
DA:3629,0
DA:3631,0
DA:3632,0
DA:3633,0
DA:3644,0
DA:3647,0
DA:3648,0
DA:3659,0
DA:3662,0
DA:3664,0
DA:3665,0
DA:3666,0
DA:3667,0
DA:3669,0
DA:3671,0
DA:3672,0
DA:3673,0
DA:3675,0
DA:3676,0
DA:3677,0
DA:3678,0
DA:3679,0
DA:3681,0
DA:3682,0
DA:3684,0
DA:3685,0
DA:3686,0
DA:3689,0
DA:3690,0
DA:3693,0
DA:3695,0
DA:3696,0
DA:3700,0
DA:3701,0
DA:3702,0
DA:3704,0
DA:3707,0
DA:3708,0
DA:3712,0
DA:3714,0
DA:3715,0
DA:3716,0
DA:3717,0
DA:3726,0
DA:3727,0
DA:3728,0
DA:3734,0
DA:3736,0
DA:3737,0
DA:3738,0
DA:3739,0
DA:3741,0
DA:3747,0
DA:3749,0
end_of_record
SF:/usr/include/string.h
DA:213,0
DA:215,0
DA:240,0
DA:242,0
DA:317,0
DA:319,0
end_of_record
SF:/usr/include/c++/9/bits/char_traits.h
DA:299,0
DA:300,0
DA:329,0
DA:335,0
end_of_record
SF:/usr/include/c++/9/bits/locale_facets.h
FN:872,_ZNKSt5ctypeIcE5widenEc
FNDA:0,_ZNKSt5ctypeIcE5widenEc
FN:1084,_ZNKSt5ctypeIcE8do_widenEc
FNDA:0,_ZNKSt5ctypeIcE8do_widenEc
DA:872,0
DA:874,0
DA:875,0
DA:876,0
DA:877,0
DA:1084,0
DA:1085,0
end_of_record
SF:/usr/include/stdlib.h
DA:361,0
DA:363,0
end_of_record
SF:/usr/include/c++/9/bits/allocator.h
DA:138,0
DA:141,0
DA:142,0
DA:153,0
end_of_record
SF:/usr/include/c++/9/chrono
DA:149,0
DA:153,0
DA:191,0
DA:200,0
DA:331,0
DA:338,0
DA:339,0
DA:346,0
DA:649,0
end_of_record
SF:/usr/include/x86_64-linux-gnu/bits/stdio2.h
DA:34,0
DA:36,0
DA:64,0
DA:67,0
DA:98,0
DA:100,0
DA:101,0
DA:105,0
DA:107,0
DA:255,0
DA:257,0
DA:259,0
DA:262,0
DA:263,0
DA:265,0
end_of_record
SF:/usr/include/c++/9/streambuf
end_of_record
SF:/usr/include/c++/9/cmath
DA:415,0
DA:418,0
end_of_record
SF:/usr/include/c++/9/bits/ptr_traits.h
DA:146,0
DA:147,0
end_of_record
TN:
SF:/usr/include/x86_64-linux-gnu/bits/stdio2.h
DA:105,0
DA:107,0
end_of_record
SF:/workspace/vtr-verilog-to-routing/ODIN_II/SRC/STRING_HASH_TOOL/hashtable.cpp
FN:40,_Z16create_hashtablei
FNDA:0,_Z16create_hashtablei
FN:65,_Z20___hashtable_destroyP13hashtable_t_t
FNDA:0,_Z20___hashtable_destroyP13hashtable_t_t
FN:83,_Z31___hashtable_destroy_free_itemsP13hashtable_t_t
FNDA:0,_Z31___hashtable_destroy_free_itemsP13hashtable_t_t
FN:102,_Z16___hashtable_addP13hashtable_t_tPKvmPv
FNDA:0,_Z16___hashtable_addP13hashtable_t_tPKvmPv
FN:124,_Z19___hashtable_removeP13hashtable_t_tPKvm
FNDA:0,_Z19___hashtable_removeP13hashtable_t_tPKvm
FN:149,_Z16___hashtable_getP13hashtable_t_tPKvm
FNDA:0,_Z16___hashtable_getP13hashtable_t_tPKvm
FN:164,_Z20___hashtable_get_allP13hashtable_t_t
FNDA:0,_Z20___hashtable_get_allP13hashtable_t_t
FN:181,_Z21___hashtable_is_emptyP13hashtable_t_t
FNDA:0,_Z21___hashtable_is_emptyP13hashtable_t_t
FN:186,_Z25___hashtable_compare_keysPKvmS0_m
FNDA:0,_Z25___hashtable_compare_keysPKvmS0_m
FN:192,_Z17___hashtable_hashPKvmi
FNDA:0,_Z17___hashtable_hashPKvmi
DA:40,0
DA:42,0
DA:44,0
DA:45,0
DA:48,0
DA:50,0
DA:51,0
DA:52,0
DA:54,0
DA:55,0
DA:56,0
DA:57,0
DA:58,0
DA:59,0
DA:60,0
DA:62,0
DA:65,0
DA:67,0
DA:68,0
DA:70,0
DA:71,0
DA:73,0
DA:74,0
DA:75,0
DA:76,0
DA:79,0
DA:80,0
DA:81,0
DA:83,0
DA:85,0
DA:86,0
DA:88,0
DA:89,0
DA:91,0
DA:92,0
DA:93,0
DA:94,0
DA:95,0
DA:98,0
DA:99,0
DA:100,0
DA:102,0
DA:104,0
DA:106,0
DA:107,0
DA:108,0
DA:109,0
DA:111,0
DA:113,0
DA:114,0
DA:116,0
DA:117,0
DA:119,0
DA:121,0
DA:122,0
DA:124,0
DA:126,0
DA:128,0
DA:129,0
DA:130,0
DA:132,0
DA:133,0
DA:136,0
DA:137,0
DA:139,0
DA:140,0
DA:141,0
DA:142,0
DA:143,0
DA:146,0
DA:149,0
DA:151,0
DA:153,0
DA:154,0
DA:155,0
DA:157,0
DA:158,0
DA:159,0
DA:161,0
DA:164,0
DA:165,0
DA:166,0
DA:168,0
DA:169,0
DA:171,0
DA:172,0
DA:174,0
DA:175,0
DA:178,0
DA:181,0
DA:183,0
DA:186,0
DA:188,0
DA:189,0
DA:192,0
DA:194,0
DA:195,0
DA:196,0
DA:197,0
DA:199,0
end_of_record
SF:/usr/include/c++/9/iostream
end_of_record
SF:/usr/include/x86_64-linux-gnu/bits/string_fortified.h
DA:31,0
DA:34,0
end_of_record
TN:
SF:/usr/include/x86_64-linux-gnu/bits/stdio2.h
DA:98,0
DA:100,0
end_of_record
SF:/workspace/vtr-verilog-to-routing/ODIN_II/SRC/STRING_HASH_TOOL/string_cache.cpp
FN:16,_Z11string_hashP12STRING_CACHEPKc
FNDA:0,_Z11string_hashP12STRING_CACHEPKc
FN:30,_Z16generate_sc_hashP12STRING_CACHE
FNDA:0,_Z16generate_sc_hashP12STRING_CACHE
FN:54,_Z19sc_new_string_cachev
FNDA:0,_Z19sc_new_string_cachev
FN:73,_Z16sc_lookup_stringP12STRING_CACHEPKc
FNDA:0,_Z16sc_lookup_stringP12STRING_CACHEPKc
FN:95,_Z13sc_add_stringP12STRING_CACHEPKc
FNDA:0,_Z13sc_add_stringP12STRING_CACHEPKc
FN:134,_Z11sc_valid_idP12STRING_CACHEl
FNDA:0,_Z11sc_valid_idP12STRING_CACHEl
FN:145,_Z11sc_do_allocll
FNDA:0,_Z11sc_do_allocll
FN:165,_Z20sc_free_string_cacheP12STRING_CACHE
FNDA:0,_Z20sc_free_string_cacheP12STRING_CACHE
DA:16,0
DA:19,0
DA:21,0
DA:22,0
DA:23,0
DA:24,0
DA:25,0
DA:26,0
DA:30,0
DA:32,0
DA:33,0
DA:35,0
DA:36,0
DA:37,0
DA:38,0
DA:39,0
DA:40,0
DA:41,0
DA:42,0
DA:43,0
DA:44,0
DA:46,0
DA:47,0
DA:48,0
DA:50,0
DA:54,0
DA:56,0
DA:58,0
DA:59,0
DA:60,0
DA:61,0
DA:62,0
DA:63,0
DA:64,0
DA:65,0
DA:66,0
DA:67,0
DA:68,0
DA:69,0
DA:73,0
DA:76,0
DA:78,0
DA:82,0
DA:83,0
DA:84,0
DA:86,0
DA:87,0
DA:88,0
DA:95,0
DA:98,0
DA:99,0
DA:100,0
DA:102,0
DA:103,0
DA:105,0
DA:107,0
DA:109,0
DA:110,0
DA:111,0
DA:112,0
DA:113,0
DA:115,0
DA:116,0
DA:117,0
DA:118,0
DA:119,0
DA:121,0
DA:123,0
DA:124,0
DA:125,0
DA:126,0
DA:127,0
DA:128,0
DA:129,0
DA:130,0
DA:134,0
DA:137,0
DA:139,0
DA:140,0
DA:145,0
DA:148,0
DA:150,0
DA:152,0
DA:154,0
DA:155,0
DA:157,0
DA:160,0
DA:162,0
DA:165,0
DA:167,0
DA:169,0
DA:170,0
DA:171,0
DA:172,0
DA:173,0
DA:174,0
DA:175,0
DA:178,0
DA:180,0
DA:182,0
DA:183,0
DA:185,0
DA:187,0
DA:188,0
DA:190,0
DA:191,0
DA:192,0
end_of_record
SF:/usr/include/x86_64-linux-gnu/bits/string_fortified.h
DA:31,0
DA:34,0
DA:59,0
DA:71,0
end_of_record
TN:
SF:/usr/include/c++/9/bits/char_traits.h
DA:299,0
DA:300,0
DA:315,0
DA:317,0
DA:325,0
DA:329,0
DA:335,0
DA:361,0
DA:363,0
DA:365,0
end_of_record
SF:/usr/include/c++/9/bits/locale_facets.h
FN:872,_ZNKSt5ctypeIcE5widenEc
FNDA:0,_ZNKSt5ctypeIcE5widenEc
FN:1084,_ZNKSt5ctypeIcE8do_widenEc
FNDA:0,_ZNKSt5ctypeIcE8do_widenEc
DA:872,0
DA:874,0
DA:875,0
DA:876,0
DA:877,0
DA:1084,0
DA:1085,0
end_of_record
SF:/usr/include/c++/9/bits/vector.tcc
FN:109,_ZNSt6vectorIiSaIiEE12emplace_backIJiEEEvDpOT_
FNDA:0,_ZNSt6vectorIiSaIiEE12emplace_backIJiEEEvDpOT_
FN:109,_ZNSt6vectorINSt7__cxx1112basic_stringIcSt11char_traitsIcESaIcEEESaIS5_EE12emplace_backIJS5_EEEvDpOT_
FNDA:0,_ZNSt6vectorINSt7__cxx1112basic_stringIcSt11char_traitsIcESaIcEEESaIS5_EE12emplace_backIJS5_EEEvDpOT_
FN:426,_ZNSt6vectorIiSaIiEE17_M_realloc_insertIJiEEEvN9__gnu_cxx17__normal_iteratorIPiS1_EEDpOT_
FNDA:0,_ZNSt6vectorIiSaIiEE17_M_realloc_insertIJiEEEvN9__gnu_cxx17__normal_iteratorIPiS1_EEDpOT_
FN:426,_ZNSt6vectorINSt7__cxx1112basic_stringIcSt11char_traitsIcESaIcEEESaIS5_EE17_M_realloc_insertIJS5_EEEvN9__gnu_cxx17__normal_iteratorIPS5_S7_EEDpOT_
FNDA:0,_ZNSt6vectorINSt7__cxx1112basic_stringIcSt11char_traitsIcESaIcEEESaIS5_EE17_M_realloc_insertIJS5_EEEvN9__gnu_cxx17__normal_iteratorIPS5_S7_EEDpOT_
FN:426,_ZNSt6vectorIP12ast_node_t_tSaIS1_EE17_M_realloc_insertIJRKS1_EEEvN9__gnu_cxx17__normal_iteratorIPS1_S3_EEDpOT_
FNDA:0,_ZNSt6vectorIP12ast_node_t_tSaIS1_EE17_M_realloc_insertIJRKS1_EEEvN9__gnu_cxx17__normal_iteratorIPS1_S3_EEDpOT_
FN:426,_ZNSt6vectorINSt7__cxx1112basic_stringIcSt11char_traitsIcESaIcEEESaIS5_EE17_M_realloc_insertIJRKS5_EEEvN9__gnu_cxx17__normal_iteratorIPS5_S7_EEDpOT_
FNDA:0,_ZNSt6vectorINSt7__cxx1112basic_stringIcSt11char_traitsIcESaIcEEESaIS5_EE17_M_realloc_insertIJRKS5_EEEvN9__gnu_cxx17__normal_iteratorIPS5_S7_EEDpOT_
DA:109,0
DA:112,0
DA:115,0
DA:117,0
DA:121,0
DA:125,0
DA:109,0
DA:112,0
DA:115,0
DA:117,0
DA:121,0
DA:125,0
DA:426,0
DA:435,0
DA:437,0
DA:438,0
DA:439,0
DA:440,0
DA:441,0
DA:449,0
DA:450,0
DA:456,0
DA:461,0
DA:462,0
DA:464,0
DA:466,0
DA:467,0
DA:500,0
DA:501,0
DA:502,0
DA:503,0
DA:504,0
DA:505,0
DA:426,0
DA:435,0
DA:437,0
DA:438,0
DA:439,0
DA:440,0
DA:441,0
DA:449,0
DA:450,0
DA:456,0
DA:461,0
DA:462,0
DA:464,0
DA:466,0
DA:467,0
DA:500,0
DA:501,0
DA:502,0
DA:503,0
DA:504,0
DA:505,0
DA:426,0
DA:435,0
DA:437,0
DA:438,0
DA:439,0
DA:440,0
DA:441,0
DA:449,0
DA:450,0
DA:456,0
DA:461,0
DA:462,0
DA:464,0
DA:466,0
DA:467,0
DA:500,0
DA:501,0
DA:502,0
DA:503,0
DA:504,0
DA:505,0
DA:426,0
DA:435,0
DA:437,0
DA:438,0
DA:439,0
DA:440,0
DA:441,0
DA:449,0
DA:450,0
DA:456,0
DA:461,0
DA:462,0
DA:464,0
DA:466,0
DA:467,0
DA:485,0
DA:487,0
DA:488,0
DA:491,0
DA:492,0
DA:493,0
DA:500,0
DA:501,0
DA:502,0
DA:503,0
DA:504,0
DA:505,0
end_of_record
SF:/usr/include/c++/9/bits/allocator.h
DA:138,0
DA:141,0
DA:142,0
DA:151,0
DA:153,0
end_of_record
SF:/usr/include/c++/9/bits/stl_vector.h
FN:550,_ZNSt6vectorIiSaIiEEC2ERKS1_
FNDA:0,_ZNSt6vectorIiSaIiEEC2ERKS1_
FN:550,_ZNSt6vectorINSt7__cxx1112basic_stringIcSt11char_traitsIcESaIcEEESaIS5_EEC2ERKS7_
FNDA:0,_ZNSt6vectorINSt7__cxx1112basic_stringIcSt11char_traitsIcESaIcEEESaIS5_EEC2ERKS7_
FN:550,_ZNSt6vectorIP12ast_node_t_tSaIS1_EEC2ERKS3_
FNDA:0,_ZNSt6vectorIP12ast_node_t_tSaIS1_EEC2ERKS3_
FN:675,_ZNSt6vectorINSt7__cxx1112basic_stringIcSt11char_traitsIcESaIcEEESaIS5_EED2Ev
FNDA:0,_ZNSt6vectorINSt7__cxx1112basic_stringIcSt11char_traitsIcESaIcEEESaIS5_EED2Ev
FN:1184,_ZNSt6vectorIP12ast_node_t_tSaIS1_EE9push_backERKS1_
FNDA:0,_ZNSt6vectorIP12ast_node_t_tSaIS1_EE9push_backERKS1_
FN:1184,_ZNSt6vectorINSt7__cxx1112basic_stringIcSt11char_traitsIcESaIcEEESaIS5_EE9push_backERKS5_
FNDA:0,_ZNSt6vectorINSt7__cxx1112basic_stringIcSt11char_traitsIcESaIcEEESaIS5_EE9push_backERKS5_
FN:1753,_ZNKSt6vectorIiSaIiEE12_M_check_lenEmPKc
FNDA:0,_ZNKSt6vectorIiSaIiEE12_M_check_lenEmPKc
FN:1753,_ZNKSt6vectorIP12ast_node_t_tSaIS1_EE12_M_check_lenEmPKc
FNDA:0,_ZNKSt6vectorIP12ast_node_t_tSaIS1_EE12_M_check_lenEmPKc
FN:1753,_ZNKSt6vectorINSt7__cxx1112basic_stringIcSt11char_traitsIcESaIcEEESaIS5_EE12_M_check_lenEmPKc
FNDA:0,_ZNKSt6vectorINSt7__cxx1112basic_stringIcSt11char_traitsIcESaIcEEESaIS5_EE12_M_check_lenEmPKc
DA:94,0
DA:95,0
DA:125,0
DA:128,0
DA:130,0
DA:133,0
DA:134,0
DA:273,0
DA:274,0
DA:277,0
DA:278,0
DA:285,0
DA:300,0
DA:301,0
DA:302,0
DA:330,0
DA:332,0
DA:333,0
DA:334,0
DA:347,0
DA:350,0
DA:351,0
DA:356,0
DA:358,0
DA:359,0
DA:360,0
DA:450,0
DA:453,0
DA:462,0
DA:466,0
DA:484,0
DA:550,0
DA:552,0
DA:554,0
DA:555,0
DA:557,0
DA:558,0
DA:550,0
DA:552,0
DA:554,0
DA:555,0
DA:557,0
DA:558,0
DA:550,0
DA:552,0
DA:554,0
DA:555,0
DA:557,0
DA:558,0
DA:675,0
DA:677,0
DA:678,0
DA:680,0
DA:808,0
DA:809,0
DA:817,0
DA:818,0
DA:826,0
DA:827,0
DA:835,0
DA:836,0
DA:915,0
DA:916,0
DA:920,0
DA:921,0
DA:1004,0
DA:1005,0
DA:1040,0
DA:1043,0
DA:1184,0
DA:1186,0
DA:1189,0
DA:1191,0
DA:1195,0
DA:1196,0
DA:1184,0
DA:1186,0
DA:1189,0
DA:1191,0
DA:1195,0
DA:1196,0
DA:1200,0
DA:1201,0
DA:1753,0
DA:1755,0
DA:1756,0
DA:1758,0
DA:1759,0
DA:1753,0
DA:1755,0
DA:1756,0
DA:1758,0
DA:1759,0
DA:1753,0
DA:1755,0
DA:1756,0
DA:1758,0
DA:1759,0
DA:1773,0
DA:1780,0
DA:1781,0
end_of_record
SF:/usr/include/c++/9/bits/stl_algobase.h
DA:198,0
DA:222,0
DA:227,0
DA:228,0
DA:280,0
DA:295,0
DA:375,0
DA:384,0
DA:385,0
DA:386,0
DA:387,0
DA:393,0
DA:398,0
DA:404,0
DA:438,0
DA:440,0
DA:465,0
DA:474,0
DA:577,0
DA:586,0
DA:587,0
DA:588,0
DA:589,0
DA:595,0
DA:600,0
DA:606,0
DA:613,0
DA:615,0
DA:641,0
DA:652,0
end_of_record
SF:/usr/include/c++/9/bits/stl_stack.h
DA:99,0
DA:156,0
DA:157,0
DA:193,0
DA:194,0
DA:206,0
DA:209,0
DA:233,0
DA:234,0
DA:238,0
DA:239,0
DA:266,0
DA:269,0
DA:270,0
end_of_record
SF:/usr/include/c++/9/bits/basic_string.tcc
FN:206,_ZNSt7__cxx1112basic_stringIcSt11char_traitsIcESaIcEE12_M_constructIPcEEvT_S7_St20forward_iterator_tag
FNDA:0,_ZNSt7__cxx1112basic_stringIcSt11char_traitsIcESaIcEE12_M_constructIPcEEvT_S7_St20forward_iterator_tag
FN:206,_ZNSt7__cxx1112basic_stringIcSt11char_traitsIcESaIcEE12_M_constructIPKcEEvT_S8_St20forward_iterator_tag
FNDA:0,_ZNSt7__cxx1112basic_stringIcSt11char_traitsIcESaIcEE12_M_constructIPKcEEvT_S8_St20forward_iterator_tag
DA:206,0
DA:211,0
DA:212,0
DA:215,0
DA:217,0
DA:219,0
DA:220,0
DA:225,0
DA:232,0
DA:233,0
DA:206,0
DA:211,0
DA:212,0
DA:215,0
DA:217,0
DA:219,0
DA:220,0
DA:225,0
DA:232,0
DA:233,0
end_of_record
SF:/usr/include/c++/9/bits/ptr_traits.h
DA:146,0
DA:147,0
end_of_record
SF:/usr/include/c++/9/iostream
end_of_record
SF:/usr/include/c++/9/bits/stl_deque.h
FN:678,_ZNSt11_Deque_baseINSt7__cxx1112basic_stringIcSt11char_traitsIcESaIcEEESaIS5_EED2Ev
FNDA:0,_ZNSt11_Deque_baseINSt7__cxx1112basic_stringIcSt11char_traitsIcESaIcEEESaIS5_EED2Ev
FN:678,_ZNSt11_Deque_baseIxSaIxEED2Ev
FNDA:0,_ZNSt11_Deque_baseIxSaIxEED2Ev
FN:699,_ZNSt11_Deque_baseINSt7__cxx1112basic_stringIcSt11char_traitsIcESaIcEEESaIS5_EE17_M_initialize_mapEm
FNDA:0,_ZNSt11_Deque_baseINSt7__cxx1112basic_stringIcSt11char_traitsIcESaIcEEESaIS5_EE17_M_initialize_mapEm
FN:699,_ZNSt11_Deque_baseIxSaIxEE17_M_initialize_mapEm
FNDA:0,_ZNSt11_Deque_baseIxSaIxEE17_M_initialize_mapEm
FN:738,_ZNSt11_Deque_baseINSt7__cxx1112basic_stringIcSt11char_traitsIcESaIcEEESaIS5_EE15_M_create_nodesEPPS5_S9_
FNDA:0,_ZNSt11_Deque_baseINSt7__cxx1112basic_stringIcSt11char_traitsIcESaIcEEESaIS5_EE15_M_create_nodesEPPS5_S9_
FN:738,_ZNSt11_Deque_baseIxSaIxEE15_M_create_nodesEPPxS3_
FNDA:0,_ZNSt11_Deque_baseIxSaIxEE15_M_create_nodesEPPxS3_
FN:1071,_ZNSt5dequeINSt7__cxx1112basic_stringIcSt11char_traitsIcESaIcEEESaIS5_EED2Ev
FNDA:0,_ZNSt5dequeINSt7__cxx1112basic_stringIcSt11char_traitsIcESaIcEEESaIS5_EED2Ev
FN:1569,_ZNSt5dequeINSt7__cxx1112basic_stringIcSt11char_traitsIcESaIcEEESaIS5_EE9push_backERKS5_
FNDA:0,_ZNSt5dequeINSt7__cxx1112basic_stringIcSt11char_traitsIcESaIcEEESaIS5_EE9push_backERKS5_
FN:1628,_ZNSt5dequeINSt7__cxx1112basic_stringIcSt11char_traitsIcESaIcEEESaIS5_EE8pop_backEv
FNDA:0,_ZNSt5dequeINSt7__cxx1112basic_stringIcSt11char_traitsIcESaIcEEESaIS5_EE8pop_backEv
FN:1628,_ZNSt5dequeIxSaIxEE8pop_backEv
FNDA:0,_ZNSt5dequeIxSaIxEE8pop_backEv
FN:2194,_ZNSt5dequeINSt7__cxx1112basic_stringIcSt11char_traitsIcESaIcEEESaIS5_EE22_M_reserve_map_at_backEm
FNDA:0,_ZNSt5dequeINSt7__cxx1112basic_stringIcSt11char_traitsIcESaIcEEESaIS5_EE22_M_reserve_map_at_backEm
FN:2194,_ZNSt5dequeIxSaIxEE22_M_reserve_map_at_backEm
FNDA:0,_ZNSt5dequeIxSaIxEE22_M_reserve_map_at_backEm
DA:130,0
DA:150,0
DA:151,0
DA:167,0
DA:168,0
DA:169,0
DA:179,0
DA:207,0
DA:209,0
DA:211,0
DA:212,0
DA:214,0
DA:273,0
DA:275,0
DA:276,0
DA:277,0
DA:286,0
DA:370,0
DA:375,0
DA:376,0
DA:508,0
DA:509,0
DA:510,0
DA:567,0
DA:575,0
DA:577,0
DA:605,0
DA:606,0
DA:609,0
DA:610,0
DA:613,0
DA:614,0
DA:617,0
DA:620,0
DA:624,0
DA:627,0
DA:631,0
DA:633,0
DA:634,0
DA:638,0
DA:640,0
DA:641,0
DA:642,0
DA:678,0
DA:681,0
DA:683,0
DA:684,0
DA:685,0
DA:687,0
DA:678,0
DA:681,0
DA:683,0
DA:684,0
DA:685,0
DA:687,0
DA:699,0
DA:702,0
DA:705,0
DA:706,0
DA:707,0
DA:714,0
DA:715,0
DA:716,0
DA:719,0
DA:720,0
DA:722,0
DA:723,0
DA:724,0
DA:725,0
DA:728,0
DA:729,0
DA:730,0
DA:731,0
DA:732,0
DA:733,0
DA:734,0
DA:699,0
DA:702,0
DA:705,0
DA:706,0
DA:707,0
DA:714,0
DA:715,0
DA:716,0
DA:719,0
DA:720,0
DA:722,0
DA:723,0
DA:724,0
DA:725,0
DA:728,0
DA:729,0
DA:730,0
DA:731,0
DA:732,0
DA:733,0
DA:734,0
DA:738,0
DA:744,0
DA:745,0
DA:747,0
DA:749,0
DA:750,0
DA:752,0
DA:738,0
DA:744,0
DA:745,0
DA:747,0
DA:749,0
DA:750,0
DA:752,0
DA:756,0
DA:760,0
DA:761,0
DA:889,0
DA:915,0
DA:1071,0
DA:1072,0
DA:1193,0
DA:1194,0
DA:1210,0
DA:1211,0
DA:1298,0
DA:1299,0
DA:1303,0
DA:1304,0
DA:1384,0
DA:1385,0
DA:1500,0
DA:1503,0
DA:1504,0
DA:1505,0
DA:1569,0
DA:1571,0
DA:1572,0
DA:1574,0
DA:1576,0
DA:1579,0
DA:1580,0
DA:1584,0
DA:1585,0
DA:1628,0
DA:1631,0
DA:1632,0
DA:1634,0
DA:1635,0
DA:1639,0
DA:1640,0
DA:1628,0
DA:1631,0
DA:1632,0
DA:1634,0
DA:1635,0
DA:1639,0
DA:1640,0
DA:1896,0
DA:1899,0
DA:1900,0
DA:2113,0
DA:2194,0
DA:2196,0
DA:2197,0
DA:2198,0
DA:2199,0
DA:2194,0
DA:2196,0
DA:2197,0
DA:2198,0
DA:2199,0
end_of_record
SF:/usr/include/c++/9/bits/basic_string.h
FN:6149,_ZSteqIcEN9__gnu_cxx11__enable_ifIXsrSt9__is_charIT_E7__valueEbE6__typeERKNSt7__cxx1112basic_stringIS3_St11char_traitsIS3_ESaIS3_EEESE_
FNDA:0,_ZSteqIcEN9__gnu_cxx11__enable_ifIXsrSt9__is_charIT_E7__valueEbE6__typeERKNSt7__cxx1112basic_stringIS3_St11char_traitsIS3_ESaIS3_EEESE_
DA:150,0
DA:159,0
DA:160,0
DA:178,0
DA:179,0
DA:182,0
DA:183,0
DA:186,0
DA:190,0
DA:193,0
DA:200,0
DA:203,0
DA:210,0
DA:211,0
DA:214,0
DA:216,0
DA:217,0
DA:221,0
DA:222,0
DA:229,0
DA:231,0
DA:232,0
DA:236,0
DA:237,0
DA:243,0
DA:247,0
DA:263,0
DA:266,0
DA:286,0
DA:287,0
DA:290,0
DA:291,0
DA:346,0
DA:348,0
DA:349,0
DA:351,0
DA:392,0
DA:393,0
DA:396,0
DA:398,0
DA:431,0
DA:433,0
DA:434,0
DA:448,0
DA:450,0
DA:451,0
DA:552,0
DA:553,0
DA:555,0
DA:557,0
DA:562,0
DA:563,0
DA:569,0
DA:570,0
DA:571,0
DA:657,0
DA:658,0
DA:665,0
DA:696,0
DA:704,0
DA:705,0
DA:715,0
DA:717,0
DA:930,0
DA:936,0
DA:1364,0
DA:1366,0
DA:1452,0
DA:1453,0
DA:2300,0
DA:2301,0
DA:2312,0
DA:2313,0
DA:6149,0
DA:6151,0
DA:6152,0
DA:6153,0
DA:6175,0
DA:6177,0
end_of_record
SF:/usr/include/c++/9/ostream
DA:108,0
DA:113,0
DA:565,0
DA:568,0
DA:570,0
DA:571,0
end_of_record
SF:/usr/include/x86_64-linux-gnu/bits/string_fortified.h
DA:31,0
DA:34,0
end_of_record
SF:/workspace/vtr-verilog-to-routing/ODIN_II/SRC/lib_ast/ast_elaborate.h
DA:44,0
end_of_record
SF:/usr/include/c++/9/bits/alloc_traits.h
DA:443,0
DA:444,0
DA:469,0
DA:470,0
DA:482,0
DA:484,0
DA:495,0
DA:497,0
DA:505,0
DA:506,0
DA:514,0
DA:515,0
end_of_record
SF:/usr/include/c++/9/ext/alloc_traits.h
DA:97,0
DA:98,0
end_of_record
SF:/usr/include/c++/9/bits/cpp_type_traits.h
DA:428,0
end_of_record
SF:/usr/include/c++/9/ext/type_traits.h
DA:152,0
end_of_record
SF:/usr/include/c++/9/ext/new_allocator.h
DA:80,0
DA:83,0
DA:89,0
DA:102,0
DA:104,0
DA:105,0
DA:114,0
DA:119,0
DA:128,0
DA:132,0
DA:144,0
DA:147,0
DA:151,0
DA:153,0
end_of_record
SF:/usr/include/c++/9/new
DA:173,0
DA:174,0
end_of_record
SF:/usr/include/c++/9/bits/stl_uninitialized.h
FN:76,_ZNSt20__uninitialized_copyILb0EE13__uninit_copyIN9__gnu_cxx17__normal_iteratorIPKNSt7__cxx1112basic_stringIcSt11char_traitsIcESaIcEEESt6vectorIS9_SaIS9_EEEEPS9_EET0_T_SI_SH_
FNDA:0,_ZNSt20__uninitialized_copyILb0EE13__uninit_copyIN9__gnu_cxx17__normal_iteratorIPKNSt7__cxx1112basic_stringIcSt11char_traitsIcESaIcEEESt6vectorIS9_SaIS9_EEEEPS9_EET0_T_SI_SH_
DA:76,0
DA:79,0
DA:82,0
DA:83,0
DA:84,0
DA:86,0
DA:88,0
DA:89,0
DA:99,0
DA:101,0
DA:115,0
DA:134,0
DA:140,0
DA:305,0
DA:307,0
DA:905,0
DA:912,0
DA:913,0
DA:924,0
DA:927,0
DA:928,0
DA:929,0
DA:930,0
DA:949,0
DA:950,0
DA:958,0
DA:964,0
end_of_record
SF:/usr/include/c++/9/bits/stl_iterator_base_funcs.h
DA:98,0
DA:104,0
DA:138,0
DA:141,0
end_of_record
SF:/usr/include/c++/9/bits/move.h
DA:47,0
DA:74,0
DA:99,0
DA:138,0
DA:139,0
end_of_record
SF:/usr/include/c++/9/bits/stl_iterator.h
DA:806,0
DA:819,0
DA:827,0
DA:829,0
DA:871,0
DA:893,0
DA:896,0
DA:907,0
DA:910,0
DA:989,0
DA:992,0
DA:1010,0
DA:1012,0
end_of_record
SF:/usr/include/c++/9/bits/deque.tcc
FN:479,_ZNSt5dequeIxSaIxEE16_M_push_back_auxIJxEEEvDpOT_
FNDA:0,_ZNSt5dequeIxSaIxEE16_M_push_back_auxIJxEEEvDpOT_
FN:479,_ZNSt5dequeINSt7__cxx1112basic_stringIcSt11char_traitsIcESaIcEEESaIS5_EE16_M_push_back_auxIJRKS5_EEEvDpOT_
FNDA:0,_ZNSt5dequeINSt7__cxx1112basic_stringIcSt11char_traitsIcESaIcEEESaIS5_EE16_M_push_back_auxIJRKS5_EEEvDpOT_
FN:479,_ZNSt5dequeIxSaIxEE16_M_push_back_auxIJRKxEEEvDpOT_
FNDA:0,_ZNSt5dequeIxSaIxEE16_M_push_back_auxIJRKxEEEvDpOT_
FN:555,_ZNSt5dequeINSt7__cxx1112basic_stringIcSt11char_traitsIcESaIcEEESaIS5_EE15_M_pop_back_auxEv
FNDA:0,_ZNSt5dequeINSt7__cxx1112basic_stringIcSt11char_traitsIcESaIcEEESaIS5_EE15_M_pop_back_auxEv
FN:854,_ZNSt5dequeINSt7__cxx1112basic_stringIcSt11char_traitsIcESaIcEEESaIS5_EE19_M_destroy_data_auxESt15_Deque_iteratorIS5_RS5_PS5_ESB_
FNDA:0,_ZNSt5dequeINSt7__cxx1112basic_stringIcSt11char_traitsIcESaIcEEESaIS5_EE19_M_destroy_data_auxESt15_Deque_iteratorIS5_RS5_PS5_ESB_
FN:926,_ZNSt5dequeINSt7__cxx1112basic_stringIcSt11char_traitsIcESaIcEEESaIS5_EE17_M_reallocate_mapEmb
FNDA:0,_ZNSt5dequeINSt7__cxx1112basic_stringIcSt11char_traitsIcESaIcEEESaIS5_EE17_M_reallocate_mapEmb
FN:926,_ZNSt5dequeIxSaIxEE17_M_reallocate_mapEmb
FNDA:0,_ZNSt5dequeIxSaIxEE17_M_reallocate_mapEmb
DA:162,0
DA:165,0
DA:166,0
DA:168,0
DA:171,0
DA:174,0
DA:479,0
DA:487,0
DA:488,0
DA:491,0
DA:492,0
DA:496,0
DA:502,0
DA:504,0
DA:511,0
DA:479,0
DA:487,0
DA:488,0
DA:491,0
DA:492,0
DA:496,0
DA:502,0
DA:504,0
DA:506,0
DA:508,0
DA:509,0
DA:511,0
DA:479,0
DA:487,0
DA:488,0
DA:491,0
DA:492,0
DA:496,0
DA:502,0
DA:504,0
DA:511,0
DA:555,0
DA:558,0
DA:559,0
DA:560,0
DA:561,0
DA:563,0
DA:854,0
DA:857,0
DA:858,0
DA:859,0
DA:860,0
DA:862,0
DA:864,0
DA:865,0
DA:866,0
DA:867,0
DA:870,0
DA:871,0
DA:872,0
DA:926,0
DA:929,0
DA:930,0
DA:931,0
DA:934,0
DA:936,0
DA:937,0
DA:938,0
DA:939,0
DA:940,0
DA:944,0
DA:950,0
DA:951,0
DA:954,0
DA:955,0
DA:956,0
DA:957,0
DA:958,0
DA:960,0
DA:962,0
DA:963,0
DA:966,0
DA:967,0
DA:968,0
DA:926,0
DA:929,0
DA:930,0
DA:931,0
DA:934,0
DA:936,0
DA:937,0
DA:938,0
DA:939,0
DA:940,0
DA:944,0
DA:950,0
DA:951,0
DA:954,0
DA:955,0
DA:956,0
DA:957,0
DA:958,0
DA:960,0
DA:962,0
DA:963,0
DA:966,0
DA:967,0
DA:968,0
end_of_record
SF:/workspace/vtr-verilog-to-routing/ODIN_II/SRC/lib_ast/ast_elaborate.cpp
FN:59,_Z12simplify_astv
FNDA:0,_Z12simplify_astv
FN:80,_Z17optimize_for_treev
FNDA:0,_Z17optimize_for_treev
FN:158,_Z15search_for_nodeP12ast_node_t_tSt6vectorIS0_SaIS0_EES3_
FNDA:0,_Z15search_for_nodeP12ast_node_t_tSt6vectorIS0_SaIS0_EES3_
FN:177,_Z13get_copy_treeP12ast_node_t_txNSt7__cxx1112basic_stringIcSt11char_traitsIcESaIcEEE
FNDA:0,_Z13get_copy_treeP12ast_node_t_txNSt7__cxx1112basic_stringIcSt11char_traitsIcESaIcEEE
FN:205,_Z17record_expressionP12ast_node_t_tSt6vectorINSt7__cxx1112basic_stringIcSt11char_traitsIcESaIcEEESaIS7_EEPb
FNDA:0,_Z17record_expressionP12ast_node_t_tSt6vectorINSt7__cxx1112basic_stringIcSt11char_traitsIcESaIcEEESaIS7_EEPb
FN:261,_Z11calculationSt6vectorINSt7__cxx1112basic_stringIcSt11char_traitsIcESaIcEEESaIS5_EE
FNDA:0,_Z11calculationSt6vectorINSt7__cxx1112basic_stringIcSt11char_traitsIcESaIcEEESaIS5_EE
FN:297,_Z20translate_expressionSt6vectorINSt7__cxx1112basic_stringIcSt11char_traitsIcESaIcEEESaIS5_EES7_
FNDA:0,_Z20translate_expressionSt6vectorINSt7__cxx1112basic_stringIcSt11char_traitsIcESaIcEEESaIS5_EES7_
FN:326,_Z15reallocate_nodeP12ast_node_t_ti
FNDA:0,_Z15reallocate_nodeP12ast_node_t_ti
FN:340,_Z22find_most_unique_countv
FNDA:0,_Z22find_most_unique_countv
[...]
FN:283,_ZNSt17_Function_handlerIFbcENSt8__detail11_AnyMatcherINSt7__cxx1112regex_traitsIcEELb0ELb0ELb1EEEE9_M_invokeERKSt9_Any_dataOc
FNDA:0,_ZNSt17_Function_handlerIFbcENSt8__detail11_AnyMatcherINSt7__cxx1112regex_traitsIcEELb0ELb0ELb1EEEE9_M_invokeERKSt9_Any_dataOc
FN:283,_ZNSt17_Function_handlerIFbcENSt8__detail15_BracketMatcherINSt7__cxx1112regex_traitsIcEELb1ELb1EEEE9_M_invokeERKSt9_Any_dataOc
FNDA:0,_ZNSt17_Function_handlerIFbcENSt8__detail15_BracketMatcherINSt7__cxx1112regex_traitsIcEELb1ELb1EEEE9_M_invokeERKSt9_Any_dataOc
FN:283,_ZNSt17_Function_handlerIFbcENSt8__detail11_AnyMatcherINSt7__cxx1112regex_traitsIcEELb0ELb1ELb0EEEE9_M_invokeERKSt9_Any_dataOc
FNDA:0,_ZNSt17_Function_handlerIFbcENSt8__detail11_AnyMatcherINSt7__cxx1112regex_traitsIcEELb0ELb1ELb0EEEE9_M_invokeERKSt9_Any_dataOc
FN:283,_ZNSt17_Function_handlerIFbcENSt8__detail11_AnyMatcherINSt7__cxx1112regex_traitsIcEELb0ELb1ELb1EEEE9_M_invokeERKSt9_Any_dataOc
FNDA:0,_ZNSt17_Function_handlerIFbcENSt8__detail11_AnyMatcherINSt7__cxx1112regex_traitsIcEELb0ELb1ELb1EEEE9_M_invokeERKSt9_Any_dataOc
FN:283,_ZNSt17_Function_handlerIFbcENSt8__detail15_BracketMatcherINSt7__cxx1112regex_traitsIcEELb1ELb0EEEE9_M_invokeERKSt9_Any_dataOc
FNDA:0,_ZNSt17_Function_handlerIFbcENSt8__detail15_BracketMatcherINSt7__cxx1112regex_traitsIcEELb1ELb0EEEE9_M_invokeERKSt9_Any_dataOc
FN:283,_ZNSt17_Function_handlerIFbcENSt8__detail11_AnyMatcherINSt7__cxx1112regex_traitsIcEELb1ELb0ELb0EEEE9_M_invokeERKSt9_Any_dataOc
FNDA:0,_ZNSt17_Function_handlerIFbcENSt8__detail11_AnyMatcherINSt7__cxx1112regex_traitsIcEELb1ELb0ELb0EEEE9_M_invokeERKSt9_Any_dataOc
FN:283,_ZNSt17_Function_handlerIFbcENSt8__detail11_AnyMatcherINSt7__cxx1112regex_traitsIcEELb1ELb0ELb1EEEE9_M_invokeERKSt9_Any_dataOc
FNDA:0,_ZNSt17_Function_handlerIFbcENSt8__detail11_AnyMatcherINSt7__cxx1112regex_traitsIcEELb1ELb0ELb1EEEE9_M_invokeERKSt9_Any_dataOc
FN:283,_ZNSt17_Function_handlerIFbcENSt8__detail15_BracketMatcherINSt7__cxx1112regex_traitsIcEELb0ELb1EEEE9_M_invokeERKSt9_Any_dataOc
FNDA:0,_ZNSt17_Function_handlerIFbcENSt8__detail15_BracketMatcherINSt7__cxx1112regex_traitsIcEELb0ELb1EEEE9_M_invokeERKSt9_Any_dataOc
FN:283,_ZNSt17_Function_handlerIFbcENSt8__detail11_AnyMatcherINSt7__cxx1112regex_traitsIcEELb1ELb1ELb0EEEE9_M_invokeERKSt9_Any_dataOc
FNDA:0,_ZNSt17_Function_handlerIFbcENSt8__detail11_AnyMatcherINSt7__cxx1112regex_traitsIcEELb1ELb1ELb0EEEE9_M_invokeERKSt9_Any_dataOc
FN:283,_ZNSt17_Function_handlerIFbcENSt8__detail11_AnyMatcherINSt7__cxx1112regex_traitsIcEELb1ELb1ELb1EEEE9_M_invokeERKSt9_Any_dataOc
FNDA:0,_ZNSt17_Function_handlerIFbcENSt8__detail11_AnyMatcherINSt7__cxx1112regex_traitsIcEELb1ELb1ELb1EEEE9_M_invokeERKSt9_Any_dataOc
FN:283,_ZNSt17_Function_handlerIFbcENSt8__detail15_BracketMatcherINSt7__cxx1112regex_traitsIcEELb0ELb0EEEE9_M_invokeERKSt9_Any_dataOc
FNDA:0,_ZNSt17_Function_handlerIFbcENSt8__detail15_BracketMatcherINSt7__cxx1112regex_traitsIcEELb0ELb0EEEE9_M_invokeERKSt9_Any_dataOc
FN:283,_ZNSt17_Function_handlerIFbcENSt8__detail12_CharMatcherINSt7__cxx1112regex_traitsIcEELb0ELb0EEEE9_M_invokeERKSt9_Any_dataOc
FNDA:0,_ZNSt17_Function_handlerIFbcENSt8__detail12_CharMatcherINSt7__cxx1112regex_traitsIcEELb0ELb0EEEE9_M_invokeERKSt9_Any_dataOc
FN:283,_ZNSt17_Function_handlerIFbcENSt8__detail12_CharMatcherINSt7__cxx1112regex_traitsIcEELb0ELb1EEEE9_M_invokeERKSt9_Any_dataOc
FNDA:0,_ZNSt17_Function_handlerIFbcENSt8__detail12_CharMatcherINSt7__cxx1112regex_traitsIcEELb0ELb1EEEE9_M_invokeERKSt9_Any_dataOc
FN:283,_ZNSt17_Function_handlerIFbcENSt8__detail12_CharMatcherINSt7__cxx1112regex_traitsIcEELb1ELb1EEEE9_M_invokeERKSt9_Any_dataOc
FNDA:0,_ZNSt17_Function_handlerIFbcENSt8__detail12_CharMatcherINSt7__cxx1112regex_traitsIcEELb1ELb1EEEE9_M_invokeERKSt9_Any_dataOc
FN:480,_ZNSt8functionIFbcEEaSEOS1_
FNDA:0,_ZNSt8functionIFbcEEaSEOS1_
FN:653,_ZNSt8functionIFbcEEC2ERKS1_
FNDA:0,_ZNSt8functionIFbcEEC2ERKS1_
FN:667,_ZNSt8functionIFbcEEC2INSt8__detail15_BracketMatcherINSt7__cxx1112regex_traitsIcEELb1ELb1EEEvvEET_
FNDA:0,_ZNSt8functionIFbcEEC2INSt8__detail15_BracketMatcherINSt7__cxx1112regex_traitsIcEELb1ELb1EEEvvEET_
FN:667,_ZNSt8functionIFbcEEC2INSt8__detail15_BracketMatcherINSt7__cxx1112regex_traitsIcEELb1ELb0EEEvvEET_
FNDA:0,_ZNSt8functionIFbcEEC2INSt8__detail15_BracketMatcherINSt7__cxx1112regex_traitsIcEELb1ELb0EEEvvEET_
FN:667,_ZNSt8functionIFbcEEC2INSt8__detail15_BracketMatcherINSt7__cxx1112regex_traitsIcEELb0ELb1EEEvvEET_
FNDA:0,_ZNSt8functionIFbcEEC2INSt8__detail15_BracketMatcherINSt7__cxx1112regex_traitsIcEELb0ELb1EEEvvEET_
FN:667,_ZNSt8functionIFbcEEC2INSt8__detail15_BracketMatcherINSt7__cxx1112regex_traitsIcEELb0ELb0EEEvvEET_
FNDA:0,_ZNSt8functionIFbcEEC2INSt8__detail15_BracketMatcherINSt7__cxx1112regex_traitsIcEELb0ELb0EEEvvEET_
DA:87,0
DA:88,0
DA:92,0
DA:93,0
DA:97,0
DA:98,0
DA:151,0
DA:155,0
DA:156,0
DA:159,0
DA:165,0
DA:167,0
DA:168,0
DA:182,0
DA:184,0
DA:185,0
DA:196,0
DA:199,0
DA:202,0
DA:203,0
DA:204,0
DA:206,0
DA:207,0
DA:208,0
DA:210,0
DA:211,0
DA:214,0
DA:215,0
DA:216,0
DA:218,0
DA:196,0
DA:199,0
DA:202,0
DA:203,0
DA:204,0
DA:206,0
DA:207,0
DA:208,0
DA:210,0
DA:211,0
DA:214,0
DA:215,0
DA:216,0
DA:218,0
DA:196,0
DA:199,0
DA:202,0
DA:203,0
DA:204,0
DA:206,0
DA:207,0
DA:208,0
DA:210,0
DA:211,0
DA:214,0
DA:215,0
DA:216,0
DA:218,0
DA:196,0
DA:199,0
DA:202,0
DA:203,0
DA:204,0
DA:206,0
DA:207,0
DA:208,0
DA:210,0
DA:211,0
DA:214,0
DA:215,0
DA:216,0
DA:218,0
DA:196,0
DA:199,0
DA:202,0
DA:203,0
DA:204,0
DA:206,0
DA:207,0
DA:208,0
DA:211,0
DA:215,0
DA:218,0
DA:196,0
DA:199,0
DA:202,0
DA:203,0
DA:204,0
DA:206,0
DA:207,0
DA:208,0
DA:211,0
DA:215,0
DA:218,0
DA:196,0
DA:199,0
DA:202,0
DA:203,0
DA:204,0
DA:206,0
DA:207,0
DA:208,0
DA:211,0
DA:215,0
DA:218,0
DA:196,0
DA:199,0
DA:202,0
DA:203,0
DA:204,0
DA:206,0
DA:207,0
DA:208,0
DA:211,0
DA:215,0
DA:218,0
DA:196,0
DA:199,0
DA:202,0
DA:203,0
DA:204,0
DA:206,0
DA:207,0
DA:208,0
DA:211,0
DA:215,0
DA:218,0
DA:196,0
DA:199,0
DA:202,0
DA:203,0
DA:204,0
DA:206,0
DA:207,0
DA:208,0
DA:211,0
DA:215,0
DA:218,0
DA:196,0
DA:199,0
DA:202,0
DA:203,0
DA:204,0
DA:206,0
DA:207,0
DA:208,0
DA:211,0
DA:215,0
DA:218,0
DA:196,0
DA:199,0
DA:202,0
DA:203,0
DA:204,0
DA:206,0
DA:207,0
DA:208,0
DA:215,0
DA:218,0
DA:196,0
DA:199,0
DA:202,0
DA:203,0
DA:204,0
DA:206,0
DA:207,0
DA:208,0
DA:211,0
DA:215,0
DA:218,0
DA:196,0
DA:199,0
DA:202,0
DA:203,0
DA:204,0
DA:206,0
DA:207,0
DA:208,0
DA:211,0
DA:215,0
DA:218,0
DA:196,0
DA:199,0
DA:202,0
DA:203,0
DA:204,0
DA:206,0
DA:207,0
DA:208,0
DA:211,0
DA:215,0
DA:218,0
DA:196,0
DA:199,0
DA:202,0
DA:203,0
DA:204,0
DA:206,0
DA:207,0
DA:208,0
DA:215,0
DA:218,0
DA:222,0
DA:223,0
DA:242,0
DA:247,0
DA:248,0
DA:251,0
DA:252,0
DA:255,0
DA:257,0
DA:258,0
DA:259,0
DA:260,0
DA:263,0
DA:283,0
DA:285,0
DA:286,0
DA:283,0
DA:285,0
DA:286,0
DA:283,0
DA:285,0
DA:286,0
DA:283,0
DA:285,0
DA:286,0
DA:283,0
DA:285,0
DA:286,0
DA:283,0
DA:285,0
DA:286,0
DA:283,0
DA:285,0
DA:286,0
DA:283,0
DA:285,0
DA:286,0
DA:283,0
DA:285,0
DA:286,0
DA:283,0
DA:285,0
DA:286,0
DA:283,0
DA:285,0
DA:286,0
DA:283,0
DA:285,0
DA:286,0
DA:283,0
DA:285,0
DA:286,0
DA:283,0
DA:285,0
DA:286,0
DA:283,0
DA:285,0
DA:286,0
DA:283,0
DA:285,0
DA:286,0
DA:369,0
DA:396,0
DA:397,0
DA:423,0
DA:425,0
DA:426,0
DA:480,0
DA:482,0
DA:483,0
DA:547,0
DA:549,0
DA:550,0
DA:551,0
DA:564,0
DA:565,0
DA:653,0
DA:655,0
DA:657,0
DA:659,0
DA:660,0
DA:661,0
DA:663,0
DA:667,0
DA:669,0
DA:673,0
DA:675,0
DA:676,0
DA:677,0
DA:679,0
DA:667,0
DA:669,0
DA:673,0
DA:675,0
DA:676,0
DA:677,0
DA:679,0
DA:667,0
DA:669,0
DA:673,0
DA:675,0
DA:676,0
DA:677,0
DA:679,0
DA:667,0
DA:669,0
DA:673,0
DA:675,0
DA:676,0
DA:677,0
DA:679,0
DA:667,0
DA:669,0
DA:673,0
DA:675,0
DA:676,0
DA:677,0
DA:683,0
DA:686,0
DA:687,0
DA:688,0
end_of_record
SF:/usr/include/x86_64-linux-gnu/bits/string_fortified.h
DA:126,0
DA:128,0
end_of_record
SF:/usr/include/c++/9/bits/regex.h
FN:223,_ZNKSt7__cxx1112regex_traitsIcE9transformIN9__gnu_cxx17__normal_iteratorIPcNS_12basic_stringIcSt11char_traitsIcESaIcEEEEEEESA_T_SC_
FNDA:0,_ZNKSt7__cxx1112regex_traitsIcE9transformIN9__gnu_cxx17__normal_iteratorIPcNS_12basic_stringIcSt11char_traitsIcESaIcEEEEEEESA_T_SC_
FN:223,_ZNKSt7__cxx1112regex_traitsIcE9transformIPcEENS_12basic_stringIcSt11char_traitsIcESaIcEEET_S9_
FNDA:0,_ZNKSt7__cxx1112regex_traitsIcE9transformIPcEENS_12basic_stringIcSt11char_traitsIcESaIcEEET_S9_
FN:247,_ZNKSt7__cxx1112regex_traitsIcE17transform_primaryIPKcEENS_12basic_stringIcSt11char_traitsIcESaIcEEET_SA_
FNDA:0,_ZNKSt7__cxx1112regex_traitsIcE17transform_primaryIPKcEENS_12basic_stringIcSt11char_traitsIcESaIcEEET_SA_
FN:437,_ZNSt7__cxx1111basic_regexIcNS_12regex_traitsIcEEEC2EPKcNSt15regex_constants18syntax_option_typeE
FNDA:0,_ZNSt7__cxx1111basic_regexIcNS_12regex_traitsIcEEEC2EPKcNSt15regex_constants18syntax_option_typeE
FN:503,_ZNSt7__cxx1111basic_regexIcNS_12regex_traitsIcEEEC2IPKcEET_S7_NSt15regex_constants18syntax_option_typeE
FNDA:0,_ZNSt7__cxx1111basic_regexIcNS_12regex_traitsIcEEEC2IPKcEET_S7_NSt15regex_constants18syntax_option_typeE
FN:523,_ZNSt7__cxx1111basic_regexIcNS_12regex_traitsIcEEED2Ev
FNDA:0,_ZNSt7__cxx1111basic_regexIcNS_12regex_traitsIcEEED2Ev
FN:756,_ZNSt7__cxx1111basic_regexIcNS_12regex_traitsIcEEEC2IPKcEET_S7_St6localeNSt15regex_constants18syntax_option_typeE
FNDA:0,_ZNSt7__cxx1111basic_regexIcNS_12regex_traitsIcEEEC2IPKcEET_S7_St6localeNSt15regex_constants18syntax_option_typeE
FN:918,_ZNKSt7__cxx119sub_matchIN9__gnu_cxx17__normal_iteratorIPKcNS_12basic_stringIcSt11char_traitsIcESaIcEEEEEE7compareERKSB_
FNDA:0,_ZNKSt7__cxx119sub_matchIN9__gnu_cxx17__normal_iteratorIPKcNS_12basic_stringIcSt11char_traitsIcESaIcEEEEEE7compareERKSB_
FN:963,_ZNKSt7__cxx119sub_matchIN9__gnu_cxx17__normal_iteratorIPKcNS_12basic_stringIcSt11char_traitsIcESaIcEEEEEE13__string_view7compareESC_
FNDA:0,_ZNKSt7__cxx119sub_matchIN9__gnu_cxx17__normal_iteratorIPKcNS_12basic_stringIcSt11char_traitsIcESaIcEEEEEE13__string_view7compareESC_
FN:2536,_ZNSt7__cxx1114regex_iteratorIN9__gnu_cxx17__normal_iteratorIPKcNS_12basic_stringIcSt11char_traitsIcESaIcEEEEEcNS_12regex_traitsIcEEEC2ESA_SA_RKNS_11basic_regexIcSC_EENSt15regex_constants15match_flag_typeE
FNDA:0,_ZNSt7__cxx1114regex_iteratorIN9__gnu_cxx17__normal_iteratorIPKcNS_12basic_stringIcSt11char_traitsIcESaIcEEEEEcNS_12regex_traitsIcEEEC2ESA_SA_RKNS_11basic_regexIcSC_EENSt15regex_constants15match_flag_typeE
DA:95,0
DA:97,0
DA:101,0
DA:103,0
DA:104,0
DA:108,0
DA:110,0
DA:111,0
DA:130,0
DA:131,0
DA:138,0
DA:142,0
DA:146,0
DA:147,0
DA:157,0
DA:181,0
DA:194,0
DA:197,0
DA:198,0
DA:223,0
DA:226,0
DA:227,0
DA:228,0
DA:223,0
DA:226,0
DA:227,0
DA:228,0
DA:247,0
DA:256,0
DA:257,0
DA:258,0
DA:259,0
DA:359,0
DA:361,0
DA:362,0
DA:370,0
DA:371,0
DA:437,0
DA:438,0
DA:439,0
DA:503,0
DA:505,0
DA:506,0
DA:523,0
DA:524,0
DA:707,0
DA:756,0
DA:758,0
DA:760,0
DA:761,0
DA:863,0
DA:875,0
DA:918,0
DA:919,0
DA:953,0
DA:963,0
DA:965,0
DA:966,0
DA:968,0
DA:969,0
DA:971,0
DA:973,0
DA:985,0
DA:987,0
DA:988,0
DA:989,0
DA:990,0
DA:1026,0
DA:1027,0
DA:1583,0
DA:1635,0
DA:1638,0
DA:1639,0
DA:1647,0
DA:1669,0
DA:1696,0
DA:1697,0
DA:1771,0
DA:1774,0
DA:1775,0
DA:1946,0
DA:1947,0
DA:1950,0
DA:1951,0
DA:1962,0
DA:1963,0
DA:1970,0
DA:1971,0
DA:2217,0
DA:2225,0
DA:2513,0
DA:2527,0
DA:2536,0
DA:2539,0
DA:2541,0
DA:2542,0
DA:2543,0
DA:2552,0
DA:2558,0
end_of_record
SF:/usr/include/c++/9/bits/regex.tcc
FN:48,_ZNSt8__detail17__regex_algo_implIN9__gnu_cxx17__normal_iteratorIPKcNSt7__cxx1112basic_stringIcSt11char_traitsIcESaIcEEEEESaINS5_9sub_matchISB_EEEcNS5_12regex_traitsIcEELNS_20_RegexExecutorPolicyE0ELb0EEEbT_SI_RNS5_13match_resultsISI_T0_EERKNS5_11basic_regexIT1_T2_EENSt15regex_constants15match_flag_typeE
FNDA:0,_ZNSt8__detail17__regex_algo_implIN9__gnu_cxx17__normal_iteratorIPKcNSt7__cxx1112basic_stringIcSt11char_traitsIcESaIcEEEEESaINS5_9sub_matchISB_EEEcNS5_12regex_traitsIcEELNS_20_RegexExecutorPolicyE0ELb0EEEbT_SI_RNS5_13match_resultsISI_T0_EERKNS5_11basic_regexIT1_T2_EENSt15regex_constants15match_flag_typeE
FN:126,_ZNKSt7__cxx1112regex_traitsIcE18lookup_collatenameIPKcEENS_12basic_stringIcSt11char_traitsIcESaIcEEET_SA_
FNDA:0,_ZNKSt7__cxx1112regex_traitsIcE18lookup_collatenameIPKcEENS_12basic_stringIcSt11char_traitsIcESaIcEEET_SA_
FN:282,_ZNKSt7__cxx1112regex_traitsIcE16lookup_classnameIPKcEENS1_10_RegexMaskET_S6_b
FNDA:0,_ZNKSt7__cxx1112regex_traitsIcE16lookup_classnameIPKcEENS1_10_RegexMaskET_S6_b
FN:326,_ZNKSt7__cxx1112regex_traitsIcE7isctypeEcNS1_10_RegexMaskE
FNDA:0,_ZNKSt7__cxx1112regex_traitsIcE7isctypeEcNS1_10_RegexMaskE
FN:340,_ZNKSt7__cxx1112regex_traitsIcE5valueEci
FNDA:0,_ZNKSt7__cxx1112regex_traitsIcE5valueEci
FN:502,_ZNKSt7__cxx1114regex_iteratorIN9__gnu_cxx17__normal_iteratorIPKcNS_12basic_stringIcSt11char_traitsIcESaIcEEEEEcNS_12regex_traitsIcEEEeqERKSD_
FNDA:0,_ZNKSt7__cxx1114regex_iteratorIN9__gnu_cxx17__normal_iteratorIPKcNS_12basic_stringIcSt11char_traitsIcESaIcEEEEEcNS_12regex_traitsIcEEEeqERKSD_
FN:518,_ZNSt7__cxx1114regex_iteratorIN9__gnu_cxx17__normal_iteratorIPKcNS_12basic_stringIcSt11char_traitsIcESaIcEEEEEcNS_12regex_traitsIcEEEppEv
FNDA:0,_ZNSt7__cxx1114regex_iteratorIN9__gnu_cxx17__normal_iteratorIPKcNS_12basic_stringIcSt11char_traitsIcESaIcEEEEEcNS_12regex_traitsIcEEEppEv
DA:48,0
DA:54,0
DA:57,0
DA:58,0
DA:59,0
DA:60,0
DA:61,0
DA:64,0
DA:69,0
DA:73,0
DA:78,0
DA:82,0
DA:84,0
DA:86,0
DA:87,0
DA:88,0
DA:89,0
DA:90,0
DA:102,0
DA:103,0
DA:104,0
DA:105,0
DA:106,0
DA:107,0
DA:112,0
DA:113,0
DA:115,0
DA:116,0
DA:126,0
DA:130,0
DA:264,0
DA:265,0
DA:266,0
DA:268,0
DA:269,0
DA:270,0
DA:271,0
DA:276,0
DA:282,0
DA:286,0
DA:308,0
DA:309,0
DA:310,0
DA:312,0
DA:313,0
DA:316,0
DA:317,0
DA:318,0
DA:319,0
DA:321,0
DA:326,0
DA:330,0
DA:332,0
DA:334,0
DA:335,0
DA:340,0
DA:343,0
DA:345,0
DA:346,0
DA:347,0
DA:348,0
DA:349,0
DA:350,0
DA:502,0
DA:505,0
DA:507,0
DA:508,0
DA:509,0
DA:510,0
DA:511,0
DA:518,0
DA:527,0
DA:529,0
DA:530,0
DA:531,0
DA:533,0
DA:535,0
DA:536,0
DA:540,0
DA:546,0
DA:547,0
DA:548,0
DA:550,0
DA:551,0
DA:554,0
DA:557,0
DA:558,0
DA:561,0
DA:562,0
DA:563,0
DA:565,0
DA:568,0
end_of_record
SF:/workspace/vtr-verilog-to-routing/ODIN_II/SRC/odin_util.cpp
FN:46,_Z16make_signal_namePci
FNDA:0,_Z16make_signal_namePci
FN:61,_Z18make_full_ref_namePKcPcS1_S0_l
FNDA:0,_Z18make_full_ref_namePKcPcS1_S0_l
FN:80,_Z15twos_complementPc
FNDA:0,_Z15twos_complementPc
FN:108,_Z37convert_string_of_radix_to_bit_stringPcii
FNDA:0,_Z37convert_string_of_radix_to_bit_stringPcii
FN:137,_Z31convert_long_long_to_bit_stringxi
FNDA:0,_Z31convert_long_long_to_bit_stringxi
FN:158,_Z39convert_dec_string_of_size_to_long_longPci
FNDA:0,_Z39convert_dec_string_of_size_to_long_longPci
FN:171,_Z36convert_string_of_radix_to_long_longPci
FNDA:0,_Z36convert_string_of_radix_to_long_longPci
FN:189,_Z18is_string_of_radixPci
FNDA:0,_Z18is_string_of_radixPci
FN:207,_Z40convert_hex_string_of_size_to_bit_stringsPci
FNDA:0,_Z40convert_hex_string_of_size_to_bit_stringsPci
FN:313,_Z40convert_oct_string_of_size_to_bit_stringPci
FNDA:0,_Z40convert_oct_string_of_size_to_bit_stringPci
FN:366,_Z43convert_binary_string_of_size_to_bit_stringsPci
FNDA:0,_Z43convert_binary_string_of_size_to_bit_stringsPci
FN:401,_Z13is_hex_stringPc
FNDA:0,_Z13is_hex_stringPc
FN:414,_Z19is_dont_care_stringPc
FNDA:0,_Z19is_dont_care_stringPc
FN:427,_Z17is_decimal_stringPc
FNDA:0,_Z17is_decimal_stringPc
FN:440,_Z15is_octal_stringPc
FNDA:0,_Z15is_octal_stringPc
FN:453,_Z16is_binary_stringPc
FNDA:0,_Z16is_binary_stringPc
FN:469,_Z12get_pin_namePc
FNDA:0,_Z12get_pin_namePc
FN:482,_Z13get_port_namePc
FNDA:0,_Z13get_port_namePc
FN:499,_Z14get_pin_numberPc
FNDA:0,_Z14get_pin_numberPc
FN:517,_Z8my_powerxx
FNDA:0,_Z8my_powerxx
FN:533,_Z23make_string_based_on_idP9nnode_t_t
FNDA:0,_Z23make_string_based_on_idP9nnode_t_t
FN:544,_Z16make_simple_nameB5cxx11PcPKcc
FNDA:0,_Z16make_simple_nameB5cxx11PcPKcc
FN:561,_Z16my_malloc_structm
FNDA:0,_Z16my_malloc_structm
FN:584,_Z4pow2i
FNDA:0,_Z4pow2i
FN:600,_Z15string_to_upperPc
FNDA:0,_Z15string_to_upperPc
FN:615,_Z15string_to_lowerPc
FNDA:0,_Z15string_to_lowerPc
FN:634,_Z13append_stringPKcS0_z
FNDA:0,_Z13append_stringPKcS0_z
FN:652,_Z14reverse_stringPci
FNDA:0,_Z14reverse_stringPci
FN:667,_Z7get_bitc
FNDA:0,_Z7get_bitc
FN:678,_Z13error_messagesiiPKcz
FNDA:0,_Z13error_messagesiiPKcz
FN:705,_Z15warning_messagesiiPKcz
FNDA:0,_Z15warning_messagesiiPKcz
FN:735,_Z14search_replacePcPKcS1_i
FNDA:0,_Z14search_replacePcPKcS1_i
FN:756,_Z14find_substringPcPKci
FNDA:0,_Z14find_substringPcPKci
FN:784,_Z21validate_string_regexPKcS0_
FNDA:0,_Z21validate_string_regexPKcS0_
DA:46,0
DA:48,0
DA:49,0
DA:50,0
DA:51,0
DA:52,0
DA:61,0
DA:64,0
DA:65,0
DA:66,0
DA:67,0
DA:68,0
DA:69,0
DA:70,0
DA:71,0
DA:73,0
DA:80,0
DA:82,0
DA:83,0
DA:84,0
DA:86,0
DA:88,0
DA:89,0
DA:91,0
DA:92,0
DA:94,0
DA:108,0
DA:110,0
DA:112,0
DA:114,0
DA:116,0
DA:117,0
DA:119,0
DA:121,0
DA:123,0
DA:125,0
DA:137,0
DA:139,0
DA:140,0
DA:141,0
DA:143,0
DA:145,0
DA:146,0
DA:147,0
DA:149,0
DA:151,0
DA:158,0
DA:160,0
DA:161,0
DA:163,0
DA:164,0
DA:165,0
DA:166,0
DA:168,0
DA:171,0
DA:173,0
DA:174,0
DA:177,0
DA:178,0
DA:179,0
DA:186,0
DA:189,0
DA:191,0
DA:192,0
DA:193,0
DA:194,0
DA:195,0
DA:196,0
DA:197,0
DA:198,0
DA:207,0
DA:209,0
DA:210,0
DA:211,0
DA:212,0
DA:214,0
DA:215,0
DA:216,0
DA:219,0
DA:223,0
DA:225,0
DA:227,0
DA:228,0
DA:229,0
DA:231,0
DA:232,0
DA:233,0
DA:234,0
DA:235,0
DA:238,0
DA:241,0
DA:243,0
DA:244,0
DA:245,0
DA:249,0
DA:251,0
DA:253,0
DA:254,0
DA:257,0
DA:258,0
DA:259,0
DA:260,0
DA:261,0
DA:262,0
DA:263,0
DA:269,0
DA:273,0
DA:274,0
DA:275,0
DA:279,0
DA:281,0
DA:283,0
DA:284,0
DA:285,0
DA:288,0
DA:290,0
DA:292,0
DA:293,0
DA:306,0
DA:313,0
DA:315,0
DA:316,0
DA:318,0
DA:319,0
DA:320,0
DA:323,0
DA:327,0
DA:329,0
DA:331,0
DA:332,0
DA:333,0
DA:335,0
DA:336,0
DA:337,0
DA:338,0
DA:339,0
DA:342,0
DA:345,0
DA:347,0
DA:348,0
DA:349,0
DA:353,0
DA:355,0
DA:357,0
DA:358,0
DA:359,0
DA:366,0
DA:368,0
DA:369,0
DA:371,0
DA:372,0
DA:375,0
DA:378,0
DA:381,0
DA:383,0
DA:384,0
DA:385,0
DA:389,0
DA:391,0
DA:393,0
DA:394,0
DA:395,0
DA:401,0
DA:403,0
DA:404,0
DA:405,0
DA:414,0
DA:416,0
DA:417,0
DA:418,0
DA:427,0
DA:429,0
DA:430,0
DA:431,0
DA:440,0
DA:442,0
DA:443,0
DA:444,0
DA:453,0
DA:455,0
DA:456,0
DA:457,0
DA:469,0
DA:471,0
DA:472,0
DA:474,0
DA:482,0
DA:485,0
DA:487,0
DA:488,0
DA:489,0
DA:490,0
DA:499,0
DA:502,0
DA:503,0
DA:505,0
DA:506,0
DA:509,0
DA:510,0
DA:517,0
DA:519,0
DA:524,0
DA:525,0
DA:533,0
DA:536,0
DA:538,0
DA:544,0
DA:546,0
DA:547,0
DA:549,0
DA:550,0
DA:552,0
DA:553,0
DA:555,0
DA:561,0
DA:563,0
DA:564,0
DA:569,0
DA:571,0
DA:572,0
DA:576,0
DA:578,0
DA:584,0
DA:586,0
DA:587,0
DA:589,0
DA:591,0
DA:594,0
DA:600,0
DA:602,0
DA:605,0
DA:607,0
DA:610,0
DA:615,0
DA:617,0
DA:620,0
DA:622,0
DA:625,0
DA:634,0
DA:636,0
DA:638,0
DA:640,0
DA:641,0
DA:642,0
DA:644,0
DA:645,0
DA:652,0
DA:654,0
DA:655,0
DA:656,0
DA:658,0
DA:659,0
DA:660,0
DA:662,0
DA:667,0
DA:668,0
DA:669,0
DA:670,0
DA:671,0
DA:678,0
DA:680,0
DA:682,0
DA:684,0
DA:685,0
DA:686,0
DA:687,0
DA:688,0
DA:689,0
DA:691,0
DA:692,0
DA:693,0
DA:694,0
DA:697,0
DA:699,0
DA:705,0
DA:707,0
DA:708,0
DA:709,0
DA:710,0
DA:712,0
DA:713,0
DA:714,0
DA:717,0
DA:718,0
DA:719,0
DA:720,0
DA:721,0
DA:722,0
DA:723,0
DA:725,0
DA:726,0
DA:727,0
DA:730,0
DA:731,0
DA:735,0
DA:737,0
DA:738,0
DA:739,0
DA:740,0
DA:741,0
DA:743,0
DA:744,0
DA:745,0
DA:747,0
DA:748,0
DA:749,0
DA:756,0
DA:760,0
DA:761,0
DA:762,0
DA:763,0
DA:764,0
DA:765,0
DA:766,0
DA:767,0
DA:769,0
DA:770,0
DA:771,0
DA:772,0
DA:773,0
DA:774,0
DA:779,0
DA:781,0
DA:784,0
DA:786,0
DA:787,0
DA:789,0
DA:790,0
DA:791,0
DA:792,0
end_of_record
SF:/usr/include/c++/9/bits/regex_scanner.h
FN:91,_ZNSt8__detail12_ScannerBaseC2ENSt15regex_constants18syntax_option_typeE
FNDA:0,_ZNSt8__detail12_ScannerBaseC2ENSt15regex_constants18syntax_option_typeE
DA:91,0
DA:92,0
DA:94,0
DA:95,0
DA:97,0
DA:98,0
DA:99,0
DA:100,0
DA:101,0
DA:102,0
DA:103,0
DA:104,0
DA:105,0
DA:106,0
DA:107,0
DA:108,0
DA:110,0
DA:111,0
DA:115,0
DA:117,0
DA:118,0
DA:119,0
DA:120,0
DA:125,0
DA:126,0
DA:129,0
DA:130,0
DA:145,0
DA:146,0
DA:210,0
DA:226,0
DA:230,0
DA:231,0
end_of_record
SF:/usr/include/c++/9/ostream
DA:108,0
DA:113,0
DA:127,0
DA:132,0
DA:166,0
DA:167,0
DA:565,0
DA:568,0
DA:570,0
DA:571,0
end_of_record
