TN:
SF:/usr/include/c++/9/iostream
end_of_record
SF:/workspace/vtr-verilog-to-routing/ODIN_II/SRC/Modulo.cpp
FN:47,_Z19resolve_modulo_nodeP7nnode_tmP9netlist_t
FNDA:0,_Z19resolve_modulo_nodeP7nnode_tmP9netlist_t
DA:47,0
DA:48,0
DA:57,0
DA:58,0
end_of_record
TN:
SF:/usr/include/c++/9/bits/stl_algobase.h
DA:222,0
DA:227,0
DA:228,0
end_of_record
SF:/workspace/vtr-verilog-to-routing/ODIN_II/SRC/LogicalOps.cpp
FN:45,_Z26prune_logical_node_outputsP7nnode_tmP9netlist_t
FNDA:0,_Z26prune_logical_node_outputsP7nnode_tmP9netlist_t
FN:129,_Z25split_in_single_bit_logicP7nnode_tmP9netlist_t
FNDA:0,_Z25split_in_single_bit_logicP7nnode_tmP9netlist_t
DA:45,0
DA:46,0
DA:47,0
DA:48,0
DA:51,0
DA:52,0
DA:53,0
DA:56,0
DA:58,0
DA:59,0
DA:60,0
DA:63,0
DA:64,0
DA:65,0
DA:68,0
DA:70,0
DA:72,0
DA:73,0
DA:75,0
DA:76,0
DA:80,0
DA:81,0
DA:82,0
DA:84,0
DA:85,0
DA:92,0
DA:94,0
DA:96,0
DA:98,0
DA:101,0
DA:104,0
DA:105,0
DA:106,0
DA:109,0
DA:110,0
DA:112,0
DA:117,0
DA:129,0
DA:130,0
DA:131,0
DA:132,0
DA:135,0
DA:136,0
DA:137,0
DA:140,0
DA:142,0
DA:143,0
DA:144,0
DA:146,0
DA:148,0
DA:149,0
DA:150,0
DA:153,0
DA:156,0
DA:157,0
DA:159,0
DA:160,0
DA:164,0
DA:165,0
DA:166,0
DA:168,0
DA:169,0
DA:175,0
DA:176,0
DA:178,0
DA:180,0
DA:181,0
DA:182,0
DA:183,0
DA:185,0
DA:187,0
DA:189,0
DA:194,0
DA:195,0
DA:196,0
DA:198,0
DA:200,0
DA:205,0
end_of_record
SF:/usr/include/c++/9/iostream
end_of_record
TN:
SF:/usr/include/c++/9/iostream
end_of_record
SF:/workspace/vtr-verilog-to-routing/ODIN_II/SRC/Latch.cpp
FN:50,_Z19resolve_dlatch_nodeP7nnode_tmP9netlist_t
FNDA:0,_Z19resolve_dlatch_nodeP7nnode_tmP9netlist_t
FN:96,_Z20resolve_adlatch_nodeP7nnode_tmP9netlist_t
FNDA:0,_Z20resolve_adlatch_nodeP7nnode_tmP9netlist_t
FN:210,_Z15resolve_sr_nodeP7nnode_tmP9netlist_t
FNDA:0,_Z15resolve_sr_nodeP7nnode_tmP9netlist_t
DA:50,0
DA:51,0
DA:52,0
DA:55,0
DA:62,0
DA:63,0
DA:67,0
DA:69,0
DA:74,0
DA:76,0
DA:83,0
DA:84,0
DA:96,0
DA:97,0
DA:98,0
DA:99,0
DA:102,0
DA:105,0
DA:113,0
DA:114,0
DA:115,0
DA:121,0
DA:123,0
DA:125,0
DA:131,0
DA:133,0
DA:134,0
DA:139,0
DA:140,0
DA:142,0
DA:144,0
DA:145,0
DA:147,0
DA:148,0
DA:149,0
DA:150,0
DA:152,0
DA:154,0
DA:156,0
DA:159,0
DA:162,0
DA:166,0
DA:167,0
DA:168,0
DA:169,0
DA:174,0
DA:178,0
DA:179,0
DA:184,0
DA:189,0
DA:191,0
DA:198,0
DA:199,0
DA:210,0
DA:211,0
DA:212,0
DA:213,0
DA:220,0
DA:221,0
DA:223,0
DA:224,0
DA:229,0
DA:231,0
DA:233,0
DA:238,0
DA:245,0
DA:251,0
DA:253,0
DA:255,0
DA:260,0
DA:267,0
DA:273,0
DA:279,0
DA:282,0
DA:286,0
DA:287,0
end_of_record
TN:
SF:/usr/include/c++/9/iostream
end_of_record
SF:/workspace/vtr-verilog-to-routing/ODIN_II/SRC/FlipFlop.cpp
FN:53,_Z16resolve_dff_nodeP7nnode_tmP9netlist_t
FNDA:0,_Z16resolve_dff_nodeP7nnode_tmP9netlist_t
FN:92,_Z17resolve_sdff_nodeP7nnode_tmP9netlist_t
FNDA:0,_Z17resolve_sdff_nodeP7nnode_tmP9netlist_t
FN:166,_Z17resolve_dffe_nodeP7nnode_tmP9netlist_t
FNDA:0,_Z17resolve_dffe_nodeP7nnode_tmP9netlist_t
FN:240,_Z18resolve_sdffe_nodeP7nnode_tmP9netlist_t
FNDA:0,_Z18resolve_sdffe_nodeP7nnode_tmP9netlist_t
FN:342,_Z19resolve_sdffce_nodeP7nnode_tmP9netlist_t
FNDA:0,_Z19resolve_sdffce_nodeP7nnode_tmP9netlist_t
FN:446,_Z18resolve_dffsr_nodeP7nnode_tmP9netlist_t
FNDA:0,_Z18resolve_dffsr_nodeP7nnode_tmP9netlist_t
FN:539,_Z19resolve_dffsre_nodeP7nnode_tmP9netlist_t
FNDA:0,_Z19resolve_dffsre_nodeP7nnode_tmP9netlist_t
DA:53,0
DA:54,0
DA:55,0
DA:61,0
DA:62,0
DA:63,0
DA:65,0
DA:66,0
DA:69,0
DA:70,0
DA:71,0
DA:72,0
DA:79,0
DA:80,0
DA:92,0
DA:93,0
DA:94,0
DA:95,0
DA:98,0
DA:106,0
DA:107,0
DA:108,0
DA:114,0
DA:116,0
DA:118,0
DA:119,0
DA:122,0
DA:126,0
DA:127,0
DA:132,0
DA:139,0
DA:140,0
DA:143,0
DA:144,0
DA:145,0
DA:152,0
DA:153,0
DA:154,0
DA:166,0
DA:167,0
DA:168,0
DA:169,0
DA:172,0
DA:180,0
DA:181,0
DA:182,0
DA:188,0
DA:190,0
DA:192,0
DA:195,0
DA:199,0
DA:200,0
DA:201,0
DA:202,0
DA:207,0
DA:214,0
DA:215,0
DA:218,0
DA:219,0
DA:220,0
DA:227,0
DA:228,0
DA:240,0
DA:241,0
DA:242,0
DA:243,0
DA:246,0
DA:249,0
DA:258,0
DA:259,0
DA:260,0
DA:261,0
DA:267,0
DA:269,0
DA:271,0
DA:277,0
DA:279,0
DA:281,0
DA:282,0
DA:285,0
DA:289,0
DA:290,0
DA:291,0
DA:292,0
DA:298,0
DA:303,0
DA:304,0
DA:310,0
DA:316,0
DA:317,0
DA:320,0
DA:321,0
DA:322,0
DA:328,0
DA:329,0
DA:330,0
DA:342,0
DA:343,0
DA:344,0
DA:345,0
DA:348,0
DA:351,0
DA:360,0
DA:361,0
DA:362,0
DA:363,0
DA:369,0
DA:371,0
DA:373,0
DA:374,0
DA:380,0
DA:382,0
DA:384,0
DA:387,0
DA:391,0
DA:392,0
DA:398,0
DA:403,0
DA:404,0
DA:405,0
DA:412,0
DA:419,0
DA:420,0
DA:423,0
DA:424,0
DA:425,0
DA:432,0
DA:433,0
DA:434,0
DA:446,0
DA:447,0
DA:448,0
DA:449,0
DA:457,0
DA:458,0
DA:459,0
DA:460,0
DA:461,0
DA:463,0
DA:468,0
DA:470,0
DA:472,0
DA:477,0
DA:484,0
DA:490,0
DA:492,0
DA:494,0
DA:499,0
DA:506,0
DA:512,0
DA:513,0
DA:516,0
DA:517,0
DA:518,0
DA:525,0
DA:526,0
DA:539,0
DA:540,0
DA:541,0
DA:542,0
DA:552,0
DA:553,0
DA:554,0
DA:555,0
DA:556,0
DA:557,0
DA:559,0
DA:564,0
DA:566,0
DA:568,0
DA:573,0
DA:574,0
DA:575,0
DA:576,0
DA:582,0
DA:588,0
DA:590,0
DA:592,0
DA:597,0
DA:604,0
DA:610,0
DA:612,0
DA:614,0
DA:619,0
DA:626,0
DA:632,0
DA:633,0
DA:636,0
DA:637,0
DA:638,0
DA:645,0
DA:646,0
end_of_record
TN:
SF:/usr/include/c++/9/iostream
end_of_record
SF:/workspace/vtr-verilog-to-routing/ODIN_II/SRC/Division.cpp
FN:62,_Z19resolve_divide_nodeP7nnode_tmP9netlist_t
FNDA:0,_Z19resolve_divide_nodeP7nnode_tmP9netlist_t
FN:173,_ZL18implement_divisionP7nnode_tPP13signal_list_tP9netlist_t
FNDA:0,_ZL18implement_divisionP7nnode_tPP13signal_list_tP9netlist_t
FN:386,_ZL23connect_div_output_pinsP7nnode_tPP13signal_list_tmP9netlist_t
FNDA:0,_ZL23connect_div_output_pinsP7nnode_tPP13signal_list_tmP9netlist_t
FN:681,_ZL21CR_output_signal_initv
FNDA:0,_ZL21CR_output_signal_initv
DA:62,0
DA:63,0
DA:83,0
DA:86,0
DA:89,0
DA:92,0
DA:93,0
DA:173,0
DA:175,0
DA:176,0
DA:187,0
DA:188,0
DA:189,0
DA:191,0
DA:192,0
DA:195,0
DA:198,0
DA:201,0
DA:204,0
DA:244,0
DA:245,0
DA:247,0
DA:249,0
DA:252,0
DA:260,0
DA:261,0
DA:264,0
DA:265,0
DA:266,0
DA:269,0
DA:271,0
DA:272,0
DA:273,0
DA:274,0
DA:278,0
DA:279,0
DA:282,0
DA:284,0
DA:286,0
DA:288,0
DA:290,0
DA:291,0
DA:293,0
DA:295,0
DA:297,0
DA:298,0
DA:300,0
DA:301,0
DA:304,0
DA:306,0
DA:309,0
DA:311,0
DA:313,0
DA:315,0
DA:317,0
DA:322,0
DA:328,0
DA:330,0
DA:333,0
DA:335,0
DA:339,0
DA:347,0
DA:352,0
DA:353,0
DA:355,0
DA:357,0
DA:359,0
DA:361,0
DA:362,0
DA:364,0
DA:366,0
DA:369,0
DA:370,0
DA:371,0
DA:373,0
DA:386,0
DA:387,0
DA:389,0
DA:390,0
DA:393,0
DA:394,0
DA:396,0
DA:397,0
DA:399,0
DA:400,0
DA:401,0
DA:403,0
DA:404,0
DA:406,0
DA:408,0
DA:409,0
DA:411,0
DA:413,0
DA:416,0
DA:418,0
DA:424,0
DA:426,0
DA:427,0
DA:429,0
DA:431,0
DA:432,0
DA:434,0
DA:437,0
DA:441,0
DA:447,0
DA:448,0
DA:449,0
DA:454,0
DA:459,0
DA:460,0
DA:462,0
DA:463,0
DA:465,0
DA:467,0
DA:468,0
DA:470,0
DA:472,0
DA:475,0
DA:477,0
DA:483,0
DA:484,0
DA:486,0
DA:488,0
DA:489,0
DA:491,0
DA:494,0
DA:498,0
DA:504,0
DA:505,0
DA:506,0
DA:511,0
DA:521,0
DA:522,0
DA:524,0
DA:525,0
DA:681,0
DA:683,0
DA:685,0
DA:686,0
DA:687,0
DA:689,0
DA:691,0
DA:693,0
DA:695,0
DA:696,0
DA:697,0
DA:699,0
DA:701,0
DA:703,0
DA:705,0
DA:706,0
DA:707,0
DA:709,0
DA:711,0
DA:713,0
DA:715,0
end_of_record
TN:
SF:/usr/include/c++/9/iostream
end_of_record
SF:/workspace/vtr-verilog-to-routing/ODIN_II/SRC/CaseEqual.cpp
FN:47,_Z23resolve_case_equal_nodeP7nnode_tmP9netlist_t
FNDA:0,_Z23resolve_case_equal_nodeP7nnode_tmP9netlist_t
FN:197,_Z27resolve_case_not_equal_nodeP7nnode_tmP9netlist_t
FNDA:0,_Z27resolve_case_not_equal_nodeP7nnode_tmP9netlist_t
DA:47,0
DA:48,0
DA:50,0
DA:93,0
DA:94,0
DA:95,0
DA:96,0
DA:97,0
DA:98,0
DA:100,0
DA:105,0
DA:108,0
DA:111,0
DA:116,0
DA:117,0
DA:118,0
DA:119,0
DA:121,0
DA:123,0
DA:125,0
DA:128,0
DA:134,0
DA:137,0
DA:138,0
DA:141,0
DA:142,0
DA:146,0
DA:147,0
DA:152,0
DA:153,0
DA:154,0
DA:155,0
DA:156,0
DA:158,0
DA:160,0
DA:162,0
DA:165,0
DA:167,0
DA:171,0
DA:176,0
DA:177,0
DA:179,0
DA:180,0
DA:182,0
DA:184,0
DA:197,0
DA:198,0
DA:247,0
DA:249,0
DA:250,0
DA:253,0
DA:254,0
DA:255,0
DA:256,0
DA:258,0
DA:260,0
DA:262,0
DA:264,0
end_of_record
TN:
SF:/usr/include/c++/9/bits/move.h
DA:47,12230700
DA:74,43493900
DA:99,9626930
DA:138,12230700
DA:139,12230700
end_of_record
SF:/usr/include/c++/9/ext/type_traits.h
DA:152,9626930
end_of_record
SF:/usr/include/c++/9/utility
DA:174,22323700
DA:175,22323700
DA:219,22323700
DA:220,22323700
end_of_record
SF:/usr/include/c++/9/bits/alloc_traits.h
DA:443,7056720
DA:444,7056720
DA:469,33593
DA:470,33593
DA:482,7056720
DA:484,7056720
DA:514,9626930
DA:515,9626930
end_of_record
SF:/usr/include/c++/9/ext/new_allocator.h
DA:80,33593
DA:83,9626930
DA:89,12230700
DA:102,7056720
DA:104,7056720
DA:114,7056720
DA:119,33593
DA:128,33593
DA:132,7056720
DA:144,7056720
DA:147,7056720
end_of_record
SF:/usr/include/c++/9/ext/aligned_buffer.h
DA:102,46759000
DA:104,31950600
DA:114,46759000
DA:115,46759000
end_of_record
SF:/usr/include/c++/9/bits/unordered_map.h
DA:304,0
DA:305,0
DA:324,421506
DA:325,421506
DA:346,18106600
DA:347,18106600
DA:387,7056720
DA:388,7056720
DA:797,0
DA:798,0
DA:920,17685100
DA:921,17685100
end_of_record
SF:/usr/include/c++/9/bits/ptr_traits.h
DA:146,12230700
DA:147,12230700
DA:156,7056720
end_of_record
SF:/usr/include/c++/9/bits/char_traits.h
DA:299,10424900
DA:300,797964
DA:315,14808400
DA:317,14808400
DA:325,14808400
DA:361,8828970
DA:363,8828970
DA:365,8828970
end_of_record
SF:/usr/include/c++/9/ext/alloc_traits.h
DA:97,9626930
DA:98,9626930
end_of_record
SF:/usr/include/c++/9/bits/stl_function.h
DA:355,14808400
DA:356,14808400
end_of_record
SF:/usr/include/c++/9/new
DA:173,7056720
DA:174,7056720
end_of_record
SF:/usr/include/c++/9/bits/allocator.h
DA:141,9626930
DA:142,9626930
DA:151,33593
DA:153,12230700
end_of_record
SF:/usr/include/c++/9/bits/hashtable_policy.h
FN:2079,_ZNSt8__detail16_Hashtable_allocISaINS_10_Hash_nodeISt4pairIKNSt7__cxx1112basic_stringIcSt11char_traitsIcESaIcEEEPvELb1EEEEE16_M_allocate_nodeIJRS8_RSA_EEEPSC_DpOT_
FNDA:7056720,_ZNSt8__detail16_Hashtable_allocISaINS_10_Hash_nodeISt4pairIKNSt7__cxx1112basic_stringIcSt11char_traitsIcESaIcEEEPvELb1EEEEE16_M_allocate_nodeIJRS8_RSA_EEEPSC_DpOT_
DA:92,22323700
DA:94,22323700
DA:218,7056720
DA:229,7056720
DA:236,46759000
DA:237,46759000
DA:244,7515330
DA:245,24893900
DA:264,7056720
DA:269,21591600
DA:294,42848400
DA:295,14808400
DA:298,2570210
DA:299,2570210
DA:311,20676800
DA:340,42848400
DA:341,42848400
DA:344,2570210
DA:345,2570210
DA:348,14808400
DA:349,14808400
DA:352,2570210
DA:354,2570210
DA:355,2570210
DA:391,0
DA:393,0
DA:431,46792000
DA:433,46792000
DA:476,7056720
DA:477,7056720
DA:484,0
DA:485,0
DA:1104,97778200
DA:1108,21662400
DA:1380,24741800
DA:1384,24741800
DA:1388,25200400
DA:1390,25200400
DA:1393,21591600
DA:1396,21591600
DA:1399,7056720
DA:1400,7056720
DA:1415,26244400
DA:1418,7515330
DA:1421,24741800
DA:1427,46792000
DA:1448,26244400
DA:1450,14808400
DA:1829,26244400
DA:1834,26244400
DA:1846,26244400
DA:2046,14147000
DA:2047,7056720
DA:2079,7056720
DA:2081,7056720
DA:2082,7056720
DA:2085,7056720
DA:2086,7056720
DA:2089,7056720
DA:2091,0
DA:2093,0
DA:2094,0
DA:2142,33593
DA:2146,33593
DA:2147,33593
DA:2148,33593
DA:2149,33593
end_of_record
SF:/usr/include/c++/9/iostream
end_of_record
SF:/workspace/vtr-verilog-to-routing/ODIN_II/SRC/Hashtable.cpp
FN:31,_ZN9Hashtable18destroy_free_itemsEv
FNDA:421506,_ZN9Hashtable18destroy_free_itemsEv
FN:36,_ZN9Hashtable3addENSt7__cxx1112basic_stringIcSt11char_traitsIcESaIcEEEPv
FNDA:7056720,_ZN9Hashtable3addENSt7__cxx1112basic_stringIcSt11char_traitsIcESaIcEEEPv
FN:40,_ZN9Hashtable6removeENSt7__cxx1112basic_stringIcSt11char_traitsIcESaIcEEE
FNDA:0,_ZN9Hashtable6removeENSt7__cxx1112basic_stringIcSt11char_traitsIcESaIcEEE
FN:50,_ZN9Hashtable3getENSt7__cxx1112basic_stringIcSt11char_traitsIcESaIcEEE
FNDA:17685100,_ZN9Hashtable3getENSt7__cxx1112basic_stringIcSt11char_traitsIcESaIcEEE
FN:59,_ZN9Hashtable8is_emptyEv
FNDA:0,_ZN9Hashtable8is_emptyEv
DA:31,421506
DA:32,2991720
DA:33,2570210
DA:34,421506
DA:36,7056720
DA:37,7056720
DA:38,7056720
DA:40,0
DA:41,0
DA:42,0
DA:43,0
DA:44,0
DA:45,0
DA:47,0
DA:50,17685100
DA:51,17685100
DA:52,17685100
DA:53,17685100
DA:54,14808400
DA:56,17685100
DA:59,0
DA:60,0
end_of_record
SF:/usr/include/c++/9/bits/basic_string.h
FN:6149,_ZSteqIcEN9__gnu_cxx11__enable_ifIXsrSt9__is_charIT_E7__valueEbE6__typeERKNSt7__cxx1112basic_stringIS3_St11char_traitsIS3_ESaIS3_EEESE_
FNDA:14808400,_ZSteqIcEN9__gnu_cxx11__enable_ifIXsrSt9__is_charIT_E7__valueEbE6__typeERKNSt7__cxx1112basic_stringIS3_St11char_traitsIS3_ESaIS3_EEESE_
DA:150,2570210
DA:159,9626930
DA:160,9626930
DA:178,4341310
DA:179,4341310
DA:182,9626930
DA:183,9626930
DA:186,71001200
DA:190,9626930
DA:193,9626930
DA:200,2570210
DA:203,2570210
DA:210,4341310
DA:211,4341310
DA:214,9626930
DA:216,9626930
DA:217,9626930
DA:221,2570210
DA:222,2570210
DA:229,2570210
DA:231,2570210
DA:232,2570210
DA:236,0
DA:237,0
DA:243,9626930
DA:247,9626930
DA:263,9626930
DA:266,19253900
DA:286,0
DA:287,0
DA:290,9626930
DA:291,9626930
DA:346,9626930
DA:348,9626930
DA:349,797964
DA:351,9626930
DA:392,9626930
DA:393,9626930
DA:448,9626930
DA:450,9626930
DA:451,9626930
DA:657,2570210
DA:658,2570210
DA:930,29616800
DA:936,9626930
DA:2312,39550200
DA:2313,39550200
DA:6149,14808400
DA:6151,14808400
DA:6152,14808400
DA:6153,14808400
DA:6734,24741800
DA:6735,24741800
end_of_record
SF:/usr/include/c++/9/bits/functional_hash.h
DA:195,24741800
DA:197,24741800
end_of_record
SF:/usr/include/c++/9/bits/hashtable.h
FN:1412,_ZNSt10_HashtableINSt7__cxx1112basic_stringIcSt11char_traitsIcESaIcEEESt4pairIKS5_PvESaIS9_ENSt8__detail10_Select1stESt8equal_toIS5_ESt4hashIS5_ENSB_18_Mod_range_hashingENSB_20_Default_ranged_hashENSB_20_Prime_rehash_policyENSB_17_Hashtable_traitsILb1ELb0ELb1EEEE4findERS7_
FNDA:17685100,_ZNSt10_HashtableINSt7__cxx1112basic_stringIcSt11char_traitsIcESaIcEEESt4pairIKS5_PvESaIS9_ENSt8__detail10_Select1stESt8equal_toIS5_ESt4hashIS5_ENSB_18_Mod_range_hashingENSB_20_Default_ranged_hashENSB_20_Prime_rehash_policyENSB_17_Hashtable_traitsILb1ELb0ELb1EEEE4findERS7_
FN:1532,_ZNKSt10_HashtableINSt7__cxx1112basic_stringIcSt11char_traitsIcESaIcEEESt4pairIKS5_PvESaIS9_ENSt8__detail10_Select1stESt8equal_toIS5_ESt4hashIS5_ENSB_18_Mod_range_hashingENSB_20_Default_ranged_hashENSB_20_Prime_rehash_policyENSB_17_Hashtable_traitsILb1ELb0ELb1EEEE19_M_find_before_nodeEmRS7_m
FNDA:24741800,_ZNKSt10_HashtableINSt7__cxx1112basic_stringIcSt11char_traitsIcESaIcEEESt4pairIKS5_PvESaIS9_ENSt8__detail10_Select1stESt8equal_toIS5_ESt4hashIS5_ENSB_18_Mod_range_hashingENSB_20_Default_ranged_hashENSB_20_Prime_rehash_policyENSB_17_Hashtable_traitsILb1ELb0ELb1EEEE19_M_find_before_nodeEmRS7_m
FN:1560,_ZNSt10_HashtableINSt7__cxx1112basic_stringIcSt11char_traitsIcESaIcEEESt4pairIKS5_PvESaIS9_ENSt8__detail10_Select1stESt8equal_toIS5_ESt4hashIS5_ENSB_18_Mod_range_hashingENSB_20_Default_ranged_hashENSB_20_Prime_rehash_policyENSB_17_Hashtable_traitsILb1ELb0ELb1EEEE22_M_insert_bucket_beginEmPNSB_10_Hash_nodeIS9_Lb1EEE
FNDA:7056720,_ZNSt10_HashtableINSt7__cxx1112basic_stringIcSt11char_traitsIcESaIcEEESt4pairIKS5_PvESaIS9_ENSt8__detail10_Select1stESt8equal_toIS5_ESt4hashIS5_ENSB_18_Mod_range_hashingENSB_20_Default_ranged_hashENSB_20_Prime_rehash_policyENSB_17_Hashtable_traitsILb1ELb0ELb1EEEE22_M_insert_bucket_beginEmPNSB_10_Hash_nodeIS9_Lb1EEE
FN:1591,_ZNSt10_HashtableINSt7__cxx1112basic_stringIcSt11char_traitsIcESaIcEEESt4pairIKS5_PvESaIS9_ENSt8__detail10_Select1stESt8equal_toIS5_ESt4hashIS5_ENSB_18_Mod_range_hashingENSB_20_Default_ranged_hashENSB_20_Prime_rehash_policyENSB_17_Hashtable_traitsILb1ELb0ELb1EEEE22_M_remove_bucket_beginEmPNSB_10_Hash_nodeIS9_Lb1EEEm
FNDA:0,_ZNSt10_HashtableINSt7__cxx1112basic_stringIcSt11char_traitsIcESaIcEEESt4pairIKS5_PvESaIS9_ENSt8__detail10_Select1stESt8equal_toIS5_ESt4hashIS5_ENSB_18_Mod_range_hashingENSB_20_Default_ranged_hashENSB_20_Prime_rehash_policyENSB_17_Hashtable_traitsILb1ELb0ELb1EEEE22_M_remove_bucket_beginEmPNSB_10_Hash_nodeIS9_Lb1EEEm
FN:1632,_ZNSt10_HashtableINSt7__cxx1112basic_stringIcSt11char_traitsIcESaIcEEESt4pairIKS5_PvESaIS9_ENSt8__detail10_Select1stESt8equal_toIS5_ESt4hashIS5_ENSB_18_Mod_range_hashingENSB_20_Default_ranged_hashENSB_20_Prime_rehash_policyENSB_17_Hashtable_traitsILb1ELb0ELb1EEEE10_M_emplaceIJRS5_RS8_EEES6_INSB_14_Node_iteratorIS9_Lb0ELb1EEEbESt17integral_constantIbLb1EEDpOT_
FNDA:7056720,_ZNSt10_HashtableINSt7__cxx1112basic_stringIcSt11char_traitsIcESaIcEEESt4pairIKS5_PvESaIS9_ENSt8__detail10_Select1stESt8equal_toIS5_ESt4hashIS5_ENSB_18_Mod_range_hashingENSB_20_Default_ranged_hashENSB_20_Prime_rehash_policyENSB_17_Hashtable_traitsILb1ELb0ELb1EEEE10_M_emplaceIJRS5_RS8_EEES6_INSB_14_Node_iteratorIS9_Lb0ELb1EEEbESt17integral_constantIbLb1EEDpOT_
FN:1698,_ZNSt10_HashtableINSt7__cxx1112basic_stringIcSt11char_traitsIcESaIcEEESt4pairIKS5_PvESaIS9_ENSt8__detail10_Select1stESt8equal_toIS5_ESt4hashIS5_ENSB_18_Mod_range_hashingENSB_20_Default_ranged_hashENSB_20_Prime_rehash_policyENSB_17_Hashtable_traitsILb1ELb0ELb1EEEE21_M_insert_unique_nodeEmmPNSB_10_Hash_nodeIS9_Lb1EEEm
FNDA:7056720,_ZNSt10_HashtableINSt7__cxx1112basic_stringIcSt11char_traitsIcESaIcEEESt4pairIKS5_PvESaIS9_ENSt8__detail10_Select1stESt8equal_toIS5_ESt4hashIS5_ENSB_18_Mod_range_hashingENSB_20_Default_ranged_hashENSB_20_Prime_rehash_policyENSB_17_Hashtable_traitsILb1ELb0ELb1EEEE21_M_insert_unique_nodeEmmPNSB_10_Hash_nodeIS9_Lb1EEEm
FN:1849,_ZNSt10_HashtableINSt7__cxx1112basic_stringIcSt11char_traitsIcESaIcEEESt4pairIKS5_PvESaIS9_ENSt8__detail10_Select1stESt8equal_toIS5_ESt4hashIS5_ENSB_18_Mod_range_hashingENSB_20_Default_ranged_hashENSB_20_Prime_rehash_policyENSB_17_Hashtable_traitsILb1ELb0ELb1EEEE5eraseENSB_20_Node_const_iteratorIS9_Lb0ELb1EEE
FNDA:0,_ZNSt10_HashtableINSt7__cxx1112basic_stringIcSt11char_traitsIcESaIcEEESt4pairIKS5_PvESaIS9_ENSt8__detail10_Select1stESt8equal_toIS5_ESt4hashIS5_ENSB_18_Mod_range_hashingENSB_20_Default_ranged_hashENSB_20_Prime_rehash_policyENSB_17_Hashtable_traitsILb1ELb0ELb1EEEE5eraseENSB_20_Node_const_iteratorIS9_Lb0ELb1EEE
FN:1869,_ZNSt10_HashtableINSt7__cxx1112basic_stringIcSt11char_traitsIcESaIcEEESt4pairIKS5_PvESaIS9_ENSt8__detail10_Select1stESt8equal_toIS5_ESt4hashIS5_ENSB_18_Mod_range_hashingENSB_20_Default_ranged_hashENSB_20_Prime_rehash_policyENSB_17_Hashtable_traitsILb1ELb0ELb1EEEE8_M_eraseEmPNSB_15_Hash_node_baseEPNSB_10_Hash_nodeIS9_Lb1EEE
FNDA:0,_ZNSt10_HashtableINSt7__cxx1112basic_stringIcSt11char_traitsIcESaIcEEESt4pairIKS5_PvESaIS9_ENSt8__detail10_Select1stESt8equal_toIS5_ESt4hashIS5_ENSB_18_Mod_range_hashingENSB_20_Default_ranged_hashENSB_20_Prime_rehash_policyENSB_17_Hashtable_traitsILb1ELb0ELb1EEEE8_M_eraseEmPNSB_15_Hash_node_baseEPNSB_10_Hash_nodeIS9_Lb1EEE
FN:2061,_ZNSt10_HashtableINSt7__cxx1112basic_stringIcSt11char_traitsIcESaIcEEESt4pairIKS5_PvESaIS9_ENSt8__detail10_Select1stESt8equal_toIS5_ESt4hashIS5_ENSB_18_Mod_range_hashingENSB_20_Default_ranged_hashENSB_20_Prime_rehash_policyENSB_17_Hashtable_traitsILb1ELb0ELb1EEEE9_M_rehashEmRKm
FNDA:458605,_ZNSt10_HashtableINSt7__cxx1112basic_stringIcSt11char_traitsIcESaIcEEESt4pairIKS5_PvESaIS9_ENSt8__detail10_Select1stESt8equal_toIS5_ESt4hashIS5_ENSB_18_Mod_range_hashingENSB_20_Default_ranged_hashENSB_20_Prime_rehash_policyENSB_17_Hashtable_traitsILb1ELb0ELb1EEEE9_M_rehashEmRKm
FN:2084,_ZNSt10_HashtableINSt7__cxx1112basic_stringIcSt11char_traitsIcESaIcEEESt4pairIKS5_PvESaIS9_ENSt8__detail10_Select1stESt8equal_toIS5_ESt4hashIS5_ENSB_18_Mod_range_hashingENSB_20_Default_ranged_hashENSB_20_Prime_rehash_policyENSB_17_Hashtable_traitsILb1ELb0ELb1EEEE13_M_rehash_auxEmSt17integral_constantIbLb1EE
FNDA:458605,_ZNSt10_HashtableINSt7__cxx1112basic_stringIcSt11char_traitsIcESaIcEEESt4pairIKS5_PvESaIS9_ENSt8__detail10_Select1stESt8equal_toIS5_ESt4hashIS5_ENSB_18_Mod_range_hashingENSB_20_Default_ranged_hashENSB_20_Prime_rehash_policyENSB_17_Hashtable_traitsILb1ELb0ELb1EEEE13_M_rehash_auxEmSt17integral_constantIbLb1EE
DA:342,458605
DA:343,458605
DA:353,458605
DA:355,458605
DA:357,0
DA:358,0
DA:361,458605
DA:365,458605
DA:367,458605
DA:370,33593
DA:374,458605
DA:375,458605
DA:383,880111
DA:504,421506
DA:505,421506
DA:512,17685100
DA:513,20983300
DA:528,0
DA:532,0
DA:533,0
DA:639,15356600
DA:640,15356600
DA:643,25200400
DA:644,458605
DA:652,24741800
DA:655,24741800
DA:656,24741800
DA:657,14808400
DA:748,7056720
DA:749,7056720
DA:767,0
DA:768,0
DA:1412,17685100
DA:1417,17685100
DA:1418,17685100
DA:1419,17685100
DA:1420,17685100
DA:1532,24741800
DA:1538,24741800
DA:1539,24741800
DA:1542,18953000
DA:1545,26244400
DA:1546,14808400
DA:1548,11436000
DA:1560,7056720
DA:1564,7056720
DA:1568,2683640
DA:1569,2683640
DA:1576,4373080
DA:1577,4373080
DA:1578,4373080
DA:1581,3948070
DA:1582,4373080
DA:1584,7056720
DA:1591,0
DA:1596,0
DA:1600,0
DA:1601,0
DA:1604,0
DA:1605,0
DA:1606,0
DA:1608,0
DA:1615,0
DA:1620,0
DA:1621,0
DA:1632,7056720
DA:1638,7056720
DA:1639,7056720
DA:1643,7056720
DA:1651,7056720
DA:1652,0
DA:1655,0
DA:1656,0
DA:1660,7056720
DA:1698,7056720
DA:1704,7056720
DA:1705,7056720
DA:1711,7056720
DA:1713,458605
DA:1714,458605
DA:1717,7056720
DA:1720,7056720
DA:1721,7056720
DA:1722,7056720
DA:1724,0
DA:1726,0
DA:1727,0
DA:1849,0
DA:1854,0
DA:1855,0
DA:1860,0
DA:1861,0
DA:1869,0
DA:1874,0
DA:1875,0
DA:1876,0
DA:1877,0
DA:1879,0
DA:1880,0
DA:1881,0
DA:1884,0
DA:1885,0
DA:1886,0
DA:1887,0
DA:1889,0
DA:2061,458605
DA:2067,458605
DA:2069,0
DA:2073,0
DA:2074,0
DA:2076,458605
DA:2084,458605
DA:2088,458605
DA:2089,458605
DA:2090,458605
DA:2091,458605
DA:2092,6693620
DA:2094,6235010
DA:2095,6235010
DA:2096,6235010
DA:2098,4958540
DA:2099,4958540
DA:2100,4958540
DA:2101,4958540
DA:2102,4924950
DA:2107,1276470
DA:2108,1276470
DA:2113,458605
DA:2114,458605
DA:2115,458605
DA:2116,458605
end_of_record
SF:/usr/include/c++/9/bits/basic_string.tcc
FN:206,_ZNSt7__cxx1112basic_stringIcSt11char_traitsIcESaIcEE12_M_constructIPcEEvT_S7_St20forward_iterator_tag
FNDA:9626930,_ZNSt7__cxx1112basic_stringIcSt11char_traitsIcESaIcEE12_M_constructIPcEEvT_S7_St20forward_iterator_tag
DA:206,9626930
DA:211,9626930
DA:212,0
DA:215,9626930
DA:217,9626930
DA:219,4341310
DA:220,4341310
DA:225,9626930
DA:232,9626930
DA:233,9626930
end_of_record
SF:/usr/include/c++/9/bits/stl_pair.h
DA:208,2570210
DA:303,2570210
DA:341,14113400
DA:342,7056720
DA:524,7056720
DA:529,7056720
end_of_record
SF:/usr/include/c++/9/bits/stl_iterator_base_funcs.h
DA:98,9626930
DA:104,9626930
DA:138,9626930
DA:141,9626930
end_of_record
TN:
SF:/workspace/vtr-verilog-to-routing/ODIN_II/SRC/include/GenericIO.hpp
FN:36,_ZN9GenericIOD0Ev
FNDA:0,_ZN9GenericIOD0Ev
FN:36,_ZN9GenericIOD2Ev
FNDA:34712,_ZN9GenericIOD2Ev
FN:36,_ZN9GenericIOC2Ev
FNDA:34712,_ZN9GenericIOC2Ev
DA:36,0
DA:36,34712
DA:36,34712
end_of_record
SF:/usr/include/c++/9/iostream
end_of_record
SF:/workspace/vtr-verilog-to-routing/ODIN_II/SRC/GenericIO.cpp
FN:36,_ZN9GenericIO5_readEv
FNDA:0,_ZN9GenericIO5_readEv
FN:42,_ZN9GenericIO6_writeEPK9netlist_t
FNDA:0,_ZN9GenericIO6_writeEPK9netlist_t
FN:47,_ZN9GenericIO12_create_fileEPKc11file_type_e
FNDA:0,_ZN9GenericIO12_create_fileEPKc11file_type_e
DA:36,0
DA:37,0
DA:39,0
DA:42,0
DA:43,0
DA:45,0
DA:47,0
DA:48,0
DA:50,0
end_of_record
TN:
SF:/usr/include/c++/9/bits/allocator.h
DA:138,1535970
DA:141,1535970
DA:142,0
DA:153,3071940
end_of_record
SF:/workspace/vtr-verilog-to-routing/ODIN_II/SRC/BLIFWriter.cpp
FN:66,_ZN4BLIF6WriterC2Ev
FNDA:3247,_ZN4BLIF6WriterC2Ev
FN:73,_ZN4BLIF6Writer6_writeEPK9netlist_t
FNDA:3241,_ZN4BLIF6Writer6_writeEPK9netlist_t
FN:77,_ZN4BLIF6Writer12_create_fileEPKc11file_type_e
FNDA:3247,_ZN4BLIF6Writer12_create_fileEPKc11file_type_e
FN:97,_ZN4BLIF6Writer13warn_undrivenEP7nnode_tP6nnet_t
FNDA:33894000,_ZN4BLIF6Writer13warn_undrivenEP7nnode_tP6nnet_t
FN:142,_ZN4BLIF6Writer16print_net_driverEP8_IO_FILEP7nnode_tP6nnet_tl
FNDA:33894000,_ZN4BLIF6Writer16print_net_driverEP8_IO_FILEP7nnode_tP6nnet_tl
FN:177,_ZN4BLIF6Writer25print_input_single_driverEP8_IO_FILEP7nnode_tl
FNDA:33789100,_ZN4BLIF6Writer25print_input_single_driverEP8_IO_FILEP7nnode_tl
FN:197,_ZN4BLIF6Writer16print_output_pinEP8_IO_FILEP7nnode_t
FNDA:12626600,_ZN4BLIF6Writer16print_output_pinEP8_IO_FILEP7nnode_t
FN:218,_ZN4BLIF6Writer22print_dot_names_headerEP8_IO_FILEP7nnode_t
FNDA:10791800,_ZN4BLIF6Writer22print_dot_names_headerEP8_IO_FILEP7nnode_t
FN:262,_ZN4BLIF6Writer11create_blifEPKc
FNDA:3247,_ZN4BLIF6Writer11create_blifEPKc
FN:290,_ZN4BLIF6Writer11output_blifEP8_IO_FILEPK9netlist_t
FNDA:3241,_ZN4BLIF6Writer11output_blifEP8_IO_FILEPK9netlist_t
FN:378,_ZN4BLIF6Writer31depth_first_traversal_to_outputEsP8_IO_FILEPK9netlist_t
FNDA:3241,_ZN4BLIF6Writer31depth_first_traversal_to_outputEsP8_IO_FILEPK9netlist_t
FN:412,_ZN4BLIF6Writer26depth_traverse_output_blifEP7nnode_tmP8_IO_FILE
FNDA:56168400,_ZN4BLIF6Writer26depth_traverse_output_blifEP7nnode_tmP8_IO_FILE
FN:458,_ZN4BLIF6Writer11output_nodeEP7nnode_tsP8_IO_FILE
FNDA:14098700,_ZN4BLIF6Writer11output_nodeEP7nnode_tsP8_IO_FILE
FN:570,_ZN4BLIF6Writer23define_logical_functionEP7nnode_tP8_IO_FILE
FNDA:6427910,_ZN4BLIF6Writer23define_logical_functionEP7nnode_tP8_IO_FILE
FN:667,_ZN4BLIF6Writer33define_set_input_logical_functionEP7nnode_tPKcP8_IO_FILE
FNDA:1289730,_ZN4BLIF6Writer33define_set_input_logical_functionEP7nnode_tPKcP8_IO_FILE
FN:689,_ZN4BLIF6Writer12define_clockEP7nnode_tP8_IO_FILE
FNDA:1530,_ZN4BLIF6Writer12define_clockEP7nnode_tP8_IO_FILE
FN:712,_ZN4BLIF6Writer9define_ffEP7nnode_tP8_IO_FILE
FNDA:1535970,_ZN4BLIF6Writer9define_ffEP7nnode_tP8_IO_FILE
FN:751,_ZN4BLIF6Writer18define_decoded_muxEP7nnode_tP8_IO_FILE
FNDA:3074160,_ZN4BLIF6Writer18define_decoded_muxEP7nnode_tP8_IO_FILE
DA:66,3247
DA:67,3247
DA:68,3247
DA:69,3247
DA:73,3241
DA:74,3241
DA:75,3241
DA:77,3247
DA:79,3247
DA:81,3247
DA:82,0
DA:85,3247
DA:86,3247
DA:97,33894000
DA:98,33894000
DA:100,172
DA:104,172
DA:142,33894000
DA:143,33894000
DA:144,33894000
DA:145,33894000
DA:147,0
DA:151,0
DA:152,33894000
DA:153,33894000
DA:154,0
DA:159,33894000
DA:160,1715330
DA:162,32178600
DA:165,33894000
DA:177,33789100
DA:178,33789100
DA:179,33789100
DA:180,33789100
DA:181,18
DA:183,33789100
DA:184,33789100
DA:186,33789100
DA:197,12626600
DA:199,12626600
DA:200,12626600
DA:201,0
DA:206,12626600
DA:207,12626600
DA:218,10791800
DA:219,10791800
DA:222,41509000
DA:223,30717200
DA:224,30717200
DA:225,24
DA:227,120
DA:228,96
DA:229,96
DA:230,96
DA:236,10791800
DA:237,41509000
DA:238,30717200
DA:240,24
DA:241,24
DA:244,30717200
DA:247,10791800
DA:249,10791800
DA:250,10791800
DA:251,10791800
DA:252,10791800
DA:262,3247
DA:263,3247
DA:266,3247
DA:267,0
DA:268,0
DA:269,0
DA:271,3247
DA:274,3247
DA:275,0
DA:277,3247
DA:290,3241
DA:291,3241
DA:295,3241
DA:296,92559
DA:297,89318
DA:298,89318
DA:300,3241
DA:302,3241
DA:303,108092
DA:304,104851
DA:305,104851
DA:306,154
DA:311,104697
DA:314,3241
DA:317,3241
DA:318,3241
DA:330,3241
DA:331,3241
DA:333,0
DA:337,108092
DA:338,104851
DA:341,104851
DA:342,104851
DA:343,104851
DA:344,209640
DA:345,104789
DA:346,104789
DA:347,104789
DA:348,104789
DA:350,104789
DA:356,3241
DA:357,3241
DA:360,3241
DA:361,3241
DA:363,3241
DA:364,3241
DA:365,3241
DA:378,3241
DA:379,3241
DA:382,3241
DA:383,3241
DA:384,3241
DA:385,3241
DA:389,3241
DA:390,3241
DA:391,3241
DA:394,92559
DA:395,89318
DA:396,89318
DA:399,3241
DA:412,56168400
DA:413,56168400
DA:414,56168400
DA:415,56168400
DA:417,56168400
DA:423,14098700
DA:426,14098700
DA:428,28787100
DA:429,14688300
DA:430,36905
DA:432,90685400
DA:433,90685400
DA:434,76034000
DA:435,5219850
DA:437,70814200
DA:438,70814200
DA:439,14744800
DA:442,56069400
DA:458,14098700
DA:459,14098700
DA:460,117142
DA:461,117142
DA:462,117142
DA:463,117142
DA:465,0
DA:466,0
DA:467,0
DA:468,0
DA:470,343968
DA:471,343968
DA:472,343968
DA:473,323247
DA:474,323247
DA:475,323247
DA:476,0
DA:477,0
DA:478,0
DA:479,220
DA:480,220
DA:481,220
DA:482,6427910
DA:483,6427910
DA:484,6427910
DA:485,6427910
DA:486,6427910
DA:487,6427910
DA:488,6427910
DA:489,6427910
DA:490,6427910
DA:491,6427910
DA:492,6427910
DA:494,3074160
DA:495,3074160
DA:496,3074160
DA:498,505152
DA:499,505152
DA:500,505152
DA:502,1535970
DA:503,1535970
DA:504,1535970
DA:506,6365
DA:507,6365
DA:508,6365
DA:509,6365
DA:511,244097
DA:512,244097
DA:513,244097
DA:514,244097
DA:516,215000
DA:517,215000
DA:518,215000
DA:519,215000
DA:521,1101770
DA:522,1101770
DA:523,1101770
DA:524,1101770
DA:525,1530
DA:526,1530
DA:527,1530
DA:536,0
DA:537,0
DA:538,0
DA:539,0
DA:540,0
DA:541,0
DA:542,0
DA:543,0
DA:544,0
DA:545,0
DA:546,0
DA:547,0
DA:548,0
DA:549,0
DA:550,0
DA:551,0
DA:552,0
DA:553,0
DA:555,0
DA:556,0
DA:558,14098700
DA:570,6427910
DA:571,6427910
DA:572,6427910
DA:574,6427910
DA:577,6427910
DA:580,4711340
DA:581,3290840
DA:583,1420500
DA:588,4954050
DA:589,11509500
DA:590,8857560
DA:591,2651940
DA:593,15063200
DA:595,2651940
DA:601,768
DA:602,1536
DA:603,1024
DA:604,512
DA:606,1536
DA:608,512
DA:615,3814410
DA:616,1934110
DA:618,1880300
DA:621,165111
DA:622,165111
DA:623,165111
DA:625,825555
DA:626,660444
DA:627,330222
DA:628,330222
DA:629,330222
DA:630,990666
DA:635,659640
DA:636,659640
DA:637,659640
DA:638,3298200
DA:639,2638560
DA:640,1319280
DA:641,1319280
DA:642,1319280
DA:643,3957840
DA:648,0
DA:649,0
DA:653,6427910
DA:654,6427910
DA:667,1289730
DA:668,1289730
DA:670,1289730
DA:673,1289730
DA:674,1289730
DA:676,1289730
DA:677,1289730
DA:689,1530
DA:690,1530
DA:692,1530
DA:693,0
DA:696,0
DA:698,0
DA:700,1530
DA:712,1535970
DA:713,1535970
DA:714,1535970
DA:717,1535970
DA:719,1535970
DA:720,1535970
DA:721,1535970
DA:723,1535970
DA:726,1535970
DA:729,1535970
DA:732,1535970
DA:735,1535970
DA:738,1535970
DA:739,1535970
DA:751,3074160
DA:752,3074160
DA:753,3074160
DA:756,11734900
DA:757,381925000
DA:758,373264000
DA:759,8660770
DA:760,364603000
DA:761,8660770
DA:762,355943000
DA:763,0
DA:765,729207000
DA:767,8660770
DA:770,3074160
DA:771,3074160
end_of_record
SF:/usr/include/x86_64-linux-gnu/bits/stdio2.h
DA:98,490398000
DA:100,490277000
DA:101,434883000
end_of_record
SF:/usr/include/c++/9/bits/ptr_traits.h
DA:146,3071940
DA:147,3071940
end_of_record
SF:/usr/include/c++/9/bits/char_traits.h
DA:299,1535970
DA:300,1535970
DA:361,0
DA:363,0
DA:365,0
end_of_record
SF:/usr/include/c++/9/ext/alloc_traits.h
DA:97,0
DA:98,0
end_of_record
SF:/usr/include/c++/9/ext/new_allocator.h
DA:80,1535970
DA:83,1535970
DA:89,3071940
DA:119,0
DA:128,0
end_of_record
SF:/usr/include/c++/9/ext/type_traits.h
DA:152,0
end_of_record
SF:/usr/include/c++/9/bits/alloc_traits.h
DA:469,0
DA:470,0
DA:514,0
DA:515,0
end_of_record
SF:/usr/include/c++/9/bits/move.h
DA:47,6143880
DA:99,1535970
DA:138,6143880
DA:139,3071940
end_of_record
SF:/usr/include/c++/9/bits/basic_string.tcc
FN:206,_ZNSt7__cxx1112basic_stringIcSt11char_traitsIcESaIcEE12_M_constructIPcEEvT_S7_St20forward_iterator_tag
FNDA:0,_ZNSt7__cxx1112basic_stringIcSt11char_traitsIcESaIcEE12_M_constructIPcEEvT_S7_St20forward_iterator_tag
FN:206,_ZNSt7__cxx1112basic_stringIcSt11char_traitsIcESaIcEE12_M_constructIPKcEEvT_S8_St20forward_iterator_tag
FNDA:0,_ZNSt7__cxx1112basic_stringIcSt11char_traitsIcESaIcEE12_M_constructIPKcEEvT_S8_St20forward_iterator_tag
DA:206,0
DA:211,0
DA:212,0
DA:215,0
DA:217,0
DA:219,0
DA:220,0
DA:225,0
DA:232,0
DA:233,0
DA:206,0
DA:211,0
DA:212,0
DA:215,0
DA:217,0
DA:219,0
DA:220,0
DA:225,0
DA:232,0
DA:233,0
end_of_record
SF:/workspace/vtr-verilog-to-routing/ODIN_II/SRC/include/BLIF.hpp
FN:591,_ZN4BLIF6WriterD0Ev
FNDA:3247,_ZN4BLIF6WriterD0Ev
FN:591,_ZN4BLIF6WriterD2Ev
FNDA:0,_ZN4BLIF6WriterD2Ev
FN:605,_ZN4BLIF6Writer5_readEv
FNDA:0,_ZN4BLIF6Writer5_readEv
DA:591,3247
DA:591,0
DA:605,0
DA:606,0
DA:607,0
end_of_record
SF:/usr/include/c++/9/bits/stl_iterator_base_funcs.h
DA:98,0
DA:104,0
DA:138,0
DA:141,0
end_of_record
SF:/workspace/vtr-verilog-to-routing/libs/EXTERNAL/libargparse/src/argparse_value.hpp
DA:53,0
DA:56,46377000
end_of_record
SF:/usr/include/c++/9/iostream
end_of_record
SF:/usr/include/c++/9/bits/basic_string.h
FN:6057,_ZStplIcSt11char_traitsIcESaIcEENSt7__cxx1112basic_stringIT_T0_T1_EERKS8_PKS5_
FNDA:0,_ZStplIcSt11char_traitsIcESaIcEENSt7__cxx1112basic_stringIT_T0_T1_EERKS8_PKS5_
FN:6085,_ZStplIcSt11char_traitsIcESaIcEENSt7__cxx1112basic_stringIT_T0_T1_EEOS8_RKS8_
FNDA:0,_ZStplIcSt11char_traitsIcESaIcEENSt7__cxx1112basic_stringIT_T0_T1_EEOS8_RKS8_
FN:6121,_ZStplIcSt11char_traitsIcESaIcEENSt7__cxx1112basic_stringIT_T0_T1_EEOS8_PKS5_
FNDA:0,_ZStplIcSt11char_traitsIcESaIcEENSt7__cxx1112basic_stringIT_T0_T1_EEOS8_PKS5_
DA:150,4607910
DA:159,1535970
DA:160,1535970
DA:178,0
DA:179,0
DA:182,1535970
DA:183,1535970
DA:186,6143880
DA:190,1535970
DA:193,1535970
DA:200,4607910
DA:203,4607910
DA:210,0
DA:211,0
DA:214,1535970
DA:216,1535970
DA:217,1535970
DA:221,4607910
DA:222,4607910
DA:229,4607910
DA:231,1535970
DA:232,4607910
DA:236,0
DA:237,0
DA:243,0
DA:247,0
DA:263,0
DA:266,0
DA:286,0
DA:287,0
DA:290,0
DA:291,0
DA:346,0
DA:348,0
DA:349,0
DA:351,0
DA:392,0
DA:393,0
DA:396,0
DA:398,0
DA:431,1535970
DA:433,1535970
DA:434,1535970
DA:448,0
DA:450,0
DA:451,0
DA:552,0
DA:553,0
DA:555,0
DA:557,0
DA:562,0
DA:563,0
DA:569,0
DA:570,0
DA:571,0
DA:657,1535970
DA:658,1535970
DA:930,0
DA:936,0
DA:1221,0
DA:1222,0
DA:2300,0
DA:2301,0
DA:6057,0
DA:6060,0
DA:6061,0
DA:6062,0
DA:6085,0
DA:6087,0
DA:6121,0
DA:6123,0
end_of_record
TN:
SF:/usr/include/string.h
DA:213,8792200
DA:215,8792200
DA:219,23533100
DA:221,22563300
DA:317,16863500
DA:319,16863500
end_of_record
SF:/usr/include/c++/9/bits/basic_string.tcc
FN:206,_ZNSt7__cxx1112basic_stringIcSt11char_traitsIcESaIcEE12_M_constructIPKcEEvT_S8_St20forward_iterator_tag
FNDA:11785400,_ZNSt7__cxx1112basic_stringIcSt11char_traitsIcESaIcEE12_M_constructIPKcEEvT_S8_St20forward_iterator_tag
DA:206,11785400
DA:211,11785400
DA:212,0
DA:215,11785400
DA:217,11785400
DA:219,7328320
DA:220,7328320
DA:225,11785400
DA:232,11785400
DA:233,11785400
end_of_record
SF:/usr/include/c++/9/bits/hashtable_policy.h
FN:714,_ZNSt8__detail9_Map_baseINSt7__cxx1112basic_stringIcSt11char_traitsIcESaIcEEESt4pairIKS6_14operation_listESaISA_ENS_10_Select1stESt8equal_toIS6_ESt4hashIS6_ENS_18_Mod_range_hashingENS_20_Default_ranged_hashENS_20_Prime_rehash_policyENS_17_Hashtable_traitsILb1ELb0ELb1EEELb1EEixEOS6_
FNDA:222977,_ZNSt8__detail9_Map_baseINSt7__cxx1112basic_stringIcSt11char_traitsIcESaIcEEESt4pairIKS6_14operation_listESaISA_ENS_10_Select1stESt8equal_toIS6_ESt4hashIS6_ENS_18_Mod_range_hashingENS_20_Default_ranged_hashENS_20_Prime_rehash_policyENS_17_Hashtable_traitsILb1ELb0ELb1EEELb1EEixEOS6_
DA:92,222480
DA:94,222480
DA:218,427598
DA:236,445457
DA:237,445457
DA:244,0
DA:245,444960
DA:269,20074
DA:294,0
DA:295,0
DA:311,0
DA:340,0
DA:341,0
DA:348,497
DA:349,497
DA:431,243051
DA:433,243051
DA:449,427598
DA:450,424552
DA:476,0
DA:477,0
DA:484,0
DA:485,0
DA:714,222977
DA:719,222977
DA:720,445954
DA:721,222977
DA:722,497
DA:724,222480
DA:726,497
DA:727,497
DA:729,497
DA:732,222480
DA:1093,427598
DA:1096,427598
DA:1104,708710
DA:1108,425012
DA:1380,222977
DA:1384,222977
DA:1388,222977
DA:1390,222977
DA:1393,20074
DA:1396,20074
DA:1399,0
DA:1400,0
DA:1415,242682
DA:1418,0
DA:1421,222977
DA:1427,243051
DA:1448,242682
DA:1450,222480
DA:1829,242682
DA:1834,242682
DA:1846,242682
DA:2017,427598
DA:2036,424552
DA:2046,425012
DA:2047,425012
DA:2118,427598
DA:2120,7484320
DA:2122,7056720
DA:2123,7056720
DA:2124,7056720
DA:2142,425012
DA:2146,425012
DA:2147,425012
DA:2148,425012
DA:2149,425012
end_of_record
SF:/usr/include/c++/9/bits/basic_string.h
FN:6097,_ZStplIcSt11char_traitsIcESaIcEENSt7__cxx1112basic_stringIT_T0_T1_EEOS8_S9_
FNDA:0,_ZStplIcSt11char_traitsIcESaIcEENSt7__cxx1112basic_stringIT_T0_T1_EEOS8_S9_
FN:6149,_ZSteqIcEN9__gnu_cxx11__enable_ifIXsrSt9__is_charIT_E7__valueEbE6__typeERKNSt7__cxx1112basic_stringIS3_St11char_traitsIS3_ESaIS3_EEESE_
FNDA:222480,_ZSteqIcEN9__gnu_cxx11__enable_ifIXsrSt9__is_charIT_E7__valueEbE6__typeERKNSt7__cxx1112basic_stringIS3_St11char_traitsIS3_ESaIS3_EEESE_
DA:150,25991900
DA:159,0
DA:160,0
DA:178,7328320
DA:179,7328320
DA:182,11785400
DA:183,11785400
DA:186,67322200
DA:190,0
DA:193,0
DA:200,25991900
DA:203,25991900
DA:210,7328320
DA:211,7328320
DA:214,11785400
DA:216,11785400
DA:217,11785400
DA:221,25991900
DA:222,25991900
DA:229,25991900
DA:231,25991900
DA:232,43303000
DA:236,17311100
DA:237,17311100
DA:286,17311100
DA:287,17311100
DA:346,11785400
DA:348,11785400
DA:349,2580
DA:351,11785400
DA:396,11785400
DA:398,11785400
DA:552,0
DA:553,0
DA:555,0
DA:557,0
DA:562,0
DA:563,0
DA:569,0
DA:570,0
DA:571,0
DA:657,25991900
DA:658,25991900
DA:930,444960
DA:936,222977
DA:993,0
DA:995,0
DA:1177,0
DA:1178,0
DA:1221,0
DA:1222,0
DA:1639,0
DA:1641,0
DA:2300,3046
DA:2301,3046
DA:2312,445457
DA:2313,445457
DA:2635,0
DA:2639,0
DA:2800,0
DA:2804,0
DA:6097,0
DA:6100,0
DA:6101,0
DA:6102,0
DA:6103,0
DA:6104,0
DA:6149,222480
DA:6151,222480
DA:6152,222480
DA:6153,222480
DA:6734,222977
DA:6735,222977
end_of_record
SF:/usr/include/c++/9/tuple
DA:132,497
DA:133,497
DA:348,497
DA:349,497
DA:626,497
DA:627,497
DA:1482,497
DA:1483,497
end_of_record
SF:/usr/include/x86_64-linux-gnu/bits/stdio2.h
DA:34,210045
DA:36,210045
DA:37,210045
DA:105,15230
DA:107,15230
end_of_record
SF:/usr/include/c++/9/bitset
FN:946,_ZNSt6bitsetILm64EEC2IcEEPKT_NSt7__cxx1112basic_stringIS2_St11char_traitsIS2_ESaIS2_EE9size_typeES2_S2_
FNDA:0,_ZNSt6bitsetILm64EEC2IcEEPKT_NSt7__cxx1112basic_stringIS2_St11char_traitsIS2_ESaIS2_EE9size_typeES2_S2_
FN:1390,_ZNSt6bitsetILm64EE16_M_copy_from_ptrIcSt11char_traitsIcEEEvPKT_mmmS4_S4_
FNDA:0,_ZNSt6bitsetILm64EE16_M_copy_from_ptrIcSt11char_traitsIcEEEvPKT_mmmS4_S4_
DA:381,0
DA:382,0
DA:402,0
DA:403,0
DA:406,0
DA:407,0
DA:410,0
DA:411,0
DA:460,0
DA:461,0
DA:482,0
DA:483,0
DA:946,0
DA:950,0
DA:952,0
DA:953,0
DA:955,0
DA:956,0
DA:957,0
DA:960,0
DA:1034,0
DA:1036,0
DA:1037,0
DA:1099,0
DA:1101,0
DA:1178,0
DA:1179,0
DA:1390,0
DA:1394,0
DA:1395,0
DA:1396,0
DA:1398,0
DA:1399,0
DA:1401,0
DA:1402,0
DA:1404,0
DA:1406,0
end_of_record
SF:/workspace/vtr-verilog-to-routing/ODIN_II/SRC/BLIFReader.cpp
FN:71,_ZN4BLIF6ReaderC2Ev
FNDA:3046,_ZN4BLIF6ReaderC2Ev
FN:92,_ZN4BLIF6ReaderD2Ev
FNDA:3046,_ZN4BLIF6ReaderD2Ev
FN:92,_ZN4BLIF6ReaderD0Ev
FNDA:3046,_ZN4BLIF6ReaderD0Ev
FN:96,_ZN4BLIF6Reader5_readEv
FNDA:3046,_ZN4BLIF6Reader5_readEv
FN:157,_ZN4BLIF6Reader11read_tokensEPcP17hard_block_models
FNDA:15786400,_ZN4BLIF6Reader11read_tokensEPcP17hard_block_models
FN:195,_ZN4BLIF6Reader15find_top_moduleEv
FNDA:3046,_ZN4BLIF6Reader15find_top_moduleEv
FN:244,_ZN4BLIF6Reader12hook_up_netsEv
FNDA:3040,_ZN4BLIF6Reader12hook_up_netsEv
FN:269,_ZN4BLIF6Reader12hook_up_nodeEP7nnode_t
FNDA:4200760,_ZN4BLIF6Reader12hook_up_nodeEP7nnode_t
FN:291,_ZN4BLIF6Reader23create_hard_block_nodesEP17hard_block_models
FNDA:209337,_ZN4BLIF6Reader23create_hard_block_nodesEP17hard_block_models
FN:521,_ZN4BLIF6Reader31create_internal_node_and_driverEv
FNDA:2882190,_ZN4BLIF6Reader31create_internal_node_and_driverEv
FN:649,_ZN4BLIF6Reader20build_top_input_nodeEPKc
FNDA:75979,_ZN4BLIF6Reader20build_top_input_nodeEPKc
FN:699,_ZN4BLIF6Reader19add_top_input_nodesEv
FNDA:3040,_ZN4BLIF6Reader19add_top_input_nodesEv
FN:725,_ZN4BLIF6Reader26rb_create_top_output_nodesEv
FNDA:3040,_ZN4BLIF6Reader26rb_create_top_output_nodesEv
FN:773,_ZN4BLIF6Reader37verify_hard_block_ports_against_modelEP16hard_block_portsP16hard_block_model
FNDA:708,_ZN4BLIF6Reader37verify_hard_block_ports_against_modelEP16hard_block_portsP16hard_block_model
FN:831,_ZN4BLIF6Reader21read_hard_block_modelEPc14operation_listP16hard_block_ports
FNDA:708,_ZN4BLIF6Reader21read_hard_block_modelEPc14operation_listP16hard_block_ports
FN:932,_ZN4BLIF6Reader25rb_create_top_driver_netsEPKc
FNDA:3046,_ZN4BLIF6Reader25rb_create_top_driver_netsEPKc
FN:992,_ZN4BLIF6Reader18rb_look_for_clocksEv
FNDA:3046,_ZN4BLIF6Reader18rb_look_for_clocksEv
FN:1009,_ZN4BLIF6Reader9dum_parseEPc
FNDA:0,_ZN4BLIF6Reader9dum_parseEPc
FN:1025,_ZN4BLIF6Reader31assign_node_type_from_node_nameEPc
FNDA:2873070,_ZN4BLIF6Reader31assign_node_type_from_node_nameEPc
FN:1069,_ZN4BLIF6Reader30read_bit_map_find_unknown_gateEiP7nnode_tPPc
FNDA:91195,_ZN4BLIF6Reader30read_bit_map_find_unknown_gateEiP7nnode_tPPc
FN:1345,_ZN4BLIF6Reader28create_latch_node_and_driverEv
FNDA:1027180,_ZN4BLIF6Reader28create_latch_node_and_driverEv
FN:1448,_ZN4BLIF6Reader17search_clock_nameEv
FNDA:0,_ZN4BLIF6Reader17search_clock_nameEv
FN:1529,_ZN4BLIF6Reader24get_hard_block_port_nameEPc
FNDA:6820490,_ZN4BLIF6Reader24get_hard_block_port_nameEPc
FN:1550,_ZN4BLIF6Reader25get_hard_block_pin_numberEPc
FNDA:1971710,_ZN4BLIF6Reader25get_hard_block_pin_numberEPc
FN:1581,_ZN4BLIF6Reader28compare_hard_block_pin_namesEPKvS2_
FNDA:2501080,_ZN4BLIF6Reader28compare_hard_block_pin_namesEPKvS2_
FN:1614,_ZN4BLIF6Reader20get_hard_block_portsEPPci
FNDA:210753,_ZN4BLIF6Reader20get_hard_block_portsEPPci
FN:1661,_ZN4BLIF6Reader11index_namesEPPci
FNDA:212169,_ZN4BLIF6Reader11index_namesEPPci
FN:1683,_ZN4BLIF6Reader15associate_namesEPPcS2_i
FNDA:209337,_ZN4BLIF6Reader15associate_namesEPPcS2_i
FN:1703,_ZN4BLIF6Reader20get_hard_block_modelEPcP16hard_block_portsP17hard_block_models
FNDA:209337,_ZN4BLIF6Reader20get_hard_block_modelEPcP16hard_block_portsP17hard_block_models
FN:1731,_ZN4BLIF6Reader20add_hard_block_modelEP16hard_block_modelP16hard_block_portsP17hard_block_models
FNDA:708,_ZN4BLIF6Reader20add_hard_block_modelEP16hard_block_modelP16hard_block_portsP17hard_block_models
FN:1761,_ZN4BLIF6Reader35generate_hard_block_ports_signatureEP16hard_block_ports
FNDA:210753,_ZN4BLIF6Reader35generate_hard_block_ports_signatureEP16hard_block_ports
FN:1783,_ZN4BLIF6Reader24create_hard_block_modelsEv
FNDA:3046,_ZN4BLIF6Reader24create_hard_block_modelsEv
FN:1800,_ZN4BLIF6Reader16count_blif_linesEv
FNDA:3046,_ZN4BLIF6Reader16count_blif_linesEv
FN:1827,_ZN4BLIF6Reader22free_hard_block_modelsEP17hard_block_models
FNDA:3046,_ZN4BLIF6Reader22free_hard_block_modelsEP17hard_block_models
FN:1847,_ZN4BLIF6Reader21free_hard_block_modelEP16hard_block_model
FNDA:708,_ZN4BLIF6Reader21free_hard_block_modelEP16hard_block_model
FN:1867,_ZN4BLIF6Reader20free_hard_block_pinsEP15hard_block_pins
FNDA:1416,_ZN4BLIF6Reader20free_hard_block_pinsEP15hard_block_pins
FN:1887,_ZN4BLIF6Reader21free_hard_block_portsEP16hard_block_ports
FNDA:210753,_ZN4BLIF6Reader21free_hard_block_portsEP16hard_block_ports
FN:1916,_ZN4BLIF6Reader38resolve_signal_name_based_on_blif_typeEPKcS2_
FNDA:19653800,_ZN4BLIF6Reader38resolve_signal_name_based_on_blif_typeEPKcS2_
FN:2010,_ZN4BLIF6Reader23create_hard_block_modelEPKc14operation_listP16hard_block_ports
FNDA:0,_ZN4BLIF6Reader23create_hard_block_modelEPKc14operation_listP16hard_block_ports
FN:2096,_ZN4BLIF6Reader12create_modelEPKcP16hard_block_portsii
FNDA:0,_ZN4BLIF6Reader12create_modelEPKcP16hard_block_portsii
FN:2154,_ZN4BLIF6Reader24hard_block_sensitivitiesEPKcP7nnode_t
FNDA:0,_ZN4BLIF6Reader24hard_block_sensitivitiesEPKcP7nnode_t
FN:2312,_ZN4BLIF6Reader11need_paramsE14operation_list
FNDA:0,_ZN4BLIF6Reader11need_paramsE14operation_list
DA:71,3046
DA:72,3046
DA:74,3046
DA:75,3046
DA:76,3046
DA:78,3046
DA:80,3046
DA:82,3046
DA:83,3046
DA:84,0
DA:86,3046
DA:87,3046
DA:89,3046
DA:90,3046
DA:92,3046
DA:94,3046
DA:92,3046
DA:93,6092
DA:94,3046
DA:96,3046
DA:97,3046
DA:98,3046
DA:101,3046
DA:102,3046
DA:105,3046
DA:108,3046
DA:110,3046
DA:111,3046
DA:113,3046
DA:114,3046
DA:115,3046
DA:116,15786400
DA:117,15783400
DA:119,3046
DA:121,3046
DA:123,3046
DA:124,3046
DA:125,3046
DA:128,3046
DA:130,3046
DA:132,3046
DA:133,3046
DA:136,3046
DA:138,3046
DA:157,15786400
DA:160,15786400
DA:162,15786400
DA:163,11461400
DA:164,30444400
DA:166,4130870
DA:167,4130870
DA:168,3040
DA:169,4127830
DA:170,3040
DA:171,4124790
DA:172,2882190
DA:173,1242600
DA:174,1027180
DA:175,215417
DA:176,209337
DA:177,6080
DA:180,3040
DA:181,3040
DA:195,3046
DA:196,3046
DA:197,3046
DA:198,3046
DA:199,3046
DA:204,6086
DA:205,3046
DA:206,3046
DA:207,3046
DA:209,3046
DA:211,6
DA:212,6
DA:215,3040
DA:216,3040
DA:217,3040
DA:222,3040
DA:225,3046
DA:226,6
DA:229,6
DA:231,3040
DA:234,3046
DA:235,3046
DA:236,3046
DA:244,3040
DA:245,3040
DA:246,3040
DA:247,3040
DA:250,3040
DA:251,12160
DA:253,4209880
DA:254,4200760
DA:255,4200760
DA:258,3040
DA:269,4200760
DA:270,4200760
DA:271,17314400
DA:272,13113700
DA:274,13113700
DA:276,13113700
DA:277,0
DA:279,13113700
DA:281,4200760
DA:291,209337
DA:292,209337
DA:293,209337
DA:300,1689550
DA:301,1480210
DA:302,1480210
DA:306,209337
DA:307,209337
DA:309,1689550
DA:310,1480210
DA:311,1480210
DA:315,209337
DA:318,209337
DA:320,1689550
DA:321,1480210
DA:323,209337
DA:326,209337
DA:328,1689550
DA:329,1480210
DA:330,1480210
DA:333,209337
DA:334,209337
DA:336,209337
DA:337,209337
DA:340,209337
DA:341,209337
DA:342,209337
DA:345,209337
DA:346,0
DA:348,209337
DA:350,209337
DA:352,209337
DA:353,0
DA:354,0
DA:356,0
DA:357,0
DA:359,0
DA:360,0
DA:361,0
DA:363,0
DA:364,0
DA:365,0
DA:367,0
DA:369,0
DA:370,0
DA:372,0
DA:374,0
DA:376,0
DA:377,0
DA:378,0
DA:381,0
DA:384,0
DA:387,0
DA:390,0
DA:391,0
DA:392,0
DA:393,0
DA:395,0
DA:396,0
DA:400,418674
DA:403,209337
DA:404,27280
DA:406,209337
DA:407,10491
DA:410,209337
DA:414,209337
DA:415,209337
DA:417,708
DA:419,708
DA:422,209337
DA:423,0
DA:428,209337
DA:429,209337
DA:430,864427
DA:431,655090
DA:433,209337
DA:434,620950
DA:435,411613
DA:438,209337
DA:439,209337
DA:440,209337
DA:441,209337
DA:444,1189100
DA:445,979761
DA:446,979761
DA:448,979761
DA:449,0
DA:451,979761
DA:452,979761
DA:453,979761
DA:454,1959520
DA:456,979761
DA:457,979761
DA:458,979761
DA:459,679080
DA:460,1280440
DA:463,979761
DA:467,709790
DA:468,500453
DA:469,500453
DA:471,500453
DA:473,500453
DA:474,500453
DA:475,500453
DA:476,1000910
DA:478,500453
DA:479,500453
DA:480,500453
DA:481,483383
DA:482,517523
DA:485,500453
DA:487,500453
DA:488,500453
DA:490,500453
DA:493,1000910
DA:497,209337
DA:498,209337
DA:499,209337
DA:500,209337
DA:504,209337
DA:505,209337
DA:507,209337
DA:508,209337
DA:509,418674
DA:510,209337
DA:512,209337
DA:521,2882190
DA:523,2882190
DA:524,2882190
DA:525,2882190
DA:526,15752700
DA:527,15752700
DA:528,12870500
DA:529,12870500
DA:533,2882190
DA:534,2882190
DA:537,2882190
DA:538,2882190
DA:539,2879150
DA:540,2876110
DA:541,9120
DA:542,9120
DA:545,2873070
DA:547,2873070
DA:548,2781880
DA:549,2781880
DA:552,91195
DA:553,91195
DA:554,91195
DA:558,2873070
DA:560,2873070
DA:563,2873070
DA:564,798961
DA:565,798961
DA:566,2074110
DA:567,505152
DA:568,505152
DA:571,5345080
DA:572,3776120
DA:578,12861400
DA:579,9988350
DA:580,9988350
DA:581,9988350
DA:582,9988350
DA:586,2873070
DA:587,0
DA:588,0
DA:590,0
DA:591,0
DA:592,0
DA:593,0
DA:596,2873070
DA:597,0
DA:598,0
DA:600,0
DA:601,0
DA:602,0
DA:603,0
DA:607,2873070
DA:608,2873070
DA:611,2873070
DA:614,2873070
DA:615,2873070
DA:619,2873070
DA:620,2873070
DA:621,2873070
DA:623,2873070
DA:625,2873070
DA:626,2873070
DA:627,2873050
DA:628,2873050
DA:629,5746100
DA:631,2873070
DA:634,15752700
DA:635,12870500
DA:637,2882190
DA:638,2882190
DA:649,75979
DA:650,75979
DA:654,75979
DA:656,75979
DA:657,75979
DA:660,75979
DA:663,75979
DA:664,75979
DA:667,75979
DA:668,75979
DA:669,75979
DA:672,75979
DA:674,75979
DA:675,75979
DA:677,75979
DA:679,75979
DA:680,75979
DA:688,75979
DA:689,75979
DA:690,75979
DA:699,3040
DA:706,3040
DA:707,3040
DA:708,3040
DA:711,75979
DA:712,75979
DA:713,75979
DA:714,72939
DA:716,3040
DA:725,3040
DA:726,94215
DA:727,94215
DA:729,94215
DA:730,91175
DA:735,91175
DA:736,91175
DA:737,91175
DA:740,91175
DA:743,91175
DA:744,91175
DA:747,91175
DA:748,91175
DA:750,91175
DA:754,91175
DA:755,91175
DA:756,91175
DA:758,3040
DA:773,708
DA:774,708
DA:775,708
DA:776,2124
DA:777,1416
DA:778,1416
DA:779,4346
DA:781,2930
DA:782,2930
DA:783,2930
DA:785,2930
DA:791,2930
DA:793,2930
DA:800,708
DA:801,708
DA:802,708
DA:803,3638
DA:805,2930
DA:806,2930
DA:807,2930
DA:809,2930
DA:831,708
DA:833,708
DA:834,708
DA:835,708
DA:837,708
DA:839,708
DA:840,708
DA:843,708
DA:844,26610300
DA:845,26610300
DA:846,26610300
DA:848,26610300
DA:849,708
DA:850,708
DA:851,708
DA:852,708
DA:853,708
DA:855,708
DA:856,708
DA:857,708
DA:860,2832
DA:861,2832
DA:862,2832
DA:863,2832
DA:864,11826
DA:865,11826
DA:866,11118
DA:867,11118
DA:869,2124
DA:870,9953
DA:871,9953
DA:872,9245
DA:873,9245
DA:875,1416
DA:885,708
DA:887,708
DA:888,0
DA:889,0
DA:891,0
DA:895,708
DA:896,708
DA:899,708
DA:900,708
DA:903,708
DA:904,708
DA:907,708
DA:910,0
DA:912,0
DA:915,708
DA:916,708
DA:918,708
DA:932,3046
DA:933,3046
DA:938,3046
DA:939,3046
DA:940,3046
DA:941,3046
DA:942,3046
DA:943,3046
DA:944,3046
DA:945,3046
DA:948,3046
DA:949,3046
DA:950,3046
DA:951,3046
DA:952,3046
DA:953,3046
DA:954,3046
DA:955,3046
DA:958,3046
DA:959,3046
DA:960,3046
DA:961,3046
DA:962,3046
DA:963,3046
DA:964,3046
DA:965,3046
DA:968,3046
DA:969,3046
DA:972,3046
DA:973,3046
DA:976,3046
DA:977,3046
DA:979,3046
DA:980,3046
DA:981,3046
DA:982,3046
DA:992,3046
DA:993,3046
DA:994,1030230
DA:995,1027180
DA:996,1027180
DA:997,1398
DA:1000,3046
DA:1009,0
DA:1011,14658000
DA:1013,0
DA:1025,2873070
DA:1027,2873070
DA:1029,2873070
DA:1030,2873070
DA:1031,32623900
DA:1033,15729300
DA:1036,2873070
DA:1038,2871260
DA:1039,2871260
DA:1040,16920100
DA:1041,14048900
DA:1044,2871260
DA:1045,110695000
DA:1046,110606000
DA:1047,109251000
DA:1048,2781880
DA:1049,2781880
DA:1053,2871260
DA:1055,2873070
DA:1069,91195
DA:1070,91195
DA:1072,91195
DA:1073,91195
DA:1074,91195
DA:1075,91195
DA:1076,91195
DA:1078,91195
DA:1079,91195
DA:1080,91195
DA:1081,91195
DA:1083,91195
DA:1084,0
DA:1085,0
DA:1087,0
DA:1088,0
DA:1090,0
DA:1092,0
DA:1095,0
DA:1098,182390
DA:1099,182390
DA:1100,182390
DA:1102,182390
DA:1105,91195
DA:1106,91195
DA:1107,91195
DA:1108,91195
DA:1111,91195
DA:1114,91195
DA:1118,91195
DA:1119,91195
DA:1120,91195
DA:1123,91195
DA:1125,91195
DA:1130,91195
DA:1137,182390
DA:1140,91195
DA:1141,91195
DA:1142,91195
DA:1145,0
DA:1146,0
DA:1147,0
DA:1152,91195
DA:1153,0
DA:1156,91195
DA:1159,91195
DA:1160,0
DA:1162,0
DA:1163,0
DA:1169,0
DA:1171,0
DA:1175,0
DA:1179,0
DA:1180,0
DA:1187,0
DA:1188,0
DA:1189,0
DA:1190,0
DA:1191,0
DA:1194,0
DA:1196,0
DA:1197,0
DA:1198,0
DA:1199,0
DA:1200,0
DA:1204,0
DA:1205,0
DA:1206,0
DA:1207,0
DA:1208,0
DA:1212,0
DA:1214,0
DA:1215,0
DA:1216,0
DA:1220,0
DA:1221,0
DA:1222,0
DA:1223,0
DA:1224,0
DA:1225,0
DA:1229,91195
DA:1232,0
DA:1233,0
DA:1235,0
DA:1236,0
DA:1241,0
DA:1249,0
DA:1253,0
DA:1254,0
DA:1256,0
DA:1257,0
DA:1262,0
DA:1270,0
DA:1271,0
DA:1277,91195
DA:1279,0
DA:1280,0
DA:1282,0
DA:1283,0
DA:1284,0
DA:1285,0
DA:1290,0
DA:1298,0
DA:1306,0
DA:1307,0
DA:1308,0
DA:1312,91195
DA:1313,0
DA:1314,0
DA:1315,0
DA:1319,91195
DA:1321,91195
DA:1322,91195
DA:1324,91195
DA:1325,182390
DA:1326,91195
DA:1328,91195
DA:1331,91195
DA:1332,91195
DA:1334,91195
DA:1345,1027180
DA:1347,1027180
DA:1348,1027180
DA:1350,1027180
DA:1352,6163100
DA:1353,6163100
DA:1354,5135920
DA:1355,5135920
DA:1357,5135920
DA:1361,1027180
DA:1363,0
DA:1364,0
DA:1365,0
DA:1367,0
DA:1368,0
DA:1369,0
DA:1371,0
DA:1372,0
DA:1373,0
DA:1374,0
DA:1377,0
DA:1382,1027180
DA:1383,1027180
DA:1384,1027180
DA:1385,1027180
DA:1387,1027180
DA:1390,1027180
DA:1391,1027180
DA:1394,1027180
DA:1398,3081550
DA:1399,2054370
DA:1403,1027180
DA:1404,1027180
DA:1405,1027180
DA:1406,1027180
DA:1408,1027180
DA:1409,1027180
DA:1410,1027180
DA:1411,1027180
DA:1414,1027180
DA:1417,1027180
DA:1418,1027180
DA:1421,1027180
DA:1422,1027180
DA:1424,1027180
DA:1425,1027180
DA:1426,1027180
DA:1427,1027180
DA:1428,1027180
DA:1430,1027180
DA:1433,6163100
DA:1434,5135920
DA:1436,1027180
DA:1437,1027180
DA:1438,1027180
DA:1448,0
DA:1449,0
DA:1450,0
DA:1451,0
DA:1452,0
DA:1454,0
DA:1458,0
DA:1459,0
DA:1460,0
DA:1461,0
DA:1464,0
DA:1467,0
DA:1468,0
DA:1469,0
DA:1472,0
DA:1474,0
DA:1475,0
DA:1476,0
DA:1478,0
DA:1479,0
DA:1481,0
DA:1482,0
DA:1483,0
DA:1484,0
DA:1488,0
DA:1489,0
DA:1494,0
DA:1496,0
DA:1497,0
DA:1499,0
DA:1500,0
DA:1502,0
DA:1503,0
DA:1504,0
DA:1505,0
DA:1510,0
DA:1512,0
DA:1529,6820490
DA:1530,6820490
DA:1531,6820490
DA:1532,6252020
DA:1550,1971710
DA:1551,1971710
DA:1554,1971710
DA:1555,1971710
DA:1556,1971710
DA:1557,1971710
DA:1558,1971710
DA:1560,1971710
DA:1561,0
DA:1563,1971710
DA:1581,2501080
DA:1582,2501080
DA:1583,2501080
DA:1585,2501080
DA:1586,2501080
DA:1587,2501080
DA:1588,2501080
DA:1589,2501080
DA:1592,2501080
DA:1593,985853
DA:1594,985853
DA:1595,985853
DA:1614,210753
DA:1616,210753
DA:1617,210753
DA:1618,210753
DA:1619,210753
DA:1620,210753
DA:1621,210753
DA:1622,1711330
DA:1623,1500580
DA:1625,1500580
DA:1626,1069630
DA:1627,1069630
DA:1629,1069630
DA:1630,1069630
DA:1631,1069630
DA:1634,1500580
DA:1635,1289820
DA:1637,1500580
DA:1638,1500580
DA:1641,210753
DA:1642,210753
DA:1644,210753
DA:1645,210753
DA:1647,210753
DA:1661,212169
DA:1662,212169
DA:1663,1302160
DA:1664,1090000
DA:1665,1090000
DA:1666,2179990
DA:1668,212169
DA:1683,209337
DA:1684,209337
DA:1685,1689550
DA:1686,2960430
DA:1688,209337
DA:1703,209337
DA:1704,209337
DA:1705,209337
DA:1707,209337
DA:1708,209337
DA:1709,0
DA:1710,0
DA:1711,0
DA:1712,0
DA:1714,209337
DA:1715,418674
DA:1717,209337
DA:1731,708
DA:1732,708
DA:1733,708
DA:1735,708
DA:1736,708
DA:1737,0
DA:1738,0
DA:1739,0
DA:1740,0
DA:1742,708
DA:1743,708
DA:1745,708
DA:1746,708
DA:1747,1416
DA:1750,708
DA:1761,210753
DA:1762,210753
DA:1763,210753
DA:1765,210753
DA:1767,210753
DA:1768,1280390
DA:1769,1069630
DA:1770,1069630
DA:1771,1069630
DA:1773,210753
DA:1783,3046
DA:1784,3046
DA:1785,3046
DA:1786,3046
DA:1787,3046
DA:1789,3046
DA:1800,3046
DA:1801,3046
DA:1802,3046
DA:1803,16863500
DA:1804,16863500
DA:1806,16860500
DA:1809,3046
DA:1812,3046
DA:1814,3046
DA:1827,3046
DA:1829,6092
DA:1831,3754
DA:1832,708
DA:1834,3046
DA:1835,3046
DA:1836,3046
DA:1847,708
DA:1848,708
DA:1849,708
DA:1851,708
DA:1852,708
DA:1854,708
DA:1855,708
DA:1856,708
DA:1867,1416
DA:1868,21779
DA:1869,20363
DA:1871,1416
DA:1873,1416
DA:1874,2832
DA:1875,1416
DA:1876,1416
DA:1887,210753
DA:1888,1280390
DA:1889,1069630
DA:1891,210753
DA:1892,210753
DA:1893,210753
DA:1895,210753
DA:1896,421506
DA:1897,210753
DA:1898,210753
DA:1916,19653800
DA:1917,19653800
DA:1919,19653800
DA:1920,19653800
DA:1921,19653800
DA:1922,19653800
DA:1923,19653800
DA:1924,19653800
DA:1925,969827
DA:1926,969827
DA:1927,969827
DA:1928,969827
DA:1930,969827
DA:1931,969827
DA:1938,19653800
DA:1939,969827
DA:1940,969827
DA:1941,969827
DA:1943,969827
DA:1944,969827
DA:1945,969827
DA:1946,969827
DA:1947,969827
DA:1949,969827
DA:1950,969827
DA:1951,969827
DA:1952,969827
DA:1953,969827
DA:1960,19653800
DA:1961,0
DA:1962,0
DA:1963,0
DA:1964,0
DA:1966,0
DA:1968,0
DA:1970,19653800
DA:1971,0
DA:1973,19653800
DA:1974,0
DA:1976,19653800
DA:1977,0
DA:1980,19653800
DA:1981,0
DA:1983,19653800
DA:1987,19653800
DA:1988,969827
DA:1989,19653800
DA:1990,969827
DA:1991,19653800
DA:1992,0
DA:1993,19653800
DA:1994,969827
DA:1996,19653800
DA:2010,0
DA:2011,0
DA:2013,0
DA:2015,0
DA:2016,0
DA:2017,0
DA:2018,0
DA:2019,0
DA:2020,0
DA:2021,0
DA:2022,0
DA:2023,0
DA:2024,0
DA:2025,0
DA:2026,0
DA:2027,0
DA:2028,0
DA:2029,0
DA:2030,0
DA:2031,0
DA:2032,0
DA:2033,0
DA:2034,0
DA:2035,0
DA:2036,0
DA:2037,0
DA:2038,0
DA:2039,0
DA:2040,0
DA:2041,0
DA:2042,0
DA:2043,0
DA:2044,0
DA:2045,0
DA:2046,0
DA:2047,0
DA:2049,0
DA:2050,0
DA:2052,0
DA:2053,0
DA:2054,0
DA:2055,0
DA:2056,0
DA:2057,0
DA:2058,0
DA:2059,0
DA:2061,0
DA:2062,0
DA:2064,0
DA:2066,0
DA:2067,0
DA:2069,0
DA:2070,0
DA:2072,0
DA:2073,0
DA:2075,0
DA:2076,0
DA:2080,0
DA:2096,0
DA:2097,0
DA:2098,0
DA:2099,0
DA:2101,0
DA:2102,0
DA:2104,0
DA:2105,0
DA:2107,0
DA:2108,0
DA:2109,0
DA:2110,0
DA:2111,0
DA:2113,0
DA:2114,0
DA:2116,0
DA:2119,0
DA:2120,0
DA:2122,0
DA:2123,0
DA:2127,0
DA:2129,0
DA:2130,0
DA:2133,0
DA:2137,0
DA:2138,0
DA:2140,0
DA:2154,0
DA:2156,0
DA:2157,0
DA:2158,0
DA:2160,0
DA:2161,0
DA:2162,0
DA:2163,0
DA:2164,0
DA:2165,0
DA:2167,0
DA:2168,0
DA:2169,0
DA:2170,0
DA:2172,0
DA:2173,0
DA:2174,0
DA:2175,0
DA:2176,0
DA:2178,0
DA:2179,0
DA:2180,0
DA:2182,0
DA:2183,0
DA:2184,0
DA:2186,0
DA:2187,0
DA:2188,0
DA:2190,0
DA:2191,0
DA:2192,0
DA:2194,0
DA:2195,0
DA:2196,0
DA:2198,0
DA:2199,0
DA:2200,0
DA:2202,0
DA:2203,0
DA:2204,0
DA:2206,0
DA:2207,0
DA:2208,0
DA:2209,0
DA:2210,0
DA:2211,0
DA:2212,0
DA:2215,0
DA:2216,0
DA:2217,0
DA:2218,0
DA:2219,0
DA:2220,0
DA:2222,0
DA:2223,0
DA:2224,0
DA:2225,0
DA:2226,0
DA:2228,0
DA:2229,0
DA:2230,0
DA:2231,0
DA:2232,0
DA:2234,0
DA:2235,0
DA:2236,0
DA:2237,0
DA:2238,0
DA:2240,0
DA:2241,0
DA:2242,0
DA:2243,0
DA:2244,0
DA:2246,0
DA:2247,0
DA:2248,0
DA:2249,0
DA:2250,0
DA:2252,0
DA:2253,0
DA:2254,0
DA:2255,0
DA:2256,0
DA:2258,0
DA:2259,0
DA:2260,0
DA:2261,0
DA:2262,0
DA:2264,0
DA:2265,0
DA:2266,0
DA:2267,0
DA:2268,0
DA:2270,0
DA:2271,0
DA:2272,0
DA:2273,0
DA:2274,0
DA:2276,0
DA:2277,0
DA:2278,0
DA:2279,0
DA:2280,0
DA:2282,0
DA:2283,0
DA:2284,0
DA:2285,0
DA:2286,0
DA:2289,0
DA:2296,0
DA:2299,0
DA:2300,0
DA:2301,0
DA:2312,0
DA:2313,0
DA:2314,0
DA:2315,0
DA:2316,0
DA:2317,0
DA:2318,0
DA:2319,0
DA:2320,0
DA:2321,0
DA:2322,0
DA:2323,0
DA:2324,0
DA:2325,0
DA:2326,0
DA:2327,0
DA:2328,0
DA:2329,0
DA:2330,0
DA:2331,0
DA:2332,0
DA:2333,0
DA:2334,0
DA:2335,0
DA:2341,0
end_of_record
SF:/usr/include/c++/9/bits/stl_vector.h
DA:1040,3046
DA:1043,3046
end_of_record
SF:/usr/include/c++/9/bits/allocator.h
DA:138,26416500
DA:141,0
DA:142,0
DA:151,425012
DA:153,26417000
end_of_record
SF:/usr/include/c++/9/bits/stl_algobase.h
DA:198,0
DA:203,0
DA:204,0
end_of_record
SF:/usr/include/c++/9/ext/new_allocator.h
DA:80,26841500
DA:83,0
DA:89,26417000
DA:119,17736100
DA:128,17736100
end_of_record
SF:/usr/include/c++/9/bits/move.h
DA:47,26417000
DA:74,222977
DA:99,223474
DA:138,26417000
DA:139,26417000
end_of_record
SF:/usr/include/c++/9/utility
DA:174,222480
DA:175,222480
DA:219,222480
DA:220,222480
end_of_record
SF:/usr/include/c++/9/bits/stl_function.h
DA:355,222480
DA:356,222480
end_of_record
SF:/usr/include/c++/9/bits/hashtable.h
FN:1348,_ZNSt10_HashtableINSt7__cxx1112basic_stringIcSt11char_traitsIcESaIcEEESt4pairIKS5_PvESaIS9_ENSt8__detail10_Select1stESt8equal_toIS5_ESt4hashIS5_ENSB_18_Mod_range_hashingENSB_20_Default_ranged_hashENSB_20_Prime_rehash_policyENSB_17_Hashtable_traitsILb1ELb0ELb1EEEED2Ev
FNDA:427598,_ZNSt10_HashtableINSt7__cxx1112basic_stringIcSt11char_traitsIcESaIcEEESt4pairIKS5_PvESaIS9_ENSt8__detail10_Select1stESt8equal_toIS5_ESt4hashIS5_ENSB_18_Mod_range_hashingENSB_20_Default_ranged_hashENSB_20_Prime_rehash_policyENSB_17_Hashtable_traitsILb1ELb0ELb1EEEED2Ev
FN:1412,_ZNSt10_HashtableINSt7__cxx1112basic_stringIcSt11char_traitsIcESaIcEEESt4pairIKS5_14operation_listESaIS9_ENSt8__detail10_Select1stESt8equal_toIS5_ESt4hashIS5_ENSB_18_Mod_range_hashingENSB_20_Default_ranged_hashENSB_20_Prime_rehash_policyENSB_17_Hashtable_traitsILb1ELb0ELb1EEEE4findERS7_
FNDA:0,_ZNSt10_HashtableINSt7__cxx1112basic_stringIcSt11char_traitsIcESaIcEEESt4pairIKS5_14operation_listESaIS9_ENSt8__detail10_Select1stESt8equal_toIS5_ESt4hashIS5_ENSB_18_Mod_range_hashingENSB_20_Default_ranged_hashENSB_20_Prime_rehash_policyENSB_17_Hashtable_traitsILb1ELb0ELb1EEEE4findERS7_
FN:1532,_ZNKSt10_HashtableINSt7__cxx1112basic_stringIcSt11char_traitsIcESaIcEEESt4pairIKS5_14operation_listESaIS9_ENSt8__detail10_Select1stESt8equal_toIS5_ESt4hashIS5_ENSB_18_Mod_range_hashingENSB_20_Default_ranged_hashENSB_20_Prime_rehash_policyENSB_17_Hashtable_traitsILb1ELb0ELb1EEEE19_M_find_before_nodeEmRS7_m
FNDA:222977,_ZNKSt10_HashtableINSt7__cxx1112basic_stringIcSt11char_traitsIcESaIcEEESt4pairIKS5_14operation_listESaIS9_ENSt8__detail10_Select1stESt8equal_toIS5_ESt4hashIS5_ENSB_18_Mod_range_hashingENSB_20_Default_ranged_hashENSB_20_Prime_rehash_policyENSB_17_Hashtable_traitsILb1ELb0ELb1EEEE19_M_find_before_nodeEmRS7_m
FN:1560,_ZNSt10_HashtableINSt7__cxx1112basic_stringIcSt11char_traitsIcESaIcEEESt4pairIKS5_14operation_listESaIS9_ENSt8__detail10_Select1stESt8equal_toIS5_ESt4hashIS5_ENSB_18_Mod_range_hashingENSB_20_Default_ranged_hashENSB_20_Prime_rehash_policyENSB_17_Hashtable_traitsILb1ELb0ELb1EEEE22_M_insert_bucket_beginEmPNSB_10_Hash_nodeIS9_Lb1EEE
FNDA:0,_ZNSt10_HashtableINSt7__cxx1112basic_stringIcSt11char_traitsIcESaIcEEESt4pairIKS5_14operation_listESaIS9_ENSt8__detail10_Select1stESt8equal_toIS5_ESt4hashIS5_ENSB_18_Mod_range_hashingENSB_20_Default_ranged_hashENSB_20_Prime_rehash_policyENSB_17_Hashtable_traitsILb1ELb0ELb1EEEE22_M_insert_bucket_beginEmPNSB_10_Hash_nodeIS9_Lb1EEE
FN:1698,_ZNSt10_HashtableINSt7__cxx1112basic_stringIcSt11char_traitsIcESaIcEEESt4pairIKS5_14operation_listESaIS9_ENSt8__detail10_Select1stESt8equal_toIS5_ESt4hashIS5_ENSB_18_Mod_range_hashingENSB_20_Default_ranged_hashENSB_20_Prime_rehash_policyENSB_17_Hashtable_traitsILb1ELb0ELb1EEEE21_M_insert_unique_nodeEmmPNSB_10_Hash_nodeIS9_Lb1EEEm
FNDA:0,_ZNSt10_HashtableINSt7__cxx1112basic_stringIcSt11char_traitsIcESaIcEEESt4pairIKS5_14operation_listESaIS9_ENSt8__detail10_Select1stESt8equal_toIS5_ESt4hashIS5_ENSB_18_Mod_range_hashingENSB_20_Default_ranged_hashENSB_20_Prime_rehash_policyENSB_17_Hashtable_traitsILb1ELb0ELb1EEEE21_M_insert_unique_nodeEmmPNSB_10_Hash_nodeIS9_Lb1EEEm
FN:2024,_ZNSt10_HashtableINSt7__cxx1112basic_stringIcSt11char_traitsIcESaIcEEESt4pairIKS5_PvESaIS9_ENSt8__detail10_Select1stESt8equal_toIS5_ESt4hashIS5_ENSB_18_Mod_range_hashingENSB_20_Default_ranged_hashENSB_20_Prime_rehash_policyENSB_17_Hashtable_traitsILb1ELb0ELb1EEEE5clearEv
FNDA:427598,_ZNSt10_HashtableINSt7__cxx1112basic_stringIcSt11char_traitsIcESaIcEEESt4pairIKS5_PvESaIS9_ENSt8__detail10_Select1stESt8equal_toIS5_ESt4hashIS5_ENSB_18_Mod_range_hashingENSB_20_Default_ranged_hashENSB_20_Prime_rehash_policyENSB_17_Hashtable_traitsILb1ELb0ELb1EEEE5clearEv
FN:2061,_ZNSt10_HashtableINSt7__cxx1112basic_stringIcSt11char_traitsIcESaIcEEESt4pairIKS5_14operation_listESaIS9_ENSt8__detail10_Select1stESt8equal_toIS5_ESt4hashIS5_ENSB_18_Mod_range_hashingENSB_20_Default_ranged_hashENSB_20_Prime_rehash_policyENSB_17_Hashtable_traitsILb1ELb0ELb1EEEE9_M_rehashEmRKm
FNDA:0,_ZNSt10_HashtableINSt7__cxx1112basic_stringIcSt11char_traitsIcESaIcEEESt4pairIKS5_14operation_listESaIS9_ENSt8__detail10_Select1stESt8equal_toIS5_ESt4hashIS5_ENSB_18_Mod_range_hashingENSB_20_Default_ranged_hashENSB_20_Prime_rehash_policyENSB_17_Hashtable_traitsILb1ELb0ELb1EEEE9_M_rehashEmRKm
FN:2084,_ZNSt10_HashtableINSt7__cxx1112basic_stringIcSt11char_traitsIcESaIcEEESt4pairIKS5_14operation_listESaIS9_ENSt8__detail10_Select1stESt8equal_toIS5_ESt4hashIS5_ENSB_18_Mod_range_hashingENSB_20_Default_ranged_hashENSB_20_Prime_rehash_policyENSB_17_Hashtable_traitsILb1ELb0ELb1EEEE13_M_rehash_auxEmSt17integral_constantIbLb1EE
FNDA:0,_ZNSt10_HashtableINSt7__cxx1112basic_stringIcSt11char_traitsIcESaIcEEESt4pairIKS5_14operation_listESaIS9_ENSt8__detail10_Select1stESt8equal_toIS5_ESt4hashIS5_ENSB_18_Mod_range_hashingENSB_20_Default_ranged_hashENSB_20_Prime_rehash_policyENSB_17_Hashtable_traitsILb1ELb0ELb1EEEE13_M_rehash_auxEmSt17integral_constantIbLb1EE
DA:342,427598
DA:343,427598
DA:353,0
DA:355,0
DA:357,0
DA:358,0
DA:361,0
DA:365,427598
DA:367,427598
DA:370,425012
DA:374,427598
DA:375,0
DA:383,427598
DA:414,424552
DA:512,0
DA:513,0
DA:639,20074
DA:640,20074
DA:643,222977
DA:644,222977
DA:652,222977
DA:655,222977
DA:656,222977
DA:657,222480
DA:1348,427598
DA:1352,427598
DA:1353,427598
DA:1354,427598
DA:1412,0
DA:1417,0
DA:1418,0
DA:1419,0
DA:1420,0
DA:1532,222977
DA:1538,222977
DA:1539,222977
DA:1542,222720
DA:1545,242682
DA:1546,222480
DA:1548,20202
DA:1560,0
DA:1564,0
DA:1568,0
DA:1569,0
DA:1576,0
DA:1577,0
DA:1578,0
DA:1581,0
DA:1582,0
DA:1584,0
DA:1698,0
DA:1704,0
DA:1705,0
DA:1711,0
DA:1713,0
DA:1714,0
DA:1717,0
DA:1720,0
DA:1721,0
DA:1722,0
DA:1724,0
DA:1726,0
DA:1727,0
DA:2024,427598
DA:2028,427598
DA:2029,427598
DA:2030,427598
DA:2031,427598
DA:2032,427598
DA:2061,0
DA:2067,0
DA:2069,0
DA:2073,0
DA:2074,0
DA:2076,0
DA:2084,0
DA:2088,0
DA:2089,0
DA:2090,0
DA:2091,0
DA:2092,0
DA:2094,0
DA:2095,0
DA:2096,0
DA:2098,0
DA:2099,0
DA:2100,0
DA:2101,0
DA:2102,0
DA:2107,0
DA:2108,0
DA:2113,0
DA:2114,0
DA:2115,0
DA:2116,0
end_of_record
SF:/usr/include/c++/9/bits/functional_hash.h
DA:195,222977
DA:197,222977
end_of_record
SF:/usr/include/c++/9/bits/stl_iterator_base_funcs.h
DA:98,11785400
DA:104,11785400
DA:138,11785400
DA:141,11785400
end_of_record
SF:/workspace/vtr-verilog-to-routing/ODIN_II/SRC/include/Hashtable.hpp
DA:32,852150
end_of_record
SF:/usr/include/c++/9/bits/stl_pair.h
end_of_record
SF:/workspace/vtr-verilog-to-routing/ODIN_II/SRC/include/BLIF.hpp
FN:116,_Z8getblineRPcmP8_IO_FILE
FNDA:59448500,_Z8getblineRPcmP8_IO_FILE
FN:165,_ZN4BLIF6Reader6_writeEPK9netlist_t
FNDA:0,_ZN4BLIF6Reader6_writeEPK9netlist_t
DA:116,59448500
DA:117,59448500
DA:118,59448500
DA:119,59347400
DA:120,59347400
DA:123,59448500
DA:124,0
DA:126,59448500
DA:127,59448500
DA:130,59448500
DA:165,0
DA:166,0
DA:167,0
end_of_record
SF:/usr/include/c++/9/iostream
end_of_record
SF:/usr/include/stdlib.h
DA:361,1027180
DA:363,1027180
end_of_record
SF:/usr/include/c++/9/ext/aligned_buffer.h
DA:102,445457
DA:104,222480
DA:114,445457
DA:115,445457
end_of_record
SF:/usr/include/x86_64-linux-gnu/bits/string_fortified.h
DA:31,2909480
DA:34,1939650
DA:126,1280390
DA:128,1280390
end_of_record
SF:/usr/include/c++/9/ext/type_traits.h
DA:152,11785400
end_of_record
SF:/usr/include/c++/9/bits/alloc_traits.h
DA:469,17736100
DA:470,17736100
end_of_record
SF:/usr/include/c++/9/new
end_of_record
SF:/usr/include/c++/9/bits/char_traits.h
DA:299,11787900
DA:300,2580
DA:303,0
DA:304,0
DA:315,222480
DA:317,222480
DA:325,222480
DA:329,0
DA:335,0
DA:361,11782800
DA:363,11782800
DA:365,11782800
end_of_record
SF:/usr/include/c++/9/bits/ptr_traits.h
DA:146,26417000
DA:147,26417000
end_of_record
SF:/usr/include/c++/9/bits/unordered_map.h
DA:102,427598
DA:141,424552
DA:346,0
DA:347,0
DA:920,0
DA:921,0
DA:988,222977
DA:989,222977
end_of_record
TN:
SF:/usr/include/c++/9/bits/stl_iterator_base_funcs.h
DA:98,11314
DA:104,11314
DA:138,11314
DA:141,11314
end_of_record
SF:/usr/include/c++/9/bits/stl_pair.h
DA:208,6682
end_of_record
SF:/usr/include/c++/9/iostream
end_of_record
SF:/usr/include/c++/9/bits/ptr_traits.h
DA:146,17163
DA:147,17163
end_of_record
SF:/usr/include/c++/9/bits/char_traits.h
DA:299,11314
DA:300,0
DA:361,11314
DA:363,11314
DA:365,0
end_of_record
SF:/usr/include/c++/9/ext/alloc_traits.h
DA:97,2007
DA:98,2007
end_of_record
SF:/usr/include/c++/9/ext/type_traits.h
DA:152,11314
end_of_record
SF:/usr/include/c++/9/bits/alloc_traits.h
DA:469,14330
DA:470,14330
DA:514,2007
DA:515,2007
end_of_record
SF:/usr/include/c++/9/bits/basic_string.tcc
FN:206,_ZNSt7__cxx1112basic_stringIcSt11char_traitsIcESaIcEE12_M_constructIPcEEvT_S7_St20forward_iterator_tag
FNDA:0,_ZNSt7__cxx1112basic_stringIcSt11char_traitsIcESaIcEE12_M_constructIPcEEvT_S7_St20forward_iterator_tag
FN:206,_ZNSt7__cxx1112basic_stringIcSt11char_traitsIcESaIcEE12_M_constructIPKcEEvT_S8_St20forward_iterator_tag
FNDA:11314,_ZNSt7__cxx1112basic_stringIcSt11char_traitsIcESaIcEE12_M_constructIPKcEEvT_S8_St20forward_iterator_tag
DA:206,0
DA:211,0
DA:212,0
DA:215,0
DA:217,0
DA:219,0
DA:220,0
DA:225,0
DA:232,0
DA:233,0
DA:206,11314
DA:211,11314
DA:212,0
DA:215,11314
DA:217,11314
DA:219,0
DA:220,0
DA:225,11314
DA:232,11314
DA:233,11314
end_of_record
SF:/usr/include/c++/9/bits/basic_string.h
DA:150,16662
DA:159,2007
DA:160,2007
DA:178,0
DA:179,0
DA:182,11314
DA:183,11314
DA:186,110675
DA:190,2007
DA:193,2007
DA:200,16662
DA:203,16662
DA:210,0
DA:211,0
DA:214,11314
DA:216,11314
DA:217,11314
DA:221,16662
DA:222,16662
DA:229,16662
DA:231,15156
DA:232,27745
DA:236,11083
DA:237,11083
DA:243,2007
DA:247,2007
DA:263,2007
DA:266,4014
DA:286,11083
DA:287,11083
DA:290,2007
DA:291,2007
DA:346,11314
DA:348,11314
DA:349,0
DA:351,11314
DA:392,0
DA:393,0
DA:396,11314
DA:398,11314
DA:448,2007
DA:450,2007
DA:451,2007
DA:657,15156
DA:658,16242
DA:930,22844
DA:936,2007
DA:1063,42967
DA:1070,20837
DA:1177,2007
DA:1178,2007
DA:1186,20837
DA:1188,20837
DA:2300,15328
DA:2301,15328
end_of_record
SF:/usr/include/c++/9/bits/allocator.h
DA:138,11314
DA:141,2007
DA:142,2007
DA:153,50400
end_of_record
SF:/usr/include/c++/9/bits/stl_vector.h
FN:675,_ZNSt6vectorISt4pairINSt7__cxx1112basic_stringIcSt11char_traitsIcESaIcEEEiESaIS7_EED2Ev
FNDA:6293,_ZNSt6vectorISt4pairINSt7__cxx1112basic_stringIcSt11char_traitsIcESaIcEEEiESaIS7_EED2Ev
DA:125,6293
DA:273,6293
DA:274,6293
DA:330,6293
DA:332,12586
DA:333,6293
DA:334,6293
DA:347,6293
DA:350,6293
DA:351,3247
DA:675,6293
DA:677,12586
DA:678,6293
DA:680,6293
DA:915,4014
DA:916,4014
DA:1040,4014
DA:1043,4014
end_of_record
SF:/usr/include/x86_64-linux-gnu/bits/stdlib.h
DA:37,2007
DA:39,2007
DA:45,0
DA:48,2007
end_of_record
SF:/usr/include/x86_64-linux-gnu/bits/stdio2.h
DA:98,18676
DA:100,18506
DA:101,0
DA:127,2177
DA:130,2177
end_of_record
SF:/workspace/vtr-verilog-to-routing/ODIN_II/SRC/odin_error.cpp
FN:28,_Z20verify_delayed_error10odin_error
FNDA:3247,_Z20verify_delayed_error10odin_error
FN:34,_ZL20make_marker_from_strNSt7__cxx1112basic_stringIcSt11char_traitsIcESaIcEEEi
FNDA:2007,_ZL20make_marker_from_strNSt7__cxx1112basic_stringIcSt11char_traitsIcESaIcEEEi
FN:53,_ZL16get_culprit_lineiPKc
FNDA:9307,_ZL16get_culprit_lineiPKc
FN:80,_ZL31print_culprit_line_with_contextiiPKci
FNDA:2007,_ZL31print_culprit_line_with_contextiiPKci
FN:91,_Z12_log_message10odin_error5loc_tbPKciS2_S2_z
FNDA:2177,_Z12_log_message10odin_error5loc_tbPKciS2_S2_z
FN:131,_Z14_verbose_abortPKcS0_iS0_
FNDA:0,_Z14_verbose_abortPKcS0_iS0_
DA:28,3247
DA:29,3247
DA:30,0
DA:32,3247
DA:34,2007
DA:35,2007
DA:37,22844
DA:38,22484
DA:40,20837
DA:41,6021
DA:42,14816
DA:45,20837
DA:49,2007
DA:50,2007
DA:53,9307
DA:54,9307
DA:55,9307
DA:56,9307
DA:60,320327000
DA:61,320327000
DA:62,320327000
DA:64,320326000
DA:65,8740660
DA:66,8740660
DA:68,8731940
DA:71,311586000
DA:72,245580
DA:75,9307
DA:77,9307
DA:80,2007
DA:81,11802
DA:82,18614
DA:83,9307
DA:84,9307
DA:85,9307
DA:86,6102
DA:89,2007
DA:91,2177
DA:92,2177
DA:94,2177
DA:96,2177
DA:97,2007
DA:98,2007
DA:99,2007
DA:102,2177
DA:103,2177
DA:105,0
DA:108,2177
DA:110,2177
DA:111,2177
DA:112,2177
DA:113,2177
DA:114,2177
DA:116,2177
DA:117,831
DA:120,2007
DA:121,4184
DA:122,2007
DA:125,2177
DA:126,2177
DA:127,0
DA:129,2177
DA:131,0
DA:132,0
DA:133,0
DA:134,0
DA:136,0
DA:138,0
DA:141,0
DA:143,0
DA:144,0
end_of_record
SF:/usr/include/c++/9/bits/stl_construct.h
DA:97,3341
DA:98,3341
DA:107,9634
DA:108,6682
DA:137,6293
DA:203,6293
DA:206,6293
end_of_record
SF:/usr/include/c++/9/ext/new_allocator.h
DA:80,11314
DA:83,2007
DA:89,27556
DA:119,14330
DA:128,14330
end_of_record
SF:/usr/include/c++/9/bits/stl_algobase.h
DA:222,2007
DA:227,2007
DA:228,488
end_of_record
SF:/usr/include/c++/9/bits/move.h
DA:47,3341
DA:99,2007
DA:138,18669
DA:139,17163
end_of_record
TN:
SF:/usr/include/c++/9/iostream
end_of_record
SF:/workspace/vtr-verilog-to-routing/ODIN_II/SRC/Power.cpp
FN:53,_Z18resolve_power_nodeP7nnode_tmP9netlist_t
FNDA:0,_Z18resolve_power_nodeP7nnode_tmP9netlist_t
FN:115,_ZL33implement_constant_exponentiationP7nnode_tmP9netlist_t
FNDA:0,_ZL33implement_constant_exponentiationP7nnode_tmP9netlist_t
FN:262,_ZL37implement_non_constant_exponentiationP7nnode_tmP9netlist_t
FNDA:0,_ZL37implement_non_constant_exponentiationP7nnode_tmP9netlist_t
DA:53,0
DA:54,0
DA:55,0
DA:66,0
DA:67,0
DA:68,0
DA:69,0
DA:70,0
DA:73,0
DA:74,0
DA:78,0
DA:79,0
DA:83,0
DA:85,0
DA:86,0
DA:89,0
DA:90,0
DA:92,0
DA:94,0
DA:96,0
DA:100,0
DA:101,0
DA:102,0
DA:115,0
DA:116,0
DA:117,0
DA:146,0
DA:147,0
DA:148,0
DA:149,0
DA:150,0
DA:151,0
DA:154,0
DA:155,0
DA:157,0
DA:158,0
DA:160,0
DA:162,0
DA:165,0
DA:166,0
DA:167,0
DA:171,0
DA:172,0
DA:173,0
DA:176,0
DA:181,0
DA:183,0
DA:184,0
DA:186,0
DA:188,0
DA:191,0
DA:193,0
DA:195,0
DA:196,0
DA:198,0
DA:199,0
DA:204,0
DA:205,0
DA:206,0
DA:207,0
DA:208,0
DA:210,0
DA:212,0
DA:214,0
DA:217,0
DA:219,0
DA:226,0
DA:228,0
DA:231,0
DA:233,0
DA:235,0
DA:236,0
DA:238,0
DA:240,0
DA:242,0
DA:243,0
DA:245,0
DA:246,0
DA:247,0
DA:248,0
DA:262,0
DA:263,0
DA:264,0
DA:309,0
DA:310,0
DA:311,0
DA:312,0
DA:314,0
DA:315,0
DA:316,0
DA:319,0
DA:320,0
DA:321,0
DA:322,0
DA:324,0
DA:327,0
DA:329,0
DA:332,0
DA:333,0
DA:334,0
DA:339,0
DA:344,0
DA:346,0
DA:347,0
DA:348,0
DA:351,0
DA:353,0
DA:356,0
DA:358,0
DA:359,0
DA:363,0
DA:364,0
DA:365,0
DA:366,0
DA:368,0
DA:370,0
DA:372,0
DA:375,0
DA:380,0
DA:381,0
DA:382,0
DA:383,0
DA:386,0
DA:387,0
DA:389,0
DA:390,0
DA:396,0
DA:398,0
DA:399,0
DA:401,0
DA:402,0
DA:403,0
DA:405,0
DA:408,0
DA:412,0
DA:413,0
DA:415,0
DA:416,0
DA:420,0
DA:421,0
DA:423,0
DA:426,0
DA:428,0
DA:430,0
DA:431,0
DA:434,0
DA:435,0
DA:437,0
DA:438,0
DA:439,0
DA:440,0
end_of_record
TN:
SF:/usr/include/c++/9/iostream
end_of_record
SF:/workspace/vtr-verilog-to-routing/ODIN_II/SRC/BLIFElaborate.cpp
FN:98,_Z18blif_elaborate_topP9netlist_t
FNDA:3046,_Z18blif_elaborate_topP9netlist_t
FN:133,_Z39depth_first_traversal_to_blif_elaboratesP9netlist_t
FNDA:0,_Z39depth_first_traversal_to_blif_elaboratesP9netlist_t
FN:161,_Z35depth_first_traverse_blif_elaborateP7nnode_tmP9netlist_t
FNDA:0,_Z35depth_first_traverse_blif_elaborateP7nnode_tmP9netlist_t
FN:201,_Z19blif_elaborate_nodeP7nnode_tsP9netlist_t
FNDA:0,_Z19blif_elaborate_nodeP7nnode_tsP9netlist_t
FN:336,_ZL21resolve_logical_nodesP7nnode_tmP9netlist_t
FNDA:0,_ZL21resolve_logical_nodesP7nnode_tmP9netlist_t
FN:383,_ZL19resolve_shift_nodesP7nnode_tmP9netlist_t
FNDA:0,_ZL19resolve_shift_nodesP7nnode_tmP9netlist_t
FN:416,_ZL24resolve_case_equal_nodesP7nnode_tmP9netlist_t
FNDA:0,_ZL24resolve_case_equal_nodesP7nnode_tmP9netlist_t
FN:454,_ZL24resolve_arithmetic_nodesP7nnode_tmP9netlist_t
FNDA:0,_ZL24resolve_arithmetic_nodesP7nnode_tmP9netlist_t
FN:534,_ZL17resolve_mux_nodesP7nnode_tmP9netlist_t
FNDA:0,_ZL17resolve_mux_nodesP7nnode_tmP9netlist_t
FN:587,_ZL19resolve_latch_nodesP7nnode_tmP9netlist_t
FNDA:0,_ZL19resolve_latch_nodesP7nnode_tmP9netlist_t
FN:631,_ZL16resolve_ff_nodesP7nnode_tmP9netlist_t
FNDA:0,_ZL16resolve_ff_nodesP7nnode_tmP9netlist_t
FN:704,_ZL20resolve_memory_nodesP7nnode_tmP9netlist_t
FNDA:0,_ZL20resolve_memory_nodesP7nnode_tmP9netlist_t
FN:768,_ZL15look_for_clocksP9netlist_t
FNDA:0,_ZL15look_for_clocksP9netlist_t
DA:98,3046
DA:105,3046
DA:110,0
DA:112,0
DA:115,0
DA:120,0
DA:122,3046
DA:133,0
DA:134,0
DA:137,0
DA:138,0
DA:139,0
DA:143,0
DA:144,0
DA:145,0
DA:148,0
DA:149,0
DA:161,0
DA:162,0
DA:164,0
DA:168,0
DA:170,0
DA:171,0
DA:172,0
DA:173,0
DA:174,0
DA:175,0
DA:176,0
DA:178,0
DA:187,0
DA:189,0
DA:201,0
DA:202,0
DA:203,0
DA:204,0
DA:205,0
DA:206,0
DA:207,0
DA:208,0
DA:209,0
DA:210,0
DA:211,0
DA:212,0
DA:213,0
DA:214,0
DA:215,0
DA:219,0
DA:220,0
DA:222,0
DA:223,0
DA:224,0
DA:225,0
DA:230,0
DA:231,0
DA:233,0
DA:234,0
DA:238,0
DA:239,0
DA:241,0
DA:242,0
DA:243,0
DA:244,0
DA:245,0
DA:246,0
DA:250,0
DA:251,0
DA:253,0
DA:254,0
DA:255,0
DA:259,0
DA:260,0
DA:262,0
DA:263,0
DA:264,0
DA:265,0
DA:266,0
DA:267,0
DA:268,0
DA:272,0
DA:273,0
DA:275,0
DA:276,0
DA:277,0
DA:278,0
DA:279,0
DA:280,0
DA:284,0
DA:285,0
DA:287,0
DA:288,0
DA:289,0
DA:290,0
DA:291,0
DA:292,0
DA:296,0
DA:297,0
DA:316,0
DA:317,0
DA:318,0
DA:319,0
DA:320,0
DA:321,0
DA:322,0
DA:324,0
DA:336,0
DA:337,0
DA:339,0
DA:340,0
DA:341,0
DA:342,0
DA:343,0
DA:344,0
DA:345,0
DA:349,0
DA:350,0
DA:352,0
DA:353,0
DA:354,0
DA:355,0
DA:356,0
DA:357,0
DA:358,0
DA:362,0
DA:363,0
DA:365,0
DA:366,0
DA:368,0
DA:371,0
DA:383,0
DA:384,0
DA:386,0
DA:387,0
DA:388,0
DA:389,0
DA:390,0
DA:395,0
DA:396,0
DA:398,0
DA:399,0
DA:401,0
DA:404,0
DA:416,0
DA:417,0
DA:419,0
DA:420,0
DA:424,0
DA:425,0
DA:427,0
DA:432,0
DA:433,0
DA:435,0
DA:436,0
DA:438,0
DA:441,0
DA:454,0
DA:455,0
DA:457,0
DA:458,0
DA:463,0
DA:464,0
DA:468,0
DA:469,0
DA:471,0
DA:475,0
DA:478,0
DA:479,0
DA:481,0
DA:485,0
DA:486,0
DA:488,0
DA:491,0
DA:492,0
DA:494,0
DA:498,0
DA:499,0
DA:501,0
DA:505,0
DA:506,0
DA:508,0
DA:512,0
DA:513,0
DA:515,0
DA:516,0
DA:518,0
DA:521,0
DA:534,0
DA:535,0
DA:537,0
DA:538,0
DA:543,0
DA:544,0
DA:546,0
DA:551,0
DA:555,0
DA:556,0
DA:563,0
DA:564,0
DA:565,0
DA:566,0
DA:568,0
DA:569,0
DA:571,0
DA:574,0
DA:587,0
DA:588,0
DA:590,0
DA:591,0
DA:595,0
DA:596,0
DA:598,0
DA:602,0
DA:603,0
DA:605,0
DA:609,0
DA:610,0
DA:612,0
DA:613,0
DA:615,0
DA:618,0
DA:631,0
DA:632,0
DA:634,0
DA:635,0
DA:639,0
DA:640,0
DA:642,0
DA:646,0
DA:647,0
DA:649,0
DA:653,0
DA:654,0
DA:656,0
DA:660,0
DA:661,0
DA:663,0
DA:667,0
DA:668,0
DA:670,0
DA:674,0
DA:675,0
DA:677,0
DA:681,0
DA:682,0
DA:684,0
DA:685,0
DA:687,0
DA:690,0
DA:704,0
DA:705,0
DA:707,0
DA:708,0
DA:712,0
DA:713,0
DA:715,0
DA:719,0
DA:720,0
DA:722,0
DA:726,0
DA:727,0
DA:729,0
DA:733,0
DA:734,0
DA:736,0
DA:740,0
DA:741,0
DA:747,0
DA:748,0
DA:750,0
DA:753,0
DA:768,0
DA:769,0
DA:771,0
DA:772,0
DA:773,0
DA:774,0
DA:777,0
DA:779,0
DA:781,0
DA:784,0
DA:785,0
DA:787,0
DA:788,0
DA:791,0
end_of_record
TN:
SF:/usr/include/c++/9/bits/hashtable_policy.h
FN:2079,_ZNSt8__detail16_Hashtable_allocISaINS_10_Hash_nodeISt4pairIKNSt7__cxx1112basic_stringIcSt11char_traitsIcESaIcEEEP15implicit_memoryELb1EEEEE16_M_allocate_nodeIJSC_EEEPSD_DpOT_
FNDA:5032,_ZNSt8__detail16_Hashtable_allocISaINS_10_Hash_nodeISt4pairIKNSt7__cxx1112basic_stringIcSt11char_traitsIcESaIcEEEP15implicit_memoryELb1EEEEE16_M_allocate_nodeIJSC_EEEPSD_DpOT_
DA:92,19779
DA:94,19779
DA:218,11514
DA:229,5032
DA:236,39492
DA:237,39492
DA:244,5211
DA:245,19892
DA:264,5032
DA:269,43517
DA:294,15430200
DA:295,5156290
DA:298,113
DA:299,113
DA:304,5141720
DA:311,160
DA:340,10288500
DA:341,10288500
DA:344,113
DA:345,113
DA:352,113
DA:354,113
DA:355,113
DA:391,5141720
DA:393,5141720
DA:400,14568
DA:401,14568
DA:431,5190450
DA:433,5190450
DA:449,6482
DA:450,6482
DA:476,5032
DA:477,5032
DA:480,6482
DA:481,6482
DA:484,0
DA:485,0
DA:805,5032
DA:1002,5032
DA:1004,5032
DA:1005,5032
DA:1093,19068
DA:1096,6482
DA:1104,10386700
DA:1108,21936
DA:1380,5146750
DA:1384,5146750
DA:1388,5146930
DA:1390,5146930
DA:1393,43517
DA:1396,43517
DA:1399,5032
DA:1400,5032
DA:1415,49534
DA:1418,5211
DA:1421,5146750
DA:1427,5190450
DA:1448,49534
DA:1450,14568
DA:1829,49534
DA:1834,49534
DA:1846,49534
DA:2017,19068
DA:2036,6482
DA:2046,16725
DA:2047,11514
DA:2079,5032
DA:2081,5032
DA:2082,5032
DA:2085,5032
DA:2086,5032
DA:2089,5032
DA:2091,0
DA:2093,0
DA:2094,0
DA:2118,32032
DA:2120,37064
DA:2122,5032
DA:2123,5032
DA:2124,5032
DA:2142,179
DA:2146,179
DA:2147,179
DA:2148,179
DA:2149,179
end_of_record
SF:/usr/include/c++/9/bits/basic_string.h
FN:6149,_ZSteqIcEN9__gnu_cxx11__enable_ifIXsrSt9__is_charIT_E7__valueEbE6__typeERKNSt7__cxx1112basic_stringIS3_St11char_traitsIS3_ESaIS3_EEESE_
FNDA:14568,_ZSteqIcEN9__gnu_cxx11__enable_ifIXsrSt9__is_charIT_E7__valueEbE6__typeERKNSt7__cxx1112basic_stringIS3_St11char_traitsIS3_ESaIS3_EEESE_
DA:150,5151900
DA:159,5145
DA:160,10177
DA:178,4958260
DA:179,4948200
DA:182,5156820
DA:183,5156820
DA:186,25580300
DA:190,15209
DA:193,10177
DA:200,5156930
DA:203,5156930
DA:210,4953230
DA:211,4948200
DA:214,5156820
DA:216,5156820
DA:217,5156820
DA:221,5156930
DA:222,5156930
DA:229,5151900
DA:231,5151900
DA:232,10095200
DA:236,4943280
DA:237,4943280
DA:243,5145
DA:247,5145
DA:263,5145
DA:266,10290
DA:286,4948310
DA:287,4943280
DA:290,5145
DA:291,5145
DA:346,5151780
DA:348,5151780
DA:349,0
DA:351,5151780
DA:392,5032
DA:393,5032
DA:396,5146750
DA:398,5146750
DA:448,5145
DA:450,5145
DA:451,5145
DA:552,5032
DA:553,5032
DA:555,5032
DA:557,0
DA:562,5032
DA:563,5032
DA:569,5032
DA:570,5032
DA:571,5032
DA:657,5151900
DA:658,5146870
DA:930,29136
DA:936,10177
DA:2312,5161320
DA:2313,5161320
DA:6149,14568
DA:6151,14568
DA:6152,14568
DA:6153,14568
DA:6734,5146750
DA:6735,5146750
end_of_record
SF:/usr/include/c++/9/bits/basic_string.tcc
FN:206,_ZNSt7__cxx1112basic_stringIcSt11char_traitsIcESaIcEE12_M_constructIPcEEvT_S7_St20forward_iterator_tag
FNDA:5032,_ZNSt7__cxx1112basic_stringIcSt11char_traitsIcESaIcEE12_M_constructIPcEEvT_S7_St20forward_iterator_tag
FN:206,_ZNSt7__cxx1112basic_stringIcSt11char_traitsIcESaIcEE12_M_constructIPKcEEvT_S8_St20forward_iterator_tag
FNDA:5146750,_ZNSt7__cxx1112basic_stringIcSt11char_traitsIcESaIcEE12_M_constructIPKcEEvT_S8_St20forward_iterator_tag
DA:206,5032
DA:211,5032
DA:212,0
DA:215,5032
DA:217,5032
DA:219,5032
DA:220,5032
DA:225,5032
DA:232,5032
DA:233,5032
DA:206,5146750
DA:211,5146750
DA:212,0
DA:215,5146750
DA:217,5146750
DA:219,4943170
DA:220,4943170
DA:225,5146750
DA:232,5146750
DA:233,5146750
end_of_record
SF:/usr/include/c++/9/ext/new_allocator.h
DA:80,5153410
DA:83,10177
DA:89,5152190
DA:102,5032
DA:104,5032
DA:114,5032
DA:119,4943460
DA:128,4943460
DA:132,5032
DA:144,5032
DA:147,5032
end_of_record
SF:/usr/include/c++/9/bits/move.h
DA:47,5167290
DA:74,39907
DA:99,34655
DA:138,5167290
DA:139,5162250
end_of_record
SF:/usr/include/c++/9/utility
DA:174,19779
DA:175,19779
DA:219,19779
DA:220,19779
end_of_record
SF:/usr/include/c++/9/bits/stl_function.h
DA:355,14568
DA:356,14568
end_of_record
SF:/usr/include/c++/9/bits/allocator.h
DA:138,5153240
DA:141,10177
DA:142,10177
DA:151,179
DA:153,5152190
end_of_record
SF:/usr/include/c++/9/iostream
end_of_record
[...]
FN:395,_ZNSt6vectorINSt7__cxx1112basic_stringIcSt11char_traitsIcESaIcEEESaIS5_EE13_M_insert_auxIS5_EEvN9__gnu_cxx17__normal_iteratorIPS5_S7_EEOT_
FNDA:0,_ZNSt6vectorINSt7__cxx1112basic_stringIcSt11char_traitsIcESaIcEEESaIS5_EE13_M_insert_auxIS5_EEvN9__gnu_cxx17__normal_iteratorIPS5_S7_EEOT_
FN:426,_ZNSt6vectorISt10shared_ptrIN8argparse8ArgumentEESaIS3_EE17_M_realloc_insertIJS3_EEEvN9__gnu_cxx17__normal_iteratorIPS3_S5_EEDpOT_
FNDA:163618,_ZNSt6vectorISt10shared_ptrIN8argparse8ArgumentEESaIS3_EE17_M_realloc_insertIJS3_EEEvN9__gnu_cxx17__normal_iteratorIPS3_S5_EEDpOT_
FN:426,_ZNSt6vectorINSt7__cxx1112basic_stringIcSt11char_traitsIcESaIcEEESaIS5_EE17_M_realloc_insertIJS5_EEEvN9__gnu_cxx17__normal_iteratorIPS5_S7_EEDpOT_
FNDA:311419,_ZNSt6vectorINSt7__cxx1112basic_stringIcSt11char_traitsIcESaIcEEESaIS5_EE17_M_realloc_insertIJS5_EEEvN9__gnu_cxx17__normal_iteratorIPS5_S7_EEDpOT_
FN:426,_ZNSt6vectorIP9t_pb_typeSaIS1_EE17_M_realloc_insertIJRKS1_EEEvN9__gnu_cxx17__normal_iteratorIPS1_S3_EEDpOT_
FNDA:8390,_ZNSt6vectorIP9t_pb_typeSaIS1_EE17_M_realloc_insertIJRKS1_EEEvN9__gnu_cxx17__normal_iteratorIPS1_S3_EEDpOT_
DA:109,251720
DA:112,251720
DA:115,88102
DA:117,88102
DA:121,163618
DA:125,251720
DA:198,282849
DA:201,282849
DA:223,282849
DA:224,282849
DA:226,116497
DA:228,116497
DA:229,116497
DA:230,232994
DA:231,116497
DA:232,116497
DA:233,116497
DA:234,116497
DA:236,166352
DA:238,332704
DA:239,166352
DA:243,0
DA:245,282849
DA:246,0
DA:248,0
DA:250,282849
DA:252,282849
DA:300,3046
DA:304,3046
DA:306,3046
DA:308,3046
DA:309,3046
DA:310,3046
DA:311,3046
DA:313,6092
DA:314,3046
DA:315,3046
DA:316,3046
DA:317,3046
DA:318,3046
DA:320,0
DA:321,0
DA:324,0
DA:325,0
DA:326,0
DA:327,0
DA:329,0
DA:330,0
DA:332,0
DA:335,3046
DA:340,11545
DA:343,11545
DA:344,11545
DA:345,0
DA:348,0
DA:349,0
DA:350,0
DA:354,0
DA:356,11545
DA:358,11545
DA:395,0
DA:405,0
DA:406,0
DA:407,0
DA:412,0
DA:418,0
DA:420,0
DA:426,163618
DA:435,163618
DA:437,163618
DA:438,163618
DA:439,163618
DA:440,163618
DA:441,163618
DA:449,163618
DA:450,163618
DA:456,163618
DA:461,163618
DA:462,163618
DA:464,163618
DA:466,163618
DA:467,163618
DA:500,327236
DA:501,163618
DA:502,163618
DA:503,163618
DA:504,163618
DA:505,163618
DA:426,311419
DA:435,311419
DA:437,311419
DA:438,311419
DA:439,311419
DA:440,311419
DA:441,311419
DA:449,622838
DA:450,311419
DA:456,311419
DA:461,311419
DA:462,311419
DA:464,311419
DA:466,311419
DA:467,311419
DA:500,622838
DA:501,311419
DA:502,311419
DA:503,311419
DA:504,311419
DA:505,311419
DA:426,8390
DA:435,8390
DA:437,8390
DA:438,8390
DA:439,8390
DA:440,8390
DA:441,8390
DA:449,8390
DA:450,8390
DA:456,8390
DA:461,8390
DA:462,8390
DA:464,8390
DA:466,8390
DA:467,8390
DA:500,16780
DA:501,8390
DA:502,8390
DA:503,8390
DA:504,8390
DA:505,8390
end_of_record
SF:/usr/include/c++/9/bits/basic_string.tcc
FN:206,_ZNSt7__cxx1112basic_stringIcSt11char_traitsIcESaIcEE12_M_constructIPcEEvT_S7_St20forward_iterator_tag
FNDA:2846770,_ZNSt7__cxx1112basic_stringIcSt11char_traitsIcESaIcEE12_M_constructIPcEEvT_S7_St20forward_iterator_tag
FN:206,_ZNSt7__cxx1112basic_stringIcSt11char_traitsIcESaIcEE12_M_constructIPKcEEvT_S8_St20forward_iterator_tag
FNDA:86552100,_ZNSt7__cxx1112basic_stringIcSt11char_traitsIcESaIcEE12_M_constructIPKcEEvT_S8_St20forward_iterator_tag
FN:1158,_ZStplIcSt11char_traitsIcESaIcEENSt7__cxx1112basic_stringIT_T0_T1_EEPKS5_RKS8_
FNDA:420,_ZStplIcSt11char_traitsIcESaIcEENSt7__cxx1112basic_stringIT_T0_T1_EEPKS5_RKS8_
DA:206,2846770
DA:211,2846770
DA:212,0
DA:215,2846770
DA:217,2846770
DA:219,270523
DA:220,270523
DA:225,2846770
DA:232,2846770
DA:233,2846770
DA:206,86552100
DA:211,86552100
DA:212,0
DA:215,86552100
DA:217,86552100
DA:219,10657400
DA:220,10657400
DA:225,86552100
DA:232,86552100
DA:233,86552100
DA:1158,420
DA:1164,420
DA:1165,420
DA:1166,420
DA:1167,420
DA:1168,420
DA:1169,420
end_of_record
SF:/workspace/vtr-verilog-to-routing/libs/libvtrutil/src/vtr_error.h
FN:37,_ZN3vtr8VtrErrorC2ENSt7__cxx1112basic_stringIcSt11char_traitsIcESaIcEEES6_m
FNDA:0,_ZN3vtr8VtrErrorC2ENSt7__cxx1112basic_stringIcSt11char_traitsIcESaIcEEES6_m
DA:37,0
DA:38,0
DA:40,0
end_of_record
SF:/workspace/vtr-verilog-to-routing/libs/EXTERNAL/libargparse/src/argparse_value.hpp
FN:64,_ZN8argparse8ArgValueINSt7__cxx1112basic_stringIcSt11char_traitsIcESaIcEEEE3setENS_14ConvertedValueIS6_EENS_10ProvenanceE
FNDA:47552,_ZN8argparse8ArgValueINSt7__cxx1112basic_stringIcSt11char_traitsIcESaIcEEEE3setENS_14ConvertedValueIS6_EENS_10ProvenanceE
FN:64,_ZN8argparse8ArgValueIbE3setENS_14ConvertedValueIbEENS_10ProvenanceE
FNDA:32,_ZN8argparse8ArgValueIbE3setENS_14ConvertedValueIbEENS_10ProvenanceE
FN:64,_ZN8argparse8ArgValueIiE3setENS_14ConvertedValueIiEENS_10ProvenanceE
FNDA:19416,_ZN8argparse8ArgValueIiE3setENS_14ConvertedValueIiEENS_10ProvenanceE
FN:64,_ZN8argparse8ArgValueIdE3setENS_14ConvertedValueIdEENS_10ProvenanceE
FNDA:6,_ZN8argparse8ArgValueIdE3setENS_14ConvertedValueIdEENS_10ProvenanceE
FN:64,_ZN8argparse8ArgValueIfE3setENS_14ConvertedValueIfEENS_10ProvenanceE
FNDA:6479,_ZN8argparse8ArgValueIfE3setENS_14ConvertedValueIfEENS_10ProvenanceE
DA:9,247034
DA:13,220372
DA:14,0
DA:16,70642
DA:17,0
DA:19,46199
DA:20,46199
DA:50,49547
DA:53,43652
DA:56,87819
DA:61,2774
DA:64,47552
DA:65,47552
DA:68,0
DA:70,47552
DA:71,47552
DA:72,47552
DA:64,32
DA:65,32
DA:68,0
DA:70,32
DA:71,32
DA:72,32
DA:64,19416
DA:65,19416
DA:68,0
DA:70,19416
DA:71,19416
DA:72,19416
DA:64,6
DA:65,6
DA:68,0
DA:70,6
DA:71,6
DA:72,6
DA:64,6479
DA:65,6479
DA:68,0
DA:70,6479
DA:71,6479
DA:72,6479
DA:74,12658
DA:75,24
DA:76,12658
DA:79,11545
DA:80,11545
DA:81,11545
DA:84,91371
DA:85,182742
DA:86,91371
DA:88,91371
DA:89,182742
DA:90,91371
end_of_record
SF:/usr/include/c++/9/bits/alloc_traits.h
DA:443,258013
DA:444,258013
DA:469,653010000
DA:470,653010000
DA:482,1144110
DA:484,3422900
DA:495,650128000
DA:497,650128000
DA:505,969900
DA:506,969900
DA:514,113274
DA:515,2204880
end_of_record
SF:/usr/include/c++/9/ext/type_traits.h
DA:152,89398900
end_of_record
SF:/usr/include/c++/9/ext/aligned_buffer.h
DA:64,648732000
DA:65,648732000
DA:72,648732000
DA:73,648732000
DA:102,755208
DA:104,503464
DA:114,755208
DA:115,755208
end_of_record
SF:/workspace/vtr-verilog-to-routing/libs/libvtrutil/src/vtr_string_interning.h
end_of_record
SF:/usr/include/c++/9/bits/unordered_map.h
DA:988,24
DA:989,24
end_of_record
SF:/usr/include/c++/9/new
DA:173,2923880
DA:174,2923880
end_of_record
SF:/usr/include/c++/9/typeinfo
DA:120,0
DA:122,0
DA:123,0
DA:124,0
end_of_record
SF:/usr/include/c++/9/bits/char_traits.h
DA:299,93871300
DA:300,4472360
DA:315,2798
DA:317,2798
DA:325,2798
DA:329,420
DA:335,420
DA:361,88267400
DA:363,86860900
DA:365,25472000
end_of_record
SF:/usr/include/c++/9/ext/alloc_traits.h
DA:97,2960040
DA:98,2204880
end_of_record
SF:/workspace/vtr-verilog-to-routing/libs/libarchfpga/src/physical_types.h
DA:442,0
DA:507,0
DA:831,0
end_of_record
SF:/usr/include/c++/9/istream
DA:214,6665
DA:215,6665
DA:218,12
DA:219,12
end_of_record
SF:/usr/include/c++/9/bits/stl_iterator.h
DA:806,1149510
DA:807,20337
DA:811,11545
DA:815,11545
DA:819,497015
DA:827,497015
DA:829,468905
DA:830,28110
DA:859,11545
DA:860,177897
DA:871,810385
DA:893,264306
DA:896,264306
DA:907,901930
DA:910,901930
DA:989,494972
DA:992,494972
DA:1012,332704
end_of_record
SF:/usr/include/c++/9/bits/stl_bvector.h
FN:537,_ZNSt13_Bvector_baseISaIbEE13_M_deallocateEv
FNDA:32669,_ZNSt13_Bvector_baseISaIbEE13_M_deallocateEv
FN:687,_ZNSt6vectorIbSaIbEEC2ESt16initializer_listIbERKS0_
FNDA:6293,_ZNSt6vectorIbSaIbEEC2ESt16initializer_listIbERKS0_
FN:1120,_ZNSt6vectorIbSaIbEE13_M_initializeEm
FNDA:6293,_ZNSt6vectorIbSaIbEE13_M_initializeEm
DA:77,25172
DA:90,25172
DA:92,25172
DA:93,6417
DA:95,18755
DA:96,25172
DA:148,27671
DA:149,6293
DA:152,25172
DA:154,25172
DA:156,0
DA:157,0
DA:172,6293
DA:174,6293
DA:175,6293
DA:176,6293
DA:177,6293
DA:179,0
DA:180,0
DA:182,6293
DA:226,21378
DA:228,6293
DA:229,6293
DA:236,25172
DA:237,25172
DA:240,25172
DA:242,25172
DA:243,25172
DA:270,6293
DA:272,12586
DA:273,6293
DA:284,6293
DA:286,6293
DA:287,12586
DA:444,6293
DA:445,6293
DA:465,15085
DA:467,15085
DA:468,15085
DA:469,15085
DA:472,6293
DA:481,6293
DA:482,6293
DA:490,15085
DA:492,15085
DA:493,15085
DA:519,6293
DA:520,6293
DA:526,6293
DA:527,6293
DA:533,6293
DA:534,12586
DA:537,32669
DA:539,32669
DA:541,15085
DA:542,30170
DA:543,15085
DA:545,15085
DA:547,32669
DA:556,12586
DA:557,6293
DA:687,6293
DA:689,6293
DA:691,6293
DA:693,6293
DA:714,6293
DA:1120,6293
DA:1122,6293
DA:1124,6293
DA:1125,6293
DA:1126,6293
DA:1130,0
DA:1131,0
DA:1133,6293
DA:1135,6293
end_of_record
SF:/usr/include/c++/9/bits/stl_map.h
end_of_record
SF:/usr/include/c++/9/bits/range_access.h
DA:68,11545
DA:69,11545
end_of_record
SF:/workspace/vtr-verilog-to-routing/ODIN_II/SRC/include/GenericIO.hpp
DA:36,6293
end_of_record
SF:/usr/include/c++/9/bits/basic_ios.h
DA:137,26630
DA:190,26630
DA:191,26630
DA:201,26630
DA:202,26630
end_of_record
SF:/usr/include/c++/9/bits/hashtable.h
FN:1348,_ZNSt10_HashtableIiSt4pairIKiN3vtr5bimapI13t_logical_pin14t_physical_pinSt3mapS6_EEESaIS8_ENSt8__detail10_Select1stESt8equal_toIiESt4hashIiENSA_18_Mod_range_hashingENSA_20_Default_ranged_hashENSA_20_Prime_rehash_policyENSA_17_Hashtable_traitsILb0ELb0ELb1EEEED2Ev
FNDA:0,_ZNSt10_HashtableIiSt4pairIKiN3vtr5bimapI13t_logical_pin14t_physical_pinSt3mapS6_EEESaIS8_ENSt8__detail10_Select1stESt8equal_toIiESt4hashIiENSA_18_Mod_range_hashingENSA_20_Default_ranged_hashENSA_20_Prime_rehash_policyENSA_17_Hashtable_traitsILb0ELb0ELb1EEEED2Ev
FN:1348,_ZNSt10_HashtableIiSt4pairIKiSt13unordered_mapIiN3vtr5bimapI13t_logical_pin14t_physical_pinSt3mapS7_EESt4hashIiESt8equal_toIiESaIS0_IS1_S8_EEEESaISG_ENSt8__detail10_Select1stESC_SA_NSI_18_Mod_range_hashingENSI_20_Default_ranged_hashENSI_20_Prime_rehash_policyENSI_17_Hashtable_traitsILb0ELb0ELb1EEEED2Ev
FNDA:4396,_ZNSt10_HashtableIiSt4pairIKiSt13unordered_mapIiN3vtr5bimapI13t_logical_pin14t_physical_pinSt3mapS7_EESt4hashIiESt8equal_toIiESaIS0_IS1_S8_EEEESaISG_ENSt8__detail10_Select1stESC_SA_NSI_18_Mod_range_hashingENSI_20_Default_ranged_hashENSI_20_Prime_rehash_policyENSI_17_Hashtable_traitsILb0ELb0ELb1EEEED2Ev
FN:1348,_ZNSt10_HashtableINSt7__cxx1112basic_stringIcSt11char_traitsIcESaIcEEESt4pairIKS5_13t_metal_layerESaIS9_ENSt8__detail10_Select1stESt8equal_toIS5_ESt4hashIS5_ENSB_18_Mod_range_hashingENSB_20_Default_ranged_hashENSB_20_Prime_rehash_policyENSB_17_Hashtable_traitsILb1ELb0ELb1EEEED2Ev
FNDA:6293,_ZNSt10_HashtableINSt7__cxx1112basic_stringIcSt11char_traitsIcESaIcEEESt4pairIKS5_13t_metal_layerESaIS9_ENSt8__detail10_Select1stESt8equal_toIS5_ESt4hashIS5_ENSB_18_Mod_range_hashingENSB_20_Default_ranged_hashENSB_20_Prime_rehash_policyENSB_17_Hashtable_traitsILb1ELb0ELb1EEEED2Ev
FN:1348,_ZNSt10_HashtableINSt7__cxx1112basic_stringIcSt11char_traitsIcESaIcEEESt4pairIKS5_St6vectorI13t_lut_elementSaIS9_EEESaISC_ENSt8__detail10_Select1stESt8equal_toIS5_ESt4hashIS5_ENSE_18_Mod_range_hashingENSE_20_Default_ranged_hashENSE_20_Prime_rehash_policyENSE_17_Hashtable_traitsILb1ELb0ELb1EEEED2Ev
FNDA:6293,_ZNSt10_HashtableINSt7__cxx1112basic_stringIcSt11char_traitsIcESaIcEEESt4pairIKS5_St6vectorI13t_lut_elementSaIS9_EEESaISC_ENSt8__detail10_Select1stESt8equal_toIS5_ESt4hashIS5_ENSE_18_Mod_range_hashingENSE_20_Default_ranged_hashENSE_20_Prime_rehash_policyENSE_17_Hashtable_traitsILb1ELb0ELb1EEEED2Ev
FN:1348,_ZNSt10_HashtableINSt7__cxx1112basic_stringIcSt11char_traitsIcESaIcEEESt4pairIKS5_N3vtr8StrongIdINS8_19interned_string_tagEiLin1EEEESaISC_ENSt8__detail10_Select1stESt8equal_toIS5_ESt4hashIS5_ENSE_18_Mod_range_hashingENSE_20_Default_ranged_hashENSE_20_Prime_rehash_policyENSE_17_Hashtable_traitsILb1ELb0ELb1EEEED2Ev
FNDA:6293,_ZNSt10_HashtableINSt7__cxx1112basic_stringIcSt11char_traitsIcESaIcEEESt4pairIKS5_N3vtr8StrongIdINS8_19interned_string_tagEiLin1EEEESaISC_ENSt8__detail10_Select1stESt8equal_toIS5_ESt4hashIS5_ENSE_18_Mod_range_hashingENSE_20_Default_ranged_hashENSE_20_Prime_rehash_policyENSE_17_Hashtable_traitsILb1ELb0ELb1EEEED2Ev
FN:1532,_ZNKSt10_HashtableINSt7__cxx1112basic_stringIcSt11char_traitsIcESaIcEEESt4pairIKS5_12elaborator_eESaIS9_ENSt8__detail10_Select1stESt8equal_toIS5_ESt4hashIS5_ENSB_18_Mod_range_hashingENSB_20_Default_ranged_hashENSB_20_Prime_rehash_policyENSB_17_Hashtable_traitsILb1ELb0ELb1EEEE19_M_find_before_nodeEmRS7_m
FNDA:24,_ZNKSt10_HashtableINSt7__cxx1112basic_stringIcSt11char_traitsIcESaIcEEESt4pairIKS5_12elaborator_eESaIS9_ENSt8__detail10_Select1stESt8equal_toIS5_ESt4hashIS5_ENSB_18_Mod_range_hashingENSB_20_Default_ranged_hashENSB_20_Prime_rehash_policyENSB_17_Hashtable_traitsILb1ELb0ELb1EEEE19_M_find_before_nodeEmRS7_m
FN:1560,_ZNSt10_HashtableINSt7__cxx1112basic_stringIcSt11char_traitsIcESaIcEEESt4pairIKS5_12elaborator_eESaIS9_ENSt8__detail10_Select1stESt8equal_toIS5_ESt4hashIS5_ENSB_18_Mod_range_hashingENSB_20_Default_ranged_hashENSB_20_Prime_rehash_policyENSB_17_Hashtable_traitsILb1ELb0ELb1EEEE22_M_insert_bucket_beginEmPNSB_10_Hash_nodeIS9_Lb1EEE
FNDA:12586,_ZNSt10_HashtableINSt7__cxx1112basic_stringIcSt11char_traitsIcESaIcEEESt4pairIKS5_12elaborator_eESaIS9_ENSt8__detail10_Select1stESt8equal_toIS5_ESt4hashIS5_ENSB_18_Mod_range_hashingENSB_20_Default_ranged_hashENSB_20_Prime_rehash_policyENSB_17_Hashtable_traitsILb1ELb0ELb1EEEE22_M_insert_bucket_beginEmPNSB_10_Hash_nodeIS9_Lb1EEE
FN:1698,_ZNSt10_HashtableINSt7__cxx1112basic_stringIcSt11char_traitsIcESaIcEEESt4pairIKS5_12elaborator_eESaIS9_ENSt8__detail10_Select1stESt8equal_toIS5_ESt4hashIS5_ENSB_18_Mod_range_hashingENSB_20_Default_ranged_hashENSB_20_Prime_rehash_policyENSB_17_Hashtable_traitsILb1ELb0ELb1EEEE21_M_insert_unique_nodeEmmPNSB_10_Hash_nodeIS9_Lb1EEEm
FNDA:12586,_ZNSt10_HashtableINSt7__cxx1112basic_stringIcSt11char_traitsIcESaIcEEESt4pairIKS5_12elaborator_eESaIS9_ENSt8__detail10_Select1stESt8equal_toIS5_ESt4hashIS5_ENSB_18_Mod_range_hashingENSB_20_Default_ranged_hashENSB_20_Prime_rehash_policyENSB_17_Hashtable_traitsILb1ELb0ELb1EEEE21_M_insert_unique_nodeEmmPNSB_10_Hash_nodeIS9_Lb1EEEm
FN:2024,_ZNSt10_HashtableIiSt4pairIKiN3vtr5bimapI13t_logical_pin14t_physical_pinSt3mapS6_EEESaIS8_ENSt8__detail10_Select1stESt8equal_toIiESt4hashIiENSA_18_Mod_range_hashingENSA_20_Default_ranged_hashENSA_20_Prime_rehash_policyENSA_17_Hashtable_traitsILb0ELb0ELb1EEEE5clearEv
FNDA:0,_ZNSt10_HashtableIiSt4pairIKiN3vtr5bimapI13t_logical_pin14t_physical_pinSt3mapS6_EEESaIS8_ENSt8__detail10_Select1stESt8equal_toIiESt4hashIiENSA_18_Mod_range_hashingENSA_20_Default_ranged_hashENSA_20_Prime_rehash_policyENSA_17_Hashtable_traitsILb0ELb0ELb1EEEE5clearEv
FN:2024,_ZNSt10_HashtableIiSt4pairIKiSt13unordered_mapIiN3vtr5bimapI13t_logical_pin14t_physical_pinSt3mapS7_EESt4hashIiESt8equal_toIiESaIS0_IS1_S8_EEEESaISG_ENSt8__detail10_Select1stESC_SA_NSI_18_Mod_range_hashingENSI_20_Default_ranged_hashENSI_20_Prime_rehash_policyENSI_17_Hashtable_traitsILb0ELb0ELb1EEEE5clearEv
FNDA:4396,_ZNSt10_HashtableIiSt4pairIKiSt13unordered_mapIiN3vtr5bimapI13t_logical_pin14t_physical_pinSt3mapS7_EESt4hashIiESt8equal_toIiESaIS0_IS1_S8_EEEESaISG_ENSt8__detail10_Select1stESC_SA_NSI_18_Mod_range_hashingENSI_20_Default_ranged_hashENSI_20_Prime_rehash_policyENSI_17_Hashtable_traitsILb0ELb0ELb1EEEE5clearEv
FN:2024,_ZNSt10_HashtableINSt7__cxx1112basic_stringIcSt11char_traitsIcESaIcEEESt4pairIKS5_13t_metal_layerESaIS9_ENSt8__detail10_Select1stESt8equal_toIS5_ESt4hashIS5_ENSB_18_Mod_range_hashingENSB_20_Default_ranged_hashENSB_20_Prime_rehash_policyENSB_17_Hashtable_traitsILb1ELb0ELb1EEEE5clearEv
FNDA:6293,_ZNSt10_HashtableINSt7__cxx1112basic_stringIcSt11char_traitsIcESaIcEEESt4pairIKS5_13t_metal_layerESaIS9_ENSt8__detail10_Select1stESt8equal_toIS5_ESt4hashIS5_ENSB_18_Mod_range_hashingENSB_20_Default_ranged_hashENSB_20_Prime_rehash_policyENSB_17_Hashtable_traitsILb1ELb0ELb1EEEE5clearEv
FN:2024,_ZNSt10_HashtableINSt7__cxx1112basic_stringIcSt11char_traitsIcESaIcEEESt4pairIKS5_St6vectorI13t_lut_elementSaIS9_EEESaISC_ENSt8__detail10_Select1stESt8equal_toIS5_ESt4hashIS5_ENSE_18_Mod_range_hashingENSE_20_Default_ranged_hashENSE_20_Prime_rehash_policyENSE_17_Hashtable_traitsILb1ELb0ELb1EEEE5clearEv
FNDA:6293,_ZNSt10_HashtableINSt7__cxx1112basic_stringIcSt11char_traitsIcESaIcEEESt4pairIKS5_St6vectorI13t_lut_elementSaIS9_EEESaISC_ENSt8__detail10_Select1stESt8equal_toIS5_ESt4hashIS5_ENSE_18_Mod_range_hashingENSE_20_Default_ranged_hashENSE_20_Prime_rehash_policyENSE_17_Hashtable_traitsILb1ELb0ELb1EEEE5clearEv
FN:2024,_ZNSt10_HashtableINSt7__cxx1112basic_stringIcSt11char_traitsIcESaIcEEESt4pairIKS5_N3vtr8StrongIdINS8_19interned_string_tagEiLin1EEEESaISC_ENSt8__detail10_Select1stESt8equal_toIS5_ESt4hashIS5_ENSE_18_Mod_range_hashingENSE_20_Default_ranged_hashENSE_20_Prime_rehash_policyENSE_17_Hashtable_traitsILb1ELb0ELb1EEEE5clearEv
FNDA:6293,_ZNSt10_HashtableINSt7__cxx1112basic_stringIcSt11char_traitsIcESaIcEEESt4pairIKS5_N3vtr8StrongIdINS8_19interned_string_tagEiLin1EEEESaISC_ENSt8__detail10_Select1stESt8equal_toIS5_ESt4hashIS5_ENSE_18_Mod_range_hashingENSE_20_Default_ranged_hashENSE_20_Prime_rehash_policyENSE_17_Hashtable_traitsILb1ELb0ELb1EEEE5clearEv
FN:2061,_ZNSt10_HashtableINSt7__cxx1112basic_stringIcSt11char_traitsIcESaIcEEESt4pairIKS5_12elaborator_eESaIS9_ENSt8__detail10_Select1stESt8equal_toIS5_ESt4hashIS5_ENSB_18_Mod_range_hashingENSB_20_Default_ranged_hashENSB_20_Prime_rehash_policyENSB_17_Hashtable_traitsILb1ELb0ELb1EEEE9_M_rehashEmRKm
FNDA:0,_ZNSt10_HashtableINSt7__cxx1112basic_stringIcSt11char_traitsIcESaIcEEESt4pairIKS5_12elaborator_eESaIS9_ENSt8__detail10_Select1stESt8equal_toIS5_ESt4hashIS5_ENSB_18_Mod_range_hashingENSB_20_Default_ranged_hashENSB_20_Prime_rehash_policyENSB_17_Hashtable_traitsILb1ELb0ELb1EEEE9_M_rehashEmRKm
FN:2084,_ZNSt10_HashtableINSt7__cxx1112basic_stringIcSt11char_traitsIcESaIcEEESt4pairIKS5_12elaborator_eESaIS9_ENSt8__detail10_Select1stESt8equal_toIS5_ESt4hashIS5_ENSB_18_Mod_range_hashingENSB_20_Default_ranged_hashENSB_20_Prime_rehash_policyENSB_17_Hashtable_traitsILb1ELb0ELb1EEEE13_M_rehash_auxEmSt17integral_constantIbLb1EE
FNDA:0,_ZNSt10_HashtableINSt7__cxx1112basic_stringIcSt11char_traitsIcESaIcEEESt4pairIKS5_12elaborator_eESaIS9_ENSt8__detail10_Select1stESt8equal_toIS5_ESt4hashIS5_ENSB_18_Mod_range_hashingENSB_20_Default_ranged_hashENSB_20_Prime_rehash_policyENSB_17_Hashtable_traitsILb1ELb0ELb1EEEE13_M_rehash_auxEmSt17integral_constantIbLb1EE
DA:342,23275
DA:343,23275
DA:353,0
DA:355,0
DA:357,0
DA:358,0
DA:361,0
DA:365,23275
DA:367,23275
DA:370,9
DA:374,23275
DA:375,0
DA:383,23275
DA:639,24
DA:640,24
DA:643,24
DA:644,24
DA:652,24
DA:655,24
DA:656,24
DA:657,24
DA:1348,0
DA:1352,0
DA:1353,0
DA:1354,0
DA:1348,4396
DA:1352,4396
DA:1353,4396
DA:1354,4396
DA:1348,6293
DA:1352,6293
DA:1353,6293
DA:1354,6293
DA:1348,6293
DA:1352,6293
DA:1353,6293
DA:1354,6293
DA:1348,6293
DA:1352,6293
DA:1353,6293
DA:1354,6293
DA:1532,24
DA:1538,24
DA:1539,24
DA:1542,24
DA:1545,48
DA:1546,24
DA:1548,24
DA:1560,12586
DA:1564,12586
DA:1568,6293
DA:1569,6293
DA:1576,6293
DA:1577,6293
DA:1578,6293
DA:1581,0
DA:1582,6293
DA:1584,12586
DA:1698,12586
DA:1704,12586
DA:1705,12586
DA:1711,12586
DA:1713,0
DA:1714,0
DA:1717,12586
DA:1720,12586
DA:1721,12586
DA:1722,12586
DA:1724,0
DA:1726,0
DA:1727,0
DA:2024,0
DA:2028,0
DA:2029,0
DA:2030,0
DA:2031,0
DA:2032,0
DA:2024,4396
DA:2028,4396
DA:2029,4396
DA:2030,4396
DA:2031,4396
DA:2032,4396
DA:2024,6293
DA:2028,6293
DA:2029,6293
DA:2030,6293
DA:2031,6293
DA:2032,6293
DA:2024,6293
DA:2028,6293
DA:2029,6293
DA:2030,6293
DA:2031,6293
DA:2032,6293
DA:2024,6293
DA:2028,6293
DA:2029,6293
DA:2030,6293
DA:2031,6293
DA:2032,6293
DA:2061,0
DA:2067,0
DA:2069,0
DA:2073,0
DA:2074,0
DA:2076,0
DA:2084,0
DA:2088,0
DA:2089,0
DA:2090,0
DA:2091,0
DA:2092,0
DA:2094,0
DA:2095,0
DA:2096,0
DA:2098,0
DA:2099,0
DA:2100,0
DA:2101,0
DA:2102,0
DA:2107,0
DA:2108,0
DA:2113,0
DA:2114,0
DA:2115,0
DA:2116,0
end_of_record
SF:/usr/include/c++/9/bits/allocated_ptr.h
DA:52,251720
DA:53,503440
DA:70,503440
DA:73,503440
DA:78,251720
DA:80,251720
DA:85,251720
DA:95,251720
DA:97,251720
end_of_record
