TN:
SF:/workspace/vtr-verilog-to-routing/ODIN_II/SRC/BLIFElaborate.cpp
FN:98,_Z18blif_elaborate_topP9netlist_t
FNDA:0,_Z18blif_elaborate_topP9netlist_t
FN:133,_Z39depth_first_traversal_to_blif_elaboratesP9netlist_t
FNDA:0,_Z39depth_first_traversal_to_blif_elaboratesP9netlist_t
FN:161,_Z35depth_first_traverse_blif_elaborateP7nnode_tmP9netlist_t
FNDA:0,_Z35depth_first_traverse_blif_elaborateP7nnode_tmP9netlist_t
FN:201,_Z19blif_elaborate_nodeP7nnode_tsP9netlist_t
FNDA:0,_Z19blif_elaborate_nodeP7nnode_tsP9netlist_t
FN:336,_ZL21resolve_logical_nodesP7nnode_tmP9netlist_t
FNDA:0,_ZL21resolve_logical_nodesP7nnode_tmP9netlist_t
FN:383,_ZL19resolve_shift_nodesP7nnode_tmP9netlist_t
FNDA:0,_ZL19resolve_shift_nodesP7nnode_tmP9netlist_t
FN:416,_ZL24resolve_case_equal_nodesP7nnode_tmP9netlist_t
FNDA:0,_ZL24resolve_case_equal_nodesP7nnode_tmP9netlist_t
FN:454,_ZL24resolve_arithmetic_nodesP7nnode_tmP9netlist_t
FNDA:0,_ZL24resolve_arithmetic_nodesP7nnode_tmP9netlist_t
FN:534,_ZL17resolve_mux_nodesP7nnode_tmP9netlist_t
FNDA:0,_ZL17resolve_mux_nodesP7nnode_tmP9netlist_t
FN:587,_ZL19resolve_latch_nodesP7nnode_tmP9netlist_t
FNDA:0,_ZL19resolve_latch_nodesP7nnode_tmP9netlist_t
FN:631,_ZL16resolve_ff_nodesP7nnode_tmP9netlist_t
FNDA:0,_ZL16resolve_ff_nodesP7nnode_tmP9netlist_t
FN:704,_ZL20resolve_memory_nodesP7nnode_tmP9netlist_t
FNDA:0,_ZL20resolve_memory_nodesP7nnode_tmP9netlist_t
FN:768,_ZL15look_for_clocksP9netlist_t
FNDA:0,_ZL15look_for_clocksP9netlist_t
DA:98,0
DA:105,0
DA:110,0
DA:112,0
DA:115,0
DA:120,0
DA:122,0
DA:133,0
DA:134,0
DA:137,0
DA:138,0
DA:139,0
DA:143,0
DA:144,0
DA:145,0
DA:148,0
DA:149,0
DA:161,0
DA:162,0
DA:164,0
DA:168,0
DA:170,0
DA:171,0
DA:172,0
DA:173,0
DA:174,0
DA:175,0
DA:176,0
DA:178,0
DA:187,0
DA:189,0
DA:201,0
DA:202,0
DA:203,0
DA:204,0
DA:205,0
DA:206,0
DA:207,0
DA:208,0
DA:209,0
DA:210,0
DA:211,0
DA:212,0
DA:213,0
DA:214,0
DA:215,0
DA:219,0
DA:220,0
DA:222,0
DA:223,0
DA:224,0
DA:225,0
DA:230,0
DA:231,0
DA:233,0
DA:234,0
DA:238,0
DA:239,0
DA:241,0
DA:242,0
DA:243,0
DA:244,0
DA:245,0
DA:246,0
DA:250,0
DA:251,0
DA:253,0
DA:254,0
DA:255,0
DA:259,0
DA:260,0
DA:262,0
DA:263,0
DA:264,0
DA:265,0
DA:266,0
DA:267,0
DA:268,0
DA:272,0
DA:273,0
DA:275,0
DA:276,0
DA:277,0
DA:278,0
DA:279,0
DA:280,0
DA:284,0
DA:285,0
DA:287,0
DA:288,0
DA:289,0
DA:290,0
DA:291,0
DA:292,0
DA:296,0
DA:297,0
DA:316,0
DA:317,0
DA:318,0
DA:319,0
DA:320,0
DA:321,0
DA:322,0
DA:324,0
DA:336,0
DA:337,0
DA:339,0
DA:340,0
DA:341,0
DA:342,0
DA:343,0
DA:344,0
DA:345,0
DA:349,0
DA:350,0
DA:352,0
DA:353,0
DA:354,0
DA:355,0
DA:356,0
DA:357,0
DA:358,0
DA:362,0
DA:363,0
DA:365,0
DA:366,0
DA:368,0
DA:371,0
DA:383,0
DA:384,0
DA:386,0
DA:387,0
DA:388,0
DA:389,0
DA:390,0
DA:395,0
DA:396,0
DA:398,0
DA:399,0
DA:401,0
DA:404,0
DA:416,0
DA:417,0
DA:419,0
DA:420,0
DA:424,0
DA:425,0
DA:427,0
DA:432,0
DA:433,0
DA:435,0
DA:436,0
DA:438,0
DA:441,0
DA:454,0
DA:455,0
DA:457,0
DA:458,0
DA:463,0
DA:464,0
DA:468,0
DA:469,0
DA:471,0
DA:475,0
DA:478,0
DA:479,0
DA:481,0
DA:485,0
DA:486,0
DA:488,0
DA:491,0
DA:492,0
DA:494,0
DA:498,0
DA:499,0
DA:501,0
DA:505,0
DA:506,0
DA:508,0
DA:512,0
DA:513,0
DA:515,0
DA:516,0
DA:518,0
DA:521,0
DA:534,0
DA:535,0
DA:537,0
DA:538,0
DA:543,0
DA:544,0
DA:546,0
DA:551,0
DA:555,0
DA:556,0
DA:563,0
DA:564,0
DA:565,0
DA:566,0
DA:568,0
DA:569,0
DA:571,0
DA:574,0
DA:587,0
DA:588,0
DA:590,0
DA:591,0
DA:595,0
DA:596,0
DA:598,0
DA:602,0
DA:603,0
DA:605,0
DA:609,0
DA:610,0
DA:612,0
DA:613,0
DA:615,0
DA:618,0
DA:631,0
DA:632,0
DA:634,0
DA:635,0
DA:639,0
DA:640,0
DA:642,0
DA:646,0
DA:647,0
DA:649,0
DA:653,0
DA:654,0
DA:656,0
DA:660,0
DA:661,0
DA:663,0
DA:667,0
DA:668,0
DA:670,0
DA:674,0
DA:675,0
DA:677,0
DA:681,0
DA:682,0
DA:684,0
DA:685,0
DA:687,0
DA:690,0
DA:704,0
DA:705,0
DA:707,0
DA:708,0
DA:712,0
DA:713,0
DA:715,0
DA:719,0
DA:720,0
DA:722,0
DA:726,0
DA:727,0
DA:729,0
DA:733,0
DA:734,0
DA:736,0
DA:740,0
DA:741,0
DA:747,0
DA:748,0
DA:750,0
DA:753,0
DA:768,0
DA:769,0
DA:771,0
DA:772,0
DA:773,0
DA:774,0
DA:777,0
DA:779,0
DA:781,0
DA:784,0
DA:785,0
DA:787,0
DA:788,0
DA:791,0
end_of_record
SF:/usr/include/c++/9/iostream
end_of_record
TN:
SF:/workspace/vtr-verilog-to-routing/ODIN_II/SRC/include/BLIF.hpp
FN:136,_ZN4BLIFD2Ev
FNDA:0,_ZN4BLIFD2Ev
FN:136,_ZN4BLIFC2Ev
FNDA:0,_ZN4BLIFC2Ev
DA:136,0
DA:136,0
end_of_record
SF:/usr/include/c++/9/iostream
end_of_record
SF:/workspace/vtr-verilog-to-routing/ODIN_II/SRC/BLIF.cpp
end_of_record
TN:
SF:/usr/include/c++/9/bits/stl_vector.h
DA:1040,0
DA:1043,0
end_of_record
SF:/usr/include/c++/9/new
end_of_record
SF:/usr/include/c++/9/bits/allocator.h
DA:138,0
DA:141,0
DA:142,0
DA:151,0
DA:153,0
end_of_record
SF:/workspace/vtr-verilog-to-routing/ODIN_II/SRC/include/Hashtable.hpp
DA:32,0
end_of_record
SF:/usr/include/c++/9/bits/alloc_traits.h
DA:469,0
DA:470,0
end_of_record
SF:/usr/include/x86_64-linux-gnu/bits/stdio2.h
DA:34,0
DA:36,0
DA:37,0
DA:105,0
DA:107,0
end_of_record
SF:/usr/include/c++/9/bits/functional_hash.h
DA:195,0
DA:197,0
end_of_record
SF:/usr/include/c++/9/bits/basic_string.tcc
FN:206,_ZNSt7__cxx1112basic_stringIcSt11char_traitsIcESaIcEE12_M_constructIPKcEEvT_S8_St20forward_iterator_tag
FNDA:0,_ZNSt7__cxx1112basic_stringIcSt11char_traitsIcESaIcEE12_M_constructIPKcEEvT_S8_St20forward_iterator_tag
DA:206,0
DA:211,0
DA:212,0
DA:215,0
DA:217,0
DA:219,0
DA:220,0
DA:225,0
DA:232,0
DA:233,0
end_of_record
SF:/usr/include/string.h
DA:213,0
DA:215,0
DA:219,0
DA:221,0
DA:317,0
DA:319,0
end_of_record
SF:/usr/include/c++/9/iostream
end_of_record
SF:/usr/include/c++/9/bits/stl_iterator_base_funcs.h
DA:98,0
DA:104,0
DA:138,0
DA:141,0
end_of_record
SF:/usr/include/c++/9/bits/stl_algobase.h
DA:198,0
DA:203,0
DA:204,0
end_of_record
SF:/usr/include/c++/9/bits/stl_function.h
DA:355,0
DA:356,0
end_of_record
SF:/usr/include/c++/9/bitset
FN:946,_ZNSt6bitsetILm64EEC2IcEEPKT_NSt7__cxx1112basic_stringIS2_St11char_traitsIS2_ESaIS2_EE9size_typeES2_S2_
FNDA:0,_ZNSt6bitsetILm64EEC2IcEEPKT_NSt7__cxx1112basic_stringIS2_St11char_traitsIS2_ESaIS2_EE9size_typeES2_S2_
FN:1390,_ZNSt6bitsetILm64EE16_M_copy_from_ptrIcSt11char_traitsIcEEEvPKT_mmmS4_S4_
FNDA:0,_ZNSt6bitsetILm64EE16_M_copy_from_ptrIcSt11char_traitsIcEEEvPKT_mmmS4_S4_
DA:381,0
DA:382,0
DA:402,0
DA:403,0
DA:406,0
DA:407,0
DA:410,0
DA:411,0
DA:460,0
DA:461,0
DA:482,0
DA:483,0
DA:946,0
DA:950,0
DA:952,0
DA:953,0
DA:955,0
DA:956,0
DA:957,0
DA:960,0
DA:1034,0
DA:1036,0
DA:1037,0
DA:1099,0
DA:1101,0
DA:1178,0
DA:1179,0
DA:1390,0
DA:1394,0
DA:1395,0
DA:1396,0
DA:1398,0
DA:1399,0
DA:1401,0
DA:1402,0
DA:1404,0
DA:1406,0
end_of_record
SF:/usr/include/c++/9/tuple
DA:132,0
DA:133,0
DA:348,0
DA:349,0
DA:626,0
DA:627,0
DA:1482,0
DA:1483,0
end_of_record
SF:/usr/include/c++/9/bits/char_traits.h
DA:299,0
DA:300,0
DA:303,0
DA:304,0
DA:315,0
DA:317,0
DA:325,0
DA:329,0
DA:335,0
DA:361,0
DA:363,0
DA:365,0
end_of_record
SF:/workspace/vtr-verilog-to-routing/ODIN_II/SRC/BLIFReader.cpp
FN:71,_ZN4BLIF6ReaderC2Ev
FNDA:0,_ZN4BLIF6ReaderC2Ev
FN:92,_ZN4BLIF6ReaderD2Ev
FNDA:0,_ZN4BLIF6ReaderD2Ev
FN:92,_ZN4BLIF6ReaderD0Ev
FNDA:0,_ZN4BLIF6ReaderD0Ev
FN:96,_ZN4BLIF6Reader5_readEv
FNDA:0,_ZN4BLIF6Reader5_readEv
FN:157,_ZN4BLIF6Reader11read_tokensEPcP17hard_block_models
FNDA:0,_ZN4BLIF6Reader11read_tokensEPcP17hard_block_models
FN:195,_ZN4BLIF6Reader15find_top_moduleEv
FNDA:0,_ZN4BLIF6Reader15find_top_moduleEv
FN:244,_ZN4BLIF6Reader12hook_up_netsEv
FNDA:0,_ZN4BLIF6Reader12hook_up_netsEv
FN:269,_ZN4BLIF6Reader12hook_up_nodeEP7nnode_t
FNDA:0,_ZN4BLIF6Reader12hook_up_nodeEP7nnode_t
FN:291,_ZN4BLIF6Reader23create_hard_block_nodesEP17hard_block_models
FNDA:0,_ZN4BLIF6Reader23create_hard_block_nodesEP17hard_block_models
FN:521,_ZN4BLIF6Reader31create_internal_node_and_driverEv
FNDA:0,_ZN4BLIF6Reader31create_internal_node_and_driverEv
FN:649,_ZN4BLIF6Reader20build_top_input_nodeEPKc
FNDA:0,_ZN4BLIF6Reader20build_top_input_nodeEPKc
FN:699,_ZN4BLIF6Reader19add_top_input_nodesEv
FNDA:0,_ZN4BLIF6Reader19add_top_input_nodesEv
FN:725,_ZN4BLIF6Reader26rb_create_top_output_nodesEv
FNDA:0,_ZN4BLIF6Reader26rb_create_top_output_nodesEv
FN:773,_ZN4BLIF6Reader37verify_hard_block_ports_against_modelEP16hard_block_portsP16hard_block_model
FNDA:0,_ZN4BLIF6Reader37verify_hard_block_ports_against_modelEP16hard_block_portsP16hard_block_model
FN:831,_ZN4BLIF6Reader21read_hard_block_modelEPc14operation_listP16hard_block_ports
FNDA:0,_ZN4BLIF6Reader21read_hard_block_modelEPc14operation_listP16hard_block_ports
FN:932,_ZN4BLIF6Reader25rb_create_top_driver_netsEPKc
FNDA:0,_ZN4BLIF6Reader25rb_create_top_driver_netsEPKc
FN:992,_ZN4BLIF6Reader18rb_look_for_clocksEv
FNDA:0,_ZN4BLIF6Reader18rb_look_for_clocksEv
FN:1009,_ZN4BLIF6Reader9dum_parseEPc
FNDA:0,_ZN4BLIF6Reader9dum_parseEPc
FN:1025,_ZN4BLIF6Reader31assign_node_type_from_node_nameEPc
FNDA:0,_ZN4BLIF6Reader31assign_node_type_from_node_nameEPc
FN:1069,_ZN4BLIF6Reader30read_bit_map_find_unknown_gateEiP7nnode_tPPc
FNDA:0,_ZN4BLIF6Reader30read_bit_map_find_unknown_gateEiP7nnode_tPPc
FN:1345,_ZN4BLIF6Reader28create_latch_node_and_driverEv
FNDA:0,_ZN4BLIF6Reader28create_latch_node_and_driverEv
FN:1448,_ZN4BLIF6Reader17search_clock_nameEv
FNDA:0,_ZN4BLIF6Reader17search_clock_nameEv
FN:1529,_ZN4BLIF6Reader24get_hard_block_port_nameEPc
FNDA:0,_ZN4BLIF6Reader24get_hard_block_port_nameEPc
FN:1550,_ZN4BLIF6Reader25get_hard_block_pin_numberEPc
FNDA:0,_ZN4BLIF6Reader25get_hard_block_pin_numberEPc
FN:1581,_ZN4BLIF6Reader28compare_hard_block_pin_namesEPKvS2_
FNDA:0,_ZN4BLIF6Reader28compare_hard_block_pin_namesEPKvS2_
FN:1614,_ZN4BLIF6Reader20get_hard_block_portsEPPci
FNDA:0,_ZN4BLIF6Reader20get_hard_block_portsEPPci
FN:1661,_ZN4BLIF6Reader11index_namesEPPci
FNDA:0,_ZN4BLIF6Reader11index_namesEPPci
FN:1683,_ZN4BLIF6Reader15associate_namesEPPcS2_i
FNDA:0,_ZN4BLIF6Reader15associate_namesEPPcS2_i
FN:1703,_ZN4BLIF6Reader20get_hard_block_modelEPcP16hard_block_portsP17hard_block_models
FNDA:0,_ZN4BLIF6Reader20get_hard_block_modelEPcP16hard_block_portsP17hard_block_models
FN:1731,_ZN4BLIF6Reader20add_hard_block_modelEP16hard_block_modelP16hard_block_portsP17hard_block_models
FNDA:0,_ZN4BLIF6Reader20add_hard_block_modelEP16hard_block_modelP16hard_block_portsP17hard_block_models
FN:1761,_ZN4BLIF6Reader35generate_hard_block_ports_signatureEP16hard_block_ports
FNDA:0,_ZN4BLIF6Reader35generate_hard_block_ports_signatureEP16hard_block_ports
FN:1783,_ZN4BLIF6Reader24create_hard_block_modelsEv
FNDA:0,_ZN4BLIF6Reader24create_hard_block_modelsEv
FN:1800,_ZN4BLIF6Reader16count_blif_linesEv
FNDA:0,_ZN4BLIF6Reader16count_blif_linesEv
FN:1827,_ZN4BLIF6Reader22free_hard_block_modelsEP17hard_block_models
FNDA:0,_ZN4BLIF6Reader22free_hard_block_modelsEP17hard_block_models
FN:1847,_ZN4BLIF6Reader21free_hard_block_modelEP16hard_block_model
FNDA:0,_ZN4BLIF6Reader21free_hard_block_modelEP16hard_block_model
FN:1867,_ZN4BLIF6Reader20free_hard_block_pinsEP15hard_block_pins
FNDA:0,_ZN4BLIF6Reader20free_hard_block_pinsEP15hard_block_pins
FN:1887,_ZN4BLIF6Reader21free_hard_block_portsEP16hard_block_ports
FNDA:0,_ZN4BLIF6Reader21free_hard_block_portsEP16hard_block_ports
FN:1916,_ZN4BLIF6Reader38resolve_signal_name_based_on_blif_typeEPKcS2_
FNDA:0,_ZN4BLIF6Reader38resolve_signal_name_based_on_blif_typeEPKcS2_
FN:2010,_ZN4BLIF6Reader23create_hard_block_modelEPKc14operation_listP16hard_block_ports
FNDA:0,_ZN4BLIF6Reader23create_hard_block_modelEPKc14operation_listP16hard_block_ports
FN:2096,_ZN4BLIF6Reader12create_modelEPKcP16hard_block_portsii
FNDA:0,_ZN4BLIF6Reader12create_modelEPKcP16hard_block_portsii
FN:2154,_ZN4BLIF6Reader24hard_block_sensitivitiesEPKcP7nnode_t
FNDA:0,_ZN4BLIF6Reader24hard_block_sensitivitiesEPKcP7nnode_t
FN:2312,_ZN4BLIF6Reader11need_paramsE14operation_list
FNDA:0,_ZN4BLIF6Reader11need_paramsE14operation_list
DA:71,0
DA:72,0
DA:74,0
DA:75,0
DA:76,0
DA:78,0
DA:80,0
DA:82,0
DA:83,0
DA:84,0
DA:86,0
DA:87,0
DA:89,0
DA:90,0
DA:92,0
DA:94,0
DA:92,0
DA:93,0
DA:94,0
DA:96,0
DA:97,0
DA:98,0
DA:101,0
DA:102,0
DA:105,0
DA:108,0
DA:110,0
DA:111,0
DA:113,0
DA:114,0
DA:115,0
DA:116,0
DA:117,0
DA:119,0
DA:121,0
DA:123,0
DA:124,0
DA:125,0
DA:128,0
DA:130,0
DA:132,0
DA:133,0
DA:136,0
DA:138,0
DA:157,0
DA:160,0
DA:162,0
DA:163,0
DA:164,0
DA:166,0
DA:167,0
DA:168,0
DA:169,0
DA:170,0
DA:171,0
DA:172,0
DA:173,0
DA:174,0
DA:175,0
DA:176,0
DA:177,0
DA:180,0
DA:181,0
DA:195,0
DA:196,0
DA:197,0
DA:198,0
DA:199,0
DA:204,0
DA:205,0
DA:206,0
DA:207,0
DA:209,0
DA:211,0
DA:212,0
DA:215,0
DA:216,0
DA:217,0
DA:222,0
DA:225,0
DA:226,0
DA:229,0
DA:231,0
DA:234,0
DA:235,0
DA:236,0
DA:244,0
DA:245,0
DA:246,0
DA:247,0
DA:250,0
DA:251,0
DA:253,0
DA:254,0
DA:255,0
DA:258,0
DA:269,0
DA:270,0
DA:271,0
DA:272,0
DA:274,0
DA:276,0
DA:277,0
DA:279,0
DA:281,0
DA:291,0
DA:292,0
DA:293,0
DA:300,0
DA:301,0
DA:302,0
DA:306,0
DA:307,0
DA:309,0
DA:310,0
DA:311,0
DA:315,0
DA:318,0
DA:320,0
DA:321,0
DA:323,0
DA:326,0
DA:328,0
DA:329,0
DA:330,0
DA:333,0
DA:334,0
DA:336,0
DA:337,0
DA:340,0
DA:341,0
DA:342,0
DA:345,0
DA:346,0
DA:348,0
DA:350,0
DA:352,0
DA:353,0
DA:354,0
DA:356,0
DA:357,0
DA:359,0
DA:360,0
DA:361,0
DA:363,0
DA:364,0
DA:365,0
DA:367,0
DA:369,0
DA:370,0
DA:372,0
DA:374,0
DA:376,0
DA:377,0
DA:378,0
DA:381,0
DA:384,0
DA:387,0
DA:390,0
DA:391,0
DA:392,0
DA:393,0
DA:395,0
DA:396,0
DA:400,0
DA:403,0
DA:404,0
DA:406,0
DA:407,0
DA:410,0
DA:414,0
DA:415,0
DA:417,0
DA:419,0
DA:422,0
DA:423,0
DA:428,0
DA:429,0
DA:430,0
DA:431,0
DA:433,0
DA:434,0
DA:435,0
DA:438,0
DA:439,0
DA:440,0
DA:441,0
DA:444,0
DA:445,0
DA:446,0
DA:448,0
DA:449,0
DA:451,0
DA:452,0
DA:453,0
DA:454,0
DA:456,0
DA:457,0
DA:458,0
DA:459,0
DA:460,0
DA:463,0
DA:467,0
DA:468,0
DA:469,0
DA:471,0
DA:473,0
DA:474,0
DA:475,0
DA:476,0
DA:478,0
DA:479,0
DA:480,0
DA:481,0
DA:482,0
DA:485,0
DA:487,0
DA:488,0
DA:490,0
DA:493,0
DA:497,0
DA:498,0
DA:499,0
DA:500,0
DA:504,0
DA:505,0
DA:507,0
DA:508,0
DA:509,0
DA:510,0
DA:512,0
DA:521,0
DA:523,0
DA:524,0
DA:525,0
DA:526,0
DA:527,0
DA:528,0
DA:529,0
DA:533,0
DA:534,0
DA:537,0
DA:538,0
DA:539,0
DA:540,0
DA:541,0
DA:542,0
DA:545,0
DA:547,0
DA:548,0
DA:549,0
DA:552,0
DA:553,0
DA:554,0
DA:558,0
DA:560,0
DA:563,0
DA:564,0
DA:565,0
DA:566,0
DA:567,0
DA:568,0
DA:571,0
DA:572,0
DA:578,0
DA:579,0
DA:580,0
DA:581,0
DA:582,0
DA:586,0
DA:587,0
DA:588,0
DA:590,0
DA:591,0
DA:592,0
DA:593,0
DA:596,0
DA:597,0
DA:598,0
DA:600,0
DA:601,0
DA:602,0
DA:603,0
DA:607,0
DA:608,0
DA:611,0
DA:614,0
DA:615,0
DA:619,0
DA:620,0
DA:621,0
DA:623,0
DA:625,0
DA:626,0
DA:627,0
DA:628,0
DA:629,0
DA:631,0
DA:634,0
DA:635,0
DA:637,0
DA:638,0
DA:649,0
DA:650,0
DA:654,0
DA:656,0
DA:657,0
DA:660,0
DA:663,0
DA:664,0
DA:667,0
DA:668,0
DA:669,0
DA:672,0
DA:674,0
DA:675,0
DA:677,0
DA:679,0
DA:680,0
DA:688,0
DA:689,0
DA:690,0
DA:699,0
DA:706,0
DA:707,0
DA:708,0
DA:711,0
DA:712,0
DA:713,0
DA:714,0
DA:716,0
DA:725,0
DA:726,0
DA:727,0
DA:729,0
DA:730,0
DA:735,0
DA:736,0
DA:737,0
DA:740,0
DA:743,0
DA:744,0
DA:747,0
DA:748,0
DA:750,0
DA:754,0
DA:755,0
DA:756,0
DA:758,0
DA:773,0
DA:774,0
DA:775,0
DA:776,0
DA:777,0
DA:778,0
DA:779,0
DA:781,0
DA:782,0
DA:783,0
DA:785,0
DA:791,0
DA:793,0
DA:800,0
DA:801,0
DA:802,0
DA:803,0
DA:805,0
DA:806,0
DA:807,0
DA:809,0
DA:831,0
DA:833,0
DA:834,0
DA:835,0
DA:837,0
DA:839,0
DA:840,0
DA:843,0
DA:844,0
DA:845,0
DA:846,0
DA:848,0
DA:849,0
DA:850,0
DA:851,0
DA:852,0
DA:853,0
DA:855,0
DA:856,0
DA:857,0
DA:860,0
DA:861,0
DA:862,0
DA:863,0
DA:864,0
DA:865,0
DA:866,0
DA:867,0
DA:869,0
DA:870,0
DA:871,0
DA:872,0
DA:873,0
DA:875,0
DA:885,0
DA:887,0
DA:888,0
DA:889,0
DA:891,0
DA:895,0
DA:896,0
DA:899,0
DA:900,0
DA:903,0
DA:904,0
DA:907,0
DA:910,0
DA:912,0
DA:915,0
DA:916,0
DA:918,0
DA:932,0
DA:933,0
DA:938,0
DA:939,0
DA:940,0
DA:941,0
DA:942,0
DA:943,0
DA:944,0
DA:945,0
DA:948,0
DA:949,0
DA:950,0
DA:951,0
DA:952,0
DA:953,0
DA:954,0
DA:955,0
DA:958,0
DA:959,0
DA:960,0
DA:961,0
DA:962,0
DA:963,0
DA:964,0
DA:965,0
DA:968,0
DA:969,0
DA:972,0
DA:973,0
DA:976,0
DA:977,0
DA:979,0
DA:980,0
DA:981,0
DA:982,0
DA:992,0
DA:993,0
DA:994,0
DA:995,0
DA:996,0
DA:997,0
DA:1000,0
DA:1009,0
DA:1011,0
DA:1013,0
DA:1025,0
DA:1027,0
DA:1029,0
DA:1030,0
DA:1031,0
DA:1033,0
DA:1036,0
DA:1038,0
DA:1039,0
DA:1040,0
DA:1041,0
DA:1044,0
DA:1045,0
DA:1046,0
DA:1047,0
DA:1048,0
DA:1049,0
DA:1053,0
DA:1055,0
DA:1069,0
DA:1070,0
DA:1072,0
DA:1073,0
DA:1074,0
DA:1075,0
DA:1076,0
DA:1078,0
DA:1079,0
DA:1080,0
DA:1081,0
DA:1083,0
DA:1084,0
DA:1085,0
DA:1087,0
DA:1088,0
DA:1090,0
DA:1092,0
DA:1095,0
DA:1098,0
DA:1099,0
DA:1100,0
DA:1102,0
DA:1105,0
DA:1106,0
DA:1107,0
DA:1108,0
DA:1111,0
DA:1114,0
DA:1118,0
DA:1119,0
DA:1120,0
DA:1123,0
DA:1125,0
DA:1130,0
DA:1137,0
DA:1140,0
DA:1141,0
DA:1142,0
DA:1145,0
DA:1146,0
DA:1147,0
DA:1152,0
DA:1153,0
DA:1156,0
DA:1159,0
DA:1160,0
DA:1162,0
DA:1163,0
DA:1169,0
DA:1171,0
DA:1175,0
DA:1179,0
DA:1180,0
DA:1187,0
DA:1188,0
DA:1189,0
DA:1190,0
DA:1191,0
DA:1194,0
DA:1196,0
DA:1197,0
DA:1198,0
DA:1199,0
DA:1200,0
DA:1204,0
DA:1205,0
DA:1206,0
DA:1207,0
DA:1208,0
DA:1212,0
DA:1214,0
DA:1215,0
DA:1216,0
DA:1220,0
DA:1221,0
DA:1222,0
DA:1223,0
DA:1224,0
DA:1225,0
DA:1229,0
DA:1232,0
DA:1233,0
DA:1235,0
DA:1236,0
DA:1241,0
DA:1249,0
DA:1253,0
DA:1254,0
DA:1256,0
DA:1257,0
DA:1262,0
DA:1270,0
DA:1271,0
DA:1277,0
DA:1279,0
DA:1280,0
DA:1282,0
DA:1283,0
DA:1284,0
DA:1285,0
DA:1290,0
DA:1298,0
DA:1306,0
DA:1307,0
DA:1308,0
DA:1312,0
DA:1313,0
DA:1314,0
DA:1315,0
DA:1319,0
DA:1321,0
DA:1322,0
DA:1324,0
DA:1325,0
DA:1326,0
DA:1328,0
DA:1331,0
DA:1332,0
DA:1334,0
DA:1345,0
DA:1347,0
DA:1348,0
DA:1350,0
DA:1352,0
DA:1353,0
DA:1354,0
DA:1355,0
DA:1357,0
DA:1361,0
DA:1363,0
DA:1364,0
DA:1365,0
DA:1367,0
DA:1368,0
DA:1369,0
DA:1371,0
DA:1372,0
DA:1373,0
DA:1374,0
DA:1377,0
DA:1382,0
DA:1383,0
DA:1384,0
DA:1385,0
DA:1387,0
DA:1390,0
DA:1391,0
DA:1394,0
DA:1398,0
DA:1399,0
DA:1403,0
DA:1404,0
DA:1405,0
DA:1406,0
DA:1408,0
DA:1409,0
DA:1410,0
DA:1411,0
DA:1414,0
DA:1417,0
DA:1418,0
DA:1421,0
DA:1422,0
DA:1424,0
DA:1425,0
DA:1426,0
DA:1427,0
DA:1428,0
DA:1430,0
DA:1433,0
DA:1434,0
DA:1436,0
DA:1437,0
DA:1438,0
DA:1448,0
DA:1449,0
DA:1450,0
DA:1451,0
DA:1452,0
DA:1454,0
DA:1458,0
DA:1459,0
DA:1460,0
DA:1461,0
DA:1464,0
DA:1467,0
DA:1468,0
DA:1469,0
DA:1472,0
DA:1474,0
DA:1475,0
DA:1476,0
DA:1478,0
DA:1479,0
DA:1481,0
DA:1482,0
DA:1483,0
DA:1484,0
DA:1488,0
DA:1489,0
DA:1494,0
DA:1496,0
DA:1497,0
DA:1499,0
DA:1500,0
DA:1502,0
DA:1503,0
DA:1504,0
DA:1505,0
DA:1510,0
DA:1512,0
DA:1529,0
DA:1530,0
DA:1531,0
DA:1532,0
DA:1550,0
DA:1551,0
DA:1554,0
DA:1555,0
DA:1556,0
DA:1557,0
DA:1558,0
DA:1560,0
DA:1561,0
DA:1563,0
DA:1581,0
DA:1582,0
DA:1583,0
DA:1585,0
DA:1586,0
DA:1587,0
DA:1588,0
DA:1589,0
DA:1592,0
DA:1593,0
DA:1594,0
DA:1595,0
DA:1614,0
DA:1616,0
DA:1617,0
DA:1618,0
DA:1619,0
DA:1620,0
DA:1621,0
DA:1622,0
DA:1623,0
DA:1625,0
DA:1626,0
DA:1627,0
DA:1629,0
DA:1630,0
DA:1631,0
DA:1634,0
DA:1635,0
DA:1637,0
DA:1638,0
DA:1641,0
DA:1642,0
DA:1644,0
DA:1645,0
DA:1647,0
DA:1661,0
DA:1662,0
DA:1663,0
DA:1664,0
DA:1665,0
DA:1666,0
DA:1668,0
DA:1683,0
DA:1684,0
DA:1685,0
DA:1686,0
DA:1688,0
DA:1703,0
DA:1704,0
DA:1705,0
DA:1707,0
DA:1708,0
DA:1709,0
DA:1710,0
DA:1711,0
DA:1712,0
DA:1714,0
DA:1715,0
DA:1717,0
DA:1731,0
DA:1732,0
DA:1733,0
DA:1735,0
DA:1736,0
DA:1737,0
DA:1738,0
DA:1739,0
DA:1740,0
DA:1742,0
DA:1743,0
DA:1745,0
DA:1746,0
DA:1747,0
DA:1750,0
DA:1761,0
DA:1762,0
DA:1763,0
DA:1765,0
DA:1767,0
DA:1768,0
DA:1769,0
DA:1770,0
DA:1771,0
DA:1773,0
DA:1783,0
DA:1784,0
DA:1785,0
DA:1786,0
DA:1787,0
DA:1789,0
DA:1800,0
DA:1801,0
DA:1802,0
DA:1803,0
DA:1804,0
DA:1806,0
DA:1809,0
DA:1812,0
DA:1814,0
DA:1827,0
DA:1829,0
DA:1831,0
DA:1832,0
DA:1834,0
DA:1835,0
DA:1836,0
DA:1847,0
DA:1848,0
DA:1849,0
DA:1851,0
DA:1852,0
DA:1854,0
DA:1855,0
DA:1856,0
DA:1867,0
DA:1868,0
DA:1869,0
DA:1871,0
DA:1873,0
DA:1874,0
DA:1875,0
DA:1876,0
DA:1887,0
DA:1888,0
DA:1889,0
DA:1891,0
DA:1892,0
DA:1893,0
DA:1895,0
DA:1896,0
DA:1897,0
DA:1898,0
DA:1916,0
DA:1917,0
DA:1919,0
DA:1920,0
DA:1921,0
DA:1922,0
DA:1923,0
DA:1924,0
DA:1925,0
DA:1926,0
DA:1927,0
DA:1928,0
DA:1930,0
DA:1931,0
DA:1938,0
DA:1939,0
DA:1940,0
DA:1941,0
DA:1943,0
DA:1944,0
DA:1945,0
DA:1946,0
DA:1947,0
DA:1949,0
DA:1950,0
DA:1951,0
DA:1952,0
DA:1953,0
DA:1960,0
DA:1961,0
DA:1962,0
DA:1963,0
DA:1964,0
DA:1966,0
DA:1968,0
DA:1970,0
DA:1971,0
DA:1973,0
DA:1974,0
DA:1976,0
DA:1977,0
DA:1980,0
DA:1981,0
DA:1983,0
DA:1987,0
DA:1988,0
DA:1989,0
DA:1990,0
DA:1991,0
DA:1992,0
DA:1993,0
DA:1994,0
DA:1996,0
DA:2010,0
DA:2011,0
DA:2013,0
DA:2015,0
DA:2016,0
DA:2017,0
DA:2018,0
DA:2019,0
DA:2020,0
DA:2021,0
DA:2022,0
DA:2023,0
DA:2024,0
DA:2025,0
DA:2026,0
DA:2027,0
DA:2028,0
DA:2029,0
DA:2030,0
DA:2031,0
DA:2032,0
DA:2033,0
DA:2034,0
DA:2035,0
DA:2036,0
DA:2037,0
DA:2038,0
DA:2039,0
DA:2040,0
DA:2041,0
DA:2042,0
DA:2043,0
DA:2044,0
DA:2045,0
DA:2046,0
DA:2047,0
DA:2049,0
DA:2050,0
DA:2052,0
DA:2053,0
DA:2054,0
DA:2055,0
DA:2056,0
DA:2057,0
DA:2058,0
DA:2059,0
DA:2061,0
DA:2062,0
DA:2064,0
DA:2066,0
DA:2067,0
DA:2069,0
DA:2070,0
DA:2072,0
DA:2073,0
DA:2075,0
DA:2076,0
DA:2080,0
DA:2096,0
DA:2097,0
DA:2098,0
DA:2099,0
DA:2101,0
DA:2102,0
DA:2104,0
DA:2105,0
DA:2107,0
DA:2108,0
DA:2109,0
DA:2110,0
DA:2111,0
DA:2113,0
DA:2114,0
DA:2116,0
DA:2119,0
DA:2120,0
DA:2122,0
DA:2123,0
DA:2127,0
DA:2129,0
DA:2130,0
DA:2133,0
DA:2137,0
DA:2138,0
DA:2140,0
DA:2154,0
DA:2156,0
DA:2157,0
DA:2158,0
DA:2160,0
DA:2161,0
DA:2162,0
DA:2163,0
DA:2164,0
DA:2165,0
DA:2167,0
DA:2168,0
DA:2169,0
DA:2170,0
DA:2172,0
DA:2173,0
DA:2174,0
DA:2175,0
DA:2176,0
DA:2178,0
DA:2179,0
DA:2180,0
DA:2182,0
DA:2183,0
DA:2184,0
DA:2186,0
DA:2187,0
DA:2188,0
DA:2190,0
DA:2191,0
DA:2192,0
DA:2194,0
DA:2195,0
DA:2196,0
DA:2198,0
DA:2199,0
DA:2200,0
DA:2202,0
DA:2203,0
DA:2204,0
DA:2206,0
DA:2207,0
DA:2208,0
DA:2209,0
DA:2210,0
DA:2211,0
DA:2212,0
DA:2215,0
DA:2216,0
DA:2217,0
DA:2218,0
DA:2219,0
DA:2220,0
DA:2222,0
DA:2223,0
DA:2224,0
DA:2225,0
DA:2226,0
DA:2228,0
DA:2229,0
DA:2230,0
DA:2231,0
DA:2232,0
DA:2234,0
DA:2235,0
DA:2236,0
DA:2237,0
DA:2238,0
DA:2240,0
DA:2241,0
DA:2242,0
DA:2243,0
DA:2244,0
DA:2246,0
DA:2247,0
DA:2248,0
DA:2249,0
DA:2250,0
DA:2252,0
DA:2253,0
DA:2254,0
DA:2255,0
DA:2256,0
DA:2258,0
DA:2259,0
DA:2260,0
DA:2261,0
DA:2262,0
DA:2264,0
DA:2265,0
DA:2266,0
DA:2267,0
DA:2268,0
DA:2270,0
DA:2271,0
DA:2272,0
DA:2273,0
DA:2274,0
DA:2276,0
DA:2277,0
DA:2278,0
DA:2279,0
DA:2280,0
DA:2282,0
DA:2283,0
DA:2284,0
DA:2285,0
DA:2286,0
DA:2289,0
DA:2296,0
DA:2299,0
DA:2300,0
DA:2301,0
DA:2312,0
DA:2313,0
DA:2314,0
DA:2315,0
DA:2316,0
DA:2317,0
DA:2318,0
DA:2319,0
DA:2320,0
DA:2321,0
DA:2322,0
DA:2323,0
DA:2324,0
DA:2325,0
DA:2326,0
DA:2327,0
DA:2328,0
DA:2329,0
DA:2330,0
DA:2331,0
DA:2332,0
DA:2333,0
DA:2334,0
DA:2335,0
DA:2341,0
end_of_record
SF:/usr/include/c++/9/utility
DA:174,0
DA:175,0
DA:219,0
DA:220,0
end_of_record
SF:/usr/include/c++/9/bits/unordered_map.h
DA:102,0
DA:141,0
DA:346,0
DA:347,0
DA:920,0
DA:921,0
DA:988,0
DA:989,0
end_of_record
SF:/usr/include/c++/9/bits/ptr_traits.h
DA:146,0
DA:147,0
end_of_record
SF:/usr/include/c++/9/bits/stl_pair.h
end_of_record
SF:/usr/include/stdlib.h
DA:361,0
DA:363,0
end_of_record
SF:/usr/include/c++/9/bits/hashtable_policy.h
FN:714,_ZNSt8__detail9_Map_baseINSt7__cxx1112basic_stringIcSt11char_traitsIcESaIcEEESt4pairIKS6_14operation_listESaISA_ENS_10_Select1stESt8equal_toIS6_ESt4hashIS6_ENS_18_Mod_range_hashingENS_20_Default_ranged_hashENS_20_Prime_rehash_policyENS_17_Hashtable_traitsILb1ELb0ELb1EEELb1EEixEOS6_
FNDA:0,_ZNSt8__detail9_Map_baseINSt7__cxx1112basic_stringIcSt11char_traitsIcESaIcEEESt4pairIKS6_14operation_listESaISA_ENS_10_Select1stESt8equal_toIS6_ESt4hashIS6_ENS_18_Mod_range_hashingENS_20_Default_ranged_hashENS_20_Prime_rehash_policyENS_17_Hashtable_traitsILb1ELb0ELb1EEELb1EEixEOS6_
DA:92,0
DA:94,0
DA:218,0
DA:236,0
DA:237,0
DA:244,0
DA:245,0
DA:269,0
DA:294,0
DA:295,0
DA:311,0
DA:340,0
DA:341,0
DA:348,0
DA:349,0
DA:431,0
DA:433,0
DA:449,0
DA:450,0
DA:476,0
DA:477,0
DA:484,0
DA:485,0
DA:714,0
DA:719,0
DA:720,0
DA:721,0
DA:722,0
DA:724,0
DA:726,0
DA:727,0
DA:729,0
DA:732,0
DA:1093,0
DA:1096,0
DA:1104,0
DA:1108,0
DA:1380,0
DA:1384,0
DA:1388,0
DA:1390,0
DA:1393,0
DA:1396,0
DA:1399,0
DA:1400,0
DA:1415,0
DA:1418,0
DA:1421,0
DA:1427,0
DA:1448,0
DA:1450,0
DA:1829,0
DA:1834,0
DA:1846,0
DA:2017,0
DA:2036,0
DA:2046,0
DA:2047,0
DA:2118,0
DA:2120,0
DA:2122,0
DA:2123,0
DA:2124,0
DA:2142,0
DA:2146,0
DA:2147,0
DA:2148,0
DA:2149,0
end_of_record
SF:/usr/include/c++/9/ext/new_allocator.h
DA:80,0
DA:83,0
DA:89,0
DA:119,0
DA:128,0
end_of_record
SF:/usr/include/c++/9/bits/move.h
DA:47,0
DA:74,0
DA:99,0
DA:138,0
DA:139,0
end_of_record
SF:/workspace/vtr-verilog-to-routing/ODIN_II/SRC/include/BLIF.hpp
FN:116,_Z8getblineRPcmP8_IO_FILE
FNDA:0,_Z8getblineRPcmP8_IO_FILE
FN:165,_ZN4BLIF6Reader6_writeEPK9netlist_t
FNDA:0,_ZN4BLIF6Reader6_writeEPK9netlist_t
DA:116,0
DA:117,0
DA:118,0
DA:119,0
DA:120,0
DA:123,0
DA:124,0
DA:126,0
DA:127,0
DA:130,0
DA:165,0
DA:166,0
DA:167,0
end_of_record
SF:/usr/include/c++/9/bits/basic_string.h
FN:6097,_ZStplIcSt11char_traitsIcESaIcEENSt7__cxx1112basic_stringIT_T0_T1_EEOS8_S9_
FNDA:0,_ZStplIcSt11char_traitsIcESaIcEENSt7__cxx1112basic_stringIT_T0_T1_EEOS8_S9_
FN:6149,_ZSteqIcEN9__gnu_cxx11__enable_ifIXsrSt9__is_charIT_E7__valueEbE6__typeERKNSt7__cxx1112basic_stringIS3_St11char_traitsIS3_ESaIS3_EEESE_
FNDA:0,_ZSteqIcEN9__gnu_cxx11__enable_ifIXsrSt9__is_charIT_E7__valueEbE6__typeERKNSt7__cxx1112basic_stringIS3_St11char_traitsIS3_ESaIS3_EEESE_
DA:150,0
DA:159,0
DA:160,0
DA:178,0
DA:179,0
DA:182,0
DA:183,0
DA:186,0
DA:190,0
DA:193,0
DA:200,0
DA:203,0
DA:210,0
DA:211,0
DA:214,0
DA:216,0
DA:217,0
DA:221,0
DA:222,0
DA:229,0
DA:231,0
DA:232,0
DA:236,0
DA:237,0
DA:286,0
DA:287,0
DA:346,0
DA:348,0
DA:349,0
DA:351,0
DA:396,0
DA:398,0
DA:552,0
DA:553,0
DA:555,0
DA:557,0
DA:562,0
DA:563,0
DA:569,0
DA:570,0
DA:571,0
DA:657,0
DA:658,0
DA:930,0
DA:936,0
DA:993,0
DA:995,0
DA:1177,0
DA:1178,0
DA:1221,0
DA:1222,0
DA:1639,0
DA:1641,0
DA:2300,0
DA:2301,0
DA:2312,0
DA:2313,0
DA:2635,0
DA:2639,0
DA:2800,0
DA:2804,0
DA:6097,0
DA:6100,0
DA:6101,0
DA:6102,0
DA:6103,0
DA:6104,0
DA:6149,0
DA:6151,0
DA:6152,0
DA:6153,0
DA:6734,0
DA:6735,0
end_of_record
SF:/usr/include/c++/9/ext/aligned_buffer.h
DA:102,0
DA:104,0
DA:114,0
DA:115,0
end_of_record
SF:/usr/include/c++/9/ext/type_traits.h
DA:152,0
end_of_record
SF:/usr/include/c++/9/bits/hashtable.h
FN:1348,_ZNSt10_HashtableINSt7__cxx1112basic_stringIcSt11char_traitsIcESaIcEEESt4pairIKS5_PvESaIS9_ENSt8__detail10_Select1stESt8equal_toIS5_ESt4hashIS5_ENSB_18_Mod_range_hashingENSB_20_Default_ranged_hashENSB_20_Prime_rehash_policyENSB_17_Hashtable_traitsILb1ELb0ELb1EEEED2Ev
FNDA:0,_ZNSt10_HashtableINSt7__cxx1112basic_stringIcSt11char_traitsIcESaIcEEESt4pairIKS5_PvESaIS9_ENSt8__detail10_Select1stESt8equal_toIS5_ESt4hashIS5_ENSB_18_Mod_range_hashingENSB_20_Default_ranged_hashENSB_20_Prime_rehash_policyENSB_17_Hashtable_traitsILb1ELb0ELb1EEEED2Ev
FN:1412,_ZNSt10_HashtableINSt7__cxx1112basic_stringIcSt11char_traitsIcESaIcEEESt4pairIKS5_14operation_listESaIS9_ENSt8__detail10_Select1stESt8equal_toIS5_ESt4hashIS5_ENSB_18_Mod_range_hashingENSB_20_Default_ranged_hashENSB_20_Prime_rehash_policyENSB_17_Hashtable_traitsILb1ELb0ELb1EEEE4findERS7_
FNDA:0,_ZNSt10_HashtableINSt7__cxx1112basic_stringIcSt11char_traitsIcESaIcEEESt4pairIKS5_14operation_listESaIS9_ENSt8__detail10_Select1stESt8equal_toIS5_ESt4hashIS5_ENSB_18_Mod_range_hashingENSB_20_Default_ranged_hashENSB_20_Prime_rehash_policyENSB_17_Hashtable_traitsILb1ELb0ELb1EEEE4findERS7_
FN:1532,_ZNKSt10_HashtableINSt7__cxx1112basic_stringIcSt11char_traitsIcESaIcEEESt4pairIKS5_14operation_listESaIS9_ENSt8__detail10_Select1stESt8equal_toIS5_ESt4hashIS5_ENSB_18_Mod_range_hashingENSB_20_Default_ranged_hashENSB_20_Prime_rehash_policyENSB_17_Hashtable_traitsILb1ELb0ELb1EEEE19_M_find_before_nodeEmRS7_m
FNDA:0,_ZNKSt10_HashtableINSt7__cxx1112basic_stringIcSt11char_traitsIcESaIcEEESt4pairIKS5_14operation_listESaIS9_ENSt8__detail10_Select1stESt8equal_toIS5_ESt4hashIS5_ENSB_18_Mod_range_hashingENSB_20_Default_ranged_hashENSB_20_Prime_rehash_policyENSB_17_Hashtable_traitsILb1ELb0ELb1EEEE19_M_find_before_nodeEmRS7_m
FN:1560,_ZNSt10_HashtableINSt7__cxx1112basic_stringIcSt11char_traitsIcESaIcEEESt4pairIKS5_14operation_listESaIS9_ENSt8__detail10_Select1stESt8equal_toIS5_ESt4hashIS5_ENSB_18_Mod_range_hashingENSB_20_Default_ranged_hashENSB_20_Prime_rehash_policyENSB_17_Hashtable_traitsILb1ELb0ELb1EEEE22_M_insert_bucket_beginEmPNSB_10_Hash_nodeIS9_Lb1EEE
FNDA:0,_ZNSt10_HashtableINSt7__cxx1112basic_stringIcSt11char_traitsIcESaIcEEESt4pairIKS5_14operation_listESaIS9_ENSt8__detail10_Select1stESt8equal_toIS5_ESt4hashIS5_ENSB_18_Mod_range_hashingENSB_20_Default_ranged_hashENSB_20_Prime_rehash_policyENSB_17_Hashtable_traitsILb1ELb0ELb1EEEE22_M_insert_bucket_beginEmPNSB_10_Hash_nodeIS9_Lb1EEE
FN:1698,_ZNSt10_HashtableINSt7__cxx1112basic_stringIcSt11char_traitsIcESaIcEEESt4pairIKS5_14operation_listESaIS9_ENSt8__detail10_Select1stESt8equal_toIS5_ESt4hashIS5_ENSB_18_Mod_range_hashingENSB_20_Default_ranged_hashENSB_20_Prime_rehash_policyENSB_17_Hashtable_traitsILb1ELb0ELb1EEEE21_M_insert_unique_nodeEmmPNSB_10_Hash_nodeIS9_Lb1EEEm
FNDA:0,_ZNSt10_HashtableINSt7__cxx1112basic_stringIcSt11char_traitsIcESaIcEEESt4pairIKS5_14operation_listESaIS9_ENSt8__detail10_Select1stESt8equal_toIS5_ESt4hashIS5_ENSB_18_Mod_range_hashingENSB_20_Default_ranged_hashENSB_20_Prime_rehash_policyENSB_17_Hashtable_traitsILb1ELb0ELb1EEEE21_M_insert_unique_nodeEmmPNSB_10_Hash_nodeIS9_Lb1EEEm
FN:2024,_ZNSt10_HashtableINSt7__cxx1112basic_stringIcSt11char_traitsIcESaIcEEESt4pairIKS5_PvESaIS9_ENSt8__detail10_Select1stESt8equal_toIS5_ESt4hashIS5_ENSB_18_Mod_range_hashingENSB_20_Default_ranged_hashENSB_20_Prime_rehash_policyENSB_17_Hashtable_traitsILb1ELb0ELb1EEEE5clearEv
FNDA:0,_ZNSt10_HashtableINSt7__cxx1112basic_stringIcSt11char_traitsIcESaIcEEESt4pairIKS5_PvESaIS9_ENSt8__detail10_Select1stESt8equal_toIS5_ESt4hashIS5_ENSB_18_Mod_range_hashingENSB_20_Default_ranged_hashENSB_20_Prime_rehash_policyENSB_17_Hashtable_traitsILb1ELb0ELb1EEEE5clearEv
FN:2061,_ZNSt10_HashtableINSt7__cxx1112basic_stringIcSt11char_traitsIcESaIcEEESt4pairIKS5_14operation_listESaIS9_ENSt8__detail10_Select1stESt8equal_toIS5_ESt4hashIS5_ENSB_18_Mod_range_hashingENSB_20_Default_ranged_hashENSB_20_Prime_rehash_policyENSB_17_Hashtable_traitsILb1ELb0ELb1EEEE9_M_rehashEmRKm
FNDA:0,_ZNSt10_HashtableINSt7__cxx1112basic_stringIcSt11char_traitsIcESaIcEEESt4pairIKS5_14operation_listESaIS9_ENSt8__detail10_Select1stESt8equal_toIS5_ESt4hashIS5_ENSB_18_Mod_range_hashingENSB_20_Default_ranged_hashENSB_20_Prime_rehash_policyENSB_17_Hashtable_traitsILb1ELb0ELb1EEEE9_M_rehashEmRKm
FN:2084,_ZNSt10_HashtableINSt7__cxx1112basic_stringIcSt11char_traitsIcESaIcEEESt4pairIKS5_14operation_listESaIS9_ENSt8__detail10_Select1stESt8equal_toIS5_ESt4hashIS5_ENSB_18_Mod_range_hashingENSB_20_Default_ranged_hashENSB_20_Prime_rehash_policyENSB_17_Hashtable_traitsILb1ELb0ELb1EEEE13_M_rehash_auxEmSt17integral_constantIbLb1EE
FNDA:0,_ZNSt10_HashtableINSt7__cxx1112basic_stringIcSt11char_traitsIcESaIcEEESt4pairIKS5_14operation_listESaIS9_ENSt8__detail10_Select1stESt8equal_toIS5_ESt4hashIS5_ENSB_18_Mod_range_hashingENSB_20_Default_ranged_hashENSB_20_Prime_rehash_policyENSB_17_Hashtable_traitsILb1ELb0ELb1EEEE13_M_rehash_auxEmSt17integral_constantIbLb1EE
DA:342,0
DA:343,0
DA:353,0
DA:355,0
DA:357,0
DA:358,0
DA:361,0
DA:365,0
DA:367,0
DA:370,0
DA:374,0
DA:375,0
DA:383,0
DA:414,0
DA:512,0
DA:513,0
DA:639,0
DA:640,0
DA:643,0
DA:644,0
DA:652,0
DA:655,0
DA:656,0
DA:657,0
DA:1348,0
DA:1352,0
DA:1353,0
DA:1354,0
DA:1412,0
DA:1417,0
DA:1418,0
DA:1419,0
DA:1420,0
DA:1532,0
DA:1538,0
DA:1539,0
DA:1542,0
DA:1545,0
DA:1546,0
DA:1548,0
DA:1560,0
DA:1564,0
DA:1568,0
DA:1569,0
DA:1576,0
DA:1577,0
DA:1578,0
DA:1581,0
DA:1582,0
DA:1584,0
DA:1698,0
DA:1704,0
DA:1705,0
DA:1711,0
DA:1713,0
DA:1714,0
DA:1717,0
DA:1720,0
DA:1721,0
DA:1722,0
DA:1724,0
DA:1726,0
DA:1727,0
DA:2024,0
DA:2028,0
DA:2029,0
DA:2030,0
DA:2031,0
DA:2032,0
DA:2061,0
DA:2067,0
DA:2069,0
DA:2073,0
DA:2074,0
DA:2076,0
DA:2084,0
DA:2088,0
DA:2089,0
DA:2090,0
DA:2091,0
DA:2092,0
DA:2094,0
DA:2095,0
DA:2096,0
DA:2098,0
DA:2099,0
DA:2100,0
DA:2101,0
DA:2102,0
DA:2107,0
DA:2108,0
DA:2113,0
DA:2114,0
DA:2115,0
DA:2116,0
end_of_record
SF:/usr/include/x86_64-linux-gnu/bits/string_fortified.h
DA:31,0
DA:34,0
DA:126,0
DA:128,0
end_of_record
TN:
SF:/usr/include/c++/9/bits/ptr_traits.h
DA:146,0
DA:147,0
end_of_record
SF:/usr/include/c++/9/bits/char_traits.h
DA:299,0
DA:300,0
DA:361,0
DA:363,0
DA:365,0
end_of_record
SF:/usr/include/c++/9/ext/type_traits.h
DA:152,0
end_of_record
SF:/usr/include/c++/9/bits/basic_string.h
FN:6057,_ZStplIcSt11char_traitsIcESaIcEENSt7__cxx1112basic_stringIT_T0_T1_EERKS8_PKS5_
FNDA:0,_ZStplIcSt11char_traitsIcESaIcEENSt7__cxx1112basic_stringIT_T0_T1_EERKS8_PKS5_
FN:6085,_ZStplIcSt11char_traitsIcESaIcEENSt7__cxx1112basic_stringIT_T0_T1_EEOS8_RKS8_
FNDA:0,_ZStplIcSt11char_traitsIcESaIcEENSt7__cxx1112basic_stringIT_T0_T1_EEOS8_RKS8_
FN:6121,_ZStplIcSt11char_traitsIcESaIcEENSt7__cxx1112basic_stringIT_T0_T1_EEOS8_PKS5_
FNDA:0,_ZStplIcSt11char_traitsIcESaIcEENSt7__cxx1112basic_stringIT_T0_T1_EEOS8_PKS5_
DA:150,0
DA:159,0
DA:160,0
DA:178,0
DA:179,0
DA:182,0
DA:183,0
DA:186,0
DA:190,0
DA:193,0
DA:200,0
DA:203,0
DA:210,0
DA:211,0
DA:214,0
DA:216,0
DA:217,0
DA:221,0
DA:222,0
DA:229,0
DA:231,0
DA:232,0
DA:236,0
DA:237,0
DA:243,0
DA:247,0
DA:263,0
DA:266,0
DA:286,0
DA:287,0
DA:290,0
DA:291,0
DA:346,0
DA:348,0
DA:349,0
DA:351,0
DA:392,0
DA:393,0
DA:396,0
DA:398,0
DA:431,0
DA:433,0
DA:434,0
DA:448,0
DA:450,0
DA:451,0
DA:552,0
DA:553,0
DA:555,0
DA:557,0
DA:562,0
DA:563,0
DA:569,0
DA:570,0
DA:571,0
DA:657,0
DA:658,0
DA:930,0
DA:936,0
DA:1221,0
DA:1222,0
DA:2300,0
DA:2301,0
DA:6057,0
DA:6060,0
DA:6061,0
DA:6062,0
DA:6085,0
DA:6087,0
DA:6121,0
DA:6123,0
end_of_record
SF:/usr/include/c++/9/bits/move.h
DA:47,0
DA:99,0
DA:138,0
DA:139,0
end_of_record
SF:/usr/include/c++/9/ext/new_allocator.h
DA:80,0
DA:83,0
DA:89,0
DA:119,0
DA:128,0
end_of_record
SF:/workspace/vtr-verilog-to-routing/ODIN_II/SRC/include/BLIF.hpp
FN:591,_ZN4BLIF6WriterD0Ev
FNDA:0,_ZN4BLIF6WriterD0Ev
FN:591,_ZN4BLIF6WriterD2Ev
FNDA:0,_ZN4BLIF6WriterD2Ev
FN:605,_ZN4BLIF6Writer5_readEv
FNDA:0,_ZN4BLIF6Writer5_readEv
DA:591,0
DA:591,0
DA:605,0
DA:606,0
DA:607,0
end_of_record
SF:/workspace/vtr-verilog-to-routing/libs/EXTERNAL/libargparse/src/argparse_value.hpp
DA:53,0
DA:56,0
end_of_record
SF:/usr/include/x86_64-linux-gnu/bits/stdio2.h
DA:98,0
DA:100,0
DA:101,0
end_of_record
SF:/usr/include/c++/9/bits/alloc_traits.h
DA:469,0
DA:470,0
DA:514,0
DA:515,0
end_of_record
SF:/workspace/vtr-verilog-to-routing/ODIN_II/SRC/BLIFWriter.cpp
FN:66,_ZN4BLIF6WriterC2Ev
FNDA:0,_ZN4BLIF6WriterC2Ev
FN:73,_ZN4BLIF6Writer6_writeEPK9netlist_t
FNDA:0,_ZN4BLIF6Writer6_writeEPK9netlist_t
FN:77,_ZN4BLIF6Writer12_create_fileEPKc11file_type_e
FNDA:0,_ZN4BLIF6Writer12_create_fileEPKc11file_type_e
FN:97,_ZN4BLIF6Writer13warn_undrivenEP7nnode_tP6nnet_t
FNDA:0,_ZN4BLIF6Writer13warn_undrivenEP7nnode_tP6nnet_t
FN:142,_ZN4BLIF6Writer16print_net_driverEP8_IO_FILEP7nnode_tP6nnet_tl
FNDA:0,_ZN4BLIF6Writer16print_net_driverEP8_IO_FILEP7nnode_tP6nnet_tl
FN:177,_ZN4BLIF6Writer25print_input_single_driverEP8_IO_FILEP7nnode_tl
FNDA:0,_ZN4BLIF6Writer25print_input_single_driverEP8_IO_FILEP7nnode_tl
FN:197,_ZN4BLIF6Writer16print_output_pinEP8_IO_FILEP7nnode_t
FNDA:0,_ZN4BLIF6Writer16print_output_pinEP8_IO_FILEP7nnode_t
FN:218,_ZN4BLIF6Writer22print_dot_names_headerEP8_IO_FILEP7nnode_t
FNDA:0,_ZN4BLIF6Writer22print_dot_names_headerEP8_IO_FILEP7nnode_t
FN:262,_ZN4BLIF6Writer11create_blifEPKc
FNDA:0,_ZN4BLIF6Writer11create_blifEPKc
FN:290,_ZN4BLIF6Writer11output_blifEP8_IO_FILEPK9netlist_t
FNDA:0,_ZN4BLIF6Writer11output_blifEP8_IO_FILEPK9netlist_t
FN:378,_ZN4BLIF6Writer31depth_first_traversal_to_outputEsP8_IO_FILEPK9netlist_t
FNDA:0,_ZN4BLIF6Writer31depth_first_traversal_to_outputEsP8_IO_FILEPK9netlist_t
FN:412,_ZN4BLIF6Writer26depth_traverse_output_blifEP7nnode_tmP8_IO_FILE
FNDA:0,_ZN4BLIF6Writer26depth_traverse_output_blifEP7nnode_tmP8_IO_FILE
FN:458,_ZN4BLIF6Writer11output_nodeEP7nnode_tsP8_IO_FILE
FNDA:0,_ZN4BLIF6Writer11output_nodeEP7nnode_tsP8_IO_FILE
FN:570,_ZN4BLIF6Writer23define_logical_functionEP7nnode_tP8_IO_FILE
FNDA:0,_ZN4BLIF6Writer23define_logical_functionEP7nnode_tP8_IO_FILE
FN:667,_ZN4BLIF6Writer33define_set_input_logical_functionEP7nnode_tPKcP8_IO_FILE
FNDA:0,_ZN4BLIF6Writer33define_set_input_logical_functionEP7nnode_tPKcP8_IO_FILE
FN:689,_ZN4BLIF6Writer12define_clockEP7nnode_tP8_IO_FILE
FNDA:0,_ZN4BLIF6Writer12define_clockEP7nnode_tP8_IO_FILE
FN:712,_ZN4BLIF6Writer9define_ffEP7nnode_tP8_IO_FILE
FNDA:0,_ZN4BLIF6Writer9define_ffEP7nnode_tP8_IO_FILE
FN:751,_ZN4BLIF6Writer18define_decoded_muxEP7nnode_tP8_IO_FILE
FNDA:0,_ZN4BLIF6Writer18define_decoded_muxEP7nnode_tP8_IO_FILE
DA:66,0
DA:67,0
DA:68,0
DA:69,0
DA:73,0
DA:74,0
DA:75,0
DA:77,0
DA:79,0
DA:81,0
DA:82,0
DA:85,0
DA:86,0
DA:97,0
DA:98,0
DA:100,0
DA:104,0
DA:142,0
DA:143,0
DA:144,0
DA:145,0
DA:147,0
DA:151,0
DA:152,0
DA:153,0
DA:154,0
DA:159,0
DA:160,0
DA:162,0
DA:165,0
DA:177,0
DA:178,0
DA:179,0
DA:180,0
DA:181,0
DA:183,0
DA:184,0
DA:186,0
DA:197,0
DA:199,0
DA:200,0
DA:201,0
DA:206,0
DA:207,0
DA:218,0
DA:219,0
DA:222,0
DA:223,0
DA:224,0
DA:225,0
DA:227,0
DA:228,0
DA:229,0
DA:230,0
DA:236,0
DA:237,0
DA:238,0
DA:240,0
DA:241,0
DA:244,0
DA:247,0
DA:249,0
DA:250,0
DA:251,0
DA:252,0
DA:262,0
DA:263,0
DA:266,0
DA:267,0
DA:268,0
DA:269,0
DA:271,0
DA:274,0
DA:275,0
DA:277,0
DA:290,0
DA:291,0
DA:295,0
DA:296,0
DA:297,0
DA:298,0
DA:300,0
DA:302,0
DA:303,0
DA:304,0
DA:305,0
DA:306,0
DA:311,0
DA:314,0
DA:317,0
DA:318,0
DA:330,0
DA:331,0
DA:333,0
DA:337,0
DA:338,0
DA:341,0
DA:342,0
DA:343,0
DA:344,0
DA:345,0
DA:346,0
DA:347,0
DA:348,0
DA:350,0
DA:356,0
DA:357,0
DA:360,0
DA:361,0
DA:363,0
DA:364,0
DA:365,0
DA:378,0
DA:379,0
DA:382,0
DA:383,0
DA:384,0
DA:385,0
DA:389,0
DA:390,0
DA:391,0
DA:394,0
DA:395,0
DA:396,0
DA:399,0
DA:412,0
DA:413,0
DA:414,0
DA:415,0
DA:417,0
DA:423,0
DA:426,0
DA:428,0
DA:429,0
DA:430,0
DA:432,0
DA:433,0
DA:434,0
DA:435,0
DA:437,0
DA:438,0
DA:439,0
DA:442,0
DA:458,0
DA:459,0
DA:460,0
DA:461,0
DA:462,0
DA:463,0
DA:465,0
DA:466,0
DA:467,0
DA:468,0
DA:470,0
DA:471,0
DA:472,0
DA:473,0
DA:474,0
DA:475,0
DA:476,0
DA:477,0
DA:478,0
DA:479,0
DA:480,0
DA:481,0
DA:482,0
DA:483,0
DA:484,0
DA:485,0
DA:486,0
DA:487,0
DA:488,0
DA:489,0
DA:490,0
DA:491,0
DA:492,0
DA:494,0
DA:495,0
DA:496,0
DA:498,0
DA:499,0
DA:500,0
DA:502,0
DA:503,0
DA:504,0
DA:506,0
DA:507,0
DA:508,0
DA:509,0
DA:511,0
DA:512,0
DA:513,0
DA:514,0
DA:516,0
DA:517,0
DA:518,0
DA:519,0
DA:521,0
DA:522,0
DA:523,0
DA:524,0
DA:525,0
DA:526,0
DA:527,0
DA:536,0
DA:537,0
DA:538,0
DA:539,0
DA:540,0
DA:541,0
DA:542,0
DA:543,0
DA:544,0
DA:545,0
DA:546,0
DA:547,0
DA:548,0
DA:549,0
DA:550,0
DA:551,0
DA:552,0
DA:553,0
DA:555,0
DA:556,0
DA:558,0
DA:570,0
DA:571,0
DA:572,0
DA:574,0
DA:577,0
DA:580,0
DA:581,0
DA:583,0
DA:588,0
DA:589,0
DA:590,0
DA:591,0
DA:593,0
DA:595,0
DA:601,0
DA:602,0
DA:603,0
DA:604,0
DA:606,0
DA:608,0
DA:615,0
DA:616,0
DA:618,0
DA:621,0
DA:622,0
DA:623,0
DA:625,0
DA:626,0
DA:627,0
DA:628,0
DA:629,0
DA:630,0
DA:635,0
DA:636,0
DA:637,0
DA:638,0
DA:639,0
DA:640,0
DA:641,0
DA:642,0
DA:643,0
DA:648,0
DA:649,0
DA:653,0
DA:654,0
DA:667,0
DA:668,0
DA:670,0
DA:673,0
DA:674,0
DA:676,0
DA:677,0
DA:689,0
DA:690,0
DA:692,0
DA:693,0
DA:696,0
DA:698,0
DA:700,0
DA:712,0
DA:713,0
DA:714,0
DA:717,0
DA:719,0
DA:720,0
DA:721,0
DA:723,0
DA:726,0
DA:729,0
DA:732,0
DA:735,0
DA:738,0
DA:739,0
DA:751,0
DA:752,0
DA:753,0
DA:756,0
DA:757,0
DA:758,0
DA:759,0
DA:760,0
DA:761,0
DA:762,0
DA:763,0
DA:765,0
DA:767,0
DA:770,0
DA:771,0
end_of_record
SF:/usr/include/c++/9/bits/allocator.h
DA:138,0
DA:141,0
DA:142,0
DA:153,0
end_of_record
SF:/usr/include/c++/9/bits/stl_iterator_base_funcs.h
DA:98,0
DA:104,0
DA:138,0
DA:141,0
end_of_record
SF:/usr/include/c++/9/ext/alloc_traits.h
DA:97,0
DA:98,0
end_of_record
SF:/usr/include/c++/9/bits/basic_string.tcc
FN:206,_ZNSt7__cxx1112basic_stringIcSt11char_traitsIcESaIcEE12_M_constructIPcEEvT_S7_St20forward_iterator_tag
FNDA:0,_ZNSt7__cxx1112basic_stringIcSt11char_traitsIcESaIcEE12_M_constructIPcEEvT_S7_St20forward_iterator_tag
FN:206,_ZNSt7__cxx1112basic_stringIcSt11char_traitsIcESaIcEE12_M_constructIPKcEEvT_S8_St20forward_iterator_tag
FNDA:0,_ZNSt7__cxx1112basic_stringIcSt11char_traitsIcESaIcEE12_M_constructIPKcEEvT_S8_St20forward_iterator_tag
DA:206,0
DA:211,0
DA:212,0
DA:215,0
DA:217,0
DA:219,0
DA:220,0
DA:225,0
DA:232,0
DA:233,0
DA:206,0
DA:211,0
DA:212,0
DA:215,0
DA:217,0
DA:219,0
DA:220,0
DA:225,0
DA:232,0
DA:233,0
end_of_record
SF:/usr/include/c++/9/iostream
end_of_record
TN:
SF:/usr/include/c++/9/bits/move.h
DA:47,0
DA:74,0
DA:99,0
DA:138,0
DA:139,0
end_of_record
SF:/usr/include/c++/9/ext/new_allocator.h
DA:80,0
DA:83,0
DA:89,0
DA:102,0
DA:104,0
DA:114,0
DA:119,0
DA:128,0
DA:132,0
DA:144,0
DA:147,0
end_of_record
SF:/usr/include/c++/9/bits/hashtable_policy.h
FN:2079,_ZNSt8__detail16_Hashtable_allocISaINS_10_Hash_nodeISt4pairIKNSt7__cxx1112basic_stringIcSt11char_traitsIcESaIcEEEP14block_memory_tELb1EEEEE16_M_allocate_nodeIJRPcRSB_EEEPSD_DpOT_
FNDA:0,_ZNSt8__detail16_Hashtable_allocISaINS_10_Hash_nodeISt4pairIKNSt7__cxx1112basic_stringIcSt11char_traitsIcESaIcEEEP14block_memory_tELb1EEEEE16_M_allocate_nodeIJRPcRSB_EEEPSD_DpOT_
FN:2079,_ZNSt8__detail16_Hashtable_allocISaINS_10_Hash_nodeISt4pairIKNSt7__cxx1112basic_stringIcSt11char_traitsIcESaIcEEEP14block_memory_tELb1EEEEE16_M_allocate_nodeIJRKSC_EEEPSD_DpOT_
FNDA:0,_ZNSt8__detail16_Hashtable_allocISaINS_10_Hash_nodeISt4pairIKNSt7__cxx1112basic_stringIcSt11char_traitsIcESaIcEEEP14block_memory_tELb1EEEEE16_M_allocate_nodeIJRKSC_EEEPSD_DpOT_
DA:92,0
DA:94,0
DA:218,0
DA:229,0
DA:236,0
DA:237,0
DA:240,0
DA:241,0
DA:244,0
DA:245,0
DA:248,0
DA:249,0
DA:264,0
DA:269,0
DA:294,0
DA:295,0
DA:298,0
DA:299,0
DA:304,0
DA:311,0
DA:340,0
DA:341,0
DA:344,0
DA:345,0
DA:352,0
DA:354,0
DA:355,0
DA:391,0
DA:393,0
DA:400,0
DA:401,0
DA:431,0
DA:433,0
DA:449,0
DA:450,0
DA:476,0
DA:477,0
DA:480,0
DA:481,0
DA:484,0
DA:485,0
DA:1093,0
DA:1096,0
DA:1099,0
DA:1100,0
DA:1104,0
DA:1108,0
DA:1380,0
DA:1384,0
DA:1388,0
DA:1390,0
DA:1393,0
DA:1396,0
DA:1399,0
DA:1400,0
DA:1403,0
DA:1404,0
DA:1415,0
DA:1418,0
DA:1421,0
DA:1427,0
DA:1448,0
DA:1450,0
DA:1829,0
DA:1834,0
DA:1846,0
DA:2017,0
DA:2036,0
DA:2041,0
DA:2042,0
DA:2046,0
DA:2047,0
DA:2050,0
DA:2051,0
DA:2079,0
DA:2081,0
DA:2082,0
DA:2085,0
DA:2086,0
DA:2089,0
DA:2091,0
DA:2093,0
DA:2094,0
DA:2079,0
DA:2081,0
DA:2082,0
DA:2085,0
DA:2086,0
DA:2089,0
DA:2091,0
DA:2093,0
DA:2094,0
DA:2118,0
DA:2120,0
DA:2122,0
DA:2123,0
DA:2124,0
DA:2142,0
DA:2146,0
DA:2147,0
DA:2148,0
DA:2149,0
end_of_record
SF:/workspace/vtr-verilog-to-routing/ODIN_II/SRC/BlockMemories.cpp
FN:90,_Z23init_block_memory_indexv
FNDA:0,_Z23init_block_memory_indexv
FN:103,_Z19lookup_block_memoryPcS_
FNDA:0,_Z19lookup_block_memoryPcS_
FN:223,_ZL21init_read_only_memoryP7nnode_tP9netlist_t
FNDA:0,_ZL21init_read_only_memoryP7nnode_tP9netlist_t
FN:307,_ZL24create_r_single_port_ramP14block_memory_tP9netlist_t
FNDA:0,_ZL24create_r_single_port_ramP14block_memory_tP9netlist_t
FN:357,_ZL23create_2r_dual_port_ramP14block_memory_tP9netlist_t
FNDA:0,_ZL23create_2r_dual_port_ramP14block_memory_tP9netlist_t
FN:441,_ZL25create_nr_single_port_ramP14block_memory_tP9netlist_t
FNDA:0,_ZL25create_nr_single_port_ramP14block_memory_tP9netlist_t
FN:580,_ZL23create_rw_dual_port_ramP14block_memory_tP9netlist_t
FNDA:0,_ZL23create_rw_dual_port_ramP14block_memory_tP9netlist_t
FN:661,_ZL24create_r2w_dual_port_ramP14block_memory_tP9netlist_t
FNDA:0,_ZL24create_r2w_dual_port_ramP14block_memory_tP9netlist_t
FN:799,_ZL24create_2rw_dual_port_ramP14block_memory_tP9netlist_t
FNDA:0,_ZL24create_2rw_dual_port_ramP14block_memory_tP9netlist_t
FN:927,_ZL25create_2r2w_dual_port_ramP14block_memory_tP9netlist_t
FNDA:0,_ZL25create_2r2w_dual_port_ramP14block_memory_tP9netlist_t
FN:1072,_ZL25create_nrmw_dual_port_ramP14block_memory_tP9netlist_t
FNDA:0,_ZL25create_nrmw_dual_port_ramP14block_memory_tP9netlist_t
FN:1173,_Z25map_rom_to_mem_hardblocksP14block_memory_tP9netlist_t
FNDA:0,_Z25map_rom_to_mem_hardblocksP14block_memory_tP9netlist_t
FN:1220,_Z26map_bram_to_mem_hardblocksP14block_memory_tP9netlist_t
FNDA:0,_Z26map_bram_to_mem_hardblocksP14block_memory_tP9netlist_t
FN:1282,_Z17resolve_bram_nodeP7nnode_tmP9netlist_t
FNDA:0,_Z17resolve_bram_nodeP7nnode_tmP9netlist_t
FN:1309,_Z16resolve_rom_nodeP7nnode_tmP9netlist_t
FNDA:0,_Z16resolve_rom_nodeP7nnode_tmP9netlist_t
FN:1334,_Z17resolve_ymem_nodeP7nnode_tmP9netlist_t
FNDA:0,_Z17resolve_ymem_nodeP7nnode_tmP9netlist_t
FN:1362,_Z22iterate_block_memoriesP9netlist_t
FNDA:0,_Z22iterate_block_memoriesP9netlist_t
FN:1417,_ZL11ymem_to_romP7nnode_tm
FNDA:0,_ZL11ymem_to_romP7nnode_tm
FN:1508,_ZL12ymem_to_bramP7nnode_tm
FNDA:0,_ZL12ymem_to_bramP7nnode_tm
FN:1648,_ZL20perform_optimizationP14block_memory_t
FNDA:0,_ZL20perform_optimizationP14block_memory_t
FN:1909,_ZL29cleanup_block_memory_old_nodeP7nnode_t
FNDA:0,_ZL29cleanup_block_memory_old_nodeP7nnode_t
FN:1934,_Z19free_block_memoriesv
FNDA:0,_Z19free_block_memoriesv
FN:1958,_ZL23free_block_memory_indexSt13unordered_mapINSt7__cxx1112basic_stringIcSt11char_traitsIcESaIcEEEP14block_memory_tSt4hashIS5_ESt8equal_toIS5_ESaISt4pairIKS5_S7_EEE
FNDA:0,_ZL23free_block_memory_indexSt13unordered_mapINSt7__cxx1112basic_stringIcSt11char_traitsIcESaIcEEEP14block_memory_tSt4hashIS5_ESt8equal_toIS5_ESaISt4pairIKS5_S7_EEE
FN:1976,_ZL17free_block_memoryP14block_memory_t
FNDA:0,_ZL17free_block_memoryP14block_memory_t
DA:90,0
DA:91,0
DA:92,0
DA:93,0
DA:103,0
DA:104,0
DA:106,0
DA:108,0
DA:110,0
DA:113,0
DA:223,0
DA:224,0
DA:225,0
DA:236,0
DA:237,0
DA:238,0
DA:239,0
DA:240,0
DA:242,0
DA:246,0
DA:247,0
DA:248,0
DA:251,0
DA:252,0
DA:253,0
DA:254,0
DA:258,0
DA:259,0
DA:260,0
DA:261,0
DA:265,0
DA:266,0
DA:267,0
DA:268,0
DA:273,0
DA:274,0
DA:275,0
DA:279,0
DA:280,0
DA:283,0
DA:286,0
DA:288,0
DA:291,0
DA:292,0
DA:294,0
DA:307,0
DA:308,0
DA:309,0
DA:310,0
DA:313,0
DA:314,0
DA:317,0
DA:321,0
DA:324,0
DA:330,0
DA:333,0
DA:334,0
DA:338,0
DA:340,0
DA:343,0
DA:344,0
DA:345,0
DA:357,0
DA:358,0
DA:360,0
DA:361,0
DA:362,0
DA:363,0
DA:364,0
DA:367,0
DA:368,0
DA:369,0
DA:370,0
DA:373,0
DA:376,0
DA:377,0
DA:378,0
DA:382,0
DA:383,0
DA:384,0
DA:388,0
DA:389,0
DA:392,0
DA:395,0
DA:396,0
DA:397,0
DA:401,0
DA:402,0
DA:403,0
DA:404,0
DA:408,0
DA:409,0
DA:412,0
DA:413,0
DA:414,0
DA:418,0
DA:419,0
DA:420,0
DA:421,0
DA:425,0
DA:428,0
DA:429,0
DA:430,0
DA:441,0
DA:442,0
DA:443,0
DA:444,0
DA:445,0
DA:446,0
DA:449,0
DA:450,0
DA:453,0
DA:454,0
DA:457,0
DA:459,0
DA:466,0
DA:471,0
DA:474,0
DA:478,0
DA:481,0
DA:483,0
DA:484,0
DA:485,0
DA:489,0
DA:492,0
DA:493,0
DA:495,0
DA:496,0
DA:497,0
DA:580,0
DA:581,0
DA:582,0
DA:583,0
DA:584,0
DA:587,0
DA:588,0
DA:591,0
DA:594,0
DA:595,0
DA:598,0
DA:601,0
DA:604,0
DA:605,0
DA:606,0
DA:608,0
DA:610,0
DA:612,0
DA:614,0
DA:617,0
DA:621,0
DA:624,0
DA:625,0
DA:626,0
DA:628,0
DA:629,0
DA:630,0
DA:631,0
DA:633,0
DA:635,0
DA:638,0
DA:640,0
DA:642,0
DA:645,0
DA:646,0
DA:647,0
DA:648,0
DA:649,0
DA:661,0
DA:662,0
DA:664,0
DA:665,0
DA:666,0
DA:667,0
DA:668,0
DA:671,0
DA:672,0
DA:675,0
DA:678,0
DA:679,0
DA:680,0
DA:684,0
DA:685,0
DA:686,0
DA:687,0
DA:688,0
DA:689,0
DA:692,0
DA:693,0
DA:694,0
DA:696,0
DA:697,0
DA:698,0
DA:699,0
DA:700,0
DA:701,0
DA:709,0
DA:710,0
DA:712,0
DA:713,0
DA:714,0
DA:715,0
DA:717,0
DA:718,0
DA:719,0
DA:720,0
DA:723,0
DA:724,0
DA:732,0
DA:735,0
DA:737,0
DA:740,0
DA:743,0
DA:744,0
DA:745,0
DA:750,0
DA:753,0
DA:756,0
DA:759,0
DA:760,0
DA:762,0
DA:763,0
DA:764,0
DA:766,0
DA:768,0
DA:771,0
DA:775,0
DA:779,0
DA:780,0
DA:782,0
DA:784,0
DA:786,0
DA:787,0
DA:799,0
DA:800,0
DA:802,0
DA:803,0
DA:804,0
DA:805,0
DA:806,0
DA:809,0
DA:810,0
DA:813,0
DA:816,0
DA:817,0
DA:818,0
DA:825,0
DA:826,0
DA:827,0
DA:830,0
DA:832,0
DA:835,0
DA:836,0
DA:837,0
DA:838,0
DA:839,0
DA:840,0
DA:843,0
DA:844,0
DA:845,0
DA:846,0
DA:847,0
DA:848,0
DA:852,0
DA:853,0
DA:861,0
DA:862,0
DA:864,0
DA:865,0
DA:866,0
DA:867,0
DA:869,0
DA:870,0
DA:871,0
DA:872,0
DA:875,0
DA:876,0
DA:881,0
DA:884,0
DA:888,0
DA:891,0
DA:894,0
DA:895,0
DA:896,0
DA:900,0
DA:903,0
DA:907,0
DA:908,0
DA:910,0
DA:912,0
DA:914,0
DA:915,0
DA:927,0
DA:928,0
DA:930,0
DA:931,0
DA:932,0
DA:933,0
DA:934,0
DA:937,0
DA:938,0
DA:939,0
DA:940,0
DA:943,0
DA:944,0
DA:945,0
DA:946,0
DA:947,0
DA:948,0
DA:951,0
DA:952,0
DA:953,0
DA:955,0
DA:956,0
DA:957,0
DA:958,0
DA:959,0
DA:960,0
DA:964,0
DA:965,0
DA:966,0
DA:967,0
DA:968,0
DA:969,0
DA:972,0
DA:973,0
DA:974,0
DA:975,0
DA:976,0
DA:977,0
DA:981,0
DA:982,0
DA:990,0
DA:991,0
DA:992,0
DA:993,0
DA:994,0
DA:997,0
DA:999,0
DA:1000,0
DA:1001,0
DA:1002,0
DA:1003,0
DA:1004,0
DA:1005,0
DA:1006,0
DA:1009,0
DA:1010,0
DA:1014,0
DA:1017,0
DA:1020,0
DA:1023,0
DA:1026,0
DA:1029,0
DA:1032,0
DA:1035,0
DA:1038,0
DA:1041,0
DA:1044,0
DA:1048,0
DA:1050,0
DA:1051,0
DA:1053,0
DA:1055,0
DA:1056,0
DA:1058,0
DA:1059,0
DA:1072,0
DA:1073,0
DA:1074,0
DA:1075,0
DA:1076,0
DA:1077,0
DA:1078,0
DA:1081,0
DA:1082,0
DA:1085,0
DA:1086,0
DA:1089,0
DA:1091,0
DA:1096,0
DA:1098,0
DA:1100,0
DA:1105,0
DA:1108,0
DA:1111,0
DA:1112,0
DA:1113,0
DA:1115,0
DA:1117,0
DA:1122,0
DA:1125,0
DA:1128,0
DA:1129,0
DA:1130,0
DA:1132,0
DA:1138,0
DA:1142,0
DA:1143,0
DA:1146,0
DA:1148,0
DA:1149,0
DA:1150,0
DA:1154,0
DA:1157,0
DA:1158,0
DA:1159,0
DA:1160,0
DA:1161,0
DA:1162,0
DA:1173,0
DA:1174,0
DA:1176,0
DA:1177,0
DA:1179,0
DA:1180,0
DA:1183,0
DA:1185,0
DA:1186,0
DA:1188,0
DA:1189,0
DA:1190,0
DA:1196,0
DA:1198,0
DA:1200,0
DA:1202,0
DA:1206,0
DA:1209,0
DA:1220,0
DA:1221,0
DA:1223,0
DA:1224,0
DA:1227,0
DA:1228,0
DA:1235,0
DA:1236,0
DA:1238,0
DA:1239,0
DA:1240,0
DA:1245,0
DA:1246,0
DA:1248,0
DA:1252,0
DA:1255,0
DA:1257,0
DA:1259,0
DA:1261,0
DA:1263,0
DA:1265,0
DA:1269,0
DA:1272,0
DA:1282,0
DA:1283,0
DA:1286,0
DA:1287,0
DA:1290,0
DA:1293,0
DA:1295,0
DA:1296,0
DA:1309,0
DA:1310,0
DA:1313,0
DA:1314,0
DA:1317,0
DA:1320,0
DA:1322,0
DA:1323,0
DA:1334,0
DA:1335,0
DA:1337,0
DA:1340,0
DA:1342,0
DA:1344,0
DA:1347,0
DA:1349,0
DA:1351,0
DA:1353,0
DA:1362,0
DA:1363,0
DA:1364,0
DA:1365,0
DA:1368,0
DA:1370,0
DA:1371,0
DA:1374,0
DA:1375,0
DA:1376,0
DA:1379,0
DA:1381,0
DA:1382,0
DA:1384,0
DA:1396,0
DA:1397,0
DA:1398,0
DA:1401,0
DA:1406,0
DA:1417,0
DA:1418,0
DA:1420,0
DA:1421,0
DA:1422,0
DA:1423,0
DA:1424,0
DA:1426,0
DA:1427,0
DA:1428,0
DA:1429,0
DA:1432,0
DA:1433,0
DA:1436,0
DA:1437,0
DA:1438,0
DA:1439,0
DA:1440,0
DA:1441,0
DA:1452,0
DA:1453,0
DA:1454,0
DA:1455,0
DA:1456,0
DA:1457,0
DA:1460,0
DA:1463,0
DA:1466,0
DA:1467,0
DA:1468,0
DA:1469,0
DA:1470,0
DA:1471,0
DA:1473,0
DA:1476,0
DA:1477,0
DA:1478,0
DA:1479,0
DA:1480,0
DA:1481,0
DA:1483,0
DA:1486,0
DA:1487,0
DA:1488,0
DA:1489,0
DA:1490,0
DA:1491,0
DA:1495,0
DA:1497,0
DA:1508,0
DA:1509,0
DA:1511,0
DA:1512,0
DA:1513,0
DA:1514,0
DA:1515,0
DA:1516,0
DA:1518,0
DA:1519,0
DA:1520,0
DA:1521,0
DA:1522,0
DA:1523,0
DA:1524,0
DA:1525,0
DA:1528,0
DA:1529,0
DA:1532,0
DA:1533,0
DA:1534,0
DA:1535,0
DA:1536,0
DA:1537,0
DA:1552,0
DA:1553,0
DA:1554,0
DA:1555,0
DA:1556,0
DA:1557,0
DA:1560,0
DA:1563,0
DA:1566,0
DA:1567,0
DA:1568,0
DA:1569,0
DA:1570,0
DA:1571,0
DA:1573,0
DA:1576,0
DA:1577,0
DA:1578,0
DA:1579,0
DA:1583,0
DA:1584,0
DA:1585,0
DA:1586,0
DA:1587,0
DA:1588,0
DA:1590,0
DA:1593,0
DA:1594,0
DA:1595,0
DA:1596,0
DA:1597,0
DA:1598,0
DA:1600,0
DA:1603,0
DA:1604,0
DA:1605,0
DA:1606,0
DA:1607,0
DA:1608,0
DA:1610,0
DA:1613,0
DA:1614,0
DA:1615,0
DA:1616,0
DA:1617,0
DA:1618,0
DA:1619,0
DA:1621,0
DA:1625,0
DA:1626,0
DA:1627,0
DA:1628,0
DA:1629,0
DA:1630,0
DA:1634,0
DA:1636,0
DA:1648,0
DA:1649,0
DA:1650,0
DA:1651,0
DA:1652,0
DA:1653,0
DA:1655,0
DA:1656,0
DA:1658,0
DA:1659,0
DA:1660,0
DA:1678,0
DA:1680,0
DA:1684,0
DA:1686,0
DA:1690,0
DA:1691,0
DA:1909,0
DA:1910,0
DA:1911,0
DA:1912,0
DA:1914,0
DA:1915,0
DA:1918,0
DA:1919,0
DA:1921,0
DA:1922,0
DA:1926,0
DA:1927,0
DA:1934,0
DA:1936,0
DA:1937,0
DA:1938,0
DA:1939,0
DA:1942,0
DA:1943,0
DA:1944,0
DA:1945,0
DA:1947,0
DA:1958,0
DA:1959,0
DA:1960,0
DA:1961,0
DA:1964,0
DA:1965,0
DA:1976,0
DA:1977,0
DA:1978,0
DA:1979,0
DA:1980,0
DA:1981,0
DA:1982,0
DA:1983,0
DA:1985,0
DA:1986,0
DA:1988,0
DA:1989,0
end_of_record
SF:/usr/include/c++/9/bits/hashtable.h
FN:1111,_ZNSt10_HashtableINSt7__cxx1112basic_stringIcSt11char_traitsIcESaIcEEESt4pairIKS5_P14block_memory_tESaISA_ENSt8__detail10_Select1stESt8equal_toIS5_ESt4hashIS5_ENSC_18_Mod_range_hashingENSC_20_Default_ranged_hashENSC_20_Prime_rehash_policyENSC_17_Hashtable_traitsILb1ELb0ELb1EEEE9_M_assignIZNSN_C4ERKSN_EUlPKNSC_10_Hash_nodeISA_Lb1EEEE_EEvSQ_RKT_
FNDA:0,_ZNSt10_HashtableINSt7__cxx1112basic_stringIcSt11char_traitsIcESaIcEEESt4pairIKS5_P14block_memory_tESaISA_ENSt8__detail10_Select1stESt8equal_toIS5_ESt4hashIS5_ENSC_18_Mod_range_hashingENSC_20_Default_ranged_hashENSC_20_Prime_rehash_policyENSC_17_Hashtable_traitsILb1ELb0ELb1EEEE9_M_assignIZNSN_C4ERKSN_EUlPKNSC_10_Hash_nodeISA_Lb1EEEE_EEvSQ_RKT_
FN:1176,_ZNSt10_HashtableINSt7__cxx1112basic_stringIcSt11char_traitsIcESaIcEEESt4pairIKS5_P14block_memory_tESaISA_ENSt8__detail10_Select1stESt8equal_toIS5_ESt4hashIS5_ENSC_18_Mod_range_hashingENSC_20_Default_ranged_hashENSC_20_Prime_rehash_policyENSC_17_Hashtable_traitsILb1ELb0ELb1EEEE14_M_move_assignEOSN_St17integral_constantIbLb1EE
FNDA:0,_ZNSt10_HashtableINSt7__cxx1112basic_stringIcSt11char_traitsIcESaIcEEESt4pairIKS5_P14block_memory_tESaISA_ENSt8__detail10_Select1stESt8equal_toIS5_ESt4hashIS5_ENSC_18_Mod_range_hashingENSC_20_Default_ranged_hashENSC_20_Prime_rehash_policyENSC_17_Hashtable_traitsILb1ELb0ELb1EEEE14_M_move_assignEOSN_St17integral_constantIbLb1EE
FN:1348,_ZNSt10_HashtableINSt7__cxx1112basic_stringIcSt11char_traitsIcESaIcEEESt4pairIKS5_P14block_memory_tESaISA_ENSt8__detail10_Select1stESt8equal_toIS5_ESt4hashIS5_ENSC_18_Mod_range_hashingENSC_20_Default_ranged_hashENSC_20_Prime_rehash_policyENSC_17_Hashtable_traitsILb1ELb0ELb1EEEED2Ev
FNDA:0,_ZNSt10_HashtableINSt7__cxx1112basic_stringIcSt11char_traitsIcESaIcEEESt4pairIKS5_P14block_memory_tESaISA_ENSt8__detail10_Select1stESt8equal_toIS5_ESt4hashIS5_ENSC_18_Mod_range_hashingENSC_20_Default_ranged_hashENSC_20_Prime_rehash_policyENSC_17_Hashtable_traitsILb1ELb0ELb1EEEED2Ev
FN:1412,_ZNSt10_HashtableINSt7__cxx1112basic_stringIcSt11char_traitsIcESaIcEEESt4pairIKS5_P14block_memory_tESaISA_ENSt8__detail10_Select1stESt8equal_toIS5_ESt4hashIS5_ENSC_18_Mod_range_hashingENSC_20_Default_ranged_hashENSC_20_Prime_rehash_policyENSC_17_Hashtable_traitsILb1ELb0ELb1EEEE4findERS7_
FNDA:0,_ZNSt10_HashtableINSt7__cxx1112basic_stringIcSt11char_traitsIcESaIcEEESt4pairIKS5_P14block_memory_tESaISA_ENSt8__detail10_Select1stESt8equal_toIS5_ESt4hashIS5_ENSC_18_Mod_range_hashingENSC_20_Default_ranged_hashENSC_20_Prime_rehash_policyENSC_17_Hashtable_traitsILb1ELb0ELb1EEEE4findERS7_
FN:1532,_ZNKSt10_HashtableINSt7__cxx1112basic_stringIcSt11char_traitsIcESaIcEEESt4pairIKS5_P14block_memory_tESaISA_ENSt8__detail10_Select1stESt8equal_toIS5_ESt4hashIS5_ENSC_18_Mod_range_hashingENSC_20_Default_ranged_hashENSC_20_Prime_rehash_policyENSC_17_Hashtable_traitsILb1ELb0ELb1EEEE19_M_find_before_nodeEmRS7_m
FNDA:0,_ZNKSt10_HashtableINSt7__cxx1112basic_stringIcSt11char_traitsIcESaIcEEESt4pairIKS5_P14block_memory_tESaISA_ENSt8__detail10_Select1stESt8equal_toIS5_ESt4hashIS5_ENSC_18_Mod_range_hashingENSC_20_Default_ranged_hashENSC_20_Prime_rehash_policyENSC_17_Hashtable_traitsILb1ELb0ELb1EEEE19_M_find_before_nodeEmRS7_m
FN:1560,_ZNSt10_HashtableINSt7__cxx1112basic_stringIcSt11char_traitsIcESaIcEEESt4pairIKS5_P14block_memory_tESaISA_ENSt8__detail10_Select1stESt8equal_toIS5_ESt4hashIS5_ENSC_18_Mod_range_hashingENSC_20_Default_ranged_hashENSC_20_Prime_rehash_policyENSC_17_Hashtable_traitsILb1ELb0ELb1EEEE22_M_insert_bucket_beginEmPNSC_10_Hash_nodeISA_Lb1EEE
FNDA:0,_ZNSt10_HashtableINSt7__cxx1112basic_stringIcSt11char_traitsIcESaIcEEESt4pairIKS5_P14block_memory_tESaISA_ENSt8__detail10_Select1stESt8equal_toIS5_ESt4hashIS5_ENSC_18_Mod_range_hashingENSC_20_Default_ranged_hashENSC_20_Prime_rehash_policyENSC_17_Hashtable_traitsILb1ELb0ELb1EEEE22_M_insert_bucket_beginEmPNSC_10_Hash_nodeISA_Lb1EEE
FN:1632,_ZNSt10_HashtableINSt7__cxx1112basic_stringIcSt11char_traitsIcESaIcEEESt4pairIKS5_P14block_memory_tESaISA_ENSt8__detail10_Select1stESt8equal_toIS5_ESt4hashIS5_ENSC_18_Mod_range_hashingENSC_20_Default_ranged_hashENSC_20_Prime_rehash_policyENSC_17_Hashtable_traitsILb1ELb0ELb1EEEE10_M_emplaceIJRPcRS9_EEES6_INSC_14_Node_iteratorISA_Lb0ELb1EEEbESt17integral_constantIbLb1EEDpOT_
FNDA:0,_ZNSt10_HashtableINSt7__cxx1112basic_stringIcSt11char_traitsIcESaIcEEESt4pairIKS5_P14block_memory_tESaISA_ENSt8__detail10_Select1stESt8equal_toIS5_ESt4hashIS5_ENSC_18_Mod_range_hashingENSC_20_Default_ranged_hashENSC_20_Prime_rehash_policyENSC_17_Hashtable_traitsILb1ELb0ELb1EEEE10_M_emplaceIJRPcRS9_EEES6_INSC_14_Node_iteratorISA_Lb0ELb1EEEbESt17integral_constantIbLb1EEDpOT_
FN:1698,_ZNSt10_HashtableINSt7__cxx1112basic_stringIcSt11char_traitsIcESaIcEEESt4pairIKS5_P14block_memory_tESaISA_ENSt8__detail10_Select1stESt8equal_toIS5_ESt4hashIS5_ENSC_18_Mod_range_hashingENSC_20_Default_ranged_hashENSC_20_Prime_rehash_policyENSC_17_Hashtable_traitsILb1ELb0ELb1EEEE21_M_insert_unique_nodeEmmPNSC_10_Hash_nodeISA_Lb1EEEm
FNDA:0,_ZNSt10_HashtableINSt7__cxx1112basic_stringIcSt11char_traitsIcESaIcEEESt4pairIKS5_P14block_memory_tESaISA_ENSt8__detail10_Select1stESt8equal_toIS5_ESt4hashIS5_ENSC_18_Mod_range_hashingENSC_20_Default_ranged_hashENSC_20_Prime_rehash_policyENSC_17_Hashtable_traitsILb1ELb0ELb1EEEE21_M_insert_unique_nodeEmmPNSC_10_Hash_nodeISA_Lb1EEEm
FN:2024,_ZNSt10_HashtableINSt7__cxx1112basic_stringIcSt11char_traitsIcESaIcEEESt4pairIKS5_P14block_memory_tESaISA_ENSt8__detail10_Select1stESt8equal_toIS5_ESt4hashIS5_ENSC_18_Mod_range_hashingENSC_20_Default_ranged_hashENSC_20_Prime_rehash_policyENSC_17_Hashtable_traitsILb1ELb0ELb1EEEE5clearEv
FNDA:0,_ZNSt10_HashtableINSt7__cxx1112basic_stringIcSt11char_traitsIcESaIcEEESt4pairIKS5_P14block_memory_tESaISA_ENSt8__detail10_Select1stESt8equal_toIS5_ESt4hashIS5_ENSC_18_Mod_range_hashingENSC_20_Default_ranged_hashENSC_20_Prime_rehash_policyENSC_17_Hashtable_traitsILb1ELb0ELb1EEEE5clearEv
FN:2061,_ZNSt10_HashtableINSt7__cxx1112basic_stringIcSt11char_traitsIcESaIcEEESt4pairIKS5_P14block_memory_tESaISA_ENSt8__detail10_Select1stESt8equal_toIS5_ESt4hashIS5_ENSC_18_Mod_range_hashingENSC_20_Default_ranged_hashENSC_20_Prime_rehash_policyENSC_17_Hashtable_traitsILb1ELb0ELb1EEEE9_M_rehashEmRKm
FNDA:0,_ZNSt10_HashtableINSt7__cxx1112basic_stringIcSt11char_traitsIcESaIcEEESt4pairIKS5_P14block_memory_tESaISA_ENSt8__detail10_Select1stESt8equal_toIS5_ESt4hashIS5_ENSC_18_Mod_range_hashingENSC_20_Default_ranged_hashENSC_20_Prime_rehash_policyENSC_17_Hashtable_traitsILb1ELb0ELb1EEEE9_M_rehashEmRKm
FN:2084,_ZNSt10_HashtableINSt7__cxx1112basic_stringIcSt11char_traitsIcESaIcEEESt4pairIKS5_P14block_memory_tESaISA_ENSt8__detail10_Select1stESt8equal_toIS5_ESt4hashIS5_ENSC_18_Mod_range_hashingENSC_20_Default_ranged_hashENSC_20_Prime_rehash_policyENSC_17_Hashtable_traitsILb1ELb0ELb1EEEE13_M_rehash_auxEmSt17integral_constantIbLb1EE
FNDA:0,_ZNSt10_HashtableINSt7__cxx1112basic_stringIcSt11char_traitsIcESaIcEEESt4pairIKS5_P14block_memory_tESaISA_ENSt8__detail10_Select1stESt8equal_toIS5_ESt4hashIS5_ENSC_18_Mod_range_hashingENSC_20_Default_ranged_hashENSC_20_Prime_rehash_policyENSC_17_Hashtable_traitsILb1ELb0ELb1EEEE13_M_rehash_auxEmSt17integral_constantIbLb1EE
DA:342,0
DA:343,0
DA:346,0
DA:347,0
DA:353,0
DA:355,0
DA:357,0
DA:358,0
DA:361,0
DA:365,0
DA:367,0
DA:370,0
DA:374,0
DA:375,0
DA:383,0
DA:414,0
DA:473,0
DA:478,0
DA:481,0
DA:504,0
DA:505,0
DA:512,0
DA:513,0
DA:528,0
DA:532,0
DA:533,0
DA:639,0
DA:640,0
DA:643,0
DA:644,0
DA:652,0
DA:655,0
DA:656,0
DA:657,0
DA:748,0
DA:749,0
DA:1111,0
DA:1115,0
DA:1116,0
DA:1117,0
DA:1121,0
DA:1126,0
DA:1127,0
DA:1128,0
DA:1129,0
DA:1130,0
DA:1133,0
DA:1134,0
DA:1136,0
DA:1137,0
DA:1138,0
DA:1139,0
DA:1140,0
DA:1141,0
DA:1142,0
DA:1145,0
DA:1147,0
DA:1148,0
DA:1149,0
DA:1150,0
DA:1159,0
DA:1163,0
DA:1164,0
DA:1165,0
DA:1166,0
DA:1167,0
DA:1168,0
DA:1176,0
DA:1180,0
DA:1181,0
DA:1182,0
DA:1183,0
DA:1184,0
DA:1185,0
DA:1188,0
DA:1189,0
DA:1191,0
DA:1192,0
DA:1193,0
DA:1194,0
DA:1198,0
DA:1199,0
DA:1200,0
DA:1201,0
DA:1228,0
DA:1235,0
DA:1237,0
DA:1238,0
DA:1239,0
DA:1241,0
DA:1242,0
DA:1243,0
DA:1348,0
DA:1352,0
DA:1353,0
DA:1354,0
DA:1412,0
DA:1417,0
DA:1418,0
DA:1419,0
DA:1420,0
DA:1532,0
DA:1538,0
DA:1539,0
DA:1542,0
DA:1545,0
DA:1546,0
DA:1548,0
DA:1560,0
DA:1564,0
DA:1568,0
DA:1569,0
DA:1576,0
DA:1577,0
DA:1578,0
DA:1581,0
DA:1582,0
DA:1584,0
DA:1632,0
DA:1638,0
DA:1639,0
DA:1643,0
DA:1651,0
DA:1652,0
DA:1655,0
DA:1656,0
DA:1660,0
DA:1698,0
DA:1704,0
DA:1705,0
DA:1711,0
DA:1713,0
DA:1714,0
DA:1717,0
DA:1720,0
DA:1721,0
DA:1722,0
DA:1724,0
DA:1726,0
DA:1727,0
DA:2024,0
DA:2028,0
DA:2029,0
DA:2030,0
DA:2031,0
DA:2032,0
DA:2061,0
DA:2067,0
DA:2069,0
DA:2073,0
DA:2074,0
DA:2076,0
DA:2084,0
DA:2088,0
DA:2089,0
DA:2090,0
DA:2091,0
DA:2092,0
DA:2094,0
DA:2095,0
DA:2096,0
DA:2098,0
DA:2099,0
DA:2100,0
DA:2101,0
DA:2102,0
DA:2107,0
DA:2108,0
DA:2113,0
DA:2114,0
DA:2115,0
DA:2116,0
end_of_record
SF:/usr/include/c++/9/ext/type_traits.h
DA:152,0
end_of_record
SF:/usr/include/c++/9/bits/basic_string.h
FN:6149,_ZSteqIcEN9__gnu_cxx11__enable_ifIXsrSt9__is_charIT_E7__valueEbE6__typeERKNSt7__cxx1112basic_stringIS3_St11char_traitsIS3_ESaIS3_EEESE_
FNDA:0,_ZSteqIcEN9__gnu_cxx11__enable_ifIXsrSt9__is_charIT_E7__valueEbE6__typeERKNSt7__cxx1112basic_stringIS3_St11char_traitsIS3_ESaIS3_EEESE_
DA:150,0
DA:159,0
DA:160,0
DA:178,0
DA:179,0
DA:182,0
DA:183,0
DA:186,0
DA:190,0
DA:193,0
DA:200,0
DA:203,0
DA:210,0
DA:211,0
DA:214,0
DA:216,0
DA:217,0
DA:221,0
DA:222,0
DA:229,0
DA:231,0
DA:232,0
DA:236,0
DA:237,0
DA:243,0
DA:247,0
DA:263,0
DA:266,0
DA:286,0
DA:287,0
DA:290,0
DA:291,0
DA:346,0
DA:348,0
DA:349,0
DA:351,0
DA:392,0
DA:393,0
DA:396,0
DA:398,0
DA:448,0
DA:450,0
DA:451,0
DA:657,0
DA:658,0
DA:930,0
DA:936,0
DA:2312,0
DA:2313,0
DA:6149,0
DA:6151,0
DA:6152,0
DA:6153,0
DA:6734,0
DA:6735,0
end_of_record
SF:/usr/include/c++/9/ext/aligned_buffer.h
DA:102,0
DA:104,0
DA:108,0
DA:110,0
DA:114,0
DA:115,0
DA:118,0
DA:119,0
end_of_record
SF:/usr/include/c++/9/bits/char_traits.h
DA:299,0
DA:300,0
DA:315,0
DA:317,0
DA:325,0
DA:361,0
DA:363,0
DA:365,0
end_of_record
SF:/usr/include/c++/9/bits/ptr_traits.h
DA:146,0
DA:147,0
DA:156,0
end_of_record
SF:/usr/include/c++/9/bits/stl_pair.h
DA:208,0
DA:303,0
DA:341,0
DA:342,0
DA:524,0
DA:529,0
end_of_record
SF:/usr/include/c++/9/bits/unordered_map.h
DA:102,0
DA:141,0
DA:181,0
DA:304,0
DA:305,0
DA:324,0
DA:325,0
DA:346,0
DA:347,0
DA:387,0
DA:388,0
DA:842,0
DA:843,0
DA:920,0
DA:921,0
end_of_record
SF:/usr/include/c++/9/utility
DA:174,0
DA:175,0
DA:219,0
DA:220,0
end_of_record
SF:/usr/include/c++/9/iostream
end_of_record
SF:/usr/include/c++/9/bits/basic_string.tcc
FN:206,_ZNSt7__cxx1112basic_stringIcSt11char_traitsIcESaIcEE12_M_constructIPcEEvT_S7_St20forward_iterator_tag
FNDA:0,_ZNSt7__cxx1112basic_stringIcSt11char_traitsIcESaIcEE12_M_constructIPcEEvT_S7_St20forward_iterator_tag
FN:206,_ZNSt7__cxx1112basic_stringIcSt11char_traitsIcESaIcEE12_M_constructIPKcEEvT_S8_St20forward_iterator_tag
FNDA:0,_ZNSt7__cxx1112basic_stringIcSt11char_traitsIcESaIcEE12_M_constructIPKcEEvT_S8_St20forward_iterator_tag
DA:206,0
DA:211,0
DA:212,0
DA:215,0
DA:217,0
DA:219,0
DA:220,0
DA:225,0
DA:232,0
DA:233,0
DA:206,0
DA:211,0
DA:212,0
DA:215,0
DA:217,0
DA:219,0
DA:220,0
DA:225,0
DA:232,0
DA:233,0
end_of_record
SF:/usr/include/c++/9/ext/alloc_traits.h
DA:97,0
DA:98,0
end_of_record
SF:/usr/include/c++/9/bits/stl_function.h
DA:355,0
DA:356,0
end_of_record
SF:/usr/include/c++/9/bits/stl_iterator_base_funcs.h
DA:98,0
DA:104,0
DA:138,0
DA:141,0
end_of_record
SF:/usr/include/c++/9/bits/allocator.h
DA:138,0
DA:141,0
DA:142,0
DA:151,0
DA:153,0
end_of_record
SF:/usr/include/c++/9/new
DA:173,0
DA:174,0
end_of_record
SF:/usr/include/c++/9/bits/functional_hash.h
DA:195,0
DA:197,0
end_of_record
SF:/usr/include/c++/9/bits/alloc_traits.h
DA:443,0
DA:444,0
DA:469,0
DA:470,0
DA:482,0
DA:484,0
DA:514,0
DA:515,0
DA:545,0
DA:546,0
DA:553,0
DA:557,0
end_of_record
SF:/workspace/vtr-verilog-to-routing/ODIN_II/SRC/include/BlockMemories.hpp
end_of_record
TN:
SF:/workspace/vtr-verilog-to-routing/ODIN_II/SRC/CaseEqual.cpp
FN:47,_Z23resolve_case_equal_nodeP7nnode_tmP9netlist_t
FNDA:0,_Z23resolve_case_equal_nodeP7nnode_tmP9netlist_t
FN:197,_Z27resolve_case_not_equal_nodeP7nnode_tmP9netlist_t
FNDA:0,_Z27resolve_case_not_equal_nodeP7nnode_tmP9netlist_t
DA:47,0
DA:48,0
DA:50,0
DA:93,0
DA:94,0
DA:95,0
DA:96,0
DA:97,0
DA:98,0
DA:100,0
DA:105,0
DA:108,0
DA:111,0
DA:116,0
DA:117,0
DA:118,0
DA:119,0
DA:121,0
DA:123,0
DA:125,0
DA:128,0
DA:134,0
DA:137,0
DA:138,0
DA:141,0
DA:142,0
DA:146,0
DA:147,0
DA:152,0
DA:153,0
DA:154,0
DA:155,0
DA:156,0
DA:158,0
DA:160,0
DA:162,0
DA:165,0
DA:167,0
DA:171,0
DA:176,0
DA:177,0
DA:179,0
DA:180,0
DA:182,0
DA:184,0
DA:197,0
DA:198,0
DA:247,0
DA:249,0
DA:250,0
DA:253,0
DA:254,0
DA:255,0
DA:256,0
DA:258,0
DA:260,0
DA:262,0
DA:264,0
end_of_record
SF:/usr/include/c++/9/iostream
end_of_record
TN:
SF:/usr/include/c++/9/iostream
end_of_record
SF:/workspace/vtr-verilog-to-routing/ODIN_II/SRC/Division.cpp
FN:62,_Z19resolve_divide_nodeP7nnode_tmP9netlist_t
FNDA:0,_Z19resolve_divide_nodeP7nnode_tmP9netlist_t
FN:173,_ZL18implement_divisionP7nnode_tPP13signal_list_tP9netlist_t
FNDA:0,_ZL18implement_divisionP7nnode_tPP13signal_list_tP9netlist_t
FN:386,_ZL23connect_div_output_pinsP7nnode_tPP13signal_list_tmP9netlist_t
FNDA:0,_ZL23connect_div_output_pinsP7nnode_tPP13signal_list_tmP9netlist_t
FN:681,_ZL21CR_output_signal_initv
FNDA:0,_ZL21CR_output_signal_initv
DA:62,0
DA:63,0
DA:83,0
DA:86,0
DA:89,0
DA:92,0
DA:93,0
DA:173,0
DA:175,0
DA:176,0
DA:187,0
DA:188,0
DA:189,0
DA:191,0
DA:192,0
DA:195,0
DA:198,0
DA:201,0
DA:204,0
DA:244,0
DA:245,0
DA:247,0
DA:249,0
DA:252,0
DA:260,0
DA:261,0
DA:264,0
DA:265,0
DA:266,0
DA:269,0
DA:271,0
DA:272,0
DA:273,0
DA:274,0
DA:278,0
DA:279,0
DA:282,0
DA:284,0
DA:286,0
DA:288,0
DA:290,0
DA:291,0
DA:293,0
DA:295,0
DA:297,0
DA:298,0
DA:300,0
DA:301,0
DA:304,0
DA:306,0
DA:309,0
DA:311,0
DA:313,0
DA:315,0
DA:317,0
DA:322,0
DA:328,0
DA:330,0
DA:333,0
DA:335,0
DA:339,0
DA:347,0
DA:352,0
DA:353,0
DA:355,0
DA:357,0
DA:359,0
DA:361,0
DA:362,0
DA:364,0
DA:366,0
DA:369,0
DA:370,0
DA:371,0
DA:373,0
DA:386,0
DA:387,0
DA:389,0
DA:390,0
DA:393,0
DA:394,0
DA:396,0
DA:397,0
DA:399,0
DA:400,0
DA:401,0
DA:403,0
DA:404,0
DA:406,0
DA:408,0
DA:409,0
DA:411,0
DA:413,0
DA:416,0
DA:418,0
DA:424,0
DA:426,0
DA:427,0
DA:429,0
DA:431,0
DA:432,0
DA:434,0
DA:437,0
DA:441,0
DA:447,0
DA:448,0
DA:449,0
DA:454,0
DA:459,0
DA:460,0
DA:462,0
DA:463,0
DA:465,0
DA:467,0
DA:468,0
DA:470,0
DA:472,0
DA:475,0
DA:477,0
DA:483,0
DA:484,0
DA:486,0
DA:488,0
DA:489,0
DA:491,0
DA:494,0
DA:498,0
DA:504,0
DA:505,0
DA:506,0
DA:511,0
DA:521,0
DA:522,0
DA:524,0
DA:525,0
DA:681,0
DA:683,0
DA:685,0
DA:686,0
DA:687,0
DA:689,0
DA:691,0
DA:693,0
DA:695,0
DA:696,0
DA:697,0
DA:699,0
DA:701,0
DA:703,0
DA:705,0
DA:706,0
DA:707,0
DA:709,0
DA:711,0
DA:713,0
DA:715,0
end_of_record
TN:
SF:/usr/include/c++/9/iostream
end_of_record
SF:/workspace/vtr-verilog-to-routing/ODIN_II/SRC/FlipFlop.cpp
FN:53,_Z16resolve_dff_nodeP7nnode_tmP9netlist_t
FNDA:0,_Z16resolve_dff_nodeP7nnode_tmP9netlist_t
FN:92,_Z17resolve_sdff_nodeP7nnode_tmP9netlist_t
FNDA:0,_Z17resolve_sdff_nodeP7nnode_tmP9netlist_t
FN:166,_Z17resolve_dffe_nodeP7nnode_tmP9netlist_t
FNDA:0,_Z17resolve_dffe_nodeP7nnode_tmP9netlist_t
FN:240,_Z18resolve_sdffe_nodeP7nnode_tmP9netlist_t
FNDA:0,_Z18resolve_sdffe_nodeP7nnode_tmP9netlist_t
FN:342,_Z19resolve_sdffce_nodeP7nnode_tmP9netlist_t
FNDA:0,_Z19resolve_sdffce_nodeP7nnode_tmP9netlist_t
FN:446,_Z18resolve_dffsr_nodeP7nnode_tmP9netlist_t
FNDA:0,_Z18resolve_dffsr_nodeP7nnode_tmP9netlist_t
FN:539,_Z19resolve_dffsre_nodeP7nnode_tmP9netlist_t
FNDA:0,_Z19resolve_dffsre_nodeP7nnode_tmP9netlist_t
DA:53,0
DA:54,0
DA:55,0
DA:61,0
DA:62,0
DA:63,0
DA:65,0
DA:66,0
DA:69,0
DA:70,0
DA:71,0
DA:72,0
DA:79,0
DA:80,0
DA:92,0
DA:93,0
DA:94,0
DA:95,0
DA:98,0
DA:106,0
DA:107,0
DA:108,0
DA:114,0
DA:116,0
DA:118,0
DA:119,0
DA:122,0
DA:126,0
DA:127,0
DA:132,0
DA:139,0
DA:140,0
DA:143,0
DA:144,0
DA:145,0
DA:152,0
DA:153,0
DA:154,0
DA:166,0
DA:167,0
DA:168,0
DA:169,0
DA:172,0
DA:180,0
DA:181,0
DA:182,0
DA:188,0
DA:190,0
DA:192,0
DA:195,0
DA:199,0
DA:200,0
DA:201,0
DA:202,0
DA:207,0
DA:214,0
DA:215,0
DA:218,0
DA:219,0
DA:220,0
DA:227,0
DA:228,0
DA:240,0
DA:241,0
DA:242,0
DA:243,0
DA:246,0
DA:249,0
DA:258,0
DA:259,0
DA:260,0
DA:261,0
DA:267,0
DA:269,0
DA:271,0
DA:277,0
DA:279,0
DA:281,0
DA:282,0
DA:285,0
DA:289,0
DA:290,0
DA:291,0
DA:292,0
DA:298,0
DA:303,0
DA:304,0
DA:310,0
DA:316,0
DA:317,0
DA:320,0
DA:321,0
DA:322,0
DA:328,0
DA:329,0
DA:330,0
DA:342,0
DA:343,0
DA:344,0
DA:345,0
DA:348,0
DA:351,0
DA:360,0
DA:361,0
DA:362,0
DA:363,0
DA:369,0
DA:371,0
DA:373,0
DA:374,0
DA:380,0
DA:382,0
DA:384,0
DA:387,0
DA:391,0
DA:392,0
DA:398,0
DA:403,0
DA:404,0
DA:405,0
DA:412,0
DA:419,0
DA:420,0
DA:423,0
DA:424,0
DA:425,0
DA:432,0
DA:433,0
DA:434,0
DA:446,0
DA:447,0
DA:448,0
DA:449,0
DA:457,0
DA:458,0
DA:459,0
DA:460,0
DA:461,0
DA:463,0
DA:468,0
DA:470,0
DA:472,0
DA:477,0
DA:484,0
DA:490,0
DA:492,0
DA:494,0
DA:499,0
DA:506,0
DA:512,0
DA:513,0
DA:516,0
DA:517,0
DA:518,0
DA:525,0
DA:526,0
DA:539,0
DA:540,0
DA:541,0
DA:542,0
DA:552,0
DA:553,0
DA:554,0
DA:555,0
DA:556,0
DA:557,0
DA:559,0
DA:564,0
DA:566,0
DA:568,0
DA:573,0
DA:574,0
DA:575,0
DA:576,0
DA:582,0
DA:588,0
DA:590,0
DA:592,0
DA:597,0
DA:604,0
DA:610,0
DA:612,0
DA:614,0
DA:619,0
DA:626,0
DA:632,0
DA:633,0
DA:636,0
DA:637,0
DA:638,0
DA:645,0
DA:646,0
end_of_record
TN:
SF:/usr/include/c++/9/iostream
end_of_record
SF:/workspace/vtr-verilog-to-routing/ODIN_II/SRC/GenericIO.cpp
FN:36,_ZN9GenericIO5_readEv
FNDA:0,_ZN9GenericIO5_readEv
FN:42,_ZN9GenericIO6_writeEPK9netlist_t
FNDA:0,_ZN9GenericIO6_writeEPK9netlist_t
FN:47,_ZN9GenericIO12_create_fileEPKc11file_type_e
FNDA:0,_ZN9GenericIO12_create_fileEPKc11file_type_e
DA:36,0
DA:37,0
DA:39,0
DA:42,0
DA:43,0
DA:45,0
DA:47,0
DA:48,0
DA:50,0
end_of_record
SF:/workspace/vtr-verilog-to-routing/ODIN_II/SRC/include/GenericIO.hpp
FN:36,_ZN9GenericIOD0Ev
FNDA:0,_ZN9GenericIOD0Ev
FN:36,_ZN9GenericIOD2Ev
FNDA:0,_ZN9GenericIOD2Ev
FN:36,_ZN9GenericIOC2Ev
FNDA:0,_ZN9GenericIOC2Ev
DA:36,0
DA:36,0
DA:36,0
end_of_record
TN:
SF:/usr/include/x86_64-linux-gnu/bits/string_fortified.h
DA:31,0
DA:34,0
end_of_record
SF:/workspace/vtr-verilog-to-routing/ODIN_II/SRC/include/odin_memory.hpp
FN:40,_ZN4odin6callocImmEEPvT_T0_
FNDA:0,_ZN4odin6callocImmEEPvT_T0_
DA:40,0
DA:41,0
DA:44,0
DA:47,0
DA:51,0
DA:54,0
DA:55,0
DA:56,0
DA:58,0
DA:63,0
DA:64,0
DA:67,0
end_of_record
SF:/workspace/vtr-verilog-to-routing/ODIN_II/SRC/odin_memory.cpp
FN:7,_ZN4odin6strdupEPKc
FNDA:0,_ZN4odin6strdupEPKc
DA:7,0
DA:8,0
DA:9,0
DA:11,0
DA:12,0
DA:13,0
DA:16,0
DA:19,0
end_of_record
SF:/usr/include/c++/9/bits/stl_algobase.h
DA:198,0
DA:203,0
DA:204,0
DA:222,0
DA:227,0
DA:228,0
end_of_record
TN:
SF:/workspace/vtr-verilog-to-routing/ODIN_II/SRC/include/GenericReader.hpp
FN:37,_ZN13GenericReaderD0Ev
FNDA:0,_ZN13GenericReaderD0Ev
FN:37,_ZN13GenericReaderD2Ev
FNDA:0,_ZN13GenericReaderD2Ev
FN:60,_ZN13GenericReader6_writeEPK9netlist_t
FNDA:0,_ZN13GenericReader6_writeEPK9netlist_t
DA:37,0
DA:37,0
DA:60,0
DA:61,0
DA:62,0
end_of_record
SF:/workspace/vtr-verilog-to-routing/ODIN_II/SRC/GenericReader.cpp
FN:36,_ZN13GenericReaderC2Ev
FNDA:0,_ZN13GenericReaderC2Ev
FN:44,_ZN13GenericReader5_readEv
FNDA:0,_ZN13GenericReader5_readEv
FN:76,_ZN13GenericReader12read_verilogEv
FNDA:0,_ZN13GenericReader12read_verilogEv
FN:86,_ZN13GenericReader9read_blifEv
FNDA:0,_ZN13GenericReader9read_blifEv
DA:36,0
DA:37,0
DA:38,0
DA:39,0
DA:40,0
DA:44,0
DA:45,0
DA:47,0
DA:48,0
DA:49,0
DA:50,0
DA:52,0
DA:53,0
DA:54,0
DA:67,0
DA:68,0
DA:69,0
DA:73,0
DA:76,0
DA:77,0
DA:78,0
DA:80,0
DA:81,0
DA:83,0
DA:86,0
DA:87,0
DA:88,0
DA:90,0
DA:91,0
DA:93,0
end_of_record
SF:/usr/include/c++/9/iostream
end_of_record
TN:
SF:/usr/include/c++/9/iostream
end_of_record
SF:/workspace/vtr-verilog-to-routing/ODIN_II/SRC/include/GenericWriter.hpp
FN:50,_ZN13GenericWriter5_readEv
FNDA:0,_ZN13GenericWriter5_readEv
DA:50,0
DA:51,0
DA:52,0
end_of_record
SF:/workspace/vtr-verilog-to-routing/ODIN_II/SRC/GenericWriter.cpp
FN:36,_ZN13GenericWriterC2Ev
FNDA:0,_ZN13GenericWriterC2Ev
FN:43,_ZN13GenericWriterD0Ev
FNDA:0,_ZN13GenericWriterD0Ev
FN:43,_ZN13GenericWriterD2Ev
FNDA:0,_ZN13GenericWriterD2Ev
FN:52,_ZN13GenericWriter6_writeEPK9netlist_t
FNDA:0,_ZN13GenericWriter6_writeEPK9netlist_t
FN:90,_ZN13GenericWriter12_create_fileEPKc11file_type_e
FNDA:0,_ZN13GenericWriter12_create_fileEPKc11file_type_e
DA:36,0
DA:37,0
DA:38,0
DA:39,0
DA:40,0
DA:41,0
DA:43,0
DA:50,0
DA:43,0
DA:44,0
DA:45,0
DA:46,0
DA:47,0
DA:48,0
DA:49,0
DA:50,0
DA:52,0
DA:53,0
DA:54,0
DA:55,0
DA:56,0
DA:58,0
DA:59,0
DA:60,0
DA:73,0
DA:74,0
DA:75,0
DA:78,0
DA:90,0
DA:92,0
DA:94,0
DA:95,0
DA:96,0
DA:97,0
DA:98,0
DA:102,0
DA:103,0
DA:104,0
DA:105,0
DA:120,0
DA:121,0
DA:122,0
DA:125,0
end_of_record
TN:
SF:/usr/include/c++/9/bits/vector.tcc
FN:426,_ZNSt6vectorIP7nnode_tSaIS1_EE17_M_realloc_insertIJRKS1_EEEvN9__gnu_cxx17__normal_iteratorIPS1_S3_EEDpOT_
FNDA:0,_ZNSt6vectorIP7nnode_tSaIS1_EE17_M_realloc_insertIJRKS1_EEEvN9__gnu_cxx17__normal_iteratorIPS1_S3_EEDpOT_
DA:426,0
DA:435,0
DA:437,0
DA:438,0
DA:439,0
DA:440,0
DA:441,0
DA:449,0
DA:450,0
DA:456,0
DA:461,0
DA:462,0
DA:464,0
DA:466,0
DA:467,0
DA:500,0
DA:501,0
DA:502,0
DA:503,0
DA:504,0
DA:505,0
end_of_record
SF:/usr/include/c++/9/bits/stl_iterator.h
DA:806,0
DA:871,0
DA:989,0
DA:992,0
DA:1010,0
DA:1012,0
end_of_record
SF:/workspace/vtr-verilog-to-routing/ODIN_II/SRC/include/MixingOptimization.hpp
FN:61,_ZN9MixingOptD0Ev
FNDA:0,_ZN9MixingOptD0Ev
FN:61,_ZN9MixingOptD2Ev
FNDA:0,_ZN9MixingOptD2Ev
FN:75,_ZN9MixingOpt7enabledEv
FNDA:0,_ZN9MixingOpt7enabledEv
FN:118,_ZN9MixingOpt10hardenableEP7nnode_t
FNDA:0,_ZN9MixingOpt10hardenableEP7nnode_t
DA:38,0
DA:61,0
DA:61,0
DA:75,0
DA:76,0
DA:118,0
DA:119,0
DA:160,0
DA:161,0
end_of_record
SF:/usr/include/c++/9/bits/stl_construct.h
DA:117,0
DA:127,0
DA:137,0
DA:203,0
DA:206,0
end_of_record
SF:/usr/include/c++/9/bits/move.h
DA:74,0
end_of_record
SF:/workspace/vtr-verilog-to-routing/ODIN_II/SRC/HardSoftLogicMixer.cpp
FN:31,_ZN18HardSoftLogicMixerC2Ev
FNDA:0,_ZN18HardSoftLogicMixerC2Ev
FN:41,_ZN18HardSoftLogicMixerD2Ev
FNDA:0,_ZN18HardSoftLogicMixerD2Ev
FN:46,_ZN18HardSoftLogicMixer19note_candidate_nodeEP7nnode_t
FNDA:0,_ZN18HardSoftLogicMixer19note_candidate_nodeEP7nnode_t
FN:50,_ZN18HardSoftLogicMixer10hardenableEP7nnode_t
FNDA:0,_ZN18HardSoftLogicMixer10hardenableEP7nnode_t
FN:54,_ZN18HardSoftLogicMixer7enabledEP7nnode_t
FNDA:0,_ZN18HardSoftLogicMixer7enabledEP7nnode_t
FN:58,_ZN18HardSoftLogicMixer18hard_blocks_neededE14operation_list
FNDA:0,_ZN18HardSoftLogicMixer18hard_blocks_neededE14operation_list
FN:62,_ZN18HardSoftLogicMixer16partial_map_nodeEP7nnode_tsP9netlist_t
FNDA:0,_ZN18HardSoftLogicMixer16partial_map_nodeEP7nnode_tsP9netlist_t
FN:66,_ZN18HardSoftLogicMixer21perform_optimizationsEP9netlist_t
FNDA:0,_ZN18HardSoftLogicMixer21perform_optimizationsEP9netlist_t
DA:31,0
DA:32,0
DA:33,0
DA:34,0
DA:36,0
DA:39,0
DA:41,0
DA:42,0
DA:43,0
DA:45,0
DA:46,0
DA:47,0
DA:48,0
DA:50,0
DA:51,0
DA:54,0
DA:55,0
DA:58,0
DA:59,0
DA:62,0
DA:63,0
DA:64,0
DA:66,0
DA:67,0
DA:68,0
DA:69,0
DA:70,0
DA:71,0
DA:72,0
DA:74,0
end_of_record
SF:/usr/include/c++/9/ext/new_allocator.h
DA:80,0
DA:83,0
DA:89,0
DA:119,0
DA:128,0
DA:132,0
DA:144,0
DA:147,0
end_of_record
SF:/usr/include/c++/9/bits/cpp_type_traits.h
DA:428,0
end_of_record
SF:/usr/include/c++/9/new
DA:173,0
DA:174,0
end_of_record
SF:/usr/include/c++/9/bits/stl_vector.h
FN:550,_ZNSt6vectorIP7nnode_tSaIS1_EEC2ERKS3_
FNDA:0,_ZNSt6vectorIP7nnode_tSaIS1_EEC2ERKS3_
FN:1184,_ZNSt6vectorIP7nnode_tSaIS1_EE9push_backERKS1_
FNDA:0,_ZNSt6vectorIP7nnode_tSaIS1_EE9push_backERKS1_
FN:1753,_ZNKSt6vectorIP7nnode_tSaIS1_EE12_M_check_lenEmPKc
FNDA:0,_ZNKSt6vectorIP7nnode_tSaIS1_EE12_M_check_lenEmPKc
DA:94,0
DA:95,0
DA:125,0
DA:128,0
DA:130,0
DA:133,0
DA:134,0
DA:273,0
DA:274,0
DA:277,0
DA:278,0
DA:285,0
DA:300,0
DA:301,0
DA:302,0
DA:330,0
DA:332,0
DA:333,0
DA:334,0
DA:347,0
DA:350,0
DA:351,0
DA:356,0
DA:358,0
DA:359,0
DA:360,0
DA:450,0
DA:453,0
DA:462,0
DA:466,0
DA:484,0
DA:550,0
DA:552,0
DA:554,0
DA:555,0
DA:557,0
DA:558,0
DA:675,0
DA:677,0
DA:678,0
DA:680,0
DA:808,0
DA:809,0
DA:817,0
DA:818,0
DA:826,0
DA:827,0
DA:835,0
DA:836,0
DA:915,0
DA:916,0
DA:920,0
DA:921,0
DA:1184,0
DA:1186,0
DA:1189,0
DA:1191,0
DA:1195,0
DA:1196,0
DA:1753,0
DA:1755,0
DA:1756,0
DA:1758,0
DA:1759,0
DA:1773,0
DA:1780,0
DA:1781,0
end_of_record
SF:/usr/include/c++/9/bits/allocator.h
DA:138,0
DA:141,0
DA:142,0
DA:153,0
end_of_record
SF:/usr/include/c++/9/bits/alloc_traits.h
DA:469,0
DA:470,0
DA:482,0
DA:484,0
DA:505,0
DA:506,0
DA:514,0
DA:515,0
end_of_record
SF:/usr/include/c++/9/bits/stl_uninitialized.h
DA:99,0
DA:101,0
DA:115,0
DA:134,0
DA:140,0
DA:305,0
DA:307,0
DA:924,0
DA:927,0
DA:928,0
DA:929,0
DA:930,0
DA:958,0
DA:964,0
end_of_record
SF:/usr/include/c++/9/iostream
end_of_record
SF:/usr/include/c++/9/bits/stl_algobase.h
DA:198,0
DA:222,0
DA:227,0
DA:228,0
DA:280,0
DA:295,0
DA:375,0
DA:384,0
DA:385,0
DA:386,0
DA:387,0
DA:393,0
DA:398,0
DA:404,0
DA:438,0
DA:440,0
DA:465,0
DA:474,0
end_of_record
SF:/usr/include/c++/9/ext/alloc_traits.h
DA:97,0
DA:98,0
end_of_record
TN:
SF:/usr/include/c++/9/bits/allocator.h
DA:141,0
DA:142,0
DA:151,0
DA:153,0
end_of_record
SF:/usr/include/c++/9/new
DA:173,0
DA:174,0
end_of_record
SF:/usr/include/c++/9/bits/alloc_traits.h
DA:443,0
DA:444,0
DA:469,0
DA:470,0
DA:482,0
DA:484,0
DA:514,0
DA:515,0
end_of_record
SF:/usr/include/c++/9/bits/functional_hash.h
DA:195,0
DA:197,0
end_of_record
SF:/usr/include/c++/9/iostream
end_of_record
SF:/usr/include/c++/9/bits/basic_string.tcc
FN:206,_ZNSt7__cxx1112basic_stringIcSt11char_traitsIcESaIcEE12_M_constructIPcEEvT_S7_St20forward_iterator_tag
FNDA:0,_ZNSt7__cxx1112basic_stringIcSt11char_traitsIcESaIcEE12_M_constructIPcEEvT_S7_St20forward_iterator_tag
DA:206,0
DA:211,0
DA:212,0
DA:215,0
DA:217,0
DA:219,0
DA:220,0
DA:225,0
DA:232,0
DA:233,0
end_of_record
SF:/usr/include/c++/9/bits/stl_function.h
DA:355,0
DA:356,0
end_of_record
SF:/usr/include/c++/9/ext/alloc_traits.h
DA:97,0
DA:98,0
end_of_record
SF:/usr/include/c++/9/bits/stl_iterator_base_funcs.h
DA:98,0
DA:104,0
DA:138,0
DA:141,0
end_of_record
SF:/usr/include/c++/9/bits/char_traits.h
DA:299,0
DA:300,0
DA:315,0
DA:317,0
DA:325,0
DA:361,0
DA:363,0
DA:365,0
end_of_record
SF:/usr/include/c++/9/utility
DA:174,0
DA:175,0
DA:219,0
DA:220,0
end_of_record
SF:/usr/include/c++/9/bits/unordered_map.h
DA:304,0
DA:305,0
DA:324,0
DA:325,0
DA:346,0
DA:347,0
DA:387,0
DA:388,0
DA:797,0
DA:798,0
DA:920,0
DA:921,0
end_of_record
SF:/usr/include/c++/9/bits/stl_pair.h
DA:208,0
DA:303,0
DA:341,0
DA:342,0
DA:524,0
DA:529,0
end_of_record
SF:/usr/include/c++/9/bits/ptr_traits.h
DA:146,0
DA:147,0
DA:156,0
end_of_record
SF:/usr/include/c++/9/ext/new_allocator.h
DA:80,0
DA:83,0
DA:89,0
DA:102,0
DA:104,0
DA:114,0
DA:119,0
DA:128,0
DA:132,0
DA:144,0
DA:147,0
end_of_record
SF:/usr/include/c++/9/bits/move.h
DA:47,0
DA:74,0
DA:99,0
DA:138,0
DA:139,0
end_of_record
SF:/workspace/vtr-verilog-to-routing/ODIN_II/SRC/Hashtable.cpp
FN:31,_ZN9Hashtable18destroy_free_itemsEv
FNDA:0,_ZN9Hashtable18destroy_free_itemsEv
FN:36,_ZN9Hashtable3addENSt7__cxx1112basic_stringIcSt11char_traitsIcESaIcEEEPv
FNDA:0,_ZN9Hashtable3addENSt7__cxx1112basic_stringIcSt11char_traitsIcESaIcEEEPv
FN:40,_ZN9Hashtable6removeENSt7__cxx1112basic_stringIcSt11char_traitsIcESaIcEEE
FNDA:0,_ZN9Hashtable6removeENSt7__cxx1112basic_stringIcSt11char_traitsIcESaIcEEE
FN:50,_ZN9Hashtable3getENSt7__cxx1112basic_stringIcSt11char_traitsIcESaIcEEE
FNDA:0,_ZN9Hashtable3getENSt7__cxx1112basic_stringIcSt11char_traitsIcESaIcEEE
FN:59,_ZN9Hashtable8is_emptyEv
FNDA:0,_ZN9Hashtable8is_emptyEv
DA:31,0
DA:32,0
DA:33,0
DA:34,0
DA:36,0
DA:37,0
DA:38,0
DA:40,0
DA:41,0
DA:42,0
DA:43,0
DA:44,0
DA:45,0
DA:47,0
DA:50,0
DA:51,0
DA:52,0
DA:53,0
DA:54,0
DA:56,0
DA:59,0
DA:60,0
end_of_record
SF:/usr/include/c++/9/bits/hashtable_policy.h
FN:2079,_ZNSt8__detail16_Hashtable_allocISaINS_10_Hash_nodeISt4pairIKNSt7__cxx1112basic_stringIcSt11char_traitsIcESaIcEEEPvELb1EEEEE16_M_allocate_nodeIJRS8_RSA_EEEPSC_DpOT_
FNDA:0,_ZNSt8__detail16_Hashtable_allocISaINS_10_Hash_nodeISt4pairIKNSt7__cxx1112basic_stringIcSt11char_traitsIcESaIcEEEPvELb1EEEEE16_M_allocate_nodeIJRS8_RSA_EEEPSC_DpOT_
DA:92,0
DA:94,0
DA:218,0
DA:229,0
DA:236,0
DA:237,0
DA:244,0
DA:245,0
DA:264,0
DA:269,0
DA:294,0
DA:295,0
DA:298,0
DA:299,0
DA:311,0
DA:340,0
DA:341,0
DA:344,0
DA:345,0
DA:348,0
DA:349,0
DA:352,0
DA:354,0
DA:355,0
DA:391,0
DA:393,0
DA:431,0
DA:433,0
DA:476,0
DA:477,0
[...]
DA:1720,0
DA:1721,0
DA:1722,0
DA:1724,0
DA:1726,0
DA:1727,0
DA:1803,0
DA:1809,0
DA:1810,0
DA:1811,0
DA:1813,0
DA:1814,0
DA:1815,0
DA:1817,0
DA:1818,0
DA:1803,0
DA:1809,0
DA:1810,0
DA:1811,0
DA:1813,0
DA:1814,0
DA:1815,0
DA:1817,0
DA:1818,0
DA:2024,0
DA:2028,0
DA:2029,0
DA:2030,0
DA:2031,0
DA:2032,0
DA:2024,0
DA:2028,0
DA:2029,0
DA:2030,0
DA:2031,0
DA:2032,0
DA:2024,0
DA:2028,0
DA:2029,0
DA:2030,0
DA:2031,0
DA:2032,0
DA:2061,0
DA:2067,0
DA:2069,0
DA:2073,0
DA:2074,0
DA:2076,0
DA:2061,0
DA:2067,0
DA:2069,0
DA:2073,0
DA:2074,0
DA:2076,0
DA:2061,0
DA:2067,0
DA:2069,0
DA:2073,0
DA:2074,0
DA:2076,0
DA:2084,0
DA:2088,0
DA:2089,0
DA:2090,0
DA:2091,0
DA:2092,0
DA:2094,0
DA:2095,0
DA:2096,0
DA:2098,0
DA:2099,0
DA:2100,0
DA:2101,0
DA:2102,0
DA:2107,0
DA:2108,0
DA:2113,0
DA:2114,0
DA:2115,0
DA:2116,0
DA:2084,0
DA:2088,0
DA:2089,0
DA:2090,0
DA:2091,0
DA:2092,0
DA:2094,0
DA:2095,0
DA:2096,0
DA:2098,0
DA:2099,0
DA:2100,0
DA:2101,0
DA:2102,0
DA:2107,0
DA:2108,0
DA:2113,0
DA:2114,0
DA:2115,0
DA:2116,0
DA:2084,0
DA:2088,0
DA:2089,0
DA:2090,0
DA:2091,0
DA:2092,0
DA:2094,0
DA:2095,0
DA:2096,0
DA:2098,0
DA:2099,0
DA:2100,0
DA:2101,0
DA:2102,0
DA:2107,0
DA:2108,0
DA:2113,0
DA:2114,0
DA:2115,0
DA:2116,0
end_of_record
SF:/usr/include/c++/9/bits/move.h
DA:47,0
DA:74,0
DA:99,0
DA:138,0
DA:139,0
DA:182,0
DA:193,0
DA:194,0
DA:195,0
end_of_record
SF:/usr/include/c++/9/ext/atomicity.h
DA:48,0
DA:49,0
DA:65,0
DA:67,0
DA:68,0
DA:69,0
DA:78,0
DA:81,0
DA:82,0
DA:84,0
end_of_record
SF:/workspace/vtr-verilog-to-routing/ODIN_II/SRC/include/odin_buffer.hpp
FN:20,_ZN16dynamic_buffer_t4pushEc
FNDA:0,_ZN16dynamic_buffer_t4pushEc
FN:82,_ZN17buffered_reader_tC2EP8_IO_FILEPKcS3_S3_
FNDA:0,_ZN17buffered_reader_tC2EP8_IO_FILEPKcS3_S3_
FN:110,_ZN17buffered_reader_t8get_lineEv
FNDA:0,_ZN17buffered_reader_t8get_lineEv
DA:20,0
DA:21,0
DA:22,0
DA:23,0
DA:26,0
DA:27,0
DA:28,0
DA:30,0
DA:31,0
DA:32,0
DA:33,0
DA:55,0
DA:56,0
DA:59,0
DA:60,0
DA:63,0
DA:64,0
DA:67,0
DA:68,0
DA:71,0
DA:72,0
DA:75,0
DA:76,0
DA:82,0
DA:83,0
DA:85,0
DA:86,0
DA:87,0
DA:90,0
DA:91,0
DA:92,0
DA:94,0
DA:95,0
DA:98,0
DA:99,0
DA:100,0
DA:101,0
DA:102,0
DA:110,0
DA:111,0
DA:113,0
DA:114,0
DA:116,0
DA:118,0
DA:119,0
DA:120,0
DA:122,0
DA:125,0
DA:126,0
DA:127,0
DA:128,0
DA:130,0
DA:131,0
DA:134,0
DA:136,0
DA:137,0
DA:139,0
DA:140,0
DA:141,0
DA:142,0
DA:143,0
DA:144,0
DA:146,0
DA:148,0
DA:150,0
DA:151,0
DA:152,0
DA:153,0
DA:154,0
DA:155,0
DA:156,0
DA:157,0
DA:161,0
DA:163,0
DA:165,0
DA:168,0
end_of_record
SF:/usr/include/c++/9/ostream
DA:108,0
DA:113,0
DA:565,0
DA:568,0
DA:570,0
DA:571,0
end_of_record
SF:/usr/include/c++/9/bits/hashtable_policy.h
DA:84,0
DA:85,0
DA:92,0
DA:94,0
DA:161,0
DA:162,0
DA:166,0
DA:167,0
DA:218,0
DA:229,0
DA:236,0
DA:237,0
DA:240,0
DA:241,0
DA:244,0
DA:245,0
DA:248,0
DA:249,0
DA:269,0
DA:279,0
DA:282,0
DA:294,0
DA:295,0
DA:304,0
DA:311,0
DA:314,0
DA:340,0
DA:341,0
DA:384,0
DA:385,0
DA:391,0
DA:393,0
DA:400,0
DA:401,0
DA:431,0
DA:433,0
DA:449,0
DA:450,0
DA:476,0
DA:477,0
DA:484,0
DA:485,0
DA:805,0
DA:820,0
DA:822,0
DA:823,0
DA:824,0
DA:1002,0
DA:1004,0
DA:1005,0
DA:1093,0
DA:1096,0
DA:1104,0
DA:1108,0
DA:1288,0
DA:1292,0
DA:1296,0
DA:1297,0
DA:1300,0
DA:1304,0
DA:1307,0
DA:1323,0
DA:1326,0
DA:1329,0
DA:1335,0
DA:1380,0
DA:1384,0
DA:1388,0
DA:1390,0
DA:1393,0
DA:1396,0
DA:1399,0
DA:1400,0
DA:1415,0
DA:1418,0
DA:1421,0
DA:1427,0
DA:1448,0
DA:1450,0
DA:1829,0
DA:1834,0
DA:1846,0
DA:2017,0
DA:2036,0
DA:2046,0
DA:2047,0
DA:2079,0
DA:2081,0
DA:2082,0
DA:2085,0
DA:2086,0
DA:2100,0
DA:2102,0
DA:2103,0
DA:2104,0
DA:2108,0
DA:2111,0
DA:2112,0
DA:2113,0
DA:2118,0
DA:2120,0
DA:2122,0
DA:2123,0
DA:2124,0
DA:2142,0
DA:2146,0
DA:2147,0
DA:2148,0
DA:2149,0
end_of_record
SF:/workspace/vtr-verilog-to-routing/libs/librtlnumber/src/include/rtl_utils.hpp
FN:47,_Z12_assert_WerrbPKciNSt7__cxx1112basic_stringIcSt11char_traitsIcESaIcEEE
FNDA:0,_Z12_assert_WerrbPKciNSt7__cxx1112basic_stringIcSt11char_traitsIcESaIcEEE
DA:47,0
DA:48,0
DA:49,0
DA:50,0
DA:51,0
DA:52,0
DA:54,0
end_of_record
SF:/usr/include/c++/9/bits/stl_iterator.h
DA:806,0
DA:807,0
DA:819,0
DA:827,0
DA:829,0
DA:830,0
DA:859,0
DA:860,0
DA:871,0
DA:893,0
DA:896,0
DA:907,0
DA:910,0
DA:989,0
DA:992,0
DA:1010,0
DA:1012,0
end_of_record
SF:/usr/include/c++/9/bits/unordered_map.h
DA:102,0
DA:141,0
DA:346,0
DA:347,0
DA:585,0
DA:586,0
DA:920,0
DA:921,0
end_of_record
SF:/usr/include/c++/9/bits/vector.tcc
FN:109,_ZNSt6vectorISt6threadSaIS0_EE12emplace_backIJS0_EEEvDpOT_
FNDA:0,_ZNSt6vectorISt6threadSaIS0_EE12emplace_backIJS0_EEEvDpOT_
FN:109,_ZNSt6vectorIN8BitSpace9BitFieldsItEESaIS2_EE12emplace_backIJS2_EEEvDpOT_
FNDA:0,_ZNSt6vectorIN8BitSpace9BitFieldsItEESaIS2_EE12emplace_backIJS2_EEEvDpOT_
FN:109,_ZNSt6vectorINSt7__cxx1112basic_stringIcSt11char_traitsIcESaIcEEESaIS5_EE12emplace_backIJS5_EEEvDpOT_
FNDA:0,_ZNSt6vectorINSt7__cxx1112basic_stringIcSt11char_traitsIcESaIcEEESaIS5_EE12emplace_backIJS5_EEEvDpOT_
FN:198,_ZNSt6vectorIhSaIhEEaSERKS1_
FNDA:0,_ZNSt6vectorIhSaIhEEaSERKS1_
FN:426,_ZNSt6vectorISt6threadSaIS0_EE17_M_realloc_insertIJS0_EEEvN9__gnu_cxx17__normal_iteratorIPS0_S2_EEDpOT_
FNDA:0,_ZNSt6vectorISt6threadSaIS0_EE17_M_realloc_insertIJS0_EEEvN9__gnu_cxx17__normal_iteratorIPS0_S2_EEDpOT_
FN:426,_ZNSt6vectorIN8BitSpace9BitFieldsItEESaIS2_EE17_M_realloc_insertIJS2_EEEvN9__gnu_cxx17__normal_iteratorIPS2_S4_EEDpOT_
FNDA:0,_ZNSt6vectorIN8BitSpace9BitFieldsItEESaIS2_EE17_M_realloc_insertIJS2_EEEvN9__gnu_cxx17__normal_iteratorIPS2_S4_EEDpOT_
FN:426,_ZNSt6vectorINSt7__cxx1112basic_stringIcSt11char_traitsIcESaIcEEESaIS5_EE17_M_realloc_insertIJS5_EEEvN9__gnu_cxx17__normal_iteratorIPS5_S7_EEDpOT_
FNDA:0,_ZNSt6vectorINSt7__cxx1112basic_stringIcSt11char_traitsIcESaIcEEESaIS5_EE17_M_realloc_insertIJS5_EEEvN9__gnu_cxx17__normal_iteratorIPS5_S7_EEDpOT_
DA:109,0
DA:112,0
DA:115,0
DA:117,0
DA:121,0
DA:125,0
DA:109,0
DA:112,0
DA:115,0
DA:117,0
DA:121,0
DA:125,0
DA:109,0
DA:112,0
DA:115,0
DA:117,0
DA:121,0
DA:125,0
DA:198,0
DA:201,0
DA:223,0
DA:224,0
DA:226,0
DA:228,0
DA:229,0
DA:230,0
DA:231,0
DA:232,0
DA:233,0
DA:234,0
DA:236,0
DA:238,0
DA:239,0
DA:243,0
DA:245,0
DA:246,0
DA:248,0
DA:250,0
DA:252,0
DA:426,0
DA:435,0
DA:437,0
DA:438,0
DA:439,0
DA:440,0
DA:441,0
DA:449,0
DA:450,0
DA:456,0
DA:461,0
DA:462,0
DA:464,0
DA:466,0
DA:467,0
DA:500,0
DA:501,0
DA:502,0
DA:503,0
DA:504,0
DA:505,0
DA:426,0
DA:435,0
DA:437,0
DA:438,0
DA:439,0
DA:440,0
DA:441,0
DA:449,0
DA:450,0
DA:456,0
DA:461,0
DA:462,0
DA:464,0
DA:466,0
DA:467,0
DA:500,0
DA:501,0
DA:502,0
DA:503,0
DA:504,0
DA:505,0
DA:426,0
DA:435,0
DA:437,0
DA:438,0
DA:439,0
DA:440,0
DA:441,0
DA:449,0
DA:450,0
DA:456,0
DA:461,0
DA:462,0
DA:464,0
DA:466,0
DA:467,0
DA:500,0
DA:501,0
DA:502,0
DA:503,0
DA:504,0
DA:505,0
end_of_record
SF:/usr/include/c++/9/bits/stl_pair.h
FN:304,_ZNSt4pairIKNSt7__cxx1112basic_stringIcSt11char_traitsIcESaIcEEES5_EC2EOS7_
FNDA:0,_ZNSt4pairIKNSt7__cxx1112basic_stringIcSt11char_traitsIcESaIcEEES5_EC2EOS7_
FN:341,_ZNSt4pairIKNSt7__cxx1112basic_stringIcSt11char_traitsIcESaIcEEES5_EC2IRPcSA_Lb1EEEOT_OT0_
FNDA:0,_ZNSt4pairIKNSt7__cxx1112basic_stringIcSt11char_traitsIcESaIcEEES5_EC2IRPcSA_Lb1EEEOT_OT0_
DA:304,0
DA:341,0
DA:342,0
DA:524,0
DA:529,0
end_of_record
SF:/usr/include/c++/9/bits/ptr_traits.h
DA:146,0
DA:147,0
DA:156,0
end_of_record
SF:/usr/include/c++/9/bits/shared_ptr_base.h
FN:131,_ZNSt16_Sp_counted_baseILN9__gnu_cxx12_Lock_policyE2EE10_M_destroyEv
FNDA:0,_ZNSt16_Sp_counted_baseILN9__gnu_cxx12_Lock_policyE2EE10_M_destroyEv
FN:148,_ZNSt16_Sp_counted_baseILN9__gnu_cxx12_Lock_policyE2EE10_M_releaseEv
FNDA:0,_ZNSt16_Sp_counted_baseILN9__gnu_cxx12_Lock_policyE2EE10_M_releaseEv
FN:404,_ZNSt15_Sp_counted_ptrIDnLN9__gnu_cxx12_Lock_policyE2EE10_M_disposeEv
FNDA:0,_ZNSt15_Sp_counted_ptrIDnLN9__gnu_cxx12_Lock_policyE2EE10_M_disposeEv
FN:552,_ZNSt23_Sp_counted_ptr_inplaceI12AtomicBufferSaIS0_ELN9__gnu_cxx12_Lock_policyE2EED0Ev
FNDA:0,_ZNSt23_Sp_counted_ptr_inplaceI12AtomicBufferSaIS0_ELN9__gnu_cxx12_Lock_policyE2EED0Ev
FN:552,_ZNSt23_Sp_counted_ptr_inplaceI12AtomicBufferSaIS0_ELN9__gnu_cxx12_Lock_policyE2EED2Ev
FNDA:0,_ZNSt23_Sp_counted_ptr_inplaceI12AtomicBufferSaIS0_ELN9__gnu_cxx12_Lock_policyE2EED2Ev
FN:555,_ZNSt23_Sp_counted_ptr_inplaceI12AtomicBufferSaIS0_ELN9__gnu_cxx12_Lock_policyE2EE10_M_disposeEv
FNDA:0,_ZNSt23_Sp_counted_ptr_inplaceI12AtomicBufferSaIS0_ELN9__gnu_cxx12_Lock_policyE2EE10_M_disposeEv
FN:562,_ZNSt23_Sp_counted_ptr_inplaceI12AtomicBufferSaIS0_ELN9__gnu_cxx12_Lock_policyE2EE10_M_destroyEv
FNDA:0,_ZNSt23_Sp_counted_ptr_inplaceI12AtomicBufferSaIS0_ELN9__gnu_cxx12_Lock_policyE2EE10_M_destroyEv
FN:575,_ZNSt23_Sp_counted_ptr_inplaceI12AtomicBufferSaIS0_ELN9__gnu_cxx12_Lock_policyE2EE14_M_get_deleterERKSt9type_info
FNDA:0,_ZNSt23_Sp_counted_ptr_inplaceI12AtomicBufferSaIS0_ELN9__gnu_cxx12_Lock_policyE2EE14_M_get_deleterERKSt9type_info
FN:672,_ZNSt14__shared_countILN9__gnu_cxx12_Lock_policyE2EEC2I12AtomicBufferSaIS4_EJhEEERPT_St20_Sp_alloc_shared_tagIT0_EDpOT1_
FNDA:0,_ZNSt14__shared_countILN9__gnu_cxx12_Lock_policyE2EEC2I12AtomicBufferSaIS4_EJhEEERPT_St20_Sp_alloc_shared_tagIT0_EDpOT1_
DA:117,0
DA:118,0
DA:121,0
DA:131,0
DA:132,0
DA:148,0
DA:152,0
DA:155,0
DA:167,0
DA:171,0
DA:174,0
DA:404,0
DA:412,0
DA:414,0
DA:418,0
DA:508,0
DA:510,0
DA:511,0
DA:526,0
DA:531,0
DA:533,0
DA:543,0
DA:544,0
DA:548,0
DA:552,0
DA:552,0
DA:552,0
DA:555,0
DA:557,0
DA:558,0
DA:562,0
DA:564,0
DA:565,0
DA:566,0
DA:567,0
DA:575,0
DA:577,0
DA:583,0
DA:585,0
DA:590,0
DA:594,0
DA:616,0
DA:672,0
DA:676,0
DA:677,0
DA:678,0
DA:679,0
DA:680,0
DA:681,0
DA:682,0
DA:683,0
DA:684,0
DA:727,0
DA:729,0
DA:730,0
DA:756,0
DA:758,0
DA:759,0
DA:1012,0
DA:1015,0
DA:1020,0
DA:1021,0
DA:1080,0
DA:1169,0
DA:1176,0
DA:1177,0
DA:1179,0
DA:1180,0
DA:1263,0
DA:1265,0
DA:1309,0
DA:1312,0
DA:1324,0
DA:1326,0
DA:1327,0
DA:1343,0
DA:1344,0
DA:1345,0
DA:1388,0
end_of_record
SF:/usr/include/c++/9/bits/ios_base.h
FN:1023,_ZSt3decRSt8ios_base
FNDA:0,_ZSt3decRSt8ios_base
FN:1031,_ZSt3hexRSt8ios_base
FNDA:0,_ZSt3hexRSt8ios_base
DA:83,0
DA:84,0
DA:87,0
DA:88,0
DA:95,0
DA:96,0
DA:99,0
DA:100,0
DA:103,0
DA:104,0
DA:670,0
DA:672,0
DA:673,0
DA:674,0
DA:675,0
DA:1023,0
DA:1025,0
DA:1026,0
DA:1031,0
DA:1033,0
DA:1034,0
end_of_record
SF:/workspace/vtr-verilog-to-routing/libs/librtlnumber/src/include/internal_bits.hpp
FN:454,_ZN8BitSpace11VerilogBitsC2Emh
FNDA:0,_ZN8BitSpace11VerilogBitsC2Emh
FN:595,_ZN8BitSpace11VerilogBits15twos_complementEh
FNDA:0,_ZN8BitSpace11VerilogBits15twos_complementEh
FN:674,_ZN7VNumberaSEOS_
FNDA:0,_ZN7VNumberaSEOS_
FN:680,_ZN7VNumberC2EN8BitSpace11VerilogBitsEbb
FNDA:0,_ZN7VNumberC2EN8BitSpace11VerilogBitsEbb
FN:742,_ZN7VNumberC2Emhbb
FNDA:0,_ZN7VNumberC2Emhbb
FN:1007,_ZN7VNumber16get_bit_from_msbEm
FNDA:0,_ZN7VNumber16get_bit_from_msbEm
FN:1012,_ZN7VNumber16get_bit_from_lsbEm
FNDA:0,_ZN7VNumber16get_bit_from_lsbEm
FN:1070,_ZN7VNumber15twos_complementEh
FNDA:0,_ZN7VNumber15twos_complementEh
DA:376,0
DA:377,0
DA:378,0
DA:379,0
DA:384,0
DA:385,0
DA:390,0
DA:391,0
DA:392,0
DA:394,0
DA:398,0
DA:399,0
DA:401,0
DA:402,0
DA:404,0
DA:405,0
DA:406,0
DA:408,0
DA:409,0
DA:425,0
DA:435,0
DA:440,0
DA:441,0
DA:454,0
DA:455,0
DA:456,0
DA:458,0
DA:460,0
DA:461,0
DA:463,0
DA:470,0
DA:471,0
DA:478,0
DA:486,0
DA:489,0
DA:497,0
DA:500,0
DA:507,0
DA:595,0
DA:596,0
DA:598,0
DA:599,0
DA:601,0
DA:602,0
DA:605,0
DA:674,0
DA:680,0
DA:681,0
DA:682,0
DA:683,0
DA:684,0
DA:742,0
DA:743,0
DA:744,0
DA:745,0
DA:746,0
DA:1000,0
DA:1001,0
DA:1007,0
DA:1008,0
DA:1009,0
DA:1012,0
DA:1013,0
DA:1014,0
DA:1016,0
DA:1030,0
DA:1031,0
DA:1034,0
DA:1035,0
DA:1038,0
DA:1039,0
DA:1070,0
DA:1071,0
end_of_record
SF:/usr/include/c++/9/ext/alloc_traits.h
DA:97,0
DA:98,0
end_of_record
SF:/usr/include/c++/9/bits/unique_ptr.h
DA:75,0
DA:81,0
DA:82,0
DA:147,0
DA:153,0
DA:155,0
DA:211,0
DA:212,0
DA:286,0
DA:290,0
DA:291,0
DA:292,0
DA:365,0
DA:366,0
end_of_record
SF:/usr/include/c++/9/bits/stl_iterator_base_funcs.h
DA:98,0
DA:104,0
DA:138,0
DA:141,0
end_of_record
SF:/usr/include/c++/9/bits/invoke.h
DA:59,0
DA:60,0
DA:89,0
DA:95,0
end_of_record
SF:/usr/include/c++/9/bits/unordered_set.h
DA:97,0
DA:135,0
DA:333,0
DA:334,0
DA:420,0
DA:421,0
DA:572,0
DA:573,0
DA:649,0
DA:650,0
end_of_record
SF:/usr/include/c++/9/bits/stl_algobase.h
DA:198,0
DA:222,0
DA:227,0
DA:228,0
DA:280,0
DA:289,0
DA:290,0
DA:295,0
DA:375,0
DA:384,0
DA:385,0
DA:386,0
DA:387,0
DA:393,0
DA:398,0
DA:404,0
DA:438,0
DA:440,0
DA:465,0
DA:474,0
DA:577,0
DA:586,0
DA:587,0
DA:588,0
DA:589,0
DA:595,0
DA:600,0
DA:606,0
DA:613,0
DA:615,0
DA:641,0
DA:652,0
DA:721,0
DA:723,0
DA:724,0
DA:725,0
DA:779,0
DA:781,0
DA:802,0
DA:808,0
end_of_record
SF:/usr/include/x86_64-linux-gnu/c++/9/bits/gthr-default.h
DA:248,0
DA:250,0
DA:252,0
DA:691,0
DA:693,0
end_of_record
SF:/usr/include/c++/9/iostream
end_of_record
SF:/usr/include/c++/9/thread
FN:117,_ZNSt6threadC2IRFviiiP8stages_tiEJRiS5_S5_RS2_S5_EvEEOT_DpOT0_
FNDA:0,_ZNSt6threadC2IRFviiiP8stages_tiEJRiS5_S5_RS2_S5_EvEEOT_DpOT0_
FN:195,_ZNSt6thread11_State_implINS_8_InvokerISt5tupleIJPFviiiP8stages_tiEiiiS4_iEEEEE6_M_runEv
FNDA:0,_ZNSt6thread11_State_implINS_8_InvokerISt5tupleIJPFviiiP8stages_tiEiiiS4_iEEEEE6_M_runEv
FN:203,_ZNSt6thread13_S_make_stateINS_8_InvokerISt5tupleIJPFviiiP8stages_tiEiiiS4_iEEEEEESt10unique_ptrINS_6_StateESt14default_deleteISA_EEOT_
FNDA:0,_ZNSt6thread13_S_make_stateINS_8_InvokerISt5tupleIJPFviiiP8stages_tiEiiiS4_iEEEEEESt10unique_ptrINS_6_StateESt14default_deleteISA_EEOT_
DA:67,0
DA:82,0
DA:117,0
DA:118,0
DA:126,0
DA:130,0
DA:134,0
DA:136,0
DA:137,0
DA:138,0
DA:139,0
DA:144,0
DA:145,0
DA:158,0
DA:159,0
DA:162,0
DA:163,0
DA:191,0
DA:195,0
DA:203,0
DA:206,0
DA:230,0
DA:243,0
DA:244,0
DA:247,0
DA:251,0
DA:263,0
DA:267,0
DA:276,0
DA:282,0
DA:353,0
DA:356,0
DA:358,0
end_of_record
SF:/usr/include/c++/9/bits/functional_hash.h
DA:109,0
DA:110,0
DA:156,0
DA:195,0
DA:197,0
end_of_record
SF:/usr/include/c++/9/bits/alloc_traits.h
DA:443,0
DA:444,0
DA:469,0
DA:470,0
DA:482,0
DA:484,0
DA:495,0
DA:497,0
DA:505,0
DA:506,0
DA:514,0
DA:515,0
DA:545,0
DA:546,0
DA:553,0
DA:557,0
end_of_record
SF:/usr/include/c++/9/typeinfo
DA:120,0
DA:122,0
DA:123,0
DA:124,0
end_of_record
SF:/usr/include/c++/9/bits/stl_queue.h
DA:96,0
DA:160,0
DA:161,0
DA:197,0
DA:198,0
DA:210,0
DA:213,0
DA:259,0
DA:260,0
DA:292,0
DA:295,0
end_of_record
SF:/usr/include/c++/9/atomic
DA:80,0
DA:81,0
DA:120,0
DA:121,0
end_of_record
SF:/usr/include/c++/9/bits/stl_vector.h
FN:519,_ZNSt6vectorIS_IhSaIhEESaIS1_EEC2EmRKS1_RKS2_
FNDA:0,_ZNSt6vectorIS_IhSaIhEESaIS1_EEC2EmRKS1_RKS2_
FN:519,_ZNSt6vectorIhSaIhEEC2EmRKhRKS0_
FNDA:0,_ZNSt6vectorIhSaIhEEC2EmRKhRKS0_
FN:550,_ZNSt6vectorIhSaIhEEC2ERKS1_
FNDA:0,_ZNSt6vectorIhSaIhEEC2ERKS1_
FN:550,_ZNSt6vectorINSt7__cxx1112basic_stringIcSt11char_traitsIcESaIcEEESaIS5_EEC2ERKS7_
FNDA:0,_ZNSt6vectorINSt7__cxx1112basic_stringIcSt11char_traitsIcESaIcEEESaIS5_EEC2ERKS7_
FN:550,_ZNSt6vectorIN8BitSpace9BitFieldsItEESaIS2_EEC2ERKS4_
FNDA:0,_ZNSt6vectorIN8BitSpace9BitFieldsItEESaIS2_EEC2ERKS4_
FN:675,_ZNSt6vectorINSt7__cxx1112basic_stringIcSt11char_traitsIcESaIcEEESaIS5_EED2Ev
FNDA:0,_ZNSt6vectorINSt7__cxx1112basic_stringIcSt11char_traitsIcESaIcEEESaIS5_EED2Ev
FN:675,_ZNSt6vectorIS_IhSaIhEESaIS1_EED2Ev
FNDA:0,_ZNSt6vectorIS_IhSaIhEESaIS1_EED2Ev
FN:675,_ZNSt6vectorISt6threadSaIS0_EED2Ev
FNDA:0,_ZNSt6vectorISt6threadSaIS0_EED2Ev
FN:1753,_ZNKSt6vectorISt6threadSaIS0_EE12_M_check_lenEmPKc
FNDA:0,_ZNKSt6vectorISt6threadSaIS0_EE12_M_check_lenEmPKc
FN:1753,_ZNKSt6vectorIN8BitSpace9BitFieldsItEESaIS2_EE12_M_check_lenEmPKc
FNDA:0,_ZNKSt6vectorIN8BitSpace9BitFieldsItEESaIS2_EE12_M_check_lenEmPKc
FN:1753,_ZNKSt6vectorINSt7__cxx1112basic_stringIcSt11char_traitsIcESaIcEEESaIS5_EE12_M_check_lenEmPKc
FNDA:0,_ZNKSt6vectorINSt7__cxx1112basic_stringIcSt11char_traitsIcESaIcEEESaIS5_EE12_M_check_lenEmPKc
DA:94,0
DA:95,0
DA:106,0
DA:108,0
DA:109,0
DA:110,0
DA:114,0
DA:118,0
DA:119,0
DA:120,0
DA:121,0
DA:125,0
DA:128,0
DA:130,0
DA:133,0
DA:134,0
DA:273,0
DA:274,0
DA:277,0
DA:278,0
DA:281,0
DA:282,0
DA:285,0
DA:290,0
DA:291,0
DA:300,0
DA:301,0
DA:302,0
DA:330,0
DA:332,0
DA:333,0
DA:334,0
DA:347,0
DA:350,0
DA:351,0
DA:356,0
DA:358,0
DA:359,0
DA:360,0
DA:453,0
DA:462,0
DA:466,0
DA:484,0
DA:494,0
DA:495,0
DA:519,0
DA:521,0
DA:522,0
DA:519,0
DA:521,0
DA:522,0
DA:550,0
DA:552,0
DA:554,0
DA:555,0
DA:557,0
DA:558,0
DA:550,0
DA:552,0
DA:554,0
DA:555,0
DA:557,0
DA:558,0
DA:550,0
DA:552,0
DA:554,0
DA:555,0
DA:557,0
DA:558,0
DA:675,0
DA:677,0
DA:678,0
DA:680,0
DA:675,0
DA:677,0
DA:678,0
DA:680,0
DA:675,0
DA:677,0
DA:678,0
DA:680,0
DA:675,0
DA:677,0
DA:678,0
DA:680,0
DA:706,0
DA:708,0
DA:711,0
DA:808,0
DA:809,0
DA:817,0
DA:818,0
DA:826,0
DA:827,0
DA:835,0
DA:836,0
DA:915,0
DA:916,0
DA:920,0
DA:921,0
DA:995,0
DA:997,0
DA:1004,0
DA:1005,0
DA:1040,0
DA:1043,0
DA:1200,0
DA:1201,0
DA:1590,0
DA:1592,0
DA:1593,0
DA:1594,0
DA:1753,0
DA:1755,0
DA:1756,0
DA:1758,0
DA:1759,0
DA:1753,0
DA:1755,0
DA:1756,0
DA:1758,0
DA:1759,0
DA:1753,0
DA:1755,0
DA:1756,0
DA:1758,0
DA:1759,0
DA:1764,0
DA:1766,0
DA:1767,0
DA:1773,0
DA:1780,0
DA:1781,0
DA:1812,0
DA:1814,0
DA:1815,0
DA:1816,0
DA:1817,0
end_of_record
TN:
SF:/usr/include/c++/9/bits/stl_algobase.h
DA:198,0
DA:222,0
DA:227,0
DA:228,0
DA:280,0
end_of_record
SF:/usr/include/c++/9/bits/alloc_traits.h
DA:469,0
DA:470,0
DA:482,0
DA:484,0
DA:495,0
DA:497,0
DA:505,0
DA:506,0
end_of_record
SF:/usr/include/c++/9/bits/stl_vector.h
FN:675,_ZNSt6vectorIP8sc_scopeSaIS1_EED2Ev
FNDA:0,_ZNSt6vectorIP8sc_scopeSaIS1_EED2Ev
FN:1753,_ZNKSt6vectorIP8sc_scopeSaIS1_EE12_M_check_lenEmPKc
FNDA:0,_ZNKSt6vectorIP8sc_scopeSaIS1_EE12_M_check_lenEmPKc
DA:125,0
DA:273,0
DA:274,0
DA:277,0
DA:278,0
DA:330,0
DA:332,0
DA:333,0
DA:334,0
DA:347,0
DA:350,0
DA:351,0
DA:450,0
DA:453,0
DA:462,0
DA:466,0
DA:675,0
DA:677,0
DA:678,0
DA:680,0
DA:808,0
DA:809,0
DA:817,0
DA:818,0
DA:826,0
DA:827,0
DA:835,0
DA:836,0
DA:915,0
DA:916,0
DA:920,0
DA:921,0
DA:1004,0
DA:1005,0
DA:1140,0
DA:1143,0
DA:1200,0
DA:1201,0
DA:1222,0
DA:1225,0
DA:1226,0
DA:1228,0
DA:1753,0
DA:1755,0
DA:1756,0
DA:1758,0
DA:1759,0
DA:1773,0
DA:1780,0
DA:1781,0
end_of_record
SF:/usr/include/c++/9/bits/move.h
DA:74,0
DA:99,0
end_of_record
SF:/usr/include/c++/9/bits/vector.tcc
FN:109,_ZNSt6vectorIP8sc_scopeSaIS1_EE12emplace_backIJS1_EEEvDpOT_
FNDA:0,_ZNSt6vectorIP8sc_scopeSaIS1_EE12emplace_backIJS1_EEEvDpOT_
FN:426,_ZNSt6vectorIP8sc_scopeSaIS1_EE17_M_realloc_insertIJS1_EEEvN9__gnu_cxx17__normal_iteratorIPS1_S3_EEDpOT_
FNDA:0,_ZNSt6vectorIP8sc_scopeSaIS1_EE17_M_realloc_insertIJS1_EEEvN9__gnu_cxx17__normal_iteratorIPS1_S3_EEDpOT_
DA:109,0
DA:112,0
DA:115,0
DA:117,0
DA:121,0
DA:125,0
DA:426,0
DA:435,0
DA:437,0
DA:438,0
DA:439,0
DA:440,0
DA:441,0
DA:449,0
DA:450,0
DA:456,0
DA:461,0
DA:462,0
DA:464,0
DA:466,0
DA:467,0
DA:500,0
DA:501,0
DA:502,0
DA:503,0
DA:504,0
DA:505,0
end_of_record
SF:/usr/include/c++/9/bits/stl_iterator.h
DA:806,0
DA:807,0
DA:819,0
DA:867,0
DA:868,0
DA:871,0
DA:893,0
DA:896,0
DA:989,0
DA:992,0
end_of_record
SF:/usr/include/c++/9/bits/stl_uninitialized.h
DA:924,0
DA:927,0
DA:928,0
DA:929,0
DA:930,0
DA:958,0
DA:964,0
end_of_record
SF:/usr/include/c++/9/new
DA:173,0
DA:174,0
end_of_record
SF:/usr/include/c++/9/bits/allocator.h
DA:153,0
end_of_record
SF:/usr/include/c++/9/bits/stl_construct.h
DA:117,0
DA:127,0
DA:137,0
DA:203,0
DA:206,0
end_of_record
SF:/usr/include/c++/9/ext/new_allocator.h
DA:89,0
DA:119,0
DA:128,0
DA:132,0
DA:144,0
DA:147,0
DA:151,0
end_of_record
SF:/workspace/vtr-verilog-to-routing/ODIN_II/SRC/scope_util.cpp
FN:8,_Z12new_sc_scopev
FNDA:0,_Z12new_sc_scopev
FN:17,_Z19move_sc_scope_itemsPP8sc_scopeS0_
FNDA:0,_Z19move_sc_scope_itemsPP8sc_scopeS0_
FN:28,_Z13free_sc_scopePP8sc_scopePP12STRING_CACHES4_
FNDA:0,_Z13free_sc_scopePP8sc_scopePP12STRING_CACHES4_
FN:44,_Z9pop_scopev
FNDA:0,_Z9pop_scopev
FN:61,_Z16merge_top_scopesv
FNDA:0,_Z16merge_top_scopesv
FN:68,_Z10push_scopev
FNDA:0,_Z10push_scopev
DA:8,0
DA:9,0
DA:10,0
DA:11,0
DA:12,0
DA:14,0
DA:17,0
DA:18,0
DA:19,0
DA:20,0
DA:21,0
DA:22,0
DA:23,0
DA:25,0
DA:26,0
DA:28,0
DA:29,0
DA:30,0
DA:31,0
DA:32,0
DA:34,0
DA:35,0
DA:37,0
DA:38,0
DA:41,0
DA:42,0
DA:44,0
DA:45,0
DA:46,0
DA:47,0
DA:48,0
DA:52,0
DA:53,0
DA:55,0
DA:58,0
DA:61,0
DA:62,0
DA:63,0
DA:64,0
DA:66,0
DA:68,0
DA:69,0
DA:72,0
DA:73,0
end_of_record
