TN:
SF:/usr/include/c++/9/bits/alloc_traits.h
FN:443,_ZNSt16allocator_traitsISaIlEE8allocateERS0_m
FN:469,_ZNSt16allocator_traitsISaIlEE10deallocateERS0_Plm
FN:469,_ZNSt16allocator_traitsISaINSt7__cxx1112basic_stringIcSt11char_traitsIcESaIcEEEEE10deallocateERS6_PS5_m
FN:469,_ZNSt16allocator_traitsISaIiEE10deallocateERS0_Pim
FN:469,_ZNSt16allocator_traitsISaI14s_wireconn_infEE10deallocateERS1_PS0_m
FN:469,_ZNSt16allocator_traitsISaI17s_switchblock_infEE10deallocateERS1_PS0_m
FN:469,_ZNSt16allocator_traitsISaISt13_Rb_tree_nodeISt4pairIK18SB_Side_ConnectionSt6vectorINSt7__cxx1112basic_stringIcSt11char_traitsIcESaIcEEESaISA_EEEEEE10deallocateERSF_PSE_m
FN:482,_ZNSt16allocator_traitsISaIlEE9constructIlJlEEEvRS0_PT_DpOT0_
FN:495,_ZNSt16allocator_traitsISaISt13_Rb_tree_nodeISt4pairIK18SB_Side_ConnectionSt6vectorINSt7__cxx1112basic_stringIcSt11char_traitsIcESaIcEEESaISA_EEEEEE7destroyISD_EEvRSF_PT_
FN:495,_ZNSt16allocator_traitsISaIlEE7destroyIlEEvRS0_PT_
FN:505,_ZNSt16allocator_traitsISaIlEE8max_sizeERKS0_
FN:514,_ZNSt16allocator_traitsISaIcEE37select_on_container_copy_constructionERKS0_
FN:545,_ZSt18__do_alloc_on_moveISaIlEEvRT_S2_St17integral_constantIbLb1EE
FN:553,_ZSt15__alloc_on_moveISaIlEEvRT_S2_
FNDA:0,_ZNSt16allocator_traitsISaI17s_switchblock_infEE10deallocateERS1_PS0_m
FNDA:0,_ZNSt16allocator_traitsISaISt13_Rb_tree_nodeISt4pairIK18SB_Side_ConnectionSt6vectorINSt7__cxx1112basic_stringIcSt11char_traitsIcESaIcEEESaISA_EEEEEE10deallocateERSF_PSE_m
FNDA:187,_ZNSt16allocator_traitsISaIlEE8allocateERS0_m
FNDA:17,_ZSt15__alloc_on_moveISaIlEEvRT_S2_
FNDA:0,_ZNSt16allocator_traitsISaIcEE37select_on_container_copy_constructionERKS0_
FNDA:0,_ZNSt16allocator_traitsISaI14s_wireconn_infEE10deallocateERS1_PS0_m
FNDA:17,_ZSt18__do_alloc_on_moveISaIlEEvRT_S2_St17integral_constantIbLb1EE
FNDA:0,_ZNSt16allocator_traitsISaIlEE7destroyIlEEvRS0_PT_
FNDA:0,_ZNSt16allocator_traitsISaISt13_Rb_tree_nodeISt4pairIK18SB_Side_ConnectionSt6vectorINSt7__cxx1112basic_stringIcSt11char_traitsIcESaIcEEESaISA_EEEEEE7destroyISD_EEvRSF_PT_
FNDA:0,_ZNSt16allocator_traitsISaIiEE10deallocateERS0_Pim
FNDA:204,_ZNSt16allocator_traitsISaINSt7__cxx1112basic_stringIcSt11char_traitsIcESaIcEEEEE10deallocateERS6_PS5_m
FNDA:187,_ZNSt16allocator_traitsISaIlEE10deallocateERS0_Plm
FNDA:13855,_ZNSt16allocator_traitsISaIlEE9constructIlJlEEEvRS0_PT_DpOT0_
FNDA:374,_ZNSt16allocator_traitsISaIlEE8max_sizeERKS0_
FNF:14
FNH:7
DA:443,187
DA:444,187
DA:469,391
DA:470,391
DA:482,13855
DA:484,13855
DA:495,0
DA:497,0
DA:505,374
DA:506,374
DA:514,0
DA:515,0
DA:545,17
DA:546,17
DA:553,17
DA:557,17
DA:558,17
LF:17
LH:13
end_of_record
TN:
SF:/usr/include/c++/9/bits/allocator.h
FN:138,_ZNSaI17s_switchblock_infEC2Ev
FN:138,_ZNSaIlEC2Ev
FN:141,_ZNSaIlEC2ERKS_
FN:153,_ZNSaI17s_switchblock_infED2Ev
FN:153,_ZNSaIlED2Ev
FN:153,_ZNSaISt13_Rb_tree_nodeISt4pairIK18SB_Side_ConnectionSt6vectorINSt7__cxx1112basic_stringIcSt11char_traitsIcESaIcEEESaIS9_EEEEED2Ev
FN:153,_ZNSaIiED2Ev
FN:153,_ZNSaI14s_wireconn_infED2Ev
FN:153,_ZNSaINSt7__cxx1112basic_stringIcSt11char_traitsIcESaIcEEEED2Ev
FNDA:52,_ZNSaI17s_switchblock_infED2Ev
FNDA:68,_ZNSaIlED2Ev
FNDA:0,_ZNSaISt13_Rb_tree_nodeISt4pairIK18SB_Side_ConnectionSt6vectorINSt7__cxx1112basic_stringIcSt11char_traitsIcESaIcEEESaIS9_EEEEED2Ev
FNDA:0,_ZNSaI14s_wireconn_infED2Ev
FNDA:0,_ZNSaIiED2Ev
FNDA:34,_ZNSaIlEC2ERKS_
FNDA:68,_ZNSaINSt7__cxx1112basic_stringIcSt11char_traitsIcESaIcEEEED2Ev
FNDA:18,_ZNSaI17s_switchblock_infEC2Ev
FNDA:34,_ZNSaIlEC2Ev
FNF:9
FNH:6
DA:138,52
DA:141,34
DA:142,34
DA:153,188
LF:4
LH:4
end_of_record
TN:
SF:/usr/include/c++/9/bits/basic_string.h
FN:243,_ZNSt7__cxx1112basic_stringIcSt11char_traitsIcESaIcEE16_M_construct_auxIPKcEEvT_S8_St12__false_type
FN:243,_ZNSt7__cxx1112basic_stringIcSt11char_traitsIcESaIcEE16_M_construct_auxIPcEEvT_S7_St12__false_type
FN:263,_ZNSt7__cxx1112basic_stringIcSt11char_traitsIcESaIcEE12_M_constructIPcEEvT_S7_
FN:263,_ZNSt7__cxx1112basic_stringIcSt11char_traitsIcESaIcEE12_M_constructIPKcEEvT_S8_
FN:6121,_ZStplIcSt11char_traitsIcESaIcEENSt7__cxx1112basic_stringIT_T0_T1_EEOS8_PKS5_
FNDA:0,_ZNSt7__cxx1112basic_stringIcSt11char_traitsIcESaIcEE16_M_construct_auxIPcEEvT_S7_St12__false_type
FNDA:0,_ZNSt7__cxx1112basic_stringIcSt11char_traitsIcESaIcEE16_M_construct_auxIPKcEEvT_S8_St12__false_type
FNDA:0,_ZStplIcSt11char_traitsIcESaIcEENSt7__cxx1112basic_stringIT_T0_T1_EEOS8_PKS5_
FNDA:0,_ZNSt7__cxx1112basic_stringIcSt11char_traitsIcESaIcEE12_M_constructIPKcEEvT_S8_
FNDA:0,_ZNSt7__cxx1112basic_stringIcSt11char_traitsIcESaIcEE12_M_constructIPcEEvT_S7_
FNF:5
FNH:0
DA:243,0
DA:247,0
DA:248,0
DA:263,0
DA:266,0
DA:267,0
DA:6121,0
DA:6123,0
LF:8
LH:0
end_of_record
TN:
SF:/usr/include/c++/9/bits/basic_string.tcc
FN:206,_ZNSt7__cxx1112basic_stringIcSt11char_traitsIcESaIcEE12_M_constructIPcEEvT_S7_St20forward_iterator_tag
FN:206,_ZNSt7__cxx1112basic_stringIcSt11char_traitsIcESaIcEE12_M_constructIPKcEEvT_S8_St20forward_iterator_tag
FN:1158,_ZStplIcSt11char_traitsIcESaIcEENSt7__cxx1112basic_stringIT_T0_T1_EEPKS5_RKS8_
FNDA:0,_ZStplIcSt11char_traitsIcESaIcEENSt7__cxx1112basic_stringIT_T0_T1_EEPKS5_RKS8_
FNDA:0,_ZNSt7__cxx1112basic_stringIcSt11char_traitsIcESaIcEE12_M_constructIPKcEEvT_S8_St20forward_iterator_tag
FNDA:0,_ZNSt7__cxx1112basic_stringIcSt11char_traitsIcESaIcEE12_M_constructIPcEEvT_S7_St20forward_iterator_tag
FNF:3
FNH:0
DA:206,0
DA:211,0
DA:212,0
DA:215,0
DA:217,0
DA:219,0
DA:220,0
DA:225,0
DA:226,0
DA:228,0
DA:229,0
DA:232,0
DA:233,0
DA:1158,0
DA:1164,0
DA:1165,0
DA:1166,0
DA:1167,0
DA:1168,0
DA:1169,0
LF:20
LH:0
end_of_record
TN:
SF:/usr/include/c++/9/bits/char_traits.h
FN:329,_ZNSt11char_traitsIcE6lengthEPKc
FN:361,_ZNSt11char_traitsIcE4copyEPcPKcm
FNDA:0,_ZNSt11char_traitsIcE4copyEPcPKcm
FNDA:0,_ZNSt11char_traitsIcE6lengthEPKc
FNF:2
FNH:0
DA:329,0
DA:335,0
DA:361,0
DA:363,0
DA:364,0
DA:365,0
LF:6
LH:0
end_of_record
TN:
SF:/usr/include/c++/9/bits/cpp_type_traits.h
FN:428,_ZSt12__miter_baseIPlET_S1_
FNDA:0,_ZSt12__miter_baseIPlET_S1_
FNF:1
FNH:0
DA:428,0
DA:429,0
LF:2
LH:0
end_of_record
TN:
SF:/usr/include/c++/9/bits/move.h
FN:47,_ZSt11__addressofINSt7__cxx1112basic_stringIcSt11char_traitsIcESaIcEEEEPT_RS6_
FN:47,_ZSt11__addressofI14s_wireconn_infEPT_RS1_
FN:47,_ZSt11__addressofI17s_switchblock_infEPT_RS1_
FN:74,_ZSt7forwardIlEOT_RNSt16remove_referenceIS0_E4typeE
FN:99,_ZSt4moveIRSt6vectorIlSaIlEEEONSt16remove_referenceIT_E4typeEOS5_
FN:99,_ZSt4moveIRSaIlEEONSt16remove_referenceIT_E4typeEOS3_
FN:99,_ZSt4moveIRSaIcEEONSt16remove_referenceIT_E4typeEOS3_
FN:99,_ZSt4moveIRNSt7__cxx1112basic_stringIcSt11char_traitsIcESaIcEEEEONSt16remove_referenceIT_E4typeEOS8_
FN:99,_ZSt4moveIRlEONSt16remove_referenceIT_E4typeEOS2_
FNDA:0,_ZSt11__addressofI14s_wireconn_infEPT_RS1_
FNDA:0,_ZSt4moveIRSaIcEEONSt16remove_referenceIT_E4typeEOS3_
FNDA:816,_ZSt11__addressofINSt7__cxx1112basic_stringIcSt11char_traitsIcESaIcEEEEPT_RS6_
FNDA:17,_ZSt4moveIRSt6vectorIlSaIlEEEONSt16remove_referenceIT_E4typeEOS5_
FNDA:17,_ZSt4moveIRSaIlEEONSt16remove_referenceIT_E4typeEOS3_
FNDA:41752,_ZSt7forwardIlEOT_RNSt16remove_referenceIS0_E4typeE
FNDA:13855,_ZSt4moveIRlEONSt16remove_referenceIT_E4typeEOS2_
FNDA:0,_ZSt11__addressofI17s_switchblock_infEPT_RS1_
FNDA:204,_ZSt4moveIRNSt7__cxx1112basic_stringIcSt11char_traitsIcESaIcEEEEONSt16remove_referenceIT_E4typeEOS8_
FNF:9
FNH:6
DA:47,816
DA:48,816
DA:74,41752
DA:75,41752
DA:99,14093
DA:100,14093
LF:6
LH:6
end_of_record
TN:
SF:/usr/include/c++/9/bits/predefined_ops.h
FN:64,_ZNK9__gnu_cxx5__ops14_Iter_less_valclINS_17__normal_iteratorIPKlSt6vectorIlSaIlEEEES4_EEbT_RT0_
FN:69,_ZN9__gnu_cxx5__ops15__iter_less_valEv
FNDA:2788,_ZN9__gnu_cxx5__ops15__iter_less_valEv
FNDA:27183,_ZNK9__gnu_cxx5__ops14_Iter_less_valclINS_17__normal_iteratorIPKlSt6vectorIlSaIlEEEES4_EEbT_RT0_
FNF:2
FNH:2
DA:64,27183
DA:65,27183
DA:69,2788
DA:70,2788
LF:4
LH:4
end_of_record
TN:
SF:/usr/include/c++/9/bits/std_abs.h
FN:61,_ZSt3absx
FNDA:3841,_ZSt3absx
FNF:1
FNH:1
DA:61,3841
LF:1
LH:1
end_of_record
TN:
SF:/usr/include/c++/9/bits/stl_algobase.h
FN:198,_ZSt3minImERKT_S2_S2_
FN:222,_ZSt3maxImERKT_S2_S2_
FN:280,_ZSt12__niter_baseIPlET_S1_
FN:295,_ZSt12__niter_wrapIPlET_RKS1_S1_
FN:375,_ZNSt11__copy_moveILb1ELb1ESt26random_access_iterator_tagE8__copy_mIlEEPT_PKS3_S6_S4_
FN:393,_ZSt13__copy_move_aILb1EPlS0_ET1_T0_S2_S1_
FN:438,_ZSt14__copy_move_a2ILb1EPlS0_ET1_T0_S2_S1_
FN:465,_ZSt4copyISt13move_iteratorIPlES1_ET0_T_S4_S3_
FN:966,_ZSt13__lower_boundIN9__gnu_cxx17__normal_iteratorIPKlSt6vectorIlSaIlEEEElNS0_5__ops14_Iter_less_valEET_SA_SA_RKT0_T1_
FN:1004,_ZSt11lower_boundIN9__gnu_cxx17__normal_iteratorIPKlSt6vectorIlSaIlEEEElET_S8_S8_RKT0_
FNDA:0,_ZSt14__copy_move_a2ILb1EPlS0_ET1_T0_S2_S1_
FNDA:1122,_ZSt12__niter_baseIPlET_S1_
FNDA:0,_ZSt13__copy_move_aILb1EPlS0_ET1_T0_S2_S1_
FNDA:0,_ZSt4copyISt13move_iteratorIPlES1_ET0_T_S4_S3_
FNDA:2788,_ZSt13__lower_boundIN9__gnu_cxx17__normal_iteratorIPKlSt6vectorIlSaIlEEEElNS0_5__ops14_Iter_less_valEET_SA_SA_RKT0_T1_
FNDA:0,_ZSt12__niter_wrapIPlET_RKS1_S1_
FNDA:391,_ZSt3maxImERKT_S2_S2_
FNDA:2788,_ZSt11lower_boundIN9__gnu_cxx17__normal_iteratorIPKlSt6vectorIlSaIlEEEElET_S8_S8_RKT0_
FNDA:782,_ZSt3minImERKT_S2_S2_
FNDA:0,_ZNSt11__copy_moveILb1ELb1ESt26random_access_iterator_tagE8__copy_mIlEEPT_PKS3_S6_S4_
FNF:10
FNH:5
DA:198,782
DA:203,782
DA:204,0
DA:205,782
DA:222,391
DA:227,391
DA:228,85
DA:229,306
DA:280,1122
DA:282,1122
DA:295,0
DA:296,0
DA:375,0
DA:384,0
DA:385,0
DA:386,0
DA:387,0
DA:393,0
DA:398,0
DA:404,0
DA:438,0
DA:440,0
DA:443,0
DA:465,0
DA:474,0
DA:966,2788
DA:972,2788
DA:974,29971
DA:976,27183
DA:977,27183
DA:978,27183
DA:979,27183
DA:981,13073
DA:982,13073
DA:983,13073
DA:986,14110
DA:988,2788
DA:1004,2788
DA:1013,2788
DA:1014,5576
LF:40
LH:24
end_of_record
TN:
SF:/usr/include/c++/9/bits/stl_construct.h
FN:97,_ZSt8_DestroyINSt7__cxx1112basic_stringIcSt11char_traitsIcESaIcEEEEvPT_
FN:97,_ZSt8_DestroyI14s_wireconn_infEvPT_
FN:97,_ZSt8_DestroyI17s_switchblock_infEvPT_
FN:105,_ZNSt12_Destroy_auxILb0EE9__destroyIPNSt7__cxx1112basic_stringIcSt11char_traitsIcESaIcEEEEEvT_S9_
FN:105,_ZNSt12_Destroy_auxILb0EE9__destroyIP17s_switchblock_infEEvT_S4_
FN:105,_ZNSt12_Destroy_auxILb0EE9__destroyIP14s_wireconn_infEEvT_S4_
FN:117,_ZNSt12_Destroy_auxILb1EE9__destroyIPiEEvT_S3_
FN:117,_ZNSt12_Destroy_auxILb1EE9__destroyIPlEEvT_S3_
FN:127,_ZSt8_DestroyIPiEvT_S1_
FN:127,_ZSt8_DestroyIP14s_wireconn_infEvT_S2_
FN:127,_ZSt8_DestroyIPNSt7__cxx1112basic_stringIcSt11char_traitsIcESaIcEEEEvT_S7_
FN:127,_ZSt8_DestroyIPlEvT_S1_
FN:127,_ZSt8_DestroyIP17s_switchblock_infEvT_S2_
FN:203,_ZSt8_DestroyIP14s_wireconn_infS0_EvT_S2_RSaIT0_E
FN:203,_ZSt8_DestroyIPNSt7__cxx1112basic_stringIcSt11char_traitsIcESaIcEEES5_EvT_S7_RSaIT0_E
FN:203,_ZSt8_DestroyIPiiEvT_S1_RSaIT0_E
FN:203,_ZSt8_DestroyIPllEvT_S1_RSaIT0_E
FN:203,_ZSt8_DestroyIP17s_switchblock_infS0_EvT_S2_RSaIT0_E
FNDA:51,_ZSt8_DestroyIPllEvT_S1_RSaIT0_E
FNDA:35,_ZSt8_DestroyIP17s_switchblock_infEvT_S2_
FNDA:0,_ZNSt12_Destroy_auxILb0EE9__destroyIP14s_wireconn_infEEvT_S4_
FNDA:0,_ZSt8_DestroyIPiiEvT_S1_RSaIT0_E
FNDA:0,_ZSt8_DestroyI17s_switchblock_infEvPT_
FNDA:35,_ZSt8_DestroyIP17s_switchblock_infS0_EvT_S2_RSaIT0_E
FNDA:204,_ZSt8_DestroyINSt7__cxx1112basic_stringIcSt11char_traitsIcESaIcEEEEvPT_
FNDA:0,_ZSt8_DestroyI14s_wireconn_infEvPT_
FNDA:0,_ZSt8_DestroyIP14s_wireconn_infEvT_S2_
FNDA:68,_ZSt8_DestroyIPNSt7__cxx1112basic_stringIcSt11char_traitsIcESaIcEEES5_EvT_S7_RSaIT0_E
FNDA:68,_ZNSt12_Destroy_auxILb0EE9__destroyIPNSt7__cxx1112basic_stringIcSt11char_traitsIcESaIcEEEEEvT_S9_
FNDA:0,_ZSt8_DestroyIPiEvT_S1_
FNDA:0,_ZSt8_DestroyIP14s_wireconn_infS0_EvT_S2_RSaIT0_E
FNDA:35,_ZNSt12_Destroy_auxILb0EE9__destroyIP17s_switchblock_infEEvT_S4_
FNDA:51,_ZNSt12_Destroy_auxILb1EE9__destroyIPlEEvT_S3_
FNDA:0,_ZNSt12_Destroy_auxILb1EE9__destroyIPiEEvT_S3_
FNDA:51,_ZSt8_DestroyIPlEvT_S1_
FNDA:68,_ZSt8_DestroyIPNSt7__cxx1112basic_stringIcSt11char_traitsIcESaIcEEEEvT_S7_
FNF:18
FNH:10
DA:97,204
DA:98,204
DA:105,307
DA:107,307
DA:108,204
DA:109,103
DA:117,51
DA:127,154
DA:137,154
DA:138,154
DA:203,154
DA:206,154
DA:207,154
LF:13
LH:13
end_of_record
TN:
SF:/usr/include/c++/9/bits/stl_iterator.h
FN:806,_ZN9__gnu_cxx17__normal_iteratorIPlSt6vectorIlSaIlEEEC2ERKS1_
FN:806,_ZN9__gnu_cxx17__normal_iteratorIPKlSt6vectorIlSaIlEEEC2ERKS2_
FN:819,_ZNK9__gnu_cxx17__normal_iteratorIPKlSt6vectorIlSaIlEEEdeEv
FN:827,_ZN9__gnu_cxx17__normal_iteratorIPKlSt6vectorIlSaIlEEEppEv
FN:855,_ZN9__gnu_cxx17__normal_iteratorIPKlSt6vectorIlSaIlEEEpLEl
FN:871,_ZNK9__gnu_cxx17__normal_iteratorIPKlSt6vectorIlSaIlEEE4baseEv
FN:871,_ZNK9__gnu_cxx17__normal_iteratorIPlSt6vectorIlSaIlEEE4baseEv
FN:989,_ZN9__gnu_cxxmiIPlSt6vectorIlSaIlEEEENS_17__normal_iteratorIT_T0_E15difference_typeERKS8_SB_
FN:989,_ZN9__gnu_cxxmiIPKlSt6vectorIlSaIlEEEENS_17__normal_iteratorIT_T0_E15difference_typeERKS9_SC_
FN:1057,_ZNSt13move_iteratorIPlEC2ES0_
FN:1066,_ZNKSt13move_iteratorIPlE4baseEv
FN:1242,_ZSt32__make_move_if_noexcept_iteratorIlSt13move_iteratorIPlEET0_PT_
FN:1262,_ZSt12__miter_baseIPlEDTcl12__miter_basecldtfp_4baseEEESt13move_iteratorIT_E
FNDA:27183,_ZN9__gnu_cxx17__normal_iteratorIPKlSt6vectorIlSaIlEEEpLEl
FNDA:5576,_ZN9__gnu_cxxmiIPKlSt6vectorIlSaIlEEEENS_17__normal_iteratorIT_T0_E15difference_typeERKS9_SC_
FNDA:748,_ZNK9__gnu_cxx17__normal_iteratorIPlSt6vectorIlSaIlEEE4baseEv
FNDA:8364,_ZN9__gnu_cxx17__normal_iteratorIPKlSt6vectorIlSaIlEEEC2ERKS2_
FNDA:0,_ZSt32__make_move_if_noexcept_iteratorIlSt13move_iteratorIPlEET0_PT_
FNDA:0,_ZNKSt13move_iteratorIPlE4baseEv
FNDA:11152,_ZNK9__gnu_cxx17__normal_iteratorIPKlSt6vectorIlSaIlEEE4baseEv
FNDA:27183,_ZNK9__gnu_cxx17__normal_iteratorIPKlSt6vectorIlSaIlEEEdeEv
FNDA:13073,_ZN9__gnu_cxx17__normal_iteratorIPKlSt6vectorIlSaIlEEEppEv
FNDA:0,_ZNSt13move_iteratorIPlEC2ES0_
FNDA:187,_ZN9__gnu_cxxmiIPlSt6vectorIlSaIlEEEENS_17__normal_iteratorIT_T0_E15difference_typeERKS8_SB_
FNDA:0,_ZSt12__miter_baseIPlEDTcl12__miter_basecldtfp_4baseEEESt13move_iteratorIT_E
FNDA:374,_ZN9__gnu_cxx17__normal_iteratorIPlSt6vectorIlSaIlEEEC2ERKS1_
FNF:13
FNH:9
DA:806,8738
DA:807,8738
DA:819,27183
DA:820,27183
DA:827,13073
DA:829,13073
DA:830,13073
DA:855,27183
DA:856,27183
DA:871,11900
DA:872,11900
DA:989,5763
DA:992,5763
DA:1057,0
DA:1058,0
DA:1066,0
DA:1067,0
DA:1242,0
DA:1243,0
DA:1262,0
DA:1264,0
LF:21
LH:13
end_of_record
TN:
SF:/usr/include/c++/9/bits/stl_iterator_base_funcs.h
FN:98,_ZSt10__distanceIPcENSt15iterator_traitsIT_E15difference_typeES2_S2_St26random_access_iterator_tag
FN:98,_ZSt10__distanceIPKcENSt15iterator_traitsIT_E15difference_typeES3_S3_St26random_access_iterator_tag
FN:98,_ZSt10__distanceIN9__gnu_cxx17__normal_iteratorIPKlSt6vectorIlSaIlEEEEENSt15iterator_traitsIT_E15difference_typeES9_S9_St26random_access_iterator_tag
FN:138,_ZSt8distanceIN9__gnu_cxx17__normal_iteratorIPKlSt6vectorIlSaIlEEEEENSt15iterator_traitsIT_E15difference_typeES9_S9_
FN:138,_ZSt8distanceIPcENSt15iterator_traitsIT_E15difference_typeES2_S2_
FN:138,_ZSt8distanceIPKcENSt15iterator_traitsIT_E15difference_typeES3_S3_
FN:174,_ZSt9__advanceIN9__gnu_cxx17__normal_iteratorIPKlSt6vectorIlSaIlEEEElEvRT_T0_St26random_access_iterator_tag
FN:202,_ZSt7advanceIN9__gnu_cxx17__normal_iteratorIPKlSt6vectorIlSaIlEEEElEvRT_T0_
FNDA:2788,_ZSt10__distanceIN9__gnu_cxx17__normal_iteratorIPKlSt6vectorIlSaIlEEEEENSt15iterator_traitsIT_E15difference_typeES9_S9_St26random_access_iterator_tag
FNDA:27183,_ZSt7advanceIN9__gnu_cxx17__normal_iteratorIPKlSt6vectorIlSaIlEEEElEvRT_T0_
FNDA:0,_ZSt8distanceIPKcENSt15iterator_traitsIT_E15difference_typeES3_S3_
FNDA:27183,_ZSt9__advanceIN9__gnu_cxx17__normal_iteratorIPKlSt6vectorIlSaIlEEEElEvRT_T0_St26random_access_iterator_tag
FNDA:0,_ZSt8distanceIPcENSt15iterator_traitsIT_E15difference_typeES2_S2_
FNDA:2788,_ZSt8distanceIN9__gnu_cxx17__normal_iteratorIPKlSt6vectorIlSaIlEEEEENSt15iterator_traitsIT_E15difference_typeES9_S9_
FNDA:0,_ZSt10__distanceIPcENSt15iterator_traitsIT_E15difference_typeES2_S2_St26random_access_iterator_tag
FNDA:0,_ZSt10__distanceIPKcENSt15iterator_traitsIT_E15difference_typeES3_S3_St26random_access_iterator_tag
FNF:8
FNH:4
DA:98,2788
DA:104,2788
DA:138,2788
DA:141,2788
DA:142,5576
DA:174,27183
DA:185,27183
DA:186,27183
DA:202,27183
DA:205,27183
DA:206,27183
DA:207,27183
LF:12
LH:12
end_of_record
TN:
SF:/usr/include/c++/9/bits/stl_iterator_base_types.h
FN:205,_ZSt19__iterator_categoryIPKcENSt15iterator_traitsIT_E17iterator_categoryERKS3_
FN:205,_ZSt19__iterator_categoryIN9__gnu_cxx17__normal_iteratorIPKlSt6vectorIlSaIlEEEEENSt15iterator_traitsIT_E17iterator_categoryERKS9_
FN:205,_ZSt19__iterator_categoryIPcENSt15iterator_traitsIT_E17iterator_categoryERKS2_
FNDA:0,_ZSt19__iterator_categoryIPcENSt15iterator_traitsIT_E17iterator_categoryERKS2_
FNDA:0,_ZSt19__iterator_categoryIPKcENSt15iterator_traitsIT_E17iterator_categoryERKS3_
FNDA:29971,_ZSt19__iterator_categoryIN9__gnu_cxx17__normal_iteratorIPKlSt6vectorIlSaIlEEEEENSt15iterator_traitsIT_E17iterator_categoryERKS9_
FNF:3
FNH:1
DA:205,29971
DA:206,29971
LF:2
LH:2
end_of_record
TN:
SF:/usr/include/c++/9/bits/stl_map.h
FN:300,_ZNSt3mapI18SB_Side_ConnectionSt6vectorINSt7__cxx1112basic_stringIcSt11char_traitsIcESaIcEEESaIS7_EESt4lessIS0_ESaISt4pairIKS0_S9_EEED2Ev
FNDA:0,_ZNSt3mapI18SB_Side_ConnectionSt6vectorINSt7__cxx1112basic_stringIcSt11char_traitsIcESaIcEEESaIS7_EESt4lessIS0_ESaISt4pairIKS0_S9_EEED2Ev
FNF:1
FNH:0
DA:300,0
LF:1
LH:0
end_of_record
TN:
SF:/usr/include/c++/9/bits/stl_tree.h
FN:234,_ZNSt13_Rb_tree_nodeISt4pairIK18SB_Side_ConnectionSt6vectorINSt7__cxx1112basic_stringIcSt11char_traitsIcESaIcEEESaIS9_EEEE9_M_valptrEv
FN:566,_ZNSt8_Rb_treeI18SB_Side_ConnectionSt4pairIKS0_St6vectorINSt7__cxx1112basic_stringIcSt11char_traitsIcESaIcEEESaIS9_EEESt10_Select1stISC_ESt4lessIS0_ESaISC_EE21_M_get_Node_allocatorEv
FN:583,_ZNSt8_Rb_treeI18SB_Side_ConnectionSt4pairIKS0_St6vectorINSt7__cxx1112basic_stringIcSt11char_traitsIcESaIcEEESaIS9_EEESt10_Select1stISC_ESt4lessIS0_ESaISC_EE11_M_put_nodeEPSt13_Rb_tree_nodeISC_E
FN:637,_ZNSt8_Rb_treeI18SB_Side_ConnectionSt4pairIKS0_St6vectorINSt7__cxx1112basic_stringIcSt11char_traitsIcESaIcEEESaIS9_EEESt10_Select1stISC_ESt4lessIS0_ESaISC_EE15_M_destroy_nodeEPSt13_Rb_tree_nodeISC_E
FN:648,_ZNSt8_Rb_treeI18SB_Side_ConnectionSt4pairIKS0_St6vectorINSt7__cxx1112basic_stringIcSt11char_traitsIcESaIcEEESaIS9_EEESt10_Select1stISC_ESt4lessIS0_ESaISC_EE12_M_drop_nodeEPSt13_Rb_tree_nodeISC_E
FN:744,_ZNSt8_Rb_treeI18SB_Side_ConnectionSt4pairIKS0_St6vectorINSt7__cxx1112basic_stringIcSt11char_traitsIcESaIcEEESaIS9_EEESt10_Select1stISC_ESt4lessIS0_ESaISC_EE8_M_beginEv
FN:789,_ZNSt8_Rb_treeI18SB_Side_ConnectionSt4pairIKS0_St6vectorINSt7__cxx1112basic_stringIcSt11char_traitsIcESaIcEEESaIS9_EEESt10_Select1stISC_ESt4lessIS0_ESaISC_EE7_S_leftEPSt18_Rb_tree_node_base
FN:797,_ZNSt8_Rb_treeI18SB_Side_ConnectionSt4pairIKS0_St6vectorINSt7__cxx1112basic_stringIcSt11char_traitsIcESaIcEEESaIS9_EEESt10_Select1stISC_ESt4lessIS0_ESaISC_EE8_S_rightEPSt18_Rb_tree_node_base
FN:994,_ZNSt8_Rb_treeI18SB_Side_ConnectionSt4pairIKS0_St6vectorINSt7__cxx1112basic_stringIcSt11char_traitsIcESaIcEEESaIS9_EEESt10_Select1stISC_ESt4lessIS0_ESaISC_EED2Ev
FN:1907,_ZNSt8_Rb_treeI18SB_Side_ConnectionSt4pairIKS0_St6vectorINSt7__cxx1112basic_stringIcSt11char_traitsIcESaIcEEESaIS9_EEESt10_Select1stISC_ESt4lessIS0_ESaISC_EE8_M_eraseEPSt13_Rb_tree_nodeISC_E
FNDA:0,_ZNSt8_Rb_treeI18SB_Side_ConnectionSt4pairIKS0_St6vectorINSt7__cxx1112basic_stringIcSt11char_traitsIcESaIcEEESaIS9_EEESt10_Select1stISC_ESt4lessIS0_ESaISC_EE21_M_get_Node_allocatorEv
FNDA:0,_ZNSt8_Rb_treeI18SB_Side_ConnectionSt4pairIKS0_St6vectorINSt7__cxx1112basic_stringIcSt11char_traitsIcESaIcEEESaIS9_EEESt10_Select1stISC_ESt4lessIS0_ESaISC_EE7_S_leftEPSt18_Rb_tree_node_base
FNDA:0,_ZNSt8_Rb_treeI18SB_Side_ConnectionSt4pairIKS0_St6vectorINSt7__cxx1112basic_stringIcSt11char_traitsIcESaIcEEESaIS9_EEESt10_Select1stISC_ESt4lessIS0_ESaISC_EE8_M_eraseEPSt13_Rb_tree_nodeISC_E
FNDA:0,_ZNSt13_Rb_tree_nodeISt4pairIK18SB_Side_ConnectionSt6vectorINSt7__cxx1112basic_stringIcSt11char_traitsIcESaIcEEESaIS9_EEEE9_M_valptrEv
FNDA:0,_ZNSt8_Rb_treeI18SB_Side_ConnectionSt4pairIKS0_St6vectorINSt7__cxx1112basic_stringIcSt11char_traitsIcESaIcEEESaIS9_EEESt10_Select1stISC_ESt4lessIS0_ESaISC_EE12_M_drop_nodeEPSt13_Rb_tree_nodeISC_E
FNDA:0,_ZNSt8_Rb_treeI18SB_Side_ConnectionSt4pairIKS0_St6vectorINSt7__cxx1112basic_stringIcSt11char_traitsIcESaIcEEESaIS9_EEESt10_Select1stISC_ESt4lessIS0_ESaISC_EE15_M_destroy_nodeEPSt13_Rb_tree_nodeISC_E
FNDA:0,_ZNSt8_Rb_treeI18SB_Side_ConnectionSt4pairIKS0_St6vectorINSt7__cxx1112basic_stringIcSt11char_traitsIcESaIcEEESaIS9_EEESt10_Select1stISC_ESt4lessIS0_ESaISC_EE8_M_beginEv
FNDA:0,_ZNSt8_Rb_treeI18SB_Side_ConnectionSt4pairIKS0_St6vectorINSt7__cxx1112basic_stringIcSt11char_traitsIcESaIcEEESaIS9_EEESt10_Select1stISC_ESt4lessIS0_ESaISC_EE11_M_put_nodeEPSt13_Rb_tree_nodeISC_E
FNDA:0,_ZNSt8_Rb_treeI18SB_Side_ConnectionSt4pairIKS0_St6vectorINSt7__cxx1112basic_stringIcSt11char_traitsIcESaIcEEESaIS9_EEESt10_Select1stISC_ESt4lessIS0_ESaISC_EED2Ev
FNDA:0,_ZNSt8_Rb_treeI18SB_Side_ConnectionSt4pairIKS0_St6vectorINSt7__cxx1112basic_stringIcSt11char_traitsIcESaIcEEESaIS9_EEESt10_Select1stISC_ESt4lessIS0_ESaISC_EE8_S_rightEPSt18_Rb_tree_node_base
FNF:10
FNH:0
DA:234,0
DA:235,0
DA:566,0
DA:567,0
DA:583,0
DA:584,0
DA:637,0
DA:642,0
DA:643,0
DA:645,0
DA:648,0
DA:650,0
DA:651,0
DA:652,0
DA:744,0
DA:745,0
DA:789,0
DA:790,0
DA:797,0
DA:798,0
DA:994,0
DA:995,0
DA:1907,0
DA:1911,0
DA:1913,0
DA:1914,0
DA:1915,0
DA:1916,0
DA:1918,0
LF:29
LH:0
end_of_record
TN:
SF:/usr/include/c++/9/bits/stl_uninitialized.h
FN:99,_ZNSt20__uninitialized_copyILb1EE13__uninit_copyISt13move_iteratorIPlES3_EET0_T_S6_S5_
FN:115,_ZSt18uninitialized_copyISt13move_iteratorIPlES1_ET0_T_S4_S3_
FN:305,_ZSt22__uninitialized_copy_aISt13move_iteratorIPlES1_lET0_T_S4_S3_RSaIT1_E
FN:323,_ZSt34__uninitialized_move_if_noexcept_aIPlS0_SaIlEET0_T_S3_S2_RT1_
FN:924,_ZSt14__relocate_a_1IllENSt9enable_ifIXsrSt24__is_bitwise_relocatableIT_vE5valueEPS2_E4typeES4_S4_S4_RSaIT0_E
FN:958,_ZSt12__relocate_aIPlS0_SaIlEET0_T_S3_S2_RT1_
FNDA:0,_ZSt18uninitialized_copyISt13move_iteratorIPlES1_ET0_T_S4_S3_
FNDA:374,_ZSt12__relocate_aIPlS0_SaIlEET0_T_S3_S2_RT1_
FNDA:0,_ZNSt20__uninitialized_copyILb1EE13__uninit_copyISt13move_iteratorIPlES3_EET0_T_S6_S5_
FNDA:374,_ZSt14__relocate_a_1IllENSt9enable_ifIXsrSt24__is_bitwise_relocatableIT_vE5valueEPS2_E4typeES4_S4_S4_RSaIT0_E
FNDA:0,_ZSt22__uninitialized_copy_aISt13move_iteratorIPlES1_lET0_T_S4_S3_RSaIT1_E
FNDA:0,_ZSt34__uninitialized_move_if_noexcept_aIPlS0_SaIlEET0_T_S3_S2_RT1_
FNF:6
FNH:2
DA:99,0
DA:101,0
DA:115,0
DA:134,0
DA:140,0
DA:305,0
DA:307,0
DA:323,0
DA:329,0
DA:330,0
DA:924,374
DA:927,374
DA:928,374
DA:929,170
DA:930,374
DA:958,374
DA:964,374
DA:966,374
LF:18
LH:8
end_of_record
TN:
SF:/usr/include/c++/9/bits/stl_vector.h
FN:94,_ZNSt12_Vector_baseIlSaIlEE17_Vector_impl_dataC2Ev
FN:94,_ZNSt12_Vector_baseI17s_switchblock_infSaIS0_EE17_Vector_impl_dataC2Ev
FN:106,_ZNSt12_Vector_baseIlSaIlEE17_Vector_impl_data12_M_copy_dataERKS2_
FN:114,_ZNSt12_Vector_baseIlSaIlEE17_Vector_impl_data12_M_swap_dataERS2_
FN:128,_ZNSt12_Vector_baseI17s_switchblock_infSaIS0_EE12_Vector_implC2Ev
FN:128,_ZNSt12_Vector_baseIlSaIlEE12_Vector_implC2Ev
FN:133,_ZNSt12_Vector_baseIlSaIlEE12_Vector_implC2ERKS0_
FN:273,_ZNSt12_Vector_baseIiSaIiEE19_M_get_Tp_allocatorEv
FN:273,_ZNSt12_Vector_baseINSt7__cxx1112basic_stringIcSt11char_traitsIcESaIcEEESaIS5_EE19_M_get_Tp_allocatorEv
FN:273,_ZNSt12_Vector_baseI17s_switchblock_infSaIS0_EE19_M_get_Tp_allocatorEv
FN:273,_ZNSt12_Vector_baseIlSaIlEE19_M_get_Tp_allocatorEv
FN:273,_ZNSt12_Vector_baseI14s_wireconn_infSaIS0_EE19_M_get_Tp_allocatorEv
FN:277,_ZNKSt12_Vector_baseIlSaIlEE19_M_get_Tp_allocatorEv
FN:281,_ZNKSt12_Vector_baseIlSaIlEE13get_allocatorEv
FN:285,_ZNSt12_Vector_baseI17s_switchblock_infSaIS0_EEC2Ev
FN:285,_ZNSt12_Vector_baseIlSaIlEEC2Ev
FN:290,_ZNSt12_Vector_baseIlSaIlEEC2ERKS0_
FN:330,_ZNSt12_Vector_baseI14s_wireconn_infSaIS0_EED2Ev
FN:330,_ZNSt12_Vector_baseIiSaIiEED2Ev
FN:330,_ZNSt12_Vector_baseINSt7__cxx1112basic_stringIcSt11char_traitsIcESaIcEEESaIS5_EED2Ev
FN:330,_ZNSt12_Vector_baseIlSaIlEED2Ev
FN:330,_ZNSt12_Vector_baseI17s_switchblock_infSaIS0_EED2Ev
FN:340,_ZNSt12_Vector_baseIlSaIlEE11_M_allocateEm
FN:347,_ZNSt12_Vector_baseI14s_wireconn_infSaIS0_EE13_M_deallocateEPS0_m
FN:347,_ZNSt12_Vector_baseINSt7__cxx1112basic_stringIcSt11char_traitsIcESaIcEEESaIS5_EE13_M_deallocateEPS5_m
FN:347,_ZNSt12_Vector_baseI17s_switchblock_infSaIS0_EE13_M_deallocateEPS0_m
FN:347,_ZNSt12_Vector_baseIlSaIlEE13_M_deallocateEPlm
FN:347,_ZNSt12_Vector_baseIiSaIiEE13_M_deallocateEPim
FN:428,_ZNSt6vectorIlSaIlEE19_S_nothrow_relocateESt17integral_constantIbLb1EE
FN:441,_ZNSt6vectorIlSaIlEE15_S_use_relocateEv
FN:450,_ZNSt6vectorIlSaIlEE14_S_do_relocateEPlS2_S2_RS0_St17integral_constantIbLb1EE
FN:462,_ZNSt6vectorIlSaIlEE11_S_relocateEPlS2_S2_RS0_
FN:484,_ZNSt6vectorI17s_switchblock_infSaIS0_EEC2Ev
FN:484,_ZNSt6vectorIlSaIlEEC2Ev
FN:494,_ZNSt6vectorIlSaIlEEC2ERKS0_
FN:675,_ZNSt6vectorIlSaIlEED2Ev
FN:675,_ZNSt6vectorI14s_wireconn_infSaIS0_EED2Ev
FN:675,_ZNSt6vectorIiSaIiEED2Ev
FN:675,_ZNSt6vectorINSt7__cxx1112basic_stringIcSt11char_traitsIcESaIcEEESaIS5_EED2Ev
FN:675,_ZNSt6vectorI17s_switchblock_infSaIS0_EED2Ev
FN:706,_ZNSt6vectorIlSaIlEEaSEOS1_
FN:808,_ZNSt6vectorIlSaIlEE5beginEv
FN:817,_ZNKSt6vectorIlSaIlEE5beginEv
FN:826,_ZNSt6vectorIlSaIlEE3endEv
FN:835,_ZNKSt6vectorIlSaIlEE3endEv
FN:915,_ZNKSt6vectorIlSaIlEE4sizeEv
FN:920,_ZNKSt6vectorIlSaIlEE8max_sizeEv
FN:1200,_ZNSt6vectorIlSaIlEE9push_backEOl
FN:1753,_ZNKSt6vectorIlSaIlEE12_M_check_lenEmPKc
FN:1773,_ZNSt6vectorIlSaIlEE11_S_max_sizeERKS0_
FN:1812,_ZNSt6vectorIlSaIlEE14_M_move_assignEOS1_St17integral_constantIbLb1EE
FNDA:51,_ZNSt6vectorIlSaIlEED2Ev
FNDA:85,_ZNSt12_Vector_baseIlSaIlEE17_Vector_impl_dataC2Ev
FNDA:5576,_ZNKSt6vectorIlSaIlEE5beginEv
FNDA:34,_ZNSt12_Vector_baseIlSaIlEE17_Vector_impl_data12_M_swap_dataERS2_
FNDA:0,_ZNSt12_Vector_baseI14s_wireconn_infSaIS0_EE13_M_deallocateEPS0_m
FNDA:17,_ZNKSt12_Vector_baseIlSaIlEE13get_allocatorEv
FNDA:18,_ZNSt12_Vector_baseI17s_switchblock_infSaIS0_EEC2Ev
FNDA:0,_ZNSt6vectorI14s_wireconn_infSaIS0_EED2Ev
FNDA:0,_ZNSt12_Vector_baseIiSaIiEE19_M_get_Tp_allocatorEv
FNDA:18,_ZNSt6vectorI17s_switchblock_infSaIS0_EEC2Ev
FNDA:187,_ZNSt6vectorIlSaIlEE5beginEv
FNDA:102,_ZNSt12_Vector_baseIlSaIlEE17_Vector_impl_data12_M_copy_dataERKS2_
FNDA:272,_ZNSt12_Vector_baseINSt7__cxx1112basic_stringIcSt11char_traitsIcESaIcEEESaIS5_EE13_M_deallocateEPS5_m
FNDA:187,_ZNSt12_Vector_baseIlSaIlEE11_M_allocateEm
FNDA:13855,_ZNSt6vectorIlSaIlEE9push_backEOl
FNDA:35,_ZNSt12_Vector_baseI17s_switchblock_infSaIS0_EE17_Vector_impl_dataC2Ev
FNDA:374,_ZNSt6vectorIlSaIlEE11_S_max_sizeERKS0_
FNDA:748,_ZNKSt6vectorIlSaIlEE4sizeEv
FNDA:0,_ZNSt6vectorIiSaIiEED2Ev
FNDA:35,_ZNSt12_Vector_baseI17s_switchblock_infSaIS0_EE13_M_deallocateEPS0_m
FNDA:0,_ZNSt12_Vector_baseI14s_wireconn_infSaIS0_EED2Ev
FNDA:476,_ZNSt12_Vector_baseINSt7__cxx1112basic_stringIcSt11char_traitsIcESaIcEEESaIS5_EE19_M_get_Tp_allocatorEv
FNDA:2788,_ZNKSt6vectorIlSaIlEE3endEv
FNDA:374,_ZNSt6vectorIlSaIlEE11_S_relocateEPlS2_S2_RS0_
FNDA:0,_ZNSt12_Vector_baseIiSaIiEED2Ev
FNDA:374,_ZNSt6vectorIlSaIlEE14_S_do_relocateEPlS2_S2_RS0_St17integral_constantIbLb1EE
FNDA:374,_ZNKSt6vectorIlSaIlEE8max_sizeEv
FNDA:391,_ZNKSt12_Vector_baseIlSaIlEE19_M_get_Tp_allocatorEv
FNDA:35,_ZNSt6vectorI17s_switchblock_infSaIS0_EED2Ev
FNDA:68,_ZNSt6vectorINSt7__cxx1112basic_stringIcSt11char_traitsIcESaIcEEESaIS5_EED2Ev
FNDA:52,_ZNSt12_Vector_baseI17s_switchblock_infSaIS0_EE19_M_get_Tp_allocatorEv
FNDA:238,_ZNSt12_Vector_baseIlSaIlEE13_M_deallocateEPlm
FNDA:34,_ZNSt12_Vector_baseIlSaIlEEC2Ev
FNDA:34,_ZNSt6vectorIlSaIlEEC2Ev
FNDA:17,_ZNSt6vectorIlSaIlEEC2ERKS0_
FNDA:18,_ZNSt12_Vector_baseI17s_switchblock_infSaIS0_EE12_Vector_implC2Ev
FNDA:187,_ZNSt6vectorIlSaIlEE3endEv
FNDA:187,_ZNKSt6vectorIlSaIlEE12_M_check_lenEmPKc
FNDA:17,_ZNSt12_Vector_baseIlSaIlEE12_Vector_implC2ERKS0_
FNDA:68,_ZNSt12_Vector_baseINSt7__cxx1112basic_stringIcSt11char_traitsIcESaIcEEESaIS5_EED2Ev
FNDA:51,_ZNSt12_Vector_baseIlSaIlEED2Ev
FNDA:374,_ZNSt6vectorIlSaIlEE15_S_use_relocateEv
FNDA:17,_ZNSt6vectorIlSaIlEEaSEOS1_
FNDA:459,_ZNSt12_Vector_baseIlSaIlEE19_M_get_Tp_allocatorEv
FNDA:17,_ZNSt12_Vector_baseIlSaIlEEC2ERKS0_
FNDA:374,_ZNSt6vectorIlSaIlEE19_S_nothrow_relocateESt17integral_constantIbLb1EE
FNDA:34,_ZNSt12_Vector_baseIlSaIlEE12_Vector_implC2Ev
FNDA:0,_ZNSt12_Vector_baseIiSaIiEE13_M_deallocateEPim
FNDA:35,_ZNSt12_Vector_baseI17s_switchblock_infSaIS0_EED2Ev
FNDA:17,_ZNSt6vectorIlSaIlEE14_M_move_assignEOS1_St17integral_constantIbLb1EE
FNDA:0,_ZNSt12_Vector_baseI14s_wireconn_infSaIS0_EE19_M_get_Tp_allocatorEv
FNF:51
FNH:43
DA:94,120
DA:95,120
DA:96,120
DA:106,102
DA:108,102
DA:109,102
DA:110,102
DA:111,102
DA:114,34
DA:118,34
DA:119,34
DA:120,34
DA:121,34
DA:122,34
DA:128,52
DA:130,52
DA:131,52
DA:133,17
DA:134,17
DA:135,17
DA:273,987
DA:274,987
DA:277,391
DA:278,391
DA:281,17
DA:282,17
DA:285,52
DA:290,17
DA:291,17
DA:330,154
DA:332,154
DA:333,154
DA:334,154
DA:340,187
DA:343,187
DA:347,545
DA:350,545
DA:351,391
DA:352,545
DA:428,374
DA:433,374
DA:441,374
DA:446,374
DA:450,374
DA:453,374
DA:462,374
DA:466,374
DA:484,52
DA:494,17
DA:495,17
DA:675,154
DA:677,154
DA:678,154
DA:680,154
DA:706,17
DA:708,17
DA:711,17
DA:712,17
DA:808,187
DA:809,187
DA:817,5576
DA:818,5576
DA:826,187
DA:827,187
DA:835,2788
DA:836,2788
DA:915,748
DA:916,748
DA:920,374
DA:921,374
DA:1200,13855
DA:1201,13855
DA:1753,187
DA:1755,187
DA:1756,0
DA:1758,187
DA:1759,187
DA:1773,374
DA:1778,374
DA:1780,374
DA:1781,374
DA:1812,17
DA:1814,34
DA:1815,17
DA:1816,17
DA:1817,17
DA:1818,17
LF:87
LH:86
end_of_record
TN:
SF:/usr/include/c++/9/bits/vector.tcc
FN:109,_ZNSt6vectorIlSaIlEE12emplace_backIJlEEEvDpOT_
FN:426,_ZNSt6vectorIlSaIlEE17_M_realloc_insertIJlEEEvN9__gnu_cxx17__normal_iteratorIPlS1_EEDpOT_
FNDA:187,_ZNSt6vectorIlSaIlEE17_M_realloc_insertIJlEEEvN9__gnu_cxx17__normal_iteratorIPlS1_EEDpOT_
FNDA:13855,_ZNSt6vectorIlSaIlEE12emplace_backIJlEEEvDpOT_
FNF:2
FNH:2
DA:109,13855
DA:112,13855
DA:115,13668
DA:117,13668
DA:121,187
DA:125,13855
DA:426,187
DA:435,187
DA:437,187
DA:438,187
DA:439,187
DA:440,187
DA:441,187
DA:449,187
DA:450,187
DA:456,187
DA:459,187
DA:461,187
DA:462,187
DA:464,187
DA:466,187
DA:467,187
DA:474,0
DA:475,0
DA:477,0
DA:481,0
DA:482,0
DA:485,0
DA:487,0
DA:488,0
DA:489,0
DA:491,0
DA:492,0
DA:493,0
DA:496,187
DA:498,0
DA:500,187
DA:501,187
DA:502,187
DA:503,187
DA:504,187
DA:505,187
LF:42
LH:29
end_of_record
TN:
SF:/usr/include/c++/9/cmath
FN:350,_ZSt3logIiEN9__gnu_cxx11__enable_ifIXsrSt12__is_integerIT_E7__valueEdE6__typeES3_
FN:350,_ZSt3logIxEN9__gnu_cxx11__enable_ifIXsrSt12__is_integerIT_E7__valueEdE6__typeES3_
FN:415,_ZSt3powIilEN9__gnu_cxx11__promote_2IT_T0_NS0_9__promoteIS2_XsrSt12__is_integerIS2_E7__valueEE6__typeENS4_IS3_XsrS5_IS3_E7__valueEE6__typeEE6__typeES2_S3_
FN:415,_ZSt3powIiiEN9__gnu_cxx11__promote_2IT_T0_NS0_9__promoteIS2_XsrSt12__is_integerIS2_E7__valueEE6__typeENS4_IS3_XsrS5_IS3_E7__valueEE6__typeEE6__typeES2_S3_
FNDA:7460,_ZSt3logIxEN9__gnu_cxx11__enable_ifIXsrSt12__is_integerIT_E7__valueEdE6__typeES3_
FNDA:0,_ZSt3powIilEN9__gnu_cxx11__promote_2IT_T0_NS0_9__promoteIS2_XsrSt12__is_integerIS2_E7__valueEE6__typeENS4_IS3_XsrS5_IS3_E7__valueEE6__typeEE6__typeES2_S3_
FNDA:8101,_ZSt3logIiEN9__gnu_cxx11__enable_ifIXsrSt12__is_integerIT_E7__valueEdE6__typeES3_
FNDA:0,_ZSt3powIiiEN9__gnu_cxx11__promote_2IT_T0_NS0_9__promoteIS2_XsrSt12__is_integerIS2_E7__valueEE6__typeENS4_IS3_XsrS5_IS3_E7__valueEE6__typeEE6__typeES2_S3_
FNF:4
FNH:2
DA:350,15561
DA:351,15561
DA:415,0
DA:418,0
LF:4
LH:2
end_of_record
TN:
SF:/usr/include/c++/9/ext/aligned_buffer.h
FN:64,_ZN9__gnu_cxx16__aligned_membufISt4pairIK18SB_Side_ConnectionSt6vectorINSt7__cxx1112basic_stringIcSt11char_traitsIcESaIcEEESaISA_EEEE7_M_addrEv
FN:72,_ZN9__gnu_cxx16__aligned_membufISt4pairIK18SB_Side_ConnectionSt6vectorINSt7__cxx1112basic_stringIcSt11char_traitsIcESaIcEEESaISA_EEEE6_M_ptrEv
FNDA:0,_ZN9__gnu_cxx16__aligned_membufISt4pairIK18SB_Side_ConnectionSt6vectorINSt7__cxx1112basic_stringIcSt11char_traitsIcESaIcEEESaISA_EEEE6_M_ptrEv
FNDA:0,_ZN9__gnu_cxx16__aligned_membufISt4pairIK18SB_Side_ConnectionSt6vectorINSt7__cxx1112basic_stringIcSt11char_traitsIcESaIcEEESaISA_EEEE7_M_addrEv
FNF:2
FNH:0
DA:64,0
DA:65,0
DA:72,0
DA:73,0
LF:4
LH:0
end_of_record
TN:
SF:/usr/include/c++/9/ext/alloc_traits.h
FN:97,_ZN9__gnu_cxx14__alloc_traitsISaIcEcE17_S_select_on_copyERKS1_
FNDA:0,_ZN9__gnu_cxx14__alloc_traitsISaIcEcE17_S_select_on_copyERKS1_
FNF:1
FNH:0
DA:97,0
DA:98,0
LF:2
LH:0
end_of_record
TN:
SF:/usr/include/c++/9/ext/new_allocator.h
FN:80,_ZN9__gnu_cxx13new_allocatorIlEC2Ev
FN:80,_ZN9__gnu_cxx13new_allocatorIcEC2Ev
FN:80,_ZN9__gnu_cxx13new_allocatorI17s_switchblock_infEC2Ev
FN:83,_ZN9__gnu_cxx13new_allocatorIlEC2ERKS1_
FN:83,_ZN9__gnu_cxx13new_allocatorIcEC2ERKS1_
FN:89,_ZN9__gnu_cxx13new_allocatorIlED2Ev
FN:89,_ZN9__gnu_cxx13new_allocatorISt13_Rb_tree_nodeISt4pairIK18SB_Side_ConnectionSt6vectorINSt7__cxx1112basic_stringIcSt11char_traitsIcESaIcEEESaISB_EEEEED2Ev
FN:89,_ZN9__gnu_cxx13new_allocatorINSt7__cxx1112basic_stringIcSt11char_traitsIcESaIcEEEED2Ev
FN:89,_ZN9__gnu_cxx13new_allocatorIcED2Ev
FN:89,_ZN9__gnu_cxx13new_allocatorI17s_switchblock_infED2Ev
FN:89,_ZN9__gnu_cxx13new_allocatorIiED2Ev
FN:89,_ZN9__gnu_cxx13new_allocatorI14s_wireconn_infED2Ev
FN:102,_ZN9__gnu_cxx13new_allocatorIlE8allocateEmPKv
FN:119,_ZN9__gnu_cxx13new_allocatorISt13_Rb_tree_nodeISt4pairIK18SB_Side_ConnectionSt6vectorINSt7__cxx1112basic_stringIcSt11char_traitsIcESaIcEEESaISB_EEEEE10deallocateEPSF_m
FN:119,_ZN9__gnu_cxx13new_allocatorIlE10deallocateEPlm
FN:119,_ZN9__gnu_cxx13new_allocatorI17s_switchblock_infE10deallocateEPS1_m
FN:119,_ZN9__gnu_cxx13new_allocatorINSt7__cxx1112basic_stringIcSt11char_traitsIcESaIcEEEE10deallocateEPS6_m
FN:119,_ZN9__gnu_cxx13new_allocatorIiE10deallocateEPim
FN:119,_ZN9__gnu_cxx13new_allocatorI14s_wireconn_infE10deallocateEPS1_m
FN:132,_ZNK9__gnu_cxx13new_allocatorIlE8max_sizeEv
FN:144,_ZN9__gnu_cxx13new_allocatorIlE9constructIlJlEEEvPT_DpOT0_
FN:151,_ZN9__gnu_cxx13new_allocatorISt13_Rb_tree_nodeISt4pairIK18SB_Side_ConnectionSt6vectorINSt7__cxx1112basic_stringIcSt11char_traitsIcESaIcEEESaISB_EEEEE7destroyISE_EEvPT_
FN:151,_ZN9__gnu_cxx13new_allocatorIlE7destroyIlEEvPT_
FNDA:0,_ZN9__gnu_cxx13new_allocatorIcED2Ev
FNDA:0,_ZN9__gnu_cxx13new_allocatorIlE7destroyIlEEvPT_
FNDA:52,_ZN9__gnu_cxx13new_allocatorI17s_switchblock_infED2Ev
FNDA:68,_ZN9__gnu_cxx13new_allocatorIlED2Ev
FNDA:0,_ZN9__gnu_cxx13new_allocatorISt13_Rb_tree_nodeISt4pairIK18SB_Side_ConnectionSt6vectorINSt7__cxx1112basic_stringIcSt11char_traitsIcESaIcEEESaISB_EEEEE7destroyISE_EEvPT_
FNDA:0,_ZN9__gnu_cxx13new_allocatorISt13_Rb_tree_nodeISt4pairIK18SB_Side_ConnectionSt6vectorINSt7__cxx1112basic_stringIcSt11char_traitsIcESaIcEEESaISB_EEEEED2Ev
FNDA:34,_ZN9__gnu_cxx13new_allocatorIlEC2Ev
FNDA:0,_ZN9__gnu_cxx13new_allocatorISt13_Rb_tree_nodeISt4pairIK18SB_Side_ConnectionSt6vectorINSt7__cxx1112basic_stringIcSt11char_traitsIcESaIcEEESaISB_EEEEE10deallocateEPSF_m
FNDA:68,_ZN9__gnu_cxx13new_allocatorINSt7__cxx1112basic_stringIcSt11char_traitsIcESaIcEEEED2Ev
FNDA:187,_ZN9__gnu_cxx13new_allocatorIlE10deallocateEPlm
FNDA:204,_ZN9__gnu_cxx13new_allocatorINSt7__cxx1112basic_stringIcSt11char_traitsIcESaIcEEEE10deallocateEPS6_m
FNDA:0,_ZN9__gnu_cxx13new_allocatorI14s_wireconn_infED2Ev
FNDA:0,_ZN9__gnu_cxx13new_allocatorIiE10deallocateEPim
FNDA:0,_ZN9__gnu_cxx13new_allocatorI14s_wireconn_infE10deallocateEPS1_m
FNDA:0,_ZN9__gnu_cxx13new_allocatorIcEC2ERKS1_
FNDA:187,_ZN9__gnu_cxx13new_allocatorIlE8allocateEmPKv
FNDA:561,_ZNK9__gnu_cxx13new_allocatorIlE8max_sizeEv
FNDA:0,_ZN9__gnu_cxx13new_allocatorIcEC2Ev
FNDA:0,_ZN9__gnu_cxx13new_allocatorIiED2Ev
FNDA:34,_ZN9__gnu_cxx13new_allocatorIlEC2ERKS1_
FNDA:0,_ZN9__gnu_cxx13new_allocatorI17s_switchblock_infE10deallocateEPS1_m
FNDA:18,_ZN9__gnu_cxx13new_allocatorI17s_switchblock_infEC2Ev
FNDA:13855,_ZN9__gnu_cxx13new_allocatorIlE9constructIlJlEEEvPT_DpOT0_
FNF:23
FNH:11
DA:80,52
DA:83,34
DA:89,188
DA:102,187
DA:104,187
DA:105,0
DA:114,187
DA:119,391
DA:128,391
DA:129,391
DA:132,561
DA:135,561
DA:144,13855
DA:147,13855
DA:151,0
DA:153,0
LF:16
LH:13
end_of_record
TN:
SF:/usr/include/c++/9/ext/type_traits.h
FN:152,_ZN9__gnu_cxx17__is_null_pointerIKcEEbPT_
FN:152,_ZN9__gnu_cxx17__is_null_pointerIcEEbPT_
FNDA:0,_ZN9__gnu_cxx17__is_null_pointerIKcEEbPT_
FNDA:0,_ZN9__gnu_cxx17__is_null_pointerIcEEbPT_
FNF:2
FNH:0
DA:152,0
DA:153,0
LF:2
LH:0
end_of_record
TN:
SF:/usr/include/c++/9/new
FN:173,_ZnwmPv
FNDA:49351,_ZnwmPv
FNF:1
FNH:1
DA:173,49351
DA:174,49351
LF:2
LH:2
end_of_record
TN:
SF:/workspace/vtr-verilog-to-routing/ODIN_II/SRC/ace.c
FN:101,_Z26alloc_and_init_ace_structsP11netlist_t_t
FN:163,_Z30alloc_and_init_ace_info_objectv
FN:184,_Z15calc_node_depthP9nnode_t_t
FN:203,_Z18calculate_activityP11netlist_t_tiP8_IO_FILE
FN:282,_Z28compute_switching_activitiesP11netlist_t_t
FN:343,_Z16prob_epsilon_fixPd
FN:359,_Z15output_ace_infoP11netlist_t_tP8_IO_FILE
FN:393,_Z20output_ace_info_nodePcP16ace_obj_info_t_tP8_IO_FILE
FN:423,_Z9set_clearPji
FN:435,_Z10node_errori
FN:463,_Z12ace_cube_dupP10ace_cube_t
FN:497,_Z15ace_cube_new_dci
FN:519,_Z13ace_cube_freeP10ace_cube_t
FN:533,_Z18build_bdd_for_nodeP9DdManagerP9nnode_t_t
FN:569,_Z19ace_bdd_count_pathsP9DdManagerP6DdNodePiS3_
FN:593,_Z27calc_cube_switch_prob_recurP9DdManagerP6DdNodeP10ace_cube_tP9nnode_t_tP8st_tablei
FN:659,_Z21calc_cube_switch_probP9DdManagerP6DdNodeP10ace_cube_tP9nnode_t_ti
FN:677,_Z22calc_switch_prob_recurP9DdManagerP6DdNodeS2_P10ace_cube_tP9nnode_t_tdi
FNDA:12055,_Z20output_ace_info_nodePcP16ace_obj_info_t_tP8_IO_FILE
FNDA:12103,_Z30alloc_and_init_ace_info_objectv
FNDA:0,_Z15ace_cube_new_dci
FNDA:0,_Z18build_bdd_for_nodeP9DdManagerP9nnode_t_t
FNDA:0,_Z27calc_cube_switch_prob_recurP9DdManagerP6DdNodeP10ace_cube_tP9nnode_t_tP8st_tablei
FNDA:0,_Z21calc_cube_switch_probP9DdManagerP6DdNodeP10ace_cube_tP9nnode_t_ti
FNDA:0,_Z10node_errori
FNDA:16,_Z28compute_switching_activitiesP11netlist_t_t
FNDA:0,_Z19ace_bdd_count_pathsP9DdManagerP6DdNodePiS3_
FNDA:0,_Z15calc_node_depthP9nnode_t_t
FNDA:16,_Z18calculate_activityP11netlist_t_tiP8_IO_FILE
FNDA:0,_Z22calc_switch_prob_recurP9DdManagerP6DdNodeS2_P10ace_cube_tP9nnode_t_tdi
FNDA:16,_Z15output_ace_infoP11netlist_t_tP8_IO_FILE
FNDA:0,_Z12ace_cube_dupP10ace_cube_t
FNDA:0,_Z13ace_cube_freeP10ace_cube_t
FNDA:0,_Z16prob_epsilon_fixPd
FNDA:0,_Z9set_clearPji
FNDA:16,_Z26alloc_and_init_ace_structsP11netlist_t_t
FNF:18
FNH:6
DA:101,16
DA:118,16
DA:121,16
DA:124,16
DA:127,1444
DA:128,2856
DA:129,1428
DA:134,10643
DA:135,21254
DA:136,10627
DA:141,16
DA:142,0
DA:143,0
DA:148,16
DA:149,0
DA:150,0
DA:154,16
DA:163,12103
DA:167,12103
DA:169,12103
DA:170,12103
DA:171,12103
DA:172,12103
DA:174,12103
DA:184,0
DA:186,0
DA:189,0
DA:190,0
DA:191,0
DA:193,0
DA:203,16
DA:214,1444
DA:215,1428
DA:218,1428
DA:221,1428
DA:224,1428
DA:225,13
DA:229,1428
DA:232,1428
DA:236,10643
DA:237,10627
DA:240,10627
DA:243,10627
DA:246,10627
DA:249,10627
DA:253,16
DA:254,0
DA:255,0
DA:258,0
DA:261,0
DA:264,0
DA:269,16
DA:272,16
DA:273,16
DA:282,16
DA:293,16
DA:296,16
DA:298,0
DA:299,0
DA:301,0
DA:302,0
DA:303,0
DA:304,0
DA:308,0
DA:309,0
DA:310,0
DA:311,0
DA:312,0
DA:315,0
DA:316,0
DA:318,0
DA:319,0
DA:321,0
DA:322,0
DA:325,0
DA:326,0
DA:330,0
DA:334,16
DA:343,0
DA:345,0
DA:346,0
DA:347,0
DA:348,0
DA:350,0
DA:359,16
DA:363,1444
DA:364,1428
DA:365,1428
DA:370,10643
DA:371,10627
DA:372,10627
DA:377,16
DA:378,0
DA:379,0
DA:380,0
DA:384,16
DA:393,12055
DA:406,12055
DA:412,12055
DA:423,0
DA:425,0
DA:426,0
DA:427,0
DA:435,0
DA:436,0
DA:437,0
DA:438,0
DA:440,0
DA:441,0
DA:443,0
DA:444,0
DA:446,0
DA:447,0
DA:449,0
DA:450,0
DA:452,0
DA:453,0
DA:463,0
DA:467,0
DA:468,0
DA:469,0
DA:470,0
DA:471,0
DA:472,0
DA:473,0
DA:474,0
DA:475,0
DA:476,0
DA:477,0
DA:478,0
DA:479,0
DA:480,0
DA:481,0
DA:482,0
DA:483,0
DA:484,0
DA:485,0
DA:486,0
DA:489,0
DA:497,0
DA:501,0
DA:502,0
DA:503,0
DA:504,0
DA:506,0
DA:507,0
DA:508,0
DA:511,0
DA:519,0
DA:520,0
DA:521,0
DA:522,0
DA:533,0
DA:538,0
DA:539,0
DA:542,0
DA:543,0
DA:544,0
DA:545,0
DA:546,0
DA:547,0
DA:548,0
DA:549,0
DA:551,0
DA:552,0
DA:553,0
DA:555,0
DA:556,0
DA:557,0
DA:558,0
DA:560,0
DA:561,0
DA:569,0
DA:573,0
DA:574,0
DA:575,0
DA:576,0
DA:577,0
DA:578,0
DA:581,0
DA:582,0
DA:584,0
DA:585,0
DA:593,0
DA:600,0
DA:601,0
DA:602,0
DA:603,0
DA:604,0
DA:605,0
DA:606,0
DA:607,0
DA:608,0
DA:609,0
DA:612,0
DA:613,0
DA:616,0
DA:618,0
DA:620,0
DA:621,0
DA:622,0
DA:624,0
DA:625,0
DA:628,0
DA:630,0
DA:631,0
DA:633,0
DA:634,0
DA:635,0
DA:636,0
DA:637,0
DA:638,0
DA:639,0
DA:640,0
DA:641,0
DA:642,0
DA:643,0
DA:644,0
DA:645,0
DA:646,0
DA:647,0
DA:649,0
DA:651,0
DA:659,0
DA:663,0
DA:665,0
DA:667,0
DA:669,0
DA:677,0
DA:686,0
DA:687,0
DA:688,0
DA:690,0
DA:691,0
DA:692,0
DA:695,0
DA:696,0
DA:697,0
DA:699,0
DA:700,0
DA:701,0
DA:705,0
DA:707,0
DA:709,0
DA:710,0
DA:711,0
DA:713,0
DA:714,0
DA:718,0
DA:719,0
DA:720,0
DA:721,0
DA:722,0
DA:723,0
DA:726,0
DA:727,0
DA:728,0
DA:729,0
DA:730,0
DA:731,0
DA:733,0
LF:261
LH:55
end_of_record
TN:
SF:/workspace/vtr-verilog-to-routing/ODIN_II/SRC/activity_estimation.c
FN:60,_Z19activity_estimationPcS_iP11netlist_t_tS1_
FN:87,_Z23calc_transition_densityP11netlist_t_t
FN:187,_Z24initialize_probabilitiesPcP11netlist_t_t
FN:274,_Z36calc_probabilities_and_init_act_dataP11netlist_t_t
FN:392,_Z18boolean_differenceP9nnode_t_ti
FN:443,_Z12calc_densityP9nnode_t_tiPs
FN:530,_Z44output_activation_file_ace_and_function_filePciP11netlist_t_tS1_
FN:851,_Z18cleanup_activationP11netlist_t_t
FNDA:0,_Z36calc_probabilities_and_init_act_dataP11netlist_t_t
FNDA:0,_Z23calc_transition_densityP11netlist_t_t
FNDA:0,_Z44output_activation_file_ace_and_function_filePciP11netlist_t_tS1_
FNDA:0,_Z12calc_densityP9nnode_t_tiPs
FNDA:0,_Z18boolean_differenceP9nnode_t_ti
FNDA:0,_Z24initialize_probabilitiesPcP11netlist_t_t
FNDA:0,_Z19activity_estimationPcS_iP11netlist_t_tS1_
FNDA:0,_Z18cleanup_activationP11netlist_t_t
FNF:8
FNH:0
DA:60,0
DA:63,0
DA:66,0
DA:69,0
DA:72,0
DA:75,0
DA:78,0
DA:82,0
DA:87,0
DA:93,0
DA:95,0
DA:98,0
DA:99,0
DA:102,0
DA:105,0
DA:107,0
DA:110,0
DA:111,0
DA:112,0
DA:113,0
DA:115,0
DA:117,0
DA:118,0
DA:120,0
DA:121,0
DA:123,0
DA:124,0
DA:126,0
DA:130,0
DA:133,0
DA:138,0
DA:141,0
DA:144,0
DA:147,0
DA:150,0
DA:152,0
DA:153,0
DA:154,0
DA:155,0
DA:158,0
DA:159,0
DA:161,0
DA:163,0
DA:164,0
DA:165,0
DA:166,0
DA:169,0
DA:170,0
DA:172,0
DA:174,0
DA:178,0
DA:182,0
DA:187,0
DA:192,0
DA:194,0
DA:197,0
DA:198,0
DA:200,0
DA:201,0
DA:202,0
DA:204,0
DA:206,0
DA:208,0
DA:211,0
DA:216,0
DA:221,0
DA:222,0
DA:223,0
DA:225,0
DA:226,0
DA:227,0
DA:230,0
DA:233,0
DA:234,0
DA:235,0
DA:237,0
DA:238,0
DA:239,0
DA:242,0
DA:245,0
DA:246,0
DA:247,0
DA:249,0
DA:250,0
DA:251,0
DA:254,0
DA:257,0
DA:258,0
DA:259,0
DA:261,0
DA:262,0
DA:263,0
DA:267,0
DA:274,0
DA:279,0
DA:282,0
DA:284,0
DA:287,0
DA:288,0
DA:291,0
DA:293,0
DA:294,0
DA:296,0
DA:299,0
DA:302,0
DA:304,0
DA:305,0
DA:307,0
DA:310,0
DA:312,0
DA:313,0
DA:314,0
DA:315,0
DA:317,0
DA:319,0
DA:323,0
DA:326,0
DA:329,0
DA:334,0
DA:336,0
DA:338,0
DA:341,0
DA:342,0
DA:343,0
DA:344,0
DA:346,0
DA:349,0
DA:351,0
DA:352,0
DA:353,0
DA:354,0
DA:356,0
DA:359,0
DA:362,0
DA:364,0
DA:366,0
DA:367,0
DA:371,0
DA:374,0
DA:377,0
DA:380,0
DA:382,0
DA:387,0
DA:392,0
DA:397,0
DA:400,0
DA:401,0
DA:402,0
DA:405,0
DA:407,0
DA:409,0
DA:411,0
DA:412,0
DA:413,0
DA:416,0
DA:419,0
DA:421,0
DA:424,0
DA:426,0
DA:429,0
DA:430,0
DA:434,0
DA:437,0
DA:443,0
DA:447,0
DA:448,0
DA:450,0
DA:452,0
DA:454,0
DA:455,0
DA:456,0
DA:457,0
DA:459,0
DA:463,0
DA:467,0
DA:469,0
DA:471,0
DA:472,0
DA:473,0
DA:475,0
DA:478,0
DA:485,0
DA:488,0
DA:492,0
DA:495,0
DA:496,0
DA:497,0
DA:498,0
DA:500,0
DA:502,0
DA:506,0
DA:509,0
DA:511,0
DA:515,0
DA:516,0
DA:517,0
DA:520,0
DA:530,0
DA:532,0
DA:533,0
DA:534,0
DA:543,0
DA:544,0
DA:545,0
DA:547,0
DA:548,0
DA:550,0
DA:552,0
DA:553,0
DA:555,0
DA:557,0
DA:558,0
DA:560,0
DA:564,0
DA:566,0
DA:569,0
DA:570,0
DA:572,0
DA:574,0
DA:576,0
DA:579,0
DA:585,0
DA:590,0
DA:595,0
DA:597,0
DA:598,0
DA:599,0
DA:603,0
DA:605,0
DA:607,0
DA:609,0
DA:613,0
DA:615,0
DA:616,0
DA:618,0
DA:619,0
DA:621,0
DA:622,0
DA:623,0
DA:627,0
DA:629,0
DA:632,0
DA:634,0
DA:635,0
DA:637,0
DA:638,0
DA:640,0
DA:641,0
DA:642,0
DA:646,0
DA:648,0
DA:649,0
DA:651,0
DA:654,0
DA:658,0
DA:660,0
DA:661,0
DA:662,0
DA:664,0
DA:670,0
DA:672,0
DA:674,0
DA:675,0
DA:678,0
DA:679,0
DA:682,0
DA:687,0
DA:689,0
DA:690,0
DA:692,0
DA:695,0
DA:696,0
DA:700,0
DA:702,0
DA:705,0
DA:706,0
DA:707,0
DA:709,0
DA:710,0
DA:713,0
DA:715,0
DA:717,0
DA:720,0
DA:722,0
DA:724,0
DA:725,0
DA:727,0
DA:730,0
DA:733,0
DA:734,0
DA:735,0
DA:739,0
DA:740,0
DA:745,0
DA:746,0
DA:748,0
DA:751,0
DA:756,0
DA:757,0
DA:761,0
DA:764,0
DA:765,0
DA:770,0
DA:772,0
DA:774,0
DA:775,0
DA:778,0
DA:782,0
DA:783,0
DA:784,0
DA:787,0
DA:788,0
DA:790,0
DA:792,0
DA:795,0
DA:797,0
DA:801,0
DA:802,0
DA:805,0
DA:806,0
DA:808,0
DA:810,0
DA:814,0
DA:817,0
DA:823,0
DA:824,0
DA:826,0
DA:828,0
DA:831,0
DA:835,0
DA:836,0
DA:839,0
DA:840,0
DA:844,0
DA:845,0
DA:846,0
DA:851,0
DA:855,0
DA:857,0
DA:860,0
DA:861,0
DA:862,0
DA:864,0
DA:865,0
DA:866,0
DA:867,0
DA:868,0
DA:869,0
DA:871,0
DA:872,0
DA:875,0
LF:351
LH:0
end_of_record
TN:
SF:/workspace/vtr-verilog-to-routing/ODIN_II/SRC/adders.c
FN:60,_Z21init_add_distributionv
FN:74,_Z23record_add_distributionP9nnode_t_t
FN:95,_Z23report_add_distributionv
FN:123,_Z16find_hard_addersv
FN:149,_Z18declare_hard_adderP9nnode_t_t
FN:187,_Z22instantiate_hard_adderP9nnode_t_tsP11netlist_t_t
FN:227,_Z25add_the_blackbox_for_addsP8_IO_FILE
FN:326,_Z19define_add_functionP9nnode_t_tsP8_IO_FILE
FN:410,_Z16init_split_adderP9nnode_t_tS0_iiiiiiiiP11netlist_t_t
FN:704,_Z11split_adderP9nnode_t_tiiiiiiiP11netlist_t_t
FN:908,_Z14iterate_addersP11netlist_t_t
FN:968,_Z12clean_addersv
FN:983,_Z17reduce_operationsP11netlist_t_t14operation_list
FN:1019,_Z13traverse_list14operation_listPN3vtr13s_linked_vptrE
FN:1031,_Z10match_nodePN3vtr13s_linked_vptrE14operation_list
FN:1076,_Z11match_portsP9nnode_t_tS0_14operation_list
FN:1139,_Z23traverse_operation_nodeP12ast_node_t_tPPc14operation_listPi
FN:1173,_Z11merge_nodesP9nnode_t_tS0_
FN:1185,_Z16remove_list_nodePN3vtr13s_linked_vptrES1_
FN:1198,_Z18remove_fanout_pinsP9nnode_t_t
FN:1223,_Z15reallocate_pinsP9nnode_t_tS0_
FN:1250,_Z13free_op_nodesP9nnode_t_t
FN:1272,_Z10match_pinsP9nnode_t_tS0_
FNDA:17,_Z16find_hard_addersv
FNDA:62,_Z11merge_nodesP9nnode_t_tS0_
FNDA:62,_Z15reallocate_pinsP9nnode_t_tS0_
FNDA:984,_Z22instantiate_hard_adderP9nnode_t_tsP11netlist_t_t
FNDA:51,_Z17reduce_operationsP11netlist_t_t14operation_list
FNDA:51,_Z13traverse_list14operation_listPN3vtr13s_linked_vptrE
FNDA:17,_Z14iterate_addersP11netlist_t_t
FNDA:62,_Z13free_op_nodesP9nnode_t_t
FNDA:218,_Z11split_adderP9nnode_t_tiiiiiiiP11netlist_t_t
FNDA:43157,_Z11match_portsP9nnode_t_tS0_14operation_list
FNDA:2895,_Z19define_add_functionP9nnode_t_tsP8_IO_FILE
FNDA:17,_Z23report_add_distributionv
FNDA:0,_Z23record_add_distributionP9nnode_t_t
FNDA:62,_Z18remove_fanout_pinsP9nnode_t_t
FNDA:1454,_Z10match_pinsP9nnode_t_tS0_
FNDA:17,_Z25add_the_blackbox_for_addsP8_IO_FILE
FNDA:984,_Z18declare_hard_adderP9nnode_t_t
FNDA:717,_Z10match_nodePN3vtr13s_linked_vptrE14operation_list
FNDA:984,_Z16init_split_adderP9nnode_t_tS0_iiiiiiiiP11netlist_t_t
FNDA:62,_Z16remove_list_nodePN3vtr13s_linked_vptrES1_
FNDA:16,_Z21init_add_distributionv
FNDA:17,_Z12clean_addersv
FNDA:85273,_Z23traverse_operation_nodeP12ast_node_t_tPPc14operation_listPi
FNF:23
FNH:22
DA:60,16
DA:63,16
DA:64,16
DA:65,16
DA:66,112
DA:67,96
DA:68,16
DA:74,0
DA:76,0
DA:77,0
DA:78,0
DA:79,0
DA:95,17
DA:97,17
DA:98,1
DA:100,16
DA:101,16
DA:102,16
DA:103,16
DA:105,16
DA:106,16
DA:108,16
DA:109,16
DA:111,16
DA:112,16
DA:114,16
DA:115,16
DA:117,16
DA:123,17
DA:125,17
DA:128,17
DA:130,17
DA:132,16
DA:134,16
DA:135,16
DA:139,0
DA:143,1
DA:149,984
DA:155,984
DA:157,0
DA:159,984
DA:160,984
DA:161,984
DA:162,984
DA:164,984
DA:166,976
DA:167,976
DA:169,0
DA:173,8
DA:174,8
DA:175,8
DA:176,8
DA:177,8
DA:178,8
DA:179,8
DA:180,8
DA:181,8
DA:187,984
DA:192,984
DA:195,984
DA:196,984
DA:197,984
DA:200,984
DA:201,0
DA:203,984
DA:205,984
DA:206,0
DA:209,5904
DA:211,4920
DA:213,4183
DA:214,4183
DA:215,4183
DA:216,4183
DA:220,984
DA:221,984
DA:227,17
DA:238,17
DA:239,3
DA:242,16
DA:243,16
DA:244,16
DA:245,16
DA:246,16
DA:247,16
DA:249,16
DA:250,16
DA:251,16
DA:252,16
DA:255,16
DA:256,16
DA:257,2
DA:260,28
DA:263,14
DA:264,0
DA:266,14
DA:269,14
DA:270,14
DA:271,140
DA:273,126
DA:275,56
DA:277,70
DA:279,56
DA:283,14
DA:285,126
DA:286,0
DA:288,126
DA:290,14
DA:293,14
DA:294,14
DA:295,84
DA:297,70
DA:299,14
DA:303,56
DA:306,70
DA:308,0
DA:309,0
DA:312,70
DA:314,14
DA:315,14
DA:316,14
DA:317,14
DA:319,14
DA:326,2895
DA:332,2895
DA:333,2895
DA:334,2895
DA:335,2895
DA:336,2895
DA:337,2895
DA:338,2895
DA:341,2895
DA:343,0
DA:347,2895
DA:351,28950
DA:353,26055
DA:355,26055
DA:357,11580
DA:358,11371
DA:360,209
DA:362,14475
DA:364,11580
DA:365,11287
DA:367,293
DA:371,2895
DA:372,641
DA:374,2254
DA:377,26055
DA:379,10677
DA:380,10677
DA:382,26055
DA:386,17370
DA:388,14475
DA:389,2895
DA:391,11580
DA:392,14475
DA:394,9419
DA:395,9419
DA:397,14475
DA:400,2895
DA:401,5790
DA:410,984
DA:413,984
DA:415,984
DA:418,984
DA:419,984
DA:420,984
DA:421,984
DA:422,984
DA:425,984
DA:427,984
DA:428,984
DA:429,984
DA:430,766
DA:431,218
DA:433,51
DA:434,51
DA:438,167
DA:439,167
DA:440,167
DA:443,984
DA:444,766
DA:445,218
DA:447,51
DA:448,51
DA:452,167
DA:453,167
DA:454,167
DA:459,0
DA:460,0
DA:462,0
DA:463,0
DA:464,0
DA:466,0
DA:471,984
DA:472,984
DA:473,984
DA:474,984
DA:475,984
DA:476,984
DA:477,984
DA:478,984
DA:481,984
DA:482,0
DA:484,984
DA:487,984
DA:488,984
DA:490,984
DA:492,255
DA:493,204
DA:495,933
DA:497,167
DA:499,2
DA:500,2
DA:501,6
DA:503,4
DA:504,4
DA:505,4
DA:507,4
DA:508,2
DA:513,512
DA:515,347
DA:516,347
DA:517,347
DA:519,478
DA:520,313
DA:525,766
DA:527,216
DA:529,216
DA:530,216
DA:532,864
DA:534,648
DA:535,648
DA:536,648
DA:542,0
DA:544,0
DA:545,0
DA:546,0
DA:552,550
DA:554,2750
DA:556,2200
DA:557,2200
DA:558,2200
DA:563,0
DA:564,0
DA:567,0
DA:568,0
DA:570,0
DA:571,0
DA:572,0
DA:580,984
DA:582,255
DA:583,204
DA:585,933
DA:587,167
DA:589,2
DA:590,2
DA:592,6
DA:594,4
DA:595,4
DA:596,4
DA:598,4
DA:599,2
DA:604,512
DA:606,347
DA:607,347
DA:608,347
DA:610,478
DA:611,313
DA:616,766
DA:618,216
DA:620,216
DA:621,216
DA:623,864
DA:625,648
DA:626,648
DA:627,648
DA:633,0
DA:635,0
DA:636,0
DA:637,0
DA:643,550
DA:645,2750
DA:647,2200
DA:648,2200
DA:649,2200
DA:654,0
DA:655,0
DA:658,0
DA:659,0
DA:661,0
DA:662,0
DA:663,0
DA:671,1968
DA:673,984
DA:678,984
DA:679,0
DA:681,984
DA:683,984
DA:684,984
DA:685,5904
DA:686,4920
DA:688,984
DA:704,218
DA:708,218
DA:709,218
DA:710,218
DA:713,218
DA:714,218
DA:716,218
DA:718,1202
DA:720,984
DA:721,984
DA:722,984
DA:723,984
DA:726,218
DA:727,0
DA:730,218
DA:732,2
DA:733,2
DA:737,216
DA:738,216
DA:741,218
DA:743,218
DA:744,218
DA:748,0
DA:749,0
DA:754,766
DA:757,984
DA:760,218
DA:762,218
DA:763,218
DA:765,0
DA:766,218
DA:767,218
DA:768,218
DA:770,218
DA:773,218
DA:774,218
DA:776,218
DA:777,218
DA:780,218
DA:783,218
DA:785,0
DA:788,0
DA:791,218
DA:793,51
DA:795,51
DA:796,51
DA:801,1202
DA:803,984
DA:804,8856
DA:806,7872
DA:807,936
DA:812,984
DA:813,766
DA:816,218
DA:818,2
DA:820,8
DA:822,6
DA:823,6
DA:826,0
DA:827,0
DA:830,6
DA:831,6
DA:836,0
DA:837,0
DA:838,0
DA:844,864
DA:845,648
DA:846,766
DA:848,2750
DA:849,2200
DA:852,216
DA:854,1080
DA:856,864
DA:857,563
DA:860,301
DA:862,301
DA:866,216
DA:868,216
DA:872,0
DA:874,0
DA:875,0
DA:876,0
DA:879,0
DA:881,0
DA:887,218
DA:888,218
DA:889,218
DA:892,218
DA:893,218
DA:894,218
DA:895,218
DA:896,218
DA:908,17
DA:913,17
DA:917,17
DA:918,1
DA:920,16
DA:921,16
DA:922,16
DA:924,16
DA:926,234
DA:928,218
DA:929,218
DA:931,218
DA:932,218
DA:933,0
DA:935,218
DA:937,218
DA:938,218
DA:939,218
DA:940,218
DA:941,218
DA:944,218
DA:946,218
DA:948,218
DA:949,218
DA:951,0
DA:952,218
DA:953,218
DA:957,0
DA:959,16
DA:968,18
DA:970,18
DA:971,1
DA:972,17
DA:983,51
DA:985,51
DA:987,51
DA:989,17
DA:990,17
DA:991,17
DA:992,17
DA:994,17
DA:995,17
DA:996,17
DA:997,17
DA:999,17
DA:1000,17
DA:1001,17
DA:1002,17
DA:1004,0
DA:1005,0
DA:1006,0
DA:1010,51
DA:1012,51
DA:1019,768
DA:1021,768
DA:1023,717
DA:1024,717
DA:1026,51
DA:1031,717
DA:1034,717
DA:1035,717
DA:1036,717
DA:1037,717
DA:1038,717
DA:1039,717
DA:1040,717
DA:1041,59053
DA:1043,58336
DA:1044,58336
DA:1045,58336
DA:1046,58336
DA:1048,58336
DA:1050,43157
DA:1051,43157
DA:1053,1454
DA:1054,1454
DA:1056,62
DA:1057,62
DA:1062,58336
DA:1063,62
DA:1066,58274
DA:1067,58274
DA:1071,717
DA:1076,43157
DA:1078,43157
DA:1079,43157
DA:1080,43157
DA:1081,43157
DA:1082,43157
DA:1084,43157
DA:1085,43157
DA:1086,43157
DA:1087,43157
DA:1088,43157
DA:1090,43157
DA:1091,43157
DA:1093,42116
DA:1094,42116
DA:1096,42116
DA:1098,3868
DA:1101,3868
DA:1102,3868
DA:1103,117
DA:1106,3751
DA:1107,3751
DA:1108,3751
DA:1110,3868
DA:1111,93
DA:1113,3868
DA:1115,38248
DA:1116,38248
DA:1117,38248
DA:1118,1361
DA:1119,38248
DA:1120,1361
DA:1121,38248
DA:1123,0
DA:1125,0
DA:1131,43157
DA:1139,85273
DA:1143,85273
DA:1144,0
DA:1146,85273
DA:1148,254434
DA:1150,170202
DA:1151,170202
DA:1153,1041
DA:1154,1041
DA:1158,169161
DA:1159,168283
DA:1161,878
DA:1162,878
DA:1173,62
DA:1176,62
DA:1177,62
DA:1178,62
DA:1180,62
DA:1185,62
DA:1187,62
DA:1188,60
DA:1190,2
DA:1191,62
DA:1193,62
DA:1198,62
DA:1201,1286
DA:1203,1224
DA:1204,303420
DA:1206,303420
DA:1207,1224
DA:1209,488962
DA:1211,487738
DA:1212,487738
DA:1214,1224
DA:1215,1224
DA:1218,62
DA:1223,62
DA:1227,62
DA:1228,62
DA:1229,62
DA:1230,724
DA:1232,1324
DA:1234,662
DA:1236,624
DA:1237,624
DA:1238,624
DA:1239,624
DA:1240,624
DA:1245,62
DA:1250,62
DA:1253,62
DA:1254,724
DA:1256,662
DA:1258,662
DA:1259,662
DA:1260,662
DA:1261,662
DA:1262,662
DA:1265,62
DA:1267,62
DA:1272,1454
DA:1277,17224
DA:1279,17162
DA:1280,17162
DA:1281,134493
DA:1283,134493
DA:1285,15770
DA:1286,15770
DA:1288,118723
DA:1290,1392
DA:1291,1392
DA:1294,17162
DA:1295,1392
DA:1298,1454
LF:587
LH:516
end_of_record
TN:
SF:/workspace/vtr-verilog-to-routing/ODIN_II/SRC/ast_elaborate.c
FN:57,_Z12simplify_astv
FN:77,_Z17optimize_for_treev
FN:161,_Z15search_for_nodeP12ast_node_t_tPS0_S1_
FN:190,_Z9copy_treeP12ast_node_t_tS0_
FN:263,_Z13complete_nodeP12ast_node_t_tS0_
FN:278,_Z17record_expressionP12ast_node_t_tPPc
FN:296,_Z11calculationPPc
FN:346,_Z20translate_expressionPPcS0_
FN:396,_Z17check_and_replaceP12ast_node_t_tPPc
FN:447,_Z17modify_expressionPPcS0_S_
FN:471,_Z15free_whole_treeP12ast_node_t_t
FN:510,_Z12initial_nodeP12ast_node_t_t3idsii
FN:533,_Z21change_to_number_nodeP12ast_node_t_tPc
FN:584,_Z15reallocate_nodeP12ast_node_t_ti
FN:599,_Z22find_most_unique_countv
FN:616,_Z15mark_node_writeP12ast_node_t_tPA20_c
FN:640,_Z14mark_node_readP12ast_node_t_tPA20_c
FN:663,_Z28remove_intermediate_variableP12ast_node_t_tPA20_c
FN:713,_Z18search_marked_nodeP12ast_node_t_tiPcPS0_
FN:741,_Z16free_single_nodeP12ast_node_t_t
FN:761,_Z28reduce_assignment_expressionv
FN:813,_Z16find_assign_nodeP12ast_node_t_tPS0_
FN:831,_Z19simplify_expressionPi
FN:844,_Z9find_tailP8exp_node
FN:858,_Z17reduce_enode_listv
FN:917,_Z14store_exp_listP12ast_node_t_t
FN:934,_Z16record_tree_infoP12ast_node_t_t
FN:963,_Z12create_enodeP12ast_node_t_t
FN:1034,_Z15adjoin_constantPi
FN:1098,_Z13replace_enodeiP8exp_nodei
FN:1143,_Z16combine_constantPi
FN:1220,_Z18construct_new_treeP8exp_nodeP12ast_node_t_tii
FN:1276,_Z14check_exp_listP8exp_node
FN:1293,_Z26delete_continuous_multiplyPi
FN:1355,_Z15create_ast_nodeP8exp_nodeP12ast_node_t_tii
FN:1388,_Z14create_op_nodeP12ast_node_t_tP8exp_nodeii
FN:1416,_Z13free_exp_listv
FN:1429,_Z17deal_with_bracketP12ast_node_t_t
FN:1456,_Z18check_mult_bracketPii
FN:1487,_Z14recursive_treeP12ast_node_t_tPiS1_
FN:1514,_Z14find_leaf_nodeP12ast_node_t_tPiS1_i
FN:1530,_Z14delete_bracketii
FN:1566,_Z19delete_bracket_headP8exp_nodeS0_
FN:1585,_Z15change_exp_listP8exp_nodeS0_S0_i
FN:1676,_Z15copy_enode_listP8exp_nodeS0_S0_
FN:1695,_Z10copy_enodeP8exp_nodeS0_
FN:1706,_Z19delete_bracket_tailP8exp_nodeS0_
FN:1721,_Z19delete_bracket_bodyP8exp_nodeS0_
FN:1745,_Z20check_tree_operationP12ast_node_t_tPi
FN:1766,_Z15check_operationP8exp_nodeS0_
FN:1791,_Z16reduce_parameterv
FN:1814,_Z14find_parameterP12ast_node_t_tPS0_Pi
FN:1839,_Z16remove_para_nodeP12ast_node_t_tPS0_i
FN:1875,_Z16change_para_nodeP12ast_node_t_tPci
FN:1896,_Z15change_ast_nodeP12ast_node_t_ti
FN:1910,_Z15shift_operationv
FN:1926,_Z24search_certain_operationP12ast_node_t_ti
FN:1951,_Z22check_binary_operationP12ast_node_t_ti
FN:1974,_Z17check_node_numberP12ast_node_t_tS0_ii
FN:2009,_Z15change_bit_sizeP12ast_node_t_tix
FN:2023,_Z23search_var_declare_listP12ast_node_t_tPcx
FN:2060,_Z27check_intermediate_variableP12ast_node_t_tPi
FN:2083,_Z15keep_all_branchP12ast_node_t_tS0_i
FN:2105,_Z11check_indexP12ast_node_t_tS0_
FNDA:0,_Z15mark_node_writeP12ast_node_t_tPA20_c
FNDA:0,_Z9copy_treeP12ast_node_t_tS0_
FNDA:72892,_Z24search_certain_operationP12ast_node_t_ti
FNDA:97601,_Z15search_for_nodeP12ast_node_t_tPS0_S1_
FNDA:17,_Z12simplify_astv
FNDA:34,_Z28reduce_assignment_expressionv
FNDA:0,_Z15reallocate_nodeP12ast_node_t_ti
FNDA:0,_Z11check_indexP12ast_node_t_tS0_
FNDA:0,_Z23search_var_declare_listP12ast_node_t_tPcx
FNDA:0,_Z15check_operationP8exp_nodeS0_
FNDA:18,_Z21change_to_number_nodeP12ast_node_t_tPc
FNDA:924,_Z17deal_with_bracketP12ast_node_t_t
FNDA:0,_Z10copy_enodeP8exp_nodeS0_
FNDA:3196,_Z12create_enodeP12ast_node_t_t
FNDA:924,_Z14store_exp_listP12ast_node_t_t
FNDA:0,_Z9find_tailP8exp_node
FNDA:0,_Z15change_bit_sizeP12ast_node_t_tix
FNDA:96,_Z22check_binary_operationP12ast_node_t_ti
FNDA:197264,_Z16find_assign_nodeP12ast_node_t_tPS0_
FNDA:41002,_Z20check_tree_operationP12ast_node_t_tPi
FNDA:0,_Z15change_exp_listP8exp_nodeS0_S0_i
FNDA:0,_Z17modify_expressionPPcS0_S_
FNDA:3374,_Z14recursive_treeP12ast_node_t_tPiS1_
FNDA:2,_Z16remove_para_nodeP12ast_node_t_tPS0_i
FNDA:17,_Z15shift_operationv
FNDA:0,_Z15free_whole_treeP12ast_node_t_t
FNDA:0,_Z14create_op_nodeP12ast_node_t_tP8exp_nodeii
FNDA:0,_Z19delete_bracket_tailP8exp_nodeS0_
FNDA:924,_Z18check_mult_bracketPii
FNDA:0,_Z20translate_expressionPPcS0_
FNDA:0,_Z16free_single_nodeP12ast_node_t_t
FNDA:3196,_Z16record_tree_infoP12ast_node_t_t
FNDA:0,_Z27check_intermediate_variableP12ast_node_t_tPi
FNDA:144356,_Z14find_parameterP12ast_node_t_tPS0_Pi
FNDA:4,_Z17check_node_numberP12ast_node_t_tS0_ii
FNDA:0,_Z19delete_bracket_bodyP8exp_nodeS0_
FNDA:17,_Z17optimize_for_treev
FNDA:0,_Z13replace_enodeiP8exp_nodei
FNDA:0,_Z14mark_node_readP12ast_node_t_tPA20_c
FNDA:0,_Z17check_and_replaceP12ast_node_t_tPPc
FNDA:0,_Z11calculationPPc
FNDA:0,_Z14check_exp_listP8exp_node
FNDA:0,_Z28remove_intermediate_variableP12ast_node_t_tPA20_c
FNDA:18,_Z15change_ast_nodeP12ast_node_t_ti
FNDA:0,_Z14find_leaf_nodeP12ast_node_t_tPiS1_i
FNDA:0,_Z12initial_nodeP12ast_node_t_t3idsii
FNDA:0,_Z18construct_new_treeP8exp_nodeP12ast_node_t_tii
FNDA:0,_Z18search_marked_nodeP12ast_node_t_tiPcPS0_
FNDA:0,_Z17record_expressionP12ast_node_t_tPPc
FNDA:7368,_Z16change_para_nodeP12ast_node_t_tPci
FNDA:0,_Z13complete_nodeP12ast_node_t_tS0_
FNDA:0,_Z15create_ast_nodeP8exp_nodeP12ast_node_t_tii
FNDA:0,_Z15keep_all_branchP12ast_node_t_tS0_i
FNDA:1848,_Z17reduce_enode_listv
FNDA:924,_Z13free_exp_listv
FNDA:924,_Z26delete_continuous_multiplyPi
FNDA:0,_Z14delete_bracketii
FNDA:924,_Z19simplify_expressionPi
FNDA:0,_Z15copy_enode_listP8exp_nodeS0_S0_
FNDA:924,_Z15adjoin_constantPi
FNDA:34,_Z16reduce_parameterv
FNDA:51,_Z22find_most_unique_countv
FNDA:924,_Z16combine_constantPi
FNDA:0,_Z19delete_bracket_headP8exp_nodeS0_
FNF:64
FNH:29
DA:57,17
DA:60,17
DA:62,17
DA:64,17
DA:66,17
DA:70,17
DA:77,17
DA:83,17
DA:84,17
DA:86,17
DA:89,70
DA:91,53
DA:93,53
DA:96,53
DA:105,0
DA:106,0
DA:107,0
DA:108,0
DA:109,0
DA:110,0
DA:111,0
DA:113,0
DA:114,0
DA:115,0
DA:117,0
DA:118,0
DA:119,0
DA:120,0
DA:121,0
DA:122,0
DA:123,0
DA:124,0
DA:125,0
DA:126,0
DA:128,0
DA:130,0
DA:131,0
DA:132,0
DA:133,0
DA:134,0
DA:135,0
DA:136,0
DA:137,0
DA:138,0
DA:139,0
DA:142,0
DA:143,0
DA:144,0
DA:147,0
DA:148,0
DA:150,0
DA:151,0
DA:152,0
DA:155,17
DA:161,97601
DA:164,97601
DA:165,64433
DA:167,130716
DA:168,97548
DA:170,130716
DA:172,97548
DA:173,24709
DA:176,72839
DA:178,0
DA:179,0
DA:180,0
DA:190,0
DA:193,0
DA:194,0
DA:195,0
DA:199,0
DA:200,0
DA:202,0
DA:203,0
DA:205,0
DA:206,0
DA:207,0
DA:208,0
DA:212,0
DA:213,0
DA:214,0
DA:215,0
DA:216,0
DA:218,0
DA:220,0
DA:221,0
DA:222,0
DA:223,0
DA:224,0
DA:225,0
DA:226,0
DA:227,0
DA:228,0
DA:229,0
DA:230,0
DA:232,0
DA:233,0
DA:234,0
DA:235,0
DA:236,0
DA:239,0
DA:240,0
DA:244,0
DA:245,0
DA:247,0
DA:249,0
DA:250,0
DA:253,0
DA:258,0
DA:263,0
DA:265,0
DA:266,0
DA:267,0
DA:268,0
DA:269,0
DA:270,0
DA:271,0
DA:272,0
DA:273,0
DA:278,0
DA:280,0
DA:281,0
DA:282,0
DA:284,0
DA:285,0
DA:287,0
DA:288,0
DA:289,0
DA:296,0
DA:304,0
DA:305,0
DA:307,0
DA:309,0
DA:311,0
DA:313,0
DA:314,0
DA:315,0
DA:316,0
DA:317,0
DA:318,0
DA:319,0
DA:320,0
DA:321,0
DA:322,0
DA:323,0
DA:324,0
DA:325,0
DA:326,0
DA:328,0
DA:329,0
DA:333,0
DA:334,0
DA:337,0
DA:339,0
DA:346,0
DA:354,0
DA:355,0
DA:357,0
DA:359,0
DA:361,0
DA:363,0
DA:365,0
DA:367,0
DA:369,0
DA:370,0
DA:373,0
DA:374,0
DA:376,0
DA:378,0
DA:379,0
DA:381,0
DA:382,0
DA:383,0
DA:387,0
DA:389,0
DA:391,0
DA:396,0
DA:399,0
DA:401,0
DA:402,0
DA:403,0
DA:405,0
DA:406,0
DA:407,0
DA:409,0
DA:410,0
DA:411,0
DA:413,0
DA:414,0
DA:415,0
DA:417,0
DA:418,0
DA:420,0
DA:421,0
DA:422,0
DA:423,0
DA:424,0
DA:425,0
DA:426,0
DA:427,0
DA:428,0
DA:429,0
DA:430,0
DA:431,0
DA:433,0
DA:434,0
DA:436,0
DA:438,0
DA:439,0
DA:442,0
DA:447,0
DA:450,0
DA:451,0
DA:453,0
DA:454,0
DA:456,0
DA:458,0
DA:459,0
DA:462,0
DA:466,0
DA:471,0
DA:475,0
DA:476,0
DA:478,0
DA:480,0
DA:481,0
DA:484,0
DA:485,0
DA:487,0
DA:489,0
DA:490,0
DA:491,0
DA:492,0
DA:493,0
DA:494,0
DA:495,0
DA:496,0
DA:497,0
DA:498,0
DA:499,0
DA:500,0
DA:503,0
DA:510,0
DA:512,0
DA:513,0
DA:514,0
DA:515,0
DA:516,0
DA:517,0
DA:518,0
DA:519,0
DA:520,0
DA:521,0
DA:522,0
DA:523,0
DA:524,0
DA:526,0
DA:533,18
DA:535,18
DA:536,18
DA:537,18
DA:538,18
DA:540,40
DA:542,22
DA:544,0
DA:546,22
DA:549,18
DA:550,18
DA:552,18
DA:553,18
DA:554,18
DA:555,18
DA:556,18
DA:559,18
DA:561,0
DA:566,18
DA:568,18
DA:572,0
DA:576,18
DA:577,18
DA:579,18
DA:584,0
DA:588,0
DA:590,0
DA:591,0
DA:592,0
DA:594,0
DA:599,51
DA:603,210
DA:605,159
DA:606,159
DA:607,53
DA:610,51
DA:616,0
DA:619,0
DA:620,0
DA:622,0
DA:623,0
DA:625,0
DA:626,0
DA:630,0
DA:631,0
DA:632,0
DA:640,0
DA:643,0
DA:644,0
DA:646,0
DA:648,0
DA:649,0
DA:650,0
DA:653,0
DA:654,0
DA:655,0
DA:663,0
DA:666,0
DA:667,0
DA:670,0
DA:672,0
DA:674,0
DA:676,0
DA:677,0
DA:678,0
DA:679,0
DA:680,0
DA:681,0
DA:682,0
DA:684,0
DA:685,0
DA:686,0
DA:690,0
DA:694,0
DA:695,0
DA:698,0
DA:699,0
DA:700,0
DA:702,0
DA:703,0
DA:705,0
DA:707,0
DA:713,0
DA:716,0
DA:717,0
DA:719,0
DA:721,0
DA:723,0
DA:725,0
DA:726,0
DA:730,0
DA:741,0
DA:743,0
DA:744,0
DA:746,0
DA:747,0
DA:749,0
DA:750,0
DA:751,0
DA:753,0
DA:761,34
DA:764,34
DA:766,34
DA:767,34
DA:768,34
DA:769,34
DA:771,34
DA:772,34
DA:773,34
DA:775,34
DA:776,140
DA:778,106
DA:779,106
DA:780,106
DA:781,10124
DA:783,10018
DA:784,10018
DA:785,10018
DA:787,924
DA:788,924
DA:789,924
DA:790,924
DA:791,0
DA:792,924
DA:793,924
DA:795,0
DA:796,0
DA:797,0
DA:798,0
DA:799,0
DA:800,0
DA:801,0
DA:803,924
DA:813,197264
DA:816,197264
DA:817,130326
DA:819,66938
DA:820,10186
DA:822,264094
DA:823,197156
DA:831,924
DA:833,924
DA:834,924
DA:835,924
DA:836,924
DA:837,924
DA:839,924
DA:844,0
DA:847,0
DA:848,0
DA:849,0
DA:850,0
DA:852,0
DA:858,1848
DA:863,1848
DA:864,0
DA:865,0
DA:866,0
DA:868,0
DA:869,0
DA:872,1848
DA:873,0
DA:876,1848
DA:877,6392
DA:879,4544
DA:881,60
DA:883,0
DA:884,0
DA:887,0
DA:888,0
DA:890,0
DA:892,0
DA:893,0
DA:894,0
DA:895,60
DA:897,0
DA:898,0
DA:900,0
DA:901,0
DA:902,0
DA:904,0
DA:906,60
DA:907,60
DA:909,4484
DA:917,924
DA:920,924
DA:921,924
DA:922,924
DA:923,924
DA:924,924
DA:925,924
DA:926,924
DA:927,924
DA:929,924
DA:934,3196
DA:936,3196
DA:937,0
DA:941,3196
DA:943,2050
DA:944,2050
DA:949,1146
DA:950,1146
DA:951,1146
DA:952,1126
DA:963,3196
DA:966,3196
DA:967,3196
DA:968,3196
DA:969,3196
DA:970,3196
DA:971,3196
DA:973,208
DA:974,208
DA:975,208
DA:976,208
DA:977,208
DA:979,1842
DA:980,1842
DA:981,1842
DA:982,1842
DA:983,1842
DA:985,988
DA:987,988
DA:989,432
DA:990,432
DA:991,432
DA:992,432
DA:993,432
DA:995,332
DA:996,332
DA:997,332
DA:998,332
DA:999,332
DA:1001,192
DA:1002,192
DA:1003,192
DA:1004,192
DA:1005,192
DA:1007,0
DA:1008,0
DA:1009,0
DA:1010,0
DA:1011,0
DA:1013,32
DA:1014,32
DA:1018,1146
DA:1024,3196
DA:1025,3196
DA:1026,3196
DA:1028,3196
DA:1034,924
DA:1037,924
DA:1039,3196
DA:1041,2272
DA:1042,2272
DA:1044,0
DA:1046,0
DA:1047,0
DA:1048,0
DA:1049,0
DA:1050,0
DA:1052,0
DA:1053,0
DA:1054,0
DA:1055,0
DA:1056,0
DA:1058,0
DA:1059,0
DA:1061,0
DA:1062,0
DA:1063,0
DA:1065,0
DA:1066,0
DA:1068,0
DA:1070,0
DA:1072,0
DA:1073,0
DA:1075,0
DA:1078,0
DA:1079,0
DA:1080,0
DA:1082,0
DA:1086,2272
DA:1087,2272
DA:1089,0
DA:1090,0
DA:1093,924
DA:1098,0
DA:1101,0
DA:1102,0
DA:1103,0
DA:1104,0
DA:1105,0
DA:1107,0
DA:1109,0
DA:1110,0
DA:1115,0
DA:1116,0
DA:1119,0
DA:1121,0
DA:1122,0
DA:1123,0
DA:1125,0
DA:1126,0
DA:1127,0
DA:1131,0
DA:1132,0
DA:1135,0
DA:1136,0
DA:1143,924
DA:1149,4120
DA:1151,3196
DA:1152,3196
DA:1154,8
DA:1156,24
DA:1158,16
DA:1160,0
DA:1161,0
DA:1162,0
DA:1163,0
DA:1164,0
DA:1166,0
DA:1167,0
DA:1169,0
DA:1173,0
DA:1174,0
DA:1176,0
DA:1178,0
DA:1179,0
DA:1181,0
DA:1182,0
DA:1186,0
DA:1187,0
DA:1190,0
DA:1191,0
DA:1192,0
DA:1194,0
DA:1195,0
DA:1198,0
DA:1199,0
DA:1201,0
DA:1206,3196
DA:1207,3196
DA:1209,0
DA:1210,0
DA:1212,0
DA:1215,924
DA:1220,0
DA:1222,0
DA:1223,0
DA:1225,0
DA:1226,0
DA:1228,0
DA:1229,0
DA:1231,0
DA:1232,0
DA:1234,0
DA:1235,0
DA:1236,0
DA:1237,0
DA:1238,0
DA:1239,0
DA:1244,0
DA:1246,0
DA:1247,0
DA:1249,0
DA:1250,0
DA:1251,0
DA:1252,0
DA:1253,0
DA:1254,0
DA:1258,0
DA:1259,0
DA:1261,0
DA:1263,0
DA:1264,0
DA:1265,0
DA:1266,0
DA:1267,0
DA:1270,0
DA:1276,0
DA:1279,0
DA:1280,0
DA:1281,0
DA:1283,0
DA:1284,0
DA:1285,0
DA:1287,0
DA:1293,924
DA:1298,4120
DA:1300,3196
DA:1301,3196
DA:1303,36
DA:1305,32
DA:1307,12
DA:1309,12
DA:1311,4
DA:1312,4
DA:1316,4
DA:1318,0
DA:1319,0
DA:1320,0
DA:1321,0
DA:1323,0
DA:1324,0
DA:1325,0
DA:1326,0
DA:1329,0
DA:1330,0
DA:1332,0
DA:1333,0
DA:1334,0
DA:1335,0
DA:1336,0
DA:1338,4
DA:1342,3196
DA:1343,3196
DA:1345,0
DA:1346,0
DA:1350,924
DA:1355,0
DA:1357,0
DA:1360,0
DA:1362,0
DA:1363,0
DA:1364,0
DA:1365,0
DA:1366,0
DA:1368,0
DA:1369,0
DA:1370,0
DA:1372,0
DA:1373,0
DA:1374,0
DA:1375,0
DA:1376,0
DA:1377,0
DA:1379,0
DA:1380,0
DA:1383,0
DA:1388,0
DA:1390,0
DA:1391,0
DA:1392,0
DA:1394,0
DA:1395,0
DA:1396,0
DA:1398,0
DA:1399,0
DA:1400,0
DA:1402,0
DA:1403,0
DA:1404,0
DA:1406,0
DA:1407,0
DA:1408,0
DA:1411,0
DA:1416,924
DA:1419,4120
DA:1421,3196
DA:1422,3196
DA:1424,924
DA:1429,924
DA:1432,924
DA:1433,924
DA:1434,924
DA:1435,924
DA:1436,924
DA:1437,924
DA:1438,924
DA:1439,0
DA:1442,924
DA:1444,0
DA:1445,0
DA:1446,0
DA:1448,924
DA:1456,924
DA:1458,924
DA:1461,924
DA:1463,0
DA:1464,0
DA:1465,0
DA:1466,0
DA:1468,0
DA:1470,0
DA:1471,0
DA:1472,0
DA:1474,0
DA:1476,0
DA:1477,0
DA:1479,924
DA:1487,3374
DA:1490,3374
DA:1491,0
DA:1493,3374
DA:1495,576
DA:1497,384
DA:1499,0
DA:1500,0
DA:1505,3374
DA:1506,3656
DA:1507,2450
DA:1514,0
DA:1516,0
DA:1517,0
DA:1519,0
DA:1520,0
DA:1522,0
DA:1523,0
DA:1530,0
DA:1532,0
DA:1533,0
DA:1534,0
DA:1536,0
DA:1538,0
DA:1539,0
DA:1540,0
DA:1542,0
DA:1543,0
DA:1544,0
DA:1547,0
DA:1548,0
DA:1551,0
DA:1552,0
DA:1554,0
DA:1555,0
DA:1557,0
DA:1558,0
DA:1559,0
DA:1561,0
DA:1566,0
DA:1569,0
DA:1571,0
DA:1573,0
DA:1574,0
DA:1576,0
DA:1577,0
DA:1579,0
DA:1580,0
DA:1585,0
DA:1587,0
DA:1589,0
DA:1591,0
DA:1593,0
DA:1595,0
DA:1596,0
DA:1598,0
DA:1600,0
DA:1601,0
DA:1603,0
DA:1605,0
DA:1606,0
DA:1607,0
DA:1610,0
DA:1612,0
DA:1613,0
DA:1614,0
DA:1615,0
DA:1616,0
DA:1617,0
DA:1618,0
DA:1619,0
DA:1621,0
DA:1622,0
DA:1624,0
DA:1627,0
DA:1629,0
DA:1630,0
DA:1632,0
DA:1633,0
DA:1635,0
DA:1637,0
DA:1638,0
DA:1640,0
DA:1642,0
DA:1643,0
DA:1645,0
DA:1647,0
DA:1648,0
DA:1649,0
DA:1652,0
DA:1654,0
DA:1655,0
DA:1656,0
DA:1657,0
DA:1658,0
DA:1659,0
DA:1660,0
DA:1661,0
DA:1664,0
DA:1665,0
DA:1667,0
DA:1671,0
DA:1676,0
DA:1679,0
DA:1680,0
DA:1682,0
DA:1683,0
DA:1684,0
DA:1685,0
DA:1686,0
DA:1689,0
DA:1695,0
DA:1697,0
DA:1698,0
DA:1699,0
DA:1700,0
DA:1701,0
DA:1706,0
DA:1708,0
DA:1709,0
DA:1710,0
DA:1712,0
DA:1713,0
DA:1715,0
DA:1716,0
DA:1721,0
DA:1724,0
DA:1725,0
DA:1726,0
DA:1727,0
DA:1728,0
DA:1730,0
DA:1731,0
DA:1732,0
DA:1734,0
DA:1735,0
DA:1737,0
DA:1740,0
DA:1745,41002
DA:1748,41002
DA:1749,0
DA:1751,41002
DA:1753,932
DA:1754,932
DA:1757,40070
DA:1758,44036
DA:1759,30984
DA:1766,0
DA:1769,0
DA:1771,0
DA:1773,0
DA:1775,0
DA:1777,0
DA:1778,0
DA:1780,0
DA:1785,0
DA:1791,34
DA:1795,34
DA:1796,34
DA:1798,140
DA:1800,106
DA:1801,106
DA:1802,106
DA:1803,106
DA:1804,106
DA:1805,2
DA:1809,34
DA:1814,144356
DA:1819,144356
DA:1820,0
DA:1822,288606
DA:1824,160132
DA:1825,160132
DA:1826,15882
DA:1828,144250
DA:1829,24
DA:1831,144250
DA:1839,2
DA:1843,2
DA:1848,2
DA:1849,2
DA:1850,2
DA:1852,26
DA:1854,24
DA:1856,24
DA:1857,24
DA:1859,24
DA:1860,24
DA:1862,2040
DA:1864,2016
DA:1865,2016
DA:1870,2
DA:1875,7368
DA:1879,7368
DA:1880,0
DA:1884,7368
DA:1885,18
DA:1887,7368
DA:1888,7944
DA:1889,5352
DA:1896,18
DA:1898,18
DA:1899,18
DA:1900,18
DA:1901,18
DA:1902,18
DA:1903,18
DA:1905,18
DA:1910,17
DA:1914,70
DA:1916,53
DA:1917,53
DA:1920,17
DA:1926,72892
DA:1931,72892
DA:1932,39724
DA:1934,130716
DA:1936,97548
DA:1937,97548
DA:1939,72839
DA:1940,96
DA:1941,72839
DA:1951,96
DA:1953,96
DA:1955,96
DA:1956,2
DA:1957,96
DA:1958,2
DA:1962,0
DA:1964,0
DA:1965,0
DA:1968,96
DA:1974,4
DA:1976,4
DA:1977,4
DA:1978,4
DA:1979,4
DA:1980,0
DA:1981,4
DA:1983,0
DA:1984,0
DA:1986,4
DA:1988,0
DA:1989,0
DA:1990,0
DA:1991,0
DA:1992,0
DA:1994,0
DA:1995,0
DA:1996,0
DA:1998,0
DA:1999,0
DA:2000,0
DA:2001,0
DA:2009,0
DA:2013,0
DA:2014,0
DA:2015,0
DA:2017,0
DA:2023,0
DA:2027,0
DA:2028,0
DA:2029,0
DA:2031,0
DA:2033,0
DA:2035,0
DA:2037,0
DA:2039,0
DA:2040,0
DA:2041,0
DA:2048,0
DA:2050,0
DA:2051,0
DA:2060,0
DA:2064,0
DA:2065,0
DA:2068,0
DA:2070,0
DA:2071,0
DA:2074,0
DA:2075,0
DA:2083,0
DA:2086,0
DA:2087,0
DA:2089,0
DA:2090,0
DA:2091,0
DA:2093,0
DA:2094,0
DA:2095,0
DA:2096,0
DA:2099,0
DA:2105,0
DA:2107,0
DA:2109,0
DA:2111,0
DA:2112,0
DA:2115,0
LF:1046
LH:307
end_of_record
TN:
SF:/workspace/vtr-verilog-to-routing/ODIN_II/SRC/ast_optimizations.c
FN:49,_Z20optimizations_on_ASTP12ast_node_t_t
FN:59,_Z23reduceAST_traverse_nodeP12ast_node_t_tS0_i
FN:116,_Z12constantFoldP12ast_node_t_t
FNDA:97618,_Z23reduceAST_traverse_nodeP12ast_node_t_tS0_i
FNDA:17,_Z20optimizations_on_ASTP12ast_node_t_t
FNDA:39735,_Z12constantFoldP12ast_node_t_t
FNF:3
FNH:3
DA:49,17
DA:52,17
DA:53,17
DA:54,17
DA:59,97618
DA:62,97618
DA:63,97618
DA:64,97618
DA:66,97618
DA:69,24709
DA:73,72909
DA:76,72909
DA:80,72909
DA:83,170510
DA:86,97601
DA:90,72909
DA:93,72909
DA:97,170510
DA:99,97601
DA:100,0
DA:102,72909
DA:103,72909
DA:105,72909
DA:107,0
DA:110,72909
DA:116,39735
DA:119,39735
DA:120,39735
DA:121,39735
DA:123,39735
DA:126,0
DA:130,39735
DA:132,9406
DA:136,9406
DA:137,9406
DA:140,9406
DA:142,6028
DA:143,6028
DA:145,6028
DA:146,6028
DA:148,6028
DA:149,0
DA:150,0
DA:152,0
DA:153,0
DA:155,0
DA:156,0
DA:157,0
DA:159,0
DA:160,0
DA:162,0
DA:163,3299
DA:164,3299
DA:166,3299
DA:167,3299
DA:169,3299
DA:170,79
DA:171,79
DA:172,79
DA:173,79
DA:176,9406
DA:179,9406
DA:180,9406
DA:184,0
DA:185,0
DA:187,9406
DA:188,30329
DA:189,30329
DA:193,39735
DA:196,75111
DA:199,35376
DA:203,39735
DA:205,255
DA:206,255
DA:207,0
DA:211,0
DA:216,0
DA:218,0
DA:219,0
DA:220,0
DA:221,0
DA:222,0
DA:223,0
DA:224,0
DA:225,0
DA:226,0
DA:227,0
DA:228,0
DA:231,0
DA:233,0
DA:235,0
DA:236,0
DA:239,0
DA:242,0
DA:245,0
DA:248,255
DA:249,11815
DA:250,11815
DA:251,192
DA:252,181
DA:253,181
DA:257,181
DA:262,181
DA:264,61
DA:265,61
DA:266,61
DA:267,120
DA:268,120
DA:269,120
DA:270,0
DA:271,0
DA:272,0
DA:273,0
DA:274,0
DA:275,0
DA:276,0
DA:277,0
DA:278,0
DA:279,0
DA:280,0
DA:281,0
DA:282,0
DA:283,0
DA:284,0
DA:285,0
DA:286,0
DA:287,0
DA:288,0
DA:289,0
DA:290,0
DA:291,0
DA:292,0
DA:293,0
DA:294,0
DA:295,0
DA:296,0
DA:297,0
DA:298,0
DA:299,0
DA:300,0
DA:301,0
DA:302,0
DA:303,0
DA:304,0
DA:307,181
DA:309,181
DA:311,181
DA:312,181
DA:315,181
DA:318,181
DA:321,181
DA:324,11815
DA:325,27665
DA:326,27665
DA:330,75111
DA:332,35376
DA:333,9406
DA:335,39735
DA:336,39735
DA:338,39735
DA:340,181
DA:343,39735
LF:162
LH:91
end_of_record
TN:
SF:/workspace/vtr-verilog-to-routing/ODIN_II/SRC/ast_util.c
FN:41,_Z18create_node_w_type3idsii
FN:68,_Z18free_child_in_treeP12ast_node_t_ti
FN:106,_Z13free_ast_nodeP12ast_node_t_t
FN:142,_Z18free_ast_node_onlyP12ast_node_t_t
FN:167,_Z19create_tree_node_idPcii
FN:178,_Z33create_tree_node_long_long_numberxiii
FN:204,_Z23create_tree_node_numberPcii
FN:340,_Z25allocate_children_to_nodeP12ast_node_t_tiz
FN:361,_Z17add_child_to_nodeP12ast_node_t_tS0_
FN:376,_Z38add_child_at_the_beginning_of_the_nodeP12ast_node_t_tS0_
FN:406,_Z9get_rangeP12ast_node_t_t
FN:435,_Z32make_concat_into_list_of_stringsP12ast_node_t_tPc
FN:550,_Z30get_name_of_var_declare_at_bitP12ast_node_t_ti
FN:578,_Z22get_name_of_pin_at_bitP12ast_node_t_tiPc
FN:682,_Z23get_name_of_pins_numberP12ast_node_t_tii
FN:715,_Z16get_name_of_pinsP12ast_node_t_tPc
FN:858,_Z28get_name_of_pins_with_prefixP12ast_node_t_tPc
FN:883,_Z12resolve_nodePcP12ast_node_t_t
FN:946,_Z22make_module_param_nameP12ast_node_t_tPc
FN:972,_Z9calculatells
FN:998,_Z13move_ast_nodeP12ast_node_t_tS0_S0_
FN:1022,_Z18ast_node_deep_copyP12ast_node_t_t
FNDA:15586,_Z30get_name_of_var_declare_at_bitP12ast_node_t_ti
FNDA:23444,_Z19create_tree_node_idPcii
FNDA:21829,_Z28get_name_of_pins_with_prefixP12ast_node_t_tPc
FNDA:0,_Z13move_ast_nodeP12ast_node_t_tS0_S0_
FNDA:0,_Z32make_concat_into_list_of_stringsP12ast_node_t_tPc
FNDA:15595,_Z22get_name_of_pin_at_bitP12ast_node_t_tiPc
FNDA:0,_Z9calculatells
FNDA:32508,_Z25allocate_children_to_nodeP12ast_node_t_tiz
FNDA:0,_Z18ast_node_deep_copyP12ast_node_t_t
FNDA:4030,_Z23get_name_of_pins_numberP12ast_node_t_tii
FNDA:5637,_Z9get_rangeP12ast_node_t_t
FNDA:44437,_Z12resolve_nodePcP12ast_node_t_t
FNDA:181,_Z33create_tree_node_long_long_numberxiii
FNDA:0,_Z38add_child_at_the_beginning_of_the_nodeP12ast_node_t_tS0_
FNDA:0,_Z18free_ast_node_onlyP12ast_node_t_t
FNDA:362,_Z18free_child_in_treeP12ast_node_t_ti
FNDA:21829,_Z16get_name_of_pinsP12ast_node_t_tPc
FNDA:13857,_Z17add_child_to_nodeP12ast_node_t_tS0_
FNDA:181,_Z13free_ast_nodeP12ast_node_t_t
FNDA:40,_Z22make_module_param_nameP12ast_node_t_tPc
FNDA:14705,_Z23create_tree_node_numberPcii
FNDA:71159,_Z18create_node_w_type3idsii
FNF:22
FNH:16
DA:41,71159
DA:47,71159
DA:48,71159
DA:49,71159
DA:51,71159
DA:52,71159
DA:54,71159
DA:55,71159
DA:56,71159
DA:58,71159
DA:59,71159
DA:61,71159
DA:68,362
DA:70,362
DA:73,362
DA:74,0
DA:77,362
DA:79,0
DA:82,362
DA:83,0
DA:85,362
DA:87,0
DA:88,0
DA:89,0
DA:90,0
DA:91,362
DA:92,362
DA:93,327
DA:94,362
DA:95,0
DA:96,0
DA:99,362
DA:100,362
DA:106,181
DA:110,181
DA:111,0
DA:114,543
DA:116,362
DA:119,181
DA:120,181
DA:122,181
DA:124,0
DA:125,0
DA:126,0
DA:127,0
DA:128,0
DA:129,0
DA:130,0
DA:131,0
DA:132,181
DA:133,181
DA:136,181
DA:142,0
DA:144,0
DA:145,0
DA:147,0
DA:149,0
DA:150,0
DA:151,0
DA:152,0
DA:153,0
DA:154,0
DA:155,0
DA:156,0
DA:157,0
DA:158,0
DA:161,0
DA:162,0
DA:167,23444
DA:169,23444
DA:170,23444
DA:172,23444
DA:178,181
DA:180,181
DA:181,181
DA:182,181
DA:183,181
DA:185,181
DA:187,0
DA:188,0
DA:191,181
DA:192,181
DA:194,181
DA:195,181
DA:196,0
DA:198,181
DA:204,14705
DA:206,14705
DA:207,14705
DA:208,14705
DA:210,14705
DA:213,34654
DA:215,23603
DA:217,3654
DA:219,19949
DA:222,14705
DA:224,11051
DA:226,11051
DA:228,11051
DA:231,11051
DA:233,11051
DA:238,3654
DA:240,0
DA:241,0
DA:242,0
DA:243,23
DA:244,23
DA:245,23
DA:246,1
DA:247,1
DA:248,1
DA:249,3630
DA:250,3630
DA:251,3630
DA:252,0
DA:253,0
DA:254,0
DA:258,3654
DA:259,3654
DA:260,3654
DA:262,3654
DA:263,3654
DA:266,0
DA:267,0
DA:271,3654
DA:274,3654
DA:278,14705
DA:281,3654
DA:286,11051
DA:288,7261
DA:292,3790
DA:296,14705
DA:298,11051
DA:300,11051
DA:301,11051
DA:302,11051
DA:303,23
DA:304,23
DA:305,23
DA:306,23
DA:308,23
DA:311,0
DA:313,23
DA:314,1
DA:315,1
DA:316,1
DA:318,1
DA:319,1
DA:320,3630
DA:322,3630
DA:324,3630
DA:328,3630
DA:330,3630
DA:333,14705
DA:340,32508
DA:346,32508
DA:347,32508
DA:350,32508
DA:352,111261
DA:354,78753
DA:356,32508
DA:361,13857
DA:364,13857
DA:365,0
DA:368,13857
DA:369,13857
DA:370,13857
DA:376,0
DA:381,0
DA:382,0
DA:387,0
DA:388,0
DA:390,0
DA:392,0
DA:393,0
DA:394,0
DA:395,0
DA:398,0
DA:406,5637
DA:410,5637
DA:415,3638
DA:418,0
DA:421,0
DA:422,0
DA:423,0
DA:426,3638
DA:428,1999
DA:435,0
DA:440,0
DA:441,0
DA:444,0
DA:446,0
DA:448,0
DA:452,0
DA:454,0
DA:456,0
DA:458,0
DA:460,0
DA:462,0
DA:464,0
DA:465,0
DA:466,0
DA:468,0
DA:471,0
DA:472,0
DA:473,0
DA:475,0
DA:477,0
DA:478,0
DA:479,0
DA:482,0
DA:484,0
DA:488,0
DA:491,0
DA:493,0
DA:494,0
DA:495,0
DA:497,0
DA:499,0
DA:500,0
DA:501,0
DA:502,0
DA:503,0
DA:507,0
DA:509,0
DA:510,0
DA:511,0
DA:512,0
DA:515,0
DA:517,0
DA:519,0
DA:523,0
DA:525,0
DA:526,0
DA:527,0
DA:530,0
DA:533,0
DA:535,0
DA:536,0
DA:537,0
DA:541,0
DA:544,0
DA:550,15586
DA:552,15586
DA:555,15586
DA:557,100
DA:558,100
DA:560,15486
DA:562,15486
DA:563,15486
DA:565,0
DA:568,0
DA:571,15586
DA:578,15595
DA:583,15595
DA:585,0
DA:586,0
DA:587,0
DA:589,15595
DA:591,118
DA:592,118
DA:593,118
DA:594,118
DA:595,118
DA:597,118
DA:599,15477
DA:601,101
DA:603,15376
DA:608,15376
DA:612,0
DA:613,0
DA:616,15376
DA:618,0
DA:620,15376
DA:622,15376
DA:623,15376
DA:626,0
DA:628,15376
DA:630,0
DA:632,0
DA:633,0
DA:635,0
DA:636,0
DA:638,0
DA:639,0
DA:641,0
DA:643,0
DA:644,0
DA:648,0
DA:649,0
DA:652,0
DA:654,0
DA:656,0
DA:657,0
DA:661,0
DA:664,0
DA:667,0
DA:668,0
DA:673,0
DA:675,0
DA:676,0
DA:679,15595
DA:682,4030
DA:685,4030
DA:687,4030
DA:689,28946
DA:692,24916
DA:694,24916
DA:695,24916
DA:697,6047
DA:698,18869
DA:699,0
DA:700,0
DA:705,0
DA:707,4030
DA:715,21829
DA:717,21829
DA:718,21829
DA:722,21829
DA:724,21829
DA:726,3599
DA:727,3599
DA:728,3599
DA:729,3599
DA:730,3599
DA:731,3599
DA:733,18230
DA:735,203
DA:736,203
DA:737,203
DA:738,203
DA:739,203
DA:740,203
DA:742,203
DA:743,6751
DA:744,6548
DA:748,0
DA:749,0
DA:752,18027
DA:759,14009
DA:761,14009
DA:763,13997
DA:765,13997
DA:767,0
DA:769,13997
DA:771,13997
DA:774,0
DA:776,13997
DA:778,13997
DA:780,5076
DA:781,5076
DA:782,5076
DA:784,8921
DA:786,8921
DA:787,8921
DA:788,8921
DA:789,8921
DA:790,8921
DA:791,8921
DA:792,146340
DA:794,274838
DA:795,137419
DA:796,137419
DA:799,0
DA:801,0
DA:811,12
DA:812,12
DA:813,12
DA:816,4018
DA:818,4018
DA:819,4018
DA:821,0
DA:823,0
DA:825,0
DA:829,0
DA:832,0
DA:835,0
DA:836,0
DA:837,0
DA:839,0
DA:840,0
DA:846,0
DA:849,21829
DA:850,21829
DA:852,21829
DA:858,21829
DA:864,21829
DA:866,199387
DA:868,177558
DA:871,21829
DA:883,44437
DA:885,44437
DA:893,44437
DA:894,44437
DA:895,44437
DA:897,44437
DA:899,0
DA:902,44437
DA:904,14212
DA:905,14212
DA:906,14212
DA:907,14212
DA:908,14212
DA:909,14212
DA:910,14212
DA:912,12
DA:913,12
DA:915,14212
DA:917,0
DA:918,0
DA:919,0
DA:920,0
DA:921,0
DA:923,0
DA:924,0
DA:925,0
DA:927,0
DA:929,30225
DA:930,30225
DA:933,44437
DA:934,44437
DA:936,44437
DA:946,40
DA:948,40
DA:949,40
DA:951,40
DA:954,0
DA:955,0
DA:956,0
DA:958,0
DA:960,0
DA:964,40
DA:972,0
DA:974,0
DA:975,0
DA:976,0
DA:977,0
DA:978,0
DA:979,0
DA:980,0
DA:981,0
DA:982,0
DA:983,0
DA:984,0
DA:985,0
DA:986,0
DA:987,0
DA:988,0
DA:989,0
DA:991,0
DA:998,0
DA:1002,0
DA:1003,0
DA:1005,0
DA:1007,0
DA:1008,0
DA:1009,0
DA:1011,0
DA:1015,0
DA:1016,0
DA:1022,0
DA:1026,0
DA:1027,0
DA:1031,0
DA:1032,0
DA:1035,0
DA:1036,0
DA:1040,0
DA:1041,0
DA:1044,0
LF:470
LH:248
end_of_record
TN:
SF:/workspace/vtr-verilog-to-routing/ODIN_II/SRC/errors.c
FN:35,_Z13error_messagesiiPKcz
FN:62,_Z15warning_messagesiiPKcz
FNDA:1,_Z13error_messagesiiPKcz
FNDA:1,_Z15warning_messagesiiPKcz
FNF:2
FNH:2
DA:35,1
DA:39,1
DA:41,1
DA:42,1
DA:43,0
DA:44,1
DA:45,0
DA:46,1
DA:48,1
DA:49,1
DA:50,1
DA:51,1
DA:54,1
DA:56,1
DA:62,1
DA:67,1
DA:69,1
DA:70,1
DA:71,1
DA:74,1
DA:75,1
DA:76,0
DA:77,1
DA:78,0
DA:79,1
DA:80,1
DA:82,1
DA:83,1
DA:84,1
DA:87,1
DA:88,1
LF:31
LH:27
end_of_record
TN:
SF:/workspace/vtr-verilog-to-routing/ODIN_II/SRC/hard_blocks.c
FN:38,_Z14get_model_portP13s_model_portsPKc
FN:47,_Z22cache_hard_block_namesv
FN:61,_Z20register_hard_blocksv
FN:110,_Z22deregister_hard_blocksv
FN:116,_Z15find_hard_blockPKc
FN:130,_Z17define_hard_blockP9nnode_t_tsP8_IO_FILE
[...]
DA:2503,0
DA:2505,0
DA:2509,0
DA:2511,0
DA:2515,0
DA:2517,0
DA:2521,0
DA:2523,0
DA:2527,0
DA:2529,0
DA:2533,0
DA:2535,0
DA:2539,0
DA:2541,0
DA:2545,0
DA:2547,0
DA:2551,0
DA:2553,0
DA:2557,0
DA:2559,0
DA:2563,0
DA:2565,41
DA:2569,41
DA:2571,0
DA:2575,0
DA:2577,41
DA:2581,41
DA:2583,0
DA:2587,0
DA:2589,0
DA:2593,0
DA:2595,41
DA:2599,41
DA:2601,0
DA:2605,0
DA:2607,0
DA:2611,0
DA:2613,0
DA:2617,0
DA:2619,0
DA:2623,0
DA:2625,0
DA:2629,0
DA:2631,712
DA:2635,712
DA:2637,41
DA:2641,41
DA:2643,51
DA:2647,51
DA:2649,702
DA:2653,702
DA:2655,0
DA:2659,0
DA:2661,0
DA:2665,0
DA:2667,0
DA:2671,0
DA:2673,0
DA:2677,0
DA:2679,550
DA:2683,550
DA:2685,0
DA:2689,0
DA:2691,392
DA:2695,392
DA:2697,200
DA:2701,200
DA:2703,2103
DA:2707,2103
DA:2709,827
DA:2713,827
DA:2715,661
DA:2719,661
DA:2721,15
DA:2725,15
DA:2727,0
DA:2731,0
DA:2733,0
DA:2737,0
DA:2739,0
DA:2743,0
DA:2745,0
DA:2749,0
DA:2751,0
DA:2755,0
DA:2757,0
DA:2761,0
DA:2763,2906
DA:2767,2906
DA:2769,0
DA:2773,0
DA:2775,2103
DA:2779,2103
DA:2781,0
DA:2785,0
DA:2787,0
DA:2791,0
DA:2793,306
DA:2797,306
DA:2799,15
DA:2803,15
DA:2805,320
DA:2809,320
DA:2811,1
DA:2815,1
DA:2817,392
DA:2821,392
DA:2823,786
DA:2827,786
DA:2829,392
DA:2833,392
DA:2835,550
DA:2839,550
DA:2841,0
DA:2845,0
DA:2847,9
DA:2851,9
DA:2853,0
DA:2857,0
DA:2859,550
DA:2863,550
DA:2865,7
DA:2869,7
DA:2871,550
DA:2875,550
DA:2877,2
DA:2881,2
DA:2883,28297
DA:2887,28297
DA:2889,0
DA:2893,0
DA:2895,7
DA:2899,7
DA:2901,158
DA:2905,158
DA:2907,1
DA:2911,1
DA:2913,6
DA:2917,6
DA:2919,0
DA:2923,0
DA:2925,1
DA:2929,1
DA:2931,0
DA:2935,0
DA:2937,29
DA:2941,29
DA:2943,0
DA:2947,0
DA:2949,558
DA:2953,558
DA:2955,0
DA:2959,0
DA:2961,96
DA:2965,96
DA:2967,0
DA:2971,0
DA:2973,0
DA:2977,0
DA:2979,330
DA:2983,330
DA:2985,530
DA:2989,530
DA:2991,120
DA:2995,120
DA:2997,44
DA:3001,44
DA:3003,1
DA:3007,1
DA:3009,1
DA:3013,1
DA:3015,1
DA:3019,1
DA:3021,287
DA:3025,287
DA:3027,38
DA:3031,38
DA:3033,38
DA:3037,38
DA:3039,0
DA:3043,0
DA:3045,1817
DA:3049,1817
DA:3051,1
DA:3055,1
DA:3057,39
DA:3061,39
DA:3063,13
DA:3067,13
DA:3069,0
DA:3073,0
DA:3075,0
DA:3079,0
DA:3081,227
DA:3085,227
DA:3087,16
DA:3091,16
DA:3093,515
DA:3097,515
DA:3099,0
DA:3103,0
DA:3105,721
DA:3109,721
DA:3111,0
DA:3115,0
DA:3117,14705
DA:3121,14705
DA:3123,13552
DA:3127,13552
DA:3129,3518
DA:3133,3518
DA:3135,164
DA:3139,164
DA:3141,1386
DA:3145,1386
DA:3147,65
DA:3151,65
DA:3153,1321
DA:3157,1321
DA:3159,2024
DA:3163,2024
DA:3165,1321
DA:3169,1321
DA:3174,0
DA:3187,123571
DA:3189,123571
DA:3190,123571
DA:3191,123571
DA:3193,123571
DA:3199,123571
DA:3200,123571
DA:3201,111510
DA:3202,190717
DA:3203,56425
DA:3206,123571
DA:3212,0
DA:3215,0
DA:3218,0
DA:3220,0
DA:3227,0
DA:3229,0
DA:3230,0
DA:3231,0
DA:3232,0
DA:3234,0
DA:3235,0
DA:3236,0
DA:3237,0
DA:3239,0
DA:3240,0
DA:3241,0
DA:3245,0
DA:3246,0
DA:3249,0
DA:3250,0
DA:3251,0
DA:3259,0
DA:3264,0
DA:3267,0
DA:3268,0
DA:3272,0
DA:3274,0
DA:3280,0
DA:3304,0
DA:3305,0
DA:3309,0
DA:3310,0
DA:3312,0
DA:3313,0
DA:3315,0
DA:3316,0
DA:3317,0
DA:3322,0
DA:3323,0
DA:3326,0
DA:3327,0
DA:3328,0
DA:3329,0
DA:3330,0
DA:3334,0
DA:3339,0
DA:3341,0
DA:3342,0
DA:3348,17
DA:3349,17
DA:3350,17
DA:3356,0
DA:3357,0
DA:3358,0
DA:3365,0
DA:3366,0
DA:3367,0
DA:3375,17
DA:3376,17
DA:3380,0
DA:3381,0
DA:3386,17
DA:3387,17
DA:3388,51
DA:3390,34
DA:3391,34
DA:3392,34
DA:3395,17
DA:3396,0
DA:3399,17
DA:3400,0
DA:3402,17
LF:635
LH:266
end_of_record
TN:
SF:/workspace/vtr-verilog-to-routing/ODIN_II/SRC/verilog_bison.y
FN:47,_Z7yyerrorPKc
FN:54,_Z6yywrapv
FNDA:0,_Z6yywrapv
FNDA:0,_Z7yyerrorPKc
FNF:2
FNH:0
DA:47,0
DA:49,0
DA:50,0
DA:54,0
DA:56,0
DA:128,17
DA:132,36
DA:134,36
DA:138,0
DA:141,0
DA:142,17
DA:143,0
DA:146,0
DA:150,53
DA:151,0
DA:152,0
DA:155,7672
DA:156,53
DA:159,1
DA:160,624
DA:161,256
DA:162,0
DA:163,3547
DA:164,0
DA:165,2706
DA:166,0
DA:167,41
DA:168,0
DA:169,0
DA:170,550
DA:171,0
DA:172,0
DA:177,0
DA:181,0
DA:185,0
DA:188,0
DA:189,0
DA:192,0
DA:193,0
DA:194,0
DA:195,0
DA:196,0
DA:197,0
DA:198,0
DA:201,0
DA:204,1
DA:207,0
DA:210,624
DA:213,256
DA:216,0
DA:219,2679
DA:220,868
DA:222,0
DA:224,0
DA:226,0
DA:227,0
DA:229,991
DA:230,0
DA:231,4481
DA:234,0
DA:235,0
DA:237,1986
DA:238,3474
DA:239,0
DA:241,0
DA:243,12
DA:246,0
DA:248,0
DA:251,0
DA:254,2706
DA:256,0
DA:257,2706
DA:261,0
DA:262,0
DA:263,0
DA:264,0
DA:265,0
DA:266,0
DA:267,0
DA:271,0
DA:272,0
DA:274,0
DA:275,0
DA:277,0
DA:278,0
DA:282,0
DA:283,0
DA:288,0
DA:289,0
DA:293,41
DA:298,0
DA:299,41
DA:302,0
DA:307,0
DA:309,41
DA:310,0
DA:311,0
DA:312,0
DA:314,0
DA:315,0
DA:317,712
DA:318,41
DA:321,51
DA:322,702
DA:325,0
DA:326,0
DA:329,0
DA:330,0
DA:334,550
DA:337,0
DA:338,392
DA:339,200
DA:340,2103
DA:341,827
DA:342,661
DA:343,15
DA:344,0
DA:345,0
DA:346,0
DA:349,0
DA:350,0
DA:353,0
DA:355,2906
DA:356,0
DA:359,2103
DA:360,0
DA:363,0
DA:364,306
DA:365,15
DA:368,320
DA:369,1
DA:372,392
DA:375,786
DA:376,392
DA:379,550
DA:380,0
DA:384,9
DA:385,0
DA:386,550
DA:389,7
DA:390,550
DA:391,2
DA:394,28297
DA:395,0
DA:396,7
DA:397,158
DA:398,1
DA:399,6
DA:400,0
DA:401,1
DA:402,0
DA:403,29
DA:404,0
DA:405,558
DA:406,0
DA:407,96
DA:408,0
DA:409,0
DA:410,330
DA:411,530
DA:412,120
DA:413,44
DA:414,1
DA:415,1
DA:416,1
DA:417,287
DA:418,38
DA:419,38
DA:420,0
DA:421,1817
DA:422,1
DA:423,39
DA:424,13
DA:425,0
DA:426,0
DA:427,227
DA:428,16
DA:429,515
DA:430,0
DA:431,721
DA:432,0
DA:435,14705
DA:436,13552
DA:437,3518
DA:438,164
DA:439,1386
DA:442,65
DA:443,1321
DA:445,2024
DA:446,1321
LF:190
LH:91
end_of_record
TN:
SF:/workspace/vtr-verilog-to-routing/ODIN_II/SRC/verilog_flex.c
FN:872,_Z5yylexv
FN:1528,_ZL18yy_get_next_bufferv
FN:1666,_ZL21yy_get_previous_statev
FN:1698,_ZL16yy_try_NUL_transi
FN:1723,_ZL7yyunputiPc
FN:1764,_ZL7yyinputv
FN:1841,_Z9yyrestartP8_IO_FILE
FN:1858,_Z19yy_switch_to_bufferP15yy_buffer_state
FN:1889,_ZL20yy_load_buffer_statev
FN:1903,_Z16yy_create_bufferP8_IO_FILEi
FN:1931,_Z16yy_delete_bufferP15yy_buffer_state
FN:1950,_ZL14yy_init_bufferP15yy_buffer_stateP8_IO_FILE
FN:1978,_Z15yy_flush_bufferP15yy_buffer_state
FN:2007,_Z19yypush_buffer_stateP15yy_buffer_state
FN:2037,_Z18yypop_buffer_statev
FN:2056,_ZL21yyensure_buffer_stackv
FN:2105,_Z14yy_scan_bufferPcm
FN:2142,_Z14yy_scan_stringPKc
FN:2155,_Z13yy_scan_bytesPKci
FN:2189,_ZL14yy_fatal_errorPKc
FN:2217,_Z12yyget_linenov
FN:2226,_Z8yyget_inv
FN:2234,_Z9yyget_outv
FN:2242,_Z10yyget_lengv
FN:2251,_Z10yyget_textv
FN:2260,_Z12yyset_linenoi
FN:2272,_Z8yyset_inP8_IO_FILE
FN:2277,_Z9yyset_outP8_IO_FILE
FN:2282,_Z11yyget_debugv
FN:2287,_Z11yyset_debugi
FN:2292,_ZL15yy_init_globalsv
FN:2321,_Z13yylex_destroyv
FN:2367,_Z7yyallocm
FN:2372,_Z9yyreallocPvm
FN:2385,_Z6yyfreePv
FNDA:17,_ZL21yyensure_buffer_stackv
FNDA:0,_Z11yyget_debugv
FNDA:0,_Z8yyset_inP8_IO_FILE
FNDA:0,_ZL7yyinputv
FNDA:0,_Z18yypop_buffer_statev
FNDA:0,_ZL14yy_fatal_errorPKc
FNDA:0,_Z14yy_scan_bufferPcm
FNDA:0,_Z19yypush_buffer_stateP15yy_buffer_state
FNDA:0,_Z11yyset_debugi
FNDA:17,_Z9yyrestartP8_IO_FILE
FNDA:0,_Z14yy_scan_stringPKc
FNDA:17,_Z16yy_create_bufferP8_IO_FILEi
FNDA:0,_Z9yyget_outv
FNDA:68,_ZL18yy_get_next_bufferv
FNDA:0,_Z19yy_switch_to_bufferP15yy_buffer_state
FNDA:0,_ZL15yy_init_globalsv
FNDA:0,_Z10yyget_lengv
FNDA:0,_Z13yylex_destroyv
FNDA:0,_Z16yy_delete_bufferP15yy_buffer_state
FNDA:0,_Z9yyreallocPvm
FNDA:51,_ZL21yy_get_previous_statev
FNDA:0,_ZL7yyunputiPc
FNDA:34,_ZL14yy_init_bufferP15yy_buffer_stateP8_IO_FILE
FNDA:0,_Z9yyset_outP8_IO_FILE
FNDA:0,_Z10yyget_textv
FNDA:0,_ZL16yy_try_NUL_transi
FNDA:0,_Z12yyset_linenoi
FNDA:51,_Z7yyallocm
FNDA:0,_Z8yyget_inv
FNDA:0,_Z6yyfreePv
FNDA:0,_Z12yyget_linenov
FNDA:0,_Z13yy_scan_bytesPKci
FNDA:34,_Z15yy_flush_bufferP15yy_buffer_state
FNDA:51,_ZL20yy_load_buffer_statev
FNDA:101952,_Z5yylexv
FNF:35
FNH:10
DA:872,101952
DA:878,101952
DA:880,17
DA:886,17
DA:887,17
DA:889,17
DA:890,0
DA:892,17
DA:893,17
DA:895,17
DA:896,17
DA:897,34
DA:898,17
DA:901,17
DA:914,154873
DA:917,154873
DA:922,154873
DA:924,154873
DA:925,419494
DA:926,264570
DA:928,419494
DA:929,419494
DA:931,260945
DA:932,260945
DA:934,656471
DA:936,236977
DA:937,236977
DA:938,146042
DA:940,419494
DA:941,419494
DA:943,419494
DA:945,154924
DA:946,154924
DA:947,154924
DA:949,90935
DA:950,90935
DA:951,90935
DA:954,154924
DA:956,154941
DA:958,154941
DA:960,0
DA:962,0
DA:963,0
DA:964,0
DA:965,0
DA:967,550
DA:1387,17
DA:1389,17
DA:1391,68
DA:1394,68
DA:1397,68
DA:1400,68
DA:1411,17
DA:1412,17
DA:1413,17
DA:1423,68
DA:1427,0
DA:1429,0
DA:1440,0
DA:1442,0
DA:1444,0
DA:1447,0
DA:1448,0
DA:1449,0
DA:1454,0
DA:1455,0
DA:1459,68
DA:1461,17
DA:1463,17
DA:1476,17
DA:1478,17
DA:1479,17
DA:1490,51
DA:1491,51
DA:1492,51
DA:1494,51
DA:1496,51
DA:1497,51
DA:1498,51
DA:1500,0
DA:1501,0
DA:1502,0
DA:1504,0
DA:1506,0
DA:1507,0
DA:1508,0
DA:1510,0
DA:1513,0
DA:1514,0
DA:1515,52921
DA:1517,52921
DA:1528,68
DA:1530,68
DA:1531,68
DA:1535,68
DA:1536,0
DA:1539,68
DA:1541,0
DA:1546,0
DA:1554,0
DA:1561,68
DA:1563,152
DA:1564,84
DA:1566,68
DA:1570,0
DA:1574,68
DA:1575,68
DA:1577,68
DA:1581,0
DA:1583,0
DA:1584,0
DA:1586,0
DA:1588,0
DA:1590,0
DA:1591,0
DA:1593,0
DA:1595,0
DA:1597,0
DA:1598,0
DA:1602,0
DA:1604,0
DA:1605,0
DA:1608,0
DA:1610,0
DA:1615,68
DA:1616,68
DA:1619,68
DA:1622,68
DA:1625,68
DA:1627,17
DA:1629,17
DA:1630,17
DA:1635,0
DA:1636,0
DA:1642,51
DA:1644,68
DA:1646,0
DA:1647,0
DA:1648,0
DA:1649,0
DA:1650,0
DA:1652,0
DA:1655,68
DA:1656,68
DA:1657,68
DA:1659,68
DA:1661,68
DA:1666,51
DA:1671,51
DA:1673,135
DA:1675,84
DA:1676,84
DA:1678,54
DA:1679,54
DA:1681,125
DA:1683,41
DA:1684,41
DA:1685,41
DA:1687,84
DA:1690,51
DA:1698,0
DA:1701,0
DA:1703,0
DA:1704,0
DA:1706,0
DA:1707,0
DA:1709,0
DA:1711,0
DA:1712,0
DA:1713,0
DA:1715,0
DA:1716,0
DA:1718,0
DA:1723,0
DA:1727,0
DA:1730,0
DA:1732,0
DA:1735,0
DA:1736,0
DA:1737,0
DA:1738,0
DA:1739,0
DA:1741,0
DA:1742,0
DA:1744,0
DA:1745,0
DA:1746,0
DA:1747,0
DA:1749,0
DA:1750,0
DA:1753,0
DA:1755,0
DA:1756,0
DA:1757,0
DA:1758,0
DA:1764,0
DA:1772,0
DA:1774,0
DA:1780,0
DA:1782,0
DA:1786,0
DA:1787,0
DA:1789,0
DA:1791,0
DA:1803,0
DA:1807,0
DA:1810,0
DA:1821,0
DA:1822,0
DA:1823,0
DA:1828,0
DA:1829,0
DA:1830,0
DA:1832,0
DA:1841,17
DA:1844,17
DA:1845,0
DA:1846,0
DA:1847,0
DA:1850,17
DA:1851,17
DA:1852,17
DA:1858,0
DA:1866,0
DA:1867,0
DA:1868,0
DA:1870,0
DA:1873,0
DA:1874,0
DA:1875,0
DA:1878,0
DA:1879,0
DA:1886,0
DA:1889,51
DA:1891,51
DA:1892,51
DA:1893,51
DA:1894,51
DA:1895,51
DA:1903,17
DA:1907,17
DA:1908,17
DA:1909,0
DA:1911,17
DA:1916,17
DA:1917,17
DA:1918,0
DA:1920,17
DA:1922,17
DA:1924,17
DA:1931,0
DA:1934,0
DA:1935,0
DA:1937,0
DA:1938,0
DA:1940,0
DA:1941,0
DA:1943,0
DA:1950,34
DA:1953,34
DA:1955,34
DA:1957,34
DA:1958,34
DA:1964,34
DA:1965,17
DA:1966,17
DA:1969,34
DA:1971,34
DA:1972,34
DA:1978,34
DA:1980,34
DA:1981,0
DA:1983,34
DA:1989,34
DA:1990,34
DA:1992,34
DA:1994,34
DA:1995,34
DA:1997,34
DA:1998,17
DA:2007,0
DA:2009,0
DA:2010,0
DA:2012,0
DA:2015,0
DA:2018,0
DA:2019,0
DA:2020,0
DA:2024,0
DA:2025,0
DA:2026,0
DA:2029,0
DA:2030,0
DA:2037,0
DA:2039,0
DA:2040,0
DA:2042,0
DA:2043,0
DA:2044,0
DA:2045,0
DA:2047,0
DA:2048,0
DA:2049,0
DA:2056,17
DA:2060,17
DA:2066,17
DA:2067,17
DA:2068,17
DA:2070,17
DA:2071,0
DA:2073,17
DA:2075,17
DA:2076,17
DA:2077,17
DA:2080,0
DA:2083,0
DA:2085,0
DA:2086,0
DA:2087,0
DA:2090,0
DA:2091,0
DA:2094,0
DA:2095,0
DA:2105,0
DA:2109,0
DA:2110,0
DA:2111,0
DA:2113,0
DA:2115,0
DA:2116,0
DA:2117,0
DA:2119,0
DA:2120,0
DA:2121,0
DA:2122,0
DA:2123,0
DA:2124,0
DA:2125,0
DA:2126,0
DA:2127,0
DA:2129,0
DA:2131,0
DA:2142,0
DA:2145,0
DA:2155,0
DA:2163,0
DA:2164,0
DA:2165,0
DA:2166,0
DA:2168,0
DA:2169,0
DA:2171,0
DA:2173,0
DA:2174,0
DA:2175,0
DA:2180,0
DA:2182,0
DA:2189,0
DA:2191,0
DA:2192,0
DA:2217,0
DA:2220,0
DA:2226,0
DA:2228,0
DA:2234,0
DA:2236,0
DA:2242,0
DA:2244,0
DA:2251,0
DA:2253,0
DA:2260,0
DA:2263,0
DA:2264,0
DA:2272,0
DA:2274,0
DA:2275,0
DA:2277,0
DA:2279,0
DA:2280,0
DA:2282,0
DA:2284,0
DA:2287,0
DA:2289,0
DA:2290,0
DA:2292,0
DA:2298,0
DA:2299,0
DA:2300,0
DA:2301,0
DA:2302,0
DA:2303,0
DA:2310,0
DA:2311,0
DA:2317,0
DA:2321,0
DA:2325,0
DA:2326,0
DA:2327,0
DA:2328,0
DA:2332,0
DA:2333,0
DA:2337,0
DA:2339,0
DA:2367,51
DA:2369,51
DA:2372,0
DA:2382,0
DA:2385,0
DA:2387,0
DA:2388,0
LF:410
LH:158
end_of_record
TN:
SF:/workspace/vtr-verilog-to-routing/ODIN_II/SRC/verilog_flex.l
FNF:0
FNH:0
DA:45,550
DA:46,0
DA:47,2706
DA:48,3098
DA:49,392
DA:50,15
DA:51,15
DA:52,0
DA:53,1
DA:54,67
DA:55,66
DA:56,0
DA:57,0
DA:58,661
DA:59,1053
DA:60,407
DA:61,15
DA:62,53
DA:63,53
DA:64,0
DA:65,0
DA:66,1488
DA:67,1488
DA:68,0
DA:69,624
DA:70,624
DA:71,0
DA:72,53
DA:73,53
DA:74,0
DA:75,2
DA:76,2
DA:77,0
DA:78,9
DA:79,265
DA:80,257
DA:81,1
DA:82,550
DA:83,1418
DA:84,868
DA:85,0
DA:86,0
DA:87,0
DA:88,0
DA:89,0
DA:90,0
DA:91,0
DA:92,0
DA:93,2679
DA:94,2679
DA:95,0
DA:96,0
DA:98,0
DA:99,16
DA:100,243
DA:101,2369
DA:102,2142
DA:103,13
DA:104,13
DA:105,38
DA:106,1855
DA:107,1818
DA:108,1
DA:109,0
DA:110,0
DA:111,1
DA:112,2
DA:113,3
DA:114,2
DA:115,23444
DA:116,0
DA:117,3654
DA:118,14705
DA:119,11051
DA:120,0
DA:122,48213
DA:125,35264
DA:126,17591
DA:127,17591
DA:128,0
DA:129,0
DA:130,0
DA:131,0
DA:132,0
DA:133,0
DA:134,0
DA:135,0
DA:136,0
DA:137,0
LF:89
LH:54
end_of_record
TN:
SF:/workspace/vtr-verilog-to-routing/ODIN_II/SRC/verilog_preprocessor.c
FN:17,_Z17init_veri_preprocv
FN:42,_Z20cleanup_veri_preprocv
FN:76,_Z17clean_veri_defineP11veri_define
FN:96,_Z18clean_veri_includeP12veri_include
FN:113,_Z15add_veri_definePcS_iP12veri_include
FN:182,_Z16add_veri_includePciP12veri_include
FN:226,_Z19ret_veri_definedvalPc
FN:240,_Z15veri_is_definedPc
FN:262,_Z16open_source_filePc
FN:313,_Z12veri_preprocP8_IO_FILE
FN:351,_Z15remove_commentsP8_IO_FILE
FN:399,_Z24veri_preproc_bootstrapedP8_IO_FILES0_P12veri_include
FN:628,_Z4trimPc
FN:655,_Z3topP15veri_flag_stack
FN:665,_Z3popP15veri_flag_stack
FN:679,_Z4pushP15veri_flag_stacki
FNDA:17855,_Z4trimPc
FNDA:17,_Z18clean_veri_includeP12veri_include
FNDA:17,_Z16add_veri_includePciP12veri_include
FNDA:66,_Z15add_veri_definePcS_iP12veri_include
FNDA:17,_Z12veri_preprocP8_IO_FILE
FNDA:722,_Z15veri_is_definedPc
FNDA:0,_Z16open_source_filePc
FNDA:17,_Z24veri_preproc_bootstrapedP8_IO_FILES0_P12veri_include
FNDA:66,_Z17clean_veri_defineP11veri_define
FNDA:722,_Z19ret_veri_definedvalPc
FNDA:0,_Z4pushP15veri_flag_stacki
FNDA:0,_Z3popP15veri_flag_stack
FNDA:17,_Z15remove_commentsP8_IO_FILE
FNDA:17657,_Z3topP15veri_flag_stack
FNDA:17,_Z20cleanup_veri_preprocv
FNDA:17,_Z17init_veri_preprocv
FNF:16
FNH:13
DA:17,17
DA:19,17
DA:20,17
DA:22,0
DA:23,0
DA:25,17
DA:26,17
DA:28,17
DA:29,17
DA:31,0
DA:32,0
DA:34,17
DA:35,17
DA:36,17
DA:42,17
DA:46,17
DA:47,17
DA:50,83
DA:52,66
DA:54,17
DA:55,17
DA:56,17
DA:57,17
DA:59,34
DA:61,17
DA:63,17
DA:64,17
DA:65,17
DA:66,17
DA:70,17
DA:76,66
DA:78,66
DA:81,66
DA:83,66
DA:85,66
DA:87,66
DA:88,66
DA:91,66
DA:96,17
DA:98,17
DA:101,17
DA:103,17
DA:104,17
DA:107,17
DA:113,66
DA:116,66
DA:117,66
DA:118,66
DA:120,0
DA:121,0
DA:125,66
DA:127,2
DA:129,2
DA:133,1510
DA:135,1444
DA:137,0
DA:138,0
DA:140,0
DA:143,0
DA:144,0
DA:145,0
DA:153,0
DA:155,0
DA:157,0
DA:158,0
DA:161,0
DA:162,0
DA:167,66
DA:168,66
DA:169,66
DA:170,66
DA:172,66
DA:173,66
DA:175,66
DA:182,17
DA:185,17
DA:186,17
DA:187,17
DA:189,0
DA:190,0
DA:194,17
DA:196,0
DA:198,0
DA:202,17
DA:204,0
DA:206,0
DA:212,17
DA:213,17
DA:214,17
DA:216,17
DA:217,17
DA:219,17
DA:226,722
DA:228,722
DA:229,722
DA:231,656
DA:233,66
DA:240,722
DA:243,722
DA:245,11144
DA:247,11078
DA:248,11078
DA:250,656
DA:253,66
DA:262,0
DA:268,0
DA:269,0
DA:271,0
DA:275,0
DA:277,0
DA:279,0
DA:281,0
DA:285,0
DA:286,0
DA:289,0
DA:290,0
DA:292,0
DA:293,0
DA:295,0
DA:296,0
DA:298,0
DA:299,0
DA:301,0
DA:303,0
DA:304,0
DA:307,0
DA:313,17
DA:318,17
DA:321,17
DA:322,17
DA:323,17
DA:325,0
DA:326,0
DA:329,17
DA:330,17
DA:332,17
DA:334,0
DA:335,0
DA:340,17
DA:342,17
DA:343,17
DA:344,17
DA:351,17
DA:353,17
DA:354,17
DA:355,17
DA:358,17
DA:359,17608
DA:362,390233
DA:364,373460
DA:367,360880
DA:372,360062
DA:374,168
DA:375,168
DA:379,359894
DA:380,343236
DA:386,12580
DA:388,168
DA:389,168
DA:393,17591
DA:395,17
DA:396,17
DA:399,17
DA:402,17
DA:404,17
DA:405,17
DA:408,17
DA:410,17608
DA:416,17591
DA:419,17591
DA:421,17591
DA:422,18313
DA:424,722
DA:425,722
DA:426,722
DA:428,722
DA:429,6803
DA:430,7255
DA:431,8921
DA:432,1196
DA:433,6599
DA:435,722
DA:436,722
DA:437,722
DA:438,722
DA:439,656
DA:440,656
DA:444,66
DA:445,66
DA:446,66
DA:448,722
DA:449,722
DA:451,17591
DA:452,17591
DA:453,17591
DA:454,17591
DA:456,17591
DA:461,17591
DA:463,66
DA:468,66
DA:470,0
DA:472,0
DA:474,0
DA:476,0
DA:479,0
DA:481,0
DA:483,0
DA:486,0
DA:488,0
DA:490,0
DA:492,0
DA:497,66
DA:499,66
DA:502,66
DA:505,66
DA:509,66
DA:512,66
DA:514,66
DA:516,66
DA:521,0
DA:523,0
DA:525,0
DA:527,0
DA:529,0
DA:531,0
DA:533,0
DA:534,0
DA:535,0
DA:538,0
DA:541,0
DA:542,0
DA:544,0
DA:545,0
DA:546,0
DA:548,0
DA:552,0
DA:557,0
DA:560,0
DA:563,0
DA:564,0
DA:566,0
DA:567,0
DA:568,0
DA:570,0
DA:574,0
DA:579,0
DA:582,0
DA:585,0
DA:588,0
DA:589,0
DA:592,0
DA:594,0
DA:595,0
DA:602,0
DA:604,0
DA:607,0
DA:609,0
DA:612,17525
DA:614,17525
DA:619,17591
DA:620,17591
DA:622,17
DA:623,17
DA:624,17
DA:628,17855
DA:630,17855
DA:631,17855
DA:634,47194
DA:636,35140
DA:638,33637
DA:640,17285
DA:643,16352
DA:646,17855
DA:655,17657
DA:657,17657
DA:659,0
DA:661,17657
DA:665,0
DA:667,0
DA:669,0
DA:670,0
DA:672,0
DA:673,0
DA:675,0
DA:677,0
DA:679,0
DA:681,0
DA:683,0
DA:684,0
DA:685,0
DA:687,0
DA:689,0
LF:292
LH:177
end_of_record
TN:
SF:/workspace/vtr-verilog-to-routing/libvtrutil/src/pugixml_loc.hpp
FN:17,_ZN7pugiloc8loc_dataC2Ev
FN:19,_ZN7pugiloc8loc_dataC2ENSt7__cxx1112basic_stringIcSt11char_traitsIcESaIcEEE
FN:25,_ZNK7pugiloc8loc_data8filenameB5cxx11Ev
FN:30,_ZNK7pugiloc8loc_data4lineEN4pugi8xml_nodeE
FN:41,_ZNK7pugiloc8loc_data4lineEl
FN:57,_ZN7pugiloc8loc_data14build_loc_dataEv
FNDA:17,_ZN7pugiloc8loc_data14build_loc_dataEv
FNDA:2788,_ZNK7pugiloc8loc_data4lineEN4pugi8xml_nodeE
FNDA:2788,_ZNK7pugiloc8loc_data4lineEl
FNDA:17,_ZN7pugiloc8loc_dataC2ENSt7__cxx1112basic_stringIcSt11char_traitsIcESaIcEEE
FNDA:0,_ZNK7pugiloc8loc_data8filenameB5cxx11Ev
FNDA:17,_ZN7pugiloc8loc_dataC2Ev
FNF:6
FNH:5
DA:17,17
DA:19,17
DA:20,17
DA:21,17
DA:22,17
DA:25,0
DA:30,2788
DA:31,2788
DA:41,2788
DA:42,2788
DA:43,2788
DA:45,2788
DA:57,17
DA:58,17
DA:60,17
DA:65,680
DA:67,668287
DA:68,667624
DA:69,13855
DA:71,663
DA:74,17
DA:75,17
LF:22
LH:21
end_of_record
TN:
SF:/workspace/vtr-verilog-to-routing/libvtrutil/src/pugixml_util.hpp
FN:29,_ZN8pugiutil8XmlErrorC2ENSt7__cxx1112basic_stringIcSt11char_traitsIcESaIcEEES6_m
FN:36,_ZN8pugiutil8load_xmlERN4pugi12xml_documentENSt7__cxx1112basic_stringIcSt11char_traitsIcESaIcEEE
FN:70,_ZN8pugiutil15get_first_childEN4pugi8xml_nodeERKNSt7__cxx1112basic_stringIcSt11char_traitsIcESaIcEEERKN7pugiloc8loc_dataENS_6ReqOptE
FN:90,_ZN8pugiutil16get_single_childEN4pugi8xml_nodeERKNSt7__cxx1112basic_stringIcSt11char_traitsIcESaIcEEERKN7pugiloc8loc_dataENS_6ReqOptE
FN:132,_ZN8pugiutil13get_attributeEN4pugi8xml_nodeERKNSt7__cxx1112basic_stringIcSt11char_traitsIcESaIcEEERKN7pugiloc8loc_dataENS_6ReqOptE
FNDA:17,_ZN8pugiutil8load_xmlERN4pugi12xml_documentENSt7__cxx1112basic_stringIcSt11char_traitsIcESaIcEEE
FNDA:31756,_ZN8pugiutil13get_attributeEN4pugi8xml_nodeERKNSt7__cxx1112basic_stringIcSt11char_traitsIcESaIcEEERKN7pugiloc8loc_dataENS_6ReqOptE
FNDA:3655,_ZN8pugiutil16get_single_childEN4pugi8xml_nodeERKNSt7__cxx1112basic_stringIcSt11char_traitsIcESaIcEEERKN7pugiloc8loc_dataENS_6ReqOptE
FNDA:32436,_ZN8pugiutil15get_first_childEN4pugi8xml_nodeERKNSt7__cxx1112basic_stringIcSt11char_traitsIcESaIcEEERKN7pugiloc8loc_dataENS_6ReqOptE
FNDA:0,_ZN8pugiutil8XmlErrorC2ENSt7__cxx1112basic_stringIcSt11char_traitsIcESaIcEEES6_m
FNF:5
FNH:4
DA:29,0
DA:30,0
DA:36,17
DA:38,17
DA:39,17
DA:40,0
DA:43,17
DA:70,32436
DA:75,32436
DA:76,32436
DA:77,0
DA:78,0
DA:80,32436
DA:90,3655
DA:94,3655
DA:96,3655
DA:97,0
DA:98,0
DA:101,3655
DA:132,31756
DA:136,31756
DA:138,31756
DA:139,0
DA:140,0
DA:143,31756
LF:25
LH:16
end_of_record
TN:
SF:/workspace/vtr-verilog-to-routing/libvtrutil/src/vtr_error.h
FN:10,_ZN3vtr8VtrErrorC2ENSt7__cxx1112basic_stringIcSt11char_traitsIcESaIcEEES6_m
FNDA:0,_ZN3vtr8VtrErrorC2ENSt7__cxx1112basic_stringIcSt11char_traitsIcESaIcEEES6_m
FNF:1
FNH:0
DA:10,0
DA:11,0
DA:13,0
LF:3
LH:0
end_of_record
