TN:
SF:/usr/include/c++/9/cmath
FN:350,_ZSt3logIiEN9__gnu_cxx11__enable_ifIXsrSt12__is_integerIT_E7__valueEdE6__typeES3_
FNDA:0,_ZSt3logIiEN9__gnu_cxx11__enable_ifIXsrSt12__is_integerIT_E7__valueEdE6__typeES3_
DA:350,0
DA:351,0
end_of_record
SF:/workspace/vtr-verilog-to-routing/ODIN_II/SRC/netlist_cleanup.c
FN:47,_Z16insert_node_listP13node_list_t_tP9nnode_t_t
FNDA:4332,_Z16insert_node_listP13node_list_t_tP9nnode_t_t
FN:62,_Z17traverse_backwardP9nnode_t_t
FNDA:283187,_Z17traverse_backwardP9nnode_t_t
FN:80,_Z16traverse_forwardP9nnode_t_tii
FNDA:77908,_Z16traverse_forwardP9nnode_t_tii
FN:125,_Z24mark_output_dependenciesP11netlist_t_t
FNDA:17,_Z24mark_output_dependenciesP11netlist_t_t
FN:134,_Z21identify_unused_nodesP11netlist_t_t
FNDA:17,_Z21identify_unused_nodesP11netlist_t_t
FN:153,_Z19remove_unused_nodesP13node_list_t_t
FNDA:17,_Z19remove_unused_nodesP13node_list_t_t
FN:180,_Z27calculate_addsub_statisticsP13node_list_t_t
FNDA:17,_Z27calculate_addsub_statisticsP13node_list_t_t
FN:220,_Z19remove_unused_logicP11netlist_t_t
FNDA:17,_Z19remove_unused_logicP11netlist_t_t
DA:47,4332
DA:48,4332
DA:49,4332
DA:50,4332
DA:62,283187
DA:63,283187
DA:64,74117
DA:66,356572
DA:67,282455
DA:68,282455
DA:80,77908
DA:81,77908
DA:82,77908
DA:86,77908
DA:89,77908
DA:91,77908
DA:93,3682
DA:96,77908
DA:98,2991
DA:99,650
DA:105,170230
DA:106,92322
DA:107,449305
DA:108,358876
DA:109,338737
DA:110,338737
DA:112,316322
DA:113,76423
DA:125,17
DA:127,749
DA:128,732
DA:130,17
DA:134,17
DA:136,17
DA:137,17
DA:139,17
DA:140,17
DA:142,17
DA:143,17
DA:144,17
DA:146,1451
DA:147,1434
DA:149,17
DA:153,3699
DA:154,3699
DA:156,37549
DA:157,33867
DA:158,33867
DA:160,3682
DA:161,3682
DA:163,17
DA:180,667
DA:181,667
DA:182,650
DA:183,650
DA:184,650
DA:185,3545
DA:186,2904
DA:187,9
DA:188,9
DA:190,2895
DA:193,2895
DA:194,2895
DA:195,2254
DA:197,650
DA:198,641
DA:199,209
DA:200,209
DA:201,209
DA:203,432
DA:204,432
DA:205,432
DA:206,432
DA:209,641
DA:210,641
DA:213,650
DA:216,17
DA:217,17
DA:220,17
DA:221,17
DA:222,17
DA:223,17
DA:224,17
DA:225,17
end_of_record
TN:
SF:/workspace/vtr-verilog-to-routing/ODIN_II/SRC/ast_elaborate.c
FN:57,_Z12simplify_astv
FNDA:17,_Z12simplify_astv
FN:77,_Z17optimize_for_treev
FNDA:17,_Z17optimize_for_treev
FN:161,_Z15search_for_nodeP12ast_node_t_tPS0_S1_
FNDA:97666,_Z15search_for_nodeP12ast_node_t_tPS0_S1_
FN:190,_Z9copy_treeP12ast_node_t_tS0_
FNDA:0,_Z9copy_treeP12ast_node_t_tS0_
FN:263,_Z13complete_nodeP12ast_node_t_tS0_
FNDA:0,_Z13complete_nodeP12ast_node_t_tS0_
FN:278,_Z17record_expressionP12ast_node_t_tPPc
FNDA:0,_Z17record_expressionP12ast_node_t_tPPc
FN:296,_Z11calculationPPc
FNDA:0,_Z11calculationPPc
FN:345,_Z20translate_expressionPPcS0_
FNDA:0,_Z20translate_expressionPPcS0_
FN:395,_Z17check_and_replaceP12ast_node_t_tPPc
FNDA:0,_Z17check_and_replaceP12ast_node_t_tPPc
FN:446,_Z17modify_expressionPPcS0_S_
FNDA:0,_Z17modify_expressionPPcS0_S_
FN:470,_Z15free_whole_treeP12ast_node_t_t
FNDA:0,_Z15free_whole_treeP12ast_node_t_t
FN:509,_Z12initial_nodeP12ast_node_t_t3idsii
FNDA:0,_Z12initial_nodeP12ast_node_t_t3idsii
FN:532,_Z21change_to_number_nodeP12ast_node_t_tPc
FNDA:18,_Z21change_to_number_nodeP12ast_node_t_tPc
FN:583,_Z15reallocate_nodeP12ast_node_t_ti
FNDA:0,_Z15reallocate_nodeP12ast_node_t_ti
FN:598,_Z22find_most_unique_countv
FNDA:51,_Z22find_most_unique_countv
FN:615,_Z15mark_node_writeP12ast_node_t_tPA20_c
FNDA:0,_Z15mark_node_writeP12ast_node_t_tPA20_c
FN:639,_Z14mark_node_readP12ast_node_t_tPA20_c
FNDA:0,_Z14mark_node_readP12ast_node_t_tPA20_c
FN:662,_Z28remove_intermediate_variableP12ast_node_t_tPA20_c
FNDA:0,_Z28remove_intermediate_variableP12ast_node_t_tPA20_c
FN:712,_Z18search_marked_nodeP12ast_node_t_tiPcPS0_
FNDA:0,_Z18search_marked_nodeP12ast_node_t_tiPcPS0_
FN:740,_Z16free_single_nodeP12ast_node_t_t
FNDA:0,_Z16free_single_nodeP12ast_node_t_t
FN:760,_Z28reduce_assignment_expressionv
FNDA:34,_Z28reduce_assignment_expressionv
FN:812,_Z16find_assign_nodeP12ast_node_t_tPS0_
FNDA:197394,_Z16find_assign_nodeP12ast_node_t_tPS0_
FN:830,_Z19simplify_expressionPi
FNDA:924,_Z19simplify_expressionPi
FN:843,_Z9find_tailP8exp_node
FNDA:0,_Z9find_tailP8exp_node
FN:857,_Z17reduce_enode_listv
FNDA:1848,_Z17reduce_enode_listv
FN:903,_Z14store_exp_listP12ast_node_t_t
FNDA:924,_Z14store_exp_listP12ast_node_t_t
FN:920,_Z16record_tree_infoP12ast_node_t_t
FNDA:3324,_Z16record_tree_infoP12ast_node_t_t
FN:949,_Z12create_enodeP12ast_node_t_t
FNDA:3324,_Z12create_enodeP12ast_node_t_t
FN:1020,_Z15adjoin_constantPi
FNDA:924,_Z15adjoin_constantPi
FN:1084,_Z13replace_enodeiP8exp_nodei
FNDA:0,_Z13replace_enodeiP8exp_nodei
FN:1129,_Z16combine_constantPi
FNDA:924,_Z16combine_constantPi
FN:1206,_Z18construct_new_treeP8exp_nodeP12ast_node_t_tii
FNDA:0,_Z18construct_new_treeP8exp_nodeP12ast_node_t_tii
FN:1262,_Z14check_exp_listP8exp_node
FNDA:0,_Z14check_exp_listP8exp_node
FN:1279,_Z26delete_continuous_multiplyPi
FNDA:924,_Z26delete_continuous_multiplyPi
FN:1341,_Z15create_ast_nodeP8exp_nodeP12ast_node_t_tii
FNDA:0,_Z15create_ast_nodeP8exp_nodeP12ast_node_t_tii
FN:1374,_Z14create_op_nodeP12ast_node_t_tP8exp_nodeii
FNDA:0,_Z14create_op_nodeP12ast_node_t_tP8exp_nodeii
FN:1402,_Z13free_exp_listv
FNDA:924,_Z13free_exp_listv
FN:1415,_Z17deal_with_bracketP12ast_node_t_t
FNDA:924,_Z17deal_with_bracketP12ast_node_t_t
FN:1442,_Z18check_mult_bracketPii
FNDA:924,_Z18check_mult_bracketPii
FN:1473,_Z14recursive_treeP12ast_node_t_tPiS1_
FNDA:3502,_Z14recursive_treeP12ast_node_t_tPiS1_
FN:1500,_Z14find_leaf_nodeP12ast_node_t_tPiS1_i
FNDA:0,_Z14find_leaf_nodeP12ast_node_t_tPiS1_i
FN:1516,_Z14delete_bracketii
FNDA:0,_Z14delete_bracketii
FN:1552,_Z19delete_bracket_headP8exp_nodeS0_
FNDA:0,_Z19delete_bracket_headP8exp_nodeS0_
FN:1571,_Z15change_exp_listP8exp_nodeS0_S0_i
FNDA:0,_Z15change_exp_listP8exp_nodeS0_S0_i
FN:1662,_Z15copy_enode_listP8exp_nodeS0_S0_
FNDA:0,_Z15copy_enode_listP8exp_nodeS0_S0_
FN:1681,_Z10copy_enodeP8exp_nodeS0_
FNDA:0,_Z10copy_enodeP8exp_nodeS0_
FN:1692,_Z19delete_bracket_tailP8exp_nodeS0_
FNDA:0,_Z19delete_bracket_tailP8exp_nodeS0_
FN:1707,_Z19delete_bracket_bodyP8exp_nodeS0_
FNDA:0,_Z19delete_bracket_bodyP8exp_nodeS0_
FN:1731,_Z20check_tree_operationP12ast_node_t_tPi
FNDA:41004,_Z20check_tree_operationP12ast_node_t_tPi
FN:1752,_Z15check_operationP8exp_nodeS0_
FNDA:0,_Z15check_operationP8exp_nodeS0_
FN:1777,_Z16reduce_parameterv
FNDA:34,_Z16reduce_parameterv
FN:1800,_Z14find_parameterP12ast_node_t_tPS0_Pi
FNDA:144486,_Z14find_parameterP12ast_node_t_tPS0_Pi
FN:1825,_Z16remove_para_nodeP12ast_node_t_tPS0_i
FNDA:2,_Z16remove_para_nodeP12ast_node_t_tPS0_i
FN:1861,_Z16change_para_nodeP12ast_node_t_tPci
FNDA:7368,_Z16change_para_nodeP12ast_node_t_tPci
FN:1882,_Z15change_ast_nodeP12ast_node_t_ti
FNDA:18,_Z15change_ast_nodeP12ast_node_t_ti
FN:1896,_Z15shift_operationv
FNDA:17,_Z15shift_operationv
FN:1912,_Z24search_certain_operationP12ast_node_t_ti
FNDA:72957,_Z24search_certain_operationP12ast_node_t_ti
FN:1937,_Z22check_binary_operationP12ast_node_t_ti
FNDA:96,_Z22check_binary_operationP12ast_node_t_ti
FN:1960,_Z17check_node_numberP12ast_node_t_tS0_ii
FNDA:4,_Z17check_node_numberP12ast_node_t_tS0_ii
FN:1995,_Z15change_bit_sizeP12ast_node_t_tix
FNDA:0,_Z15change_bit_sizeP12ast_node_t_tix
FN:2010,_Z23search_var_declare_listP12ast_node_t_tPcx
FNDA:0,_Z23search_var_declare_listP12ast_node_t_tPcx
FN:2047,_Z27check_intermediate_variableP12ast_node_t_tPi
FNDA:0,_Z27check_intermediate_variableP12ast_node_t_tPi
FN:2070,_Z15keep_all_branchP12ast_node_t_tS0_i
FNDA:0,_Z15keep_all_branchP12ast_node_t_tS0_i
FN:2092,_Z11check_indexP12ast_node_t_tS0_
FNDA:0,_Z11check_indexP12ast_node_t_tS0_
DA:57,17
DA:60,17
DA:62,17
DA:64,17
DA:66,17
DA:70,17
DA:77,17
DA:83,17
DA:84,17
DA:86,17
DA:89,70
DA:91,53
DA:93,53
DA:96,53
DA:105,0
DA:106,0
DA:108,0
DA:109,0
DA:110,0
DA:111,0
DA:113,0
DA:114,0
DA:115,0
DA:117,0
DA:118,0
DA:119,0
DA:120,0
DA:121,0
DA:122,0
DA:123,0
DA:124,0
DA:125,0
DA:126,0
DA:128,0
DA:130,0
DA:131,0
DA:132,0
DA:133,0
DA:134,0
DA:135,0
DA:136,0
DA:137,0
DA:138,0
DA:139,0
DA:142,0
DA:143,0
DA:144,0
DA:147,0
DA:148,0
DA:150,0
DA:151,0
DA:152,0
DA:155,17
DA:161,97666
DA:164,97666
DA:165,64433
DA:167,130846
DA:168,97613
DA:170,130846
DA:172,97613
DA:173,24709
DA:176,72904
DA:178,0
DA:179,0
DA:180,0
DA:190,0
DA:193,0
DA:194,0
DA:195,0
DA:199,0
DA:200,0
DA:202,0
DA:203,0
DA:205,0
DA:206,0
DA:207,0
DA:208,0
DA:212,0
DA:213,0
DA:214,0
DA:215,0
DA:216,0
DA:218,0
DA:220,0
DA:221,0
DA:222,0
DA:223,0
DA:224,0
DA:225,0
DA:226,0
DA:227,0
DA:228,0
DA:229,0
DA:230,0
DA:232,0
DA:233,0
DA:234,0
DA:235,0
DA:236,0
DA:239,0
DA:240,0
DA:244,0
DA:245,0
DA:247,0
DA:249,0
DA:250,0
DA:253,0
DA:258,0
DA:263,0
DA:265,0
DA:266,0
DA:267,0
DA:268,0
DA:269,0
DA:270,0
DA:271,0
DA:272,0
DA:273,0
DA:278,0
DA:280,0
DA:281,0
DA:282,0
DA:284,0
DA:285,0
DA:287,0
DA:288,0
DA:289,0
DA:296,0
DA:304,0
DA:306,0
DA:308,0
DA:310,0
DA:312,0
DA:313,0
DA:314,0
DA:315,0
DA:316,0
DA:317,0
DA:318,0
DA:319,0
DA:320,0
DA:321,0
DA:322,0
DA:323,0
DA:324,0
DA:325,0
DA:327,0
DA:328,0
DA:332,0
DA:333,0
DA:336,0
DA:338,0
DA:345,0
DA:353,0
DA:354,0
DA:356,0
DA:358,0
DA:360,0
DA:362,0
DA:364,0
DA:366,0
DA:368,0
DA:369,0
DA:372,0
DA:373,0
DA:375,0
DA:377,0
DA:378,0
DA:380,0
DA:381,0
DA:382,0
DA:386,0
DA:388,0
DA:390,0
DA:395,0
DA:398,0
DA:400,0
DA:401,0
DA:402,0
DA:404,0
DA:405,0
DA:406,0
DA:408,0
DA:409,0
DA:410,0
DA:412,0
DA:413,0
DA:414,0
DA:416,0
DA:417,0
DA:419,0
DA:420,0
DA:421,0
DA:422,0
DA:423,0
DA:424,0
DA:425,0
DA:426,0
DA:427,0
DA:428,0
DA:429,0
DA:430,0
DA:432,0
DA:433,0
DA:435,0
DA:437,0
DA:438,0
DA:441,0
DA:446,0
DA:449,0
DA:450,0
DA:452,0
DA:453,0
DA:455,0
DA:457,0
DA:458,0
DA:461,0
DA:465,0
DA:470,0
DA:474,0
DA:475,0
DA:477,0
DA:479,0
DA:480,0
DA:483,0
DA:484,0
DA:486,0
DA:488,0
DA:489,0
DA:490,0
DA:491,0
DA:492,0
DA:493,0
DA:494,0
DA:495,0
DA:496,0
DA:497,0
DA:498,0
DA:499,0
DA:502,0
DA:509,0
DA:511,0
DA:512,0
DA:513,0
DA:514,0
DA:515,0
DA:516,0
DA:517,0
DA:518,0
DA:519,0
DA:520,0
DA:521,0
DA:522,0
DA:523,0
DA:525,0
DA:532,18
DA:534,18
DA:535,18
DA:536,18
DA:537,18
DA:539,40
DA:541,22
DA:543,0
DA:545,22
DA:548,18
DA:549,18
DA:551,18
DA:552,18
DA:553,18
DA:554,18
DA:555,18
DA:558,18
DA:560,0
DA:565,18
DA:567,18
DA:571,0
DA:575,18
DA:576,18
DA:578,18
DA:583,0
DA:587,0
DA:589,0
DA:590,0
DA:591,0
DA:593,0
DA:598,51
DA:602,210
DA:604,159
DA:605,159
DA:606,53
DA:609,51
DA:615,0
DA:618,0
DA:619,0
DA:621,0
DA:622,0
DA:624,0
DA:625,0
DA:629,0
DA:630,0
DA:631,0
DA:639,0
DA:642,0
DA:643,0
DA:645,0
DA:647,0
DA:648,0
DA:649,0
DA:652,0
DA:653,0
DA:654,0
DA:662,0
DA:665,0
DA:666,0
DA:669,0
DA:671,0
DA:673,0
DA:675,0
DA:676,0
DA:677,0
DA:678,0
DA:679,0
DA:680,0
DA:681,0
DA:683,0
DA:684,0
DA:685,0
DA:689,0
DA:693,0
DA:694,0
DA:697,0
DA:698,0
DA:699,0
DA:701,0
DA:702,0
DA:704,0
DA:706,0
DA:712,0
DA:715,0
DA:716,0
DA:718,0
DA:720,0
DA:722,0
DA:724,0
DA:725,0
DA:729,0
DA:740,0
DA:742,0
DA:743,0
DA:745,0
DA:746,0
DA:748,0
DA:749,0
DA:750,0
DA:752,0
DA:760,34
DA:763,34
DA:765,34
DA:766,34
DA:767,34
DA:768,34
DA:770,34
DA:771,34
DA:772,34
DA:774,34
DA:775,140
DA:777,106
DA:778,106
DA:779,106
DA:780,10124
DA:782,10018
DA:783,10018
DA:784,10018
DA:786,924
DA:787,924
DA:788,924
DA:789,924
DA:790,0
DA:791,924
DA:792,924
DA:794,0
DA:795,0
DA:796,0
DA:797,0
DA:798,0
DA:799,0
DA:800,0
DA:802,924
DA:812,197394
DA:815,197394
DA:816,130326
DA:818,67068
DA:819,10186
DA:821,264354
DA:822,197286
DA:830,924
DA:832,924
DA:833,924
DA:834,924
DA:835,924
DA:836,924
DA:838,924
DA:843,0
DA:846,0
DA:847,0
DA:848,0
DA:849,0
DA:851,0
DA:857,1848
DA:861,8496
DA:863,6648
DA:865,1848
DA:867,0
DA:868,0
DA:869,0
DA:873,4800
DA:875,60
DA:877,0
DA:878,0
DA:881,0
DA:882,0
DA:884,0
DA:885,0
DA:887,60
DA:889,0
DA:890,0
DA:892,0
DA:893,0
DA:894,0
DA:898,1848
DA:903,924
DA:906,924
DA:907,924
DA:908,924
DA:909,924
DA:910,924
DA:911,924
DA:912,924
DA:913,924
DA:915,924
DA:920,3324
DA:922,3324
DA:923,0
DA:927,3324
DA:929,2050
DA:930,2050
DA:935,1274
DA:936,1274
DA:937,1274
DA:938,1126
DA:949,3324
DA:952,3324
DA:953,3324
DA:954,3324
DA:955,3324
DA:956,3324
DA:957,3324
DA:959,208
DA:960,208
DA:961,208
DA:962,208
DA:963,208
DA:965,1842
DA:966,1842
DA:967,1842
DA:968,1842
DA:969,1842
DA:971,988
DA:973,988
DA:975,432
DA:976,432
DA:977,432
DA:978,432
DA:979,432
DA:981,332
DA:982,332
DA:983,332
DA:984,332
DA:985,332
DA:987,192
DA:988,192
DA:989,192
DA:990,192
DA:991,192
DA:993,0
DA:994,0
DA:995,0
DA:996,0
DA:997,0
DA:999,32
DA:1000,32
DA:1004,1274
DA:1010,3324
DA:1011,3324
DA:1012,3324
DA:1014,3324
DA:1020,924
DA:1025,3324
DA:1027,2400
DA:1028,2400
DA:1030,0
DA:1032,0
DA:1033,0
DA:1034,0
DA:1035,0
DA:1036,0
DA:1038,0
DA:1039,0
DA:1040,0
DA:1041,0
DA:1042,0
DA:1044,0
DA:1045,0
DA:1047,0
DA:1048,0
DA:1049,0
DA:1051,0
DA:1052,0
DA:1054,0
DA:1056,0
DA:1058,0
DA:1059,0
DA:1061,0
DA:1064,0
DA:1065,0
DA:1066,0
DA:1068,0
DA:1072,2400
DA:1073,2400
DA:1075,0
DA:1076,0
DA:1079,924
DA:1084,0
DA:1087,0
DA:1088,0
DA:1089,0
DA:1090,0
DA:1091,0
DA:1093,0
DA:1095,0
DA:1096,0
DA:1101,0
DA:1102,0
DA:1105,0
DA:1107,0
DA:1108,0
DA:1109,0
DA:1111,0
DA:1112,0
DA:1113,0
DA:1117,0
DA:1118,0
DA:1121,0
DA:1122,0
DA:1129,924
DA:1135,4248
DA:1137,3324
DA:1138,3324
DA:1140,8
DA:1142,24
DA:1144,16
DA:1146,0
DA:1147,0
DA:1148,0
DA:1149,0
DA:1150,0
DA:1152,0
DA:1153,0
DA:1155,0
DA:1159,0
DA:1160,0
DA:1162,0
DA:1164,0
DA:1165,0
DA:1167,0
DA:1168,0
DA:1172,0
DA:1173,0
DA:1176,0
DA:1177,0
DA:1178,0
DA:1180,0
DA:1181,0
DA:1184,0
DA:1185,0
DA:1187,0
DA:1192,3324
DA:1193,3324
DA:1195,0
DA:1196,0
DA:1198,0
DA:1201,924
DA:1206,0
DA:1209,0
DA:1211,0
DA:1212,0
DA:1214,0
DA:1215,0
DA:1217,0
DA:1218,0
DA:1220,0
DA:1221,0
DA:1222,0
DA:1223,0
DA:1224,0
DA:1225,0
DA:1230,0
DA:1232,0
DA:1233,0
DA:1235,0
DA:1236,0
DA:1237,0
DA:1238,0
DA:1239,0
DA:1240,0
DA:1244,0
DA:1245,0
DA:1247,0
DA:1249,0
DA:1250,0
DA:1251,0
DA:1252,0
DA:1253,0
DA:1256,0
DA:1262,0
DA:1265,0
DA:1266,0
DA:1267,0
DA:1269,0
DA:1270,0
DA:1271,0
DA:1273,0
DA:1279,924
DA:1284,4248
DA:1286,3324
DA:1287,3324
DA:1289,36
DA:1291,32
DA:1293,12
DA:1295,12
DA:1297,4
DA:1298,4
DA:1302,4
DA:1304,0
DA:1305,0
DA:1306,0
DA:1307,0
DA:1309,0
DA:1310,0
DA:1311,0
DA:1312,0
DA:1315,0
DA:1316,0
DA:1318,0
DA:1319,0
DA:1320,0
DA:1321,0
DA:1322,0
DA:1324,4
DA:1328,3324
DA:1329,3324
DA:1331,0
DA:1332,0
DA:1336,924
DA:1341,0
DA:1343,0
DA:1346,0
DA:1348,0
DA:1349,0
DA:1350,0
DA:1351,0
DA:1352,0
DA:1354,0
DA:1355,0
DA:1356,0
DA:1358,0
DA:1359,0
DA:1360,0
DA:1361,0
DA:1362,0
DA:1363,0
DA:1365,0
DA:1366,0
DA:1369,0
DA:1374,0
DA:1376,0
DA:1377,0
DA:1378,0
DA:1380,0
DA:1381,0
DA:1382,0
DA:1384,0
DA:1385,0
DA:1386,0
DA:1388,0
DA:1389,0
DA:1390,0
DA:1392,0
DA:1393,0
DA:1394,0
DA:1397,0
DA:1402,924
DA:1405,4248
DA:1407,3324
DA:1408,3324
DA:1410,924
DA:1415,924
DA:1418,924
DA:1419,924
DA:1420,924
DA:1421,924
DA:1422,924
DA:1423,924
DA:1424,924
DA:1425,0
DA:1428,924
DA:1430,0
DA:1431,0
DA:1432,0
DA:1434,924
DA:1442,924
DA:1444,924
DA:1447,924
DA:1449,0
DA:1450,0
DA:1451,0
DA:1452,0
DA:1454,0
DA:1456,0
DA:1457,0
DA:1458,0
DA:1460,0
DA:1462,0
DA:1463,0
DA:1465,924
DA:1473,3502
DA:1476,3502
DA:1477,0
DA:1479,3502
DA:1481,576
DA:1483,384
DA:1485,0
DA:1486,0
DA:1491,3502
DA:1492,3912
DA:1493,2578
DA:1500,0
DA:1502,0
DA:1503,0
DA:1505,0
DA:1506,0
DA:1508,0
DA:1509,0
DA:1516,0
DA:1519,0
DA:1520,0
DA:1522,0
DA:1524,0
DA:1525,0
DA:1526,0
DA:1528,0
DA:1529,0
DA:1530,0
DA:1533,0
DA:1534,0
DA:1537,0
DA:1538,0
DA:1540,0
DA:1541,0
DA:1543,0
DA:1544,0
DA:1545,0
DA:1547,0
DA:1552,0
DA:1555,0
DA:1557,0
DA:1559,0
DA:1560,0
DA:1562,0
DA:1563,0
DA:1565,0
DA:1566,0
DA:1571,0
DA:1573,0
DA:1575,0
DA:1577,0
DA:1579,0
DA:1581,0
DA:1582,0
DA:1584,0
DA:1586,0
DA:1587,0
DA:1589,0
DA:1591,0
DA:1592,0
DA:1593,0
DA:1596,0
DA:1598,0
DA:1599,0
DA:1600,0
DA:1601,0
DA:1602,0
DA:1603,0
DA:1604,0
DA:1605,0
DA:1607,0
DA:1608,0
DA:1610,0
DA:1613,0
DA:1615,0
DA:1616,0
DA:1618,0
DA:1619,0
DA:1621,0
DA:1623,0
DA:1624,0
DA:1626,0
DA:1628,0
DA:1629,0
DA:1631,0
DA:1633,0
DA:1634,0
DA:1635,0
DA:1638,0
DA:1640,0
DA:1641,0
DA:1642,0
DA:1643,0
DA:1644,0
DA:1645,0
DA:1646,0
DA:1647,0
DA:1650,0
DA:1651,0
DA:1653,0
DA:1657,0
DA:1662,0
DA:1665,0
DA:1666,0
DA:1668,0
DA:1669,0
DA:1670,0
DA:1671,0
DA:1672,0
DA:1675,0
DA:1681,0
DA:1683,0
DA:1684,0
DA:1685,0
DA:1686,0
DA:1687,0
DA:1692,0
DA:1694,0
DA:1695,0
DA:1696,0
DA:1698,0
DA:1699,0
DA:1701,0
DA:1702,0
DA:1707,0
DA:1710,0
DA:1711,0
DA:1712,0
DA:1713,0
DA:1714,0
DA:1716,0
DA:1717,0
DA:1718,0
DA:1720,0
DA:1721,0
DA:1723,0
DA:1726,0
DA:1731,41004
DA:1734,41004
DA:1735,0
DA:1737,41004
DA:1739,932
DA:1740,932
DA:1743,40072
DA:1744,44040
DA:1745,30986
DA:1752,0
DA:1755,0
DA:1757,0
DA:1759,0
DA:1761,0
DA:1763,0
DA:1764,0
DA:1766,0
DA:1771,0
DA:1777,34
DA:1781,34
DA:1782,34
DA:1784,140
DA:1786,106
DA:1787,106
DA:1788,106
DA:1789,106
DA:1790,106
DA:1791,2
DA:1795,34
DA:1800,144486
DA:1805,144486
DA:1806,0
DA:1808,288866
DA:1810,160262
DA:1811,160262
DA:1812,15882
DA:1814,144380
DA:1815,24
DA:1817,144380
DA:1825,2
DA:1829,2
DA:1834,2
DA:1835,2
DA:1836,2
DA:1838,26
DA:1840,24
DA:1842,24
DA:1843,24
DA:1845,24
DA:1846,24
DA:1848,2040
DA:1850,2016
DA:1851,2016
DA:1856,2
DA:1861,7368
DA:1865,7368
DA:1866,0
DA:1870,7368
DA:1871,18
DA:1873,7368
DA:1874,7944
DA:1875,5352
DA:1882,18
DA:1884,18
DA:1885,18
DA:1886,18
DA:1887,18
DA:1888,18
DA:1889,18
DA:1891,18
DA:1896,17
DA:1900,70
DA:1902,53
DA:1903,53
DA:1906,17
DA:1912,72957
DA:1917,72957
DA:1918,39724
DA:1920,130846
DA:1922,97613
DA:1923,97613
DA:1925,72904
DA:1926,96
DA:1927,72904
DA:1937,96
DA:1939,96
DA:1941,96
DA:1942,2
DA:1943,96
DA:1944,2
DA:1948,0
DA:1950,0
DA:1951,0
DA:1954,96
DA:1960,4
DA:1962,4
DA:1963,4
DA:1964,4
DA:1965,4
DA:1966,0
DA:1967,4
DA:1969,0
DA:1970,0
DA:1972,4
DA:1974,0
DA:1975,0
DA:1976,0
DA:1977,0
DA:1978,0
DA:1980,0
DA:1981,0
DA:1982,0
DA:1984,0
DA:1985,0
DA:1986,0
DA:1987,0
DA:1995,0
DA:1999,0
DA:2000,0
DA:2001,0
DA:2002,0
DA:2004,0
DA:2010,0
DA:2014,0
DA:2015,0
DA:2016,0
DA:2018,0
DA:2020,0
DA:2022,0
DA:2024,0
DA:2026,0
DA:2027,0
DA:2028,0
DA:2035,0
DA:2037,0
DA:2038,0
DA:2047,0
DA:2051,0
DA:2052,0
DA:2055,0
DA:2057,0
DA:2058,0
DA:2061,0
DA:2062,0
DA:2070,0
DA:2073,0
DA:2074,0
DA:2076,0
DA:2077,0
DA:2078,0
DA:2080,0
DA:2081,0
DA:2082,0
DA:2083,0
DA:2086,0
DA:2092,0
DA:2094,0
DA:2096,0
DA:2098,0
DA:2099,0
DA:2102,0
end_of_record
SF:/usr/include/c++/9/cmath
FN:350,_ZSt3logIiEN9__gnu_cxx11__enable_ifIXsrSt12__is_integerIT_E7__valueEdE6__typeES3_
FNDA:0,_ZSt3logIiEN9__gnu_cxx11__enable_ifIXsrSt12__is_integerIT_E7__valueEdE6__typeES3_
FN:350,_ZSt3logIxEN9__gnu_cxx11__enable_ifIXsrSt12__is_integerIT_E7__valueEdE6__typeES3_
FNDA:0,_ZSt3logIxEN9__gnu_cxx11__enable_ifIXsrSt12__is_integerIT_E7__valueEdE6__typeES3_
DA:350,0
DA:351,0
DA:350,0
DA:351,0
end_of_record
TN:
SF:/usr/include/c++/9/bits/basic_string.h
end_of_record
SF:/usr/include/c++/9/bits/stl_construct.h
FN:97,_ZSt8_DestroyINSt7__cxx1112basic_stringIcSt11char_traitsIcESaIcEEEEvPT_
FNDA:0,_ZSt8_DestroyINSt7__cxx1112basic_stringIcSt11char_traitsIcESaIcEEEEvPT_
FN:97,_ZSt8_DestroyI14s_wireconn_infEvPT_
FNDA:0,_ZSt8_DestroyI14s_wireconn_infEvPT_
FN:97,_ZSt8_DestroyI17s_switchblock_infEvPT_
FNDA:0,_ZSt8_DestroyI17s_switchblock_infEvPT_
FN:105,_ZNSt12_Destroy_auxILb0EE9__destroyIPNSt7__cxx1112basic_stringIcSt11char_traitsIcESaIcEEEEEvT_S9_
FNDA:0,_ZNSt12_Destroy_auxILb0EE9__destroyIPNSt7__cxx1112basic_stringIcSt11char_traitsIcESaIcEEEEEvT_S9_
FN:105,_ZNSt12_Destroy_auxILb0EE9__destroyIP14s_wireconn_infEEvT_S4_
FNDA:0,_ZNSt12_Destroy_auxILb0EE9__destroyIP14s_wireconn_infEEvT_S4_
FN:105,_ZNSt12_Destroy_auxILb0EE9__destroyIP17s_switchblock_infEEvT_S4_
FNDA:18,_ZNSt12_Destroy_auxILb0EE9__destroyIP17s_switchblock_infEEvT_S4_
FN:117,_ZNSt12_Destroy_auxILb1EE9__destroyIPiEEvT_S3_
FNDA:0,_ZNSt12_Destroy_auxILb1EE9__destroyIPiEEvT_S3_
FN:127,_ZSt8_DestroyIPiEvT_S1_
FNDA:0,_ZSt8_DestroyIPiEvT_S1_
FN:127,_ZSt8_DestroyIPNSt7__cxx1112basic_stringIcSt11char_traitsIcESaIcEEEEvT_S7_
FNDA:0,_ZSt8_DestroyIPNSt7__cxx1112basic_stringIcSt11char_traitsIcESaIcEEEEvT_S7_
FN:127,_ZSt8_DestroyIP14s_wireconn_infEvT_S2_
FNDA:0,_ZSt8_DestroyIP14s_wireconn_infEvT_S2_
FN:127,_ZSt8_DestroyIP17s_switchblock_infEvT_S2_
FNDA:18,_ZSt8_DestroyIP17s_switchblock_infEvT_S2_
FN:203,_ZSt8_DestroyIPiiEvT_S1_RSaIT0_E
FNDA:0,_ZSt8_DestroyIPiiEvT_S1_RSaIT0_E
FN:203,_ZSt8_DestroyIPNSt7__cxx1112basic_stringIcSt11char_traitsIcESaIcEEES5_EvT_S7_RSaIT0_E
FNDA:0,_ZSt8_DestroyIPNSt7__cxx1112basic_stringIcSt11char_traitsIcESaIcEEES5_EvT_S7_RSaIT0_E
FN:203,_ZSt8_DestroyIP14s_wireconn_infS0_EvT_S2_RSaIT0_E
FNDA:0,_ZSt8_DestroyIP14s_wireconn_infS0_EvT_S2_RSaIT0_E
FN:203,_ZSt8_DestroyIP17s_switchblock_infS0_EvT_S2_RSaIT0_E
FNDA:18,_ZSt8_DestroyIP17s_switchblock_infS0_EvT_S2_RSaIT0_E
DA:97,0
DA:98,0
DA:97,0
DA:98,0
DA:97,0
DA:98,0
DA:105,0
DA:107,0
DA:108,0
DA:109,0
DA:105,0
DA:107,0
DA:108,0
DA:109,0
DA:105,18
DA:107,18
DA:108,0
DA:109,18
DA:117,0
DA:127,0
DA:137,0
DA:138,0
DA:127,0
DA:137,0
DA:138,0
DA:127,0
DA:137,0
DA:138,0
DA:127,18
DA:137,18
DA:138,18
DA:203,0
DA:206,0
DA:207,0
DA:203,0
DA:206,0
DA:207,0
DA:203,0
DA:206,0
DA:207,0
DA:203,18
DA:206,18
DA:207,18
end_of_record
SF:/usr/include/c++/9/ext/aligned_buffer.h
FN:64,_ZN9__gnu_cxx16__aligned_membufISt4pairIK16Connect_SB_SidesSt6vectorINSt7__cxx1112basic_stringIcSt11char_traitsIcESaIcEEESaISA_EEEE7_M_addrEv
FNDA:0,_ZN9__gnu_cxx16__aligned_membufISt4pairIK16Connect_SB_SidesSt6vectorINSt7__cxx1112basic_stringIcSt11char_traitsIcESaIcEEESaISA_EEEE7_M_addrEv
FN:72,_ZN9__gnu_cxx16__aligned_membufISt4pairIK16Connect_SB_SidesSt6vectorINSt7__cxx1112basic_stringIcSt11char_traitsIcESaIcEEESaISA_EEEE6_M_ptrEv
FNDA:0,_ZN9__gnu_cxx16__aligned_membufISt4pairIK16Connect_SB_SidesSt6vectorINSt7__cxx1112basic_stringIcSt11char_traitsIcESaIcEEESaISA_EEEE6_M_ptrEv
DA:64,0
DA:65,0
DA:72,0
DA:73,0
end_of_record
SF:/usr/include/c++/9/bits/stl_tree.h
FN:234,_ZNSt13_Rb_tree_nodeISt4pairIK16Connect_SB_SidesSt6vectorINSt7__cxx1112basic_stringIcSt11char_traitsIcESaIcEEESaIS9_EEEE9_M_valptrEv
FNDA:0,_ZNSt13_Rb_tree_nodeISt4pairIK16Connect_SB_SidesSt6vectorINSt7__cxx1112basic_stringIcSt11char_traitsIcESaIcEEESaIS9_EEEE9_M_valptrEv
FN:566,_ZNSt8_Rb_treeI16Connect_SB_SidesSt4pairIKS0_St6vectorINSt7__cxx1112basic_stringIcSt11char_traitsIcESaIcEEESaIS9_EEESt10_Select1stISC_ESt4lessIS0_ESaISC_EE21_M_get_Node_allocatorEv
FNDA:0,_ZNSt8_Rb_treeI16Connect_SB_SidesSt4pairIKS0_St6vectorINSt7__cxx1112basic_stringIcSt11char_traitsIcESaIcEEESaIS9_EEESt10_Select1stISC_ESt4lessIS0_ESaISC_EE21_M_get_Node_allocatorEv
FN:583,_ZNSt8_Rb_treeI16Connect_SB_SidesSt4pairIKS0_St6vectorINSt7__cxx1112basic_stringIcSt11char_traitsIcESaIcEEESaIS9_EEESt10_Select1stISC_ESt4lessIS0_ESaISC_EE11_M_put_nodeEPSt13_Rb_tree_nodeISC_E
FNDA:0,_ZNSt8_Rb_treeI16Connect_SB_SidesSt4pairIKS0_St6vectorINSt7__cxx1112basic_stringIcSt11char_traitsIcESaIcEEESaIS9_EEESt10_Select1stISC_ESt4lessIS0_ESaISC_EE11_M_put_nodeEPSt13_Rb_tree_nodeISC_E
FN:637,_ZNSt8_Rb_treeI16Connect_SB_SidesSt4pairIKS0_St6vectorINSt7__cxx1112basic_stringIcSt11char_traitsIcESaIcEEESaIS9_EEESt10_Select1stISC_ESt4lessIS0_ESaISC_EE15_M_destroy_nodeEPSt13_Rb_tree_nodeISC_E
FNDA:0,_ZNSt8_Rb_treeI16Connect_SB_SidesSt4pairIKS0_St6vectorINSt7__cxx1112basic_stringIcSt11char_traitsIcESaIcEEESaIS9_EEESt10_Select1stISC_ESt4lessIS0_ESaISC_EE15_M_destroy_nodeEPSt13_Rb_tree_nodeISC_E
FN:648,_ZNSt8_Rb_treeI16Connect_SB_SidesSt4pairIKS0_St6vectorINSt7__cxx1112basic_stringIcSt11char_traitsIcESaIcEEESaIS9_EEESt10_Select1stISC_ESt4lessIS0_ESaISC_EE12_M_drop_nodeEPSt13_Rb_tree_nodeISC_E
FNDA:0,_ZNSt8_Rb_treeI16Connect_SB_SidesSt4pairIKS0_St6vectorINSt7__cxx1112basic_stringIcSt11char_traitsIcESaIcEEESaIS9_EEESt10_Select1stISC_ESt4lessIS0_ESaISC_EE12_M_drop_nodeEPSt13_Rb_tree_nodeISC_E
FN:744,_ZNSt8_Rb_treeI16Connect_SB_SidesSt4pairIKS0_St6vectorINSt7__cxx1112basic_stringIcSt11char_traitsIcESaIcEEESaIS9_EEESt10_Select1stISC_ESt4lessIS0_ESaISC_EE8_M_beginEv
FNDA:0,_ZNSt8_Rb_treeI16Connect_SB_SidesSt4pairIKS0_St6vectorINSt7__cxx1112basic_stringIcSt11char_traitsIcESaIcEEESaIS9_EEESt10_Select1stISC_ESt4lessIS0_ESaISC_EE8_M_beginEv
FN:789,_ZNSt8_Rb_treeI16Connect_SB_SidesSt4pairIKS0_St6vectorINSt7__cxx1112basic_stringIcSt11char_traitsIcESaIcEEESaIS9_EEESt10_Select1stISC_ESt4lessIS0_ESaISC_EE7_S_leftEPSt18_Rb_tree_node_base
FNDA:0,_ZNSt8_Rb_treeI16Connect_SB_SidesSt4pairIKS0_St6vectorINSt7__cxx1112basic_stringIcSt11char_traitsIcESaIcEEESaIS9_EEESt10_Select1stISC_ESt4lessIS0_ESaISC_EE7_S_leftEPSt18_Rb_tree_node_base
FN:797,_ZNSt8_Rb_treeI16Connect_SB_SidesSt4pairIKS0_St6vectorINSt7__cxx1112basic_stringIcSt11char_traitsIcESaIcEEESaIS9_EEESt10_Select1stISC_ESt4lessIS0_ESaISC_EE8_S_rightEPSt18_Rb_tree_node_base
FNDA:0,_ZNSt8_Rb_treeI16Connect_SB_SidesSt4pairIKS0_St6vectorINSt7__cxx1112basic_stringIcSt11char_traitsIcESaIcEEESaIS9_EEESt10_Select1stISC_ESt4lessIS0_ESaISC_EE8_S_rightEPSt18_Rb_tree_node_base
FN:994,_ZNSt8_Rb_treeI16Connect_SB_SidesSt4pairIKS0_St6vectorINSt7__cxx1112basic_stringIcSt11char_traitsIcESaIcEEESaIS9_EEESt10_Select1stISC_ESt4lessIS0_ESaISC_EED2Ev
FNDA:0,_ZNSt8_Rb_treeI16Connect_SB_SidesSt4pairIKS0_St6vectorINSt7__cxx1112basic_stringIcSt11char_traitsIcESaIcEEESaIS9_EEESt10_Select1stISC_ESt4lessIS0_ESaISC_EED2Ev
FN:1907,_ZNSt8_Rb_treeI16Connect_SB_SidesSt4pairIKS0_St6vectorINSt7__cxx1112basic_stringIcSt11char_traitsIcESaIcEEESaIS9_EEESt10_Select1stISC_ESt4lessIS0_ESaISC_EE8_M_eraseEPSt13_Rb_tree_nodeISC_E
FNDA:0,_ZNSt8_Rb_treeI16Connect_SB_SidesSt4pairIKS0_St6vectorINSt7__cxx1112basic_stringIcSt11char_traitsIcESaIcEEESaIS9_EEESt10_Select1stISC_ESt4lessIS0_ESaISC_EE8_M_eraseEPSt13_Rb_tree_nodeISC_E
DA:234,0
DA:235,0
DA:566,0
DA:567,0
DA:583,0
DA:584,0
DA:637,0
DA:642,0
DA:643,0
DA:645,0
DA:648,0
DA:650,0
DA:651,0
DA:652,0
DA:744,0
DA:745,0
DA:789,0
DA:790,0
DA:797,0
DA:798,0
DA:994,0
DA:995,0
DA:1907,0
DA:1911,0
DA:1913,0
DA:1914,0
DA:1915,0
DA:1916,0
DA:1918,0
end_of_record
SF:/usr/include/c++/9/bits/allocator.h
FN:138,_ZNSaI17s_switchblock_infEC2Ev
FNDA:18,_ZNSaI17s_switchblock_infEC2Ev
FN:153,_ZNSaIiED2Ev
FNDA:0,_ZNSaIiED2Ev
FN:153,_ZNSaINSt7__cxx1112basic_stringIcSt11char_traitsIcESaIcEEEED2Ev
FNDA:0,_ZNSaINSt7__cxx1112basic_stringIcSt11char_traitsIcESaIcEEEED2Ev
FN:153,_ZNSaI14s_wireconn_infED2Ev
FNDA:0,_ZNSaI14s_wireconn_infED2Ev
FN:153,_ZNSaISt13_Rb_tree_nodeISt4pairIK16Connect_SB_SidesSt6vectorINSt7__cxx1112basic_stringIcSt11char_traitsIcESaIcEEESaIS9_EEEEED2Ev
FNDA:0,_ZNSaISt13_Rb_tree_nodeISt4pairIK16Connect_SB_SidesSt6vectorINSt7__cxx1112basic_stringIcSt11char_traitsIcESaIcEEESaIS9_EEEEED2Ev
FN:153,_ZNSaI17s_switchblock_infED2Ev
FNDA:18,_ZNSaI17s_switchblock_infED2Ev
DA:138,18
DA:153,0
DA:153,0
DA:153,0
DA:153,0
DA:153,18
end_of_record
SF:/usr/include/c++/9/bits/alloc_traits.h
FN:469,_ZNSt16allocator_traitsISaIiEE10deallocateERS0_Pim
FNDA:0,_ZNSt16allocator_traitsISaIiEE10deallocateERS0_Pim
FN:469,_ZNSt16allocator_traitsISaINSt7__cxx1112basic_stringIcSt11char_traitsIcESaIcEEEEE10deallocateERS6_PS5_m
FNDA:0,_ZNSt16allocator_traitsISaINSt7__cxx1112basic_stringIcSt11char_traitsIcESaIcEEEEE10deallocateERS6_PS5_m
FN:469,_ZNSt16allocator_traitsISaISt13_Rb_tree_nodeISt4pairIK16Connect_SB_SidesSt6vectorINSt7__cxx1112basic_stringIcSt11char_traitsIcESaIcEEESaISA_EEEEEE10deallocateERSF_PSE_m
FNDA:0,_ZNSt16allocator_traitsISaISt13_Rb_tree_nodeISt4pairIK16Connect_SB_SidesSt6vectorINSt7__cxx1112basic_stringIcSt11char_traitsIcESaIcEEESaISA_EEEEEE10deallocateERSF_PSE_m
FN:469,_ZNSt16allocator_traitsISaI14s_wireconn_infEE10deallocateERS1_PS0_m
FNDA:0,_ZNSt16allocator_traitsISaI14s_wireconn_infEE10deallocateERS1_PS0_m
FN:469,_ZNSt16allocator_traitsISaI17s_switchblock_infEE10deallocateERS1_PS0_m
FNDA:0,_ZNSt16allocator_traitsISaI17s_switchblock_infEE10deallocateERS1_PS0_m
FN:495,_ZNSt16allocator_traitsISaISt13_Rb_tree_nodeISt4pairIK16Connect_SB_SidesSt6vectorINSt7__cxx1112basic_stringIcSt11char_traitsIcESaIcEEESaISA_EEEEEE7destroyISD_EEvRSF_PT_
FNDA:0,_ZNSt16allocator_traitsISaISt13_Rb_tree_nodeISt4pairIK16Connect_SB_SidesSt6vectorINSt7__cxx1112basic_stringIcSt11char_traitsIcESaIcEEESaISA_EEEEEE7destroyISD_EEvRSF_PT_
DA:469,0
DA:470,0
DA:469,0
DA:470,0
DA:469,0
DA:470,0
DA:469,0
DA:470,0
DA:469,0
DA:470,0
DA:495,0
DA:497,0
end_of_record
SF:/usr/include/c++/9/bits/stl_pair.h
end_of_record
SF:/usr/include/c++/9/bits/stl_map.h
FN:300,_ZNSt3mapI16Connect_SB_SidesSt6vectorINSt7__cxx1112basic_stringIcSt11char_traitsIcESaIcEEESaIS7_EESt4lessIS0_ESaISt4pairIKS0_S9_EEED2Ev
FNDA:0,_ZNSt3mapI16Connect_SB_SidesSt6vectorINSt7__cxx1112basic_stringIcSt11char_traitsIcESaIcEEESaIS7_EESt4lessIS0_ESaISt4pairIKS0_S9_EEED2Ev
DA:300,0
end_of_record
SF:/usr/include/c++/9/bits/stl_vector.h
FN:94,_ZNSt12_Vector_baseI17s_switchblock_infSaIS0_EE17_Vector_impl_dataC2Ev
FNDA:18,_ZNSt12_Vector_baseI17s_switchblock_infSaIS0_EE17_Vector_impl_dataC2Ev
FN:128,_ZNSt12_Vector_baseI17s_switchblock_infSaIS0_EE12_Vector_implC2Ev
FNDA:18,_ZNSt12_Vector_baseI17s_switchblock_infSaIS0_EE12_Vector_implC2Ev
FN:273,_ZNSt12_Vector_baseIiSaIiEE19_M_get_Tp_allocatorEv
FNDA:0,_ZNSt12_Vector_baseIiSaIiEE19_M_get_Tp_allocatorEv
FN:273,_ZNSt12_Vector_baseINSt7__cxx1112basic_stringIcSt11char_traitsIcESaIcEEESaIS5_EE19_M_get_Tp_allocatorEv
FNDA:0,_ZNSt12_Vector_baseINSt7__cxx1112basic_stringIcSt11char_traitsIcESaIcEEESaIS5_EE19_M_get_Tp_allocatorEv
FN:273,_ZNSt12_Vector_baseI17s_switchblock_infSaIS0_EE19_M_get_Tp_allocatorEv
FNDA:18,_ZNSt12_Vector_baseI17s_switchblock_infSaIS0_EE19_M_get_Tp_allocatorEv
FN:273,_ZNSt12_Vector_baseI14s_wireconn_infSaIS0_EE19_M_get_Tp_allocatorEv
FNDA:0,_ZNSt12_Vector_baseI14s_wireconn_infSaIS0_EE19_M_get_Tp_allocatorEv
FN:285,_ZNSt12_Vector_baseI17s_switchblock_infSaIS0_EEC2Ev
FNDA:18,_ZNSt12_Vector_baseI17s_switchblock_infSaIS0_EEC2Ev
FN:330,_ZNSt12_Vector_baseI14s_wireconn_infSaIS0_EED2Ev
FNDA:0,_ZNSt12_Vector_baseI14s_wireconn_infSaIS0_EED2Ev
FN:330,_ZNSt12_Vector_baseI17s_switchblock_infSaIS0_EED2Ev
FNDA:18,_ZNSt12_Vector_baseI17s_switchblock_infSaIS0_EED2Ev
FN:330,_ZNSt12_Vector_baseINSt7__cxx1112basic_stringIcSt11char_traitsIcESaIcEEESaIS5_EED2Ev
FNDA:0,_ZNSt12_Vector_baseINSt7__cxx1112basic_stringIcSt11char_traitsIcESaIcEEESaIS5_EED2Ev
FN:330,_ZNSt12_Vector_baseIiSaIiEED2Ev
FNDA:0,_ZNSt12_Vector_baseIiSaIiEED2Ev
FN:347,_ZNSt12_Vector_baseI14s_wireconn_infSaIS0_EE13_M_deallocateEPS0_m
FNDA:0,_ZNSt12_Vector_baseI14s_wireconn_infSaIS0_EE13_M_deallocateEPS0_m
FN:347,_ZNSt12_Vector_baseIiSaIiEE13_M_deallocateEPim
FNDA:0,_ZNSt12_Vector_baseIiSaIiEE13_M_deallocateEPim
FN:347,_ZNSt12_Vector_baseI17s_switchblock_infSaIS0_EE13_M_deallocateEPS0_m
FNDA:18,_ZNSt12_Vector_baseI17s_switchblock_infSaIS0_EE13_M_deallocateEPS0_m
FN:347,_ZNSt12_Vector_baseINSt7__cxx1112basic_stringIcSt11char_traitsIcESaIcEEESaIS5_EE13_M_deallocateEPS5_m
FNDA:0,_ZNSt12_Vector_baseINSt7__cxx1112basic_stringIcSt11char_traitsIcESaIcEEESaIS5_EE13_M_deallocateEPS5_m
FN:484,_ZNSt6vectorI17s_switchblock_infSaIS0_EEC2Ev
FNDA:18,_ZNSt6vectorI17s_switchblock_infSaIS0_EEC2Ev
FN:675,_ZNSt6vectorI14s_wireconn_infSaIS0_EED2Ev
FNDA:0,_ZNSt6vectorI14s_wireconn_infSaIS0_EED2Ev
FN:675,_ZNSt6vectorINSt7__cxx1112basic_stringIcSt11char_traitsIcESaIcEEESaIS5_EED2Ev
FNDA:0,_ZNSt6vectorINSt7__cxx1112basic_stringIcSt11char_traitsIcESaIcEEESaIS5_EED2Ev
FN:675,_ZNSt6vectorIiSaIiEED2Ev
FNDA:0,_ZNSt6vectorIiSaIiEED2Ev
FN:675,_ZNSt6vectorI17s_switchblock_infSaIS0_EED2Ev
FNDA:18,_ZNSt6vectorI17s_switchblock_infSaIS0_EED2Ev
DA:94,18
DA:95,18
DA:96,18
DA:128,18
DA:130,18
DA:131,18
DA:273,0
DA:274,0
DA:273,0
DA:274,0
DA:273,0
DA:274,0
DA:273,18
DA:274,18
DA:285,18
DA:330,0
DA:332,0
DA:333,0
DA:334,0
DA:330,0
DA:332,0
DA:333,0
DA:334,0
DA:330,0
DA:332,0
DA:333,0
DA:334,0
DA:330,18
DA:332,18
DA:333,18
DA:334,18
DA:347,0
DA:350,0
DA:351,0
DA:352,0
DA:347,0
DA:350,0
DA:351,0
DA:352,0
DA:347,0
DA:350,0
DA:351,0
DA:352,0
DA:347,18
DA:350,18
DA:351,0
DA:352,18
DA:484,18
DA:675,0
DA:677,0
DA:678,0
DA:680,0
DA:675,0
DA:677,0
DA:678,0
DA:680,0
DA:675,0
DA:677,0
DA:678,0
DA:680,0
DA:675,18
DA:677,18
DA:678,18
DA:680,18
end_of_record
SF:/usr/include/c++/9/bits/move.h
FN:47,_ZSt11__addressofINSt7__cxx1112basic_stringIcSt11char_traitsIcESaIcEEEEPT_RS6_
FNDA:0,_ZSt11__addressofINSt7__cxx1112basic_stringIcSt11char_traitsIcESaIcEEEEPT_RS6_
FN:47,_ZSt11__addressofI14s_wireconn_infEPT_RS1_
FNDA:0,_ZSt11__addressofI14s_wireconn_infEPT_RS1_
FN:47,_ZSt11__addressofI17s_switchblock_infEPT_RS1_
FNDA:0,_ZSt11__addressofI17s_switchblock_infEPT_RS1_
DA:47,0
DA:48,0
DA:47,0
DA:48,0
DA:47,0
DA:48,0
end_of_record
SF:/workspace/vtr-verilog-to-routing/ODIN_II/SRC/odin_ii.c
FN:69,main
FNDA:18,main
FN:143,_Z11print_usagev
FNDA:0,_Z11print_usagev
FN:198,_Z11get_optionsiPPc
FNDA:18,_Z11get_optionsiPPc
DA:69,18
DA:74,18
DA:75,18
DA:76,18
DA:79,18
DA:80,18
DA:81,18
DA:84,18
DA:87,18
DA:89,0
DA:90,0
DA:94,18
DA:96,17
DA:103,17
DA:115,18
DA:118,17
DA:122,1
DA:126,18
DA:130,17
DA:131,17
DA:132,17
DA:133,17
DA:136,17
DA:143,0
DA:146,0
DA:192,0
DA:193,0
DA:198,18
DA:201,18
DA:205,18
DA:206,18
DA:207,106
DA:209,88
DA:212,17
DA:213,17
DA:214,17
DA:215,17
DA:217,0
DA:218,0
DA:219,0
DA:220,17
DA:221,17
DA:222,17
DA:223,1
DA:224,1
DA:225,1
DA:234,1
DA:235,1
DA:236,1
DA:237,0
DA:242,0
DA:244,0
DA:245,0
DA:246,0
DA:247,0
DA:249,0
DA:250,0
DA:251,0
DA:252,0
DA:253,0
DA:254,0
DA:255,0
DA:256,0
DA:257,0
DA:258,0
DA:259,0
DA:260,0
DA:261,17
DA:262,17
DA:263,17
DA:264,17
DA:265,17
DA:266,17
DA:267,0
DA:268,0
DA:269,0
DA:270,0
DA:271,0
DA:273,0
DA:274,0
DA:275,0
DA:276,0
DA:277,0
DA:278,0
DA:279,0
DA:280,0
DA:281,0
DA:282,0
DA:283,0
DA:284,0
DA:285,0
DA:286,18
DA:287,18
DA:288,18
DA:289,0
DA:290,0
DA:291,0
DA:292,0
DA:293,0
DA:294,0
DA:295,0
DA:297,88
DA:300,18
DA:301,18
DA:302,18
DA:303,17
DA:304,0
DA:306,0
DA:307,0
DA:313,18
DA:315,0
DA:317,18
end_of_record
SF:/usr/include/c++/9/ext/new_allocator.h
FN:80,_ZN9__gnu_cxx13new_allocatorI17s_switchblock_infEC2Ev
FNDA:18,_ZN9__gnu_cxx13new_allocatorI17s_switchblock_infEC2Ev
FN:89,_ZN9__gnu_cxx13new_allocatorIiED2Ev
FNDA:0,_ZN9__gnu_cxx13new_allocatorIiED2Ev
FN:89,_ZN9__gnu_cxx13new_allocatorINSt7__cxx1112basic_stringIcSt11char_traitsIcESaIcEEEED2Ev
FNDA:0,_ZN9__gnu_cxx13new_allocatorINSt7__cxx1112basic_stringIcSt11char_traitsIcESaIcEEEED2Ev
FN:89,_ZN9__gnu_cxx13new_allocatorI14s_wireconn_infED2Ev
FNDA:0,_ZN9__gnu_cxx13new_allocatorI14s_wireconn_infED2Ev
FN:89,_ZN9__gnu_cxx13new_allocatorISt13_Rb_tree_nodeISt4pairIK16Connect_SB_SidesSt6vectorINSt7__cxx1112basic_stringIcSt11char_traitsIcESaIcEEESaISB_EEEEED2Ev
FNDA:0,_ZN9__gnu_cxx13new_allocatorISt13_Rb_tree_nodeISt4pairIK16Connect_SB_SidesSt6vectorINSt7__cxx1112basic_stringIcSt11char_traitsIcESaIcEEESaISB_EEEEED2Ev
FN:89,_ZN9__gnu_cxx13new_allocatorI17s_switchblock_infED2Ev
FNDA:18,_ZN9__gnu_cxx13new_allocatorI17s_switchblock_infED2Ev
FN:119,_ZN9__gnu_cxx13new_allocatorIiE10deallocateEPim
FNDA:0,_ZN9__gnu_cxx13new_allocatorIiE10deallocateEPim
FN:119,_ZN9__gnu_cxx13new_allocatorINSt7__cxx1112basic_stringIcSt11char_traitsIcESaIcEEEE10deallocateEPS6_m
FNDA:0,_ZN9__gnu_cxx13new_allocatorINSt7__cxx1112basic_stringIcSt11char_traitsIcESaIcEEEE10deallocateEPS6_m
FN:119,_ZN9__gnu_cxx13new_allocatorISt13_Rb_tree_nodeISt4pairIK16Connect_SB_SidesSt6vectorINSt7__cxx1112basic_stringIcSt11char_traitsIcESaIcEEESaISB_EEEEE10deallocateEPSF_m
FNDA:0,_ZN9__gnu_cxx13new_allocatorISt13_Rb_tree_nodeISt4pairIK16Connect_SB_SidesSt6vectorINSt7__cxx1112basic_stringIcSt11char_traitsIcESaIcEEESaISB_EEEEE10deallocateEPSF_m
FN:119,_ZN9__gnu_cxx13new_allocatorI14s_wireconn_infE10deallocateEPS1_m
FNDA:0,_ZN9__gnu_cxx13new_allocatorI14s_wireconn_infE10deallocateEPS1_m
FN:119,_ZN9__gnu_cxx13new_allocatorI17s_switchblock_infE10deallocateEPS1_m
FNDA:0,_ZN9__gnu_cxx13new_allocatorI17s_switchblock_infE10deallocateEPS1_m
FN:151,_ZN9__gnu_cxx13new_allocatorISt13_Rb_tree_nodeISt4pairIK16Connect_SB_SidesSt6vectorINSt7__cxx1112basic_stringIcSt11char_traitsIcESaIcEEESaISB_EEEEE7destroyISE_EEvPT_
FNDA:0,_ZN9__gnu_cxx13new_allocatorISt13_Rb_tree_nodeISt4pairIK16Connect_SB_SidesSt6vectorINSt7__cxx1112basic_stringIcSt11char_traitsIcESaIcEEESaISB_EEEEE7destroyISE_EEvPT_
DA:80,18
DA:89,0
DA:89,0
DA:89,0
DA:89,0
DA:89,18
DA:119,0
DA:128,0
DA:129,0
DA:119,0
DA:128,0
DA:129,0
DA:119,0
DA:128,0
DA:129,0
DA:119,0
DA:128,0
DA:129,0
DA:119,0
DA:128,0
DA:129,0
DA:151,0
DA:153,0
end_of_record
SF:/workspace/vtr-verilog-to-routing/libarchfpga/include/physical_types.h
end_of_record
TN:
SF:/workspace/vtr-verilog-to-routing/ODIN_II/SRC/odin_ii_func.c
FN:58,_Z19set_default_optionsv
FNDA:18,_Z19set_default_optionsv
FN:109,_Z23do_high_level_synthesisv
FNDA:17,_Z23do_high_level_synthesisv
FN:193,_Z24do_simulation_of_netlistv
FNDA:18,_Z24do_simulation_of_netlistv
DA:58,18
DA:61,18
DA:62,18
DA:63,18
DA:64,18
DA:65,18
DA:66,18
DA:67,18
DA:68,18
DA:69,18
DA:70,18
DA:71,18
DA:72,18
DA:73,18
DA:74,18
DA:75,18
DA:76,18
DA:77,18
DA:78,18
DA:79,18
DA:82,18
DA:83,18
DA:84,18
DA:85,18
DA:86,18
DA:87,18
DA:88,18
DA:89,18
DA:90,18
DA:92,18
DA:93,18
DA:95,18
DA:96,18
DA:102,18
DA:103,18
DA:104,18
DA:109,17
DA:111,17
DA:113,17
DA:114,17
DA:117,17
DA:118,17
DA:120,17
DA:122,17
DA:125,17
DA:127,17
DA:132,17
DA:134,0
DA:138,17
DA:142,17
DA:144,17
DA:147,17
DA:150,17
DA:151,17
DA:153,17
DA:156,0
DA:162,17
DA:163,17
DA:166,17
DA:176,17
DA:177,17
DA:179,17
DA:181,17
DA:182,17
DA:183,17
DA:184,17
DA:187,17
DA:188,17
DA:193,18
DA:195,18
DA:196,1
DA:198,17
DA:199,17
DA:201,16
end_of_record
TN:
SF:/workspace/vtr-verilog-to-routing/ODIN_II/SRC/verilog_preprocessor.c
FN:17,_Z17init_veri_preprocv
FNDA:17,_Z17init_veri_preprocv
FN:42,_Z20cleanup_veri_preprocv
FNDA:17,_Z20cleanup_veri_preprocv
FN:76,_Z17clean_veri_defineP11veri_define
FNDA:66,_Z17clean_veri_defineP11veri_define
FN:96,_Z18clean_veri_includeP12veri_include
FNDA:17,_Z18clean_veri_includeP12veri_include
FN:113,_Z15add_veri_definePcS_iP12veri_include
FNDA:66,_Z15add_veri_definePcS_iP12veri_include
FN:182,_Z16add_veri_includePciP12veri_include
FNDA:17,_Z16add_veri_includePciP12veri_include
FN:226,_Z19ret_veri_definedvalPc
FNDA:722,_Z19ret_veri_definedvalPc
FN:240,_Z15veri_is_definedPc
FNDA:722,_Z15veri_is_definedPc
FN:261,_Z16open_source_filePc
FNDA:0,_Z16open_source_filePc
FN:312,_Z12veri_preprocP8_IO_FILE
FNDA:17,_Z12veri_preprocP8_IO_FILE
FN:350,_Z15remove_commentsP8_IO_FILE
FNDA:17,_Z15remove_commentsP8_IO_FILE
FN:398,_Z24veri_preproc_bootstrapedP8_IO_FILES0_P12veri_include
FNDA:17,_Z24veri_preproc_bootstrapedP8_IO_FILES0_P12veri_include
FN:627,_Z4trimPc
FNDA:17855,_Z4trimPc
FN:654,_Z3topP15veri_flag_stack
FNDA:17657,_Z3topP15veri_flag_stack
FN:664,_Z3popP15veri_flag_stack
FNDA:0,_Z3popP15veri_flag_stack
FN:678,_Z4pushP15veri_flag_stacki
FNDA:0,_Z4pushP15veri_flag_stacki
DA:17,17
DA:19,17
DA:20,17
DA:22,0
DA:23,0
DA:25,17
DA:26,17
DA:28,17
DA:29,17
DA:31,0
DA:32,0
DA:34,17
DA:35,17
DA:36,17
DA:42,17
DA:46,17
DA:47,17
DA:50,83
DA:52,66
DA:54,17
DA:55,17
DA:56,17
DA:57,17
DA:59,34
DA:61,17
DA:63,17
DA:64,17
DA:65,17
DA:66,17
DA:70,17
DA:76,66
DA:78,66
DA:81,66
DA:83,66
DA:85,66
DA:87,66
DA:88,66
DA:91,66
DA:96,17
DA:98,17
DA:101,17
DA:103,17
DA:104,17
DA:107,17
DA:113,66
DA:116,66
DA:117,66
DA:118,66
DA:120,0
DA:121,0
DA:125,66
DA:127,2
DA:129,2
DA:133,1510
DA:135,1444
DA:137,0
DA:138,0
DA:140,0
DA:143,0
DA:144,0
DA:145,0
DA:153,0
DA:155,0
DA:157,0
DA:158,0
DA:161,0
DA:162,0
DA:167,66
DA:168,66
DA:169,66
DA:170,66
DA:172,66
DA:173,66
DA:175,66
DA:182,17
DA:185,17
DA:186,17
DA:187,17
DA:189,0
DA:190,0
DA:194,17
DA:196,0
DA:198,0
DA:202,17
DA:204,0
DA:206,0
DA:212,17
DA:213,17
DA:214,17
DA:216,17
DA:217,17
DA:219,17
DA:226,722
DA:228,722
DA:229,722
DA:231,656
DA:233,66
DA:240,722
DA:243,722
DA:245,11144
DA:247,11078
DA:249,656
DA:252,66
DA:261,0
DA:267,0
DA:268,0
DA:270,0
DA:274,0
DA:276,0
DA:278,0
DA:280,0
DA:284,0
DA:285,0
DA:288,0
DA:289,0
DA:291,0
DA:292,0
DA:294,0
DA:295,0
DA:297,0
DA:298,0
DA:300,0
DA:302,0
DA:303,0
DA:306,0
DA:312,17
DA:317,17
DA:320,17
DA:321,17
DA:322,17
DA:324,0
DA:325,0
DA:328,17
DA:329,17
DA:331,17
DA:333,0
DA:334,0
DA:339,17
DA:341,17
DA:342,17
DA:343,17
DA:350,17
DA:352,17
DA:353,17
DA:354,17
DA:357,17
DA:358,17608
DA:361,390233
DA:363,373460
DA:366,360880
DA:371,360062
DA:373,168
DA:374,168
DA:378,359894
DA:379,343236
DA:385,12580
DA:387,168
DA:388,168
DA:392,17591
DA:394,17
DA:395,17
DA:398,17
DA:401,17
DA:403,17
DA:404,17
DA:407,17
DA:409,17608
DA:415,17591
DA:418,17591
DA:420,17591
DA:421,18313
DA:423,722
DA:424,722
DA:425,722
DA:427,722
DA:428,6803
DA:429,7255
DA:430,8921
DA:431,1196
DA:432,6599
DA:434,722
DA:435,722
DA:436,722
DA:437,722
DA:438,656
DA:439,656
DA:443,66
DA:444,66
DA:445,66
DA:447,722
DA:448,722
DA:450,17591
DA:451,17591
DA:452,17591
DA:453,17591
DA:455,17591
DA:460,17591
DA:462,66
DA:467,66
DA:469,0
DA:471,0
DA:473,0
DA:475,0
DA:478,0
DA:480,0
DA:482,0
DA:485,0
DA:487,0
DA:489,0
DA:491,0
DA:496,66
DA:498,66
DA:501,66
DA:504,66
DA:508,66
DA:511,66
DA:513,66
DA:515,66
DA:520,0
DA:522,0
DA:524,0
DA:526,0
DA:528,0
DA:530,0
DA:532,0
DA:533,0
DA:534,0
DA:537,0
DA:540,0
DA:541,0
DA:543,0
DA:544,0
DA:545,0
DA:547,0
DA:551,0
DA:556,0
DA:559,0
DA:562,0
DA:563,0
DA:565,0
DA:566,0
DA:567,0
DA:569,0
DA:573,0
DA:578,0
DA:581,0
DA:584,0
DA:587,0
DA:588,0
DA:591,0
DA:593,0
DA:594,0
DA:601,0
DA:603,0
DA:606,0
DA:608,0
DA:611,17525
DA:613,17525
DA:618,17591
DA:619,17591
DA:621,17
DA:622,17
DA:623,17
DA:627,17855
DA:629,17855
DA:630,17855
DA:633,47194
DA:635,35140
DA:637,33637
DA:639,17285
DA:642,16352
DA:645,17855
DA:654,17657
DA:656,17657
DA:658,0
DA:660,17657
DA:664,0
DA:666,0
DA:668,0
DA:669,0
DA:671,0
DA:672,0
DA:674,0
DA:676,0
DA:678,0
DA:680,0
DA:682,0
DA:683,0
DA:684,0
DA:686,0
DA:688,0
end_of_record
TN:
SF:/workspace/vtr-verilog-to-routing/ODIN_II/SRC/output_graphcrunch_format.c
FN:39,_Z18graphcrunch_outputPcS_sP11netlist_t_t
FNDA:0,_Z18graphcrunch_outputPcS_sP11netlist_t_t
FN:57,_Z32depth_first_traverse_graphcrunchP8_IO_FILEsP11netlist_t_t
FNDA:0,_Z32depth_first_traverse_graphcrunchP8_IO_FILEsP11netlist_t_t
FN:79,_Z41depth_first_traversal_graphcrunch_displayP9nnode_t_tP8_IO_FILEi
FNDA:0,_Z41depth_first_traversal_graphcrunch_displayP9nnode_t_tP8_IO_FILEi
DA:39,0
DA:45,0
DA:46,0
DA:48,0
DA:51,0
DA:52,0
DA:57,0
DA:62,0
DA:64,0
DA:66,0
DA:70,0
DA:71,0
DA:72,0
DA:73,0
DA:74,0
DA:79,0
DA:85,0
DA:87,0
DA:96,0
DA:98,0
DA:100,0
DA:101,0
DA:103,0
DA:104,0
DA:106,0
DA:107,0
DA:109,0
DA:110,0
DA:111,0
DA:115,0
DA:116,0
DA:118,0
DA:121,0
DA:122,0
DA:124,0
DA:127,0
DA:128,0
DA:131,0
DA:133,0
DA:134,0
DA:137,0
end_of_record
TN:
SF:/workspace/vtr-verilog-to-routing/ODIN_II/SRC/read_blif.c
FN:137,_Z9read_blifPc
FNDA:1,_Z9read_blifPc
FN:190,_Z11read_tokensPcP17hard_block_modelsP8_IO_FILEP13hashtable_t_t
FNDA:19,_Z11read_tokensPcP17hard_block_modelsP8_IO_FILEP13hashtable_t_t
FN:248,_Z31assign_node_type_from_node_namePc
FNDA:2,_Z31assign_node_type_from_node_namePc
FN:318,_Z28create_latch_node_and_driverP8_IO_FILEP13hashtable_t_t
FNDA:0,_Z28create_latch_node_and_driverP8_IO_FILEP13hashtable_t_t
FN:429,_Z17search_clock_nameP8_IO_FILE
FNDA:0,_Z17search_clock_nameP8_IO_FILE
FN:497,_Z23create_hard_block_nodesP17hard_block_modelsP8_IO_FILEP13hashtable_t_t
FNDA:1,_Z23create_hard_block_nodesP17hard_block_modelsP8_IO_FILEP13hashtable_t_t
FN:649,_Z31create_internal_node_and_driverP8_IO_FILEP13hashtable_t_t
FNDA:5,_Z31create_internal_node_and_driverP8_IO_FILEP13hashtable_t_t
FN:780,_Z30read_bit_map_find_unknown_gateiP9nnode_t_tP8_IO_FILE
FNDA:2,_Z30read_bit_map_find_unknown_gateiP9nnode_t_tP8_IO_FILE
FN:1010,_Z19add_top_input_nodesP8_IO_FILEP13hashtable_t_t
FNDA:1,_Z19add_top_input_nodesP8_IO_FILEP13hashtable_t_t
FN:1062,_Z26rb_create_top_output_nodesP8_IO_FILE
FNDA:1,_Z26rb_create_top_output_nodesP8_IO_FILE
FN:1103,_Z18rb_look_for_clocksv
FNDA:1,_Z18rb_look_for_clocksv
FN:1125,_Z25rb_create_top_driver_netsPKcP13hashtable_t_t
FNDA:1,_Z25rb_create_top_driver_netsPKcP13hashtable_t_t
FN:1189,_ZL9dum_parsePcP8_IO_FILE
FNDA:1,_ZL9dum_parsePcP8_IO_FILE
FN:1201,_Z12hook_up_netsP13hashtable_t_t
FNDA:1,_Z12hook_up_netsP13hashtable_t_t
FN:1224,_Z12hook_up_nodeP9nnode_t_tP13hashtable_t_t
FNDA:5,_Z12hook_up_nodeP9nnode_t_tP13hashtable_t_t
FN:1245,_Z21read_hard_block_modelPcP16hard_block_portsP8_IO_FILE
FNDA:1,_Z21read_hard_block_modelPcP16hard_block_portsP8_IO_FILE
FN:1345,_ZL28compare_hard_block_pin_namesPKvS0_
FNDA:43,_ZL28compare_hard_block_pin_namesPKvS0_
FN:1373,_Z11index_namesPPci
FNDA:5,_Z11index_namesPPci
FN:1389,_Z15associate_namesPPcS0_i
FNDA:1,_Z15associate_namesPPcS0_i
FN:1405,_Z20get_hard_block_portsPPci
FNDA:3,_Z20get_hard_block_portsPPci
FN:1442,_Z37verify_hard_block_ports_against_modelP16hard_block_portsP16hard_block_model
FNDA:1,_Z37verify_hard_block_ports_against_modelP16hard_block_portsP16hard_block_model
FN:1497,_Z35generate_hard_block_ports_signatureP16hard_block_ports
FNDA:3,_Z35generate_hard_block_ports_signatureP16hard_block_ports
FN:1522,_Z24get_hard_block_port_namePc
FNDA:128,_Z24get_hard_block_port_namePc
FN:1539,_Z25get_hard_block_pin_numberPc
FNDA:50,_Z25get_hard_block_pin_numberPc
FN:1561,_Z20add_hard_block_modelP16hard_block_modelP16hard_block_portsP17hard_block_models
FNDA:1,_Z20add_hard_block_modelP16hard_block_modelP16hard_block_portsP17hard_block_models
FN:1576,_Z20get_hard_block_modelPcP16hard_block_portsP17hard_block_models
FNDA:1,_Z20get_hard_block_modelPcP16hard_block_portsP17hard_block_models
FN:1588,_Z24create_hard_block_modelsv
FNDA:1,_Z24create_hard_block_modelsv
FN:1602,_Z16count_blif_linesP8_IO_FILE
FNDA:1,_Z16count_blif_linesP8_IO_FILE
FN:1620,_Z22free_hard_block_modelsP17hard_block_models
FNDA:1,_Z22free_hard_block_modelsP17hard_block_models
FN:1635,_Z21free_hard_block_modelP16hard_block_model
FNDA:1,_Z21free_hard_block_modelP16hard_block_model
FN:1649,_Z20free_hard_block_pinsP15hard_block_pins
FNDA:2,_Z20free_hard_block_pinsP15hard_block_pins
FN:1663,_Z21free_hard_block_portsP16hard_block_ports
FNDA:3,_Z21free_hard_block_portsP16hard_block_ports
DA:137,1
DA:140,1
DA:142,1
DA:144,1
DA:146,1
DA:148,1
DA:150,1
DA:152,1
DA:155,1
DA:157,1
DA:158,1
DA:159,1
DA:160,1
DA:162,1
DA:163,1
DA:165,19
DA:167,18
DA:169,1
DA:171,1
DA:173,1
DA:174,1
DA:177,1
DA:178,1
DA:179,1
DA:180,1
DA:190,19
DA:194,19
DA:196,19
DA:198,13
DA:200,0
DA:204,13
DA:205,13
DA:207,1
DA:209,12
DA:211,1
DA:213,11
DA:215,5
DA:217,6
DA:219,0
DA:221,6
DA:223,1
DA:225,5
DA:229,1
DA:230,1
DA:232,4
DA:235,1
DA:239,18
DA:248,2
DA:252,2
DA:253,12
DA:254,4
DA:256,2
DA:259,2
DA:261,8
DA:263,6
DA:266,2
DA:268,2
DA:269,2
DA:270,2
DA:271,2
DA:272,2
DA:273,2
DA:274,2
DA:275,2
DA:276,2
DA:277,2
DA:278,2
DA:279,2
DA:280,2
DA:281,2
DA:282,2
DA:283,2
DA:284,2
DA:285,2
DA:286,2
DA:287,2
DA:288,2
DA:289,2
DA:290,2
DA:291,2
DA:292,2
DA:293,2
DA:294,2
DA:295,2
DA:296,2
DA:297,2
DA:298,2
DA:299,2
DA:300,2
DA:301,2
DA:302,2
DA:303,2
DA:304,2
DA:305,2
DA:306,2
DA:307,2
DA:308,2
DA:309,2
DA:310,2
DA:318,0
DA:321,0
DA:322,0
DA:326,0
DA:328,0
DA:329,0
DA:331,0
DA:332,0
DA:336,0
DA:339,0
DA:341,0
DA:342,0
DA:343,0
DA:345,0
DA:346,0
DA:348,0
DA:349,0
DA:353,0
DA:357,0
DA:358,0
DA:359,0
DA:369,0
DA:370,0
DA:371,0
DA:372,0
DA:376,0
DA:377,0
DA:380,0
DA:384,0
DA:386,0
DA:390,0
DA:391,0
DA:392,0
DA:393,0
DA:395,0
DA:396,0
DA:397,0
DA:398,0
DA:401,0
DA:404,0
DA:405,0
DA:408,0
DA:409,0
DA:411,0
DA:412,0
DA:413,0
DA:414,0
DA:415,0
DA:417,0
DA:420,0
DA:421,0
DA:422,0
DA:429,0
DA:432,0
DA:433,0
DA:434,0
DA:436,0
DA:437,0
DA:438,0
DA:439,0
DA:442,0
DA:445,0
DA:446,0
DA:449,0
DA:451,0
DA:452,0
DA:454,0
DA:457,0
DA:459,0
DA:460,0
DA:463,0
DA:465,0
DA:468,0
DA:470,0
DA:472,0
DA:473,0
DA:476,0
DA:478,0
DA:480,0
DA:484,0
DA:485,0
DA:487,0
DA:488,0
DA:497,1
DA:500,1
DA:504,1
DA:506,1
DA:507,15
DA:509,14
DA:510,14
DA:514,1
DA:515,1
DA:516,1
DA:517,15
DA:519,14
DA:520,14
DA:524,1
DA:527,1
DA:529,15
DA:530,14
DA:532,1
DA:535,1
DA:539,1
DA:542,1
DA:544,1
DA:547,1
DA:551,1
DA:552,1
DA:555,1
DA:556,1
DA:557,1
DA:558,0
DA:559,1
DA:560,1
DA:561,0
DA:562,0
DA:564,0
DA:565,1
DA:570,1
DA:571,4
DA:572,3
DA:574,1
DA:575,3
DA:576,2
DA:580,1
DA:581,1
DA:582,1
DA:583,1
DA:586,10
DA:588,9
DA:589,9
DA:591,9
DA:592,0
DA:594,9
DA:595,9
DA:596,9
DA:597,9
DA:599,9
DA:603,6
DA:605,5
DA:606,5
DA:608,5
DA:610,5
DA:611,5
DA:612,5
DA:613,5
DA:615,5
DA:617,5
DA:618,5
DA:620,5
DA:623,5
DA:627,1
DA:628,1
DA:629,1
DA:630,1
DA:633,1
DA:634,1
DA:636,1
DA:637,1
DA:638,1
DA:639,1
DA:642,1
DA:649,5
DA:653,5
DA:654,5
DA:656,12
DA:658,7
DA:659,7
DA:663,5
DA:664,5
DA:667,5
DA:668,5
DA:669,4
DA:670,3
DA:673,3
DA:678,2
DA:680,2
DA:682,0
DA:683,0
DA:686,2
DA:688,2
DA:689,2
DA:693,2
DA:695,2
DA:698,2
DA:700,0
DA:701,0
DA:706,4
DA:707,2
DA:713,4
DA:715,2
DA:716,2
DA:717,2
DA:718,2
DA:722,2
DA:724,0
DA:725,0
DA:727,0
DA:728,0
DA:729,0
DA:730,0
DA:733,2
DA:735,0
DA:736,0
DA:738,0
DA:739,0
DA:740,0
DA:741,0
DA:745,2
DA:746,2
DA:749,2
DA:752,2
DA:753,2
DA:757,2
DA:758,2
DA:759,2
DA:761,2
DA:763,2
DA:764,2
DA:766,2
DA:768,2
DA:771,2
DA:773,5
DA:780,2
DA:783,2
DA:784,2
DA:785,2
DA:786,2
DA:788,2
DA:791,0
DA:793,0
DA:794,0
DA:796,0
DA:797,0
DA:798,0
DA:799,0
DA:800,0
DA:803,2
DA:804,2
DA:805,2
DA:809,4
DA:810,4
DA:811,2
DA:813,2
DA:814,2
DA:815,2
DA:816,2
DA:819,2
DA:821,2
DA:822,2
DA:826,0
DA:827,0
DA:830,2
DA:831,2
DA:834,2
DA:837,2
DA:838,0
DA:841,2
DA:842,0
DA:846,4
DA:848,2
DA:850,2
DA:851,2
DA:852,0
DA:853,0
DA:857,0
DA:858,0
DA:861,0
DA:862,0
DA:864,0
DA:865,0
DA:866,0
DA:867,0
DA:871,0
DA:874,0
DA:876,0
DA:878,0
DA:881,0
DA:882,0
DA:883,0
DA:884,0
DA:885,0
DA:887,0
DA:889,0
DA:890,0
DA:891,0
DA:892,0
DA:893,0
DA:895,0
DA:897,0
DA:898,0
DA:899,0
DA:900,0
DA:901,0
DA:903,0
DA:905,0
DA:906,0
DA:907,0
DA:908,0
DA:909,0
DA:911,0
DA:915,0
DA:919,0
DA:921,0
DA:924,0
DA:925,0
DA:926,0
DA:928,0
DA:929,0
DA:933,0
DA:937,0
DA:938,0
DA:941,0
DA:943,0
DA:946,0
DA:947,0
DA:948,0
DA:950,0
DA:954,0
DA:958,0
DA:959,0
DA:963,0
DA:966,0
DA:968,0
DA:969,0
DA:970,0
DA:974,0
DA:976,0
DA:977,0
DA:978,0
DA:985,0
DA:986,0
DA:994,0
DA:995,0
DA:1000,0
DA:1001,0
DA:1002,0
DA:1010,5
DA:1014,5
DA:1016,4
DA:1020,4
DA:1022,4
DA:1023,4
DA:1026,4
DA:1029,4
DA:1030,4
DA:1033,4
DA:1034,4
DA:1035,4
DA:1038,4
DA:1040,4
DA:1041,4
DA:1043,4
DA:1045,4
DA:1046,4
DA:1054,4
DA:1056,1
DA:1062,3
DA:1067,3
DA:1069,2
DA:1074,2
DA:1075,2
DA:1076,2
DA:1079,2
DA:1082,2
DA:1083,2
DA:1086,2
DA:1087,2
DA:1089,2
DA:1093,2
DA:1094,2
DA:1096,1
DA:1103,1
DA:1106,1
DA:1108,0
DA:1110,0
DA:1114,1
DA:1125,1
DA:1132,1
DA:1133,1
DA:1134,1
DA:1135,1
DA:1136,1
DA:1137,1
DA:1138,1
DA:1139,1
DA:1142,1
DA:1143,1
DA:1144,1
DA:1145,1
DA:1146,1
DA:1147,1
DA:1148,1
DA:1149,1
DA:1152,1
DA:1153,1
DA:1154,1
DA:1155,1
DA:1156,1
DA:1157,1
DA:1158,1
DA:1159,1
DA:1162,1
DA:1163,1
DA:1165,1
DA:1167,1
DA:1170,1
DA:1171,1
DA:1173,1
DA:1175,1
DA:1178,1
DA:1179,1
DA:1181,1
DA:1183,1
DA:1184,1
DA:1189,2
DA:1192,2
DA:1193,1
DA:1201,1
DA:1203,1
DA:1204,1
DA:1205,1
DA:1209,4
DA:1212,8
DA:1214,5
DA:1215,5
DA:1218,1
DA:1224,5
DA:1227,18
DA:1229,13
DA:1231,13
DA:1233,13
DA:1234,0
DA:1236,13
DA:1238,5
DA:1245,1
DA:1249,1
DA:1250,1
DA:1255,1
DA:1259,10
DA:1261,10
DA:1263,10
DA:1265,1
DA:1266,1
DA:1267,1
DA:1268,1
DA:1269,1
DA:1271,1
DA:1272,1
DA:1273,1
DA:1276,4
DA:1278,4
DA:1279,4
DA:1282,10
DA:1284,9
DA:1285,9
DA:1288,3
DA:1291,6
DA:1293,5
DA:1294,5
DA:1297,2
DA:1299,1
DA:1302,1
DA:1306,1
DA:1307,0
DA:1310,1
DA:1311,1
DA:1314,1
DA:1315,1
DA:1318,1
DA:1319,1
DA:1322,1
DA:1324,1
DA:1328,0
DA:1330,0
DA:1333,1
DA:1334,1
DA:1336,1
DA:1345,43
DA:1347,43
DA:1348,43
DA:1350,43
DA:1351,43
DA:1352,43
DA:1353,43
DA:1354,43
DA:1357,43
DA:1359,25
DA:1360,25
DA:1361,25
DA:1365,18
DA:1373,5
DA:1375,5
DA:1377,29
DA:1379,24
DA:1380,24
DA:1381,24
DA:1383,5
DA:1389,1
DA:1391,1
DA:1393,15
DA:1394,14
DA:1396,1
DA:1405,3
DA:1408,3
DA:1409,3
DA:1410,3
DA:1411,3
DA:1412,3
DA:1414,31
DA:1416,28
DA:1418,28
DA:1420,10
DA:1421,10
DA:1423,10
DA:1424,10
DA:1425,10
DA:1428,28
DA:1429,28
DA:1432,3
DA:1433,3
DA:1435,3
DA:1442,1
DA:1444,1
DA:1446,3
DA:1448,2
DA:1450,7
DA:1453,5
DA:1454,5
DA:1455,5
DA:1457,5
DA:1460,0
DA:1464,5
DA:1466,5
DA:1469,0
DA:1474,1
DA:1475,1
DA:1477,6
DA:1480,5
DA:1481,5
DA:1482,5
DA:1484,5
DA:1487,0
DA:1491,1
DA:1497,3
DA:1500,3
DA:1502,3
DA:1505,13
DA:1508,10
DA:1509,10
DA:1511,3
DA:1522,128
DA:1524,128
DA:1525,128
DA:1526,128
DA:1528,0
DA:1539,50
DA:1541,50
DA:1542,0
DA:1544,50
DA:1545,50
DA:1547,50
DA:1548,50
DA:1550,50
DA:1551,0
DA:1553,50
DA:1555,50
DA:1561,1
DA:1564,1
DA:1565,1
DA:1566,1
DA:1567,1
DA:1568,1
DA:1569,1
DA:1570,1
DA:1576,1
DA:1579,1
DA:1580,1
DA:1581,1
DA:1582,2
DA:1588,1
DA:1590,1
DA:1591,1
DA:1592,1
DA:1593,1
DA:1595,1
DA:1602,1
DA:1604,1
DA:1606,22
DA:1608,22
DA:1609,1
DA:1610,21
DA:1612,1
DA:1613,1
DA:1620,1
DA:1622,1
DA:1624,2
DA:1625,1
DA:1627,1
DA:1628,1
DA:1629,1
DA:1635,1
DA:1637,1
DA:1638,1
DA:1640,1
DA:1641,1
DA:1643,1
DA:1644,1
DA:1649,16
DA:1651,16
DA:1652,14
DA:1654,2
DA:1656,2
DA:1657,2
DA:1658,2
DA:1663,13
DA:1665,13
DA:1666,10
DA:1668,3
DA:1669,3
DA:1670,3
DA:1672,3
DA:1673,3
DA:1674,3
end_of_record
TN:
SF:/workspace/vtr-verilog-to-routing/ODIN_II/SRC/activity_estimation.c
FN:61,_Z19activity_estimationPcS_iP11netlist_t_tS1_
FNDA:0,_Z19activity_estimationPcS_iP11netlist_t_tS1_
FN:88,_Z23calc_transition_densityP11netlist_t_t
FNDA:0,_Z23calc_transition_densityP11netlist_t_t
FN:188,_Z24initialize_probabilitiesPcP11netlist_t_t
FNDA:0,_Z24initialize_probabilitiesPcP11netlist_t_t
FN:275,_Z36calc_probabilities_and_init_act_dataP11netlist_t_t
FNDA:0,_Z36calc_probabilities_and_init_act_dataP11netlist_t_t
FN:393,_Z18boolean_differenceP9nnode_t_ti
FNDA:0,_Z18boolean_differenceP9nnode_t_ti
FN:444,_Z12calc_densityP9nnode_t_tiPs
FNDA:0,_Z12calc_densityP9nnode_t_tiPs
FN:531,_Z44output_activation_file_ace_and_function_filePciP11netlist_t_tS1_
FNDA:0,_Z44output_activation_file_ace_and_function_filePciP11netlist_t_tS1_
FN:852,_Z18cleanup_activationP11netlist_t_t
FNDA:0,_Z18cleanup_activationP11netlist_t_t
DA:61,0
DA:64,0
DA:67,0
DA:70,0
DA:73,0
DA:76,0
DA:79,0
DA:83,0
DA:88,0
DA:94,0
DA:96,0
DA:99,0
DA:100,0
DA:103,0
DA:106,0
DA:108,0
DA:111,0
DA:112,0
DA:113,0
DA:114,0
DA:116,0
DA:118,0
DA:119,0
DA:121,0
DA:122,0
DA:124,0
DA:125,0
DA:127,0
DA:131,0
DA:134,0
DA:139,0
DA:142,0
DA:145,0
DA:148,0
DA:151,0
DA:153,0
DA:154,0
DA:155,0
DA:156,0
DA:159,0
DA:160,0
DA:162,0
DA:164,0
DA:165,0
DA:166,0
DA:167,0
DA:170,0
DA:171,0
DA:173,0
DA:175,0
DA:179,0
DA:183,0
DA:188,0
DA:193,0
DA:195,0
DA:198,0
DA:199,0
DA:201,0
DA:202,0
DA:203,0
DA:205,0
DA:207,0
DA:209,0
DA:212,0
DA:217,0
DA:222,0
DA:223,0
DA:224,0
DA:226,0
DA:227,0
DA:228,0
DA:231,0
DA:234,0
DA:235,0
DA:236,0
DA:238,0
DA:239,0
DA:240,0
DA:243,0
DA:246,0
DA:247,0
DA:248,0
DA:250,0
DA:251,0
DA:252,0
DA:255,0
DA:258,0
DA:259,0
DA:260,0
DA:262,0
DA:263,0
DA:264,0
DA:268,0
DA:275,0
DA:280,0
DA:283,0
DA:285,0
DA:288,0
DA:289,0
DA:292,0
DA:294,0
DA:295,0
DA:297,0
DA:300,0
DA:303,0
DA:305,0
DA:306,0
DA:308,0
DA:311,0
DA:313,0
DA:314,0
DA:315,0
DA:316,0
DA:318,0
DA:320,0
DA:324,0
DA:327,0
DA:330,0
DA:335,0
DA:337,0
DA:339,0
DA:342,0
DA:343,0
DA:344,0
DA:345,0
DA:347,0
DA:350,0
DA:352,0
DA:353,0
DA:354,0
DA:355,0
DA:357,0
DA:360,0
DA:363,0
DA:365,0
DA:367,0
DA:368,0
DA:372,0
DA:375,0
DA:378,0
DA:381,0
DA:383,0
DA:388,0
DA:393,0
DA:398,0
DA:401,0
DA:402,0
DA:403,0
DA:406,0
DA:408,0
DA:410,0
DA:412,0
DA:413,0
DA:414,0
DA:417,0
DA:420,0
DA:422,0
DA:425,0
DA:427,0
DA:430,0
DA:431,0
DA:435,0
DA:438,0
DA:444,0
DA:448,0
DA:449,0
DA:451,0
DA:453,0
DA:455,0
DA:456,0
DA:457,0
DA:458,0
DA:460,0
DA:464,0
DA:468,0
DA:470,0
DA:472,0
DA:473,0
DA:474,0
DA:476,0
DA:479,0
DA:486,0
DA:489,0
DA:493,0
DA:496,0
DA:497,0
DA:498,0
DA:499,0
DA:501,0
DA:503,0
DA:507,0
DA:510,0
DA:512,0
DA:516,0
DA:517,0
DA:518,0
DA:521,0
DA:531,0
DA:533,0
DA:534,0
DA:535,0
DA:544,0
DA:545,0
DA:546,0
DA:548,0
DA:549,0
DA:551,0
DA:553,0
DA:554,0
DA:556,0
DA:558,0
DA:559,0
DA:561,0
DA:565,0
DA:567,0
DA:570,0
DA:571,0
DA:573,0
DA:575,0
DA:577,0
DA:580,0
DA:586,0
DA:591,0
DA:596,0
DA:598,0
DA:599,0
DA:600,0
DA:604,0
DA:606,0
DA:608,0
DA:610,0
DA:614,0
DA:616,0
DA:617,0
DA:619,0
DA:620,0
DA:622,0
DA:623,0
DA:624,0
DA:628,0
DA:630,0
DA:633,0
DA:635,0
DA:636,0
DA:638,0
DA:639,0
DA:641,0
DA:642,0
DA:643,0
DA:647,0
DA:649,0
DA:650,0
DA:652,0
DA:655,0
DA:659,0
DA:661,0
DA:662,0
DA:663,0
DA:665,0
DA:671,0
DA:673,0
DA:675,0
DA:676,0
DA:679,0
DA:680,0
DA:683,0
DA:688,0
DA:690,0
DA:691,0
DA:693,0
DA:696,0
DA:697,0
DA:701,0
DA:703,0
DA:706,0
DA:707,0
DA:708,0
DA:710,0
DA:711,0
DA:714,0
DA:716,0
DA:718,0
DA:721,0
DA:723,0
DA:725,0
DA:726,0
DA:728,0
DA:731,0
DA:734,0
DA:735,0
DA:736,0
DA:740,0
DA:741,0
DA:746,0
DA:747,0
DA:749,0
DA:752,0
DA:757,0
DA:758,0
DA:762,0
DA:765,0
DA:766,0
DA:771,0
DA:773,0
DA:775,0
DA:776,0
DA:779,0
DA:783,0
DA:784,0
DA:785,0
DA:788,0
DA:789,0
DA:791,0
DA:793,0
DA:796,0
DA:798,0
DA:802,0
DA:803,0
DA:806,0
DA:807,0
DA:809,0
DA:811,0
DA:815,0
DA:818,0
DA:824,0
DA:825,0
DA:827,0
DA:829,0
DA:832,0
DA:836,0
DA:837,0
DA:840,0
DA:841,0
DA:845,0
DA:846,0
DA:847,0
DA:852,0
DA:856,0
DA:858,0
DA:861,0
DA:862,0
DA:863,0
DA:865,0
DA:866,0
DA:867,0
DA:868,0
DA:869,0
DA:870,0
DA:872,0
DA:873,0
DA:876,0
end_of_record
TN:
SF:/workspace/vtr-verilog-to-routing/ODIN_II/SRC/netlist_check.c
FN:53,_Z13check_netlistP11netlist_t_t
FNDA:18,_Z13check_netlistP11netlist_t_t
FN:67,_Z54levelize_and_check_for_combinational_loop_and_livenesssP11netlist_t_t
FNDA:0,_Z54levelize_and_check_for_combinational_loop_and_livenesssP11netlist_t_t
FN:90,_Z24sequential_levelized_dfssP11netlist_t_t
FNDA:0,_Z24sequential_levelized_dfssP11netlist_t_t
FN:166,_Z44depth_first_traverse_until_next_ff_or_outputP9nnode_t_tS0_iiP11netlist_t_t
FNDA:0,_Z44depth_first_traverse_until_next_ff_or_outputP9nnode_t_tS0_iiP11netlist_t_t
FN:244,_Z46depth_first_traversal_check_if_forward_leveledsP11netlist_t_t
FNDA:0,_Z46depth_first_traversal_check_if_forward_leveledsP11netlist_t_t
FN:266,_Z45depth_first_traverse_check_if_forward_leveledP9nnode_t_ti
FNDA:0,_Z45depth_first_traverse_check_if_forward_leveledP9nnode_t_ti
FN:315,_Z17levelize_forwardsP11netlist_t_t
FNDA:0,_Z17levelize_forwardsP11netlist_t_t
FN:476,_Z60levelize_forwards_clean_checking_for_combo_loop_and_livenesssP11netlist_t_t
FNDA:0,_Z60levelize_forwards_clean_checking_for_combo_loop_and_livenesssP11netlist_t_t
FN:577,_Z18levelize_backwardsP11netlist_t_t
FNDA:0,_Z18levelize_backwardsP11netlist_t_t
FN:709,_Z46levelize_backwards_clean_checking_for_livenesssP11netlist_t_t
FNDA:0,_Z46levelize_backwards_clean_checking_for_livenesssP11netlist_t_t
FN:793,_Z30find_node_at_top_of_combo_loopP9nnode_t_t
FNDA:0,_Z30find_node_at_top_of_combo_loopP9nnode_t_t
DA:53,18
DA:56,18
DA:59,0
DA:61,18
DA:67,0
DA:70,0
DA:73,0
DA:76,0
DA:79,0
DA:81,0
DA:84,0
DA:85,0
DA:90,0
DA:94,0
DA:95,0
DA:96,0
DA:97,0
DA:98,0
DA:99,0
DA:102,0
DA:105,0
DA:107,0
DA:109,0
DA:110,0
DA:112,0
DA:117,0
DA:119,0
DA:120,0
DA:122,0
DA:124,0
DA:126,0
DA:127,0
DA:129,0
DA:132,0
DA:138,0
DA:139,0
DA:140,0
DA:141,0
DA:142,0
DA:145,0
DA:146,0
DA:147,0
DA:148,0
DA:149,0
DA:152,0
DA:154,0
DA:158,0
DA:161,0
DA:166,0
DA:173,0
DA:176,0
DA:179,0
DA:180,0
DA:181,0
DA:183,0
DA:187,0
DA:190,0
DA:192,0
DA:195,0
DA:197,0
DA:201,0
DA:202,0
DA:205,0
DA:206,0
DA:207,0
DA:209,0
DA:216,0
DA:217,0
DA:219,0
DA:221,0
DA:222,0
DA:224,0
DA:225,0
DA:227,0
DA:228,0
DA:230,0
DA:231,0
DA:232,0
DA:235,0
DA:244,0
DA:249,0
DA:251,0
DA:253,0
DA:257,0
DA:258,0
DA:259,0
DA:260,0
DA:261,0
DA:266,0
DA:272,0
DA:274,0
DA:281,0
DA:283,0
DA:285,0
DA:286,0
DA:288,0
DA:289,0
DA:291,0
DA:292,0
DA:294,0
DA:295,0
DA:296,0
DA:298,0
DA:300,0
DA:301,0
DA:305,0
DA:315,0
DA:319,0
DA:320,0
DA:323,0
DA:324,0
DA:325,0
DA:326,0
DA:327,0
DA:328,0
DA:329,0
DA:331,0
DA:334,0
DA:335,0
DA:336,0
DA:337,0
DA:339,0
DA:342,0
DA:343,0
DA:344,0
DA:345,0
DA:347,0
DA:350,0
DA:351,0
DA:352,0
DA:353,0
DA:355,0
DA:357,0
DA:359,0
DA:361,0
DA:362,0
DA:363,0
DA:364,0
DA:367,0
DA:369,0
DA:371,0
DA:372,0
DA:373,0
DA:374,0
DA:378,0
DA:381,0
DA:382,0
DA:383,0
DA:384,0
DA:385,0
DA:388,0
DA:390,0
DA:391,0
DA:392,0
DA:395,0
DA:398,0
DA:399,0
DA:401,0
DA:405,0
DA:406,0
DA:408,0
DA:410,0
DA:411,0
DA:413,0
DA:416,0
DA:418,0
DA:420,0
DA:423,0
DA:424,0
DA:429,0
DA:430,0
DA:434,0
DA:437,0
DA:438,0
DA:440,0
DA:442,0
DA:443,0
DA:447,0
DA:450,0
DA:451,0
DA:452,0
DA:454,0
DA:461,0
DA:464,0
DA:469,0
DA:472,0
DA:476,0
DA:480,0
DA:481,0
DA:483,0
DA:485,0
DA:488,0
DA:490,0
DA:491,0
DA:492,0
DA:495,0
DA:498,0
DA:499,0
DA:501,0
DA:503,0
DA:504,0
DA:507,0
DA:509,0
DA:510,0
DA:512,0
DA:514,0
DA:520,0
DA:521,0
DA:522,0
DA:525,0
DA:526,0
DA:528,0
DA:530,0
DA:531,0
DA:535,0
DA:538,0
DA:539,0
DA:541,0
DA:544,0
DA:545,0
DA:548,0
DA:550,0
DA:551,0
DA:553,0
DA:560,0
DA:563,0
DA:568,0
DA:571,0
DA:577,0
DA:581,0
DA:582,0
DA:585,0
DA:586,0
DA:587,0
DA:588,0
DA:589,0
DA:590,0
DA:591,0
DA:593,0
DA:595,0
DA:596,0
DA:597,0
DA:598,0
DA:601,0
DA:603,0
DA:605,0
DA:606,0
DA:607,0
DA:608,0
DA:612,0
DA:615,0
DA:616,0
DA:617,0
DA:618,0
DA:619,0
DA:622,0
DA:624,0
DA:625,0
DA:626,0
DA:629,0
DA:632,0
DA:633,0
DA:636,0
DA:638,0
DA:642,0
DA:644,0
DA:646,0
DA:649,0
DA:650,0
DA:655,0
DA:656,0
DA:660,0
DA:662,0
DA:666,0
DA:667,0
DA:669,0
DA:671,0
DA:672,0
DA:676,0
DA:679,0
DA:682,0
DA:683,0
DA:684,0
DA:687,0
DA:693,0
DA:696,0
DA:701,0
DA:704,0
DA:709,0
DA:713,0
DA:714,0
DA:716,0
DA:718,0
DA:721,0
DA:723,0
DA:724,0
DA:725,0
DA:728,0
DA:731,0
DA:732,0
DA:735,0
DA:737,0
DA:740,0
DA:745,0
DA:746,0
DA:747,0
DA:750,0
DA:751,0
DA:753,0
DA:755,0
DA:756,0
DA:760,0
DA:763,0
DA:764,0
DA:766,0
DA:770,0
DA:771,0
DA:777,0
DA:780,0
DA:785,0
DA:788,0
DA:793,0
DA:797,0
DA:803,0
DA:804,0
DA:805,0
DA:808,0
DA:809,0
DA:811,0
DA:813,0
DA:814,0
DA:815,0
DA:819,0
DA:821,0
DA:824,0
DA:826,0
DA:830,0
end_of_record
TN:
SF:/workspace/vtr-verilog-to-routing/ODIN_II/SRC/output_blif.c
FN:53,_Z11output_blifPcP11netlist_t_t
FNDA:17,_Z11output_blifPcP11netlist_t_t
FN:231,_Z31depth_first_traversal_to_outputsP8_IO_FILEP11netlist_t_t
FNDA:17,_Z31depth_first_traversal_to_outputsP8_IO_FILEP11netlist_t_t
FN:256,_Z26depth_traverse_output_blifP9nnode_t_tiP8_IO_FILE
FNDA:283940,_Z26depth_traverse_output_blifP9nnode_t_tiP8_IO_FILE
FN:302,_Z11output_nodeP9nnode_t_tsP8_IO_FILE
FNDA:74226,_Z11output_nodeP9nnode_t_tsP8_IO_FILE
FN:415,_Z23define_logical_functionP9nnode_t_tsP8_IO_FILE
FNDA:26190,_Z23define_logical_functionP9nnode_t_tsP8_IO_FILE
FN:584,_Z33define_set_input_logical_functionP9nnode_t_tPKcP8_IO_FILE
FNDA:4280,_Z33define_set_input_logical_functionP9nnode_t_tPKcP8_IO_FILE
FN:665,_Z9define_ffP9nnode_t_tP8_IO_FILE
FNDA:9695,_Z9define_ffP9nnode_t_tP8_IO_FILE
FN:705,_Z18define_decoded_muxP9nnode_t_tP8_IO_FILE
FNDA:28842,_Z18define_decoded_muxP9nnode_t_tP8_IO_FILE
FN:801,_Z23output_blif_pin_connectP9nnode_t_tP8_IO_FILE
FNDA:0,_Z23output_blif_pin_connectP9nnode_t_tP8_IO_FILE
DA:53,17
DA:56,17
DA:57,17
DA:58,17
DA:63,17
DA:65,0
DA:66,0
DA:67,0
DA:71,17
DA:74,17
DA:76,0
DA:79,17
DA:82,1451
DA:84,1434
DA:86,17
DA:87,17
DA:90,1434
DA:92,1428
DA:94,0
DA:95,0
DA:99,0
DA:100,0
DA:105,1428
DA:107,1179
DA:112,249
DA:113,249
DA:118,17
DA:120,17
DA:121,749
DA:123,732
DA:125,0
DA:129,732
DA:131,17
DA:132,17
DA:135,732
DA:137,0
DA:138,0
DA:142,0
DA:143,0
DA:148,732
DA:149,557
DA:153,175
DA:154,175
DA:159,17
DA:162,17
DA:163,17
DA:166,17
DA:168,17
DA:172,0
DA:176,749
DA:179,732
DA:180,732
DA:182,732
DA:184,0
DA:185,0
DA:186,0
DA:187,0
DA:189,0
DA:190,0
DA:201,732
DA:202,732
DA:203,732
DA:204,716
DA:207,732
DA:211,732
DA:215,17
DA:216,17
DA:220,17
DA:221,17
DA:222,17
DA:225,17
DA:226,17
DA:231,17
DA:235,17
DA:236,17
DA:237,17
DA:239,17
DA:240,17
DA:241,17
DA:244,1451
DA:246,1434
DA:248,1434
DA:251,17
DA:256,283940
DA:262,283940
DA:264,209714
DA:271,74226
DA:274,74226
DA:276,162482
DA:278,88256
DA:279,1695
DA:281,86561
DA:282,426529
DA:284,339968
DA:285,37150
DA:287,302818
DA:288,302818
DA:289,20363
DA:292,282455
DA:302,74226
DA:304,74226
DA:306,4277
DA:307,4277
DA:308,4277
DA:309,4277
DA:310,4277
DA:311,0
DA:312,0
DA:313,0
DA:314,0
DA:315,0
DA:316,2
DA:317,2
DA:318,2
DA:319,1
DA:320,1
DA:321,1
DA:322,0
DA:323,0
DA:324,0
DA:326,26190
DA:335,26190
DA:336,26190
DA:338,28842
DA:339,28842
DA:340,28842
DA:342,9695
DA:343,9695
DA:344,9695
DA:346,99
DA:347,99
DA:348,0
DA:350,99
DA:352,99
DA:355,925
DA:356,925
DA:357,0
DA:359,925
DA:361,925
DA:363,1970
DA:364,1970
DA:365,0
DA:367,1970
DA:368,1970
DA:370,1970
DA:372,8
DA:375,8
DA:377,8
DA:378,2217
DA:385,2217
DA:387,0
DA:407,0
DA:408,0
DA:410,74226
DA:415,26190
DA:419,26190
DA:421,26190
DA:424,26190
DA:427,0
DA:430,0
DA:431,0
DA:433,0
DA:436,0
DA:437,0
DA:439,0
DA:444,73423
DA:448,47233
DA:449,47233
DA:451,47233
DA:453,3430
DA:454,3234
DA:455,3234
DA:456,3234
DA:457,2454
DA:459,3430
DA:464,43803
DA:469,0
DA:470,0
DA:472,0
DA:476,26190
DA:478,26190
DA:480,26190
DA:483,26190
DA:485,2241
DA:488,7682
DA:490,5441
DA:492,2241
DA:493,2241
DA:495,5088
DA:498,18435
DA:500,85564
DA:502,72217
DA:503,13347
DA:505,58870
DA:507,13347
DA:509,5088
DA:511,4
DA:514,12
DA:516,24
DA:518,16
DA:519,8
DA:521,8
DA:523,8
DA:525,4
DA:527,9290
DA:531,18593
DA:533,9303
DA:535,9290
DA:536,9290
DA:538,4465
DA:541,4465
DA:543,22325
DA:545,17860
DA:547,8930
DA:548,8930
DA:549,8930
DA:550,8930
DA:553,4465
DA:555,5102
DA:558,5102
DA:559,25510
DA:561,20408
DA:563,10204
DA:564,10204
DA:565,10204
DA:566,10204
DA:569,5102
DA:571,0
DA:572,0
DA:573,0
DA:576,26190
DA:577,26190
DA:578,0
DA:579,26190
DA:584,4280
DA:587,4280
DA:589,4280
DA:591,4280
DA:592,4280
DA:595,4280
DA:598,0
DA:601,0
DA:602,0
DA:604,0
DA:608,0
DA:609,0
DA:611,0
DA:612,0
DA:615,0
DA:617,0
DA:619,0
DA:624,17120
DA:626,12840
DA:630,3048
DA:631,3048
DA:632,3048
DA:633,3048
DA:634,2640
DA:636,3048
DA:641,9792
DA:646,4280
DA:647,4280
DA:650,4280
DA:652,4280
DA:654,4280
DA:657,4280
DA:658,0
DA:659,4280
DA:665,9695
DA:667,9695
DA:668,9695
DA:672,9695
DA:675,9695
DA:676,9695
DA:679,9695
DA:680,0
DA:684,9695
DA:685,0
DA:688,9695
DA:689,9695
DA:691,0
DA:693,9695
DA:694,9695
DA:696,0
DA:699,9695
DA:700,9695
DA:705,28842
DA:709,28842
DA:711,28842
DA:713,28842
DA:716,0
DA:719,0
DA:721,0
DA:725,0
DA:729,0
DA:730,0
DA:732,0
DA:737,201630
DA:741,172788
DA:743,172788
DA:746,0
DA:747,0
DA:749,0
DA:753,172788
DA:755,8843
DA:756,7424
DA:757,7424
DA:758,7416
DA:759,4373
DA:761,8843
DA:766,163945
DA:772,28842
DA:774,28842
DA:776,28842
DA:779,115236
DA:781,2337010
DA:783,2250620
DA:784,86394
DA:785,2164220
DA:786,86394
DA:787,2077830
DA:788,0
DA:790,2077830
DA:792,86394
DA:795,28842
DA:796,28842
DA:801,0
DA:806,0
DA:809,0
DA:810,0
DA:813,0
end_of_record
TN:
SF:/workspace/vtr-verilog-to-routing/ODIN_II/SRC/netlist_optimizations.c
FN:41,_Z25netlist_optimizations_topP11netlist_t_t
FNDA:17,_Z25netlist_optimizations_topP11netlist_t_t
DA:41,17
DA:45,17
DA:46,17
DA:47,17
DA:50,17
DA:51,17
DA:54,17
DA:55,17
DA:56,17
DA:59,17
DA:60,17
DA:61,17
DA:63,17
end_of_record
TN:
SF:/workspace/vtr-verilog-to-routing/ODIN_II/SRC/netlist_create_from_ast.c
FN:150,_Z29create_param_table_for_moduleP12ast_node_t_tS0_Pc
FNDA:57,_Z29create_param_table_for_moduleP12ast_node_t_tS0_Pc
FN:313,_Z14create_netlistv
FNDA:17,_Z14create_netlistv
FN:394,_Z15look_for_clocksP11netlist_t_t
FNDA:17,_Z15look_for_clocksP11netlist_t_t
FN:412,_Z15find_top_modulev
FNDA:17,_Z15find_top_modulev
FN:474,_Z44convert_ast_to_netlist_recursing_via_modulesP12ast_node_t_tPci
FNDA:57,_Z44convert_ast_to_netlist_recursing_via_modulesP12ast_node_t_tPci
FN:611,_Z28netlist_expand_ast_of_moduleP12ast_node_t_tPc
FNDA:37341,_Z28netlist_expand_ast_of_moduleP12ast_node_t_tPc
FN:964,_Z24concatenate_signal_listsPP15signal_list_t_ti
FNDA:1387,_Z24concatenate_signal_listsPP15signal_list_t_ti
FN:993,_Z37create_all_driver_nets_in_this_modulePc
FNDA:57,_Z37create_all_driver_nets_in_this_modulePc
FN:1031,_Z39create_all_driver_nets_in_this_functionPc
FNDA:0,_Z39create_all_driver_nets_in_this_functionPc
FN:1069,_Z22create_top_driver_netsP12ast_node_t_tPc
FNDA:17,_Z22create_top_driver_netsP12ast_node_t_tPc
FN:1179,_Z23create_top_output_nodesP12ast_node_t_tPc
FNDA:17,_Z23create_top_output_nodesP12ast_node_t_tPc
FN:1300,_Z23define_nets_with_driverP12ast_node_t_tPc
FNDA:4047,_Z23define_nets_with_driverP12ast_node_t_tPc
FN:1426,_Z33define_nodes_and_nets_with_driverP12ast_node_t_tPc
FNDA:110,_Z33define_nodes_and_nets_with_driverP12ast_node_t_tPc
FN:1536,_Z30create_symbol_table_for_moduleP12ast_node_t_tPc
FNDA:57,_Z30create_symbol_table_for_moduleP12ast_node_t_tPc
FN:1652,_Z32create_symbol_table_for_functionP12ast_node_t_tPc
FNDA:0,_Z32create_symbol_table_for_functionP12ast_node_t_tPc
FN:1770,_Z27check_for_initial_reg_valueP12ast_node_t_tPx
FNDA:4718,_Z27check_for_initial_reg_valueP12ast_node_t_tPx
FN:1790,_Z24connect_memory_and_aliasP12ast_node_t_tPc
FNDA:1,_Z24connect_memory_and_aliasP12ast_node_t_tPc
FN:1927,_Z28connect_hard_block_and_aliasP12ast_node_t_tPci
FNDA:0,_Z28connect_hard_block_and_aliasP12ast_node_t_tPci
FN:2080,_Z38connect_module_instantiation_and_aliassP12ast_node_t_tPc
FNDA:80,_Z38connect_module_instantiation_and_aliassP12ast_node_t_tPc
FN:2375,_Z40connect_function_instantiation_and_aliassP12ast_node_t_tPc
FNDA:0,_Z40connect_function_instantiation_and_aliassP12ast_node_t_tPc
FN:2710,_Z11create_pinsP12ast_node_t_tPcS1_
FNDA:67152,_Z11create_pinsP12ast_node_t_tPcS1_
FN:2808,_Z17create_output_pinP12ast_node_t_tPc
FNDA:0,_Z17create_output_pinP12ast_node_t_tPc
FN:2831,_Z16assignment_aliasP12ast_node_t_tPc
FNDA:5205,_Z16assignment_aliasP12ast_node_t_tPc
FN:3093,_Z52define_latchs_initial_value_inside_initial_statementP12ast_node_t_tPc
FNDA:0,_Z52define_latchs_initial_value_inside_initial_statementP12ast_node_t_tPc
FN:3141,_Z31terminate_registered_assignmentP12ast_node_t_tP15signal_list_t_tS2_Pc
FNDA:547,_Z31terminate_registered_assignmentP12ast_node_t_tP15signal_list_t_tS2_Pc
FN:3358,_Z31terminate_continuous_assignmentP12ast_node_t_tP15signal_list_t_tPc
FNDA:2713,_Z31terminate_continuous_assignmentP12ast_node_t_tP15signal_list_t_tPc
FN:3441,_Z34alias_output_assign_pins_to_inputsP13char_list_t_tP15signal_list_t_tP12ast_node_t_t
FNDA:5205,_Z34alias_output_assign_pins_to_inputsP13char_list_t_tP15signal_list_t_tP12ast_node_t_t
FN:3488,_Z11create_gateP12ast_node_t_tPc
FNDA:0,_Z11create_gateP12ast_node_t_tPc
FN:3596,_Z21create_operation_nodeP12ast_node_t_tPP15signal_list_t_tiPc
FNDA:4581,_Z21create_operation_nodeP12ast_node_t_tPP15signal_list_t_tiPc
FN:3821,_Z25evaluate_sensitivity_listP12ast_node_t_tPc
FNDA:551,_Z25evaluate_sensitivity_listP12ast_node_t_tPc
FN:3888,_Z22create_if_for_questionP12ast_node_t_tPc
FNDA:515,_Z22create_if_for_questionP12ast_node_t_tPc
FN:3912,_Z34create_if_question_mux_expressionsP12ast_node_t_tP9nnode_t_tPc
FNDA:515,_Z34create_if_question_mux_expressionsP12ast_node_t_tP9nnode_t_tPc
FN:3944,_Z9create_ifP12ast_node_t_tPc
FNDA:1515,_Z9create_ifP12ast_node_t_tPc
FN:3968,_Z25create_if_control_signalsP12ast_node_t_tP9nnode_t_tPc
FNDA:2030,_Z25create_if_control_signalsP12ast_node_t_tP9nnode_t_tPc
FN:4028,_Z24create_if_mux_statementsP12ast_node_t_tP9nnode_t_tPc
FNDA:1515,_Z24create_if_mux_statementsP12ast_node_t_tP9nnode_t_tPc
FN:4062,_Z11create_caseP12ast_node_t_tPc
FNDA:15,_Z11create_caseP12ast_node_t_tPc
FN:4094,_Z27create_case_control_signalsP12ast_node_t_tS0_P9nnode_t_tPc
FNDA:15,_Z27create_case_control_signalsP12ast_node_t_tS0_P9nnode_t_tPc
FN:4162,_Z26create_case_mux_statementsP12ast_node_t_tP9nnode_t_tPc
FNDA:15,_Z26create_case_mux_statementsP12ast_node_t_tP9nnode_t_tPc
FN:4201,_Z21create_mux_statementsPP15signal_list_t_tP9nnode_t_tiPc
FNDA:1530,_Z21create_mux_statementsPP15signal_list_t_tP9nnode_t_tiPc
FN:4315,_Z22create_mux_expressionsPP15signal_list_t_tP9nnode_t_tiPc
FNDA:515,_Z22create_mux_expressionsPP15signal_list_t_tP9nnode_t_tiPc
FN:4390,_Z27find_smallest_non_numericalP12ast_node_t_tPP15signal_list_t_ti
FNDA:272,_Z27find_smallest_non_numericalP12ast_node_t_tPP15signal_list_t_ti
FN:4453,_Z14pad_with_zerosP12ast_node_t_tP15signal_list_t_tiPc
FNDA:544,_Z14pad_with_zerosP12ast_node_t_tP15signal_list_t_tiPc
FN:4481,_Z26create_dual_port_ram_blockP12ast_node_t_tPcP7s_model
FNDA:0,_Z26create_dual_port_ram_blockP12ast_node_t_tPcP7s_model
FN:4656,_Z28create_single_port_ram_blockP12ast_node_t_tPcP7s_model
FNDA:1,_Z28create_single_port_ram_blockP12ast_node_t_tPcP7s_model
FN:4844,_Z33create_soft_single_port_ram_blockP12ast_node_t_tPc
FNDA:0,_Z33create_soft_single_port_ram_blockP12ast_node_t_tPc
FN:4994,_Z31create_soft_dual_port_ram_blockP12ast_node_t_tPc
FNDA:0,_Z31create_soft_dual_port_ram_blockP12ast_node_t_tPc
FN:5152,_Z17create_hard_blockP12ast_node_t_tPc
FNDA:1,_Z17create_hard_blockP12ast_node_t_tPc
DA:150,57
DA:156,57
DA:157,57
DA:158,57
DA:161,57
DA:162,57
DA:163,0
DA:164,57
DA:165,57
DA:168,57
DA:170,7911
DA:172,7854
DA:175,9283
DA:177,4730
DA:179,4730
DA:180,4094
DA:181,3818
DA:182,2724
DA:183,4730
DA:185,12
DA:186,12
DA:188,12
DA:190,12
DA:192,12
DA:194,12
DA:195,12
DA:196,12
DA:197,12
DA:199,12
DA:204,57
DA:207,0
DA:209,0
DA:211,0
DA:212,0
DA:213,0
DA:214,0
DA:215,0
DA:219,0
DA:222,0
DA:224,0
DA:226,0
DA:227,0
DA:228,0
DA:229,0
DA:230,0
DA:235,0
DA:236,0
DA:237,0
DA:240,0
DA:242,0
DA:244,0
DA:246,0
DA:247,0
DA:248,0
DA:249,0
DA:251,0
DA:252,0
DA:254,0
DA:257,0
DA:259,0
DA:262,0
DA:264,0
DA:265,0
DA:266,0
DA:267,0
DA:268,0
DA:272,0
DA:273,0
DA:274,0
DA:275,0
DA:278,0
DA:282,0
DA:284,0
DA:293,57
DA:295,0
DA:299,57
DA:301,0
DA:313,17
DA:320,17
DA:323,70
DA:325,53
DA:328,0
DA:329,0
DA:330,0
DA:332,0
DA:333,0
DA:334,0
DA:335,0
DA:336,0
DA:337,0
DA:339,0
DA:340,0
DA:341,0
DA:343,0
DA:344,0
DA:345,0
DA:346,0
DA:347,0
DA:348,0
DA:349,0
DA:351,0
DA:352,0
DA:354,53
DA:358,17
DA:359,17
DA:362,17
DA:372,17
DA:373,17
DA:375,17
DA:378,17
DA:381,17
DA:382,17
DA:383,17
DA:384,17
DA:385,17
DA:388,17
DA:389,17
DA:394,17
DA:398,10644
DA:400,10627
DA:402,13
DA:405,17
DA:412,17
DA:416,17
DA:419,70
DA:421,93
DA:426,40
DA:430,80
DA:431,40
DA:433,0
DA:434,0
DA:435,0
DA:437,0
DA:441,40
DA:447,70
DA:449,53
DA:451,17
DA:453,36
DA:455,0
DA:461,17
DA:463,0
DA:466,17
DA:474,57
DA:476,57
DA:479,57
DA:481,29
DA:488,112
DA:490,84
DA:492,1629
DA:494,1601
DA:497,0
DA:498,0
DA:500,0
DA:502,0
DA:503,0
DA:506,0
DA:508,0
DA:512,0
DA:513,0
DA:514,0
DA:516,0
DA:517,0
DA:521,0
DA:523,0
DA:524,0
DA:531,68
DA:537,80
DA:538,40
DA:539,40
DA:544,40
DA:546,0
DA:547,0
DA:550,40
DA:552,40
DA:554,40
DA:558,40
DA:561,40
DA:563,28
DA:569,0
DA:570,0
DA:571,0
DA:576,0
DA:578,0
DA:579,0
DA:582,0
DA:585,0
DA:587,0
DA:592,0
DA:595,0
DA:599,28
DA:602,57
DA:603,57
DA:611,37341
DA:615,37341
DA:616,37341
DA:617,37341
DA:618,37341
DA:620,37341
DA:628,37341
DA:630,24783
DA:631,24783
DA:636,37341
DA:638,0
DA:639,0
DA:640,0
DA:641,57
DA:643,57
DA:644,57
DA:645,57
DA:646,0
DA:648,0
DA:649,0
DA:650,0
DA:652,57
DA:656,57
DA:657,57
DA:658,57
DA:659,57
DA:660,57
DA:663,57
DA:666,57
DA:668,7911
DA:674,7854
DA:679,80
DA:682,40
DA:686,40
DA:688,7814
DA:690,0
DA:695,57
DA:696,4553
DA:697,9283
DA:698,4730
DA:699,4730
DA:702,4553
DA:703,0
DA:704,0
DA:705,0
DA:707,0
DA:708,0
DA:709,0
DA:712,0
DA:713,0
DA:714,0
DA:715,0
DA:716,0
DA:719,0
DA:722,0
DA:724,0
DA:727,0
DA:730,0
DA:734,0
DA:735,0
DA:737,0
DA:738,0
DA:739,0
DA:740,0
DA:741,0
DA:742,0
DA:743,0
DA:744,0
DA:746,0
DA:748,0
DA:749,0
DA:752,3410
DA:754,3410
DA:755,3410
DA:756,3410
DA:758,8540
DA:760,8540
DA:761,8540
DA:763,4118
DA:766,4118
DA:769,4118
DA:772,2709
DA:774,2709
DA:775,2709
DA:776,3102
DA:782,3102
DA:783,3102
DA:784,3102
DA:786,2103
DA:792,2103
DA:793,2103
DA:794,2103
DA:796,551
DA:798,551
DA:799,551
DA:800,551
DA:801,15
DA:802,15
DA:803,15
DA:804,15
DA:805,1515
DA:806,1515
DA:807,1515
DA:808,1515
DA:809,515
DA:810,515
DA:811,515
DA:812,515
DA:814,1
DA:816,1
DA:817,1
DA:818,1
DA:819,1
DA:821,6095
DA:822,6095
DA:826,37341
DA:829,57973
DA:831,31292
DA:834,25855
DA:841,37341
DA:843,0
DA:844,0
DA:846,0
DA:847,1387
DA:848,1387
DA:849,1387
DA:850,57
DA:852,57
DA:854,7911
DA:856,7854
DA:858,80
DA:861,40
DA:868,57
DA:869,57
DA:871,57
DA:873,0
DA:879,0
DA:880,0
DA:881,0
DA:885,0
DA:886,0
DA:887,0
DA:888,0
DA:889,2709
DA:892,5418
DA:893,2709
DA:895,2709
DA:896,4553
DA:897,9283
DA:898,4730
DA:899,0
DA:902,4553
DA:903,551
DA:905,551
DA:908,4
DA:910,547
DA:912,547
DA:916,0
DA:917,0
DA:919,551
DA:920,4032
DA:921,4032
DA:922,4032
DA:923,4032
DA:924,229
DA:925,229
DA:926,229
DA:927,229
DA:928,447
DA:929,447
DA:930,447
DA:932,1
DA:933,1
DA:934,1
DA:935,0
DA:936,0
DA:937,0
DA:939,23375
DA:941,23375
DA:947,37341
DA:949,24783
DA:951,37341
DA:953,24783
DA:956,37341
DA:964,1387
DA:966,1387
DA:969,6120
DA:972,4733
DA:973,0
DA:976,19870
DA:978,15137
DA:979,15137
DA:981,4733
DA:984,1387
DA:993,57
DA:999,4740
DA:1001,4683
DA:1002,4683
DA:1004,4683
DA:1006,3589
DA:1007,3589
DA:1008,2712
DA:1011,877
DA:1012,877
DA:1013,241
DA:1014,241
DA:1019,4047
DA:1023,57
DA:1031,0
DA:1037,0
DA:1039,0
DA:1040,0
DA:1042,0
DA:1044,0
DA:1045,0
DA:1046,0
DA:1049,0
DA:1050,0
DA:1051,0
DA:1052,0
DA:1057,0
DA:1061,0
DA:1069,17
DA:1074,17
DA:1077,17
DA:1080,17
DA:1082,5909
DA:1084,5892
DA:1087,6243
DA:1089,3178
DA:1091,110
DA:1099,0
DA:1103,17
DA:1104,17
DA:1105,17
DA:1106,17
DA:1107,17
DA:1108,17
DA:1109,17
DA:1110,17
DA:1112,17
DA:1113,17
DA:1114,17
DA:1115,17
DA:1116,17
DA:1117,17
DA:1118,17
DA:1119,17
DA:1121,17
DA:1122,17
DA:1123,17
DA:1124,17
DA:1125,17
DA:1126,17
DA:1127,17
DA:1128,17
DA:1131,17
DA:1132,17
DA:1133,17
DA:1135,17
DA:1136,17
DA:1138,0
DA:1141,17
DA:1142,17
DA:1145,17
DA:1146,17
DA:1147,17
DA:1149,17
DA:1150,17
DA:1152,0
DA:1155,17
DA:1156,17
DA:1159,17
DA:1160,17
DA:1161,17
DA:1163,17
DA:1164,17
DA:1166,0
DA:1169,17
DA:1170,17
DA:1171,17
DA:1179,17
DA:1184,17
DA:1187,17
DA:1190,17
DA:1192,5909
DA:1194,5892
DA:1197,6243
DA:1199,3178
DA:1202,54
DA:1206,54
DA:1210,8
DA:1213,8
DA:1215,0
DA:1219,8
DA:1221,8
DA:1224,8
DA:1225,8
DA:1226,8
DA:1227,8
DA:1229,8
DA:1230,8
DA:1233,8
DA:1236,8
DA:1237,8
DA:1238,8
DA:1240,46
DA:1242,46
DA:1243,46
DA:1244,46
DA:1246,770
DA:1249,724
DA:1252,724
DA:1254,0
DA:1257,724
DA:1259,724
DA:1262,724
DA:1263,724
DA:1264,724
DA:1265,724
DA:1267,724
DA:1268,724
DA:1271,724
DA:1274,724
DA:1275,724
DA:1276,724
DA:1282,0
DA:1292,0
DA:1294,17
DA:1300,4047
DA:1305,4047
DA:1307,4047
DA:1312,806
DA:1315,806
DA:1318,806
DA:1319,806
DA:1321,0
DA:1325,806
DA:1326,806
DA:1329,806
DA:1330,0
DA:1332,0
DA:1335,3241
DA:1337,3241
DA:1338,3241
DA:1341,3241
DA:1344,3241
DA:1345,3241
DA:1346,0
DA:1352,63600
DA:1355,60359
DA:1358,60359
DA:1360,60359
DA:1361,60359
DA:1363,0
DA:1367,60359
DA:1368,60359
DA:1371,60359
DA:1372,0
DA:1374,0
DA:1376,0
DA:1381,0
DA:1383,0
DA:1384,0
DA:1386,0
DA:1387,0
DA:1389,0
DA:1390,0
DA:1392,0
DA:1394,0
DA:1395,0
DA:1397,0
DA:1398,0
DA:1401,0
DA:1403,0
DA:1404,0
DA:1406,0
DA:1407,0
DA:1410,0
DA:1412,0
DA:1413,0
DA:1415,0
DA:1418,4047
DA:1426,110
DA:1431,110
DA:1435,110
DA:1440,44
DA:1442,44
DA:1444,44
DA:1445,44
DA:1447,0
DA:1451,44
DA:1452,44
DA:1455,44
DA:1456,44
DA:1457,44
DA:1459,44
DA:1460,44
DA:1462,44
DA:1463,44
DA:1466,44
DA:1467,44
DA:1470,44
DA:1471,44
DA:1472,44
DA:1474,66
DA:1477,66
DA:1478,66
DA:1479,66
DA:1482,1456
DA:1485,1390
DA:1488,1390
DA:1490,1390
DA:1491,1390
DA:1493,0
DA:1497,1390
DA:1498,1390
DA:1501,1390
DA:1502,1390
DA:1504,1390
DA:1505,1390
DA:1506,1390
DA:1508,1390
DA:1509,1390
DA:1512,1390
DA:1513,1390
DA:1516,1390
DA:1517,1390
DA:1518,1390
DA:1521,0
DA:1524,0
DA:1525,0
DA:1528,110
DA:1536,57
DA:1542,57
DA:1545,57
DA:1547,7911
DA:1549,7854
DA:1552,9283
DA:1554,4730
DA:1557,4730
DA:1558,12
DA:1560,4718
DA:1561,4718
DA:1568,4718
DA:1570,4718
DA:1571,4718
DA:1577,35
DA:1578,0
DA:1579,0
DA:1580,0
DA:1584,0
DA:1588,35
DA:1591,0
DA:1595,0
DA:1596,0
DA:1597,0
DA:1600,35
DA:1603,35
DA:1604,35
DA:1606,35
DA:1609,35
DA:1610,0
DA:1611,0
DA:1612,35
DA:1614,0
DA:1616,0
DA:1622,4683
DA:1625,4683
DA:1626,4683
DA:1627,4683
DA:1631,4683
DA:1632,0
DA:1633,0
DA:1636,4718
DA:1643,0
DA:1645,57
DA:1652,0
DA:1658,0
DA:1661,0
DA:1663,0
DA:1665,0
DA:1668,0
DA:1670,0
DA:1673,0
DA:1674,0
DA:1676,0
DA:1677,0
DA:1683,0
DA:1685,0
DA:1687,0
DA:1693,0
DA:1694,0
DA:1695,0
DA:1696,0
DA:1700,0
DA:1704,0
DA:1707,0
DA:1711,0
DA:1712,0
DA:1713,0
DA:1716,0
DA:1719,0
DA:1720,0
DA:1722,0
DA:1726,0
DA:1727,0
DA:1728,0
DA:1729,0
DA:1733,0
DA:1739,0
DA:1742,0
DA:1743,0
DA:1744,0
DA:1748,0
DA:1749,0
DA:1750,0
DA:1753,0
DA:1760,0
DA:1762,0
DA:1770,4718
DA:1771,4718
DA:1773,4718
DA:1774,0
DA:1775,0
DA:1777,4718
DA:1790,1
DA:1798,1
DA:1799,6
DA:1803,5
DA:1804,5
DA:1805,5
DA:1810,4
DA:1811,9
DA:1812,5
DA:1818,1
DA:1819,1
DA:1820,1
DA:1821,2
DA:1822,1
DA:1823,1
DA:1824,1
DA:1827,1
DA:1828,1
DA:1829,1
DA:1831,9
DA:1838,8
DA:1840,8
DA:1841,8
DA:1842,8
DA:1844,8
DA:1845,8
DA:1846,8
DA:1847,8
DA:1851,0
DA:1852,0
DA:1853,0
DA:1854,0
DA:1856,0
DA:1857,0
DA:1858,0
DA:1859,0
DA:1863,8
DA:1866,8
DA:1870,0
DA:1874,0
DA:1876,0
DA:1881,0
DA:1888,8
DA:1889,8
DA:1893,8
DA:1894,8
DA:1898,8
DA:1899,8
DA:1903,8
DA:1905,8
DA:1908,8
DA:1909,8
DA:1914,1
DA:1927,0
DA:1936,0
DA:1937,0
DA:1938,0
DA:1940,0
DA:1944,0
DA:1945,0
DA:1948,0
DA:1950,0
DA:1951,0
DA:1954,0
DA:1955,0
DA:1957,0
DA:1958,0
DA:1959,0
DA:1961,0
DA:1963,0
DA:1964,0
DA:1965,0
DA:1966,0
DA:1969,0
[...]
DA:986,0
DA:987,0
DA:988,0
DA:989,0
DA:990,0
DA:991,0
DA:993,0
DA:994,0
DA:995,0
DA:1001,0
DA:1003,0
DA:1006,0
DA:1008,0
DA:1010,0
DA:1014,0
DA:1016,0
DA:1017,0
DA:1019,0
DA:1022,0
DA:1025,0
DA:1028,0
DA:1030,0
DA:1031,0
DA:1033,0
DA:1036,0
DA:1041,0
DA:1043,0
DA:1044,0
DA:1047,0
DA:1049,0
DA:1050,0
DA:1052,0
DA:1055,0
DA:1067,17
DA:1075,17
DA:1076,1
DA:1078,16
DA:1079,16
DA:1080,16
DA:1082,0
DA:1083,0
DA:1084,0
DA:1087,115
DA:1089,99
DA:1090,99
DA:1092,99
DA:1094,99
DA:1095,0
DA:1097,99
DA:1099,99
DA:1100,99
DA:1101,99
DA:1103,26
DA:1104,26
DA:1105,26
DA:1109,99
DA:1111,0
DA:1112,0
DA:1113,0
DA:1114,0
DA:1115,0
DA:1117,99
DA:1119,0
DA:1120,0
DA:1121,0
DA:1123,99
DA:1125,0
DA:1126,0
DA:1127,0
DA:1129,99
DA:1132,99
DA:1133,0
DA:1140,99
DA:1144,16
DA:1153,17
DA:1155,17
DA:1156,0
DA:1157,17
end_of_record
TN:
SF:/workspace/vtr-verilog-to-routing/ODIN_II/SRC/netlist_visualizer.c
FN:42,_Z21graphVizOutputNetlistPcPKcsP11netlist_t_t
FNDA:0,_Z21graphVizOutputNetlistPcPKcsP11netlist_t_t
FN:64,_Z35depth_first_traversal_graph_displayP8_IO_FILEsP11netlist_t_t
FNDA:0,_Z35depth_first_traversal_graph_displayP8_IO_FILEsP11netlist_t_t
FN:86,_Z30depth_first_traverse_visualizeP9nnode_t_tP8_IO_FILEi
FNDA:0,_Z30depth_first_traverse_visualizeP9nnode_t_tP8_IO_FILEi
FN:180,_Z30graphVizOutputCombinationalNetPcPKcsP9nnode_t_t
FNDA:0,_Z30graphVizOutputCombinationalNetPcPKcsP9nnode_t_t
FN:203,_Z35forward_traversal_net_graph_displayP8_IO_FILEsP9nnode_t_t
FNDA:0,_Z35forward_traversal_net_graph_displayP8_IO_FILEsP9nnode_t_t
FN:305,_Z36backward_traversal_net_graph_displayP8_IO_FILEsP9nnode_t_t
FNDA:0,_Z36backward_traversal_net_graph_displayP8_IO_FILEsP9nnode_t_t
DA:42,0
DA:48,0
DA:49,0
DA:52,0
DA:54,0
DA:57,0
DA:58,0
DA:59,0
DA:64,0
DA:69,0
DA:71,0
DA:73,0
DA:77,0
DA:78,0
DA:79,0
DA:80,0
DA:81,0
DA:86,0
DA:92,0
DA:94,0
DA:103,0
DA:105,0
DA:106,0
DA:108,0
DA:110,0
DA:112,0
DA:114,0
DA:116,0
DA:118,0
DA:120,0
DA:124,0
DA:126,0
DA:128,0
DA:130,0
DA:131,0
DA:134,0
DA:135,0
DA:137,0
DA:138,0
DA:139,0
DA:146,0
DA:147,0
DA:149,0
DA:152,0
DA:153,0
DA:155,0
DA:158,0
DA:159,0
DA:162,0
DA:163,0
DA:164,0
DA:165,0
DA:167,0
DA:168,0
DA:171,0
DA:180,0
DA:186,0
DA:187,0
DA:190,0
DA:192,0
DA:193,0
DA:196,0
DA:197,0
DA:198,0
DA:203,0
DA:207,0
DA:208,0
DA:212,0
DA:213,0
DA:215,0
DA:217,0
DA:220,0
DA:223,0
DA:224,0
DA:226,0
DA:228,0
DA:230,0
DA:232,0
DA:234,0
DA:236,0
DA:238,0
DA:240,0
DA:242,0
DA:246,0
DA:248,0
DA:251,0
DA:253,0
DA:254,0
DA:256,0
DA:258,0
DA:259,0
DA:262,0
DA:264,0
DA:265,0
DA:267,0
DA:268,0
DA:269,0
DA:272,0
DA:273,0
DA:275,0
DA:278,0
DA:279,0
DA:282,0
DA:284,0
DA:285,0
DA:287,0
DA:290,0
DA:291,0
DA:292,0
DA:298,0
DA:300,0
DA:305,0
DA:311,0
DA:312,0
DA:314,0
DA:315,0
DA:317,0
DA:319,0
DA:322,0
DA:325,0
DA:326,0
DA:328,0
DA:330,0
DA:332,0
DA:334,0
DA:336,0
DA:338,0
DA:340,0
DA:342,0
DA:346,0
DA:349,0
DA:352,0
DA:354,0
DA:355,0
DA:357,0
DA:358,0
DA:361,0
DA:363,0
DA:364,0
DA:366,0
DA:367,0
DA:369,0
DA:371,0
DA:372,0
DA:374,0
DA:377,0
DA:378,0
DA:379,0
DA:384,0
DA:386,0
end_of_record
TN:
SF:/workspace/vtr-verilog-to-routing/ODIN_II/SRC/verilog_flex.l
DA:45,550
DA:46,0
DA:47,2706
DA:48,3098
DA:49,392
DA:50,15
DA:51,15
DA:52,0
DA:53,1
DA:54,67
DA:55,66
DA:56,0
DA:57,0
DA:58,661
DA:59,1053
DA:60,407
DA:61,15
DA:62,53
DA:63,53
DA:64,0
DA:65,0
DA:66,1488
DA:67,1488
DA:68,0
DA:69,624
DA:70,624
DA:71,0
DA:72,53
DA:73,53
DA:74,0
DA:75,2
DA:76,2
DA:77,0
DA:78,9
DA:79,265
DA:80,257
DA:81,1
DA:82,550
DA:83,1418
DA:84,868
DA:85,0
DA:86,0
DA:87,0
DA:88,0
DA:89,0
DA:90,0
DA:91,0
DA:92,0
DA:93,2679
DA:94,2679
DA:95,0
DA:96,0
DA:98,16
DA:99,227
DA:100,2369
DA:101,2142
DA:102,13
DA:103,13
DA:104,38
DA:105,1855
DA:106,1818
DA:107,1
DA:108,0
DA:109,0
DA:110,1
DA:111,2
DA:112,3
DA:113,2
DA:114,23444
DA:115,0
DA:116,3654
DA:117,14705
DA:118,11051
DA:119,0
DA:121,48213
DA:124,35264
DA:125,17591
DA:126,17591
DA:127,0
DA:128,0
DA:129,0
DA:130,0
DA:131,0
DA:132,0
DA:133,0
DA:134,0
DA:135,0
DA:136,0
end_of_record
SF:/workspace/vtr-verilog-to-routing/ODIN_II/SRC/verilog_flex.c
FN:870,_Z5yylexv
FNDA:101952,_Z5yylexv
FN:1521,_ZL18yy_get_next_bufferv
FNDA:68,_ZL18yy_get_next_bufferv
FN:1659,_ZL21yy_get_previous_statev
FNDA:51,_ZL21yy_get_previous_statev
FN:1691,_ZL16yy_try_NUL_transi
FNDA:0,_ZL16yy_try_NUL_transi
FN:1716,_ZL7yyunputiPc
FNDA:0,_ZL7yyunputiPc
FN:1757,_ZL7yyinputv
FNDA:0,_ZL7yyinputv
FN:1834,_Z9yyrestartP8_IO_FILE
FNDA:17,_Z9yyrestartP8_IO_FILE
FN:1851,_Z19yy_switch_to_bufferP15yy_buffer_state
FNDA:0,_Z19yy_switch_to_bufferP15yy_buffer_state
FN:1882,_ZL20yy_load_buffer_statev
FNDA:51,_ZL20yy_load_buffer_statev
FN:1896,_Z16yy_create_bufferP8_IO_FILEi
FNDA:17,_Z16yy_create_bufferP8_IO_FILEi
FN:1924,_Z16yy_delete_bufferP15yy_buffer_state
FNDA:0,_Z16yy_delete_bufferP15yy_buffer_state
FN:1943,_ZL14yy_init_bufferP15yy_buffer_stateP8_IO_FILE
FNDA:34,_ZL14yy_init_bufferP15yy_buffer_stateP8_IO_FILE
FN:1971,_Z15yy_flush_bufferP15yy_buffer_state
FNDA:34,_Z15yy_flush_bufferP15yy_buffer_state
FN:2000,_Z19yypush_buffer_stateP15yy_buffer_state
FNDA:0,_Z19yypush_buffer_stateP15yy_buffer_state
FN:2030,_Z18yypop_buffer_statev
FNDA:0,_Z18yypop_buffer_statev
FN:2049,_ZL21yyensure_buffer_stackv
FNDA:17,_ZL21yyensure_buffer_stackv
FN:2098,_Z14yy_scan_bufferPcm
FNDA:0,_Z14yy_scan_bufferPcm
FN:2135,_Z14yy_scan_stringPKc
FNDA:0,_Z14yy_scan_stringPKc
FN:2148,_Z13yy_scan_bytesPKci
FNDA:0,_Z13yy_scan_bytesPKci
FN:2182,_ZL14yy_fatal_errorPKc
FNDA:0,_ZL14yy_fatal_errorPKc
FN:2210,_Z12yyget_linenov
FNDA:0,_Z12yyget_linenov
FN:2219,_Z8yyget_inv
FNDA:0,_Z8yyget_inv
FN:2227,_Z9yyget_outv
FNDA:0,_Z9yyget_outv
FN:2235,_Z10yyget_lengv
FNDA:0,_Z10yyget_lengv
FN:2244,_Z10yyget_textv
FNDA:0,_Z10yyget_textv
FN:2253,_Z12yyset_linenoi
FNDA:0,_Z12yyset_linenoi
FN:2265,_Z8yyset_inP8_IO_FILE
FNDA:0,_Z8yyset_inP8_IO_FILE
FN:2270,_Z9yyset_outP8_IO_FILE
FNDA:0,_Z9yyset_outP8_IO_FILE
FN:2275,_Z11yyget_debugv
FNDA:0,_Z11yyget_debugv
FN:2280,_Z11yyset_debugi
FNDA:0,_Z11yyset_debugi
FN:2285,_ZL15yy_init_globalsv
FNDA:0,_ZL15yy_init_globalsv
FN:2314,_Z13yylex_destroyv
FNDA:0,_Z13yylex_destroyv
FN:2360,_Z7yyallocm
FNDA:51,_Z7yyallocm
FN:2365,_Z9yyreallocPvm
FNDA:0,_Z9yyreallocPvm
FN:2378,_Z6yyfreePv
FNDA:0,_Z6yyfreePv
DA:870,101952
DA:876,101952
DA:878,17
DA:884,17
DA:885,17
DA:887,17
DA:888,0
DA:890,17
DA:891,17
DA:893,17
DA:894,17
DA:895,34
DA:896,17
DA:899,17
DA:912,154873
DA:915,154873
DA:920,154873
DA:922,154873
DA:923,419398
DA:924,264474
DA:926,419398
DA:927,419398
DA:929,260849
DA:930,260849
DA:932,656279
DA:934,236881
DA:935,236881
DA:936,146042
DA:938,419398
DA:939,419398
DA:941,419398
DA:943,154924
DA:944,154924
DA:945,154924
DA:947,90839
DA:948,90839
DA:949,90839
DA:952,154924
DA:954,154941
DA:956,154941
DA:958,0
DA:960,0
DA:961,0
DA:962,0
DA:963,0
DA:965,550
DA:1380,17
DA:1382,17
DA:1384,68
DA:1387,68
DA:1390,68
DA:1393,68
DA:1404,17
DA:1405,17
DA:1406,17
DA:1416,68
DA:1420,0
DA:1422,0
DA:1433,0
DA:1435,0
DA:1437,0
DA:1440,0
DA:1441,0
DA:1442,0
DA:1447,0
DA:1448,0
DA:1452,68
DA:1454,17
DA:1456,17
DA:1469,17
DA:1471,17
DA:1472,17
DA:1483,51
DA:1484,51
DA:1485,51
DA:1487,51
DA:1489,51
DA:1490,51
DA:1491,51
DA:1493,0
DA:1494,0
DA:1495,0
DA:1497,0
DA:1499,0
DA:1500,0
DA:1501,0
DA:1503,0
DA:1506,0
DA:1507,0
DA:1508,52921
DA:1510,52921
DA:1521,68
DA:1523,68
DA:1524,68
DA:1528,68
DA:1529,0
DA:1532,68
DA:1534,0
DA:1539,0
DA:1547,0
DA:1554,68
DA:1556,152
DA:1557,84
DA:1559,68
DA:1563,0
DA:1567,68
DA:1568,68
DA:1570,68
DA:1574,0
DA:1576,0
DA:1577,0
DA:1579,0
DA:1581,0
DA:1583,0
DA:1584,0
DA:1586,0
DA:1588,0
DA:1590,0
DA:1591,0
DA:1595,0
DA:1597,0
DA:1598,0
DA:1601,0
DA:1603,0
DA:1608,68
DA:1609,68
DA:1612,68
DA:1615,68
DA:1618,68
DA:1620,17
DA:1622,17
DA:1623,17
DA:1628,0
DA:1629,0
DA:1635,51
DA:1637,68
DA:1639,0
DA:1640,0
DA:1641,0
DA:1642,0
DA:1643,0
DA:1645,0
DA:1648,68
DA:1649,68
DA:1650,68
DA:1652,68
DA:1654,68
DA:1659,51
DA:1664,51
DA:1666,135
DA:1668,84
DA:1669,84
DA:1671,54
DA:1672,54
DA:1674,125
DA:1676,41
DA:1677,41
DA:1678,41
DA:1680,84
DA:1683,51
DA:1691,0
DA:1694,0
DA:1696,0
DA:1697,0
DA:1699,0
DA:1700,0
DA:1702,0
DA:1704,0
DA:1705,0
DA:1706,0
DA:1708,0
DA:1709,0
DA:1711,0
DA:1716,0
DA:1720,0
DA:1723,0
DA:1725,0
DA:1728,0
DA:1729,0
DA:1730,0
DA:1731,0
DA:1732,0
DA:1734,0
DA:1735,0
DA:1737,0
DA:1738,0
DA:1739,0
DA:1740,0
DA:1742,0
DA:1743,0
DA:1746,0
DA:1748,0
DA:1749,0
DA:1750,0
DA:1751,0
DA:1757,0
DA:1765,0
DA:1767,0
DA:1773,0
DA:1775,0
DA:1779,0
DA:1780,0
DA:1782,0
DA:1784,0
DA:1796,0
DA:1800,0
DA:1803,0
DA:1814,0
DA:1815,0
DA:1816,0
DA:1821,0
DA:1822,0
DA:1823,0
DA:1825,0
DA:1834,17
DA:1837,17
DA:1838,0
DA:1839,0
DA:1840,0
DA:1843,17
DA:1844,17
DA:1845,17
DA:1851,0
DA:1859,0
DA:1860,0
DA:1861,0
DA:1863,0
DA:1866,0
DA:1867,0
DA:1868,0
DA:1871,0
DA:1872,0
DA:1879,0
DA:1882,51
DA:1884,51
DA:1885,51
DA:1886,51
DA:1887,51
DA:1888,51
DA:1896,17
DA:1900,17
DA:1901,17
DA:1902,0
DA:1904,17
DA:1909,17
DA:1910,17
DA:1911,0
DA:1913,17
DA:1915,17
DA:1917,17
DA:1924,0
DA:1927,0
DA:1928,0
DA:1930,0
DA:1931,0
DA:1933,0
DA:1934,0
DA:1936,0
DA:1943,34
DA:1946,34
DA:1948,34
DA:1950,34
DA:1951,34
DA:1957,34
DA:1958,17
DA:1959,17
DA:1962,34
DA:1964,34
DA:1965,34
DA:1971,34
DA:1973,34
DA:1974,0
DA:1976,34
DA:1982,34
DA:1983,34
DA:1985,34
DA:1987,34
DA:1988,34
DA:1990,34
DA:1991,17
DA:2000,0
DA:2002,0
DA:2003,0
DA:2005,0
DA:2008,0
DA:2011,0
DA:2012,0
DA:2013,0
DA:2017,0
DA:2018,0
DA:2019,0
DA:2022,0
DA:2023,0
DA:2030,0
DA:2032,0
DA:2033,0
DA:2035,0
DA:2036,0
DA:2037,0
DA:2038,0
DA:2040,0
DA:2041,0
DA:2042,0
DA:2049,17
DA:2053,17
DA:2059,17
DA:2060,17
DA:2061,17
DA:2063,17
DA:2064,0
DA:2066,17
DA:2068,17
DA:2069,17
DA:2070,17
DA:2073,0
DA:2076,0
DA:2078,0
DA:2079,0
DA:2080,0
DA:2083,0
DA:2084,0
DA:2087,0
DA:2088,0
DA:2098,0
DA:2102,0
DA:2103,0
DA:2104,0
DA:2106,0
DA:2108,0
DA:2109,0
DA:2110,0
DA:2112,0
DA:2113,0
DA:2114,0
DA:2115,0
DA:2116,0
DA:2117,0
DA:2118,0
DA:2119,0
DA:2120,0
DA:2122,0
DA:2124,0
DA:2135,0
DA:2138,0
DA:2148,0
DA:2156,0
DA:2157,0
DA:2158,0
DA:2159,0
DA:2161,0
DA:2162,0
DA:2164,0
DA:2166,0
DA:2167,0
DA:2168,0
DA:2173,0
DA:2175,0
DA:2182,0
DA:2184,0
DA:2185,0
DA:2210,0
DA:2213,0
DA:2219,0
DA:2221,0
DA:2227,0
DA:2229,0
DA:2235,0
DA:2237,0
DA:2244,0
DA:2246,0
DA:2253,0
DA:2256,0
DA:2257,0
DA:2265,0
DA:2267,0
DA:2268,0
DA:2270,0
DA:2272,0
DA:2273,0
DA:2275,0
DA:2277,0
DA:2280,0
DA:2282,0
DA:2283,0
DA:2285,0
DA:2291,0
DA:2292,0
DA:2293,0
DA:2294,0
DA:2295,0
DA:2296,0
DA:2303,0
DA:2304,0
DA:2310,0
DA:2314,0
DA:2318,0
DA:2319,0
DA:2320,0
DA:2321,0
DA:2325,0
DA:2326,0
DA:2330,0
DA:2332,0
DA:2360,51
DA:2362,51
DA:2365,0
DA:2375,0
DA:2378,0
DA:2380,0
DA:2381,0
end_of_record
TN:
SF:/workspace/vtr-verilog-to-routing/ODIN_II/SRC/verilog_bison.y
FN:47,_Z7yyerrorPKc
FNDA:0,_Z7yyerrorPKc
FN:54,_Z6yywrapv
FNDA:0,_Z6yywrapv
DA:47,0
DA:49,0
DA:50,0
DA:54,0
DA:56,0
DA:126,17
DA:130,36
DA:132,36
DA:136,0
DA:139,0
DA:140,17
DA:141,0
DA:144,0
DA:147,53
DA:148,0
DA:149,0
DA:152,7672
DA:153,53
DA:156,1
DA:157,624
DA:158,256
DA:159,0
DA:160,3547
DA:161,0
DA:162,2706
DA:163,0
DA:164,41
DA:165,0
DA:166,0
DA:167,550
DA:168,0
DA:169,0
DA:173,0
DA:177,0
DA:181,0
DA:184,0
DA:185,0
DA:188,0
DA:189,0
DA:190,0
DA:191,0
DA:192,0
DA:193,0
DA:194,0
DA:197,0
DA:200,1
DA:203,0
DA:206,624
DA:209,256
DA:212,0
DA:215,2679
DA:216,868
DA:218,0
DA:220,0
DA:222,0
DA:223,0
DA:225,991
DA:226,0
DA:227,4481
DA:230,0
DA:231,0
DA:233,1986
DA:234,3474
DA:235,0
DA:237,0
DA:239,12
DA:242,0
DA:244,0
DA:247,0
DA:250,2706
DA:252,0
DA:253,2706
DA:257,0
DA:258,0
DA:259,0
DA:260,0
DA:261,0
DA:262,0
DA:263,0
DA:267,0
DA:268,0
DA:270,0
DA:271,0
DA:273,0
DA:274,0
DA:278,0
DA:279,0
DA:284,0
DA:285,0
DA:289,41
DA:294,0
DA:295,41
DA:298,0
DA:303,0
DA:305,41
DA:306,0
DA:307,0
DA:308,0
DA:310,0
DA:311,0
DA:313,712
DA:314,41
DA:317,51
DA:318,702
DA:321,0
DA:322,0
DA:325,0
DA:326,0
DA:330,550
DA:333,0
DA:334,392
DA:335,200
DA:336,2103
DA:337,827
DA:338,661
DA:339,15
DA:340,0
DA:341,0
DA:342,0
DA:345,0
DA:346,0
DA:349,0
DA:351,2906
DA:352,0
DA:355,2103
DA:356,0
DA:359,0
DA:360,306
DA:361,15
DA:364,320
DA:365,1
DA:368,392
DA:371,786
DA:372,392
DA:375,550
DA:376,0
DA:380,9
DA:381,550
DA:384,7
DA:385,550
DA:386,2
DA:389,28297
DA:390,0
DA:391,7
DA:392,158
DA:393,1
DA:394,6
DA:395,0
DA:396,1
DA:397,0
DA:398,29
DA:399,0
DA:400,558
DA:401,96
DA:402,0
DA:403,0
DA:404,330
DA:405,530
DA:406,120
DA:407,44
DA:408,1
DA:409,1
DA:410,1
DA:411,287
DA:412,38
DA:413,38
DA:414,0
DA:415,1817
DA:416,1
DA:417,39
DA:418,13
DA:419,0
DA:420,0
DA:421,227
DA:422,16
DA:423,515
DA:424,0
DA:425,721
DA:429,0
DA:430,0
DA:433,14705
DA:434,13552
DA:435,3518
DA:436,164
DA:437,1386
DA:440,3345
DA:441,1386
end_of_record
SF:/workspace/vtr-verilog-to-routing/ODIN_II/SRC/verilog_bison.c
FN:1413,_ZL21yy_symbol_value_printP8_IO_FILEiPK7YYSTYPE
FNDA:0,_ZL21yy_symbol_value_printP8_IO_FILEiPK7YYSTYPE
FN:1434,_ZL15yy_symbol_printP8_IO_FILEiPK7YYSTYPE
FNDA:0,_ZL15yy_symbol_printP8_IO_FILEiPK7YYSTYPE
FN:1449,_ZL14yy_stack_printPsS_
FNDA:0,_ZL14yy_stack_printPsS_
FN:1472,_ZL15yy_reduce_printPsP7YYSTYPEi
FNDA:0,_ZL15yy_reduce_printPsP7YYSTYPEi
FN:1572,_ZL9yytnamerrPcPKc
FNDA:0,_ZL9yytnamerrPcPKc
FN:1623,_ZL14yysyntax_errorPlPPcPsi
FNDA:0,_ZL14yysyntax_errorPlPPcPsi
FN:1762,_ZL10yydestructPKciP7YYSTYPE
FNDA:34,_ZL10yydestructPKciP7YYSTYPE
FN:1791,_Z7yyparsev
FNDA:17,_Z7yyparsev
DA:1413,0
DA:1415,0
DA:1417,0
DA:1418,0
DA:1434,0
DA:1436,0
DA:1437,0
DA:1439,0
DA:1440,0
DA:1441,0
DA:1449,0
DA:1451,0
DA:1452,0
DA:1454,0
DA:1455,0
DA:1457,0
DA:1458,0
DA:1472,0
DA:1474,0
DA:1475,0
DA:1477,0
DA:1480,0
DA:1482,0
DA:1483,0
DA:1484,0
DA:1485,0
DA:1487,0
DA:1489,0
DA:1572,0
DA:1574,0
DA:1576,0
DA:1577,0
DA:1580,0
DA:1582,0
DA:1584,0
DA:1586,0
DA:1587,0
DA:1588,0
DA:1590,0
DA:1592,0
DA:1594,0
DA:1595,0
DA:1596,0
DA:1597,0
DA:1599,0
DA:1600,0
DA:1601,0
DA:1602,0
DA:1604,0
DA:1607,0
DA:1608,0
DA:1610,0
DA:1623,0
DA:1628,0
DA:1633,0
DA:1635,0
DA:1660,0
DA:1662,0
DA:1663,0
DA:1664,0
DA:1665,0
DA:1666,0
DA:1671,0
DA:1673,0
DA:1674,0
DA:1677,0
DA:1678,0
DA:1681,0
DA:1683,0
DA:1684,0
DA:1685,0
DA:1687,0
DA:1690,0
DA:1691,0
DA:1692,0
DA:1694,0
DA:1700,0
DA:1706,0
DA:1707,0
DA:1708,0
DA:1709,0
DA:1710,0
DA:1711,0
DA:1712,0
DA:1719,0
DA:1720,0
DA:1721,0
DA:1723,0
DA:1726,0
DA:1728,0
DA:1729,0
DA:1731,0
DA:1732,0
DA:1739,0
DA:1740,0
DA:1741,0
DA:1742,0
DA:1744,0
DA:1745,0
DA:1749,0
DA:1750,0
DA:1753,0
DA:1762,34
DA:1765,34
DA:1766,0
DA:1767,34
DA:1772,34
DA:1791,17
DA:1819,17
DA:1827,17
DA:1828,17
DA:1835,17
DA:1837,17
DA:1838,17
DA:1839,17
DA:1841,17
DA:1843,17
DA:1844,17
DA:1845,17
DA:1846,17
DA:1847,17
DA:1853,225523
DA:1856,225523
DA:1862,225540
DA:1863,225540
DA:1866,225540
DA:1869,225540
DA:1875,0
DA:1898,0
DA:1899,0
DA:1900,0
DA:1901,0
DA:1902,0
DA:1905,0
DA:1907,0
DA:1909,0
DA:1910,0
DA:1911,0
DA:1912,0
DA:1914,0
DA:1915,0
DA:1919,0
DA:1920,0
DA:1923,0
DA:1927,0
DA:1928,0
DA:1932,225540
DA:1933,17
DA:1935,225523
DA:1941,225523
DA:1946,225523
DA:1947,225523
DA:1948,88697
DA:1953,136826
DA:1955,101952
DA:1956,101952
DA:1959,136826
DA:1961,34
DA:1962,34
DA:1966,136792
DA:1967,136792
DA:1972,136826
DA:1973,136826
DA:1974,34874
DA:1975,101952
DA:1976,101952
DA:1980,0
DA:1981,0
DA:1986,101952
DA:1987,0
DA:1990,101952
DA:1991,101952
DA:1993,101952
DA:1997,101952
DA:1998,101952
DA:2004,123571
DA:2005,123571
DA:2006,123571
DA:2007,0
DA:2008,123571
DA:2014,123571
DA:2016,123571
DA:2026,123571
DA:2029,123571
DA:2030,123571
DA:2032,17
DA:2036,17
DA:2038,36
DA:2051,36
DA:2053,0
DA:2057,0
DA:2059,17
DA:2063,17
DA:2065,0
DA:2069,0
DA:2071,0
DA:2075,0
DA:2077,53
DA:2081,53
DA:2083,0
DA:2087,0
DA:2089,0
DA:2093,0
DA:2095,7672
DA:2099,7672
DA:2101,53
DA:2105,53
DA:2107,1
DA:2111,1
DA:2113,624
DA:2117,624
DA:2119,256
DA:2123,256
DA:2125,0
DA:2129,0
DA:2131,3547
DA:2135,3547
DA:2137,0
DA:2141,0
DA:2143,2706
DA:2147,2706
DA:2149,0
DA:2153,0
DA:2155,41
DA:2159,41
DA:2161,0
DA:2165,0
DA:2167,0
DA:2171,0
DA:2173,550
DA:2177,550
DA:2179,0
DA:2183,0
DA:2185,0
DA:2189,0
DA:2191,0
DA:2195,0
DA:2197,0
DA:2201,0
DA:2203,0
DA:2207,0
DA:2209,0
DA:2213,0
DA:2215,0
DA:2219,0
DA:2221,0
DA:2225,0
DA:2227,0
DA:2231,0
DA:2233,0
DA:2237,0
DA:2239,0
DA:2243,0
DA:2245,0
DA:2249,0
DA:2251,0
DA:2255,0
DA:2257,0
DA:2261,0
DA:2263,0
DA:2267,0
DA:2269,1
DA:2273,1
DA:2275,0
DA:2279,0
DA:2281,624
DA:2285,624
DA:2287,256
DA:2291,256
DA:2293,0
DA:2297,0
DA:2299,2679
DA:2303,2679
DA:2305,868
DA:2309,868
DA:2311,0
DA:2315,0
DA:2317,0
DA:2321,0
DA:2323,0
DA:2327,0
DA:2329,0
DA:2333,0
DA:2335,991
DA:2339,991
DA:2341,0
DA:2345,0
DA:2347,4481
DA:2351,4481
DA:2353,0
DA:2357,0
DA:2359,0
DA:2363,0
DA:2365,1986
DA:2369,1986
DA:2371,3474
DA:2375,3474
DA:2377,0
DA:2381,0
DA:2383,0
DA:2387,0
DA:2389,12
DA:2393,12
DA:2395,0
DA:2399,0
DA:2401,0
DA:2405,0
DA:2407,0
DA:2411,0
DA:2413,2706
DA:2417,2706
DA:2419,0
DA:2423,0
DA:2425,2706
DA:2429,2706
DA:2431,0
DA:2435,0
DA:2437,0
DA:2441,0
DA:2443,0
DA:2447,0
DA:2449,0
DA:2453,0
DA:2455,0
DA:2459,0
DA:2461,0
DA:2465,0
DA:2467,0
DA:2471,0
DA:2473,0
DA:2477,0
DA:2479,0
DA:2483,0
DA:2485,0
DA:2489,0
DA:2491,0
DA:2495,0
DA:2497,0
DA:2501,0
DA:2503,0
DA:2507,0
DA:2509,0
DA:2513,0
DA:2515,0
DA:2519,0
DA:2521,0
DA:2525,0
DA:2527,0
DA:2531,0
DA:2533,41
DA:2537,41
DA:2539,0
DA:2543,0
DA:2545,41
DA:2549,41
DA:2551,0
DA:2555,0
DA:2557,0
DA:2561,0
DA:2563,41
DA:2567,41
DA:2569,0
DA:2573,0
DA:2575,0
DA:2579,0
DA:2581,0
DA:2585,0
DA:2587,0
DA:2591,0
DA:2593,0
DA:2597,0
DA:2599,712
DA:2603,712
DA:2605,41
DA:2609,41
DA:2611,51
DA:2615,51
DA:2617,702
DA:2621,702
DA:2623,0
DA:2627,0
DA:2629,0
DA:2633,0
DA:2635,0
DA:2639,0
DA:2641,0
DA:2645,0
DA:2647,550
DA:2651,550
DA:2653,0
DA:2657,0
DA:2659,392
DA:2663,392
DA:2665,200
DA:2669,200
DA:2671,2103
DA:2675,2103
DA:2677,827
DA:2681,827
DA:2683,661
DA:2687,661
DA:2689,15
DA:2693,15
DA:2695,0
DA:2699,0
DA:2701,0
DA:2705,0
DA:2707,0
DA:2711,0
DA:2713,0
DA:2717,0
DA:2719,0
DA:2723,0
DA:2725,0
DA:2729,0
DA:2731,2906
DA:2735,2906
DA:2737,0
DA:2741,0
DA:2743,2103
DA:2747,2103
DA:2749,0
DA:2753,0
DA:2755,0
DA:2759,0
DA:2761,306
DA:2765,306
DA:2767,15
DA:2771,15
DA:2773,320
DA:2777,320
DA:2779,1
DA:2783,1
DA:2785,392
DA:2789,392
DA:2791,786
DA:2795,786
DA:2797,392
DA:2801,392
DA:2803,550
DA:2807,550
DA:2809,0
DA:2813,0
DA:2815,9
DA:2819,9
DA:2821,550
DA:2825,550
DA:2827,7
DA:2831,7
DA:2833,550
DA:2837,550
DA:2839,2
DA:2843,2
DA:2845,28297
DA:2849,28297
DA:2851,0
DA:2855,0
DA:2857,7
DA:2861,7
DA:2863,158
DA:2867,158
DA:2869,1
DA:2873,1
DA:2875,6
DA:2879,6
DA:2881,0
DA:2885,0
DA:2887,1
DA:2891,1
DA:2893,0
DA:2897,0
DA:2899,29
DA:2903,29
DA:2905,0
DA:2909,0
DA:2911,558
DA:2915,558
DA:2917,96
DA:2921,96
DA:2923,0
DA:2927,0
DA:2929,0
DA:2933,0
DA:2935,330
DA:2939,330
DA:2941,530
DA:2945,530
DA:2947,120
DA:2951,120
DA:2953,44
DA:2957,44
DA:2959,1
DA:2963,1
DA:2965,1
DA:2969,1
DA:2971,1
DA:2975,1
DA:2977,287
DA:2981,287
DA:2983,38
DA:2987,38
DA:2989,38
DA:2993,38
DA:2995,0
DA:2999,0
DA:3001,1817
DA:3005,1817
DA:3007,1
DA:3011,1
DA:3013,39
DA:3017,39
DA:3019,13
DA:3023,13
DA:3025,0
DA:3029,0
DA:3031,0
DA:3035,0
DA:3037,227
DA:3041,227
DA:3043,16
DA:3047,16
DA:3049,515
DA:3053,515
DA:3055,0
DA:3059,0
DA:3061,721
DA:3065,721
DA:3067,0
DA:3071,0
DA:3073,0
DA:3077,0
DA:3079,14705
DA:3083,14705
DA:3085,13552
DA:3089,13552
DA:3091,3518
DA:3095,3518
DA:3097,164
DA:3101,164
DA:3103,1386
DA:3107,1386
DA:3109,3345
DA:3113,3345
DA:3115,1386
DA:3119,1386
DA:3124,0
DA:3137,123571
DA:3139,123571
DA:3140,123571
DA:3141,123571
DA:3143,123571
DA:3149,123571
DA:3150,123571
DA:3151,117790
DA:3152,190717
DA:3153,56425
DA:3156,123571
DA:3162,0
DA:3165,0
DA:3168,0
DA:3170,0
DA:3177,0
DA:3179,0
DA:3180,0
DA:3181,0
DA:3182,0
DA:3184,0
DA:3185,0
DA:3186,0
DA:3187,0
DA:3189,0
DA:3190,0
DA:3191,0
DA:3195,0
DA:3196,0
DA:3199,0
DA:3200,0
DA:3201,0
DA:3209,0
DA:3214,0
DA:3217,0
DA:3218,0
DA:3222,0
DA:3224,0
DA:3230,0
DA:3254,0
DA:3255,0
DA:3259,0
DA:3260,0
DA:3262,0
DA:3263,0
DA:3265,0
DA:3266,0
DA:3267,0
DA:3272,0
DA:3273,0
DA:3276,0
DA:3277,0
DA:3278,0
DA:3279,0
DA:3280,0
DA:3284,0
DA:3289,0
DA:3291,0
DA:3292,0
DA:3298,17
DA:3299,17
DA:3300,17
DA:3306,0
DA:3307,0
DA:3308,0
DA:3315,0
DA:3316,0
DA:3317,0
DA:3325,17
DA:3326,17
DA:3330,0
DA:3331,0
DA:3336,17
DA:3337,17
DA:3338,51
DA:3340,34
DA:3341,34
DA:3342,34
DA:3345,17
DA:3346,0
DA:3349,17
DA:3350,0
DA:3352,17
end_of_record
