TN:
SF:/usr/include/c++/9/bits/char_traits.h
DA:299,0
DA:300,0
DA:315,0
DA:317,0
DA:325,0
DA:361,0
DA:363,0
DA:365,0
end_of_record
SF:/usr/include/c++/9/bits/allocator.h
DA:141,0
DA:142,0
DA:151,0
DA:153,0
end_of_record
SF:/usr/include/c++/9/ext/alloc_traits.h
DA:97,0
DA:98,0
end_of_record
SF:/usr/include/c++/9/bits/stl_function.h
DA:355,0
DA:356,0
end_of_record
SF:/usr/include/c++/9/bits/basic_string.tcc
FN:206,_ZNSt7__cxx1112basic_stringIcSt11char_traitsIcESaIcEE12_M_constructIPcEEvT_S7_St20forward_iterator_tag
FNDA:0,_ZNSt7__cxx1112basic_stringIcSt11char_traitsIcESaIcEE12_M_constructIPcEEvT_S7_St20forward_iterator_tag
DA:206,0
DA:211,0
DA:212,0
DA:215,0
DA:217,0
DA:219,0
DA:220,0
DA:225,0
DA:232,0
DA:233,0
end_of_record
SF:/usr/include/c++/9/bits/basic_string.h
FN:6149,_ZSteqIcEN9__gnu_cxx11__enable_ifIXsrSt9__is_charIT_E7__valueEbE6__typeERKNSt7__cxx1112basic_stringIS3_St11char_traitsIS3_ESaIS3_EEESE_
FNDA:0,_ZSteqIcEN9__gnu_cxx11__enable_ifIXsrSt9__is_charIT_E7__valueEbE6__typeERKNSt7__cxx1112basic_stringIS3_St11char_traitsIS3_ESaIS3_EEESE_
DA:150,0
DA:159,0
DA:160,0
DA:178,0
DA:179,0
DA:182,0
DA:183,0
DA:186,0
DA:190,0
DA:193,0
DA:200,0
DA:203,0
DA:210,0
DA:211,0
DA:214,0
DA:216,0
DA:217,0
DA:221,0
DA:222,0
DA:229,0
DA:231,0
DA:232,0
DA:236,0
DA:237,0
DA:243,0
DA:247,0
DA:263,0
DA:266,0
DA:286,0
DA:287,0
DA:290,0
DA:291,0
DA:346,0
DA:348,0
DA:349,0
DA:351,0
DA:392,0
DA:393,0
DA:448,0
DA:450,0
DA:451,0
DA:657,0
DA:658,0
DA:930,0
DA:936,0
DA:2312,0
DA:2313,0
DA:6149,0
DA:6151,0
DA:6152,0
DA:6153,0
DA:6734,0
DA:6735,0
end_of_record
SF:/usr/include/c++/9/tuple
DA:125,0
DA:126,0
DA:160,0
DA:334,0
DA:343,0
DA:344,0
DA:358,0
DA:360,0
DA:588,0
DA:589,0
DA:642,0
DA:1309,0
DA:1310,0
DA:1320,0
DA:1321,0
DA:1658,0
DA:1663,0
DA:1670,0
DA:1673,0
DA:1674,0
end_of_record
SF:/usr/include/c++/9/ext/new_allocator.h
DA:80,0
DA:83,0
DA:89,0
DA:102,0
DA:104,0
DA:114,0
DA:119,0
DA:128,0
DA:132,0
DA:144,0
DA:147,0
end_of_record
SF:/usr/include/c++/9/iostream
end_of_record
SF:/usr/include/c++/9/ext/aligned_buffer.h
DA:102,0
DA:104,0
DA:114,0
DA:115,0
end_of_record
SF:/usr/include/c++/9/bits/hashtable_policy.h
FN:689,_ZNSt8__detail9_Map_baseINSt7__cxx1112basic_stringIcSt11char_traitsIcESaIcEEESt4pairIKS6_PvESaISA_ENS_10_Select1stESt8equal_toIS6_ESt4hashIS6_ENS_18_Mod_range_hashingENS_20_Default_ranged_hashENS_20_Prime_rehash_policyENS_17_Hashtable_traitsILb1ELb0ELb1EEELb1EEixERS8_
FNDA:0,_ZNSt8__detail9_Map_baseINSt7__cxx1112basic_stringIcSt11char_traitsIcESaIcEEESt4pairIKS6_PvESaISA_ENS_10_Select1stESt8equal_toIS6_ESt4hashIS6_ENS_18_Mod_range_hashingENS_20_Default_ranged_hashENS_20_Prime_rehash_policyENS_17_Hashtable_traitsILb1ELb0ELb1EEELb1EEixERS8_
FN:2079,_ZNSt8__detail16_Hashtable_allocISaINS_10_Hash_nodeISt4pairIKNSt7__cxx1112basic_stringIcSt11char_traitsIcESaIcEEEPvELb1EEEEE16_M_allocate_nodeIJSB_EEEPSC_DpOT_
FNDA:0,_ZNSt8__detail16_Hashtable_allocISaINS_10_Hash_nodeISt4pairIKNSt7__cxx1112basic_stringIcSt11char_traitsIcESaIcEEEPvELb1EEEEE16_M_allocate_nodeIJSB_EEEPSC_DpOT_
FN:2079,_ZNSt8__detail16_Hashtable_allocISaINS_10_Hash_nodeISt4pairIKNSt7__cxx1112basic_stringIcSt11char_traitsIcESaIcEEEPvELb1EEEEE16_M_allocate_nodeIJRKSt21piecewise_construct_tSt5tupleIJRS9_EESJ_IJEEEEEPSC_DpOT_
FNDA:0,_ZNSt8__detail16_Hashtable_allocISaINS_10_Hash_nodeISt4pairIKNSt7__cxx1112basic_stringIcSt11char_traitsIcESaIcEEEPvELb1EEEEE16_M_allocate_nodeIJRKSt21piecewise_construct_tSt5tupleIJRS9_EESJ_IJEEEEEPSC_DpOT_
DA:92,0
DA:94,0
DA:218,0
DA:229,0
DA:236,0
DA:237,0
DA:244,0
DA:245,0
DA:264,0
DA:269,0
DA:294,0
DA:295,0
DA:298,0
DA:299,0
DA:311,0
DA:340,0
DA:341,0
DA:344,0
DA:345,0
DA:348,0
DA:349,0
DA:352,0
DA:354,0
DA:355,0
DA:431,0
DA:433,0
DA:476,0
DA:477,0
DA:484,0
DA:485,0
DA:689,0
DA:694,0
DA:695,0
DA:696,0
DA:697,0
DA:699,0
DA:701,0
DA:704,0
DA:707,0
DA:805,0
DA:1002,0
DA:1004,0
DA:1005,0
DA:1104,0
DA:1108,0
DA:1380,0
DA:1384,0
DA:1388,0
DA:1390,0
DA:1393,0
DA:1396,0
DA:1399,0
DA:1400,0
DA:1415,0
DA:1418,0
DA:1421,0
DA:1427,0
DA:1448,0
DA:1450,0
DA:1829,0
DA:1834,0
DA:1846,0
DA:2046,0
DA:2047,0
DA:2079,0
DA:2081,0
DA:2082,0
DA:2085,0
DA:2086,0
DA:2089,0
DA:2091,0
DA:2093,0
DA:2094,0
DA:2079,0
DA:2081,0
DA:2082,0
DA:2085,0
DA:2086,0
DA:2089,0
DA:2091,0
DA:2093,0
DA:2094,0
DA:2142,0
DA:2146,0
DA:2147,0
DA:2148,0
DA:2149,0
end_of_record
SF:/usr/include/c++/9/utility
DA:174,0
DA:175,0
DA:219,0
DA:220,0
end_of_record
SF:/usr/include/c++/9/bits/hashtable.h
FN:1412,_ZNSt10_HashtableINSt7__cxx1112basic_stringIcSt11char_traitsIcESaIcEEESt4pairIKS5_PvESaIS9_ENSt8__detail10_Select1stESt8equal_toIS5_ESt4hashIS5_ENSB_18_Mod_range_hashingENSB_20_Default_ranged_hashENSB_20_Prime_rehash_policyENSB_17_Hashtable_traitsILb1ELb0ELb1EEEE4findERS7_
FNDA:0,_ZNSt10_HashtableINSt7__cxx1112basic_stringIcSt11char_traitsIcESaIcEEESt4pairIKS5_PvESaIS9_ENSt8__detail10_Select1stESt8equal_toIS5_ESt4hashIS5_ENSB_18_Mod_range_hashingENSB_20_Default_ranged_hashENSB_20_Prime_rehash_policyENSB_17_Hashtable_traitsILb1ELb0ELb1EEEE4findERS7_
FN:1532,_ZNKSt10_HashtableINSt7__cxx1112basic_stringIcSt11char_traitsIcESaIcEEESt4pairIKS5_PvESaIS9_ENSt8__detail10_Select1stESt8equal_toIS5_ESt4hashIS5_ENSB_18_Mod_range_hashingENSB_20_Default_ranged_hashENSB_20_Prime_rehash_policyENSB_17_Hashtable_traitsILb1ELb0ELb1EEEE19_M_find_before_nodeEmRS7_m
FNDA:0,_ZNKSt10_HashtableINSt7__cxx1112basic_stringIcSt11char_traitsIcESaIcEEESt4pairIKS5_PvESaIS9_ENSt8__detail10_Select1stESt8equal_toIS5_ESt4hashIS5_ENSB_18_Mod_range_hashingENSB_20_Default_ranged_hashENSB_20_Prime_rehash_policyENSB_17_Hashtable_traitsILb1ELb0ELb1EEEE19_M_find_before_nodeEmRS7_m
FN:1560,_ZNSt10_HashtableINSt7__cxx1112basic_stringIcSt11char_traitsIcESaIcEEESt4pairIKS5_PvESaIS9_ENSt8__detail10_Select1stESt8equal_toIS5_ESt4hashIS5_ENSB_18_Mod_range_hashingENSB_20_Default_ranged_hashENSB_20_Prime_rehash_policyENSB_17_Hashtable_traitsILb1ELb0ELb1EEEE22_M_insert_bucket_beginEmPNSB_10_Hash_nodeIS9_Lb1EEE
FNDA:0,_ZNSt10_HashtableINSt7__cxx1112basic_stringIcSt11char_traitsIcESaIcEEESt4pairIKS5_PvESaIS9_ENSt8__detail10_Select1stESt8equal_toIS5_ESt4hashIS5_ENSB_18_Mod_range_hashingENSB_20_Default_ranged_hashENSB_20_Prime_rehash_policyENSB_17_Hashtable_traitsILb1ELb0ELb1EEEE22_M_insert_bucket_beginEmPNSB_10_Hash_nodeIS9_Lb1EEE
FN:1591,_ZNSt10_HashtableINSt7__cxx1112basic_stringIcSt11char_traitsIcESaIcEEESt4pairIKS5_PvESaIS9_ENSt8__detail10_Select1stESt8equal_toIS5_ESt4hashIS5_ENSB_18_Mod_range_hashingENSB_20_Default_ranged_hashENSB_20_Prime_rehash_policyENSB_17_Hashtable_traitsILb1ELb0ELb1EEEE22_M_remove_bucket_beginEmPNSB_10_Hash_nodeIS9_Lb1EEEm
FNDA:0,_ZNSt10_HashtableINSt7__cxx1112basic_stringIcSt11char_traitsIcESaIcEEESt4pairIKS5_PvESaIS9_ENSt8__detail10_Select1stESt8equal_toIS5_ESt4hashIS5_ENSB_18_Mod_range_hashingENSB_20_Default_ranged_hashENSB_20_Prime_rehash_policyENSB_17_Hashtable_traitsILb1ELb0ELb1EEEE22_M_remove_bucket_beginEmPNSB_10_Hash_nodeIS9_Lb1EEEm
FN:1632,_ZNSt10_HashtableINSt7__cxx1112basic_stringIcSt11char_traitsIcESaIcEEESt4pairIKS5_PvESaIS9_ENSt8__detail10_Select1stESt8equal_toIS5_ESt4hashIS5_ENSB_18_Mod_range_hashingENSB_20_Default_ranged_hashENSB_20_Prime_rehash_policyENSB_17_Hashtable_traitsILb1ELb0ELb1EEEE10_M_emplaceIJS9_EEES6_INSB_14_Node_iteratorIS9_Lb0ELb1EEEbESt17integral_constantIbLb1EEDpOT_
FNDA:0,_ZNSt10_HashtableINSt7__cxx1112basic_stringIcSt11char_traitsIcESaIcEEESt4pairIKS5_PvESaIS9_ENSt8__detail10_Select1stESt8equal_toIS5_ESt4hashIS5_ENSB_18_Mod_range_hashingENSB_20_Default_ranged_hashENSB_20_Prime_rehash_policyENSB_17_Hashtable_traitsILb1ELb0ELb1EEEE10_M_emplaceIJS9_EEES6_INSB_14_Node_iteratorIS9_Lb0ELb1EEEbESt17integral_constantIbLb1EEDpOT_
FN:1698,_ZNSt10_HashtableINSt7__cxx1112basic_stringIcSt11char_traitsIcESaIcEEESt4pairIKS5_PvESaIS9_ENSt8__detail10_Select1stESt8equal_toIS5_ESt4hashIS5_ENSB_18_Mod_range_hashingENSB_20_Default_ranged_hashENSB_20_Prime_rehash_policyENSB_17_Hashtable_traitsILb1ELb0ELb1EEEE21_M_insert_unique_nodeEmmPNSB_10_Hash_nodeIS9_Lb1EEEm
FNDA:0,_ZNSt10_HashtableINSt7__cxx1112basic_stringIcSt11char_traitsIcESaIcEEESt4pairIKS5_PvESaIS9_ENSt8__detail10_Select1stESt8equal_toIS5_ESt4hashIS5_ENSB_18_Mod_range_hashingENSB_20_Default_ranged_hashENSB_20_Prime_rehash_policyENSB_17_Hashtable_traitsILb1ELb0ELb1EEEE21_M_insert_unique_nodeEmmPNSB_10_Hash_nodeIS9_Lb1EEEm
FN:1869,_ZNSt10_HashtableINSt7__cxx1112basic_stringIcSt11char_traitsIcESaIcEEESt4pairIKS5_PvESaIS9_ENSt8__detail10_Select1stESt8equal_toIS5_ESt4hashIS5_ENSB_18_Mod_range_hashingENSB_20_Default_ranged_hashENSB_20_Prime_rehash_policyENSB_17_Hashtable_traitsILb1ELb0ELb1EEEE8_M_eraseEmPNSB_15_Hash_node_baseEPNSB_10_Hash_nodeIS9_Lb1EEE
FNDA:0,_ZNSt10_HashtableINSt7__cxx1112basic_stringIcSt11char_traitsIcESaIcEEESt4pairIKS5_PvESaIS9_ENSt8__detail10_Select1stESt8equal_toIS5_ESt4hashIS5_ENSB_18_Mod_range_hashingENSB_20_Default_ranged_hashENSB_20_Prime_rehash_policyENSB_17_Hashtable_traitsILb1ELb0ELb1EEEE8_M_eraseEmPNSB_15_Hash_node_baseEPNSB_10_Hash_nodeIS9_Lb1EEE
FN:2061,_ZNSt10_HashtableINSt7__cxx1112basic_stringIcSt11char_traitsIcESaIcEEESt4pairIKS5_PvESaIS9_ENSt8__detail10_Select1stESt8equal_toIS5_ESt4hashIS5_ENSB_18_Mod_range_hashingENSB_20_Default_ranged_hashENSB_20_Prime_rehash_policyENSB_17_Hashtable_traitsILb1ELb0ELb1EEEE9_M_rehashEmRKm
FNDA:0,_ZNSt10_HashtableINSt7__cxx1112basic_stringIcSt11char_traitsIcESaIcEEESt4pairIKS5_PvESaIS9_ENSt8__detail10_Select1stESt8equal_toIS5_ESt4hashIS5_ENSB_18_Mod_range_hashingENSB_20_Default_ranged_hashENSB_20_Prime_rehash_policyENSB_17_Hashtable_traitsILb1ELb0ELb1EEEE9_M_rehashEmRKm
FN:2084,_ZNSt10_HashtableINSt7__cxx1112basic_stringIcSt11char_traitsIcESaIcEEESt4pairIKS5_PvESaIS9_ENSt8__detail10_Select1stESt8equal_toIS5_ESt4hashIS5_ENSB_18_Mod_range_hashingENSB_20_Default_ranged_hashENSB_20_Prime_rehash_policyENSB_17_Hashtable_traitsILb1ELb0ELb1EEEE13_M_rehash_auxEmSt17integral_constantIbLb1EE
FNDA:0,_ZNSt10_HashtableINSt7__cxx1112basic_stringIcSt11char_traitsIcESaIcEEESt4pairIKS5_PvESaIS9_ENSt8__detail10_Select1stESt8equal_toIS5_ESt4hashIS5_ENSB_18_Mod_range_hashingENSB_20_Default_ranged_hashENSB_20_Prime_rehash_policyENSB_17_Hashtable_traitsILb1ELb0ELb1EEEE13_M_rehash_auxEmSt17integral_constantIbLb1EE
DA:342,0
DA:343,0
DA:353,0
DA:355,0
DA:357,0
DA:358,0
DA:361,0
DA:365,0
DA:367,0
DA:370,0
DA:374,0
DA:375,0
DA:383,0
DA:504,0
DA:505,0
DA:512,0
DA:513,0
DA:528,0
DA:639,0
DA:640,0
DA:643,0
DA:644,0
DA:652,0
DA:655,0
DA:656,0
DA:657,0
DA:771,0
DA:772,0
DA:1412,0
DA:1417,0
DA:1418,0
DA:1419,0
DA:1420,0
DA:1532,0
DA:1538,0
DA:1539,0
DA:1542,0
DA:1545,0
DA:1546,0
DA:1548,0
DA:1560,0
DA:1564,0
DA:1568,0
DA:1569,0
DA:1576,0
DA:1577,0
DA:1578,0
DA:1581,0
DA:1582,0
DA:1584,0
DA:1591,0
DA:1596,0
DA:1600,0
DA:1601,0
DA:1604,0
DA:1605,0
DA:1606,0
DA:1608,0
DA:1632,0
DA:1638,0
DA:1639,0
DA:1643,0
DA:1651,0
DA:1652,0
DA:1655,0
DA:1656,0
DA:1660,0
DA:1698,0
DA:1704,0
DA:1705,0
DA:1711,0
DA:1713,0
DA:1714,0
DA:1717,0
DA:1720,0
DA:1721,0
DA:1722,0
DA:1724,0
DA:1726,0
DA:1727,0
DA:1869,0
DA:1874,0
DA:1875,0
DA:1876,0
DA:1877,0
DA:1879,0
DA:1880,0
DA:1881,0
DA:1884,0
DA:1885,0
DA:1886,0
DA:1887,0
DA:1889,0
DA:2061,0
DA:2067,0
DA:2069,0
DA:2073,0
DA:2074,0
DA:2076,0
DA:2084,0
DA:2088,0
DA:2089,0
DA:2090,0
DA:2091,0
DA:2092,0
DA:2094,0
DA:2095,0
DA:2096,0
DA:2098,0
DA:2099,0
DA:2100,0
DA:2101,0
DA:2102,0
DA:2107,0
DA:2108,0
DA:2113,0
DA:2114,0
DA:2115,0
DA:2116,0
end_of_record
SF:/usr/include/c++/9/new
DA:173,0
DA:174,0
end_of_record
SF:/usr/include/c++/9/bits/stl_pair.h
DA:208,0
DA:303,0
DA:304,0
DA:341,0
DA:342,0
DA:524,0
DA:529,0
end_of_record
SF:/usr/include/c++/9/bits/move.h
DA:47,0
DA:74,0
DA:99,0
DA:138,0
DA:139,0
end_of_record
SF:/usr/include/c++/9/bits/functional_hash.h
DA:195,0
DA:197,0
end_of_record
SF:/workspace/vtr-verilog-to-routing/ODIN_II/SRC/Hashtable.cpp
FN:31,_ZN9Hashtable18destroy_free_itemsEv
FNDA:0,_ZN9Hashtable18destroy_free_itemsEv
FN:36,_ZN9Hashtable3addENSt7__cxx1112basic_stringIcSt11char_traitsIcESaIcEEEPv
FNDA:0,_ZN9Hashtable3addENSt7__cxx1112basic_stringIcSt11char_traitsIcESaIcEEEPv
FN:40,_ZN9Hashtable6removeENSt7__cxx1112basic_stringIcSt11char_traitsIcESaIcEEE
FNDA:0,_ZN9Hashtable6removeENSt7__cxx1112basic_stringIcSt11char_traitsIcESaIcEEE
FN:50,_ZN9Hashtable3getENSt7__cxx1112basic_stringIcSt11char_traitsIcESaIcEEE
FNDA:0,_ZN9Hashtable3getENSt7__cxx1112basic_stringIcSt11char_traitsIcESaIcEEE
FN:59,_ZN9Hashtable8is_emptyEv
FNDA:0,_ZN9Hashtable8is_emptyEv
DA:31,0
DA:32,0
DA:33,0
DA:34,0
DA:36,0
DA:37,0
DA:38,0
DA:40,0
DA:41,0
DA:42,0
DA:43,0
DA:44,0
DA:45,0
DA:47,0
DA:50,0
DA:51,0
DA:52,0
DA:53,0
DA:54,0
DA:56,0
DA:59,0
DA:60,0
end_of_record
SF:/usr/include/c++/9/ext/type_traits.h
DA:152,0
end_of_record
SF:/usr/include/c++/9/bits/alloc_traits.h
DA:443,0
DA:444,0
DA:469,0
DA:470,0
DA:482,0
DA:484,0
DA:514,0
DA:515,0
end_of_record
SF:/usr/include/c++/9/bits/ptr_traits.h
DA:146,0
DA:147,0
DA:156,0
end_of_record
SF:/usr/include/c++/9/bits/stl_iterator_base_funcs.h
DA:98,0
DA:104,0
DA:138,0
DA:141,0
end_of_record
SF:/usr/include/c++/9/bits/unordered_map.h
DA:309,0
DA:310,0
DA:324,0
DA:325,0
DA:346,0
DA:347,0
DA:585,0
DA:586,0
DA:814,0
DA:815,0
DA:920,0
DA:921,0
DA:984,0
DA:985,0
end_of_record
TN:
SF:/usr/include/x86_64-linux-gnu/bits/stdio2.h
DA:64,0
DA:67,0
DA:98,0
DA:100,0
DA:105,0
DA:107,0
end_of_record
SF:/usr/include/c++/9/bits/locale_facets.h
FN:872,_ZNKSt5ctypeIcE5widenEc
FNDA:0,_ZNKSt5ctypeIcE5widenEc
FN:1084,_ZNKSt5ctypeIcE8do_widenEc
FNDA:0,_ZNKSt5ctypeIcE8do_widenEc
DA:872,0
DA:874,0
DA:875,0
DA:876,0
DA:877,0
DA:1084,0
DA:1085,0
end_of_record
SF:/usr/include/c++/9/ext/new_allocator.h
DA:80,0
DA:83,0
DA:89,0
DA:119,0
DA:128,0
end_of_record
SF:/usr/include/c++/9/iostream
end_of_record
SF:/usr/include/c++/9/ostream
DA:108,0
DA:113,0
DA:565,0
DA:568,0
DA:570,0
DA:571,0
end_of_record
SF:/usr/include/c++/9/ext/string_conversions.h
FN:99,_ZN9__gnu_cxx12__to_xstringINSt7__cxx1112basic_stringIcSt11char_traitsIcESaIcEEEcEET_PFiPT0_mPKS8_P13__va_list_tagEmSB_z
FNDA:0,_ZN9__gnu_cxx12__to_xstringINSt7__cxx1112basic_stringIcSt11char_traitsIcESaIcEEEcEET_PFiPT0_mPKS8_P13__va_list_tagEmSB_z
DA:99,0
DA:105,0
DA:109,0
DA:111,0
DA:113,0
DA:115,0
end_of_record
SF:/usr/include/c++/9/bits/char_traits.h
DA:299,0
DA:300,0
DA:329,0
DA:335,0
DA:361,0
DA:363,0
DA:365,0
end_of_record
SF:/usr/include/c++/9/bits/allocator.h
DA:138,0
DA:141,0
DA:142,0
DA:153,0
end_of_record
SF:/usr/include/c++/9/bits/basic_string.h
FN:6109,_ZStplIcSt11char_traitsIcESaIcEENSt7__cxx1112basic_stringIT_T0_T1_EEPKS5_OS8_
FNDA:0,_ZStplIcSt11char_traitsIcESaIcEENSt7__cxx1112basic_stringIT_T0_T1_EEPKS5_OS8_
DA:150,0
DA:156,0
DA:157,0
DA:159,0
DA:160,0
DA:178,0
DA:179,0
DA:182,0
DA:183,0
DA:186,0
DA:190,0
DA:193,0
DA:200,0
DA:203,0
DA:210,0
DA:211,0
DA:214,0
DA:216,0
DA:217,0
DA:221,0
DA:222,0
DA:229,0
DA:231,0
DA:232,0
DA:236,0
DA:237,0
DA:243,0
DA:247,0
DA:263,0
DA:266,0
DA:286,0
DA:287,0
DA:346,0
DA:348,0
DA:349,0
DA:351,0
DA:392,0
DA:393,0
DA:396,0
DA:398,0
DA:540,0
DA:541,0
DA:542,0
DA:552,0
DA:553,0
DA:555,0
DA:557,0
DA:562,0
DA:563,0
DA:569,0
DA:570,0
DA:571,0
DA:625,0
DA:627,0
DA:628,0
DA:657,0
DA:658,0
DA:930,0
DA:936,0
DA:2312,0
DA:2313,0
DA:6109,0
DA:6111,0
DA:6416,0
DA:6421,0
DA:6546,0
DA:6547,0
DA:6548,0
DA:6557,0
DA:6558,0
DA:6559,0
end_of_record
SF:/workspace/vtr-verilog-to-routing/libs/librtlnumber/src/include/internal_bits.hpp
FN:308,_ZN8BitSpaceL13bits_to_hex_cEsb
FNDA:0,_ZN8BitSpaceL13bits_to_hex_cEsb
FN:505,_ZN8BitSpace11VerilogBits9to_stringB5cxx11Ebb
FNDA:0,_ZN8BitSpace11VerilogBits9to_stringB5cxx11Ebb
FN:520,_ZN8BitSpace11VerilogBits10to_UstringB5cxx11Eb
FNDA:0,_ZN8BitSpace11VerilogBits10to_UstringB5cxx11Eb
FN:535,_ZN8BitSpace11VerilogBits12to_log2radixB5cxx11Esb
FNDA:0,_ZN8BitSpace11VerilogBits12to_log2radixB5cxx11Esb
FN:554,_ZN8BitSpace11VerilogBits12to_printableB5cxx11Ev
FNDA:0,_ZN8BitSpace11VerilogBits12to_printableB5cxx11Ev
FN:778,_ZN7VNumber9get_valueEv
FNDA:0,_ZN7VNumber9get_valueEv
FN:812,_ZN7VNumber10to_vstringB5cxx11Ec
FNDA:0,_ZN7VNumber10to_vstringB5cxx11Ec
FN:972,_ZN7VNumber16get_bit_from_msbEm
FNDA:0,_ZN7VNumber16get_bit_from_msbEm
DA:286,0
DA:287,0
DA:290,0
DA:291,0
DA:292,0
DA:293,0
DA:294,0
DA:295,0
DA:299,0
DA:300,0
DA:303,0
DA:304,0
DA:308,0
DA:309,0
DA:312,0
DA:313,0
DA:314,0
DA:315,0
DA:316,0
DA:317,0
DA:318,0
DA:319,0
DA:320,0
DA:321,0
DA:322,0
DA:323,0
DA:324,0
DA:325,0
DA:326,0
DA:327,0
DA:328,0
DA:329,0
DA:330,0
DA:331,0
DA:332,0
DA:333,0
DA:334,0
DA:335,0
DA:336,0
DA:337,0
DA:338,0
DA:339,0
DA:340,0
DA:341,0
DA:342,0
DA:343,0
DA:346,0
DA:349,0
DA:371,0
DA:372,0
DA:373,0
DA:374,0
DA:385,0
DA:386,0
DA:387,0
DA:389,0
DA:411,0
DA:413,0
DA:414,0
DA:420,0
DA:435,0
DA:436,0
DA:465,0
DA:466,0
DA:473,0
DA:481,0
DA:484,0
DA:492,0
DA:505,0
DA:507,0
DA:508,0
DA:509,0
DA:510,0
DA:511,0
DA:513,0
DA:517,0
DA:520,0
DA:522,0
DA:523,0
DA:524,0
DA:525,0
DA:526,0
DA:528,0
DA:532,0
DA:535,0
DA:536,0
DA:539,0
DA:540,0
DA:541,0
DA:543,0
DA:545,0
DA:546,0
DA:551,0
DA:554,0
DA:555,0
DA:557,0
DA:558,0
DA:561,0
DA:565,0
DA:566,0
DA:778,0
DA:779,0
DA:781,0
DA:784,0
DA:785,0
DA:786,0
DA:787,0
DA:790,0
DA:791,0
DA:793,0
DA:794,0
DA:795,0
DA:796,0
DA:798,0
DA:801,0
DA:812,0
DA:813,0
DA:814,0
DA:817,0
DA:822,0
DA:823,0
DA:824,0
DA:825,0
DA:826,0
DA:827,0
DA:828,0
DA:829,0
DA:830,0
DA:831,0
DA:832,0
DA:833,0
DA:834,0
DA:835,0
DA:836,0
DA:837,0
DA:838,0
DA:839,0
DA:840,0
DA:841,0
DA:842,0
DA:843,0
DA:844,0
DA:845,0
DA:846,0
DA:847,0
DA:848,0
DA:850,0
DA:851,0
DA:852,0
DA:854,0
DA:856,0
DA:965,0
DA:966,0
DA:972,0
DA:973,0
DA:974,0
DA:995,0
DA:996,0
DA:999,0
DA:1000,0
DA:1003,0
DA:1004,0
end_of_record
SF:/usr/include/c++/9/bits/basic_string.tcc
FN:206,_ZNSt7__cxx1112basic_stringIcSt11char_traitsIcESaIcEE12_M_constructIPcEEvT_S7_St20forward_iterator_tag
FNDA:0,_ZNSt7__cxx1112basic_stringIcSt11char_traitsIcESaIcEE12_M_constructIPcEEvT_S7_St20forward_iterator_tag
FN:206,_ZNSt7__cxx1112basic_stringIcSt11char_traitsIcESaIcEE12_M_constructIPKcEEvT_S8_St20forward_iterator_tag
FNDA:0,_ZNSt7__cxx1112basic_stringIcSt11char_traitsIcESaIcEE12_M_constructIPKcEEvT_S8_St20forward_iterator_tag
DA:206,0
DA:211,0
DA:212,0
DA:215,0
DA:217,0
DA:219,0
DA:220,0
DA:225,0
DA:232,0
DA:233,0
DA:206,0
DA:211,0
DA:212,0
DA:215,0
DA:217,0
DA:219,0
DA:220,0
DA:225,0
DA:232,0
DA:233,0
end_of_record
SF:/workspace/vtr-verilog-to-routing/ODIN_II/SRC/adders.cpp
FN:66,_Z21init_add_distributionv
FNDA:0,_Z21init_add_distributionv
FN:76,_Z23record_add_distributionP7nnode_t
FNDA:0,_Z23record_add_distributionP7nnode_t
FN:95,_Z23report_add_distributionv
FNDA:0,_Z23report_add_distributionv
FN:122,_Z16find_hard_addersv
FNDA:0,_Z16find_hard_addersv
FN:143,_Z18declare_hard_adderP7nnode_t
FNDA:0,_Z18declare_hard_adderP7nnode_t
FN:178,_Z22instantiate_hard_adderP7nnode_tsP9netlist_t
FNDA:0,_Z22instantiate_hard_adderP7nnode_tsP9netlist_t
FN:218,_Z25add_the_blackbox_for_addsP8_IO_FILE
FNDA:0,_Z25add_the_blackbox_for_addsP8_IO_FILE
FN:303,_Z19define_add_functionP7nnode_tP8_IO_FILE
FNDA:0,_Z19define_add_functionP7nnode_tP8_IO_FILE
FN:374,_Z16init_split_adderP7nnode_tS0_iiiiiiiiP9netlist_t
FNDA:0,_Z16init_split_adderP7nnode_tS0_iiiiiiiiP9netlist_t
FN:613,_Z11split_adderP7nnode_tiiiiiiiP9netlist_t
FNDA:0,_Z11split_adderP7nnode_tiiiiiiiP9netlist_t
FN:798,_Z14iterate_addersP9netlist_t
FNDA:0,_Z14iterate_addersP9netlist_t
FN:861,_Z12clean_addersv
FNDA:0,_Z12clean_addersv
FN:872,_Z17reduce_operationsP9netlist_t14operation_list
FNDA:0,_Z17reduce_operationsP9netlist_t14operation_list
FN:904,_Z13traverse_list14operation_listPN3vtr13t_linked_vptrE
FNDA:0,_Z13traverse_list14operation_listPN3vtr13t_linked_vptrE
FN:914,_Z10match_nodePN3vtr13t_linked_vptrE14operation_list
FNDA:0,_Z10match_nodePN3vtr13t_linked_vptrE14operation_list
FN:952,_Z11match_portsP7nnode_tS0_14operation_list
FNDA:0,_Z11match_portsP7nnode_tS0_14operation_list
FN:1018,_Z23traverse_operation_nodeP10ast_node_tPPc14operation_listPi
FNDA:0,_Z23traverse_operation_nodeP10ast_node_tPPc14operation_listPi
FN:1047,_Z11merge_nodesP7nnode_tS0_
FNDA:0,_Z11merge_nodesP7nnode_tS0_
FN:1056,_Z16remove_list_nodePN3vtr13t_linked_vptrES1_
FNDA:0,_Z16remove_list_nodePN3vtr13t_linked_vptrES1_
FN:1067,_Z18remove_fanout_pinsP7nnode_t
FNDA:0,_Z18remove_fanout_pinsP7nnode_t
FN:1087,_Z15reallocate_pinsP7nnode_tS0_
FNDA:0,_Z15reallocate_pinsP7nnode_tS0_
FN:1111,_Z13free_op_nodesP7nnode_t
FNDA:0,_Z13free_op_nodesP7nnode_t
FN:1123,_Z10match_pinsP7nnode_tS0_
FNDA:0,_Z10match_pinsP7nnode_tS0_
FN:1150,_ZL26connect_output_pin_to_nodePiiiP7nnode_tS1_s
FNDA:0,_ZL26connect_output_pin_to_nodePiiiP7nnode_tS1_s
FN:1168,_ZL10make_adder14operation_listP7nnode_tS1_PiiP9netlist_tS1_ss
FNDA:0,_ZL10make_adder14operation_listP7nnode_tS1_PiiP9netlist_tS1_ss
FN:1241,_Z29instantiate_add_w_carry_blockPiP7nnode_tsP9netlist_ts
FNDA:0,_Z29instantiate_add_w_carry_blockPiP7nnode_tsP9netlist_ts
FN:1257,_Z12is_ast_adderP10ast_node_t
FNDA:0,_Z12is_ast_adderP10ast_node_t
DA:66,0
DA:67,0
DA:69,0
DA:70,0
DA:71,0
DA:76,0
DA:77,0
DA:78,0
DA:79,0
DA:80,0
DA:95,0
DA:96,0
DA:99,0
DA:100,0
DA:101,0
DA:102,0
DA:104,0
DA:105,0
DA:107,0
DA:108,0
DA:110,0
DA:111,0
DA:113,0
DA:114,0
DA:116,0
DA:122,0
DA:123,0
DA:126,0
DA:128,0
DA:129,0
DA:130,0
DA:131,0
DA:133,0
DA:143,0
DA:144,0
DA:145,0
DA:148,0
DA:149,0
DA:151,0
DA:152,0
DA:153,0
DA:154,0
DA:156,0
DA:157,0
DA:160,0
DA:164,0
DA:165,0
DA:166,0
DA:167,0
DA:168,0
DA:169,0
DA:170,0
DA:171,0
DA:172,0
DA:178,0
DA:179,0
DA:180,0
DA:182,0
DA:185,0
DA:186,0
DA:187,0
DA:193,0
DA:195,0
DA:196,0
DA:198,0
DA:199,0
DA:202,0
DA:203,0
DA:204,0
DA:205,0
DA:206,0
DA:207,0
DA:211,0
DA:212,0
DA:218,0
DA:219,0
DA:220,0
DA:221,0
DA:222,0
DA:223,0
DA:224,0
DA:225,0
DA:228,0
DA:229,0
DA:232,0
DA:233,0
DA:234,0
DA:235,0
DA:236,0
DA:237,0
DA:239,0
DA:240,0
DA:241,0
DA:242,0
DA:245,0
DA:246,0
DA:250,0
DA:255,0
DA:258,0
DA:259,0
DA:260,0
DA:261,0
DA:262,0
DA:263,0
DA:264,0
DA:266,0
DA:268,0
DA:269,0
DA:271,0
DA:273,0
DA:276,0
DA:277,0
DA:278,0
DA:279,0
DA:280,0
DA:282,0
DA:285,0
DA:286,0
DA:287,0
DA:289,0
DA:291,0
DA:292,0
DA:293,0
DA:294,0
DA:296,0
DA:303,0
DA:304,0
DA:305,0
DA:306,0
DA:308,0
DA:309,0
DA:310,0
DA:311,0
DA:312,0
DA:313,0
DA:314,0
DA:317,0
DA:320,0
DA:321,0
DA:323,0
DA:324,0
DA:325,0
DA:327,0
DA:328,0
DA:329,0
DA:330,0
DA:332,0
DA:334,0
DA:335,0
DA:337,0
DA:340,0
DA:341,0
DA:344,0
DA:348,0
DA:349,0
DA:350,0
DA:352,0
DA:353,0
DA:354,0
DA:357,0
DA:360,0
DA:361,0
DA:374,0
DA:375,0
DA:376,0
DA:377,0
DA:378,0
DA:383,0
DA:386,0
DA:387,0
DA:388,0
DA:389,0
DA:390,0
DA:393,0
DA:396,0
DA:397,0
DA:399,0
DA:401,0
DA:405,0
DA:406,0
DA:407,0
DA:410,0
DA:412,0
DA:416,0
DA:417,0
DA:418,0
DA:421,0
DA:424,0
DA:425,0
DA:428,0
DA:432,0
DA:433,0
DA:434,0
DA:435,0
DA:436,0
DA:437,0
DA:438,0
DA:439,0
DA:442,0
DA:443,0
DA:445,0
DA:448,0
DA:449,0
DA:451,0
DA:452,0
DA:453,0
DA:454,0
DA:455,0
DA:456,0
DA:457,0
DA:458,0
DA:459,0
DA:460,0
DA:461,0
DA:463,0
DA:464,0
DA:467,0
DA:468,0
DA:469,0
DA:470,0
DA:472,0
DA:473,0
DA:476,0
DA:477,0
DA:478,0
DA:479,0
DA:480,0
DA:481,0
DA:482,0
DA:483,0
DA:487,0
DA:488,0
DA:489,0
DA:490,0
DA:494,0
DA:495,0
DA:497,0
DA:498,0
DA:499,0
DA:502,0
DA:503,0
DA:505,0
DA:506,0
DA:507,0
DA:508,0
DA:509,0
DA:516,0
DA:517,0
DA:518,0
DA:519,0
DA:520,0
DA:521,0
DA:522,0
DA:523,0
DA:524,0
DA:525,0
DA:526,0
DA:528,0
DA:529,0
DA:532,0
DA:533,0
DA:534,0
DA:535,0
DA:537,0
DA:538,0
DA:541,0
DA:542,0
DA:543,0
DA:544,0
DA:545,0
DA:546,0
DA:547,0
DA:548,0
DA:552,0
DA:553,0
DA:554,0
DA:555,0
DA:559,0
DA:560,0
DA:561,0
DA:562,0
DA:563,0
DA:566,0
DA:567,0
DA:569,0
DA:570,0
DA:571,0
DA:572,0
DA:573,0
DA:581,0
DA:582,0
DA:586,0
DA:587,0
DA:588,0
DA:590,0
DA:592,0
DA:593,0
DA:594,0
DA:595,0
DA:597,0
DA:613,0
DA:614,0
DA:615,0
DA:616,0
DA:617,0
DA:618,0
DA:623,0
DA:626,0
DA:627,0
DA:629,0
DA:631,0
DA:632,0
DA:633,0
DA:634,0
DA:635,0
DA:637,0
DA:638,0
DA:640,0
DA:644,0
DA:645,0
DA:648,0
DA:650,0
DA:651,0
DA:654,0
DA:655,0
DA:659,0
DA:662,0
DA:665,0
DA:667,0
DA:668,0
DA:670,0
DA:671,0
DA:672,0
DA:673,0
DA:676,0
DA:678,0
DA:679,0
DA:681,0
DA:682,0
DA:685,0
DA:687,0
DA:688,0
DA:690,0
DA:693,0
DA:694,0
DA:695,0
DA:696,0
DA:701,0
DA:702,0
DA:703,0
DA:704,0
DA:705,0
DA:709,0
DA:711,0
DA:715,0
DA:716,0
DA:719,0
DA:720,0
DA:721,0
DA:722,0
DA:723,0
DA:725,0
DA:726,0
DA:729,0
DA:730,0
DA:733,0
DA:734,0
DA:735,0
DA:739,0
DA:740,0
DA:742,0
DA:743,0
DA:744,0
DA:747,0
DA:748,0
DA:750,0
DA:751,0
DA:753,0
DA:755,0
DA:759,0
DA:761,0
DA:763,0
DA:765,0
DA:766,0
DA:767,0
DA:769,0
DA:771,0
DA:777,0
DA:778,0
DA:779,0
DA:782,0
DA:783,0
DA:784,0
DA:785,0
DA:786,0
DA:798,0
DA:799,0
DA:800,0
DA:801,0
DA:802,0
DA:803,0
DA:807,0
DA:810,0
DA:813,0
DA:814,0
DA:815,0
DA:817,0
DA:819,0
DA:820,0
DA:821,0
DA:822,0
DA:823,0
DA:824,0
DA:826,0
DA:828,0
DA:829,0
DA:830,0
DA:831,0
DA:832,0
DA:837,0
DA:839,0
DA:841,0
DA:844,0
DA:845,0
DA:846,0
DA:850,0
DA:861,0
DA:862,0
DA:863,0
DA:864,0
DA:872,0
DA:873,0
DA:874,0
DA:875,0
DA:876,0
DA:877,0
DA:878,0
DA:879,0
DA:881,0
DA:882,0
DA:883,0
DA:884,0
DA:886,0
DA:887,0
DA:888,0
DA:889,0
DA:896,0
DA:897,0
DA:904,0
DA:905,0
DA:906,0
DA:907,0
DA:909,0
DA:914,0
DA:915,0
DA:916,0
DA:917,0
DA:918,0
DA:919,0
DA:920,0
DA:921,0
DA:922,0
DA:923,0
DA:924,0
DA:925,0
DA:926,0
DA:927,0
DA:928,0
DA:929,0
DA:930,0
DA:931,0
DA:932,0
DA:933,0
DA:934,0
DA:935,0
DA:940,0
DA:941,0
DA:943,0
DA:944,0
DA:947,0
DA:952,0
DA:953,0
DA:954,0
DA:955,0
DA:956,0
DA:957,0
DA:958,0
DA:959,0
DA:960,0
DA:961,0
DA:962,0
DA:963,0
DA:964,0
DA:965,0
DA:966,0
DA:967,0
DA:968,0
DA:969,0
DA:970,0
DA:971,0
DA:972,0
DA:973,0
DA:974,0
DA:976,0
DA:977,0
DA:982,0
DA:983,0
DA:984,0
DA:985,0
DA:993,0
DA:994,0
DA:998,0
DA:999,0
DA:1000,0
DA:1003,0
DA:1004,0
DA:1005,0
DA:1010,0
DA:1018,0
DA:1019,0
DA:1021,0
DA:1024,0
DA:1025,0
DA:1026,0
DA:1027,0
DA:1028,0
DA:1029,0
DA:1031,0
DA:1032,0
DA:1033,0
DA:1034,0
DA:1035,0
DA:1036,0
DA:1037,0
DA:1047,0
DA:1048,0
DA:1049,0
DA:1050,0
DA:1051,0
DA:1056,0
DA:1057,0
DA:1058,0
DA:1060,0
DA:1061,0
DA:1062,0
DA:1067,0
DA:1068,0
DA:1069,0
DA:1070,0
DA:1071,0
DA:1072,0
DA:1075,0
DA:1076,0
DA:1077,0
DA:1079,0
DA:1080,0
DA:1082,0
DA:1087,0
DA:1088,0
DA:1089,0
DA:1090,0
DA:1091,0
DA:1092,0
DA:1093,0
DA:1094,0
DA:1095,0
DA:1096,0
DA:1097,0
DA:1098,0
DA:1099,0
DA:1100,0
DA:1102,0
DA:1106,0
DA:1111,0
DA:1112,0
DA:1113,0
DA:1114,0
DA:1117,0
DA:1118,0
DA:1123,0
DA:1124,0
DA:1125,0
DA:1126,0
DA:1127,0
DA:1128,0
DA:1129,0
DA:1130,0
DA:1131,0
DA:1135,0
DA:1140,0
DA:1144,0
DA:1150,0
DA:1152,0
DA:1153,0
DA:1155,0
DA:1156,0
DA:1157,0
DA:1159,0
DA:1160,0
DA:1163,0
DA:1168,0
DA:1170,0
DA:1171,0
DA:1173,0
DA:1174,0
DA:1175,0
DA:1176,0
DA:1177,0
DA:1178,0
DA:1179,0
DA:1180,0
DA:1181,0
DA:1182,0
DA:1184,0
DA:1185,0
DA:1186,0
DA:1190,0
DA:1191,0
DA:1192,0
DA:1197,0
DA:1198,0
DA:1199,0
DA:1200,0
DA:1201,0
DA:1202,0
DA:1203,0
DA:1204,0
DA:1206,0
DA:1209,0
DA:1213,0
DA:1215,0
DA:1216,0
DA:1217,0
DA:1218,0
DA:1219,0
DA:1220,0
DA:1221,0
DA:1222,0
DA:1223,0
DA:1225,0
DA:1226,0
DA:1227,0
DA:1228,0
DA:1230,0
DA:1234,0
DA:1235,0
DA:1238,0
DA:1241,0
DA:1242,0
DA:1244,0
DA:1246,0
DA:1249,0
DA:1250,0
DA:1251,0
DA:1253,0
DA:1255,0
DA:1257,0
DA:1258,0
DA:1259,0
DA:1260,0
DA:1261,0
DA:1263,0
DA:1264,0
DA:1266,0
DA:1267,0
DA:1269,0
DA:1276,0
end_of_record
SF:/workspace/vtr-verilog-to-routing/libs/librtlnumber/src/include/rtl_utils.hpp
FN:46,_Z12_assert_WerrbPKciNSt7__cxx1112basic_stringIcSt11char_traitsIcESaIcEEE
FNDA:0,_Z12_assert_WerrbPKciNSt7__cxx1112basic_stringIcSt11char_traitsIcESaIcEEE
DA:46,0
DA:47,0
DA:48,0
DA:49,0
DA:50,0
DA:51,0
DA:53,0
end_of_record
SF:/usr/include/c++/9/bits/ptr_traits.h
DA:146,0
DA:147,0
end_of_record
SF:/usr/include/c++/9/bits/stl_iterator_base_funcs.h
DA:98,0
DA:104,0
DA:138,0
DA:141,0
end_of_record
SF:/usr/include/c++/9/bits/alloc_traits.h
DA:469,0
DA:470,0
end_of_record
SF:/usr/include/c++/9/ext/type_traits.h
DA:152,0
end_of_record
SF:/usr/include/c++/9/bits/move.h
DA:47,0
DA:99,0
DA:138,0
DA:139,0
end_of_record
SF:/usr/include/c++/9/bits/stl_vector.h
DA:1040,0
DA:1043,0
end_of_record
TN:
SF:/usr/include/c++/9/ostream
DA:108,0
DA:113,0
DA:565,0
DA:568,0
DA:570,0
DA:571,0
end_of_record
SF:/usr/include/c++/9/ext/string_conversions.h
FN:99,_ZN9__gnu_cxx12__to_xstringINSt7__cxx1112basic_stringIcSt11char_traitsIcESaIcEEEcEET_PFiPT0_mPKS8_P13__va_list_tagEmSB_z
FNDA:0,_ZN9__gnu_cxx12__to_xstringINSt7__cxx1112basic_stringIcSt11char_traitsIcESaIcEEEcEET_PFiPT0_mPKS8_P13__va_list_tagEmSB_z
DA:99,0
DA:105,0
DA:109,0
DA:111,0
DA:113,0
DA:115,0
end_of_record
SF:/usr/include/c++/9/bits/stl_uninitialized.h
FN:76,_ZNSt20__uninitialized_copyILb0EE13__uninit_copyIPK7VNumberPS2_EET0_T_S7_S6_
FNDA:0,_ZNSt20__uninitialized_copyILb0EE13__uninit_copyIPK7VNumberPS2_EET0_T_S7_S6_
DA:76,0
DA:79,0
DA:82,0
DA:83,0
DA:84,0
DA:86,0
DA:88,0
DA:89,0
DA:115,0
DA:134,0
DA:140,0
DA:305,0
DA:307,0
DA:905,0
DA:912,0
DA:913,0
DA:949,0
DA:950,0
DA:964,0
end_of_record
SF:/usr/include/c++/9/bits/locale_facets.h
FN:872,_ZNKSt5ctypeIcE5widenEc
FNDA:0,_ZNKSt5ctypeIcE5widenEc
FN:1084,_ZNKSt5ctypeIcE8do_widenEc
FNDA:0,_ZNKSt5ctypeIcE8do_widenEc
DA:872,0
DA:874,0
DA:875,0
DA:876,0
DA:877,0
DA:1084,0
DA:1085,0
end_of_record
SF:/usr/include/x86_64-linux-gnu/bits/stdio2.h
DA:105,0
DA:107,0
end_of_record
SF:/usr/include/c++/9/iostream
end_of_record
SF:/usr/include/c++/9/ext/new_allocator.h
DA:80,0
DA:83,0
DA:89,0
DA:119,0
DA:128,0
DA:132,0
DA:144,0
DA:147,0
DA:151,0
end_of_record
SF:/workspace/vtr-verilog-to-routing/libs/librtlnumber/src/include/internal_bits.hpp
FN:308,_ZN8BitSpaceL13bits_to_hex_cEsb
FNDA:0,_ZN8BitSpaceL13bits_to_hex_cEsb
FN:449,_ZN8BitSpace11VerilogBitsC2Emh
FNDA:0,_ZN8BitSpace11VerilogBitsC2Emh
FN:505,_ZN8BitSpace11VerilogBits9to_stringB5cxx11Ebb
FNDA:0,_ZN8BitSpace11VerilogBits9to_stringB5cxx11Ebb
FN:520,_ZN8BitSpace11VerilogBits10to_UstringB5cxx11Eb
FNDA:0,_ZN8BitSpace11VerilogBits10to_UstringB5cxx11Eb
FN:535,_ZN8BitSpace11VerilogBits12to_log2radixB5cxx11Esb
FNDA:0,_ZN8BitSpace11VerilogBits12to_log2radixB5cxx11Esb
FN:554,_ZN8BitSpace11VerilogBits12to_printableB5cxx11Ev
FNDA:0,_ZN8BitSpace11VerilogBits12to_printableB5cxx11Ev
FN:648,_ZN8BitSpace11VerilogBits6resizeEhm
FNDA:0,_ZN8BitSpace11VerilogBits6resizeEhm
FN:749,_ZN7VNumberC2ERKS_
FNDA:0,_ZN7VNumberC2ERKS_
FN:755,_ZN7VNumberC2ES_m
FNDA:0,_ZN7VNumberC2ES_m
FN:778,_ZN7VNumber9get_valueEv
FNDA:0,_ZN7VNumber9get_valueEv
FN:812,_ZN7VNumber10to_vstringB5cxx11Ec
FNDA:0,_ZN7VNumber10to_vstringB5cxx11Ec
FN:972,_ZN7VNumber16get_bit_from_msbEm
FNDA:0,_ZN7VNumber16get_bit_from_msbEm
DA:286,0
DA:287,0
DA:290,0
DA:291,0
DA:292,0
DA:293,0
DA:294,0
DA:295,0
DA:299,0
DA:300,0
DA:303,0
DA:304,0
DA:308,0
DA:309,0
DA:312,0
DA:313,0
DA:314,0
DA:315,0
DA:316,0
DA:317,0
DA:318,0
DA:319,0
DA:320,0
DA:321,0
DA:322,0
DA:323,0
DA:324,0
DA:325,0
DA:326,0
DA:327,0
DA:328,0
DA:329,0
DA:330,0
DA:331,0
DA:332,0
DA:333,0
DA:334,0
DA:335,0
DA:336,0
DA:337,0
DA:338,0
DA:339,0
DA:340,0
DA:341,0
DA:342,0
DA:343,0
DA:346,0
DA:349,0
DA:371,0
DA:372,0
DA:373,0
DA:374,0
DA:379,0
DA:380,0
DA:385,0
DA:386,0
DA:387,0
DA:389,0
DA:393,0
DA:394,0
DA:396,0
DA:397,0
DA:399,0
DA:400,0
DA:401,0
DA:403,0
DA:404,0
DA:411,0
DA:413,0
DA:414,0
DA:420,0
DA:430,0
DA:435,0
DA:436,0
DA:449,0
DA:450,0
DA:451,0
DA:453,0
DA:455,0
DA:456,0
DA:458,0
DA:465,0
DA:466,0
DA:473,0
DA:481,0
DA:484,0
DA:492,0
DA:495,0
DA:502,0
DA:505,0
DA:507,0
DA:508,0
DA:509,0
DA:510,0
DA:511,0
DA:513,0
DA:517,0
DA:520,0
DA:522,0
DA:523,0
DA:524,0
DA:525,0
DA:526,0
DA:528,0
DA:532,0
DA:535,0
DA:536,0
DA:539,0
DA:540,0
DA:541,0
DA:543,0
DA:545,0
DA:546,0
DA:551,0
DA:554,0
DA:555,0
DA:557,0
DA:558,0
DA:561,0
DA:564,0
DA:565,0
DA:566,0
DA:648,0
DA:652,0
DA:653,0
DA:654,0
DA:656,0
DA:657,0
DA:658,0
DA:660,0
DA:661,0
DA:662,0
DA:668,0
DA:671,0
DA:673,0
DA:675,0
DA:676,0
DA:677,0
DA:680,0
DA:681,0
DA:682,0
DA:685,0
DA:707,0
DA:749,0
DA:750,0
DA:751,0
DA:752,0
DA:753,0
DA:755,0
DA:756,0
DA:757,0
DA:759,0
DA:778,0
DA:779,0
DA:781,0
DA:784,0
DA:785,0
DA:786,0
DA:787,0
DA:790,0
DA:791,0
DA:793,0
DA:794,0
DA:795,0
DA:796,0
DA:798,0
DA:801,0
DA:812,0
DA:813,0
DA:814,0
DA:817,0
DA:822,0
DA:823,0
DA:824,0
DA:825,0
DA:826,0
DA:827,0
DA:828,0
DA:829,0
DA:830,0
DA:831,0
DA:832,0
DA:833,0
DA:834,0
DA:835,0
DA:836,0
DA:837,0
DA:838,0
DA:839,0
DA:840,0
DA:841,0
DA:842,0
DA:843,0
DA:844,0
DA:845,0
DA:846,0
DA:847,0
DA:848,0
DA:850,0
DA:851,0
DA:852,0
DA:854,0
DA:856,0
DA:965,0
DA:966,0
DA:972,0
DA:973,0
DA:974,0
DA:995,0
DA:996,0
DA:999,0
DA:1000,0
DA:1003,0
DA:1004,0
DA:1015,0
DA:1016,0
end_of_record
SF:/workspace/vtr-verilog-to-routing/ODIN_II/SRC/ast_elaborate.cpp
FN:155,_Z15find_top_moduleP5ast_t
FNDA:0,_Z15find_top_moduleP5ast_t
FN:225,_Z19simplify_ast_modulePP10ast_node_tP12sc_hierarchy
FNDA:0,_Z19simplify_ast_modulePP10ast_node_tP12sc_hierarchy
FN:285,_Z15build_hierarchyP10ast_node_tS0_iP12sc_hierarchybbP6e_data
FNDA:0,_Z15build_hierarchyP10ast_node_tS0_iP12sc_hierarchybbP6e_data
FN:1128,_Z12finalize_astP10ast_node_tS0_P12sc_hierarchybb
FNDA:0,_Z12finalize_astP10ast_node_tS0_P12sc_hierarchybb
FN:1771,_Z18reduce_expressionsP10ast_node_tP12sc_hierarchyPll
FNDA:0,_Z18reduce_expressionsP10ast_node_tP12sc_hierarchyPll
FN:2111,_Z20update_string_cachesP12sc_hierarchy
FNDA:0,_Z20update_string_cachesP12sc_hierarchy
FN:2160,_Z31update_instance_parameter_tableP10ast_node_tP12STRING_CACHE
FNDA:0,_Z31update_instance_parameter_tableP10ast_node_tP12STRING_CACHE
FN:2252,_Z37override_parameters_for_all_instancesP10ast_node_tP12sc_hierarchy
FNDA:0,_Z37override_parameters_for_all_instancesP10ast_node_tP12sc_hierarchy
FN:2287,_Z22convert_2D_to_1D_arrayPP10ast_node_t
FNDA:0,_Z22convert_2D_to_1D_arrayPP10ast_node_t
FN:2336,_Z26convert_2D_to_1D_array_refPP10ast_node_tP12sc_hierarchy
FNDA:0,_Z26convert_2D_to_1D_array_refPP10ast_node_tP12sc_hierarchy
FN:2363,_Z15verify_terminalP10ast_node_tS0_
FNDA:0,_Z15verify_terminalP10ast_node_tS0_
FN:2379,_Z14verify_genvarsP10ast_node_tP12sc_hierarchyPPPci
FNDA:0,_Z14verify_genvarsP10ast_node_tP12sc_hierarchyPPPci
FN:2428,_Z28look_for_matching_hard_blockP10ast_node_tPcP12sc_hierarchy
FNDA:0,_Z28look_for_matching_hard_blockP10ast_node_tPcP12sc_hierarchy
FN:2620,_Z28look_for_matching_soft_logicP10ast_node_tPc
FNDA:0,_Z28look_for_matching_soft_logicP10ast_node_tPc
FN:2642,_Z28create_param_table_for_scopeP10ast_node_tP12sc_hierarchy
FNDA:0,_Z28create_param_table_for_scopeP10ast_node_tP12sc_hierarchy
DA:155,0
DA:156,0
DA:158,0
DA:161,0
DA:162,0
DA:163,0
DA:165,0
DA:166,0
DA:167,0
DA:168,0
DA:171,0
DA:172,0
DA:174,0
DA:175,0
DA:177,0
DA:178,0
DA:181,0
DA:182,0
DA:184,0
DA:185,0
DA:186,0
DA:187,0
DA:188,0
DA:189,0
DA:194,0
DA:196,0
DA:198,0
DA:200,0
DA:201,0
DA:203,0
DA:204,0
DA:212,0
DA:213,0
DA:216,0
DA:217,0
DA:219,0
DA:222,0
DA:225,0
DA:227,0
DA:230,0
DA:232,0
DA:233,0
DA:234,0
DA:236,0
DA:237,0
DA:238,0
DA:240,0
DA:245,0
DA:246,0
DA:249,0
DA:252,0
DA:253,0
DA:254,0
DA:255,0
DA:256,0
DA:257,0
DA:259,0
DA:260,0
DA:264,0
DA:265,0
DA:266,0
DA:268,0
DA:269,0
DA:270,0
DA:271,0
DA:272,0
DA:274,0
DA:275,0
DA:285,0
DA:286,0
DA:287,0
DA:289,0
DA:290,0
DA:292,0
DA:293,0
DA:294,0
DA:298,0
DA:302,0
DA:305,0
DA:307,0
DA:308,0
DA:309,0
DA:312,0
DA:315,0
DA:316,0
DA:317,0
DA:318,0
DA:323,0
DA:324,0
DA:327,0
DA:329,0
DA:330,0
DA:331,0
DA:332,0
DA:333,0
DA:334,0
DA:336,0
DA:337,0
DA:338,0
DA:344,0
DA:345,0
DA:347,0
DA:348,0
DA:350,0
DA:351,0
DA:353,0
DA:354,0
DA:356,0
DA:357,0
DA:359,0
DA:360,0
DA:362,0
DA:363,0
DA:367,0
DA:370,0
DA:371,0
DA:372,0
DA:375,0
DA:376,0
DA:377,0
DA:380,0
DA:381,0
DA:382,0
DA:383,0
DA:384,0
DA:386,0
DA:387,0
DA:388,0
DA:390,0
DA:391,0
DA:393,0
DA:394,0
DA:395,0
DA:396,0
DA:401,0
DA:402,0
DA:403,0
DA:404,0
DA:408,0
DA:409,0
DA:411,0
DA:412,0
DA:414,0
DA:415,0
DA:417,0
DA:418,0
DA:420,0
DA:421,0
DA:423,0
DA:424,0
DA:426,0
DA:427,0
DA:431,0
DA:433,0
DA:434,0
DA:435,0
DA:436,0
DA:438,0
DA:439,0
DA:440,0
DA:441,0
DA:442,0
DA:443,0
DA:444,0
DA:445,0
DA:448,0
DA:449,0
DA:451,0
DA:452,0
DA:456,0
DA:457,0
DA:460,0
DA:461,0
DA:463,0
DA:464,0
DA:466,0
DA:468,0
DA:469,0
DA:470,0
DA:473,0
DA:474,0
DA:475,0
DA:477,0
DA:478,0
DA:479,0
DA:480,0
DA:484,0
DA:485,0
DA:491,0
DA:492,0
DA:494,0
DA:495,0
DA:497,0
DA:498,0
DA:500,0
DA:501,0
DA:503,0
DA:504,0
DA:506,0
DA:507,0
DA:509,0
DA:510,0
DA:514,0
DA:516,0
DA:517,0
DA:518,0
DA:519,0
DA:520,0
DA:521,0
DA:522,0
DA:523,0
DA:524,0
DA:526,0
DA:527,0
DA:531,0
DA:532,0
DA:533,0
DA:534,0
DA:535,0
DA:536,0
DA:537,0
DA:539,0
DA:540,0
DA:549,0
DA:550,0
DA:553,0
DA:554,0
DA:556,0
DA:557,0
DA:559,0
DA:561,0
DA:562,0
DA:563,0
DA:566,0
DA:567,0
DA:568,0
DA:570,0
DA:571,0
DA:572,0
DA:573,0
DA:577,0
DA:578,0
DA:581,0
DA:582,0
DA:583,0
DA:585,0
DA:588,0
DA:589,0
DA:595,0
DA:596,0
DA:597,0
DA:598,0
DA:599,0
DA:601,0
DA:602,0
DA:606,0
DA:607,0
DA:608,0
DA:609,0
DA:610,0
DA:611,0
DA:615,0
DA:616,0
DA:617,0
DA:619,0
DA:620,0
DA:624,0
DA:625,0
DA:626,0
DA:627,0
DA:628,0
DA:630,0
DA:631,0
DA:632,0
DA:636,0
DA:637,0
DA:638,0
DA:639,0
DA:641,0
DA:642,0
DA:646,0
DA:647,0
DA:652,0
DA:653,0
DA:655,0
DA:656,0
DA:658,0
DA:659,0
DA:661,0
DA:662,0
DA:664,0
DA:665,0
DA:666,0
DA:667,0
DA:668,0
DA:669,0
DA:676,0
DA:677,0
DA:681,0
DA:682,0
DA:684,0
DA:685,0
DA:686,0
DA:692,0
DA:696,0
DA:697,0
DA:698,0
DA:700,0
DA:701,0
DA:702,0
DA:704,0
DA:707,0
DA:711,0
DA:712,0
DA:713,0
DA:714,0
DA:718,0
DA:719,0
DA:720,0
DA:725,0
DA:727,0
DA:732,0
DA:733,0
DA:734,0
DA:737,0
DA:738,0
DA:741,0
DA:742,0
DA:743,0
DA:744,0
DA:746,0
DA:747,0
DA:754,0
DA:755,0
DA:756,0
DA:758,0
DA:759,0
DA:761,0
DA:762,0
DA:763,0
DA:766,0
DA:768,0
DA:769,0
DA:775,0
DA:780,0
DA:781,0
DA:783,0
DA:784,0
DA:785,0
DA:788,0
DA:790,0
DA:791,0
DA:796,0
DA:798,0
DA:799,0
DA:800,0
DA:801,0
DA:804,0
DA:805,0
DA:806,0
DA:807,0
DA:808,0
DA:809,0
DA:812,0
DA:813,0
DA:814,0
DA:815,0
DA:818,0
DA:821,0
DA:824,0
DA:829,0
DA:830,0
DA:832,0
DA:833,0
DA:834,0
DA:837,0
DA:839,0
DA:840,0
DA:845,0
DA:847,0
DA:848,0
DA:849,0
DA:850,0
DA:853,0
DA:854,0
DA:855,0
DA:856,0
DA:857,0
DA:860,0
DA:861,0
DA:862,0
DA:863,0
DA:866,0
DA:869,0
DA:874,0
DA:878,0
DA:879,0
DA:880,0
DA:881,0
DA:882,0
DA:883,0
DA:884,0
DA:885,0
DA:887,0
DA:888,0
DA:890,0
DA:891,0
DA:893,0
DA:894,0
DA:895,0
DA:896,0
DA:897,0
DA:898,0
DA:902,0
DA:903,0
DA:904,0
DA:907,0
DA:908,0
DA:910,0
DA:911,0
DA:912,0
DA:918,0
DA:919,0
DA:921,0
DA:922,0
DA:923,0
DA:926,0
DA:928,0
DA:929,0
DA:934,0
DA:936,0
DA:937,0
DA:938,0
DA:940,0
DA:943,0
DA:944,0
DA:945,0
DA:947,0
DA:948,0
DA:949,0
DA:950,0
DA:953,0
DA:954,0
DA:955,0
DA:956,0
DA:959,0
DA:962,0
DA:964,0
DA:967,0
DA:971,0
DA:972,0
DA:974,0
DA:977,0
DA:978,0
DA:979,0
DA:980,0
DA:981,0
DA:982,0
DA:983,0
DA:985,0
DA:986,0
DA:988,0
DA:989,0
DA:993,0
DA:994,0
DA:996,0
DA:1001,0
DA:1002,0
DA:1003,0
DA:1005,0
DA:1006,0
DA:1008,0
DA:1011,0
DA:1013,0
DA:1015,0
DA:1020,0
DA:1021,0
DA:1023,0
DA:1028,0
DA:1029,0
DA:1030,0
DA:1032,0
DA:1034,0
DA:1036,0
DA:1040,0
DA:1042,0
DA:1043,0
DA:1044,0
DA:1045,0
DA:1046,0
DA:1051,0
DA:1052,0
DA:1057,0
DA:1058,0
DA:1060,0
DA:1061,0
DA:1062,0
DA:1064,0
DA:1066,0
DA:1068,0
DA:1069,0
DA:1070,0
DA:1071,0
DA:1072,0
DA:1073,0
DA:1075,0
DA:1078,0
DA:1080,0
DA:1083,0
DA:1088,0
DA:1089,0
DA:1090,0
DA:1091,0
DA:1092,0
DA:1103,0
DA:1111,0
DA:1112,0
DA:1115,0
DA:1128,0
DA:1129,0
DA:1130,0
DA:1132,0
DA:1133,0
DA:1135,0
DA:1136,0
DA:1137,0
DA:1141,0
DA:1142,0
DA:1143,0
DA:1146,0
DA:1148,0
DA:1150,0
DA:1151,0
DA:1152,0
DA:1156,0
DA:1158,0
DA:1159,0
DA:1160,0
DA:1164,0
DA:1167,0
DA:1168,0
DA:1169,0
DA:1170,0
DA:1179,0
DA:1180,0
DA:1181,0
DA:1185,0
DA:1187,0
DA:1188,0
DA:1189,0
DA:1193,0
DA:1196,0
DA:1197,0
DA:1198,0
DA:1199,0
DA:1200,0
DA:1201,0
DA:1210,0
DA:1212,0
DA:1213,0
DA:1215,0
DA:1216,0
DA:1217,0
DA:1219,0
DA:1220,0
DA:1221,0
DA:1223,0
DA:1224,0
DA:1226,0
DA:1232,0
DA:1233,0
DA:1234,0
DA:1235,0
DA:1237,0
DA:1238,0
DA:1239,0
DA:1240,0
DA:1241,0
DA:1243,0
DA:1244,0
DA:1245,0
DA:1249,0
DA:1250,0
DA:1251,0
DA:1252,0
DA:1254,0
DA:1255,0
DA:1259,0
DA:1260,0
DA:1265,0
DA:1266,0
DA:1269,0
DA:1270,0
DA:1271,0
DA:1274,0
DA:1275,0
DA:1276,0
DA:1279,0
DA:1280,0
DA:1281,0
DA:1282,0
DA:1283,0
DA:1285,0
DA:1286,0
DA:1287,0
DA:1289,0
DA:1290,0
DA:1292,0
DA:1293,0
DA:1294,0
DA:1295,0
DA:1300,0
DA:1301,0
DA:1302,0
DA:1304,0
DA:1305,0
DA:1306,0
DA:1307,0
DA:1308,0
DA:1310,0
DA:1311,0
DA:1313,0
DA:1314,0
DA:1316,0
DA:1317,0
DA:1318,0
DA:1320,0
DA:1329,0
DA:1330,0
DA:1331,0
DA:1332,0
DA:1334,0
DA:1335,0
DA:1339,0
DA:1340,0
DA:1341,0
DA:1342,0
DA:1343,0
DA:1344,0
DA:1348,0
DA:1349,0
DA:1350,0
DA:1352,0
DA:1353,0
DA:1355,0
DA:1360,0
DA:1361,0
DA:1371,0
DA:1375,0
DA:1376,0
DA:1378,0
DA:1379,0
DA:1380,0
DA:1386,0
DA:1390,0
DA:1391,0
DA:1392,0
DA:1394,0
DA:1395,0
DA:1396,0
DA:1398,0
DA:1401,0
DA:1405,0
DA:1406,0
DA:1407,0
DA:1408,0
DA:1412,0
DA:1413,0
DA:1414,0
DA:1420,0
DA:1424,0
DA:1425,0
DA:1430,0
DA:1431,0
DA:1433,0
DA:1434,0
DA:1435,0
DA:1438,0
DA:1441,0
DA:1443,0
DA:1446,0
DA:1447,0
DA:1452,0
DA:1454,0
DA:1455,0
DA:1456,0
DA:1459,0
DA:1460,0
DA:1461,0
DA:1462,0
DA:1463,0
DA:1466,0
DA:1467,0
DA:1468,0
DA:1469,0
DA:1471,0
DA:1474,0
DA:1477,0
DA:1478,0
DA:1481,0
DA:1482,0
DA:1485,0
DA:1488,0
DA:1493,0
DA:1494,0
DA:1496,0
DA:1497,0
DA:1498,0
DA:1501,0
DA:1502,0
DA:1503,0
DA:1505,0
DA:1508,0
DA:1509,0
DA:1512,0
DA:1513,0
DA:1516,0
DA:1519,0
DA:1524,0
DA:1525,0
DA:1527,0
DA:1528,0
DA:1529,0
DA:1533,0
DA:1534,0
DA:1535,0
DA:1537,0
DA:1540,0
DA:1541,0
DA:1544,0
DA:1545,0
DA:1548,0
DA:1553,0
DA:1557,0
DA:1558,0
DA:1559,0
DA:1560,0
DA:1561,0
DA:1562,0
DA:1563,0
DA:1564,0
DA:1566,0
DA:1567,0
DA:1569,0
DA:1570,0
DA:1572,0
DA:1573,0
DA:1574,0
DA:1575,0
DA:1576,0
DA:1577,0
DA:1581,0
DA:1582,0
DA:1583,0
DA:1586,0
DA:1590,0
DA:1592,0
DA:1593,0
DA:1594,0
DA:1595,0
DA:1600,0
DA:1601,0
DA:1603,0
DA:1608,0
DA:1609,0
DA:1610,0
DA:1612,0
DA:1613,0
DA:1615,0
DA:1618,0
DA:1620,0
DA:1622,0
DA:1627,0
DA:1628,0
DA:1630,0
DA:1635,0
DA:1636,0
DA:1637,0
DA:1639,0
DA:1641,0
DA:1643,0
DA:1647,0
DA:1649,0
DA:1650,0
DA:1651,0
DA:1652,0
DA:1653,0
DA:1655,0
DA:1656,0
DA:1661,0
DA:1662,0
DA:1664,0
DA:1665,0
DA:1666,0
DA:1668,0
DA:1670,0
DA:1672,0
DA:1673,0
DA:1674,0
DA:1675,0
DA:1676,0
DA:1677,0
DA:1679,0
DA:1682,0
DA:1684,0
DA:1687,0
DA:1692,0
DA:1693,0
DA:1694,0
DA:1695,0
DA:1696,0
DA:1702,0
DA:1703,0
DA:1704,0
DA:1705,0
DA:1708,0
DA:1709,0
DA:1710,0
DA:1713,0
DA:1717,0
DA:1723,0
DA:1724,0
DA:1725,0
DA:1726,0
DA:1729,0
DA:1730,0
DA:1731,0
DA:1732,0
DA:1736,0
DA:1738,0
DA:1739,0
DA:1740,0
DA:1743,0
DA:1749,0
DA:1757,0
DA:1758,0
DA:1762,0
DA:1771,0
DA:1772,0
DA:1773,0
DA:1775,0
DA:1776,0
DA:1778,0
DA:1780,0
DA:1781,0
DA:1784,0
DA:1785,0
DA:1786,0
DA:1788,0
DA:1789,0
DA:1791,0
DA:1792,0
DA:1793,0
DA:1795,0
DA:1796,0
DA:1797,0
DA:1799,0
DA:1800,0
DA:1801,0
DA:1803,0
DA:1804,0
DA:1806,0
DA:1807,0
DA:1809,0
DA:1810,0
DA:1812,0
DA:1813,0
DA:1814,0
DA:1816,0
DA:1820,0
DA:1821,0
DA:1822,0
DA:1825,0
DA:1828,0
DA:1829,0
DA:1830,0
DA:1831,0
DA:1833,0
DA:1836,0
DA:1837,0
DA:1838,0
DA:1839,0
DA:1840,0
DA:1841,0
DA:1842,0
DA:1843,0
DA:1858,0
DA:1859,0
DA:1860,0
DA:1862,0
DA:1863,0
DA:1865,0
DA:1866,0
DA:1867,0
DA:1898,0
DA:1906,0
DA:1907,0
DA:1908,0
DA:1910,0
DA:1911,0
DA:1912,0
DA:1914,0
DA:1916,0
DA:1920,0
DA:1921,0
DA:1922,0
DA:1923,0
DA:1927,0
DA:1928,0
DA:1929,0
DA:1935,0
DA:1940,0
DA:1945,0
DA:1946,0
DA:1948,0
DA:1949,0
DA:1950,0
DA:1953,0
DA:1955,0
DA:1956,0
DA:1959,0
DA:1960,0
DA:1963,0
DA:1966,0
DA:1971,0
DA:1972,0
DA:1974,0
DA:1975,0
DA:1976,0
DA:1979,0
DA:1981,0
DA:1982,0
DA:1985,0
DA:1986,0
DA:1989,0
DA:1994,0
DA:1995,0
DA:1996,0
DA:1998,0
DA:1999,0
DA:2001,0
DA:2005,0
DA:2006,0
DA:2008,0
DA:2009,0
DA:2011,0
DA:2013,0
DA:2014,0
DA:2020,0
DA:2022,0
DA:2024,0
DA:2025,0
DA:2027,0
DA:2028,0
DA:2030,0
DA:2034,0
DA:2035,0
DA:2037,0
DA:2038,0
DA:2040,0
DA:2042,0
DA:2043,0
DA:2049,0
DA:2051,0
DA:2053,0
DA:2054,0
DA:2056,0
DA:2058,0
DA:2060,0
DA:2061,0
DA:2062,0
DA:2063,0
DA:2065,0
DA:2066,0
DA:2068,0
DA:2069,0
DA:2071,0
DA:2072,0
DA:2075,0
DA:2078,0
DA:2079,0
DA:2080,0
DA:2081,0
DA:2088,0
DA:2089,0
DA:2090,0
DA:2091,0
DA:2092,0
DA:2103,0
DA:2104,0
DA:2108,0
DA:2111,0
DA:2112,0
DA:2113,0
DA:2114,0
DA:2116,0
DA:2118,0
DA:2119,0
DA:2120,0
DA:2121,0
DA:2122,0
DA:2123,0
DA:2124,0
DA:2125,0
DA:2126,0
DA:2129,0
DA:2130,0
DA:2131,0
DA:2134,0
DA:2138,0
DA:2139,0
DA:2140,0
DA:2141,0
DA:2143,0
DA:2144,0
DA:2148,0
DA:2149,0
DA:2150,0
DA:2151,0
DA:2152,0
DA:2153,0
DA:2154,0
DA:2155,0
DA:2158,0
DA:2160,0
DA:2161,0
DA:2162,0
DA:2163,0
DA:2164,0
DA:2166,0
DA:2167,0
DA:2170,0
DA:2171,0
DA:2172,0
DA:2173,0
DA:2174,0
DA:2176,0
DA:2177,0
DA:2179,0
DA:2180,0
DA:2181,0
DA:2187,0
DA:2188,0
DA:2189,0
DA:2194,0
DA:2195,0
DA:2196,0
DA:2199,0
DA:2200,0
DA:2204,0
DA:2205,0
DA:2211,0
DA:2212,0
DA:2213,0
DA:2214,0
DA:2215,0
DA:2220,0
DA:2221,0
DA:2222,0
DA:2224,0
DA:2225,0
DA:2230,0
DA:2232,0
DA:2233,0
DA:2240,0
DA:2246,0
DA:2247,0
DA:2250,0
DA:2252,0
DA:2253,0
DA:2254,0
DA:2256,0
DA:2257,0
DA:2262,0
DA:2263,0
DA:2265,0
DA:2266,0
DA:2267,0
DA:2270,0
DA:2272,0
DA:2274,0
DA:2276,0
DA:2279,0
DA:2280,0
DA:2283,0
DA:2285,0
DA:2287,0
DA:2288,0
DA:2289,0
DA:2291,0
DA:2292,0
DA:2294,0
DA:2295,0
DA:2297,0
DA:2298,0
DA:2300,0
DA:2301,0
DA:2303,0
DA:2304,0
DA:2306,0
DA:2307,0
DA:2311,0
DA:2313,0
DA:2314,0
DA:2318,0
DA:2320,0
DA:2322,0
DA:2324,0
DA:2325,0
DA:2327,0
DA:2328,0
DA:2330,0
DA:2331,0
DA:2333,0
DA:2334,0
DA:2336,0
DA:2337,0
DA:2339,0
DA:2342,0
DA:2343,0
DA:2345,0
DA:2347,0
DA:2349,0
DA:2350,0
DA:2353,0
DA:2354,0
DA:2356,0
DA:2358,0
DA:2359,0
DA:2360,0
DA:2361,0
DA:2363,0
DA:2364,0
DA:2365,0
DA:2366,0
DA:2367,0
DA:2368,0
DA:2369,0
DA:2370,0
DA:2372,0
DA:2379,0
DA:2380,0
DA:2381,0
DA:2382,0
DA:2383,0
DA:2384,0
DA:2385,0
DA:2387,0
DA:2389,0
DA:2393,0
DA:2395,0
DA:2396,0
DA:2398,0
DA:2399,0
DA:2404,0
DA:2405,0
DA:2406,0
DA:2411,0
DA:2412,0
DA:2413,0
DA:2416,0
DA:2417,0
DA:2421,0
DA:2422,0
DA:2426,0
DA:2428,0
DA:2429,0
DA:2430,0
DA:2432,0
DA:2434,0
DA:2436,0
DA:2437,0
DA:2439,0
DA:2440,0
DA:2442,0
DA:2443,0
DA:2444,0
DA:2447,0
DA:2448,0
DA:2449,0
DA:2452,0
DA:2455,0
DA:2459,0
DA:2463,0
DA:2464,0
DA:2465,0
DA:2466,0
DA:2467,0
DA:2469,0
DA:2470,0
DA:2473,0
DA:2474,0
DA:2475,0
DA:2479,0
DA:2482,0
DA:2487,0
DA:2490,0
DA:2495,0
DA:2498,0
DA:2499,0
DA:2500,0
DA:2502,0
DA:2503,0
DA:2506,0
DA:2511,0
DA:2512,0
DA:2513,0
DA:2516,0
DA:2518,0
DA:2521,0
DA:2522,0
DA:2523,0
DA:2524,0
DA:2525,0
DA:2527,0
DA:2528,0
DA:2530,0
DA:2531,0
DA:2532,0
DA:2534,0
DA:2535,0
DA:2538,0
DA:2539,0
DA:2541,0
DA:2542,0
DA:2543,0
DA:2545,0
DA:2546,0
DA:2553,0
DA:2554,0
DA:2555,0
DA:2556,0
DA:2557,0
DA:2558,0
DA:2560,0
DA:2561,0
DA:2563,0
DA:2564,0
DA:2565,0
DA:2567,0
DA:2568,0
DA:2571,0
DA:2572,0
DA:2574,0
DA:2575,0
DA:2576,0
DA:2578,0
DA:2579,0
DA:2588,0
DA:2589,0
DA:2590,0
DA:2594,0
DA:2595,0
DA:2596,0
DA:2597,0
DA:2598,0
DA:2599,0
DA:2601,0
DA:2602,0
DA:2603,0
DA:2604,0
DA:2605,0
DA:2610,0
DA:2611,0
DA:2612,0
DA:2614,0
DA:2616,0
DA:2620,0
DA:2621,0
DA:2623,0
DA:2627,0
DA:2628,0
DA:2629,0
DA:2630,0
DA:2642,0
DA:2644,0
DA:2645,0
DA:2646,0
DA:2647,0
DA:2649,0
DA:2650,0
DA:2653,0
DA:2654,0
DA:2655,0
DA:2657,0
DA:2658,0
DA:2661,0
DA:2662,0
DA:2666,0
DA:2667,0
DA:2669,0
DA:2671,0
DA:2673,0
DA:2678,0
DA:2680,0
DA:2682,0
DA:2684,0
DA:2685,0
DA:2690,0
DA:2693,0
DA:2695,0
DA:2696,0
DA:2701,0
DA:2704,0
DA:2706,0
DA:2707,0
DA:2708,0
DA:2711,0
DA:2712,0
DA:2713,0
DA:2718,0
DA:2720,0
end_of_record
SF:/usr/include/c++/9/bits/basic_string.tcc
FN:206,_ZNSt7__cxx1112basic_stringIcSt11char_traitsIcESaIcEE12_M_constructIPcEEvT_S7_St20forward_iterator_tag
FNDA:0,_ZNSt7__cxx1112basic_stringIcSt11char_traitsIcESaIcEE12_M_constructIPcEEvT_S7_St20forward_iterator_tag
FN:206,_ZNSt7__cxx1112basic_stringIcSt11char_traitsIcESaIcEE12_M_constructIPKcEEvT_S8_St20forward_iterator_tag
FNDA:0,_ZNSt7__cxx1112basic_stringIcSt11char_traitsIcESaIcEE12_M_constructIPKcEEvT_S8_St20forward_iterator_tag
DA:206,0
DA:211,0
DA:212,0
DA:215,0
DA:217,0
DA:219,0
DA:220,0
DA:225,0
DA:232,0
DA:233,0
DA:206,0
DA:211,0
DA:212,0
DA:215,0
DA:217,0
DA:219,0
DA:220,0
DA:225,0
DA:232,0
DA:233,0
end_of_record
SF:/usr/include/c++/9/bits/cpp_type_traits.h
DA:428,0
end_of_record
SF:/usr/include/c++/9/bits/basic_string.h
FN:6057,_ZStplIcSt11char_traitsIcESaIcEENSt7__cxx1112basic_stringIT_T0_T1_EERKS8_PKS5_
FNDA:0,_ZStplIcSt11char_traitsIcESaIcEENSt7__cxx1112basic_stringIT_T0_T1_EERKS8_PKS5_
FN:6085,_ZStplIcSt11char_traitsIcESaIcEENSt7__cxx1112basic_stringIT_T0_T1_EEOS8_RKS8_
FNDA:0,_ZStplIcSt11char_traitsIcESaIcEENSt7__cxx1112basic_stringIT_T0_T1_EEOS8_RKS8_
FN:6109,_ZStplIcSt11char_traitsIcESaIcEENSt7__cxx1112basic_stringIT_T0_T1_EEPKS5_OS8_
FNDA:0,_ZStplIcSt11char_traitsIcESaIcEENSt7__cxx1112basic_stringIT_T0_T1_EEPKS5_OS8_
FN:6149,_ZSteqIcEN9__gnu_cxx11__enable_ifIXsrSt9__is_charIT_E7__valueEbE6__typeERKNSt7__cxx1112basic_stringIS3_St11char_traitsIS3_ESaIS3_EEESE_
FNDA:0,_ZSteqIcEN9__gnu_cxx11__enable_ifIXsrSt9__is_charIT_E7__valueEbE6__typeERKNSt7__cxx1112basic_stringIS3_St11char_traitsIS3_ESaIS3_EEESE_
DA:150,0
DA:156,0
DA:157,0
DA:159,0
DA:160,0
DA:178,0
DA:179,0
DA:182,0
DA:183,0
DA:186,0
DA:190,0
DA:193,0
DA:200,0
DA:203,0
DA:210,0
DA:211,0
DA:214,0
DA:216,0
DA:217,0
DA:221,0
DA:222,0
DA:229,0
DA:231,0
DA:232,0
DA:236,0
DA:237,0
DA:243,0
DA:247,0
DA:263,0
DA:266,0
DA:286,0
DA:287,0
DA:290,0
DA:291,0
DA:346,0
DA:348,0
DA:349,0
DA:351,0
DA:392,0
DA:393,0
DA:396,0
DA:398,0
DA:448,0
DA:450,0
DA:451,0
DA:540,0
DA:541,0
DA:542,0
DA:552,0
DA:553,0
DA:555,0
DA:557,0
DA:562,0
DA:563,0
DA:569,0
DA:570,0
DA:571,0
DA:625,0
DA:627,0
DA:628,0
DA:657,0
DA:658,0
DA:704,0
DA:705,0
DA:930,0
DA:936,0
DA:1168,0
DA:1169,0
DA:1177,0
DA:1178,0
DA:1221,0
DA:1222,0
DA:2300,0
DA:2301,0
DA:2312,0
DA:2313,0
DA:2571,0
DA:2572,0
DA:2655,0
DA:2656,0
DA:6057,0
DA:6060,0
DA:6061,0
DA:6062,0
DA:6085,0
DA:6087,0
DA:6109,0
DA:6111,0
DA:6149,0
DA:6151,0
DA:6152,0
DA:6153,0
DA:6175,0
DA:6177,0
DA:6213,0
DA:6215,0
DA:6416,0
DA:6421,0
DA:6546,0
DA:6547,0
DA:6548,0
DA:6557,0
DA:6558,0
DA:6559,0
end_of_record
SF:/usr/include/c++/9/bits/allocator.h
DA:138,0
DA:141,0
DA:142,0
DA:153,0
end_of_record
SF:/usr/include/c++/9/ext/alloc_traits.h
DA:97,0
DA:98,0
end_of_record
SF:/usr/include/c++/9/bits/char_traits.h
DA:299,0
DA:300,0
DA:315,0
DA:317,0
DA:325,0
DA:329,0
DA:335,0
DA:361,0
DA:363,0
DA:365,0
end_of_record
SF:/usr/include/c++/9/initializer_list
DA:71,0
DA:75,0
DA:79,0
end_of_record
SF:/workspace/vtr-verilog-to-routing/libs/EXTERNAL/libargparse/src/argparse_value.hpp
DA:50,0
DA:56,0
end_of_record
SF:/usr/include/c++/9/bits/stl_algobase.h
DA:198,0
DA:222,0
DA:227,0
DA:228,0
DA:280,0
DA:289,0
DA:290,0
DA:295,0
DA:375,0
DA:384,0
DA:385,0
DA:386,0
DA:387,0
DA:393,0
DA:398,0
DA:404,0
DA:438,0
DA:440,0
DA:465,0
DA:474,0
end_of_record
SF:/usr/include/c++/9/bits/alloc_traits.h
DA:469,0
DA:470,0
DA:482,0
DA:484,0
DA:495,0
DA:497,0
DA:505,0
DA:506,0
DA:514,0
DA:515,0
DA:545,0
DA:546,0
DA:553,0
DA:557,0
end_of_record
SF:/usr/include/c++/9/ext/type_traits.h
DA:152,0
end_of_record
SF:/usr/include/c++/9/bits/ptr_traits.h
DA:146,0
DA:147,0
end_of_record
SF:/workspace/vtr-verilog-to-routing/libs/librtlnumber/src/include/rtl_utils.hpp
FN:46,_Z12_assert_WerrbPKciNSt7__cxx1112basic_stringIcSt11char_traitsIcESaIcEEE
FNDA:0,_Z12_assert_WerrbPKciNSt7__cxx1112basic_stringIcSt11char_traitsIcESaIcEEE
DA:46,0
DA:47,0
DA:48,0
DA:49,0
DA:50,0
DA:51,0
DA:53,0
end_of_record
SF:/usr/include/c++/9/bits/stl_iterator_base_funcs.h
DA:98,0
DA:104,0
DA:138,0
DA:141,0
end_of_record
SF:/usr/include/c++/9/bits/vector.tcc
FN:109,_ZNSt6vectorIN8BitSpace9BitFieldsItEESaIS2_EE12emplace_backIJS2_EEEvDpOT_
FNDA:0,_ZNSt6vectorIN8BitSpace9BitFieldsItEESaIS2_EE12emplace_backIJS2_EEEvDpOT_
FN:198,_ZNSt6vectorIN8BitSpace9BitFieldsItEESaIS2_EEaSERKS4_
FNDA:0,_ZNSt6vectorIN8BitSpace9BitFieldsItEESaIS2_EEaSERKS4_
FN:426,_ZNSt6vectorIN8BitSpace9BitFieldsItEESaIS2_EE17_M_realloc_insertIJS2_EEEvN9__gnu_cxx17__normal_iteratorIPS2_S4_EEDpOT_
FNDA:0,_ZNSt6vectorIN8BitSpace9BitFieldsItEESaIS2_EE17_M_realloc_insertIJS2_EEEvN9__gnu_cxx17__normal_iteratorIPS2_S4_EEDpOT_
DA:109,0
DA:112,0
DA:115,0
DA:117,0
DA:121,0
DA:125,0
DA:198,0
DA:201,0
DA:223,0
DA:224,0
DA:226,0
DA:228,0
DA:229,0
DA:230,0
DA:231,0
DA:232,0
DA:233,0
DA:234,0
DA:236,0
DA:238,0
DA:239,0
DA:243,0
DA:245,0
DA:246,0
DA:248,0
DA:250,0
DA:252,0
DA:426,0
DA:435,0
DA:437,0
DA:438,0
DA:439,0
DA:440,0
DA:441,0
DA:449,0
DA:450,0
DA:456,0
DA:461,0
DA:462,0
DA:464,0
DA:466,0
DA:467,0
DA:500,0
DA:501,0
DA:502,0
DA:503,0
DA:504,0
DA:505,0
end_of_record
SF:/usr/include/c++/9/bits/stl_iterator.h
DA:806,0
DA:819,0
DA:827,0
DA:829,0
DA:859,0
DA:860,0
DA:871,0
DA:907,0
DA:910,0
DA:989,0
DA:992,0
DA:1010,0
DA:1012,0
end_of_record
SF:/usr/include/c++/9/bits/stl_construct.h
DA:74,0
DA:75,0
DA:97,0
DA:98,0
DA:105,0
DA:107,0
DA:108,0
DA:117,0
DA:127,0
DA:137,0
DA:203,0
DA:206,0
end_of_record
SF:/usr/include/c++/9/bits/move.h
DA:47,0
DA:74,0
DA:99,0
DA:138,0
DA:139,0
end_of_record
SF:/usr/include/c++/9/bits/stl_vector.h
FN:622,_ZNSt6vectorI7VNumberSaIS0_EEC2ESt16initializer_listIS0_ERKS1_
FNDA:0,_ZNSt6vectorI7VNumberSaIS0_EEC2ESt16initializer_listIS0_ERKS1_
FN:675,_ZNSt6vectorI7VNumberSaIS0_EED2Ev
FNDA:0,_ZNSt6vectorI7VNumberSaIS0_EED2Ev
FN:1753,_ZNKSt6vectorIN8BitSpace9BitFieldsItEESaIS2_EE12_M_check_lenEmPKc
FNDA:0,_ZNKSt6vectorIN8BitSpace9BitFieldsItEESaIS2_EE12_M_check_lenEmPKc
DA:94,0
DA:95,0
DA:106,0
DA:108,0
DA:109,0
DA:110,0
DA:114,0
DA:118,0
DA:119,0
DA:120,0
DA:121,0
DA:125,0
DA:128,0
DA:130,0
DA:133,0
DA:134,0
DA:273,0
DA:274,0
DA:277,0
DA:278,0
DA:281,0
DA:282,0
DA:285,0
DA:290,0
DA:291,0
DA:330,0
DA:332,0
DA:333,0
DA:334,0
DA:347,0
DA:350,0
DA:351,0
DA:453,0
DA:462,0
DA:466,0
DA:484,0
DA:494,0
DA:495,0
DA:622,0
DA:624,0
DA:626,0
DA:628,0
DA:675,0
DA:677,0
DA:678,0
DA:680,0
DA:706,0
DA:708,0
DA:711,0
DA:808,0
DA:809,0
DA:817,0
DA:818,0
DA:826,0
DA:827,0
DA:835,0
DA:836,0
DA:915,0
DA:916,0
DA:920,0
DA:921,0
DA:995,0
DA:997,0
DA:1040,0
DA:1043,0
DA:1200,0
DA:1201,0
DA:1505,0
DA:1508,0
DA:1511,0
DA:1512,0
DA:1753,0
DA:1755,0
DA:1756,0
DA:1758,0
DA:1759,0
DA:1773,0
DA:1780,0
DA:1781,0
DA:1812,0
DA:1814,0
DA:1815,0
DA:1816,0
DA:1817,0
end_of_record
SF:/usr/include/c++/9/new
DA:173,0
DA:174,0
end_of_record
TN:
SF:/usr/include/c++/9/bits/locale_facets.h
FN:872,_ZNKSt5ctypeIcE5widenEc
FNDA:0,_ZNKSt5ctypeIcE5widenEc
FN:1084,_ZNKSt5ctypeIcE8do_widenEc
FNDA:0,_ZNKSt5ctypeIcE8do_widenEc
DA:872,0
DA:874,0
DA:875,0
DA:876,0
DA:877,0
DA:1084,0
DA:1085,0
end_of_record
SF:/usr/include/x86_64-linux-gnu/bits/stdio2.h
DA:105,0
DA:107,0
end_of_record
SF:/usr/include/c++/9/ext/new_allocator.h
DA:80,0
DA:83,0
DA:89,0
DA:119,0
DA:128,0
DA:132,0
DA:144,0
DA:147,0
DA:151,0
end_of_record
SF:/usr/include/c++/9/iostream
end_of_record
SF:/usr/include/c++/9/ostream
DA:108,0
DA:113,0
DA:565,0
DA:568,0
DA:570,0
DA:571,0
end_of_record
SF:/usr/include/c++/9/ext/string_conversions.h
FN:99,_ZN9__gnu_cxx12__to_xstringINSt7__cxx1112basic_stringIcSt11char_traitsIcESaIcEEEcEET_PFiPT0_mPKS8_P13__va_list_tagEmSB_z
FNDA:0,_ZN9__gnu_cxx12__to_xstringINSt7__cxx1112basic_stringIcSt11char_traitsIcESaIcEEEcEET_PFiPT0_mPKS8_P13__va_list_tagEmSB_z
DA:99,0
DA:105,0
DA:109,0
DA:111,0
DA:113,0
DA:115,0
end_of_record
SF:/usr/include/c++/9/bits/stl_uninitialized.h
DA:905,0
DA:912,0
DA:913,0
DA:949,0
DA:950,0
DA:964,0
end_of_record
SF:/usr/include/c++/9/bits/allocator.h
DA:138,0
DA:141,0
DA:142,0
DA:153,0
end_of_record
SF:/usr/include/c++/9/ext/alloc_traits.h
DA:97,0
DA:98,0
end_of_record
SF:/usr/include/c++/9/bits/char_traits.h
DA:299,0
DA:300,0
DA:329,0
DA:335,0
DA:361,0
DA:363,0
DA:365,0
end_of_record
SF:/workspace/vtr-verilog-to-routing/ODIN_II/SRC/ast_loop_unroll.cpp
FN:19,_Z15unroll_for_loopP10ast_node_tS0_PiP12sc_hierarchyb
FNDA:0,_Z15unroll_for_loopP10ast_node_tS0_PiP12sc_hierarchyb
FN:120,_Z11resolve_forP10ast_node_t
FNDA:0,_Z11resolve_forP10ast_node_t
FN:175,_Z21resolve_pre_conditionP10ast_node_tPS0_
FNDA:0,_Z21resolve_pre_conditionP10ast_node_tPS0_
FN:196,_Z24is_unsupported_conditionP10ast_node_tS0_
FNDA:0,_Z24is_unsupported_conditionP10ast_node_tS0_
FN:212,_Z17resolve_conditionP10ast_node_tS0_Pi
FNDA:0,_Z17resolve_conditionP10ast_node_tS0_Pi
FN:239,_ZZ17resolve_conditionP10ast_node_tS0_PiENKUllE_clEl
FNDA:0,_ZZ17resolve_conditionP10ast_node_tS0_PiENKUllE_clEl
FN:249,_ZZ17resolve_conditionP10ast_node_tS0_PiENKUllE0_clEl
FNDA:0,_ZZ17resolve_conditionP10ast_node_tS0_PiENKUllE0_clEl
FN:256,_ZZ17resolve_conditionP10ast_node_tS0_PiENKUllE1_clEl
FNDA:0,_ZZ17resolve_conditionP10ast_node_tS0_PiENKUllE1_clEl
FN:264,_ZZ17resolve_conditionP10ast_node_tS0_PiENKUllE2_clEl.isra.0
FNDA:0,_ZZ17resolve_conditionP10ast_node_tS0_PiENKUllE2_clEl.isra.0
FN:289,_Z19is_unsupported_postP10ast_node_tS0_
FNDA:0,_Z19is_unsupported_postP10ast_node_tS0_
FN:293,_Z24resolve_binary_operationP10ast_node_t
FNDA:0,_Z24resolve_binary_operationP10ast_node_t
FN:307,_ZZ24resolve_binary_operationP10ast_node_tENKUllE1_clEl.isra.0
FNDA:0,_ZZ24resolve_binary_operationP10ast_node_tENKUllE1_clEl.isra.0
FN:332,_Z22resolve_post_conditionP10ast_node_tS0_Pi
FNDA:0,_Z22resolve_post_conditionP10ast_node_tS0_Pi
FN:358,_Z17dup_and_fill_bodyP10ast_node_tS0_PS0_Pi
FNDA:0,_Z17dup_and_fill_bodyP10ast_node_tS0_PS0_Pi
DA:19,0
DA:20,0
DA:22,0
DA:23,0
DA:25,0
DA:28,0
DA:29,0
DA:30,0
DA:31,0
DA:33,0
DA:34,0
DA:35,0
DA:36,0
DA:39,0
DA:40,0
DA:44,0
DA:45,0
DA:47,0
DA:48,0
DA:50,0
DA:51,0
DA:52,0
DA:53,0
DA:56,0
DA:57,0
DA:58,0
DA:59,0
DA:61,0
DA:62,0
DA:65,0
DA:66,0
DA:67,0
DA:68,0
DA:69,0
DA:73,0
DA:74,0
DA:75,0
DA:77,0
DA:78,0
DA:80,0
DA:81,0
DA:83,0
DA:84,0
DA:85,0
DA:88,0
DA:89,0
DA:90,0
DA:91,0
DA:93,0
DA:94,0
DA:97,0
DA:98,0
DA:102,0
DA:103,0
DA:105,0
DA:109,0
DA:110,0
DA:113,0
DA:114,0
DA:120,0
DA:121,0
DA:122,0
DA:123,0
DA:125,0
DA:126,0
DA:127,0
DA:128,0
DA:130,0
DA:131,0
DA:132,0
DA:135,0
DA:136,0
DA:137,0
DA:138,0
DA:141,0
DA:142,0
DA:143,0
DA:146,0
DA:147,0
DA:148,0
DA:149,0
DA:150,0
DA:153,0
DA:154,0
DA:155,0
DA:157,0
DA:159,0
DA:162,0
DA:163,0
DA:175,0
DA:183,0
DA:186,0
DA:187,0
DA:188,0
DA:196,0
DA:197,0
DA:199,0
DA:201,0
DA:203,0
DA:205,0
DA:212,0
DA:222,0
DA:223,0
DA:224,0
DA:226,0
DA:228,0
DA:229,0
DA:230,0
DA:231,0
DA:232,0
DA:233,0
DA:234,0
DA:235,0
DA:236,0
DA:237,0
DA:238,0
DA:239,0
DA:240,0
DA:241,0
DA:242,0
DA:243,0
DA:244,0
DA:245,0
DA:246,0
DA:247,0
DA:248,0
DA:249,0
DA:250,0
DA:251,0
DA:252,0
DA:253,0
DA:254,0
DA:255,0
DA:256,0
DA:257,0
DA:258,0
DA:259,0
DA:260,0
DA:261,0
DA:264,0
DA:265,0
DA:266,0
DA:267,0
DA:268,0
DA:269,0
DA:270,0
DA:271,0
DA:272,0
DA:273,0
DA:274,0
DA:275,0
DA:276,0
DA:277,0
DA:281,0
DA:289,0
DA:290,0
DA:293,0
DA:294,0
DA:295,0
DA:300,0
DA:301,0
DA:302,0
DA:303,0
DA:304,0
DA:305,0
DA:307,0
DA:308,0
DA:309,0
DA:310,0
DA:311,0
DA:312,0
DA:313,0
DA:314,0
DA:315,0
DA:316,0
DA:317,0
DA:318,0
DA:322,0
DA:332,0
DA:344,0
DA:346,0
DA:347,0
DA:350,0
DA:351,0
DA:352,0
DA:354,0
DA:355,0
DA:358,0
DA:359,0
DA:360,0
DA:361,0
DA:362,0
DA:363,0
DA:365,0
DA:366,0
DA:367,0
DA:368,0
DA:369,0
DA:371,0
DA:373,0
DA:374,0
DA:375,0
DA:377,0
DA:380,0
DA:381,0
DA:382,0
DA:383,0
DA:386,0
DA:387,0
DA:392,0
end_of_record
SF:/workspace/vtr-verilog-to-routing/libs/librtlnumber/src/include/internal_bits.hpp
FN:308,_ZN8BitSpaceL13bits_to_hex_cEsb
FNDA:0,_ZN8BitSpaceL13bits_to_hex_cEsb
FN:352,_ZN8BitSpaceL8c_to_bitEc
FNDA:0,_ZN8BitSpaceL8c_to_bitEc
FN:449,_ZN8BitSpace11VerilogBitsC2Emh
FNDA:0,_ZN8BitSpace11VerilogBitsC2Emh
FN:505,_ZN8BitSpace11VerilogBits9to_stringB5cxx11Ebb
FNDA:0,_ZN8BitSpace11VerilogBits9to_stringB5cxx11Ebb
FN:520,_ZN8BitSpace11VerilogBits10to_UstringB5cxx11Eb
FNDA:0,_ZN8BitSpace11VerilogBits10to_UstringB5cxx11Eb
FN:535,_ZN8BitSpace11VerilogBits12to_log2radixB5cxx11Esb
FNDA:0,_ZN8BitSpace11VerilogBits12to_log2radixB5cxx11Esb
FN:554,_ZN8BitSpace11VerilogBits12to_printableB5cxx11Ev
FNDA:0,_ZN8BitSpace11VerilogBits12to_printableB5cxx11Ev
FN:648,_ZN8BitSpace11VerilogBits6resizeEhm
FNDA:0,_ZN8BitSpace11VerilogBits6resizeEhm
FN:765,_ZN7VNumberC2El
FNDA:0,_ZN7VNumberC2El
FN:778,_ZN7VNumber9get_valueEv
FNDA:0,_ZN7VNumber9get_valueEv
FN:812,_ZN7VNumber10to_vstringB5cxx11Ec
FNDA:0,_ZN7VNumber10to_vstringB5cxx11Ec
FN:867,_ZN7VNumber9set_valueERKNSt7__cxx1112basic_stringIcSt11char_traitsIcESaIcEEE
FNDA:0,_ZN7VNumber9set_valueERKNSt7__cxx1112basic_stringIcSt11char_traitsIcESaIcEEE
FN:961,_ZN7VNumber9set_valueEl
FNDA:0,_ZN7VNumber9set_valueEl
FN:972,_ZN7VNumber16get_bit_from_msbEm
FNDA:0,_ZN7VNumber16get_bit_from_msbEm
DA:286,0
DA:287,0
DA:290,0
DA:291,0
DA:292,0
DA:293,0
DA:294,0
DA:295,0
DA:299,0
DA:300,0
DA:303,0
DA:304,0
DA:308,0
DA:309,0
DA:312,0
DA:313,0
DA:314,0
DA:315,0
DA:316,0
DA:317,0
DA:318,0
DA:319,0
DA:320,0
DA:321,0
DA:322,0
DA:323,0
DA:324,0
DA:325,0
DA:326,0
DA:327,0
DA:328,0
DA:329,0
DA:330,0
DA:331,0
DA:332,0
DA:333,0
DA:334,0
DA:335,0
DA:336,0
DA:337,0
DA:338,0
DA:339,0
DA:340,0
DA:341,0
DA:342,0
DA:343,0
DA:346,0
DA:349,0
DA:352,0
DA:353,0
DA:356,0
DA:357,0
DA:358,0
DA:359,0
DA:360,0
DA:361,0
DA:371,0
DA:372,0
DA:373,0
DA:374,0
DA:379,0
DA:380,0
DA:385,0
DA:386,0
DA:387,0
DA:389,0
DA:393,0
DA:394,0
DA:396,0
DA:397,0
DA:399,0
DA:400,0
DA:401,0
DA:403,0
DA:404,0
DA:411,0
DA:413,0
DA:414,0
DA:420,0
DA:430,0
DA:435,0
DA:436,0
DA:449,0
DA:450,0
DA:451,0
DA:453,0
DA:455,0
DA:456,0
DA:458,0
DA:465,0
DA:466,0
DA:473,0
DA:481,0
DA:484,0
DA:492,0
DA:495,0
DA:502,0
DA:505,0
DA:507,0
DA:508,0
DA:509,0
DA:510,0
DA:511,0
DA:513,0
DA:517,0
DA:520,0
DA:522,0
DA:523,0
DA:524,0
DA:525,0
DA:526,0
DA:528,0
DA:532,0
DA:535,0
DA:536,0
DA:539,0
DA:540,0
DA:541,0
DA:543,0
DA:545,0
DA:546,0
DA:551,0
DA:554,0
DA:555,0
DA:557,0
DA:558,0
DA:561,0
DA:565,0
DA:566,0
DA:648,0
DA:652,0
DA:653,0
DA:654,0
DA:656,0
DA:657,0
DA:658,0
DA:660,0
DA:661,0
DA:662,0
DA:668,0
DA:671,0
DA:673,0
DA:675,0
DA:676,0
DA:677,0
DA:680,0
DA:681,0
DA:682,0
DA:685,0
DA:707,0
DA:765,0
DA:766,0
DA:767,0
DA:778,0
DA:779,0
DA:781,0
DA:784,0
DA:785,0
DA:786,0
DA:787,0
DA:790,0
DA:791,0
DA:793,0
DA:794,0
DA:795,0
DA:796,0
DA:798,0
DA:801,0
DA:812,0
DA:813,0
DA:814,0
DA:817,0
DA:822,0
DA:823,0
DA:824,0
DA:825,0
DA:826,0
DA:827,0
DA:828,0
DA:829,0
DA:830,0
DA:831,0
DA:832,0
DA:833,0
DA:834,0
DA:835,0
DA:836,0
DA:837,0
DA:838,0
DA:839,0
DA:840,0
DA:841,0
DA:842,0
DA:843,0
DA:844,0
DA:845,0
DA:846,0
DA:847,0
DA:848,0
DA:850,0
DA:851,0
DA:852,0
DA:854,0
DA:856,0
DA:867,0
DA:868,0
DA:869,0
DA:872,0
DA:877,0
DA:878,0
DA:879,0
DA:880,0
DA:883,0
DA:884,0
DA:887,0
DA:890,0
DA:891,0
DA:893,0
DA:894,0
DA:897,0
DA:898,0
DA:899,0
DA:901,0
DA:902,0
DA:903,0
DA:907,0
DA:908,0
DA:909,0
DA:910,0
DA:913,0
DA:914,0
DA:917,0
DA:918,0
DA:922,0
DA:923,0
DA:924,0
DA:925,0
DA:926,0
DA:927,0
DA:928,0
DA:929,0
DA:930,0
DA:931,0
DA:932,0
DA:934,0
DA:938,0
DA:939,0
DA:944,0
DA:946,0
DA:947,0
DA:948,0
DA:952,0
DA:953,0
DA:954,0
DA:955,0
DA:958,0
DA:961,0
DA:962,0
DA:963,0
DA:965,0
DA:966,0
DA:972,0
DA:973,0
DA:974,0
DA:995,0
DA:996,0
DA:999,0
DA:1000,0
DA:1003,0
DA:1004,0
end_of_record
SF:/usr/include/c++/9/bits/std_function.h
FN:196,_ZNSt14_Function_base13_Base_managerIZ24resolve_binary_operationP10ast_node_tEUllE1_E10_M_managerERSt9_Any_dataRKS5_St18_Manager_operation
FNDA:0,_ZNSt14_Function_base13_Base_managerIZ24resolve_binary_operationP10ast_node_tEUllE1_E10_M_managerERSt9_Any_dataRKS5_St18_Manager_operation
FN:196,_ZNSt14_Function_base13_Base_managerIZ24resolve_binary_operationP10ast_node_tEUllE0_E10_M_managerERSt9_Any_dataRKS5_St18_Manager_operation
FNDA:0,_ZNSt14_Function_base13_Base_managerIZ24resolve_binary_operationP10ast_node_tEUllE0_E10_M_managerERSt9_Any_dataRKS5_St18_Manager_operation
FN:196,_ZNSt14_Function_base13_Base_managerIZ24resolve_binary_operationP10ast_node_tEUllE_E10_M_managerERSt9_Any_dataRKS5_St18_Manager_operation
FNDA:0,_ZNSt14_Function_base13_Base_managerIZ24resolve_binary_operationP10ast_node_tEUllE_E10_M_managerERSt9_Any_dataRKS5_St18_Manager_operation
FN:196,_ZNSt14_Function_base13_Base_managerIZ17resolve_conditionP10ast_node_tS2_PiEUllE_E10_M_managerERSt9_Any_dataRKS6_St18_Manager_operation
FNDA:0,_ZNSt14_Function_base13_Base_managerIZ17resolve_conditionP10ast_node_tS2_PiEUllE_E10_M_managerERSt9_Any_dataRKS6_St18_Manager_operation
FN:196,_ZNSt14_Function_base13_Base_managerIZ17resolve_conditionP10ast_node_tS2_PiEUllE2_E10_M_managerERSt9_Any_dataRKS6_St18_Manager_operation
FNDA:0,_ZNSt14_Function_base13_Base_managerIZ17resolve_conditionP10ast_node_tS2_PiEUllE2_E10_M_managerERSt9_Any_dataRKS6_St18_Manager_operation
FN:196,_ZNSt14_Function_base13_Base_managerIZ17resolve_conditionP10ast_node_tS2_PiEUllE1_E10_M_managerERSt9_Any_dataRKS6_St18_Manager_operation
FNDA:0,_ZNSt14_Function_base13_Base_managerIZ17resolve_conditionP10ast_node_tS2_PiEUllE1_E10_M_managerERSt9_Any_dataRKS6_St18_Manager_operation
FN:196,_ZNSt14_Function_base13_Base_managerIZ17resolve_conditionP10ast_node_tS2_PiEUllE0_E10_M_managerERSt9_Any_dataRKS6_St18_Manager_operation
FNDA:0,_ZNSt14_Function_base13_Base_managerIZ17resolve_conditionP10ast_node_tS2_PiEUllE0_E10_M_managerERSt9_Any_dataRKS6_St18_Manager_operation
FN:283,_ZNSt17_Function_handlerIFllEZ24resolve_binary_operationP10ast_node_tEUllE1_E9_M_invokeERKSt9_Any_dataOl
FNDA:0,_ZNSt17_Function_handlerIFllEZ24resolve_binary_operationP10ast_node_tEUllE1_E9_M_invokeERKSt9_Any_dataOl
FN:283,_ZNSt17_Function_handlerIFblEZ17resolve_conditionP10ast_node_tS2_PiEUllE_E9_M_invokeERKSt9_Any_dataOl
FNDA:0,_ZNSt17_Function_handlerIFblEZ17resolve_conditionP10ast_node_tS2_PiEUllE_E9_M_invokeERKSt9_Any_dataOl
FN:283,_ZNSt17_Function_handlerIFblEZ17resolve_conditionP10ast_node_tS2_PiEUllE0_E9_M_invokeERKSt9_Any_dataOl
FNDA:0,_ZNSt17_Function_handlerIFblEZ17resolve_conditionP10ast_node_tS2_PiEUllE0_E9_M_invokeERKSt9_Any_dataOl
FN:283,_ZNSt17_Function_handlerIFblEZ17resolve_conditionP10ast_node_tS2_PiEUllE1_E9_M_invokeERKSt9_Any_dataOl
FNDA:0,_ZNSt17_Function_handlerIFblEZ17resolve_conditionP10ast_node_tS2_PiEUllE1_E9_M_invokeERKSt9_Any_dataOl
FN:283,_ZNSt17_Function_handlerIFblEZ17resolve_conditionP10ast_node_tS2_PiEUllE2_E9_M_invokeERKSt9_Any_dataOl
FNDA:0,_ZNSt17_Function_handlerIFblEZ17resolve_conditionP10ast_node_tS2_PiEUllE2_E9_M_invokeERKSt9_Any_dataOl
FN:283,_ZNSt17_Function_handlerIFllEZ24resolve_binary_operationP10ast_node_tEUllE_E9_M_invokeERKSt9_Any_dataOl
FNDA:0,_ZNSt17_Function_handlerIFllEZ24resolve_binary_operationP10ast_node_tEUllE_E9_M_invokeERKSt9_Any_dataOl
FN:283,_ZNSt17_Function_handlerIFllEZ24resolve_binary_operationP10ast_node_tEUllE0_E9_M_invokeERKSt9_Any_dataOl
FNDA:0,_ZNSt17_Function_handlerIFllEZ24resolve_binary_operationP10ast_node_tEUllE0_E9_M_invokeERKSt9_Any_dataOl
FN:480,_ZNSt8functionIFblEEaSEOS1_
FNDA:0,_ZNSt8functionIFblEEaSEOS1_
FN:653,_ZNSt8functionIFblEEC2ERKS1_
FNDA:0,_ZNSt8functionIFblEEC2ERKS1_
FN:667,_ZNSt8functionIFblEEC2IZ17resolve_conditionP10ast_node_tS4_PiEUllE1_vvEET_
FNDA:0,_ZNSt8functionIFblEEC2IZ17resolve_conditionP10ast_node_tS4_PiEUllE1_vvEET_
FN:667,_ZNSt8functionIFblEEC2IZ17resolve_conditionP10ast_node_tS4_PiEUllE0_vvEET_
FNDA:0,_ZNSt8functionIFblEEC2IZ17resolve_conditionP10ast_node_tS4_PiEUllE0_vvEET_
FN:667,_ZNSt8functionIFblEEC2IZ17resolve_conditionP10ast_node_tS4_PiEUllE_vvEET_
FNDA:0,_ZNSt8functionIFblEEC2IZ17resolve_conditionP10ast_node_tS4_PiEUllE_vvEET_
DA:87,0
DA:88,0
DA:92,0
DA:93,0
DA:97,0
DA:98,0
DA:151,0
DA:155,0
DA:156,0
DA:159,0
DA:165,0
DA:167,0
DA:168,0
DA:182,0
DA:184,0
DA:185,0
DA:196,0
DA:199,0
DA:202,0
DA:203,0
DA:204,0
DA:206,0
DA:207,0
DA:208,0
DA:211,0
DA:215,0
DA:218,0
DA:196,0
DA:199,0
DA:202,0
DA:203,0
DA:204,0
DA:206,0
DA:207,0
DA:208,0
DA:215,0
DA:218,0
DA:196,0
DA:199,0
DA:202,0
DA:203,0
DA:204,0
DA:206,0
DA:207,0
DA:208,0
DA:211,0
DA:215,0
DA:218,0
DA:196,0
DA:199,0
DA:202,0
DA:203,0
DA:204,0
DA:206,0
DA:207,0
DA:208,0
DA:211,0
DA:215,0
DA:218,0
DA:196,0
DA:199,0
DA:202,0
DA:203,0
DA:204,0
DA:206,0
DA:207,0
DA:208,0
DA:210,0
DA:211,0
DA:214,0
DA:215,0
DA:216,0
DA:218,0
DA:196,0
DA:199,0
DA:202,0
DA:203,0
DA:204,0
DA:206,0
DA:207,0
DA:208,0
DA:210,0
DA:211,0
DA:214,0
DA:215,0
DA:216,0
DA:218,0
DA:196,0
DA:199,0
DA:202,0
DA:203,0
DA:204,0
DA:206,0
DA:207,0
DA:208,0
DA:210,0
DA:211,0
DA:214,0
DA:215,0
DA:216,0
DA:218,0
DA:222,0
DA:223,0
DA:242,0
DA:247,0
DA:248,0
DA:251,0
DA:252,0
DA:255,0
DA:257,0
DA:258,0
DA:259,0
DA:260,0
DA:263,0
DA:283,0
DA:285,0
DA:286,0
DA:283,0
DA:285,0
DA:286,0
DA:283,0
DA:285,0
DA:286,0
DA:283,0
DA:285,0
DA:286,0
DA:283,0
DA:285,0
DA:286,0
DA:283,0
DA:285,0
DA:286,0
DA:283,0
DA:285,0
DA:286,0
DA:369,0
DA:403,0
DA:404,0
DA:423,0
DA:425,0
DA:480,0
DA:482,0
DA:483,0
DA:547,0
DA:549,0
DA:550,0
DA:551,0
DA:564,0
DA:565,0
DA:653,0
DA:655,0
DA:657,0
DA:659,0
DA:660,0
DA:661,0
DA:663,0
DA:667,0
DA:669,0
DA:673,0
DA:675,0
DA:676,0
DA:677,0
DA:679,0
DA:667,0
DA:669,0
DA:673,0
DA:675,0
DA:676,0
DA:677,0
DA:679,0
DA:667,0
DA:669,0
DA:673,0
DA:675,0
DA:676,0
DA:677,0
DA:679,0
DA:667,0
DA:669,0
DA:673,0
DA:675,0
DA:676,0
DA:677,0
DA:679,0
DA:683,0
DA:686,0
DA:687,0
DA:688,0
end_of_record
SF:/usr/include/c++/9/bits/predefined_ops.h
DA:234,0
DA:240,0
DA:241,0
DA:246,0
DA:247,0
end_of_record
SF:/usr/include/c++/9/bits/basic_string.tcc
FN:206,_ZNSt7__cxx1112basic_stringIcSt11char_traitsIcESaIcEE12_M_constructIPcEEvT_S7_St20forward_iterator_tag
FNDA:0,_ZNSt7__cxx1112basic_stringIcSt11char_traitsIcESaIcEE12_M_constructIPcEEvT_S7_St20forward_iterator_tag
FN:206,_ZNSt7__cxx1112basic_stringIcSt11char_traitsIcESaIcEE12_M_constructIPKcEEvT_S8_St20forward_iterator_tag
FNDA:0,_ZNSt7__cxx1112basic_stringIcSt11char_traitsIcESaIcEE12_M_constructIPKcEEvT_S8_St20forward_iterator_tag
FN:1158,_ZStplIcSt11char_traitsIcESaIcEENSt7__cxx1112basic_stringIT_T0_T1_EEPKS5_RKS8_
FNDA:0,_ZStplIcSt11char_traitsIcESaIcEENSt7__cxx1112basic_stringIT_T0_T1_EEPKS5_RKS8_
DA:206,0
DA:211,0
DA:212,0
DA:215,0
DA:217,0
DA:219,0
DA:220,0
DA:225,0
DA:232,0
DA:233,0
DA:206,0
DA:211,0
DA:212,0
DA:215,0
DA:217,0
DA:219,0
DA:220,0
DA:225,0
DA:232,0
DA:233,0
DA:1158,0
DA:1164,0
DA:1165,0
DA:1166,0
DA:1167,0
DA:1168,0
DA:1169,0
end_of_record
SF:/usr/include/c++/9/bits/basic_string.h
FN:6057,_ZStplIcSt11char_traitsIcESaIcEENSt7__cxx1112basic_stringIT_T0_T1_EERKS8_PKS5_
FNDA:0,_ZStplIcSt11char_traitsIcESaIcEENSt7__cxx1112basic_stringIT_T0_T1_EERKS8_PKS5_
FN:6091,_ZStplIcSt11char_traitsIcESaIcEENSt7__cxx1112basic_stringIT_T0_T1_EERKS8_OS8_
FNDA:0,_ZStplIcSt11char_traitsIcESaIcEENSt7__cxx1112basic_stringIT_T0_T1_EERKS8_OS8_
FN:6097,_ZStplIcSt11char_traitsIcESaIcEENSt7__cxx1112basic_stringIT_T0_T1_EEOS8_S9_
FNDA:0,_ZStplIcSt11char_traitsIcESaIcEENSt7__cxx1112basic_stringIT_T0_T1_EEOS8_S9_
FN:6109,_ZStplIcSt11char_traitsIcESaIcEENSt7__cxx1112basic_stringIT_T0_T1_EEPKS5_OS8_
FNDA:0,_ZStplIcSt11char_traitsIcESaIcEENSt7__cxx1112basic_stringIT_T0_T1_EEPKS5_OS8_
FN:6121,_ZStplIcSt11char_traitsIcESaIcEENSt7__cxx1112basic_stringIT_T0_T1_EEOS8_PKS5_
FNDA:0,_ZStplIcSt11char_traitsIcESaIcEENSt7__cxx1112basic_stringIT_T0_T1_EEOS8_PKS5_
DA:150,0
DA:156,0
DA:157,0
DA:159,0
DA:160,0
DA:178,0
DA:179,0
DA:182,0
DA:183,0
DA:186,0
DA:190,0
DA:193,0
DA:200,0
DA:203,0
DA:210,0
DA:211,0
DA:214,0
DA:216,0
DA:217,0
DA:221,0
DA:222,0
DA:229,0
DA:231,0
DA:232,0
DA:236,0
DA:237,0
DA:243,0
DA:247,0
DA:263,0
DA:266,0
DA:286,0
DA:287,0
DA:290,0
DA:291,0
DA:346,0
DA:348,0
DA:349,0
DA:351,0
DA:392,0
DA:393,0
DA:396,0
DA:398,0
DA:431,0
DA:433,0
DA:434,0
DA:448,0
DA:450,0
DA:451,0
DA:540,0
DA:541,0
DA:542,0
DA:552,0
DA:553,0
DA:555,0
DA:557,0
DA:562,0
DA:563,0
DA:569,0
DA:570,0
DA:571,0
DA:625,0
DA:627,0
DA:628,0
DA:657,0
DA:658,0
DA:826,0
DA:827,0
DA:842,0
DA:843,0
DA:930,0
DA:936,0
DA:993,0
DA:995,0
DA:1063,0
DA:1070,0
DA:1143,0
DA:1146,0
DA:1221,0
DA:1222,0
DA:1639,0
DA:1641,0
DA:1864,0
DA:1867,0
DA:2300,0
DA:2301,0
DA:2312,0
DA:2313,0
DA:2393,0
DA:2396,0
DA:6057,0
DA:6060,0
DA:6061,0
DA:6062,0
DA:6091,0
DA:6093,0
DA:6097,0
DA:6100,0
DA:6101,0
DA:6102,0
DA:6103,0
DA:6104,0
DA:6109,0
DA:6111,0
DA:6121,0
DA:6123,0
DA:6416,0
DA:6421,0
DA:6546,0
DA:6547,0
DA:6548,0
DA:6557,0
DA:6558,0
DA:6559,0
end_of_record
SF:/usr/include/c++/9/bits/stl_iterator.h
DA:806,0
DA:811,0
DA:815,0
DA:819,0
DA:827,0
DA:829,0
DA:830,0
DA:871,0
DA:893,0
DA:896,0
DA:907,0
DA:910,0
DA:989,0
DA:992,0
end_of_record
SF:/usr/include/c++/9/bits/stl_construct.h
DA:117,0
DA:127,0
DA:137,0
DA:203,0
DA:206,0
end_of_record
SF:/usr/include/c++/9/bits/stl_algo.h
FN:112,_ZSt9__find_ifIN9__gnu_cxx17__normal_iteratorIPcNSt7__cxx1112basic_stringIcSt11char_traitsIcESaIcEEEEENS0_5__ops16_Iter_equals_valIKcEEET_SE_SE_T0_St26random_access_iterator_tag
FNDA:0,_ZSt9__find_ifIN9__gnu_cxx17__normal_iteratorIPcNSt7__cxx1112basic_stringIcSt11char_traitsIcESaIcEEEEENS0_5__ops16_Iter_equals_valIKcEEET_SE_SE_T0_St26random_access_iterator_tag
FN:860,_ZSt11__remove_ifIN9__gnu_cxx17__normal_iteratorIPcNSt7__cxx1112basic_stringIcSt11char_traitsIcESaIcEEEEENS0_5__ops16_Iter_equals_valIKcEEET_SE_SE_T0_
FNDA:0,_ZSt11__remove_ifIN9__gnu_cxx17__normal_iteratorIPcNSt7__cxx1112basic_stringIcSt11char_traitsIcESaIcEEEEENS0_5__ops16_Iter_equals_valIKcEEET_SE_SE_T0_
DA:112,0
DA:116,0
DA:118,0
DA:120,0
DA:121,0
DA:122,0
DA:124,0
DA:125,0
DA:126,0
DA:128,0
DA:129,0
DA:130,0
DA:132,0
DA:133,0
DA:134,0
DA:137,0
DA:139,0
DA:140,0
DA:141,0
DA:142,0
DA:143,0
DA:144,0
DA:145,0
DA:146,0
DA:147,0
DA:148,0
DA:149,0
DA:150,0
DA:151,0
DA:153,0
DA:159,0
DA:161,0
DA:860,0
DA:863,0
DA:864,0
DA:865,0
DA:866,0
DA:867,0
DA:868,0
DA:869,0
DA:871,0
DA:872,0
DA:874,0
DA:896,0
DA:906,0
end_of_record
SF:/usr/include/c++/9/bits/stl_algobase.h
DA:198,0
DA:222,0
DA:227,0
DA:228,0
end_of_record
SF:/usr/include/c++/9/ext/type_traits.h
DA:152,0
end_of_record
SF:/usr/include/c++/9/bits/alloc_traits.h
DA:469,0
DA:470,0
DA:482,0
DA:484,0
DA:495,0
DA:497,0
DA:505,0
DA:506,0
DA:514,0
DA:515,0
DA:545,0
DA:546,0
DA:553,0
DA:557,0
end_of_record
SF:/usr/include/c++/9/bits/ptr_traits.h
DA:146,0
DA:147,0
end_of_record
SF:/workspace/vtr-verilog-to-routing/libs/librtlnumber/src/include/rtl_utils.hpp
FN:46,_Z12_assert_WerrbPKciNSt7__cxx1112basic_stringIcSt11char_traitsIcESaIcEEE
FNDA:0,_Z12_assert_WerrbPKciNSt7__cxx1112basic_stringIcSt11char_traitsIcESaIcEEE
DA:46,0
DA:47,0
DA:48,0
DA:49,0
DA:50,0
DA:51,0
DA:53,0
end_of_record
SF:/usr/include/c++/9/bits/stl_iterator_base_funcs.h
DA:98,0
DA:104,0
DA:138,0
DA:141,0
end_of_record
SF:/usr/include/c++/9/bits/vector.tcc
FN:109,_ZNSt6vectorIN8BitSpace9BitFieldsItEESaIS2_EE12emplace_backIJS2_EEEvDpOT_
FNDA:0,_ZNSt6vectorIN8BitSpace9BitFieldsItEESaIS2_EE12emplace_backIJS2_EEEvDpOT_
FN:426,_ZNSt6vectorIN8BitSpace9BitFieldsItEESaIS2_EE17_M_realloc_insertIJS2_EEEvN9__gnu_cxx17__normal_iteratorIPS2_S4_EEDpOT_
FNDA:0,_ZNSt6vectorIN8BitSpace9BitFieldsItEESaIS2_EE17_M_realloc_insertIJS2_EEEvN9__gnu_cxx17__normal_iteratorIPS2_S4_EEDpOT_
DA:109,0
DA:112,0
DA:115,0
DA:117,0
DA:121,0
DA:125,0
DA:426,0
DA:435,0
DA:437,0
DA:438,0
DA:439,0
DA:440,0
DA:441,0
DA:449,0
DA:450,0
DA:456,0
DA:461,0
DA:462,0
DA:464,0
DA:466,0
DA:467,0
DA:500,0
DA:501,0
DA:502,0
DA:503,0
DA:504,0
DA:505,0
end_of_record
SF:/usr/include/c++/9/new
DA:173,0
DA:174,0
end_of_record
SF:/workspace/vtr-verilog-to-routing/ODIN_II/SRC/include/ast_loop_unroll.h
DA:20,0
DA:21,0
DA:25,0
DA:26,0
end_of_record
SF:/usr/include/c++/9/bits/move.h
DA:47,0
DA:74,0
DA:99,0
DA:138,0
DA:139,0
DA:182,0
DA:193,0
DA:194,0
DA:195,0
end_of_record
SF:/usr/include/c++/9/bits/stl_vector.h
FN:1753,_ZNKSt6vectorIN8BitSpace9BitFieldsItEESaIS2_EE12_M_check_lenEmPKc
FNDA:0,_ZNKSt6vectorIN8BitSpace9BitFieldsItEESaIS2_EE12_M_check_lenEmPKc
DA:94,0
DA:95,0
DA:106,0
DA:108,0
DA:109,0
DA:110,0
DA:114,0
DA:118,0
DA:119,0
DA:120,0
DA:121,0
DA:125,0
DA:128,0
DA:130,0
DA:133,0
DA:134,0
DA:273,0
DA:274,0
DA:277,0
DA:278,0
DA:281,0
DA:282,0
DA:285,0
DA:290,0
DA:291,0
DA:330,0
DA:332,0
DA:333,0
DA:334,0
DA:347,0
DA:350,0
DA:351,0
DA:453,0
DA:462,0
DA:466,0
DA:484,0
DA:494,0
DA:495,0
DA:675,0
DA:677,0
DA:678,0
DA:680,0
DA:706,0
DA:708,0
DA:711,0
DA:808,0
DA:809,0
DA:826,0
DA:827,0
DA:915,0
DA:916,0
DA:920,0
DA:921,0
DA:1040,0
DA:1043,0
DA:1200,0
DA:1201,0
DA:1753,0
DA:1755,0
DA:1756,0
DA:1758,0
DA:1759,0
DA:1773,0
DA:1780,0
DA:1781,0
DA:1812,0
DA:1814,0
DA:1815,0
DA:1816,0
DA:1817,0
end_of_record
TN:
SF:/usr/include/c++/9/bits/stl_iterator_base_funcs.h
DA:98,0
DA:104,0
DA:138,0
DA:141,0
end_of_record
SF:/usr/include/c++/9/bits/vector.tcc
FN:109,_ZNSt6vectorIN8BitSpace9BitFieldsItEESaIS2_EE12emplace_backIJS2_EEEvDpOT_
FNDA:0,_ZNSt6vectorIN8BitSpace9BitFieldsItEESaIS2_EE12emplace_backIJS2_EEEvDpOT_
FN:198,_ZNSt6vectorIN8BitSpace9BitFieldsItEESaIS2_EEaSERKS4_
FNDA:0,_ZNSt6vectorIN8BitSpace9BitFieldsItEESaIS2_EEaSERKS4_
FN:426,_ZNSt6vectorIN8BitSpace9BitFieldsItEESaIS2_EE17_M_realloc_insertIJS2_EEEvN9__gnu_cxx17__normal_iteratorIPS2_S4_EEDpOT_
FNDA:0,_ZNSt6vectorIN8BitSpace9BitFieldsItEESaIS2_EE17_M_realloc_insertIJS2_EEEvN9__gnu_cxx17__normal_iteratorIPS2_S4_EEDpOT_
DA:109,0
DA:112,0
DA:115,0
DA:117,0
DA:121,0
DA:125,0
DA:198,0
DA:201,0
DA:223,0
DA:224,0
DA:226,0
DA:228,0
DA:229,0
DA:230,0
DA:231,0
DA:232,0
DA:233,0
DA:234,0
DA:236,0
DA:238,0
DA:239,0
DA:243,0
DA:245,0
DA:246,0
DA:248,0
DA:250,0
DA:252,0
DA:426,0
DA:435,0
DA:437,0
DA:438,0
DA:439,0
DA:440,0
DA:441,0
DA:449,0
DA:450,0
DA:456,0
DA:461,0
DA:462,0
DA:464,0
DA:466,0
DA:467,0
DA:500,0
DA:501,0
DA:502,0
DA:503,0
DA:504,0
DA:505,0
end_of_record
SF:/usr/include/c++/9/bits/ptr_traits.h
DA:146,0
DA:147,0
end_of_record
SF:/workspace/vtr-verilog-to-routing/libs/librtlnumber/src/include/rtl_utils.hpp
FN:46,_Z12_assert_WerrbPKciNSt7__cxx1112basic_stringIcSt11char_traitsIcESaIcEEE
FNDA:0,_Z12_assert_WerrbPKciNSt7__cxx1112basic_stringIcSt11char_traitsIcESaIcEEE
DA:46,0
DA:47,0
DA:48,0
DA:49,0
DA:50,0
DA:51,0
DA:53,0
end_of_record
SF:/usr/include/c++/9/cmath
DA:415,0
DA:418,0
end_of_record
SF:/usr/include/c++/9/ext/type_traits.h
DA:152,0
end_of_record
SF:/usr/include/c++/9/bits/alloc_traits.h
DA:469,0
DA:470,0
DA:482,0
DA:484,0
DA:495,0
DA:497,0
DA:505,0
DA:506,0
DA:514,0
DA:515,0
DA:545,0
DA:546,0
DA:553,0
DA:557,0
end_of_record
SF:/workspace/vtr-verilog-to-routing/libs/EXTERNAL/libargparse/src/argparse_value.hpp
DA:53,0
end_of_record
SF:/usr/include/c++/9/bits/stl_algobase.h
DA:198,0
DA:222,0
DA:227,0
DA:228,0
DA:280,0
DA:289,0
DA:290,0
DA:295,0
DA:375,0
DA:384,0
DA:385,0
DA:386,0
DA:387,0
DA:393,0
DA:398,0
DA:404,0
DA:438,0
DA:440,0
DA:465,0
DA:474,0
end_of_record
SF:/usr/include/c++/9/bits/std_abs.h
DA:56,0
end_of_record
SF:/usr/include/c++/9/bits/stl_algo.h
FN:112,_ZSt9__find_ifIN9__gnu_cxx17__normal_iteratorIPcNSt7__cxx1112basic_stringIcSt11char_traitsIcESaIcEEEEENS0_5__ops16_Iter_equals_valIKcEEET_SE_SE_T0_St26random_access_iterator_tag
FNDA:0,_ZSt9__find_ifIN9__gnu_cxx17__normal_iteratorIPcNSt7__cxx1112basic_stringIcSt11char_traitsIcESaIcEEEEENS0_5__ops16_Iter_equals_valIKcEEET_SE_SE_T0_St26random_access_iterator_tag
FN:860,_ZSt11__remove_ifIN9__gnu_cxx17__normal_iteratorIPcNSt7__cxx1112basic_stringIcSt11char_traitsIcESaIcEEEEENS0_5__ops16_Iter_equals_valIKcEEET_SE_SE_T0_
FNDA:0,_ZSt11__remove_ifIN9__gnu_cxx17__normal_iteratorIPcNSt7__cxx1112basic_stringIcSt11char_traitsIcESaIcEEEEENS0_5__ops16_Iter_equals_valIKcEEET_SE_SE_T0_
DA:112,0
DA:116,0
DA:118,0
DA:120,0
DA:121,0
DA:122,0
DA:124,0
DA:125,0
DA:126,0
DA:128,0
DA:129,0
DA:130,0
DA:132,0
DA:133,0
DA:134,0
DA:137,0
DA:139,0
DA:140,0
DA:141,0
DA:142,0
DA:143,0
DA:144,0
DA:145,0
DA:146,0
DA:147,0
DA:148,0
DA:149,0
DA:150,0
DA:151,0
DA:153,0
DA:159,0
DA:161,0
DA:860,0
DA:863,0
DA:864,0
DA:865,0
DA:866,0
DA:867,0
DA:868,0
DA:869,0
DA:871,0
DA:872,0
DA:874,0
DA:896,0
DA:906,0
end_of_record
SF:/usr/include/c++/9/bits/stl_construct.h
DA:74,0
DA:75,0
DA:117,0
DA:127,0
DA:137,0
DA:203,0
DA:206,0
end_of_record
SF:/usr/include/c++/9/bits/stl_iterator.h
DA:806,0
DA:811,0
DA:815,0
DA:819,0
DA:827,0
DA:829,0
DA:830,0
DA:859,0
DA:860,0
DA:871,0
DA:893,0
DA:896,0
DA:907,0
DA:910,0
DA:989,0
DA:992,0
DA:1010,0
DA:1012,0
end_of_record
SF:/usr/include/c++/9/bits/stl_vector.h
FN:622,_ZNSt6vectorIP10ast_node_tSaIS1_EEC2ESt16initializer_listIS1_ERKS2_
FNDA:0,_ZNSt6vectorIP10ast_node_tSaIS1_EEC2ESt16initializer_listIS1_ERKS2_
FN:1753,_ZNKSt6vectorIN8BitSpace9BitFieldsItEESaIS2_EE12_M_check_lenEmPKc
FNDA:0,_ZNKSt6vectorIN8BitSpace9BitFieldsItEESaIS2_EE12_M_check_lenEmPKc
DA:94,0
DA:95,0
DA:106,0
DA:108,0
DA:109,0
DA:110,0
DA:114,0
DA:118,0
DA:119,0
DA:120,0
DA:121,0
DA:125,0
DA:128,0
DA:130,0
DA:133,0
DA:134,0
DA:273,0
DA:274,0
DA:277,0
DA:278,0
DA:281,0
DA:282,0
DA:285,0
DA:290,0
DA:291,0
DA:330,0
DA:332,0
DA:333,0
DA:334,0
DA:347,0
DA:350,0
DA:351,0
DA:453,0
DA:462,0
DA:466,0
DA:484,0
DA:494,0
DA:495,0
DA:622,0
DA:624,0
DA:626,0
DA:628,0
DA:675,0
DA:677,0
DA:678,0
DA:680,0
DA:706,0
DA:708,0
DA:711,0
DA:808,0
DA:809,0
DA:817,0
DA:818,0
DA:826,0
DA:827,0
DA:835,0
DA:836,0
DA:915,0
DA:916,0
DA:920,0
DA:921,0
DA:995,0
DA:997,0
DA:1040,0
DA:1043,0
DA:1200,0
DA:1201,0
DA:1505,0
DA:1508,0
DA:1511,0
DA:1512,0
DA:1753,0
DA:1755,0
DA:1756,0
DA:1758,0
DA:1759,0
DA:1773,0
DA:1780,0
DA:1781,0
DA:1812,0
DA:1814,0
DA:1815,0
DA:1816,0
DA:1817,0
end_of_record
SF:/usr/include/c++/9/bits/move.h
DA:47,0
DA:74,0
DA:99,0
DA:138,0
DA:139,0
end_of_record
SF:/usr/include/c++/9/new
DA:173,0
DA:174,0
end_of_record
[...]
DA:813,0
DA:814,0
DA:815,0
DA:817,0
DA:820,0
DA:821,0
DA:822,0
DA:823,0
DA:824,0
DA:825,0
DA:826,0
DA:828,0
DA:830,0
DA:835,0
DA:836,0
DA:837,0
DA:838,0
DA:840,0
DA:843,0
DA:844,0
DA:845,0
DA:846,0
DA:847,0
DA:848,0
DA:849,0
DA:850,0
DA:851,0
DA:853,0
DA:855,0
DA:860,0
DA:861,0
DA:862,0
DA:863,0
DA:865,0
DA:868,0
DA:869,0
DA:870,0
DA:872,0
DA:873,0
DA:874,0
DA:876,0
DA:877,0
DA:878,0
DA:879,0
DA:881,0
DA:885,0
DA:886,0
DA:887,0
DA:889,0
DA:890,0
DA:891,0
DA:893,0
DA:894,0
DA:895,0
DA:896,0
DA:898,0
DA:902,0
DA:903,0
DA:904,0
DA:906,0
DA:907,0
DA:908,0
DA:910,0
DA:911,0
DA:912,0
DA:913,0
DA:914,0
DA:915,0
DA:916,0
DA:917,0
DA:919,0
DA:923,0
DA:924,0
DA:925,0
DA:927,0
DA:928,0
DA:929,0
DA:931,0
DA:932,0
DA:933,0
DA:934,0
DA:935,0
DA:936,0
DA:938,0
DA:942,0
DA:943,0
DA:944,0
DA:945,0
DA:946,0
DA:947,0
DA:948,0
DA:949,0
DA:950,0
DA:952,0
DA:955,0
DA:956,0
DA:959,0
DA:960,0
DA:961,0
DA:962,0
DA:964,0
DA:967,0
DA:968,0
DA:969,0
DA:970,0
DA:971,0
DA:972,0
DA:973,0
DA:974,0
DA:975,0
DA:977,0
DA:981,0
DA:983,0
DA:984,0
DA:985,0
DA:986,0
DA:988,0
DA:991,0
DA:992,0
DA:994,0
DA:996,0
DA:997,0
DA:998,0
DA:999,0
DA:1001,0
DA:1004,0
DA:1005,0
DA:1007,0
DA:1010,0
DA:1011,0
DA:1012,0
DA:1013,0
DA:1014,0
DA:1017,0
DA:1018,0
DA:1019,0
DA:1021,0
DA:1024,0
DA:1025,0
DA:1026,0
DA:1029,0
DA:1030,0
DA:1034,0
DA:1036,0
DA:1037,0
DA:1038,0
DA:1040,0
DA:1041,0
DA:1042,0
DA:1044,0
DA:1049,0
DA:1050,0
DA:1051,0
DA:1052,0
DA:1053,0
DA:1054,0
DA:1055,0
DA:1056,0
DA:1057,0
DA:1058,0
DA:1059,0
DA:1060,0
DA:1063,0
DA:1064,0
DA:1065,0
DA:1066,0
DA:1067,0
DA:1068,0
DA:1069,0
DA:1070,0
DA:1071,0
DA:1072,0
DA:1073,0
DA:1074,0
DA:1075,0
DA:1076,0
DA:1077,0
DA:1078,0
DA:1080,0
DA:1083,0
DA:1084,0
DA:1085,0
DA:1086,0
DA:1087,0
DA:1088,0
DA:1089,0
DA:1090,0
DA:1091,0
DA:1092,0
DA:1093,0
DA:1094,0
DA:1095,0
DA:1096,0
DA:1097,0
DA:1098,0
DA:1101,0
DA:1102,0
DA:1103,0
DA:1107,0
DA:1108,0
DA:1111,0
DA:1112,0
DA:1113,0
DA:1116,0
DA:1117,0
DA:1118,0
DA:1119,0
DA:1124,0
DA:1129,0
DA:1135,0
DA:1136,0
DA:1137,0
DA:1138,0
DA:1139,0
DA:1141,0
DA:1159,0
DA:1161,0
DA:1164,0
DA:1170,0
DA:1172,0
DA:1175,0
DA:1183,0
DA:1184,0
DA:1185,0
DA:1186,0
DA:1187,0
DA:1188,0
DA:1189,0
DA:1190,0
DA:1195,0
DA:1196,0
DA:1197,0
DA:1198,0
DA:1200,0
DA:1212,0
DA:1213,0
DA:1214,0
DA:1218,0
DA:1219,0
DA:1220,0
DA:1221,0
DA:1224,0
DA:1225,0
DA:1226,0
DA:1227,0
DA:1228,0
DA:1229,0
DA:1232,0
DA:1233,0
DA:1234,0
DA:1237,0
DA:1238,0
DA:1244,0
DA:1245,0
DA:1253,0
DA:1254,0
DA:1255,0
DA:1256,0
DA:1257,0
DA:1258,0
DA:1259,0
DA:1262,0
DA:1263,0
DA:1264,0
DA:1269,0
DA:1270,0
DA:1271,0
DA:1272,0
DA:1274,0
DA:1286,0
DA:1287,0
DA:1288,0
DA:1292,0
DA:1293,0
DA:1294,0
DA:1295,0
DA:1298,0
DA:1299,0
DA:1300,0
DA:1301,0
DA:1302,0
DA:1303,0
DA:1306,0
DA:1307,0
DA:1308,0
DA:1311,0
DA:1312,0
DA:1318,0
DA:1319,0
DA:1332,0
DA:1334,0
DA:1335,0
DA:1338,0
DA:1341,0
DA:1342,0
DA:1343,0
DA:1346,0
DA:1348,0
DA:1349,0
DA:1350,0
DA:1352,0
DA:1362,0
DA:1363,0
DA:1364,0
DA:1365,0
DA:1366,0
DA:1368,0
DA:1369,0
DA:1374,0
DA:1375,0
DA:1376,0
DA:1379,0
DA:1380,0
DA:1381,0
DA:1383,0
DA:1389,0
DA:1390,0
DA:1391,0
DA:1393,0
DA:1399,0
DA:1400,0
DA:1402,0
DA:1403,0
DA:1404,0
DA:1405,0
DA:1406,0
DA:1408,0
DA:1409,0
DA:1410,0
DA:1415,0
DA:1416,0
DA:1417,0
DA:1418,0
DA:1420,0
DA:1423,0
DA:1424,0
DA:1425,0
DA:1426,0
DA:1427,0
DA:1428,0
DA:1429,0
DA:1431,0
DA:1433,0
DA:1434,0
DA:1440,0
DA:1441,0
DA:1445,0
DA:1446,0
DA:1447,0
DA:1450,0
DA:1453,0
DA:1458,0
DA:1459,0
DA:1461,0
DA:1464,0
DA:1465,0
DA:1467,0
DA:1468,0
DA:1474,0
DA:1476,0
DA:1479,0
DA:1480,0
DA:1481,0
DA:1484,0
DA:1485,0
DA:1487,0
DA:1488,0
DA:1490,0
DA:1491,0
DA:1494,0
DA:1496,0
DA:1498,0
DA:1499,0
DA:1502,0
DA:1504,0
DA:1506,0
DA:1507,0
DA:1508,0
DA:1511,0
DA:1513,0
DA:1514,0
DA:1515,0
DA:1519,0
DA:1520,0
DA:1522,0
DA:1524,0
DA:1525,0
DA:1527,0
DA:1528,0
DA:1534,0
DA:1539,0
DA:1540,0
DA:1541,0
DA:1543,0
DA:1544,0
DA:1545,0
DA:1546,0
DA:1547,0
DA:1553,0
DA:1554,0
DA:1555,0
DA:1557,0
DA:1558,0
DA:1560,0
DA:1561,0
DA:1563,0
DA:1564,0
DA:1566,0
DA:1568,0
DA:1569,0
DA:1571,0
DA:1572,0
DA:1573,0
DA:1575,0
DA:1578,0
DA:1579,0
DA:1580,0
DA:1582,0
DA:1583,0
DA:1584,0
DA:1588,0
DA:1590,0
DA:1591,0
DA:1592,0
DA:1593,0
DA:1596,0
DA:1600,0
DA:1603,0
DA:1604,0
DA:1605,0
DA:1607,0
DA:1609,0
DA:1610,0
DA:1612,0
DA:1623,0
DA:1624,0
DA:1625,0
DA:1627,0
DA:1628,0
DA:1629,0
DA:1631,0
DA:1632,0
DA:1635,0
DA:1636,0
DA:1637,0
DA:1638,0
DA:1641,0
DA:1763,0
DA:1764,0
DA:1765,0
DA:1767,0
DA:1768,0
DA:1769,0
DA:1770,0
DA:1771,0
DA:1777,0
DA:1778,0
DA:1779,0
DA:1781,0
DA:1782,0
DA:1784,0
DA:1785,0
DA:1787,0
DA:1788,0
DA:1789,0
DA:1791,0
DA:1793,0
DA:1795,0
DA:1796,0
DA:1798,0
DA:1800,0
DA:1801,0
DA:1802,0
DA:1804,0
DA:1838,0
DA:1839,0
DA:1840,0
DA:1841,0
DA:1842,0
DA:1844,0
DA:1846,0
DA:1864,0
DA:1865,0
DA:1869,0
DA:1870,0
DA:1873,0
DA:1874,0
DA:1876,0
DA:1879,0
DA:1880,0
DA:1881,0
DA:1884,0
DA:1890,0
DA:1891,0
DA:1893,0
DA:1898,0
DA:1899,0
DA:1901,0
DA:1903,0
DA:1904,0
DA:1906,0
DA:1908,0
DA:1909,0
DA:1914,0
DA:1915,0
DA:1916,0
DA:1918,0
DA:1919,0
DA:1920,0
DA:1921,0
DA:1923,0
DA:1924,0
DA:1926,0
DA:1927,0
DA:1933,0
DA:1934,0
DA:1935,0
DA:1936,0
DA:1937,0
DA:1938,0
DA:1939,0
DA:1940,0
DA:1942,0
DA:1943,0
DA:1945,0
DA:1947,0
DA:1949,0
DA:1950,0
DA:1953,0
DA:1954,0
DA:1956,0
DA:1958,0
DA:1959,0
DA:1960,0
DA:1962,0
DA:1963,0
DA:1965,0
DA:1966,0
DA:1968,0
DA:1969,0
DA:1970,0
DA:1972,0
DA:1974,0
DA:1977,0
DA:1979,0
DA:1980,0
DA:1982,0
DA:1986,0
DA:1987,0
DA:1989,0
DA:1991,0
DA:1993,0
DA:1994,0
DA:1996,0
DA:1997,0
DA:1999,0
DA:2000,0
DA:2002,0
DA:2003,0
DA:2006,0
DA:2007,0
DA:2009,0
DA:2018,0
DA:2019,0
DA:2020,0
DA:2021,0
DA:2024,0
DA:2025,0
DA:2026,0
DA:2029,0
DA:2032,0
DA:2035,0
DA:2036,0
DA:2037,0
DA:2039,0
DA:2040,0
DA:2041,0
DA:2044,0
DA:2045,0
DA:2046,0
DA:2048,0
DA:2049,0
DA:2050,0
DA:2051,0
DA:2055,0
DA:2056,0
DA:2057,0
DA:2058,0
DA:2059,0
DA:2060,0
DA:2063,0
DA:2064,0
DA:2065,0
DA:2066,0
DA:2067,0
DA:2068,0
DA:2074,0
DA:2077,0
DA:2081,0
DA:2084,0
DA:2086,0
DA:2092,0
DA:2094,0
DA:2095,0
DA:2096,0
DA:2097,0
DA:2101,0
DA:2102,0
DA:2103,0
DA:2104,0
DA:2106,0
DA:2107,0
DA:2110,0
DA:2111,0
DA:2113,0
DA:2114,0
DA:2115,0
DA:2118,0
DA:2119,0
DA:2120,0
DA:2121,0
DA:2124,0
DA:2125,0
DA:2128,0
DA:2130,0
DA:2135,0
DA:2137,0
DA:2138,0
DA:2141,0
DA:2142,0
DA:2143,0
DA:2146,0
DA:2147,0
DA:2148,0
DA:2154,0
DA:2155,0
DA:2156,0
DA:2157,0
DA:2158,0
DA:2166,0
DA:2167,0
DA:2168,0
DA:2169,0
DA:2171,0
DA:2172,0
DA:2174,0
DA:2175,0
DA:2176,0
DA:2177,0
DA:2179,0
DA:2180,0
DA:2181,0
DA:2182,0
DA:2184,0
DA:2189,0
DA:2190,0
DA:2192,0
DA:2194,0
DA:2201,0
DA:2202,0
DA:2203,0
DA:2204,0
DA:2205,0
DA:2206,0
DA:2214,0
DA:2215,0
DA:2216,0
DA:2219,0
DA:2220,0
DA:2221,0
DA:2222,0
DA:2225,0
DA:2226,0
DA:2227,0
DA:2228,0
DA:2229,0
DA:2231,0
DA:2232,0
DA:2233,0
DA:2234,0
DA:2235,0
DA:2236,0
DA:2237,0
DA:2238,0
DA:2243,0
DA:2244,0
DA:2246,0
DA:2247,0
DA:2251,0
DA:2254,0
DA:2255,0
DA:2294,0
DA:2295,0
DA:2297,0
DA:2298,0
DA:2299,0
DA:2300,0
DA:2301,0
DA:2303,0
DA:2305,0
DA:2362,0
DA:2363,0
DA:2364,0
DA:2365,0
DA:2366,0
DA:2370,0
DA:2372,0
DA:2373,0
DA:2374,0
DA:2386,0
DA:2387,0
DA:2388,0
DA:2389,0
DA:2390,0
DA:2401,0
DA:2402,0
DA:2403,0
DA:2404,0
DA:2405,0
DA:2406,0
DA:2408,0
DA:2410,0
DA:2411,0
DA:2412,0
DA:2413,0
DA:2414,0
DA:2415,0
DA:2416,0
DA:2418,0
DA:2419,0
DA:2420,0
DA:2421,0
DA:2422,0
DA:2423,0
DA:2424,0
DA:2426,0
DA:2427,0
DA:2428,0
DA:2429,0
DA:2430,0
DA:2431,0
DA:2432,0
DA:2434,0
DA:2435,0
DA:2439,0
DA:2440,0
DA:2441,0
DA:2442,0
DA:2444,0
DA:2445,0
DA:2447,0
DA:2448,0
DA:2451,0
DA:2452,0
DA:2454,0
DA:2455,0
DA:2463,0
DA:2464,0
DA:2467,0
DA:2470,0
DA:2471,0
DA:2473,0
DA:2474,0
DA:2475,0
DA:2476,0
DA:2478,0
DA:2561,0
DA:2562,0
DA:2563,0
DA:2565,0
DA:2566,0
DA:2692,0
DA:2693,0
DA:2696,0
DA:2697,0
DA:2698,0
DA:2705,0
DA:2706,0
DA:2709,0
DA:2710,0
DA:2711,0
DA:2712,0
DA:2713,0
DA:2719,0
DA:2720,0
DA:2721,0
DA:2722,0
DA:2724,0
DA:2725,0
DA:2726,0
DA:2730,0
DA:2731,0
DA:2732,0
DA:2742,0
DA:2743,0
DA:2745,0
DA:2748,0
DA:2749,0
DA:2750,0
DA:2751,0
DA:2752,0
DA:2757,0
DA:2758,0
DA:2759,0
DA:2760,0
DA:2767,0
DA:2768,0
DA:2773,0
DA:2774,0
DA:2775,0
DA:2778,0
DA:2779,0
DA:2781,0
DA:2788,0
DA:2789,0
DA:2790,0
DA:2796,0
DA:2797,0
DA:2799,0
DA:2800,0
DA:2801,0
DA:2806,0
DA:2809,0
DA:2810,0
DA:2811,0
DA:2816,0
DA:2821,0
DA:2822,0
DA:2823,0
DA:2830,0
DA:2831,0
DA:2833,0
DA:2834,0
DA:2835,0
DA:2836,0
DA:2838,0
DA:2840,0
DA:2841,0
DA:2842,0
DA:2843,0
DA:2845,0
DA:2846,0
DA:2850,0
DA:2895,0
DA:2896,0
DA:2902,0
DA:2903,0
DA:2906,0
DA:2907,0
DA:2908,0
DA:2910,0
DA:2911,0
DA:2913,0
DA:2915,0
DA:2921,0
DA:2922,0
DA:2924,0
DA:2925,0
DA:2926,0
DA:2927,0
DA:2928,0
DA:2930,0
DA:2931,0
DA:2933,0
DA:2935,0
DA:2942,0
DA:2943,0
DA:2944,0
DA:2946,0
DA:2947,0
DA:2948,0
DA:2950,0
DA:2951,0
DA:2961,0
DA:2962,0
DA:2964,0
DA:2967,0
DA:2968,0
DA:2977,0
DA:2978,0
DA:2979,0
DA:2980,0
DA:2981,0
DA:2982,0
DA:2983,0
DA:2984,0
DA:2985,0
DA:2986,0
DA:2987,0
DA:2988,0
DA:2992,0
DA:2994,0
DA:2996,0
DA:3001,0
DA:3002,0
DA:3003,0
DA:3005,0
DA:3006,0
DA:3007,0
DA:3008,0
DA:3010,0
DA:3013,0
DA:3014,0
DA:3016,0
DA:3018,0
DA:3023,0
DA:3024,0
DA:3025,0
DA:3026,0
DA:3027,0
DA:3028,0
DA:3030,0
DA:3033,0
DA:3034,0
DA:3035,0
DA:3037,0
DA:3076,0
DA:3077,0
DA:3079,0
DA:3080,0
DA:3081,0
DA:3082,0
DA:3083,0
DA:3085,0
DA:3086,0
DA:3087,0
DA:3088,0
DA:3089,0
DA:3090,0
DA:3092,0
DA:3093,0
DA:3094,0
DA:3095,0
DA:3096,0
DA:3097,0
DA:3098,0
DA:3099,0
DA:3100,0
DA:3148,0
DA:3151,0
DA:3152,0
DA:3153,0
DA:3164,0
DA:3166,0
DA:3167,0
DA:3177,0
DA:3180,0
DA:3182,0
DA:3183,0
DA:3186,0
DA:3187,0
DA:3188,0
DA:3189,0
DA:3190,0
DA:3191,0
DA:3192,0
DA:3193,0
DA:3194,0
DA:3195,0
DA:3198,0
DA:3199,0
DA:3200,0
DA:3201,0
DA:3204,0
DA:3205,0
DA:3207,0
DA:3208,0
DA:3209,0
DA:3213,0
DA:3214,0
DA:3215,0
DA:3217,0
DA:3219,0
DA:3220,0
DA:3224,0
DA:3225,0
DA:3226,0
DA:3235,0
end_of_record
SF:/usr/include/c++/9/ostream
end_of_record
SF:/usr/include/c++/9/bits/allocator.h
DA:138,0
DA:141,0
DA:142,0
DA:151,0
DA:153,0
end_of_record
SF:/usr/include/c++/9/ext/alloc_traits.h
DA:97,0
DA:98,0
end_of_record
SF:/workspace/vtr-verilog-to-routing/ODIN_II/SRC/include/odin_buffer.hpp
FN:20,_ZN16dynamic_buffer_t4pushEc
FNDA:0,_ZN16dynamic_buffer_t4pushEc
FN:82,_ZN17buffered_reader_tC2EP8_IO_FILEPKcS3_S3_
FNDA:0,_ZN17buffered_reader_tC2EP8_IO_FILEPKcS3_S3_
FN:110,_ZN17buffered_reader_t8get_lineEv
FNDA:0,_ZN17buffered_reader_t8get_lineEv
DA:20,0
DA:21,0
DA:22,0
DA:23,0
DA:26,0
DA:27,0
DA:28,0
DA:30,0
DA:31,0
DA:32,0
DA:33,0
DA:55,0
DA:56,0
DA:59,0
DA:60,0
DA:63,0
DA:64,0
DA:67,0
DA:68,0
DA:71,0
DA:72,0
DA:75,0
DA:76,0
DA:82,0
DA:83,0
DA:85,0
DA:86,0
DA:87,0
DA:90,0
DA:91,0
DA:92,0
DA:94,0
DA:95,0
DA:98,0
DA:99,0
DA:100,0
DA:101,0
DA:102,0
DA:110,0
DA:111,0
DA:113,0
DA:114,0
DA:116,0
DA:118,0
DA:119,0
DA:120,0
DA:122,0
DA:125,0
DA:126,0
DA:127,0
DA:128,0
DA:130,0
DA:131,0
DA:134,0
DA:136,0
DA:137,0
DA:139,0
DA:140,0
DA:141,0
DA:142,0
DA:143,0
DA:144,0
DA:146,0
DA:148,0
DA:150,0
DA:151,0
DA:152,0
DA:153,0
DA:154,0
DA:155,0
DA:156,0
DA:157,0
DA:161,0
DA:163,0
DA:165,0
DA:168,0
end_of_record
SF:/usr/include/c++/9/bits/stl_function.h
DA:355,0
DA:356,0
end_of_record
SF:/usr/include/c++/9/atomic
DA:80,0
DA:81,0
DA:120,0
DA:121,0
end_of_record
SF:/usr/include/c++/9/bits/cpp_type_traits.h
DA:428,0
end_of_record
SF:/usr/include/c++/9/bits/shared_ptr_base.h
FN:131,_ZNSt16_Sp_counted_baseILN9__gnu_cxx12_Lock_policyE2EE10_M_destroyEv
FNDA:0,_ZNSt16_Sp_counted_baseILN9__gnu_cxx12_Lock_policyE2EE10_M_destroyEv
FN:148,_ZNSt16_Sp_counted_baseILN9__gnu_cxx12_Lock_policyE2EE10_M_releaseEv
FNDA:0,_ZNSt16_Sp_counted_baseILN9__gnu_cxx12_Lock_policyE2EE10_M_releaseEv
FN:404,_ZNSt15_Sp_counted_ptrIDnLN9__gnu_cxx12_Lock_policyE2EE10_M_disposeEv
FNDA:0,_ZNSt15_Sp_counted_ptrIDnLN9__gnu_cxx12_Lock_policyE2EE10_M_disposeEv
FN:552,_ZNSt23_Sp_counted_ptr_inplaceI12AtomicBufferSaIS0_ELN9__gnu_cxx12_Lock_policyE2EED0Ev
FNDA:0,_ZNSt23_Sp_counted_ptr_inplaceI12AtomicBufferSaIS0_ELN9__gnu_cxx12_Lock_policyE2EED0Ev
FN:552,_ZNSt23_Sp_counted_ptr_inplaceI12AtomicBufferSaIS0_ELN9__gnu_cxx12_Lock_policyE2EED2Ev
FNDA:0,_ZNSt23_Sp_counted_ptr_inplaceI12AtomicBufferSaIS0_ELN9__gnu_cxx12_Lock_policyE2EED2Ev
FN:555,_ZNSt23_Sp_counted_ptr_inplaceI12AtomicBufferSaIS0_ELN9__gnu_cxx12_Lock_policyE2EE10_M_disposeEv
FNDA:0,_ZNSt23_Sp_counted_ptr_inplaceI12AtomicBufferSaIS0_ELN9__gnu_cxx12_Lock_policyE2EE10_M_disposeEv
FN:562,_ZNSt23_Sp_counted_ptr_inplaceI12AtomicBufferSaIS0_ELN9__gnu_cxx12_Lock_policyE2EE10_M_destroyEv
FNDA:0,_ZNSt23_Sp_counted_ptr_inplaceI12AtomicBufferSaIS0_ELN9__gnu_cxx12_Lock_policyE2EE10_M_destroyEv
FN:575,_ZNSt23_Sp_counted_ptr_inplaceI12AtomicBufferSaIS0_ELN9__gnu_cxx12_Lock_policyE2EE14_M_get_deleterERKSt9type_info
FNDA:0,_ZNSt23_Sp_counted_ptr_inplaceI12AtomicBufferSaIS0_ELN9__gnu_cxx12_Lock_policyE2EE14_M_get_deleterERKSt9type_info
FN:672,_ZNSt14__shared_countILN9__gnu_cxx12_Lock_policyE2EEC2I12AtomicBufferSaIS4_EJaEEERPT_St20_Sp_alloc_shared_tagIT0_EDpOT1_
FNDA:0,_ZNSt14__shared_countILN9__gnu_cxx12_Lock_policyE2EEC2I12AtomicBufferSaIS4_EJaEEERPT_St20_Sp_alloc_shared_tagIT0_EDpOT1_
DA:117,0
DA:118,0
DA:121,0
DA:131,0
DA:132,0
DA:148,0
DA:152,0
DA:155,0
DA:167,0
DA:171,0
DA:174,0
DA:404,0
DA:412,0
DA:414,0
DA:418,0
DA:508,0
DA:510,0
DA:511,0
DA:526,0
DA:531,0
DA:533,0
DA:543,0
DA:544,0
DA:548,0
DA:552,0
DA:552,0
DA:552,0
DA:555,0
DA:557,0
DA:558,0
DA:562,0
DA:564,0
DA:565,0
DA:566,0
DA:567,0
DA:575,0
DA:577,0
DA:583,0
DA:585,0
DA:590,0
DA:594,0
DA:616,0
DA:672,0
DA:676,0
DA:677,0
DA:678,0
DA:679,0
DA:680,0
DA:681,0
DA:682,0
DA:683,0
DA:684,0
DA:727,0
DA:729,0
DA:730,0
DA:756,0
DA:758,0
DA:759,0
DA:1012,0
DA:1015,0
DA:1020,0
DA:1021,0
DA:1080,0
DA:1169,0
DA:1176,0
DA:1177,0
DA:1179,0
DA:1180,0
DA:1263,0
DA:1265,0
DA:1309,0
DA:1312,0
DA:1324,0
DA:1326,0
DA:1327,0
DA:1343,0
DA:1344,0
DA:1345,0
DA:1388,0
end_of_record
SF:/usr/include/c++/9/tuple
DA:76,0
DA:113,0
DA:122,0
DA:125,0
DA:126,0
DA:132,0
DA:133,0
DA:160,0
DA:195,0
DA:201,0
DA:206,0
DA:207,0
DA:216,0
DA:218,0
DA:227,0
DA:230,0
DA:231,0
DA:334,0
DA:339,0
DA:340,0
DA:348,0
DA:349,0
DA:358,0
DA:360,0
DA:626,0
DA:627,0
DA:642,0
DA:918,0
DA:919,0
DA:1309,0
DA:1310,0
DA:1320,0
DA:1321,0
DA:1332,0
DA:1335,0
end_of_record
TN:
SF:/usr/include/x86_64-linux-gnu/bits/string_fortified.h
DA:31,0
DA:34,0
DA:59,0
DA:71,0
end_of_record
SF:/workspace/vtr-verilog-to-routing/ODIN_II/SRC/string_cache.cpp
FN:15,_Z11string_hashP12STRING_CACHEPKc
FNDA:0,_Z11string_hashP12STRING_CACHEPKc
FN:27,_Z16generate_sc_hashP12STRING_CACHE
FNDA:0,_Z16generate_sc_hashP12STRING_CACHE
FN:48,_Z19sc_new_string_cachev
FNDA:0,_Z19sc_new_string_cachev
FN:65,_Z16sc_lookup_stringP12STRING_CACHEPKc
FNDA:0,_Z16sc_lookup_stringP12STRING_CACHEPKc
FN:83,_Z16sc_remove_stringP12STRING_CACHEPKc
FNDA:0,_Z16sc_remove_stringP12STRING_CACHEPKc
FN:107,_Z13sc_add_stringP12STRING_CACHEPKc
FNDA:0,_Z13sc_add_stringP12STRING_CACHEPKc
FN:143,_Z11sc_valid_idP12STRING_CACHEl
FNDA:0,_Z11sc_valid_idP12STRING_CACHEl
FN:152,_Z11sc_do_allocll
FNDA:0,_Z11sc_do_allocll
FN:170,_Z20sc_free_string_cacheP12STRING_CACHE
FNDA:0,_Z20sc_free_string_cacheP12STRING_CACHE
FN:205,_Z21sc_merge_string_cachePP12STRING_CACHES0_
FNDA:0,_Z21sc_merge_string_cachePP12STRING_CACHES0_
DA:15,0
DA:17,0
DA:19,0
DA:20,0
DA:21,0
DA:22,0
DA:23,0
DA:24,0
DA:27,0
DA:28,0
DA:29,0
DA:31,0
DA:32,0
DA:33,0
DA:34,0
DA:35,0
DA:36,0
DA:37,0
DA:38,0
DA:39,0
DA:40,0
DA:41,0
DA:42,0
DA:43,0
DA:45,0
DA:48,0
DA:49,0
DA:51,0
DA:52,0
DA:53,0
DA:54,0
DA:55,0
DA:56,0
DA:57,0
DA:58,0
DA:59,0
DA:60,0
DA:61,0
DA:62,0
DA:65,0
DA:67,0
DA:69,0
DA:72,0
DA:73,0
DA:74,0
DA:75,0
DA:76,0
DA:77,0
DA:83,0
DA:85,0
DA:87,0
DA:88,0
DA:89,0
DA:90,0
DA:91,0
DA:92,0
DA:93,0
DA:94,0
DA:95,0
DA:97,0
DA:98,0
DA:100,0
DA:107,0
DA:109,0
DA:110,0
DA:111,0
DA:113,0
DA:114,0
DA:116,0
DA:117,0
DA:119,0
DA:120,0
DA:121,0
DA:122,0
DA:123,0
DA:125,0
DA:126,0
DA:127,0
DA:128,0
DA:129,0
DA:131,0
DA:133,0
DA:134,0
DA:135,0
DA:136,0
DA:137,0
DA:138,0
DA:139,0
DA:140,0
DA:143,0
DA:145,0
DA:147,0
DA:148,0
DA:152,0
DA:154,0
DA:156,0
DA:158,0
DA:160,0
DA:161,0
DA:162,0
DA:165,0
DA:167,0
DA:170,0
DA:171,0
DA:172,0
DA:173,0
DA:174,0
DA:175,0
DA:177,0
DA:179,0
DA:181,0
DA:183,0
DA:184,0
DA:186,0
DA:188,0
DA:189,0
DA:191,0
DA:193,0
DA:194,0
DA:196,0
DA:198,0
DA:200,0
DA:202,0
DA:205,0
DA:206,0
DA:207,0
DA:208,0
DA:209,0
DA:211,0
DA:215,0
DA:216,0
DA:217,0
end_of_record
SF:/usr/include/x86_64-linux-gnu/bits/stdio2.h
DA:98,0
DA:100,0
end_of_record
TN:
SF:/usr/include/x86_64-linux-gnu/bits/stdio2.h
DA:105,0
DA:107,0
end_of_record
SF:/usr/include/c++/9/iostream
end_of_record
SF:/workspace/vtr-verilog-to-routing/ODIN_II/SRC/subtractions.cpp
FN:58,_Z23report_sub_distributionv
FNDA:0,_Z23report_sub_distributionv
FN:82,_Z26declare_hard_adder_for_subP7nnode_t
FNDA:0,_Z26declare_hard_adder_for_subP7nnode_t
FN:117,_Z34instantiate_hard_adder_subtractionP7nnode_tsP9netlist_t
FNDA:0,_Z34instantiate_hard_adder_subtractionP7nnode_tsP9netlist_t
FN:160,_Z24init_split_adder_for_subP7nnode_tS0_iiiiiiii
FNDA:0,_Z24init_split_adder_for_subP7nnode_tS0_iiiiiiii
FN:326,_Z19split_adder_for_subP7nnode_tiiiiiiiP9netlist_t
FNDA:0,_Z19split_adder_for_subP7nnode_tiiiiiiiP9netlist_t
FN:577,_Z22iterate_adders_for_subP9netlist_t
FNDA:0,_Z22iterate_adders_for_subP9netlist_t
FN:646,_Z20clean_adders_for_subv
FNDA:0,_Z20clean_adders_for_subv
DA:58,0
DA:59,0
DA:62,0
DA:63,0
DA:64,0
DA:65,0
DA:67,0
DA:68,0
DA:70,0
DA:71,0
DA:73,0
DA:74,0
DA:82,0
DA:83,0
DA:84,0
DA:87,0
DA:88,0
DA:90,0
DA:91,0
DA:92,0
DA:93,0
DA:95,0
DA:96,0
DA:99,0
DA:103,0
DA:104,0
DA:105,0
DA:106,0
DA:107,0
DA:108,0
DA:109,0
DA:110,0
DA:111,0
DA:117,0
DA:118,0
DA:119,0
DA:121,0
DA:124,0
DA:125,0
DA:126,0
DA:130,0
DA:134,0
DA:135,0
DA:138,0
DA:139,0
DA:142,0
DA:143,0
DA:144,0
DA:145,0
DA:146,0
DA:147,0
DA:151,0
DA:152,0
DA:160,0
DA:161,0
DA:162,0
DA:163,0
DA:164,0
DA:165,0
DA:170,0
DA:173,0
DA:174,0
DA:175,0
DA:176,0
DA:179,0
DA:180,0
DA:181,0
DA:182,0
DA:184,0
DA:188,0
DA:189,0
DA:190,0
DA:194,0
DA:197,0
DA:198,0
DA:201,0
DA:205,0
DA:206,0
DA:207,0
DA:208,0
DA:209,0
DA:210,0
DA:211,0
DA:212,0
DA:215,0
DA:216,0
DA:218,0
DA:221,0
DA:222,0
DA:225,0
DA:226,0
DA:227,0
DA:228,0
DA:229,0
DA:230,0
DA:231,0
DA:232,0
DA:233,0
DA:234,0
DA:235,0
DA:236,0
DA:237,0
DA:238,0
DA:240,0
DA:241,0
DA:244,0
DA:245,0
DA:246,0
DA:247,0
DA:249,0
DA:250,0
DA:253,0
DA:254,0
DA:255,0
DA:256,0
DA:257,0
DA:258,0
DA:259,0
DA:260,0
DA:264,0
DA:265,0
DA:266,0
DA:267,0
DA:271,0
DA:272,0
DA:273,0
DA:274,0
DA:275,0
DA:278,0
DA:279,0
DA:280,0
DA:281,0
DA:282,0
DA:288,0
DA:289,0
DA:292,0
DA:293,0
DA:297,0
DA:298,0
DA:299,0
DA:301,0
DA:303,0
DA:304,0
DA:305,0
DA:306,0
DA:308,0
DA:326,0
DA:327,0
DA:328,0
DA:329,0
DA:330,0
DA:331,0
DA:332,0
DA:337,0
DA:340,0
DA:341,0
DA:342,0
DA:344,0
DA:345,0
DA:348,0
DA:349,0
DA:351,0
DA:352,0
DA:353,0
DA:354,0
DA:355,0
DA:357,0
DA:358,0
DA:361,0
DA:362,0
DA:363,0
DA:364,0
DA:365,0
DA:366,0
DA:367,0
DA:369,0
DA:373,0
DA:374,0
DA:377,0
DA:379,0
DA:380,0
DA:383,0
DA:384,0
DA:388,0
DA:391,0
DA:394,0
DA:396,0
DA:397,0
DA:399,0
DA:400,0
DA:401,0
DA:402,0
DA:404,0
DA:405,0
DA:408,0
DA:409,0
DA:410,0
DA:411,0
DA:412,0
DA:413,0
DA:414,0
DA:415,0
DA:417,0
DA:420,0
DA:421,0
DA:424,0
DA:425,0
DA:428,0
DA:429,0
DA:430,0
DA:431,0
DA:432,0
DA:433,0
DA:434,0
DA:435,0
DA:437,0
DA:441,0
DA:442,0
DA:443,0
DA:446,0
DA:447,0
DA:450,0
DA:451,0
DA:452,0
DA:453,0
DA:454,0
DA:455,0
DA:456,0
DA:457,0
DA:459,0
DA:463,0
DA:464,0
DA:465,0
DA:466,0
DA:467,0
DA:468,0
DA:469,0
DA:470,0
DA:471,0
DA:473,0
DA:479,0
DA:481,0
DA:482,0
DA:484,0
DA:485,0
DA:489,0
DA:490,0
DA:492,0
DA:496,0
DA:497,0
DA:498,0
DA:499,0
DA:500,0
DA:501,0
DA:503,0
DA:509,0
DA:510,0
DA:512,0
DA:513,0
DA:514,0
DA:515,0
DA:517,0
DA:519,0
DA:523,0
DA:524,0
DA:525,0
DA:527,0
DA:529,0
DA:534,0
DA:536,0
DA:537,0
DA:538,0
DA:539,0
DA:541,0
DA:543,0
DA:548,0
DA:550,0
DA:555,0
DA:556,0
DA:557,0
DA:560,0
DA:561,0
DA:562,0
DA:563,0
DA:564,0
DA:565,0
DA:577,0
DA:578,0
DA:579,0
DA:580,0
DA:581,0
DA:582,0
DA:584,0
DA:587,0
DA:591,0
DA:592,0
DA:593,0
DA:595,0
DA:597,0
DA:598,0
DA:599,0
DA:601,0
DA:602,0
DA:604,0
DA:605,0
DA:606,0
DA:609,0
DA:611,0
DA:613,0
DA:614,0
DA:616,0
DA:618,0
DA:619,0
DA:621,0
DA:623,0
DA:627,0
DA:629,0
DA:633,0
DA:646,0
DA:647,0
DA:648,0
DA:649,0
DA:650,0
DA:651,0
end_of_record
